ARM GAS  C:\Users\Tri94\AppData\Local\Temp\ccGxwshh.s 			page 1


   1              		.syntax unified
   2              		.cpu cortex-m3
   3              		.fpu softvfp
   4              		.eabi_attribute 20, 1
   5              		.eabi_attribute 21, 1
   6              		.eabi_attribute 23, 3
   7              		.eabi_attribute 24, 1
   8              		.eabi_attribute 25, 1
   9              		.eabi_attribute 26, 1
  10              		.eabi_attribute 30, 1
  11              		.eabi_attribute 34, 1
  12              		.eabi_attribute 18, 4
  13              		.thumb
  14              		.syntax unified
  15              		.file	"main.c"
  16              		.text
  17              	.Ltext0:
  18              		.cfi_sections	.debug_frame
  19              		.section	.text.main,"ax",%progbits
  20              		.align	2
  21              		.global	main
  22              		.thumb
  23              		.thumb_func
  24              		.type	main, %function
  25              	main:
  26              	.LFB64:
  27              		.file 1 "main.c"
   1:main.c        **** /* ========================================
   2:main.c        ****  *
   3:main.c        ****  * Copyright YOUR COMPANY, THE YEAR
   4:main.c        ****  * All Rights Reserved
   5:main.c        ****  * UNPUBLISHED, LICENSED SOFTWARE.
   6:main.c        ****  *
   7:main.c        ****  * CONFIDENTIAL AND PROPRIETARY INFORMATION
   8:main.c        ****  * WHICH IS THE PROPERTY OF your company.
   9:main.c        ****  *
  10:main.c        ****  * ========================================
  11:main.c        **** */
  12:main.c        **** #include "project.h"
  13:main.c        **** #include <stdio.h>
  14:main.c        **** #include <stdlib.h>
  15:main.c        **** #include <stdint.h>
  16:main.c        **** #include <stdbool.h>
  17:main.c        **** 
  18:main.c        **** int main(void)
  19:main.c        **** {
  28              		.loc 1 19 0
  29              		.cfi_startproc
  30              		@ args = 0, pretend = 0, frame = 0
  31              		@ frame_needed = 0, uses_anonymous_args = 0
  32 0000 08B5     		push	{r3, lr}
  33              		.cfi_def_cfa_offset 8
  34              		.cfi_offset 3, -8
  35              		.cfi_offset 14, -4
  20:main.c        ****     CyGlobalIntEnable; /* Enable global interrupts. */
  36              		.loc 1 20 0
  37              		.syntax unified
ARM GAS  C:\Users\Tri94\AppData\Local\Temp\ccGxwshh.s 			page 2


  38              	@ 20 "main.c" 1
  39 0002 62B6     		CPSIE   i
  40              	@ 0 "" 2
  21:main.c        **** 
  22:main.c        ****     /* Place your initialization/startup code here (e.g. MyInst_Start()) */
  23:main.c        ****     char ch;
  24:main.c        ****     UART_Start();
  41              		.loc 1 24 0
  42              		.thumb
  43              		.syntax unified
  44 0004 FFF7FEFF 		bl	UART_Start
  45              	.LVL0:
  46              	.L2:
  25:main.c        ****     
  26:main.c        ****     for(;;)
  27:main.c        ****     {
  28:main.c        ****         /* Place your application code here. */
  29:main.c        ****         ch = UART_GetChar();
  47              		.loc 1 29 0
  48 0008 FFF7FEFF 		bl	UART_GetChar
  49              	.LVL1:
  30:main.c        ****         if ( ch == '0'){
  50              		.loc 1 30 0
  51 000c 3028     		cmp	r0, #48
  52 000e 06D1     		bne	.L3
  31:main.c        ****             LED_Write(0);
  53              		.loc 1 31 0
  54 0010 0020     		movs	r0, #0
  55              	.LVL2:
  56 0012 FFF7FEFF 		bl	LED_Write
  57              	.LVL3:
  32:main.c        ****             UART_PutString("LED OFF \r\n");
  58              		.loc 1 32 0
  59 0016 0648     		ldr	r0, .L6
  60 0018 FFF7FEFF 		bl	UART_PutString
  61              	.LVL4:
  62 001c F4E7     		b	.L2
  63              	.LVL5:
  64              	.L3:
  33:main.c        ****         } 
  34:main.c        ****         else if ( ch == '1'){
  65              		.loc 1 34 0
  66 001e 3128     		cmp	r0, #49
  67 0020 F2D1     		bne	.L2
  35:main.c        ****             LED_Write(1);
  68              		.loc 1 35 0
  69 0022 0120     		movs	r0, #1
  70              	.LVL6:
  71 0024 FFF7FEFF 		bl	LED_Write
  72              	.LVL7:
  36:main.c        ****             UART_PutString("LED ON \r\n");
  73              		.loc 1 36 0
  74 0028 0248     		ldr	r0, .L6+4
  75 002a FFF7FEFF 		bl	UART_PutString
  76              	.LVL8:
  77 002e EBE7     		b	.L2
  78              	.L7:
ARM GAS  C:\Users\Tri94\AppData\Local\Temp\ccGxwshh.s 			page 3


  79              		.align	2
  80              	.L6:
  81 0030 00000000 		.word	.LC0
  82 0034 0C000000 		.word	.LC1
  83              		.cfi_endproc
  84              	.LFE64:
  85              		.size	main, .-main
  86              		.section	.rodata.str1.4,"aMS",%progbits,1
  87              		.align	2
  88              	.LC0:
  89 0000 4C454420 		.ascii	"LED OFF \015\012\000"
  89      4F464620 
  89      0D0A00
  90 000b 00       		.space	1
  91              	.LC1:
  92 000c 4C454420 		.ascii	"LED ON \015\012\000"
  92      4F4E200D 
  92      0A00
  93              		.text
  94              	.Letext0:
  95              		.file 2 "c:\\program files (x86)\\cypress\\psoc creator\\4.2\\psoc creator\\import\\gnu\\arm\\5.4.
  96              		.file 3 "c:\\program files (x86)\\cypress\\psoc creator\\4.2\\psoc creator\\import\\gnu\\arm\\5.4.
  97              		.file 4 "Generated_Source\\PSoC5/UART.h"
  98              		.file 5 "Generated_Source\\PSoC5/LED.h"
  99              		.file 6 "Generated_Source\\PSoC5/core_cm3.h"
 100              		.section	.debug_info,"",%progbits
 101              	.Ldebug_info0:
 102 0000 68010000 		.4byte	0x168
 103 0004 0400     		.2byte	0x4
 104 0006 00000000 		.4byte	.Ldebug_abbrev0
 105 000a 04       		.byte	0x4
 106 000b 01       		.uleb128 0x1
 107 000c 3A000000 		.4byte	.LASF20
 108 0010 0C       		.byte	0xc
 109 0011 2E000000 		.4byte	.LASF21
 110 0015 36010000 		.4byte	.LASF22
 111 0019 00000000 		.4byte	.Ldebug_ranges0+0
 112 001d 00000000 		.4byte	0
 113 0021 00000000 		.4byte	.Ldebug_line0
 114 0025 02       		.uleb128 0x2
 115 0026 01       		.byte	0x1
 116 0027 06       		.byte	0x6
 117 0028 8D010000 		.4byte	.LASF0
 118 002c 02       		.uleb128 0x2
 119 002d 01       		.byte	0x1
 120 002e 08       		.byte	0x8
 121 002f 06010000 		.4byte	.LASF1
 122 0033 02       		.uleb128 0x2
 123 0034 02       		.byte	0x2
 124 0035 05       		.byte	0x5
 125 0036 B5010000 		.4byte	.LASF2
 126 003a 02       		.uleb128 0x2
 127 003b 02       		.byte	0x2
 128 003c 07       		.byte	0x7
 129 003d 0E000000 		.4byte	.LASF3
 130 0041 03       		.uleb128 0x3
 131 0042 A5010000 		.4byte	.LASF9
ARM GAS  C:\Users\Tri94\AppData\Local\Temp\ccGxwshh.s 			page 4


 132 0046 02       		.byte	0x2
 133 0047 3F       		.byte	0x3f
 134 0048 4C000000 		.4byte	0x4c
 135 004c 02       		.uleb128 0x2
 136 004d 04       		.byte	0x4
 137 004e 05       		.byte	0x5
 138 004f 26010000 		.4byte	.LASF4
 139 0053 02       		.uleb128 0x2
 140 0054 04       		.byte	0x4
 141 0055 07       		.byte	0x7
 142 0056 D2000000 		.4byte	.LASF5
 143 005a 02       		.uleb128 0x2
 144 005b 08       		.byte	0x8
 145 005c 05       		.byte	0x5
 146 005d 00000000 		.4byte	.LASF6
 147 0061 02       		.uleb128 0x2
 148 0062 08       		.byte	0x8
 149 0063 07       		.byte	0x7
 150 0064 E4000000 		.4byte	.LASF7
 151 0068 04       		.uleb128 0x4
 152 0069 04       		.byte	0x4
 153 006a 05       		.byte	0x5
 154 006b 696E7400 		.ascii	"int\000"
 155 006f 02       		.uleb128 0x2
 156 0070 04       		.byte	0x4
 157 0071 07       		.byte	0x7
 158 0072 21000000 		.4byte	.LASF8
 159 0076 03       		.uleb128 0x3
 160 0077 BF010000 		.4byte	.LASF10
 161 007b 03       		.byte	0x3
 162 007c 2C       		.byte	0x2c
 163 007d 41000000 		.4byte	0x41
 164 0081 02       		.uleb128 0x2
 165 0082 04       		.byte	0x4
 166 0083 04       		.byte	0x4
 167 0084 AF010000 		.4byte	.LASF11
 168 0088 02       		.uleb128 0x2
 169 0089 08       		.byte	0x8
 170 008a 04       		.byte	0x4
 171 008b 2F010000 		.4byte	.LASF12
 172 008f 02       		.uleb128 0x2
 173 0090 01       		.byte	0x1
 174 0091 08       		.byte	0x8
 175 0092 14010000 		.4byte	.LASF13
 176 0096 02       		.uleb128 0x2
 177 0097 08       		.byte	0x8
 178 0098 04       		.byte	0x4
 179 0099 99010000 		.4byte	.LASF14
 180 009d 02       		.uleb128 0x2
 181 009e 04       		.byte	0x4
 182 009f 07       		.byte	0x7
 183 00a0 C7010000 		.4byte	.LASF15
 184 00a4 05       		.uleb128 0x5
 185 00a5 35000000 		.4byte	.LASF23
 186 00a9 01       		.byte	0x1
 187 00aa 12       		.byte	0x12
 188 00ab 68000000 		.4byte	0x68
ARM GAS  C:\Users\Tri94\AppData\Local\Temp\ccGxwshh.s 			page 5


 189 00af 00000000 		.4byte	.LFB64
 190 00b3 38000000 		.4byte	.LFE64-.LFB64
 191 00b7 01       		.uleb128 0x1
 192 00b8 9C       		.byte	0x9c
 193 00b9 2E010000 		.4byte	0x12e
 194 00bd 06       		.uleb128 0x6
 195 00be 636800   		.ascii	"ch\000"
 196 00c1 01       		.byte	0x1
 197 00c2 17       		.byte	0x17
 198 00c3 8F000000 		.4byte	0x8f
 199 00c7 00000000 		.4byte	.LLST0
 200 00cb 07       		.uleb128 0x7
 201 00cc 08000000 		.4byte	.LVL0
 202 00d0 3F010000 		.4byte	0x13f
 203 00d4 07       		.uleb128 0x7
 204 00d5 0C000000 		.4byte	.LVL1
 205 00d9 4A010000 		.4byte	0x14a
 206 00dd 08       		.uleb128 0x8
 207 00de 16000000 		.4byte	.LVL3
 208 00e2 55010000 		.4byte	0x155
 209 00e6 F0000000 		.4byte	0xf0
 210 00ea 09       		.uleb128 0x9
 211 00eb 01       		.uleb128 0x1
 212 00ec 50       		.byte	0x50
 213 00ed 01       		.uleb128 0x1
 214 00ee 30       		.byte	0x30
 215 00ef 00       		.byte	0
 216 00f0 08       		.uleb128 0x8
 217 00f1 1C000000 		.4byte	.LVL4
 218 00f5 60010000 		.4byte	0x160
 219 00f9 07010000 		.4byte	0x107
 220 00fd 09       		.uleb128 0x9
 221 00fe 01       		.uleb128 0x1
 222 00ff 50       		.byte	0x50
 223 0100 05       		.uleb128 0x5
 224 0101 03       		.byte	0x3
 225 0102 00000000 		.4byte	.LC0
 226 0106 00       		.byte	0
 227 0107 08       		.uleb128 0x8
 228 0108 28000000 		.4byte	.LVL7
 229 010c 55010000 		.4byte	0x155
 230 0110 1A010000 		.4byte	0x11a
 231 0114 09       		.uleb128 0x9
 232 0115 01       		.uleb128 0x1
 233 0116 50       		.byte	0x50
 234 0117 01       		.uleb128 0x1
 235 0118 31       		.byte	0x31
 236 0119 00       		.byte	0
 237 011a 0A       		.uleb128 0xa
 238 011b 2E000000 		.4byte	.LVL8
 239 011f 60010000 		.4byte	0x160
 240 0123 09       		.uleb128 0x9
 241 0124 01       		.uleb128 0x1
 242 0125 50       		.byte	0x50
 243 0126 05       		.uleb128 0x5
 244 0127 03       		.byte	0x3
 245 0128 0C000000 		.4byte	.LC1
ARM GAS  C:\Users\Tri94\AppData\Local\Temp\ccGxwshh.s 			page 6


 246 012c 00       		.byte	0
 247 012d 00       		.byte	0
 248 012e 0B       		.uleb128 0xb
 249 012f 80010000 		.4byte	.LASF24
 250 0133 06       		.byte	0x6
 251 0134 1207     		.2byte	0x712
 252 0136 3A010000 		.4byte	0x13a
 253 013a 0C       		.uleb128 0xc
 254 013b 76000000 		.4byte	0x76
 255 013f 0D       		.uleb128 0xd
 256 0140 FB000000 		.4byte	.LASF16
 257 0144 FB000000 		.4byte	.LASF16
 258 0148 04       		.byte	0x4
 259 0149 54       		.byte	0x54
 260 014a 0D       		.uleb128 0xd
 261 014b 19010000 		.4byte	.LASF17
 262 014f 19010000 		.4byte	.LASF17
 263 0153 04       		.byte	0x4
 264 0154 71       		.byte	0x71
 265 0155 0D       		.uleb128 0xd
 266 0156 C8000000 		.4byte	.LASF18
 267 015a C8000000 		.4byte	.LASF18
 268 015e 05       		.byte	0x5
 269 015f 26       		.byte	0x26
 270 0160 0D       		.uleb128 0xd
 271 0161 71010000 		.4byte	.LASF19
 272 0165 71010000 		.4byte	.LASF19
 273 0169 04       		.byte	0x4
 274 016a 8B       		.byte	0x8b
 275 016b 00       		.byte	0
 276              		.section	.debug_abbrev,"",%progbits
 277              	.Ldebug_abbrev0:
 278 0000 01       		.uleb128 0x1
 279 0001 11       		.uleb128 0x11
 280 0002 01       		.byte	0x1
 281 0003 25       		.uleb128 0x25
 282 0004 0E       		.uleb128 0xe
 283 0005 13       		.uleb128 0x13
 284 0006 0B       		.uleb128 0xb
 285 0007 03       		.uleb128 0x3
 286 0008 0E       		.uleb128 0xe
 287 0009 1B       		.uleb128 0x1b
 288 000a 0E       		.uleb128 0xe
 289 000b 55       		.uleb128 0x55
 290 000c 17       		.uleb128 0x17
 291 000d 11       		.uleb128 0x11
 292 000e 01       		.uleb128 0x1
 293 000f 10       		.uleb128 0x10
 294 0010 17       		.uleb128 0x17
 295 0011 00       		.byte	0
 296 0012 00       		.byte	0
 297 0013 02       		.uleb128 0x2
 298 0014 24       		.uleb128 0x24
 299 0015 00       		.byte	0
 300 0016 0B       		.uleb128 0xb
 301 0017 0B       		.uleb128 0xb
 302 0018 3E       		.uleb128 0x3e
ARM GAS  C:\Users\Tri94\AppData\Local\Temp\ccGxwshh.s 			page 7


 303 0019 0B       		.uleb128 0xb
 304 001a 03       		.uleb128 0x3
 305 001b 0E       		.uleb128 0xe
 306 001c 00       		.byte	0
 307 001d 00       		.byte	0
 308 001e 03       		.uleb128 0x3
 309 001f 16       		.uleb128 0x16
 310 0020 00       		.byte	0
 311 0021 03       		.uleb128 0x3
 312 0022 0E       		.uleb128 0xe
 313 0023 3A       		.uleb128 0x3a
 314 0024 0B       		.uleb128 0xb
 315 0025 3B       		.uleb128 0x3b
 316 0026 0B       		.uleb128 0xb
 317 0027 49       		.uleb128 0x49
 318 0028 13       		.uleb128 0x13
 319 0029 00       		.byte	0
 320 002a 00       		.byte	0
 321 002b 04       		.uleb128 0x4
 322 002c 24       		.uleb128 0x24
 323 002d 00       		.byte	0
 324 002e 0B       		.uleb128 0xb
 325 002f 0B       		.uleb128 0xb
 326 0030 3E       		.uleb128 0x3e
 327 0031 0B       		.uleb128 0xb
 328 0032 03       		.uleb128 0x3
 329 0033 08       		.uleb128 0x8
 330 0034 00       		.byte	0
 331 0035 00       		.byte	0
 332 0036 05       		.uleb128 0x5
 333 0037 2E       		.uleb128 0x2e
 334 0038 01       		.byte	0x1
 335 0039 3F       		.uleb128 0x3f
 336 003a 19       		.uleb128 0x19
 337 003b 03       		.uleb128 0x3
 338 003c 0E       		.uleb128 0xe
 339 003d 3A       		.uleb128 0x3a
 340 003e 0B       		.uleb128 0xb
 341 003f 3B       		.uleb128 0x3b
 342 0040 0B       		.uleb128 0xb
 343 0041 27       		.uleb128 0x27
 344 0042 19       		.uleb128 0x19
 345 0043 49       		.uleb128 0x49
 346 0044 13       		.uleb128 0x13
 347 0045 8701     		.uleb128 0x87
 348 0047 19       		.uleb128 0x19
 349 0048 11       		.uleb128 0x11
 350 0049 01       		.uleb128 0x1
 351 004a 12       		.uleb128 0x12
 352 004b 06       		.uleb128 0x6
 353 004c 40       		.uleb128 0x40
 354 004d 18       		.uleb128 0x18
 355 004e 9742     		.uleb128 0x2117
 356 0050 19       		.uleb128 0x19
 357 0051 01       		.uleb128 0x1
 358 0052 13       		.uleb128 0x13
 359 0053 00       		.byte	0
ARM GAS  C:\Users\Tri94\AppData\Local\Temp\ccGxwshh.s 			page 8


 360 0054 00       		.byte	0
 361 0055 06       		.uleb128 0x6
 362 0056 34       		.uleb128 0x34
 363 0057 00       		.byte	0
 364 0058 03       		.uleb128 0x3
 365 0059 08       		.uleb128 0x8
 366 005a 3A       		.uleb128 0x3a
 367 005b 0B       		.uleb128 0xb
 368 005c 3B       		.uleb128 0x3b
 369 005d 0B       		.uleb128 0xb
 370 005e 49       		.uleb128 0x49
 371 005f 13       		.uleb128 0x13
 372 0060 02       		.uleb128 0x2
 373 0061 17       		.uleb128 0x17
 374 0062 00       		.byte	0
 375 0063 00       		.byte	0
 376 0064 07       		.uleb128 0x7
 377 0065 898201   		.uleb128 0x4109
 378 0068 00       		.byte	0
 379 0069 11       		.uleb128 0x11
 380 006a 01       		.uleb128 0x1
 381 006b 31       		.uleb128 0x31
 382 006c 13       		.uleb128 0x13
 383 006d 00       		.byte	0
 384 006e 00       		.byte	0
 385 006f 08       		.uleb128 0x8
 386 0070 898201   		.uleb128 0x4109
 387 0073 01       		.byte	0x1
 388 0074 11       		.uleb128 0x11
 389 0075 01       		.uleb128 0x1
 390 0076 31       		.uleb128 0x31
 391 0077 13       		.uleb128 0x13
 392 0078 01       		.uleb128 0x1
 393 0079 13       		.uleb128 0x13
 394 007a 00       		.byte	0
 395 007b 00       		.byte	0
 396 007c 09       		.uleb128 0x9
 397 007d 8A8201   		.uleb128 0x410a
 398 0080 00       		.byte	0
 399 0081 02       		.uleb128 0x2
 400 0082 18       		.uleb128 0x18
 401 0083 9142     		.uleb128 0x2111
 402 0085 18       		.uleb128 0x18
 403 0086 00       		.byte	0
 404 0087 00       		.byte	0
 405 0088 0A       		.uleb128 0xa
 406 0089 898201   		.uleb128 0x4109
 407 008c 01       		.byte	0x1
 408 008d 11       		.uleb128 0x11
 409 008e 01       		.uleb128 0x1
 410 008f 31       		.uleb128 0x31
 411 0090 13       		.uleb128 0x13
 412 0091 00       		.byte	0
 413 0092 00       		.byte	0
 414 0093 0B       		.uleb128 0xb
 415 0094 34       		.uleb128 0x34
 416 0095 00       		.byte	0
ARM GAS  C:\Users\Tri94\AppData\Local\Temp\ccGxwshh.s 			page 9


 417 0096 03       		.uleb128 0x3
 418 0097 0E       		.uleb128 0xe
 419 0098 3A       		.uleb128 0x3a
 420 0099 0B       		.uleb128 0xb
 421 009a 3B       		.uleb128 0x3b
 422 009b 05       		.uleb128 0x5
 423 009c 49       		.uleb128 0x49
 424 009d 13       		.uleb128 0x13
 425 009e 3F       		.uleb128 0x3f
 426 009f 19       		.uleb128 0x19
 427 00a0 3C       		.uleb128 0x3c
 428 00a1 19       		.uleb128 0x19
 429 00a2 00       		.byte	0
 430 00a3 00       		.byte	0
 431 00a4 0C       		.uleb128 0xc
 432 00a5 35       		.uleb128 0x35
 433 00a6 00       		.byte	0
 434 00a7 49       		.uleb128 0x49
 435 00a8 13       		.uleb128 0x13
 436 00a9 00       		.byte	0
 437 00aa 00       		.byte	0
 438 00ab 0D       		.uleb128 0xd
 439 00ac 2E       		.uleb128 0x2e
 440 00ad 00       		.byte	0
 441 00ae 3F       		.uleb128 0x3f
 442 00af 19       		.uleb128 0x19
 443 00b0 3C       		.uleb128 0x3c
 444 00b1 19       		.uleb128 0x19
 445 00b2 6E       		.uleb128 0x6e
 446 00b3 0E       		.uleb128 0xe
 447 00b4 03       		.uleb128 0x3
 448 00b5 0E       		.uleb128 0xe
 449 00b6 3A       		.uleb128 0x3a
 450 00b7 0B       		.uleb128 0xb
 451 00b8 3B       		.uleb128 0x3b
 452 00b9 0B       		.uleb128 0xb
 453 00ba 00       		.byte	0
 454 00bb 00       		.byte	0
 455 00bc 00       		.byte	0
 456              		.section	.debug_loc,"",%progbits
 457              	.Ldebug_loc0:
 458              	.LLST0:
 459 0000 0C000000 		.4byte	.LVL1
 460 0004 12000000 		.4byte	.LVL2
 461 0008 0100     		.2byte	0x1
 462 000a 50       		.byte	0x50
 463 000b 1E000000 		.4byte	.LVL5
 464 000f 24000000 		.4byte	.LVL6
 465 0013 0100     		.2byte	0x1
 466 0015 50       		.byte	0x50
 467 0016 00000000 		.4byte	0
 468 001a 00000000 		.4byte	0
 469              		.section	.debug_aranges,"",%progbits
 470 0000 1C000000 		.4byte	0x1c
 471 0004 0200     		.2byte	0x2
 472 0006 00000000 		.4byte	.Ldebug_info0
 473 000a 04       		.byte	0x4
ARM GAS  C:\Users\Tri94\AppData\Local\Temp\ccGxwshh.s 			page 10


 474 000b 00       		.byte	0
 475 000c 0000     		.2byte	0
 476 000e 0000     		.2byte	0
 477 0010 00000000 		.4byte	.LFB64
 478 0014 38000000 		.4byte	.LFE64-.LFB64
 479 0018 00000000 		.4byte	0
 480 001c 00000000 		.4byte	0
 481              		.section	.debug_ranges,"",%progbits
 482              	.Ldebug_ranges0:
 483 0000 00000000 		.4byte	.LFB64
 484 0004 38000000 		.4byte	.LFE64
 485 0008 00000000 		.4byte	0
 486 000c 00000000 		.4byte	0
 487              		.section	.debug_line,"",%progbits
 488              	.Ldebug_line0:
 489 0000 70010000 		.section	.debug_str,"MS",%progbits,1
 489      02005201 
 489      00000201 
 489      FB0E0D00 
 489      01010101 
 490              	.LASF6:
 491 0000 6C6F6E67 		.ascii	"long long int\000"
 491      206C6F6E 
 491      6720696E 
 491      7400
 492              	.LASF3:
 493 000e 73686F72 		.ascii	"short unsigned int\000"
 493      7420756E 
 493      7369676E 
 493      65642069 
 493      6E7400
 494              	.LASF8:
 495 0021 756E7369 		.ascii	"unsigned int\000"
 495      676E6564 
 495      20696E74 
 495      00
 496              	.LASF21:
 497 002e 6D61696E 		.ascii	"main.c\000"
 497      2E6300
 498              	.LASF23:
 499 0035 6D61696E 		.ascii	"main\000"
 499      00
 500              	.LASF20:
 501 003a 474E5520 		.ascii	"GNU C11 5.4.1 20160609 (release) [ARM/embedded-5-br"
 501      43313120 
 501      352E342E 
 501      31203230 
 501      31363036 
 502 006d 616E6368 		.ascii	"anch revision 237715] -mcpu=cortex-m3 -mthumb -g -O"
 502      20726576 
 502      6973696F 
 502      6E203233 
 502      37373135 
 503 00a0 67202D66 		.ascii	"g -ffunction-sections -ffat-lto-objects\000"
 503      66756E63 
 503      74696F6E 
 503      2D736563 
ARM GAS  C:\Users\Tri94\AppData\Local\Temp\ccGxwshh.s 			page 11


 503      74696F6E 
 504              	.LASF18:
 505 00c8 4C45445F 		.ascii	"LED_Write\000"
 505      57726974 
 505      6500
 506              	.LASF5:
 507 00d2 6C6F6E67 		.ascii	"long unsigned int\000"
 507      20756E73 
 507      69676E65 
 507      6420696E 
 507      7400
 508              	.LASF7:
 509 00e4 6C6F6E67 		.ascii	"long long unsigned int\000"
 509      206C6F6E 
 509      6720756E 
 509      7369676E 
 509      65642069 
 510              	.LASF16:
 511 00fb 55415254 		.ascii	"UART_Start\000"
 511      5F537461 
 511      727400
 512              	.LASF1:
 513 0106 756E7369 		.ascii	"unsigned char\000"
 513      676E6564 
 513      20636861 
 513      7200
 514              	.LASF13:
 515 0114 63686172 		.ascii	"char\000"
 515      00
 516              	.LASF17:
 517 0119 55415254 		.ascii	"UART_GetChar\000"
 517      5F476574 
 517      43686172 
 517      00
 518              	.LASF4:
 519 0126 6C6F6E67 		.ascii	"long int\000"
 519      20696E74 
 519      00
 520              	.LASF12:
 521 012f 646F7562 		.ascii	"double\000"
 521      6C6500
 522              	.LASF22:
 523 0136 433A5C55 		.ascii	"C:\\Users\\Tri94\\Documents\\PSoC Creator\\EE4450\\"
 523      73657273 
 523      5C547269 
 523      39345C44 
 523      6F63756D 
 524 0163 55415254 		.ascii	"UART2PC.cydsn\000"
 524      3250432E 
 524      63796473 
 524      6E00
 525              	.LASF19:
 526 0171 55415254 		.ascii	"UART_PutString\000"
 526      5F507574 
 526      53747269 
 526      6E6700
 527              	.LASF24:
ARM GAS  C:\Users\Tri94\AppData\Local\Temp\ccGxwshh.s 			page 12


 528 0180 49544D5F 		.ascii	"ITM_RxBuffer\000"
 528      52784275 
 528      66666572 
 528      00
 529              	.LASF0:
 530 018d 7369676E 		.ascii	"signed char\000"
 530      65642063 
 530      68617200 
 531              	.LASF14:
 532 0199 6C6F6E67 		.ascii	"long double\000"
 532      20646F75 
 532      626C6500 
 533              	.LASF9:
 534 01a5 5F5F696E 		.ascii	"__int32_t\000"
 534      7433325F 
 534      7400
 535              	.LASF11:
 536 01af 666C6F61 		.ascii	"float\000"
 536      7400
 537              	.LASF2:
 538 01b5 73686F72 		.ascii	"short int\000"
 538      7420696E 
 538      7400
 539              	.LASF10:
 540 01bf 696E7433 		.ascii	"int32_t\000"
 540      325F7400 
 541              	.LASF15:
 542 01c7 73697A65 		.ascii	"sizetype\000"
 542      74797065 
 542      00
 543              		.ident	"GCC: (GNU Tools for ARM Embedded Processors) 5.4.1 20160609 (release) [ARM/embedded-5-bran
