ARM GAS  C:\Users\Tri94\AppData\Local\Temp\ccqSv1sK.s 			page 1


   1              		.syntax unified
   2              		.cpu cortex-m3
   3              		.fpu softvfp
   4              		.eabi_attribute 20, 1
   5              		.eabi_attribute 21, 1
   6              		.eabi_attribute 23, 3
   7              		.eabi_attribute 24, 1
   8              		.eabi_attribute 25, 1
   9              		.eabi_attribute 26, 1
  10              		.eabi_attribute 30, 1
  11              		.eabi_attribute 34, 1
  12              		.eabi_attribute 18, 4
  13              		.thumb
  14              		.syntax unified
  15              		.file	"cymetadata.c"
  16              		.text
  17              	.Ltext0:
  18              		.cfi_sections	.debug_frame
  19              		.global	cy_metadata
  20              		.global	cy_meta_flashprotect
  21              		.global	cy_meta_wonvl
  22              		.global	cy_meta_custnvl
  23              		.global	cy_meta_configecc
  24              		.section	.cyconfigecc,"a",%progbits
  25              		.align	2
  26              		.type	cy_meta_configecc, %object
  27              		.size	cy_meta_configecc, 76
  28              	cy_meta_configecc:
  29 0000 02       		.byte	2
  30 0001 0B       		.byte	11
  31 0002 01       		.byte	1
  32 0003 40       		.byte	64
  33 0004 04       		.byte	4
  34 0005 0C       		.byte	12
  35 0006 01       		.byte	1
  36 0007 40       		.byte	64
  37 0008 03       		.byte	3
  38 0009 0D       		.byte	13
  39 000a 01       		.byte	1
  40 000b 40       		.byte	64
  41 000c 04       		.byte	4
  42 000d 45       		.byte	69
  43 000e 01       		.byte	1
  44 000f 40       		.byte	64
  45 0010 04       		.byte	4
  46 0011 46       		.byte	70
  47 0012 01       		.byte	1
  48 0013 40       		.byte	64
  49 0014 B0       		.byte	-80
  50 0015 01       		.byte	1
  51 0016 B4       		.byte	-76
  52 0017 01       		.byte	1
  53 0018 BA       		.byte	-70
  54 0019 C0       		.byte	-64
  55 001a D8       		.byte	-40
  56 001b 24       		.byte	36
  57 001c DC       		.byte	-36
ARM GAS  C:\Users\Tri94\AppData\Local\Temp\ccqSv1sK.s 			page 2


  58 001d 08       		.byte	8
  59 001e DF       		.byte	-33
  60 001f 31       		.byte	49
  61 0020 18       		.byte	24
  62 0021 01       		.byte	1
  63 0022 78       		.byte	120
  64 0023 01       		.byte	1
  65 0024 DE       		.byte	-34
  66 0025 01       		.byte	1
  67 0026 00       		.byte	0
  68 0027 80       		.byte	-128
  69 0028 50       		.byte	80
  70 0029 08       		.byte	8
  71 002a C0       		.byte	-64
  72 002b 02       		.byte	2
  73 002c D4       		.byte	-44
  74 002d 04       		.byte	4
  75 002e B0       		.byte	-80
  76 002f 40       		.byte	64
  77 0030 B4       		.byte	-76
  78 0031 08       		.byte	8
  79 0032 EC       		.byte	-20
  80 0033 08       		.byte	8
  81 0034 EE       		.byte	-18
  82 0035 04       		.byte	4
  83 0036 00       		.byte	0
  84 0037 00       		.byte	0
  85 0038 00       		.byte	0
  86 0039 0B       		.byte	11
  87 003a 0B       		.byte	11
  88 003b 00       		.byte	0
  89 003c 00       		.byte	0
  90 003d 00       		.byte	0
  91 003e 00       		.byte	0
  92 003f 00       		.byte	0
  93 0040 04       		.byte	4
  94 0041 00       		.byte	0
  95 0042 00       		.byte	0
  96 0043 06       		.byte	6
  97 0044 02       		.byte	2
  98 0045 00       		.byte	0
  99 0046 02       		.byte	2
 100 0047 00       		.byte	0
 101 0048 00       		.byte	0
 102 0049 00       		.byte	0
 103 004a 00       		.byte	0
 104 004b 00       		.byte	0
 105              		.section	.cywolatch,"a",%progbits
 106              		.align	2
 107              		.type	cy_meta_wonvl, %object
 108              		.size	cy_meta_wonvl, 4
 109              	cy_meta_wonvl:
 110 0000 BC       		.byte	-68
 111 0001 90       		.byte	-112
 112 0002 AC       		.byte	-84
 113 0003 AF       		.byte	-81
 114              		.section	.cycustnvl,"a",%progbits
ARM GAS  C:\Users\Tri94\AppData\Local\Temp\ccqSv1sK.s 			page 3


 115              		.align	2
 116              		.type	cy_meta_custnvl, %object
 117              		.size	cy_meta_custnvl, 4
 118              	cy_meta_custnvl:
 119 0000 00       		.byte	0
 120 0001 00       		.byte	0
 121 0002 40       		.byte	64
 122 0003 05       		.byte	5
 123              		.section	.cymeta,"a",%progbits
 124              		.align	2
 125              		.type	cy_metadata, %object
 126              		.size	cy_metadata, 12
 127              	cy_metadata:
 128 0000 00       		.byte	0
 129 0001 01       		.byte	1
 130 0002 2E       		.byte	46
 131 0003 16       		.byte	22
 132 0004 10       		.byte	16
 133 0005 69       		.byte	105
 134 0006 00       		.byte	0
 135 0007 01       		.byte	1
 136 0008 00       		.byte	0
 137 0009 00       		.byte	0
 138 000a 00       		.byte	0
 139 000b 00       		.byte	0
 140              		.section	.cyflashprotect,"a",%progbits
 141              		.align	2
 142              		.type	cy_meta_flashprotect, %object
 143              		.size	cy_meta_flashprotect, 256
 144              	cy_meta_flashprotect:
 145 0000 00000000 		.space	256
 145      00000000 
 145      00000000 
 145      00000000 
 145      00000000 
 146              		.text
 147              	.Letext0:
 148              		.file 1 "c:\\program files (x86)\\cypress\\psoc creator\\4.2\\psoc creator\\import\\gnu\\arm\\5.4.
 149              		.file 2 "c:\\program files (x86)\\cypress\\psoc creator\\4.2\\psoc creator\\import\\gnu\\arm\\5.4.
 150              		.file 3 "Generated_Source\\PSoC5\\cymetadata.c"
 151              		.section	.debug_info,"",%progbits
 152              	.Ldebug_info0:
 153 0000 30010000 		.4byte	0x130
 154 0004 0400     		.2byte	0x4
 155 0006 00000000 		.4byte	.Ldebug_abbrev0
 156 000a 04       		.byte	0x4
 157 000b 01       		.uleb128 0x1
 158 000c 24000000 		.4byte	.LASF17
 159 0010 0C       		.byte	0xc
 160 0011 B7010000 		.4byte	.LASF18
 161 0015 48010000 		.4byte	.LASF19
 162 0019 00000000 		.4byte	.Ldebug_line0
 163 001d 02       		.uleb128 0x2
 164 001e 01       		.byte	0x1
 165 001f 06       		.byte	0x6
 166 0020 AB010000 		.4byte	.LASF0
 167 0024 03       		.uleb128 0x3
ARM GAS  C:\Users\Tri94\AppData\Local\Temp\ccqSv1sK.s 			page 4


 168 0025 00000000 		.4byte	.LASF9
 169 0029 01       		.byte	0x1
 170 002a 1D       		.byte	0x1d
 171 002b 2F000000 		.4byte	0x2f
 172 002f 02       		.uleb128 0x2
 173 0030 01       		.byte	0x1
 174 0031 08       		.byte	0x8
 175 0032 16000000 		.4byte	.LASF1
 176 0036 02       		.uleb128 0x2
 177 0037 02       		.byte	0x2
 178 0038 05       		.byte	0x5
 179 0039 98010000 		.4byte	.LASF2
 180 003d 02       		.uleb128 0x2
 181 003e 02       		.byte	0x2
 182 003f 07       		.byte	0x7
 183 0040 C4000000 		.4byte	.LASF3
 184 0044 02       		.uleb128 0x2
 185 0045 04       		.byte	0x4
 186 0046 05       		.byte	0x5
 187 0047 A2010000 		.4byte	.LASF4
 188 004b 02       		.uleb128 0x2
 189 004c 04       		.byte	0x4
 190 004d 07       		.byte	0x7
 191 004e B2000000 		.4byte	.LASF5
 192 0052 02       		.uleb128 0x2
 193 0053 08       		.byte	0x8
 194 0054 05       		.byte	0x5
 195 0055 8A010000 		.4byte	.LASF6
 196 0059 02       		.uleb128 0x2
 197 005a 08       		.byte	0x8
 198 005b 07       		.byte	0x7
 199 005c 06010000 		.4byte	.LASF7
 200 0060 04       		.uleb128 0x4
 201 0061 04       		.byte	0x4
 202 0062 05       		.byte	0x5
 203 0063 696E7400 		.ascii	"int\000"
 204 0067 02       		.uleb128 0x2
 205 0068 04       		.byte	0x4
 206 0069 07       		.byte	0x7
 207 006a F9000000 		.4byte	.LASF8
 208 006e 03       		.uleb128 0x3
 209 006f 1D010000 		.4byte	.LASF10
 210 0073 02       		.byte	0x2
 211 0074 18       		.byte	0x18
 212 0075 24000000 		.4byte	0x24
 213 0079 05       		.uleb128 0x5
 214 007a 90000000 		.4byte	0x90
 215 007e 89000000 		.4byte	0x89
 216 0082 06       		.uleb128 0x6
 217 0083 89000000 		.4byte	0x89
 218 0087 4B       		.byte	0x4b
 219 0088 00       		.byte	0
 220 0089 02       		.uleb128 0x2
 221 008a 04       		.byte	0x4
 222 008b 07       		.byte	0x7
 223 008c 81010000 		.4byte	.LASF11
 224 0090 07       		.uleb128 0x7
ARM GAS  C:\Users\Tri94\AppData\Local\Temp\ccqSv1sK.s 			page 5


 225 0091 6E000000 		.4byte	0x6e
 226 0095 08       		.uleb128 0x8
 227 0096 E7000000 		.4byte	.LASF12
 228 009a 03       		.byte	0x3
 229 009b 1F       		.byte	0x1f
 230 009c A6000000 		.4byte	0xa6
 231 00a0 05       		.uleb128 0x5
 232 00a1 03       		.byte	0x3
 233 00a2 00000000 		.4byte	cy_meta_configecc
 234 00a6 07       		.uleb128 0x7
 235 00a7 79000000 		.4byte	0x79
 236 00ab 05       		.uleb128 0x5
 237 00ac 90000000 		.4byte	0x90
 238 00b0 BB000000 		.4byte	0xbb
 239 00b4 06       		.uleb128 0x6
 240 00b5 89000000 		.4byte	0x89
 241 00b9 03       		.byte	0x3
 242 00ba 00       		.byte	0
 243 00bb 08       		.uleb128 0x8
 244 00bc D7000000 		.4byte	.LASF13
 245 00c0 03       		.byte	0x3
 246 00c1 36       		.byte	0x36
 247 00c2 CC000000 		.4byte	0xcc
 248 00c6 05       		.uleb128 0x5
 249 00c7 03       		.byte	0x3
 250 00c8 00000000 		.4byte	cy_meta_custnvl
 251 00cc 07       		.uleb128 0x7
 252 00cd AB000000 		.4byte	0xab
 253 00d1 08       		.uleb128 0x8
 254 00d2 3A010000 		.4byte	.LASF14
 255 00d6 03       		.byte	0x3
 256 00d7 44       		.byte	0x44
 257 00d8 E2000000 		.4byte	0xe2
 258 00dc 05       		.uleb128 0x5
 259 00dd 03       		.byte	0x3
 260 00de 00000000 		.4byte	cy_meta_wonvl
 261 00e2 07       		.uleb128 0x7
 262 00e3 AB000000 		.4byte	0xab
 263 00e7 05       		.uleb128 0x5
 264 00e8 90000000 		.4byte	0x90
 265 00ec F7000000 		.4byte	0xf7
 266 00f0 06       		.uleb128 0x6
 267 00f1 89000000 		.4byte	0x89
 268 00f5 FF       		.byte	0xff
 269 00f6 00       		.byte	0
 270 00f7 08       		.uleb128 0x8
 271 00f8 25010000 		.4byte	.LASF15
 272 00fc 03       		.byte	0x3
 273 00fd 52       		.byte	0x52
 274 00fe 08010000 		.4byte	0x108
 275 0102 05       		.uleb128 0x5
 276 0103 03       		.byte	0x3
 277 0104 00000000 		.4byte	cy_meta_flashprotect
 278 0108 07       		.uleb128 0x7
 279 0109 E7000000 		.4byte	0xe7
 280 010d 05       		.uleb128 0x5
 281 010e 90000000 		.4byte	0x90
ARM GAS  C:\Users\Tri94\AppData\Local\Temp\ccqSv1sK.s 			page 6


 282 0112 1D010000 		.4byte	0x11d
 283 0116 06       		.uleb128 0x6
 284 0117 89000000 		.4byte	0x89
 285 011b 0B       		.byte	0xb
 286 011c 00       		.byte	0
 287 011d 08       		.uleb128 0x8
 288 011e 0A000000 		.4byte	.LASF16
 289 0122 03       		.byte	0x3
 290 0123 7F       		.byte	0x7f
 291 0124 2E010000 		.4byte	0x12e
 292 0128 05       		.uleb128 0x5
 293 0129 03       		.byte	0x3
 294 012a 00000000 		.4byte	cy_metadata
 295 012e 07       		.uleb128 0x7
 296 012f 0D010000 		.4byte	0x10d
 297 0133 00       		.byte	0
 298              		.section	.debug_abbrev,"",%progbits
 299              	.Ldebug_abbrev0:
 300 0000 01       		.uleb128 0x1
 301 0001 11       		.uleb128 0x11
 302 0002 01       		.byte	0x1
 303 0003 25       		.uleb128 0x25
 304 0004 0E       		.uleb128 0xe
 305 0005 13       		.uleb128 0x13
 306 0006 0B       		.uleb128 0xb
 307 0007 03       		.uleb128 0x3
 308 0008 0E       		.uleb128 0xe
 309 0009 1B       		.uleb128 0x1b
 310 000a 0E       		.uleb128 0xe
 311 000b 10       		.uleb128 0x10
 312 000c 17       		.uleb128 0x17
 313 000d 00       		.byte	0
 314 000e 00       		.byte	0
 315 000f 02       		.uleb128 0x2
 316 0010 24       		.uleb128 0x24
 317 0011 00       		.byte	0
 318 0012 0B       		.uleb128 0xb
 319 0013 0B       		.uleb128 0xb
 320 0014 3E       		.uleb128 0x3e
 321 0015 0B       		.uleb128 0xb
 322 0016 03       		.uleb128 0x3
 323 0017 0E       		.uleb128 0xe
 324 0018 00       		.byte	0
 325 0019 00       		.byte	0
 326 001a 03       		.uleb128 0x3
 327 001b 16       		.uleb128 0x16
 328 001c 00       		.byte	0
 329 001d 03       		.uleb128 0x3
 330 001e 0E       		.uleb128 0xe
 331 001f 3A       		.uleb128 0x3a
 332 0020 0B       		.uleb128 0xb
 333 0021 3B       		.uleb128 0x3b
 334 0022 0B       		.uleb128 0xb
 335 0023 49       		.uleb128 0x49
 336 0024 13       		.uleb128 0x13
 337 0025 00       		.byte	0
 338 0026 00       		.byte	0
ARM GAS  C:\Users\Tri94\AppData\Local\Temp\ccqSv1sK.s 			page 7


 339 0027 04       		.uleb128 0x4
 340 0028 24       		.uleb128 0x24
 341 0029 00       		.byte	0
 342 002a 0B       		.uleb128 0xb
 343 002b 0B       		.uleb128 0xb
 344 002c 3E       		.uleb128 0x3e
 345 002d 0B       		.uleb128 0xb
 346 002e 03       		.uleb128 0x3
 347 002f 08       		.uleb128 0x8
 348 0030 00       		.byte	0
 349 0031 00       		.byte	0
 350 0032 05       		.uleb128 0x5
 351 0033 01       		.uleb128 0x1
 352 0034 01       		.byte	0x1
 353 0035 49       		.uleb128 0x49
 354 0036 13       		.uleb128 0x13
 355 0037 01       		.uleb128 0x1
 356 0038 13       		.uleb128 0x13
 357 0039 00       		.byte	0
 358 003a 00       		.byte	0
 359 003b 06       		.uleb128 0x6
 360 003c 21       		.uleb128 0x21
 361 003d 00       		.byte	0
 362 003e 49       		.uleb128 0x49
 363 003f 13       		.uleb128 0x13
 364 0040 2F       		.uleb128 0x2f
 365 0041 0B       		.uleb128 0xb
 366 0042 00       		.byte	0
 367 0043 00       		.byte	0
 368 0044 07       		.uleb128 0x7
 369 0045 26       		.uleb128 0x26
 370 0046 00       		.byte	0
 371 0047 49       		.uleb128 0x49
 372 0048 13       		.uleb128 0x13
 373 0049 00       		.byte	0
 374 004a 00       		.byte	0
 375 004b 08       		.uleb128 0x8
 376 004c 34       		.uleb128 0x34
 377 004d 00       		.byte	0
 378 004e 03       		.uleb128 0x3
 379 004f 0E       		.uleb128 0xe
 380 0050 3A       		.uleb128 0x3a
 381 0051 0B       		.uleb128 0xb
 382 0052 3B       		.uleb128 0x3b
 383 0053 0B       		.uleb128 0xb
 384 0054 49       		.uleb128 0x49
 385 0055 13       		.uleb128 0x13
 386 0056 3F       		.uleb128 0x3f
 387 0057 19       		.uleb128 0x19
 388 0058 02       		.uleb128 0x2
 389 0059 18       		.uleb128 0x18
 390 005a 00       		.byte	0
 391 005b 00       		.byte	0
 392 005c 00       		.byte	0
 393              		.section	.debug_aranges,"",%progbits
 394 0000 14000000 		.4byte	0x14
 395 0004 0200     		.2byte	0x2
ARM GAS  C:\Users\Tri94\AppData\Local\Temp\ccqSv1sK.s 			page 8


 396 0006 00000000 		.4byte	.Ldebug_info0
 397 000a 04       		.byte	0x4
 398 000b 00       		.byte	0
 399 000c 0000     		.2byte	0
 400 000e 0000     		.2byte	0
 401 0010 00000000 		.4byte	0
 402 0014 00000000 		.4byte	0
 403              		.section	.debug_line,"",%progbits
 404              	.Ldebug_line0:
 405 0000 3D010000 		.section	.debug_str,"MS",%progbits,1
 405      02003701 
 405      00000201 
 405      FB0E0D00 
 405      01010101 
 406              	.LASF9:
 407 0000 5F5F7569 		.ascii	"__uint8_t\000"
 407      6E74385F 
 407      7400
 408              	.LASF16:
 409 000a 63795F6D 		.ascii	"cy_metadata\000"
 409      65746164 
 409      61746100 
 410              	.LASF1:
 411 0016 756E7369 		.ascii	"unsigned char\000"
 411      676E6564 
 411      20636861 
 411      7200
 412              	.LASF17:
 413 0024 474E5520 		.ascii	"GNU C11 5.4.1 20160609 (release) [ARM/embedded-5-br"
 413      43313120 
 413      352E342E 
 413      31203230 
 413      31363036 
 414 0057 616E6368 		.ascii	"anch revision 237715] -mcpu=cortex-m3 -mthumb -g -O"
 414      20726576 
 414      6973696F 
 414      6E203233 
 414      37373135 
 415 008a 67202D66 		.ascii	"g -ffunction-sections -ffat-lto-objects\000"
 415      66756E63 
 415      74696F6E 
 415      2D736563 
 415      74696F6E 
 416              	.LASF5:
 417 00b2 6C6F6E67 		.ascii	"long unsigned int\000"
 417      20756E73 
 417      69676E65 
 417      6420696E 
 417      7400
 418              	.LASF3:
 419 00c4 73686F72 		.ascii	"short unsigned int\000"
 419      7420756E 
 419      7369676E 
 419      65642069 
 419      6E7400
 420              	.LASF13:
 421 00d7 63795F6D 		.ascii	"cy_meta_custnvl\000"
ARM GAS  C:\Users\Tri94\AppData\Local\Temp\ccqSv1sK.s 			page 9


 421      6574615F 
 421      63757374 
 421      6E766C00 
 422              	.LASF12:
 423 00e7 63795F6D 		.ascii	"cy_meta_configecc\000"
 423      6574615F 
 423      636F6E66 
 423      69676563 
 423      6300
 424              	.LASF8:
 425 00f9 756E7369 		.ascii	"unsigned int\000"
 425      676E6564 
 425      20696E74 
 425      00
 426              	.LASF7:
 427 0106 6C6F6E67 		.ascii	"long long unsigned int\000"
 427      206C6F6E 
 427      6720756E 
 427      7369676E 
 427      65642069 
 428              	.LASF10:
 429 011d 75696E74 		.ascii	"uint8_t\000"
 429      385F7400 
 430              	.LASF15:
 431 0125 63795F6D 		.ascii	"cy_meta_flashprotect\000"
 431      6574615F 
 431      666C6173 
 431      6870726F 
 431      74656374 
 432              	.LASF14:
 433 013a 63795F6D 		.ascii	"cy_meta_wonvl\000"
 433      6574615F 
 433      776F6E76 
 433      6C00
 434              	.LASF19:
 435 0148 433A5C55 		.ascii	"C:\\Users\\Tri94\\Documents\\PSoC Creator\\EE4450\\"
 435      73657273 
 435      5C547269 
 435      39345C44 
 435      6F63756D 
 436 0175 4C616230 		.ascii	"Lab01.cydsn\000"
 436      312E6379 
 436      64736E00 
 437              	.LASF11:
 438 0181 73697A65 		.ascii	"sizetype\000"
 438      74797065 
 438      00
 439              	.LASF6:
 440 018a 6C6F6E67 		.ascii	"long long int\000"
 440      206C6F6E 
 440      6720696E 
 440      7400
 441              	.LASF2:
 442 0198 73686F72 		.ascii	"short int\000"
 442      7420696E 
 442      7400
 443              	.LASF4:
ARM GAS  C:\Users\Tri94\AppData\Local\Temp\ccqSv1sK.s 			page 10


 444 01a2 6C6F6E67 		.ascii	"long int\000"
 444      20696E74 
 444      00
 445              	.LASF0:
 446 01ab 7369676E 		.ascii	"signed char\000"
 446      65642063 
 446      68617200 
 447              	.LASF18:
 448 01b7 47656E65 		.ascii	"Generated_Source\\PSoC5\\cymetadata.c\000"
 448      72617465 
 448      645F536F 
 448      75726365 
 448      5C50536F 
 449              		.ident	"GCC: (GNU Tools for ARM Embedded Processors) 5.4.1 20160609 (release) [ARM/embedded-5-bran
