ARM GAS  C:\Users\Tri94\AppData\Local\Temp\cc0rY0hi.s 			page 1


   1              		.syntax unified
   2              		.cpu cortex-m3
   3              		.fpu softvfp
   4              		.eabi_attribute 20, 1
   5              		.eabi_attribute 21, 1
   6              		.eabi_attribute 23, 3
   7              		.eabi_attribute 24, 1
   8              		.eabi_attribute 25, 1
   9              		.eabi_attribute 26, 1
  10              		.eabi_attribute 30, 1
  11              		.eabi_attribute 34, 1
  12              		.eabi_attribute 18, 4
  13              		.thumb
  14              		.syntax unified
  15              		.file	"cymetadata.c"
  16              		.text
  17              	.Ltext0:
  18              		.cfi_sections	.debug_frame
  19              		.global	cy_metadata
  20              		.global	cy_meta_flashprotect
  21              		.global	cy_meta_wonvl
  22              		.global	cy_meta_custnvl
  23              		.global	cy_meta_configecc
  24              		.section	.cyconfigecc,"a",%progbits
  25              		.align	2
  26              		.type	cy_meta_configecc, %object
  27              		.size	cy_meta_configecc, 332
  28              	cy_meta_configecc:
  29 0000 01       		.byte	1
  30 0001 52       		.byte	82
  31 0002 00       		.byte	0
  32 0003 40       		.byte	64
  33 0004 02       		.byte	2
  34 0005 64       		.byte	100
  35 0006 00       		.byte	0
  36 0007 40       		.byte	64
  37 0008 01       		.byte	1
  38 0009 0B       		.byte	11
  39 000a 01       		.byte	1
  40 000b 40       		.byte	64
  41 000c 55       		.byte	85
  42 000d 0C       		.byte	12
  43 000e 01       		.byte	1
  44 000f 40       		.byte	64
  45 0010 2F       		.byte	47
  46 0011 0D       		.byte	13
  47 0012 01       		.byte	1
  48 0013 40       		.byte	64
  49 0014 02       		.byte	2
  50 0015 45       		.byte	69
  51 0016 01       		.byte	1
  52 0017 40       		.byte	64
  53 0018 02       		.byte	2
  54 0019 46       		.byte	70
  55 001a 01       		.byte	1
  56 001b 40       		.byte	64
  57 001c 02       		.byte	2
ARM GAS  C:\Users\Tri94\AppData\Local\Temp\cc0rY0hi.s 			page 2


  58 001d 50       		.byte	80
  59 001e 01       		.byte	1
  60 001f 40       		.byte	64
  61 0020 10       		.byte	16
  62 0021 02       		.byte	2
  63 0022 8C       		.byte	-116
  64 0023 0D       		.byte	13
  65 0024 8D       		.byte	-115
  66 0025 0D       		.byte	13
  67 0026 B7       		.byte	-73
  68 0027 01       		.byte	1
  69 0028 02       		.byte	2
  70 0029 08       		.byte	8
  71 002a 07       		.byte	7
  72 002b 01       		.byte	1
  73 002c 0B       		.byte	11
  74 002d 01       		.byte	1
  75 002e 0C       		.byte	12
  76 002f 01       		.byte	1
  77 0030 0E       		.byte	14
  78 0031 02       		.byte	2
  79 0032 16       		.byte	22
  80 0033 14       		.byte	20
  81 0034 1A       		.byte	26
  82 0035 04       		.byte	4
  83 0036 1E       		.byte	30
  84 0037 10       		.byte	16
  85 0038 20       		.byte	32
  86 0039 02       		.byte	2
  87 003a 22       		.byte	34
  88 003b 01       		.byte	1
  89 003c 27       		.byte	39
  90 003d 04       		.byte	4
  91 003e 2F       		.byte	47
  92 003f 02       		.byte	2
  93 0040 30       		.byte	48
  94 0041 03       		.byte	3
  95 0042 32       		.byte	50
  96 0043 08       		.byte	8
  97 0044 33       		.byte	51
  98 0045 02       		.byte	2
  99 0046 34       		.byte	52
 100 0047 10       		.byte	16
 101 0048 35       		.byte	53
 102 0049 04       		.byte	4
 103 004a 36       		.byte	54
 104 004b 04       		.byte	4
 105 004c 37       		.byte	55
 106 004d 01       		.byte	1
 107 004e 3E       		.byte	62
 108 004f 11       		.byte	17
 109 0050 40       		.byte	64
 110 0051 30       		.byte	48
 111 0052 41       		.byte	65
 112 0053 04       		.byte	4
 113 0054 45       		.byte	69
 114 0055 D0       		.byte	-48
ARM GAS  C:\Users\Tri94\AppData\Local\Temp\cc0rY0hi.s 			page 3


 115 0056 46       		.byte	70
 116 0057 10       		.byte	16
 117 0058 47       		.byte	71
 118 0059 20       		.byte	32
 119 005a 48       		.byte	72
 120 005b 2A       		.byte	42
 121 005c 49       		.byte	73
 122 005d FF       		.byte	-1
 123 005e 4A       		.byte	74
 124 005f FF       		.byte	-1
 125 0060 4B       		.byte	75
 126 0061 FF       		.byte	-1
 127 0062 4D       		.byte	77
 128 0063 A0       		.byte	-96
 129 0064 4F       		.byte	79
 130 0065 04       		.byte	4
 131 0066 50       		.byte	80
 132 0067 18       		.byte	24
 133 0068 52       		.byte	82
 134 0069 80       		.byte	-128
 135 006a 54       		.byte	84
 136 006b 05       		.byte	5
 137 006c 58       		.byte	88
 138 006d 04       		.byte	4
 139 006e 59       		.byte	89
 140 006f 04       		.byte	4
 141 0070 5A       		.byte	90
 142 0071 04       		.byte	4
 143 0072 5B       		.byte	91
 144 0073 04       		.byte	4
 145 0074 5F       		.byte	95
 146 0075 01       		.byte	1
 147 0076 60       		.byte	96
 148 0077 40       		.byte	64
 149 0078 62       		.byte	98
 150 0079 C0       		.byte	-64
 151 007a 64       		.byte	100
 152 007b 40       		.byte	64
 153 007c 65       		.byte	101
 154 007d 40       		.byte	64
 155 007e 66       		.byte	102
 156 007f C0       		.byte	-64
 157 0080 68       		.byte	104
 158 0081 C0       		.byte	-64
 159 0082 6A       		.byte	106
 160 0083 C0       		.byte	-64
 161 0084 6C       		.byte	108
 162 0085 C0       		.byte	-64
 163 0086 6E       		.byte	110
 164 0087 C0       		.byte	-64
 165 0088 84       		.byte	-124
 166 0089 02       		.byte	2
 167 008a 96       		.byte	-106
 168 008b 08       		.byte	8
 169 008c 9A       		.byte	-102
 170 008d 06       		.byte	6
 171 008e A6       		.byte	-90
ARM GAS  C:\Users\Tri94\AppData\Local\Temp\cc0rY0hi.s 			page 4


 172 008f 01       		.byte	1
 173 0090 A8       		.byte	-88
 174 0091 01       		.byte	1
 175 0092 AE       		.byte	-82
 176 0093 08       		.byte	8
 177 0094 B0       		.byte	-80
 178 0095 01       		.byte	1
 179 0096 B2       		.byte	-78
 180 0097 08       		.byte	8
 181 0098 B4       		.byte	-76
 182 0099 04       		.byte	4
 183 009a B6       		.byte	-74
 184 009b 02       		.byte	2
 185 009c BE       		.byte	-66
 186 009d 04       		.byte	4
 187 009e C0       		.byte	-64
 188 009f 30       		.byte	48
 189 00a0 C1       		.byte	-63
 190 00a1 05       		.byte	5
 191 00a2 C5       		.byte	-59
 192 00a3 D1       		.byte	-47
 193 00a4 C7       		.byte	-57
 194 00a5 20       		.byte	32
 195 00a6 C8       		.byte	-56
 196 00a7 23       		.byte	35
 197 00a8 C9       		.byte	-55
 198 00a9 FF       		.byte	-1
 199 00aa CA       		.byte	-54
 200 00ab FF       		.byte	-1
 201 00ac CB       		.byte	-53
 202 00ad FF       		.byte	-1
 203 00ae CD       		.byte	-51
 204 00af A0       		.byte	-96
 205 00b0 CF       		.byte	-49
 206 00b1 04       		.byte	4
 207 00b2 D0       		.byte	-48
 208 00b3 18       		.byte	24
 209 00b4 D2       		.byte	-46
 210 00b5 80       		.byte	-128
 211 00b6 D4       		.byte	-44
 212 00b7 05       		.byte	5
 213 00b8 D8       		.byte	-40
 214 00b9 04       		.byte	4
 215 00ba DA       		.byte	-38
 216 00bb 04       		.byte	4
 217 00bc DB       		.byte	-37
 218 00bd 04       		.byte	4
 219 00be DF       		.byte	-33
 220 00bf 01       		.byte	1
 221 00c0 E0       		.byte	-32
 222 00c1 40       		.byte	64
 223 00c2 E2       		.byte	-30
 224 00c3 C0       		.byte	-64
 225 00c4 E4       		.byte	-28
 226 00c5 40       		.byte	64
 227 00c6 E5       		.byte	-27
 228 00c7 40       		.byte	64
ARM GAS  C:\Users\Tri94\AppData\Local\Temp\cc0rY0hi.s 			page 5


 229 00c8 E6       		.byte	-26
 230 00c9 C0       		.byte	-64
 231 00ca E8       		.byte	-24
 232 00cb C0       		.byte	-64
 233 00cc EA       		.byte	-22
 234 00cd C0       		.byte	-64
 235 00ce EC       		.byte	-20
 236 00cf C0       		.byte	-64
 237 00d0 EE       		.byte	-18
 238 00d1 C0       		.byte	-64
 239 00d2 00       		.byte	0
 240 00d3 04       		.byte	4
 241 00d4 05       		.byte	5
 242 00d5 40       		.byte	64
 243 00d6 07       		.byte	7
 244 00d7 40       		.byte	64
 245 00d8 09       		.byte	9
 246 00d9 04       		.byte	4
 247 00da 0B       		.byte	11
 248 00db 04       		.byte	4
 249 00dc 0C       		.byte	12
 250 00dd 20       		.byte	32
 251 00de 0E       		.byte	14
 252 00df 20       		.byte	32
 253 00e0 0F       		.byte	15
 254 00e1 02       		.byte	2
 255 00e2 10       		.byte	16
 256 00e3 22       		.byte	34
 257 00e4 11       		.byte	17
 258 00e5 20       		.byte	32
 259 00e6 17       		.byte	23
 260 00e7 02       		.byte	2
 261 00e8 18       		.byte	24
 262 00e9 04       		.byte	4
 263 00ea 19       		.byte	25
 264 00eb 84       		.byte	-124
 265 00ec 1A       		.byte	26
 266 00ed 40       		.byte	64
 267 00ee 1D       		.byte	29
 268 00ef 48       		.byte	72
 269 00f0 1E       		.byte	30
 270 00f1 28       		.byte	40
 271 00f2 1F       		.byte	31
 272 00f3 01       		.byte	1
 273 00f4 24       		.byte	36
 274 00f5 10       		.byte	16
 275 00f6 25       		.byte	37
 276 00f7 14       		.byte	20
 277 00f8 27       		.byte	39
 278 00f9 02       		.byte	2
 279 00fa 2C       		.byte	44
 280 00fb 20       		.byte	32
 281 00fc 2E       		.byte	46
 282 00fd 80       		.byte	-128
 283 00fe 3C       		.byte	60
 284 00ff 10       		.byte	16
 285 0100 3F       		.byte	63
ARM GAS  C:\Users\Tri94\AppData\Local\Temp\cc0rY0hi.s 			page 6


 286 0101 04       		.byte	4
 287 0102 40       		.byte	64
 288 0103 10       		.byte	16
 289 0104 45       		.byte	69
 290 0105 0A       		.byte	10
 291 0106 48       		.byte	72
 292 0107 02       		.byte	2
 293 0108 49       		.byte	73
 294 0109 02       		.byte	2
 295 010a 4B       		.byte	75
 296 010b 04       		.byte	4
 297 010c 4D       		.byte	77
 298 010d 01       		.byte	1
 299 010e 50       		.byte	80
 300 010f 02       		.byte	2
 301 0110 54       		.byte	84
 302 0111 20       		.byte	32
 303 0112 55       		.byte	85
 304 0113 02       		.byte	2
 305 0114 57       		.byte	87
 306 0115 01       		.byte	1
 307 0116 59       		.byte	89
 308 0117 86       		.byte	-122
 309 0118 5D       		.byte	93
 310 0119 01       		.byte	1
 311 011a 5E       		.byte	94
 312 011b 48       		.byte	72
 313 011c 72       		.byte	114
 314 011d 80       		.byte	-128
 315 011e 77       		.byte	119
 316 011f 40       		.byte	64
 317 0120 C0       		.byte	-64
 318 0121 94       		.byte	-108
 319 0122 C2       		.byte	-62
 320 0123 E6       		.byte	-26
 321 0124 C4       		.byte	-60
 322 0125 17       		.byte	23
 323 0126 CA       		.byte	-54
 324 0127 50       		.byte	80
 325 0128 CE       		.byte	-50
 326 0129 60       		.byte	96
 327 012a D0       		.byte	-48
 328 012b C2       		.byte	-62
 329 012c D2       		.byte	-46
 330 012d 08       		.byte	8
 331 012e D6       		.byte	-42
 332 012f DB       		.byte	-37
 333 0130 57       		.byte	87
 334 0131 04       		.byte	4
 335 0132 D4       		.byte	-44
 336 0133 02       		.byte	2
 337 0134 B7       		.byte	-73
 338 0135 04       		.byte	4
 339 0136 E8       		.byte	-24
 340 0137 02       		.byte	2
 341 0138 00       		.byte	0
 342 0139 01       		.byte	1
ARM GAS  C:\Users\Tri94\AppData\Local\Temp\cc0rY0hi.s 			page 7


 343 013a 0E       		.byte	14
 344 013b 01       		.byte	1
 345 013c 00       		.byte	0
 346 013d 0B       		.byte	11
 347 013e 0B       		.byte	11
 348 013f 00       		.byte	0
 349 0140 00       		.byte	0
 350 0141 00       		.byte	0
 351 0142 00       		.byte	0
 352 0143 00       		.byte	0
 353 0144 00       		.byte	0
 354 0145 02       		.byte	2
 355 0146 02       		.byte	2
 356 0147 00       		.byte	0
 357 0148 02       		.byte	2
 358 0149 00       		.byte	0
 359 014a 00       		.byte	0
 360 014b 00       		.byte	0
 361              		.section	.cywolatch,"a",%progbits
 362              		.align	2
 363              		.type	cy_meta_wonvl, %object
 364              		.size	cy_meta_wonvl, 4
 365              	cy_meta_wonvl:
 366 0000 BC       		.byte	-68
 367 0001 90       		.byte	-112
 368 0002 AC       		.byte	-84
 369 0003 AF       		.byte	-81
 370              		.section	.cycustnvl,"a",%progbits
 371              		.align	2
 372              		.type	cy_meta_custnvl, %object
 373              		.size	cy_meta_custnvl, 4
 374              	cy_meta_custnvl:
 375 0000 00       		.byte	0
 376 0001 00       		.byte	0
 377 0002 40       		.byte	64
 378 0003 05       		.byte	5
 379              		.section	.cymeta,"a",%progbits
 380              		.align	2
 381              		.type	cy_metadata, %object
 382              		.size	cy_metadata, 12
 383              	cy_metadata:
 384 0000 00       		.byte	0
 385 0001 01       		.byte	1
 386 0002 2E       		.byte	46
 387 0003 16       		.byte	22
 388 0004 10       		.byte	16
 389 0005 69       		.byte	105
 390 0006 00       		.byte	0
 391 0007 01       		.byte	1
 392 0008 00       		.byte	0
 393 0009 00       		.byte	0
 394 000a 00       		.byte	0
 395 000b 00       		.byte	0
 396              		.section	.cyflashprotect,"a",%progbits
 397              		.align	2
 398              		.type	cy_meta_flashprotect, %object
 399              		.size	cy_meta_flashprotect, 256
ARM GAS  C:\Users\Tri94\AppData\Local\Temp\cc0rY0hi.s 			page 8


 400              	cy_meta_flashprotect:
 401 0000 00000000 		.space	256
 401      00000000 
 401      00000000 
 401      00000000 
 401      00000000 
 402              		.text
 403              	.Letext0:
 404              		.file 1 "c:\\program files (x86)\\cypress\\psoc creator\\4.2\\psoc creator\\import\\gnu\\arm\\5.4.
 405              		.file 2 "c:\\program files (x86)\\cypress\\psoc creator\\4.2\\psoc creator\\import\\gnu\\arm\\5.4.
 406              		.file 3 "Generated_Source\\PSoC5\\cymetadata.c"
 407              		.section	.debug_info,"",%progbits
 408              	.Ldebug_info0:
 409 0000 31010000 		.4byte	0x131
 410 0004 0400     		.2byte	0x4
 411 0006 00000000 		.4byte	.Ldebug_abbrev0
 412 000a 04       		.byte	0x4
 413 000b 01       		.uleb128 0x1
 414 000c 24000000 		.4byte	.LASF17
 415 0010 0C       		.byte	0xc
 416 0011 C2010000 		.4byte	.LASF18
 417 0015 06010000 		.4byte	.LASF19
 418 0019 00000000 		.4byte	.Ldebug_line0
 419 001d 02       		.uleb128 0x2
 420 001e 01       		.byte	0x1
 421 001f 06       		.byte	0x6
 422 0020 B6010000 		.4byte	.LASF0
 423 0024 03       		.uleb128 0x3
 424 0025 00000000 		.4byte	.LASF9
 425 0029 01       		.byte	0x1
 426 002a 1D       		.byte	0x1d
 427 002b 2F000000 		.4byte	0x2f
 428 002f 02       		.uleb128 0x2
 429 0030 01       		.byte	0x1
 430 0031 08       		.byte	0x8
 431 0032 16000000 		.4byte	.LASF1
 432 0036 02       		.uleb128 0x2
 433 0037 02       		.byte	0x2
 434 0038 05       		.byte	0x5
 435 0039 A3010000 		.4byte	.LASF2
 436 003d 02       		.uleb128 0x2
 437 003e 02       		.byte	0x2
 438 003f 07       		.byte	0x7
 439 0040 C4000000 		.4byte	.LASF3
 440 0044 02       		.uleb128 0x2
 441 0045 04       		.byte	0x4
 442 0046 05       		.byte	0x5
 443 0047 AD010000 		.4byte	.LASF4
 444 004b 02       		.uleb128 0x2
 445 004c 04       		.byte	0x4
 446 004d 07       		.byte	0x7
 447 004e B2000000 		.4byte	.LASF5
 448 0052 02       		.uleb128 0x2
 449 0053 08       		.byte	0x8
 450 0054 05       		.byte	0x5
 451 0055 95010000 		.4byte	.LASF6
 452 0059 02       		.uleb128 0x2
ARM GAS  C:\Users\Tri94\AppData\Local\Temp\cc0rY0hi.s 			page 9


 453 005a 08       		.byte	0x8
 454 005b 07       		.byte	0x7
 455 005c 4A010000 		.4byte	.LASF7
 456 0060 04       		.uleb128 0x4
 457 0061 04       		.byte	0x4
 458 0062 05       		.byte	0x5
 459 0063 696E7400 		.ascii	"int\000"
 460 0067 02       		.uleb128 0x2
 461 0068 04       		.byte	0x4
 462 0069 07       		.byte	0x7
 463 006a F9000000 		.4byte	.LASF8
 464 006e 03       		.uleb128 0x3
 465 006f 61010000 		.4byte	.LASF10
 466 0073 02       		.byte	0x2
 467 0074 18       		.byte	0x18
 468 0075 24000000 		.4byte	0x24
 469 0079 05       		.uleb128 0x5
 470 007a 91000000 		.4byte	0x91
 471 007e 8A000000 		.4byte	0x8a
 472 0082 06       		.uleb128 0x6
 473 0083 8A000000 		.4byte	0x8a
 474 0087 4B01     		.2byte	0x14b
 475 0089 00       		.byte	0
 476 008a 02       		.uleb128 0x2
 477 008b 04       		.byte	0x4
 478 008c 07       		.byte	0x7
 479 008d 8C010000 		.4byte	.LASF11
 480 0091 07       		.uleb128 0x7
 481 0092 6E000000 		.4byte	0x6e
 482 0096 08       		.uleb128 0x8
 483 0097 E7000000 		.4byte	.LASF12
 484 009b 03       		.byte	0x3
 485 009c 1F       		.byte	0x1f
 486 009d A7000000 		.4byte	0xa7
 487 00a1 05       		.uleb128 0x5
 488 00a2 03       		.byte	0x3
 489 00a3 00000000 		.4byte	cy_meta_configecc
 490 00a7 07       		.uleb128 0x7
 491 00a8 79000000 		.4byte	0x79
 492 00ac 05       		.uleb128 0x5
 493 00ad 91000000 		.4byte	0x91
 494 00b1 BC000000 		.4byte	0xbc
 495 00b5 09       		.uleb128 0x9
 496 00b6 8A000000 		.4byte	0x8a
 497 00ba 03       		.byte	0x3
 498 00bb 00       		.byte	0
 499 00bc 08       		.uleb128 0x8
 500 00bd D7000000 		.4byte	.LASF13
 501 00c1 03       		.byte	0x3
 502 00c2 56       		.byte	0x56
 503 00c3 CD000000 		.4byte	0xcd
 504 00c7 05       		.uleb128 0x5
 505 00c8 03       		.byte	0x3
 506 00c9 00000000 		.4byte	cy_meta_custnvl
 507 00cd 07       		.uleb128 0x7
 508 00ce AC000000 		.4byte	0xac
 509 00d2 08       		.uleb128 0x8
ARM GAS  C:\Users\Tri94\AppData\Local\Temp\cc0rY0hi.s 			page 10


 510 00d3 7E010000 		.4byte	.LASF14
 511 00d7 03       		.byte	0x3
 512 00d8 64       		.byte	0x64
 513 00d9 E3000000 		.4byte	0xe3
 514 00dd 05       		.uleb128 0x5
 515 00de 03       		.byte	0x3
 516 00df 00000000 		.4byte	cy_meta_wonvl
 517 00e3 07       		.uleb128 0x7
 518 00e4 AC000000 		.4byte	0xac
 519 00e8 05       		.uleb128 0x5
 520 00e9 91000000 		.4byte	0x91
 521 00ed F8000000 		.4byte	0xf8
 522 00f1 09       		.uleb128 0x9
 523 00f2 8A000000 		.4byte	0x8a
 524 00f6 FF       		.byte	0xff
 525 00f7 00       		.byte	0
 526 00f8 08       		.uleb128 0x8
 527 00f9 69010000 		.4byte	.LASF15
 528 00fd 03       		.byte	0x3
 529 00fe 72       		.byte	0x72
 530 00ff 09010000 		.4byte	0x109
 531 0103 05       		.uleb128 0x5
 532 0104 03       		.byte	0x3
 533 0105 00000000 		.4byte	cy_meta_flashprotect
 534 0109 07       		.uleb128 0x7
 535 010a E8000000 		.4byte	0xe8
 536 010e 05       		.uleb128 0x5
 537 010f 91000000 		.4byte	0x91
 538 0113 1E010000 		.4byte	0x11e
 539 0117 09       		.uleb128 0x9
 540 0118 8A000000 		.4byte	0x8a
 541 011c 0B       		.byte	0xb
 542 011d 00       		.byte	0
 543 011e 08       		.uleb128 0x8
 544 011f 0A000000 		.4byte	.LASF16
 545 0123 03       		.byte	0x3
 546 0124 9F       		.byte	0x9f
 547 0125 2F010000 		.4byte	0x12f
 548 0129 05       		.uleb128 0x5
 549 012a 03       		.byte	0x3
 550 012b 00000000 		.4byte	cy_metadata
 551 012f 07       		.uleb128 0x7
 552 0130 0E010000 		.4byte	0x10e
 553 0134 00       		.byte	0
 554              		.section	.debug_abbrev,"",%progbits
 555              	.Ldebug_abbrev0:
 556 0000 01       		.uleb128 0x1
 557 0001 11       		.uleb128 0x11
 558 0002 01       		.byte	0x1
 559 0003 25       		.uleb128 0x25
 560 0004 0E       		.uleb128 0xe
 561 0005 13       		.uleb128 0x13
 562 0006 0B       		.uleb128 0xb
 563 0007 03       		.uleb128 0x3
 564 0008 0E       		.uleb128 0xe
 565 0009 1B       		.uleb128 0x1b
 566 000a 0E       		.uleb128 0xe
ARM GAS  C:\Users\Tri94\AppData\Local\Temp\cc0rY0hi.s 			page 11


 567 000b 10       		.uleb128 0x10
 568 000c 17       		.uleb128 0x17
 569 000d 00       		.byte	0
 570 000e 00       		.byte	0
 571 000f 02       		.uleb128 0x2
 572 0010 24       		.uleb128 0x24
 573 0011 00       		.byte	0
 574 0012 0B       		.uleb128 0xb
 575 0013 0B       		.uleb128 0xb
 576 0014 3E       		.uleb128 0x3e
 577 0015 0B       		.uleb128 0xb
 578 0016 03       		.uleb128 0x3
 579 0017 0E       		.uleb128 0xe
 580 0018 00       		.byte	0
 581 0019 00       		.byte	0
 582 001a 03       		.uleb128 0x3
 583 001b 16       		.uleb128 0x16
 584 001c 00       		.byte	0
 585 001d 03       		.uleb128 0x3
 586 001e 0E       		.uleb128 0xe
 587 001f 3A       		.uleb128 0x3a
 588 0020 0B       		.uleb128 0xb
 589 0021 3B       		.uleb128 0x3b
 590 0022 0B       		.uleb128 0xb
 591 0023 49       		.uleb128 0x49
 592 0024 13       		.uleb128 0x13
 593 0025 00       		.byte	0
 594 0026 00       		.byte	0
 595 0027 04       		.uleb128 0x4
 596 0028 24       		.uleb128 0x24
 597 0029 00       		.byte	0
 598 002a 0B       		.uleb128 0xb
 599 002b 0B       		.uleb128 0xb
 600 002c 3E       		.uleb128 0x3e
 601 002d 0B       		.uleb128 0xb
 602 002e 03       		.uleb128 0x3
 603 002f 08       		.uleb128 0x8
 604 0030 00       		.byte	0
 605 0031 00       		.byte	0
 606 0032 05       		.uleb128 0x5
 607 0033 01       		.uleb128 0x1
 608 0034 01       		.byte	0x1
 609 0035 49       		.uleb128 0x49
 610 0036 13       		.uleb128 0x13
 611 0037 01       		.uleb128 0x1
 612 0038 13       		.uleb128 0x13
 613 0039 00       		.byte	0
 614 003a 00       		.byte	0
 615 003b 06       		.uleb128 0x6
 616 003c 21       		.uleb128 0x21
 617 003d 00       		.byte	0
 618 003e 49       		.uleb128 0x49
 619 003f 13       		.uleb128 0x13
 620 0040 2F       		.uleb128 0x2f
 621 0041 05       		.uleb128 0x5
 622 0042 00       		.byte	0
 623 0043 00       		.byte	0
ARM GAS  C:\Users\Tri94\AppData\Local\Temp\cc0rY0hi.s 			page 12


 624 0044 07       		.uleb128 0x7
 625 0045 26       		.uleb128 0x26
 626 0046 00       		.byte	0
 627 0047 49       		.uleb128 0x49
 628 0048 13       		.uleb128 0x13
 629 0049 00       		.byte	0
 630 004a 00       		.byte	0
 631 004b 08       		.uleb128 0x8
 632 004c 34       		.uleb128 0x34
 633 004d 00       		.byte	0
 634 004e 03       		.uleb128 0x3
 635 004f 0E       		.uleb128 0xe
 636 0050 3A       		.uleb128 0x3a
 637 0051 0B       		.uleb128 0xb
 638 0052 3B       		.uleb128 0x3b
 639 0053 0B       		.uleb128 0xb
 640 0054 49       		.uleb128 0x49
 641 0055 13       		.uleb128 0x13
 642 0056 3F       		.uleb128 0x3f
 643 0057 19       		.uleb128 0x19
 644 0058 02       		.uleb128 0x2
 645 0059 18       		.uleb128 0x18
 646 005a 00       		.byte	0
 647 005b 00       		.byte	0
 648 005c 09       		.uleb128 0x9
 649 005d 21       		.uleb128 0x21
 650 005e 00       		.byte	0
 651 005f 49       		.uleb128 0x49
 652 0060 13       		.uleb128 0x13
 653 0061 2F       		.uleb128 0x2f
 654 0062 0B       		.uleb128 0xb
 655 0063 00       		.byte	0
 656 0064 00       		.byte	0
 657 0065 00       		.byte	0
 658              		.section	.debug_aranges,"",%progbits
 659 0000 14000000 		.4byte	0x14
 660 0004 0200     		.2byte	0x2
 661 0006 00000000 		.4byte	.Ldebug_info0
 662 000a 04       		.byte	0x4
 663 000b 00       		.byte	0
 664 000c 0000     		.2byte	0
 665 000e 0000     		.2byte	0
 666 0010 00000000 		.4byte	0
 667 0014 00000000 		.4byte	0
 668              		.section	.debug_line,"",%progbits
 669              	.Ldebug_line0:
 670 0000 3D010000 		.section	.debug_str,"MS",%progbits,1
 670      02003701 
 670      00000201 
 670      FB0E0D00 
 670      01010101 
 671              	.LASF9:
 672 0000 5F5F7569 		.ascii	"__uint8_t\000"
 672      6E74385F 
 672      7400
 673              	.LASF16:
 674 000a 63795F6D 		.ascii	"cy_metadata\000"
ARM GAS  C:\Users\Tri94\AppData\Local\Temp\cc0rY0hi.s 			page 13


 674      65746164 
 674      61746100 
 675              	.LASF1:
 676 0016 756E7369 		.ascii	"unsigned char\000"
 676      676E6564 
 676      20636861 
 676      7200
 677              	.LASF17:
 678 0024 474E5520 		.ascii	"GNU C11 5.4.1 20160609 (release) [ARM/embedded-5-br"
 678      43313120 
 678      352E342E 
 678      31203230 
 678      31363036 
 679 0057 616E6368 		.ascii	"anch revision 237715] -mcpu=cortex-m3 -mthumb -g -O"
 679      20726576 
 679      6973696F 
 679      6E203233 
 679      37373135 
 680 008a 67202D66 		.ascii	"g -ffunction-sections -ffat-lto-objects\000"
 680      66756E63 
 680      74696F6E 
 680      2D736563 
 680      74696F6E 
 681              	.LASF5:
 682 00b2 6C6F6E67 		.ascii	"long unsigned int\000"
 682      20756E73 
 682      69676E65 
 682      6420696E 
 682      7400
 683              	.LASF3:
 684 00c4 73686F72 		.ascii	"short unsigned int\000"
 684      7420756E 
 684      7369676E 
 684      65642069 
 684      6E7400
 685              	.LASF13:
 686 00d7 63795F6D 		.ascii	"cy_meta_custnvl\000"
 686      6574615F 
 686      63757374 
 686      6E766C00 
 687              	.LASF12:
 688 00e7 63795F6D 		.ascii	"cy_meta_configecc\000"
 688      6574615F 
 688      636F6E66 
 688      69676563 
 688      6300
 689              	.LASF8:
 690 00f9 756E7369 		.ascii	"unsigned int\000"
 690      676E6564 
 690      20696E74 
 690      00
 691              	.LASF19:
 692 0106 433A5C55 		.ascii	"C:\\Users\\Tri94\\Documents\\PSoC Creator\\EE4450\\"
 692      73657273 
 692      5C547269 
 692      39345C44 
 692      6F63756D 
ARM GAS  C:\Users\Tri94\AppData\Local\Temp\cc0rY0hi.s 			page 14


 693 0133 50574D5F 		.ascii	"PWM_BreathingLED.cydsn\000"
 693      42726561 
 693      7468696E 
 693      674C4544 
 693      2E637964 
 694              	.LASF7:
 695 014a 6C6F6E67 		.ascii	"long long unsigned int\000"
 695      206C6F6E 
 695      6720756E 
 695      7369676E 
 695      65642069 
 696              	.LASF10:
 697 0161 75696E74 		.ascii	"uint8_t\000"
 697      385F7400 
 698              	.LASF15:
 699 0169 63795F6D 		.ascii	"cy_meta_flashprotect\000"
 699      6574615F 
 699      666C6173 
 699      6870726F 
 699      74656374 
 700              	.LASF14:
 701 017e 63795F6D 		.ascii	"cy_meta_wonvl\000"
 701      6574615F 
 701      776F6E76 
 701      6C00
 702              	.LASF11:
 703 018c 73697A65 		.ascii	"sizetype\000"
 703      74797065 
 703      00
 704              	.LASF6:
 705 0195 6C6F6E67 		.ascii	"long long int\000"
 705      206C6F6E 
 705      6720696E 
 705      7400
 706              	.LASF2:
 707 01a3 73686F72 		.ascii	"short int\000"
 707      7420696E 
 707      7400
 708              	.LASF4:
 709 01ad 6C6F6E67 		.ascii	"long int\000"
 709      20696E74 
 709      00
 710              	.LASF0:
 711 01b6 7369676E 		.ascii	"signed char\000"
 711      65642063 
 711      68617200 
 712              	.LASF18:
 713 01c2 47656E65 		.ascii	"Generated_Source\\PSoC5\\cymetadata.c\000"
 713      72617465 
 713      645F536F 
 713      75726365 
 713      5C50536F 
 714              		.ident	"GCC: (GNU Tools for ARM Embedded Processors) 5.4.1 20160609 (release) [ARM/embedded-5-bran
