--------------- Build Started: 11/26/2019 20:10:15 Project: RTOS_UART_StringMessage, Configuration: ARM GCC 5.4-2016-q2-update Debug ---------------
The code generation step is up to date.
arm-none-eabi-gcc.exe -mcpu=cortex-m3 -mthumb -I..\FreeRTOS -I..\FreeRTOS\include -I..\FreeRTOS\portable\GCC\ARM_CM3 -I..\FreeRTOS\portable\MemMang -I. -IGenerated_Source\PSoC5 -Wa,-alh=.\CortexM3\ARM_GCC_541\Debug/main.lst -g -D DEBUG -D CY_CORE_ID=0 -Wall -ffunction-sections -ffat-lto-objects -Og -c main.c -o .\CortexM3\ARM_GCC_541\Debug\main.o
In file included from main.c:26:0:
main.c: In function 'myISR_UART':
main.c:117:73: warning: passing argument 4 of 'xStreamBufferSendFromISR' makes pointer from integer without a cast [-Wint-conversion]
                     xMessageBufferSendFromISR(xMessageBuffer, buf, idx, xHigherPriorityTaskWoken);
                                                                         ^
..\FreeRTOS\include/message_buffer.h:408:203: note: in definition of macro 'xMessageBufferSendFromISR'
 #define xMessageBufferSendFromISR( xMessageBuffer, pvTxData, xDataLengthBytes, pxHigherPriorityTaskWoken ) xStreamBufferSendFromISR( ( StreamBufferHandle_t ) xMessageBuffer, pvTxData, xDataLengthBytes, pxHigherPriorityTaskWoken )
                                                                                                                                                                                                           ^
In file included from ..\FreeRTOS\include/message_buffer.h:67:0,
                 from main.c:26:
..\FreeRTOS\include/stream_buffer.h:405:8: note: expected 'BaseType_t * const {aka long int * const}' but argument is of type 'BaseType_t {aka long int}'
 size_t xStreamBufferSendFromISR( StreamBufferHandle_t xStreamBuffer,
        ^
arm-none-eabi-ar.exe -rs .\CortexM3\ARM_GCC_541\Debug\RTOS_UART_StringMessage.a .\CortexM3\ARM_GCC_541\Debug\cy_em_eeprom.o .\CortexM3\ARM_GCC_541\Debug\CyDmac.o .\CortexM3\ARM_GCC_541\Debug\CyFlash.o .\CortexM3\ARM_GCC_541\Debug\CyLib.o .\CortexM3\ARM_GCC_541\Debug\cyPm.o .\CortexM3\ARM_GCC_541\Debug\CySpc.o .\CortexM3\ARM_GCC_541\Debug\cyutils.o .\CortexM3\ARM_GCC_541\Debug\Clock_1.o .\CortexM3\ARM_GCC_541\Debug\LED.o .\CortexM3\ARM_GCC_541\Debug\ISR_UART.o .\CortexM3\ARM_GCC_541\Debug\FAN.o .\CortexM3\ARM_GCC_541\Debug\UART.o .\CortexM3\ARM_GCC_541\Debug\UART_PM.o .\CortexM3\ARM_GCC_541\Debug\UART_INT.o .\CortexM3\ARM_GCC_541\Debug\UART_BOOT.o .\CortexM3\ARM_GCC_541\Debug\UART_IntClock.o .\CortexM3\ARM_GCC_541\Debug\PWM.o .\CortexM3\ARM_GCC_541\Debug\PWM_PM.o .\CortexM3\ARM_GCC_541\Debug\CyBootAsmGnu.o
arm-none-eabi-ar.exe: creating .\CortexM3\ARM_GCC_541\Debug\RTOS_UART_StringMessage.a
arm-none-eabi-gcc.exe -Wl,--start-group -o "C:\Users\Tri94\Documents\PSoC Creator\EE4450\EE4450-Projects\RTOS_UART_StringMessage.cydsn\CortexM3\ARM_GCC_541\Debug\RTOS_UART_StringMessage.elf" .\CortexM3\ARM_GCC_541\Debug\main.o .\CortexM3\ARM_GCC_541\Debug\heap_1.o .\CortexM3\ARM_GCC_541\Debug\port.o .\CortexM3\ARM_GCC_541\Debug\croutine.o .\CortexM3\ARM_GCC_541\Debug\event_groups.o .\CortexM3\ARM_GCC_541\Debug\FreeRTOS_PSoC.o .\CortexM3\ARM_GCC_541\Debug\list.o .\CortexM3\ARM_GCC_541\Debug\queue.o .\CortexM3\ARM_GCC_541\Debug\stream_buffer.o .\CortexM3\ARM_GCC_541\Debug\tasks.o .\CortexM3\ARM_GCC_541\Debug\timers.o .\CortexM3\ARM_GCC_541\Debug\cyfitter_cfg.o .\CortexM3\ARM_GCC_541\Debug\cymetadata.o .\CortexM3\ARM_GCC_541\Debug\Cm3Start.o .\CortexM3\ARM_GCC_541\Debug\RTOS_UART_StringMessage.a "C:\Program Files (x86)\Cypress\PSoC Creator\4.2\PSoC Creator\psoc\content\cycomponentlibrary\CyComponentLibrary.cylib\CortexM3\ARM_GCC_541\Debug\CyComponentLibrary.a" -mcpu=cortex-m3 -mthumb -L Generated_Source\PSoC5 -Wl,-Map,.\CortexM3\ARM_GCC_541\Debug/RTOS_UART_StringMessage.map -T Generated_Source\PSoC5\cm3gcc.ld -specs=nano.specs -Wl,--gc-sections -g -ffunction-sections -Og -ffat-lto-objects -Wl,--end-group
cyelftool.exe -C "C:\Users\Tri94\Documents\PSoC Creator\EE4450\EE4450-Projects\RTOS_UART_StringMessage.cydsn\CortexM3\ARM_GCC_541\Debug\RTOS_UART_StringMessage.elf" --flash_row_size 256 --flash_size 262144 --flash_offset 0x00000000
No ELF section .cychecksum found, creating one
Application checksum calculated and stored in ELF section .cychecksum
Checksum calculated and stored in ELF section .cymeta
cyelftool.exe -S "C:\Users\Tri94\Documents\PSoC Creator\EE4450\EE4450-Projects\RTOS_UART_StringMessage.cydsn\CortexM3\ARM_GCC_541\Debug\RTOS_UART_StringMessage.elf"
Flash used: 7024 of 262144 bytes (2.7%).
SRAM used: 35625 of 65536 bytes (54.4%). Stack: 2048 bytes. Heap: 128 bytes.
--------------- Build Succeeded: 11/26/2019 20:10:16 ---------------
