#***************************************************************************

#sjplacer

#Version:            1.1

#Build Date:         Dec  5 2017 15:35:27

#File Generated:     Oct 1 2019 18:35:17

#Purpose:            

#Copyright (C) 2010-2011 by Softjin Technologies Pvt Ltd. All rights reserved.

#***************************************************************************

Executing : C:\Program Files (x86)\Cypress\PSoC Creator\4.2\PSoC Creator\bin/sjplacer.exe --proj-name I2C_RTC --netlist-vh2 I2C_RTC_p.vh2 --arch p35_udb4x6 --arch-file C:\Users\Tri94\Documents\PSoC Creator\4.2\Devices\arch/udbdsi_4x6_24.cydata --ip-file C:\Users\Tri94\Documents\PSoC Creator\4.2\Devices\psoc5/psoc5lp/ip_blocks.cydata --rrg-file C:\Users\Tri94\Documents\PSoC Creator\4.2\Devices\psoc5/psoc5lp/route_arch-rrg.cydata --irq-file C:\Users\Tri94\Documents\PSoC Creator\4.2\Devices\psoc5/psoc5lp/irqconn.cydata --drq-file C:\Users\Tri94\Documents\PSoC Creator\4.2\Devices\psoc5/psoc5lp/dmaconn.cydata --dsi-conn-file C:\Users\Tri94\Documents\PSoC Creator\4.2\Devices\psoc5/psoc5lp/dsiconn.cydata --pins-file pins_68-QFN.xml --lib-file I2C_RTC_p.lib --sdc-file I2C_RTC.sdc --io-pcf I2C_RTC.pci --outdir .

		Softjin Techologies Placer, Version 1.1

Build Date : Dec  5 2017	15:33:41

D2004: Option and Settings Summary
=============================================================
Netlist vh2 file          - I2C_RTC_p.vh2
Architecture file         - C:\Users\Tri94\Documents\PSoC Creator\4.2\Devices\arch/udbdsi_4x6_24.cydata
Package                   - 
Defparam file             - 
SDC file                  - I2C_RTC.sdc
Output directory          - .
Timing library            - I2C_RTC_p.lib
IO Placement file         - I2C_RTC.pci

D2050: Starting reading inputs for placer
=============================================================
D2065: Reading netlist file : "I2C_RTC_p.vh2"
D2065: Reading arch file : "C:\Users\Tri94\Documents\PSoC Creator\4.2\Devices\arch/udbdsi_4x6_24.cydata"
D2051: Reading of inputs for placer completed successfully

D2053: Starting placement of the design
=============================================================

Phase 2
Phase 3

Design Statistics after Packing
    Number of Combinational MCs 	:	10
    Number of Sequential MCs    	:	23
    Number of DPs               	:	2
    Number of Controls          	:	1
    Number of Status            	:	1
    Number of SyncCells         	:	0
    Number of count7cells       	:	0

Device Utilization Summary after Packing
    Macrocells                  :	33/192
    UDBS                        :	7/24
    IOs                         :	10/72


D2088: Phase 3, elapsed time : 0.0 (sec)

Phase 4
D2088: Phase 4, elapsed time : 0.0 (sec)

Phase 5
D2088: Phase 5, elapsed time : 0.0 (sec)

Phase 6

######################################################################
Placement Timing Summary

The timing summary is based on estimated routing delays after
placement. For final timing report, please carry out the timing
analysis after routing.
======================================================================

######################################################################
                     Clock Summary 
======================================================================
Number of clocks: 6
Clock: CyBUS_CLK            | Frequency:  87.1 MHz | Target:  24.0 MHz
Clock: CyILO                | Frequency: N/A       | Target:   0.0 MHz
Clock: CyIMO                | Frequency: N/A       | Target:   3.0 MHz
Clock: CyMASTER_CLK         | Frequency: N/A       | Target:  24.0 MHz
Clock: CyPLL_OUT            | Frequency: N/A       | Target:  24.0 MHz
Clock: I2C_IntClock         | Frequency:  36.5 MHz | Target:   6.0 MHz

======================================================================
                     End of Clock Summary
######################################################################

D2088: Phase 6, elapsed time : 0.0 (sec)

Phase 7
######################################################################
                     Clock Summary 
======================================================================
Number of clocks: 6
Clock: CyBUS_CLK            | Frequency:  92.8 MHz | Target:  24.0 MHz
Clock: CyILO                | Frequency: N/A       | Target:   0.0 MHz
Clock: CyIMO                | Frequency: N/A       | Target:   3.0 MHz
Clock: CyMASTER_CLK         | Frequency: N/A       | Target:  24.0 MHz
Clock: CyPLL_OUT            | Frequency: N/A       | Target:  24.0 MHz
Clock: I2C_IntClock         | Frequency:  35.4 MHz | Target:   6.0 MHz

======================================================================
                     End of Clock Summary
######################################################################
D2088: Phase 7, elapsed time : 0.5 (sec)

Final Design Statistics
    Number of Combinational MCs 	:	10
    Number of Sequential MCs    	:	23
    Number of DPs               	:	2
    Number of Controls          	:	1
    Number of Status            	:	1
    Number of SyncCells         	:	0
    Number of count7cells       	:	0
    Number of IOs       	:	10

Device Utilization Summary
    Macrocells                  :	33/192
    IOs                         :	10/72



######################################################################
Placement Timing Summary

The timing summary is based on estimated routing delays after
placement. For final timing report, please carry out the timing
analysis after routing.
======================================================================


######################################################################
                     Clock Summary 
======================================================================
Number of clocks: 6
Clock: CyBUS_CLK            | Frequency:   2.6 MHz | Target:  26.3 MHz
Clock: CyILO                | Frequency: N/A       | Target:   0.0 MHz
Clock: CyIMO                | Frequency: N/A       | Target:   3.0 MHz
Clock: CyMASTER_CLK         | Frequency: N/A       | Target:  24.0 MHz
Clock: CyPLL_OUT            | Frequency: N/A       | Target:  24.0 MHz
Clock: I2C_IntClock         | Frequency:   2.6 MHz | Target:   6.6 MHz

======================================================================
                     End of Clock Summary
######################################################################

Phase 8
D2088: Phase 8, elapsed time : 0.0 (sec)

D2054: Placement of the design completed successfully

I2076: Total run-time: 1.0 sec.

