ARM GAS  C:\Users\Tri94\AppData\Local\Temp\cca0RNib.s 			page 1


   1              		.syntax unified
   2              		.cpu cortex-m3
   3              		.fpu softvfp
   4              		.eabi_attribute 20, 1
   5              		.eabi_attribute 21, 1
   6              		.eabi_attribute 23, 3
   7              		.eabi_attribute 24, 1
   8              		.eabi_attribute 25, 1
   9              		.eabi_attribute 26, 1
  10              		.eabi_attribute 30, 1
  11              		.eabi_attribute 34, 1
  12              		.eabi_attribute 18, 4
  13              		.thumb
  14              		.syntax unified
  15              		.file	"cymetadata.c"
  16              		.text
  17              	.Ltext0:
  18              		.cfi_sections	.debug_frame
  19              		.global	cy_metadata
  20              		.global	cy_meta_flashprotect
  21              		.global	cy_meta_wonvl
  22              		.global	cy_meta_custnvl
  23              		.global	cy_meta_configecc
  24              		.section	.cyconfigecc,"a",%progbits
  25              		.align	2
  26              		.type	cy_meta_configecc, %object
  27              		.size	cy_meta_configecc, 916
  28              	cy_meta_configecc:
  29 0000 05       		.byte	5
  30 0001 4F       		.byte	79
  31 0002 00       		.byte	0
  32 0003 40       		.byte	64
  33 0004 03       		.byte	3
  34 0005 52       		.byte	82
  35 0006 00       		.byte	0
  36 0007 40       		.byte	64
  37 0008 03       		.byte	3
  38 0009 65       		.byte	101
  39 000a 00       		.byte	0
  40 000b 40       		.byte	64
  41 000c 04       		.byte	4
  42 000d 14       		.byte	20
  43 000e 01       		.byte	1
  44 000f 40       		.byte	64
  45 0010 03       		.byte	3
  46 0011 15       		.byte	21
  47 0012 01       		.byte	1
  48 0013 40       		.byte	64
  49 0014 03       		.byte	3
  50 0015 17       		.byte	23
  51 0016 01       		.byte	1
  52 0017 40       		.byte	64
  53 0018 11       		.byte	17
  54 0019 18       		.byte	24
  55 001a 01       		.byte	1
  56 001b 40       		.byte	64
  57 001c 3C       		.byte	60
ARM GAS  C:\Users\Tri94\AppData\Local\Temp\cca0RNib.s 			page 2


  58 001d 19       		.byte	25
  59 001e 01       		.byte	1
  60 001f 40       		.byte	64
  61 0020 6C       		.byte	108
  62 0021 1A       		.byte	26
  63 0022 01       		.byte	1
  64 0023 40       		.byte	64
  65 0024 50       		.byte	80
  66 0025 1B       		.byte	27
  67 0026 01       		.byte	1
  68 0027 40       		.byte	64
  69 0028 03       		.byte	3
  70 0029 40       		.byte	64
  71 002a 01       		.byte	1
  72 002b 40       		.byte	64
  73 002c 03       		.byte	3
  74 002d 41       		.byte	65
  75 002e 01       		.byte	1
  76 002f 40       		.byte	64
  77 0030 02       		.byte	2
  78 0031 42       		.byte	66
  79 0032 01       		.byte	1
  80 0033 40       		.byte	64
  81 0034 05       		.byte	5
  82 0035 43       		.byte	67
  83 0036 01       		.byte	1
  84 0037 40       		.byte	64
  85 0038 02       		.byte	2
  86 0039 45       		.byte	69
  87 003a 01       		.byte	1
  88 003b 40       		.byte	64
  89 003c 01       		.byte	1
  90 003d 46       		.byte	70
  91 003e 01       		.byte	1
  92 003f 40       		.byte	64
  93 0040 01       		.byte	1
  94 0041 47       		.byte	71
  95 0042 01       		.byte	1
  96 0043 40       		.byte	64
  97 0044 0B       		.byte	11
  98 0045 48       		.byte	72
  99 0046 01       		.byte	1
 100 0047 40       		.byte	64
 101 0048 02       		.byte	2
 102 0049 49       		.byte	73
 103 004a 01       		.byte	1
 104 004b 40       		.byte	64
 105 004c 03       		.byte	3
 106 004d 4C       		.byte	76
 107 004e 01       		.byte	1
 108 004f 40       		.byte	64
 109 0050 07       		.byte	7
 110 0051 4D       		.byte	77
 111 0052 01       		.byte	1
 112 0053 40       		.byte	64
 113 0054 02       		.byte	2
 114 0055 50       		.byte	80
ARM GAS  C:\Users\Tri94\AppData\Local\Temp\cca0RNib.s 			page 3


 115 0056 01       		.byte	1
 116 0057 40       		.byte	64
 117 0058 01       		.byte	1
 118 0059 51       		.byte	81
 119 005a 01       		.byte	1
 120 005b 40       		.byte	64
 121 005c 01       		.byte	1
 122 005d 20       		.byte	32
 123 005e 0A       		.byte	10
 124 005f 36       		.byte	54
 125 0060 16       		.byte	22
 126 0061 36       		.byte	54
 127 0062 19       		.byte	25
 128 0063 10       		.byte	16
 129 0064 22       		.byte	34
 130 0065 36       		.byte	54
 131 0066 11       		.byte	17
 132 0067 20       		.byte	32
 133 0068 61       		.byte	97
 134 0069 80       		.byte	-128
 135 006a 64       		.byte	100
 136 006b 40       		.byte	64
 137 006c 89       		.byte	-119
 138 006d 72       		.byte	114
 139 006e 8A       		.byte	-118
 140 006f 0F       		.byte	15
 141 0070 8B       		.byte	-117
 142 0071 38       		.byte	56
 143 0072 39       		.byte	57
 144 0073 80       		.byte	-128
 145 0074 3F       		.byte	63
 146 0075 40       		.byte	64
 147 0076 59       		.byte	89
 148 0077 04       		.byte	4
 149 0078 5F       		.byte	95
 150 0079 01       		.byte	1
 151 007a 22       		.byte	34
 152 007b 80       		.byte	-128
 153 007c A6       		.byte	-90
 154 007d 80       		.byte	-128
 155 007e E2       		.byte	-30
 156 007f 80       		.byte	-128
 157 0080 82       		.byte	-126
 158 0081 80       		.byte	-128
 159 0082 E2       		.byte	-30
 160 0083 04       		.byte	4
 161 0084 E8       		.byte	-24
 162 0085 10       		.byte	16
 163 0086 02       		.byte	2
 164 0087 08       		.byte	8
 165 0088 04       		.byte	4
 166 0089 01       		.byte	1
 167 008a 0A       		.byte	10
 168 008b 08       		.byte	8
 169 008c 10       		.byte	16
 170 008d 04       		.byte	4
 171 008e 14       		.byte	20
ARM GAS  C:\Users\Tri94\AppData\Local\Temp\cca0RNib.s 			page 4


 172 008f 02       		.byte	2
 173 0090 24       		.byte	36
 174 0091 04       		.byte	4
 175 0092 28       		.byte	40
 176 0093 04       		.byte	4
 177 0094 30       		.byte	48
 178 0095 02       		.byte	2
 179 0096 32       		.byte	50
 180 0097 08       		.byte	8
 181 0098 34       		.byte	52
 182 0099 01       		.byte	1
 183 009a 36       		.byte	54
 184 009b 04       		.byte	4
 185 009c 3B       		.byte	59
 186 009d 80       		.byte	-128
 187 009e 3E       		.byte	62
 188 009f 15       		.byte	21
 189 00a0 58       		.byte	88
 190 00a1 04       		.byte	4
 191 00a2 59       		.byte	89
 192 00a3 04       		.byte	4
 193 00a4 5C       		.byte	92
 194 00a5 33       		.byte	51
 195 00a6 5F       		.byte	95
 196 00a7 01       		.byte	1
 197 00a8 00       		.byte	0
 198 00a9 04       		.byte	4
 199 00aa 02       		.byte	2
 200 00ab 02       		.byte	2
 201 00ac 03       		.byte	3
 202 00ad 88       		.byte	-120
 203 00ae 04       		.byte	4
 204 00af 02       		.byte	2
 205 00b0 06       		.byte	6
 206 00b1 14       		.byte	20
 207 00b2 08       		.byte	8
 208 00b3 20       		.byte	32
 209 00b4 0A       		.byte	10
 210 00b5 28       		.byte	40
 211 00b6 0B       		.byte	11
 212 00b7 80       		.byte	-128
 213 00b8 0E       		.byte	14
 214 00b9 60       		.byte	96
 215 00ba 10       		.byte	16
 216 00bb A8       		.byte	-88
 217 00bc 11       		.byte	17
 218 00bd 80       		.byte	-128
 219 00be 17       		.byte	23
 220 00bf 28       		.byte	40
 221 00c0 18       		.byte	24
 222 00c1 06       		.byte	6
 223 00c2 19       		.byte	25
 224 00c3 11       		.byte	17
 225 00c4 1B       		.byte	27
 226 00c5 08       		.byte	8
 227 00c6 1E       		.byte	30
 228 00c7 86       		.byte	-122
ARM GAS  C:\Users\Tri94\AppData\Local\Temp\cca0RNib.s 			page 5


 229 00c8 1F       		.byte	31
 230 00c9 44       		.byte	68
 231 00ca 22       		.byte	34
 232 00cb 04       		.byte	4
 233 00cc 23       		.byte	35
 234 00cd 06       		.byte	6
 235 00ce 25       		.byte	37
 236 00cf 40       		.byte	64
 237 00d0 26       		.byte	38
 238 00d1 80       		.byte	-128
 239 00d2 27       		.byte	39
 240 00d3 01       		.byte	1
 241 00d4 28       		.byte	40
 242 00d5 21       		.byte	33
 243 00d6 29       		.byte	41
 244 00d7 10       		.byte	16
 245 00d8 2B       		.byte	43
 246 00d9 80       		.byte	-128
 247 00da 32       		.byte	50
 248 00db 91       		.byte	-111
 249 00dc 33       		.byte	51
 250 00dd 08       		.byte	8
 251 00de 38       		.byte	56
 252 00df 28       		.byte	40
 253 00e0 3A       		.byte	58
 254 00e1 02       		.byte	2
 255 00e2 3B       		.byte	59
 256 00e3 80       		.byte	-128
 257 00e4 40       		.byte	64
 258 00e5 05       		.byte	5
 259 00e6 42       		.byte	66
 260 00e7 20       		.byte	32
 261 00e8 43       		.byte	67
 262 00e9 01       		.byte	1
 263 00ea 48       		.byte	72
 264 00eb 10       		.byte	16
 265 00ec 4A       		.byte	74
 266 00ed 01       		.byte	1
 267 00ee 52       		.byte	82
 268 00ef 04       		.byte	4
 269 00f0 59       		.byte	89
 270 00f1 01       		.byte	1
 271 00f2 66       		.byte	102
 272 00f3 20       		.byte	32
 273 00f4 67       		.byte	103
 274 00f5 04       		.byte	4
 275 00f6 69       		.byte	105
 276 00f7 14       		.byte	20
 277 00f8 6A       		.byte	106
 278 00f9 40       		.byte	64
 279 00fa 6B       		.byte	107
 280 00fb 28       		.byte	40
 281 00fc 70       		.byte	112
 282 00fd BC       		.byte	-68
 283 00fe 72       		.byte	114
 284 00ff 02       		.byte	2
 285 0100 82       		.byte	-126
ARM GAS  C:\Users\Tri94\AppData\Local\Temp\cca0RNib.s 			page 6


 286 0101 01       		.byte	1
 287 0102 86       		.byte	-122
 288 0103 40       		.byte	64
 289 0104 88       		.byte	-120
 290 0105 01       		.byte	1
 291 0106 89       		.byte	-119
 292 0107 08       		.byte	8
 293 0108 8A       		.byte	-118
 294 0109 02       		.byte	2
 295 010a C0       		.byte	-64
 296 010b 7F       		.byte	127
 297 010c C2       		.byte	-62
 298 010d 3E       		.byte	62
 299 010e C4       		.byte	-60
 300 010f 6F       		.byte	111
 301 0110 CA       		.byte	-54
 302 0111 0F       		.byte	15
 303 0112 CC       		.byte	-52
 304 0113 0F       		.byte	15
 305 0114 CE       		.byte	-50
 306 0115 0F       		.byte	15
 307 0116 D0       		.byte	-48
 308 0117 0F       		.byte	15
 309 0118 D2       		.byte	-46
 310 0119 08       		.byte	8
 311 011a D6       		.byte	-42
 312 011b 01       		.byte	1
 313 011c E4       		.byte	-28
 314 011d 02       		.byte	2
 315 011e E8       		.byte	-24
 316 011f 10       		.byte	16
 317 0120 01       		.byte	1
 318 0121 09       		.byte	9
 319 0122 03       		.byte	3
 320 0123 A6       		.byte	-90
 321 0124 04       		.byte	4
 322 0125 13       		.byte	19
 323 0126 05       		.byte	5
 324 0127 1F       		.byte	31
 325 0128 06       		.byte	6
 326 0129 04       		.byte	4
 327 012a 09       		.byte	9
 328 012b 1F       		.byte	31
 329 012c 0A       		.byte	10
 330 012d 20       		.byte	32
 331 012e 0E       		.byte	14
 332 012f 08       		.byte	8
 333 0130 10       		.byte	16
 334 0131 13       		.byte	19
 335 0132 12       		.byte	18
 336 0133 0C       		.byte	12
 337 0134 15       		.byte	21
 338 0135 12       		.byte	18
 339 0136 17       		.byte	23
 340 0137 85       		.byte	-123
 341 0138 19       		.byte	25
 342 0139 04       		.byte	4
ARM GAS  C:\Users\Tri94\AppData\Local\Temp\cca0RNib.s 			page 7


 343 013a 1A       		.byte	26
 344 013b 20       		.byte	32
 345 013c 1B       		.byte	27
 346 013d 58       		.byte	88
 347 013e 1C       		.byte	28
 348 013f 03       		.byte	3
 349 0140 1E       		.byte	30
 350 0141 14       		.byte	20
 351 0142 22       		.byte	34
 352 0143 15       		.byte	21
 353 0144 24       		.byte	36
 354 0145 0A       		.byte	10
 355 0146 26       		.byte	38
 356 0147 14       		.byte	20
 357 0148 30       		.byte	48
 358 0149 0F       		.byte	15
 359 014a 31       		.byte	49
 360 014b 20       		.byte	32
 361 014c 32       		.byte	50
 362 014d 20       		.byte	32
 363 014e 33       		.byte	51
 364 014f 03       		.byte	3
 365 0150 34       		.byte	52
 366 0151 10       		.byte	16
 367 0152 35       		.byte	53
 368 0153 1C       		.byte	28
 369 0154 37       		.byte	55
 370 0155 C0       		.byte	-64
 371 0156 3A       		.byte	58
 372 0157 02       		.byte	2
 373 0158 3E       		.byte	62
 374 0159 14       		.byte	20
 375 015a 3F       		.byte	63
 376 015b 40       		.byte	64
 377 015c 40       		.byte	64
 378 015d 15       		.byte	21
 379 015e 41       		.byte	65
 380 015f 02       		.byte	2
 381 0160 46       		.byte	70
 382 0161 EC       		.byte	-20
 383 0162 47       		.byte	71
 384 0163 0B       		.byte	11
 385 0164 48       		.byte	72
 386 0165 1C       		.byte	28
 387 0166 49       		.byte	73
 388 0167 FF       		.byte	-1
 389 0168 4A       		.byte	74
 390 0169 FF       		.byte	-1
 391 016a 4B       		.byte	75
 392 016b FF       		.byte	-1
 393 016c 4E       		.byte	78
 394 016d F0       		.byte	-16
 395 016e 4F       		.byte	79
 396 016f 44       		.byte	68
 397 0170 50       		.byte	80
 398 0171 0C       		.byte	12
 399 0172 54       		.byte	84
ARM GAS  C:\Users\Tri94\AppData\Local\Temp\cca0RNib.s 			page 8


 400 0173 01       		.byte	1
 401 0174 56       		.byte	86
 402 0175 04       		.byte	4
 403 0176 58       		.byte	88
 404 0177 04       		.byte	4
 405 0178 59       		.byte	89
 406 0179 04       		.byte	4
 407 017a 5A       		.byte	90
 408 017b 04       		.byte	4
 409 017c 5B       		.byte	91
 410 017d 04       		.byte	4
 411 017e 5C       		.byte	92
 412 017f 33       		.byte	51
 413 0180 5D       		.byte	93
 414 0181 33       		.byte	51
 415 0182 5F       		.byte	95
 416 0183 01       		.byte	1
 417 0184 66       		.byte	102
 418 0185 C0       		.byte	-64
 419 0186 6A       		.byte	106
 420 0187 40       		.byte	64
 421 0188 6B       		.byte	107
 422 0189 02       		.byte	2
 423 018a 81       		.byte	-127
 424 018b 80       		.byte	-128
 425 018c 83       		.byte	-125
 426 018d 13       		.byte	19
 427 018e 84       		.byte	-124
 428 018f 0C       		.byte	12
 429 0190 86       		.byte	-122
 430 0191 71       		.byte	113
 431 0192 88       		.byte	-120
 432 0193 DC       		.byte	-36
 433 0194 8A       		.byte	-118
 434 0195 22       		.byte	34
 435 0196 8E       		.byte	-114
 436 0197 20       		.byte	32
 437 0198 93       		.byte	-109
 438 0199 0C       		.byte	12
 439 019a 95       		.byte	-107
 440 019b 2C       		.byte	44
 441 019c 96       		.byte	-106
 442 019d 03       		.byte	3
 443 019e 97       		.byte	-105
 444 019f 43       		.byte	67
 445 01a0 9C       		.byte	-100
 446 01a1 10       		.byte	16
 447 01a2 9E       		.byte	-98
 448 01a3 AC       		.byte	-84
 449 01a4 A0       		.byte	-96
 450 01a5 09       		.byte	9
 451 01a6 A2       		.byte	-94
 452 01a7 D0       		.byte	-48
 453 01a8 A4       		.byte	-92
 454 01a9 14       		.byte	20
 455 01aa A5       		.byte	-91
 456 01ab 71       		.byte	113
ARM GAS  C:\Users\Tri94\AppData\Local\Temp\cca0RNib.s 			page 9


 457 01ac A7       		.byte	-89
 458 01ad 0E       		.byte	14
 459 01ae A8       		.byte	-88
 460 01af 10       		.byte	16
 461 01b0 AA       		.byte	-86
 462 01b1 40       		.byte	64
 463 01b2 AB       		.byte	-85
 464 01b3 08       		.byte	8
 465 01b4 AD       		.byte	-83
 466 01b5 71       		.byte	113
 467 01b6 AF       		.byte	-81
 468 01b7 06       		.byte	6
 469 01b8 B2       		.byte	-78
 470 01b9 1F       		.byte	31
 471 01ba B3       		.byte	-77
 472 01bb 30       		.byte	48
 473 01bc B4       		.byte	-76
 474 01bd E0       		.byte	-32
 475 01be B5       		.byte	-75
 476 01bf 0F       		.byte	15
 477 01c0 B7       		.byte	-73
 478 01c1 C0       		.byte	-64
 479 01c2 B9       		.byte	-71
 480 01c3 88       		.byte	-120
 481 01c4 BA       		.byte	-70
 482 01c5 20       		.byte	32
 483 01c6 BB       		.byte	-69
 484 01c7 20       		.byte	32
 485 01c8 BF       		.byte	-65
 486 01c9 04       		.byte	4
 487 01ca C0       		.byte	-64
 488 01cb 02       		.byte	2
 489 01cc C7       		.byte	-57
 490 01cd 04       		.byte	4
 491 01ce C9       		.byte	-55
 492 01cf FF       		.byte	-1
 493 01d0 CA       		.byte	-54
 494 01d1 07       		.byte	7
 495 01d2 CB       		.byte	-53
 496 01d3 FF       		.byte	-1
 497 01d4 CC       		.byte	-52
 498 01d5 40       		.byte	64
 499 01d6 CD       		.byte	-51
 500 01d7 20       		.byte	32
 501 01d8 CE       		.byte	-50
 502 01d9 F0       		.byte	-16
 503 01da CF       		.byte	-49
 504 01db 05       		.byte	5
 505 01dc D0       		.byte	-48
 506 01dd 08       		.byte	8
 507 01de D4       		.byte	-44
 508 01df 18       		.byte	24
 509 01e0 D6       		.byte	-42
 510 01e1 04       		.byte	4
 511 01e2 D8       		.byte	-40
 512 01e3 04       		.byte	4
 513 01e4 D9       		.byte	-39
ARM GAS  C:\Users\Tri94\AppData\Local\Temp\cca0RNib.s 			page 10


 514 01e5 04       		.byte	4
 515 01e6 DA       		.byte	-38
 516 01e7 04       		.byte	4
 517 01e8 DB       		.byte	-37
 518 01e9 04       		.byte	4
 519 01ea DC       		.byte	-36
 520 01eb 33       		.byte	51
 521 01ec DD       		.byte	-35
 522 01ed 33       		.byte	51
 523 01ee DF       		.byte	-33
 524 01ef 01       		.byte	1
 525 01f0 E0       		.byte	-32
 526 01f1 40       		.byte	64
 527 01f2 E1       		.byte	-31
 528 01f3 A8       		.byte	-88
 529 01f4 E2       		.byte	-30
 530 01f5 40       		.byte	64
 531 01f6 E3       		.byte	-29
 532 01f7 20       		.byte	32
 533 01f8 00       		.byte	0
 534 01f9 20       		.byte	32
 535 01fa 03       		.byte	3
 536 01fb 21       		.byte	33
 537 01fc 04       		.byte	4
 538 01fd 84       		.byte	-124
 539 01fe 07       		.byte	7
 540 01ff 08       		.byte	8
 541 0200 08       		.byte	8
 542 0201 02       		.byte	2
 543 0202 09       		.byte	9
 544 0203 80       		.byte	-128
 545 0204 0A       		.byte	10
 546 0205 40       		.byte	64
 547 0206 0B       		.byte	11
 548 0207 04       		.byte	4
 549 0208 0E       		.byte	14
 550 0209 20       		.byte	32
 551 020a 0F       		.byte	15
 552 020b 02       		.byte	2
 553 020c 13       		.byte	19
 554 020d 09       		.byte	9
 555 020e 15       		.byte	21
 556 020f 08       		.byte	8
 557 0210 16       		.byte	22
 558 0211 04       		.byte	4
 559 0212 17       		.byte	23
 560 0213 01       		.byte	1
 561 0214 18       		.byte	24
 562 0215 28       		.byte	40
 563 0216 1A       		.byte	26
 564 0217 40       		.byte	64
 565 0218 1B       		.byte	27
 566 0219 01       		.byte	1
 567 021a 1C       		.byte	28
 568 021b 04       		.byte	4
 569 021c 1E       		.byte	30
 570 021d 20       		.byte	32
ARM GAS  C:\Users\Tri94\AppData\Local\Temp\cca0RNib.s 			page 11


 571 021e 1F       		.byte	31
 572 021f 20       		.byte	32
 573 0220 20       		.byte	32
 574 0221 01       		.byte	1
 575 0222 21       		.byte	33
 576 0223 08       		.byte	8
 577 0224 22       		.byte	34
 578 0225 11       		.byte	17
 579 0226 27       		.byte	39
 580 0227 29       		.byte	41
 581 0228 2E       		.byte	46
 582 0229 40       		.byte	64
 583 022a 2F       		.byte	47
 584 022b 28       		.byte	40
 585 022c 31       		.byte	49
 586 022d 08       		.byte	8
 587 022e 32       		.byte	50
 588 022f 10       		.byte	16
 589 0230 37       		.byte	55
 590 0231 09       		.byte	9
 591 0232 38       		.byte	56
 592 0233 02       		.byte	2
 593 0234 39       		.byte	57
 594 0235 14       		.byte	20
 595 0236 3C       		.byte	60
 596 0237 02       		.byte	2
 597 0238 3F       		.byte	63
 598 0239 01       		.byte	1
 599 023a 40       		.byte	64
 600 023b 02       		.byte	2
 601 023c 43       		.byte	67
 602 023d 20       		.byte	32
 603 023e 47       		.byte	71
 604 023f 20       		.byte	32
 605 0240 48       		.byte	72
 606 0241 01       		.byte	1
 607 0242 4C       		.byte	76
 608 0243 40       		.byte	64
 609 0244 4F       		.byte	79
 610 0245 01       		.byte	1
 611 0246 51       		.byte	81
 612 0247 C4       		.byte	-60
 613 0248 52       		.byte	82
 614 0249 10       		.byte	16
 615 024a 56       		.byte	86
 616 024b 04       		.byte	4
 617 024c 57       		.byte	87
 618 024d 08       		.byte	8
 619 024e 58       		.byte	88
 620 024f 81       		.byte	-127
 621 0250 5A       		.byte	90
 622 0251 14       		.byte	20
 623 0252 5F       		.byte	95
 624 0253 02       		.byte	2
 625 0254 62       		.byte	98
 626 0255 01       		.byte	1
 627 0256 65       		.byte	101
ARM GAS  C:\Users\Tri94\AppData\Local\Temp\cca0RNib.s 			page 12


 628 0257 80       		.byte	-128
 629 0258 66       		.byte	102
 630 0259 02       		.byte	2
 631 025a 67       		.byte	103
 632 025b 08       		.byte	8
 633 025c 81       		.byte	-127
 634 025d 40       		.byte	64
 635 025e 82       		.byte	-126
 636 025f 10       		.byte	16
 637 0260 84       		.byte	-124
 638 0261 01       		.byte	1
 639 0262 86       		.byte	-122
 640 0263 10       		.byte	16
 641 0264 8A       		.byte	-118
 642 0265 02       		.byte	2
 643 0266 8C       		.byte	-116
 644 0267 95       		.byte	-107
 645 0268 8D       		.byte	-115
 646 0269 80       		.byte	-128
 647 026a 8F       		.byte	-113
 648 026b 80       		.byte	-128
 649 026c 91       		.byte	-111
 650 026d 14       		.byte	20
 651 026e 92       		.byte	-110
 652 026f 04       		.byte	4
 653 0270 93       		.byte	-109
 654 0271 0C       		.byte	12
 655 0272 94       		.byte	-108
 656 0273 01       		.byte	1
 657 0274 96       		.byte	-106
 658 0275 22       		.byte	34
 659 0276 9B       		.byte	-101
 660 0277 02       		.byte	2
 661 0278 9E       		.byte	-98
 662 0279 11       		.byte	17
 663 027a A0       		.byte	-96
 664 027b 10       		.byte	16
 665 027c A5       		.byte	-91
 666 027d 08       		.byte	8
 667 027e A6       		.byte	-90
 668 027f 10       		.byte	16
 669 0280 A7       		.byte	-89
 670 0281 80       		.byte	-128
 671 0282 C0       		.byte	-64
 672 0283 E7       		.byte	-25
 673 0284 C2       		.byte	-62
 674 0285 AB       		.byte	-85
 675 0286 C4       		.byte	-60
 676 0287 7C       		.byte	124
 677 0288 CA       		.byte	-54
 678 0289 70       		.byte	112
 679 028a CC       		.byte	-52
 680 028b C6       		.byte	-58
 681 028c CE       		.byte	-50
 682 028d 87       		.byte	-121
 683 028e D0       		.byte	-48
 684 028f 2C       		.byte	44
ARM GAS  C:\Users\Tri94\AppData\Local\Temp\cca0RNib.s 			page 13


 685 0290 D2       		.byte	-46
 686 0291 08       		.byte	8
 687 0292 D6       		.byte	-42
 688 0293 8F       		.byte	-113
 689 0294 D8       		.byte	-40
 690 0295 B1       		.byte	-79
 691 0296 E2       		.byte	-30
 692 0297 80       		.byte	-128
 693 0298 31       		.byte	49
 694 0299 40       		.byte	64
 695 029a 35       		.byte	53
 696 029b 80       		.byte	-128
 697 029c CC       		.byte	-52
 698 029d 30       		.byte	48
 699 029e 63       		.byte	99
 700 029f 02       		.byte	2
 701 02a0 9D       		.byte	-99
 702 02a1 C0       		.byte	-64
 703 02a2 D6       		.byte	-42
 704 02a3 40       		.byte	64
 705 02a4 9D       		.byte	-99
 706 02a5 C0       		.byte	-64
 707 02a6 A7       		.byte	-89
 708 02a7 01       		.byte	1
 709 02a8 1B       		.byte	27
 710 02a9 01       		.byte	1
 711 02aa 1C       		.byte	28
 712 02ab 10       		.byte	16
 713 02ac 9D       		.byte	-99
 714 02ad C0       		.byte	-64
 715 02ae A7       		.byte	-89
 716 02af 01       		.byte	1
 717 02b0 C6       		.byte	-58
 718 02b1 30       		.byte	48
 719 02b2 60       		.byte	96
 720 02b3 80       		.byte	-128
 721 02b4 D8       		.byte	-40
 722 02b5 02       		.byte	2
 723 02b6 9C       		.byte	-100
 724 02b7 80       		.byte	-128
 725 02b8 9C       		.byte	-100
 726 02b9 80       		.byte	-128
 727 02ba 64       		.byte	100
 728 02bb 20       		.byte	32
 729 02bc 69       		.byte	105
 730 02bd 40       		.byte	64
 731 02be 6C       		.byte	108
 732 02bf 01       		.byte	1
 733 02c0 80       		.byte	-128
 734 02c1 21       		.byte	33
 735 02c2 81       		.byte	-127
 736 02c3 C0       		.byte	-64
 737 02c4 9D       		.byte	-99
 738 02c5 C0       		.byte	-64
 739 02c6 B4       		.byte	-76
 740 02c7 10       		.byte	16
 741 02c8 D8       		.byte	-40
ARM GAS  C:\Users\Tri94\AppData\Local\Temp\cca0RNib.s 			page 14


 742 02c9 80       		.byte	-128
 743 02ca DA       		.byte	-38
 744 02cb C0       		.byte	-64
 745 02cc E2       		.byte	-30
 746 02cd 20       		.byte	32
 747 02ce E6       		.byte	-26
 748 02cf 20       		.byte	32
 749 02d0 89       		.byte	-119
 750 02d1 40       		.byte	64
 751 02d2 9D       		.byte	-99
 752 02d3 40       		.byte	64
 753 02d4 87       		.byte	-121
 754 02d5 40       		.byte	64
 755 02d6 B4       		.byte	-76
 756 02d7 80       		.byte	-128
 757 02d8 E8       		.byte	-24
 758 02d9 08       		.byte	8
 759 02da 12       		.byte	18
 760 02db 80       		.byte	-128
 761 02dc 73       		.byte	115
 762 02dd 40       		.byte	64
 763 02de 8E       		.byte	-114
 764 02df 80       		.byte	-128
 765 02e0 93       		.byte	-109
 766 02e1 40       		.byte	64
 767 02e2 C4       		.byte	-60
 768 02e3 08       		.byte	8
 769 02e4 DC       		.byte	-36
 770 02e5 01       		.byte	1
 771 02e6 E2       		.byte	-30
 772 02e7 02       		.byte	2
 773 02e8 10       		.byte	16
 774 02e9 08       		.byte	8
 775 02ea 1C       		.byte	28
 776 02eb 08       		.byte	8
 777 02ec 00       		.byte	0
 778 02ed 0F       		.byte	15
 779 02ee 00       		.byte	0
 780 02ef 00       		.byte	0
 781 02f0 01       		.byte	1
 782 02f1 10       		.byte	16
 783 02f2 00       		.byte	0
 784 02f3 00       		.byte	0
 785 02f4 73       		.byte	115
 786 02f5 18       		.byte	24
 787 02f6 0C       		.byte	12
 788 02f7 00       		.byte	0
 789 02f8 1F       		.byte	31
 790 02f9 08       		.byte	8
 791 02fa 60       		.byte	96
 792 02fb 00       		.byte	0
 793 02fc 02       		.byte	2
 794 02fd 00       		.byte	0
 795 02fe 00       		.byte	0
 796 02ff E3       		.byte	-29
 797 0300 00       		.byte	0
 798 0301 00       		.byte	0
ARM GAS  C:\Users\Tri94\AppData\Local\Temp\cca0RNib.s 			page 15


 799 0302 23       		.byte	35
 800 0303 04       		.byte	4
 801 0304 03       		.byte	3
 802 0305 1C       		.byte	28
 803 0306 00       		.byte	0
 804 0307 E1       		.byte	-31
 805 0308 1C       		.byte	28
 806 0309 C0       		.byte	-64
 807 030a 63       		.byte	99
 808 030b 00       		.byte	0
 809 030c 00       		.byte	0
 810 030d FF       		.byte	-1
 811 030e 00       		.byte	0
 812 030f 00       		.byte	0
 813 0310 08       		.byte	8
 814 0311 44       		.byte	68
 815 0312 00       		.byte	0
 816 0313 00       		.byte	0
 817 0314 04       		.byte	4
 818 0315 3C       		.byte	60
 819 0316 00       		.byte	0
 820 0317 C2       		.byte	-62
 821 0318 0C       		.byte	12
 822 0319 E7       		.byte	-25
 823 031a 00       		.byte	0
 824 031b 18       		.byte	24
 825 031c 7F       		.byte	127
 826 031d 80       		.byte	-128
 827 031e 00       		.byte	0
 828 031f 00       		.byte	0
 829 0320 10       		.byte	16
 830 0321 00       		.byte	0
 831 0322 2C       		.byte	44
 832 0323 1F       		.byte	31
 833 0324 0F       		.byte	15
 834 0325 38       		.byte	56
 835 0326 40       		.byte	64
 836 0327 C0       		.byte	-64
 837 0328 80       		.byte	-128
 838 0329 00       		.byte	0
 839 032a 28       		.byte	40
 840 032b 08       		.byte	8
 841 032c 00       		.byte	0
 842 032d 00       		.byte	0
 843 032e 01       		.byte	1
 844 032f 00       		.byte	0
 845 0330 25       		.byte	37
 846 0331 04       		.byte	4
 847 0332 03       		.byte	3
 848 0333 00       		.byte	0
 849 0334 01       		.byte	1
 850 0335 0C       		.byte	12
 851 0336 00       		.byte	0
 852 0337 0E       		.byte	14
 853 0338 11       		.byte	17
 854 0339 FF       		.byte	-1
 855 033a FF       		.byte	-1
ARM GAS  C:\Users\Tri94\AppData\Local\Temp\cca0RNib.s 			page 16


 856 033b FF       		.byte	-1
 857 033c 62       		.byte	98
 858 033d A0       		.byte	-96
 859 033e F0       		.byte	-16
 860 033f 41       		.byte	65
 861 0340 0C       		.byte	12
 862 0341 00       		.byte	0
 863 0342 00       		.byte	0
 864 0343 00       		.byte	0
 865 0344 00       		.byte	0
 866 0345 00       		.byte	0
 867 0346 02       		.byte	2
 868 0347 13       		.byte	19
 869 0348 04       		.byte	4
 870 0349 04       		.byte	4
 871 034a 04       		.byte	4
 872 034b 04       		.byte	4
 873 034c 33       		.byte	51
 874 034d 33       		.byte	51
 875 034e 00       		.byte	0
 876 034f 01       		.byte	1
 877 0350 00       		.byte	0
 878 0351 00       		.byte	0
 879 0352 00       		.byte	0
 880 0353 00       		.byte	0
 881 0354 00       		.byte	0
 882 0355 00       		.byte	0
 883 0356 40       		.byte	64
 884 0357 02       		.byte	2
 885 0358 00       		.byte	0
 886 0359 10       		.byte	16
 887 035a 30       		.byte	48
 888 035b 10       		.byte	16
 889 035c 00       		.byte	0
 890 035d 10       		.byte	16
 891 035e 10       		.byte	16
 892 035f 12       		.byte	18
 893 0360 00       		.byte	0
 894 0361 00       		.byte	0
 895 0362 00       		.byte	0
 896 0363 00       		.byte	0
 897 0364 00       		.byte	0
 898 0365 00       		.byte	0
 899 0366 00       		.byte	0
 900 0367 00       		.byte	0
 901 0368 00       		.byte	0
 902 0369 00       		.byte	0
 903 036a 00       		.byte	0
 904 036b 00       		.byte	0
 905 036c 00       		.byte	0
 906 036d 00       		.byte	0
 907 036e 00       		.byte	0
 908 036f 00       		.byte	0
 909 0370 00       		.byte	0
 910 0371 80       		.byte	-128
 911 0372 80       		.byte	-128
 912 0373 00       		.byte	0
ARM GAS  C:\Users\Tri94\AppData\Local\Temp\cca0RNib.s 			page 17


 913 0374 80       		.byte	-128
 914 0375 00       		.byte	0
 915 0376 00       		.byte	0
 916 0377 00       		.byte	0
 917 0378 80       		.byte	-128
 918 0379 00       		.byte	0
 919 037a 40       		.byte	64
 920 037b 80       		.byte	-128
 921 037c 80       		.byte	-128
 922 037d 00       		.byte	0
 923 037e 80       		.byte	-128
 924 037f 00       		.byte	0
 925 0380 00       		.byte	0
 926 0381 00       		.byte	0
 927 0382 00       		.byte	0
 928 0383 00       		.byte	0
 929 0384 00       		.byte	0
 930 0385 0B       		.byte	11
 931 0386 0B       		.byte	11
 932 0387 00       		.byte	0
 933 0388 00       		.byte	0
 934 0389 00       		.byte	0
 935 038a 00       		.byte	0
 936 038b 00       		.byte	0
 937 038c 10       		.byte	16
 938 038d 2A       		.byte	42
 939 038e 2A       		.byte	42
 940 038f 00       		.byte	0
 941 0390 20       		.byte	32
 942 0391 00       		.byte	0
 943 0392 00       		.byte	0
 944 0393 00       		.byte	0
 945              		.section	.cywolatch,"a",%progbits
 946              		.align	2
 947              		.type	cy_meta_wonvl, %object
 948              		.size	cy_meta_wonvl, 4
 949              	cy_meta_wonvl:
 950 0000 BC       		.byte	-68
 951 0001 90       		.byte	-112
 952 0002 AC       		.byte	-84
 953 0003 AF       		.byte	-81
 954              		.section	.cycustnvl,"a",%progbits
 955              		.align	2
 956              		.type	cy_meta_custnvl, %object
 957              		.size	cy_meta_custnvl, 4
 958              	cy_meta_custnvl:
 959 0000 00       		.byte	0
 960 0001 00       		.byte	0
 961 0002 40       		.byte	64
 962 0003 05       		.byte	5
 963              		.section	.cymeta,"a",%progbits
 964              		.align	2
 965              		.type	cy_metadata, %object
 966              		.size	cy_metadata, 12
 967              	cy_metadata:
 968 0000 00       		.byte	0
 969 0001 01       		.byte	1
ARM GAS  C:\Users\Tri94\AppData\Local\Temp\cca0RNib.s 			page 18


 970 0002 2E       		.byte	46
 971 0003 16       		.byte	22
 972 0004 10       		.byte	16
 973 0005 69       		.byte	105
 974 0006 00       		.byte	0
 975 0007 01       		.byte	1
 976 0008 00       		.byte	0
 977 0009 00       		.byte	0
 978 000a 00       		.byte	0
 979 000b 00       		.byte	0
 980              		.section	.cyflashprotect,"a",%progbits
 981              		.align	2
 982              		.type	cy_meta_flashprotect, %object
 983              		.size	cy_meta_flashprotect, 256
 984              	cy_meta_flashprotect:
 985 0000 00000000 		.space	256
 985      00000000 
 985      00000000 
 985      00000000 
 985      00000000 
 986              		.text
 987              	.Letext0:
 988              		.file 1 "c:\\program files (x86)\\cypress\\psoc creator\\4.2\\psoc creator\\import\\gnu\\arm\\5.4.
 989              		.file 2 "c:\\program files (x86)\\cypress\\psoc creator\\4.2\\psoc creator\\import\\gnu\\arm\\5.4.
 990              		.file 3 "Generated_Source\\PSoC5\\cymetadata.c"
 991              		.section	.debug_info,"",%progbits
 992              	.Ldebug_info0:
 993 0000 31010000 		.4byte	0x131
 994 0004 0400     		.2byte	0x4
 995 0006 00000000 		.4byte	.Ldebug_abbrev0
 996 000a 04       		.byte	0x4
 997 000b 01       		.uleb128 0x1
 998 000c 24000000 		.4byte	.LASF17
 999 0010 0C       		.byte	0xc
 1000 0011 D9010000 		.4byte	.LASF18
 1001 0015 D7000000 		.4byte	.LASF19
 1002 0019 00000000 		.4byte	.Ldebug_line0
 1003 001d 02       		.uleb128 0x2
 1004 001e 01       		.byte	0x1
 1005 001f 06       		.byte	0x6
 1006 0020 CD010000 		.4byte	.LASF0
 1007 0024 03       		.uleb128 0x3
 1008 0025 00000000 		.4byte	.LASF9
 1009 0029 01       		.byte	0x1
 1010 002a 1D       		.byte	0x1d
 1011 002b 2F000000 		.4byte	0x2f
 1012 002f 02       		.uleb128 0x2
 1013 0030 01       		.byte	0x1
 1014 0031 08       		.byte	0x8
 1015 0032 16000000 		.4byte	.LASF1
 1016 0036 02       		.uleb128 0x2
 1017 0037 02       		.byte	0x2
 1018 0038 05       		.byte	0x5
 1019 0039 BA010000 		.4byte	.LASF2
 1020 003d 02       		.uleb128 0x2
 1021 003e 02       		.byte	0x2
 1022 003f 07       		.byte	0x7
ARM GAS  C:\Users\Tri94\AppData\Local\Temp\cca0RNib.s 			page 19


 1023 0040 C4000000 		.4byte	.LASF3
 1024 0044 02       		.uleb128 0x2
 1025 0045 04       		.byte	0x4
 1026 0046 05       		.byte	0x5
 1027 0047 C4010000 		.4byte	.LASF4
 1028 004b 02       		.uleb128 0x2
 1029 004c 04       		.byte	0x4
 1030 004d 07       		.byte	0x7
 1031 004e B2000000 		.4byte	.LASF5
 1032 0052 02       		.uleb128 0x2
 1033 0053 08       		.byte	0x8
 1034 0054 05       		.byte	0x5
 1035 0055 AC010000 		.4byte	.LASF6
 1036 0059 02       		.uleb128 0x2
 1037 005a 08       		.byte	0x8
 1038 005b 07       		.byte	0x7
 1039 005c 61010000 		.4byte	.LASF7
 1040 0060 04       		.uleb128 0x4
 1041 0061 04       		.byte	0x4
 1042 0062 05       		.byte	0x5
 1043 0063 696E7400 		.ascii	"int\000"
 1044 0067 02       		.uleb128 0x2
 1045 0068 04       		.byte	0x4
 1046 0069 07       		.byte	0x7
 1047 006a 54010000 		.4byte	.LASF8
 1048 006e 03       		.uleb128 0x3
 1049 006f 78010000 		.4byte	.LASF10
 1050 0073 02       		.byte	0x2
 1051 0074 18       		.byte	0x18
 1052 0075 24000000 		.4byte	0x24
 1053 0079 05       		.uleb128 0x5
 1054 007a 91000000 		.4byte	0x91
 1055 007e 8A000000 		.4byte	0x8a
 1056 0082 06       		.uleb128 0x6
 1057 0083 8A000000 		.4byte	0x8a
 1058 0087 9303     		.2byte	0x393
 1059 0089 00       		.byte	0
 1060 008a 02       		.uleb128 0x2
 1061 008b 04       		.byte	0x4
 1062 008c 07       		.byte	0x7
 1063 008d A3010000 		.4byte	.LASF11
 1064 0091 07       		.uleb128 0x7
 1065 0092 6E000000 		.4byte	0x6e
 1066 0096 08       		.uleb128 0x8
 1067 0097 42010000 		.4byte	.LASF12
 1068 009b 03       		.byte	0x3
 1069 009c 1F       		.byte	0x1f
 1070 009d A7000000 		.4byte	0xa7
 1071 00a1 05       		.uleb128 0x5
 1072 00a2 03       		.byte	0x3
 1073 00a3 00000000 		.4byte	cy_meta_configecc
 1074 00a7 07       		.uleb128 0x7
 1075 00a8 79000000 		.4byte	0x79
 1076 00ac 05       		.uleb128 0x5
 1077 00ad 91000000 		.4byte	0x91
 1078 00b1 BC000000 		.4byte	0xbc
 1079 00b5 09       		.uleb128 0x9
ARM GAS  C:\Users\Tri94\AppData\Local\Temp\cca0RNib.s 			page 20


 1080 00b6 8A000000 		.4byte	0x8a
 1081 00ba 03       		.byte	0x3
 1082 00bb 00       		.byte	0
 1083 00bc 08       		.uleb128 0x8
 1084 00bd 32010000 		.4byte	.LASF13
 1085 00c1 03       		.byte	0x3
 1086 00c2 9F       		.byte	0x9f
 1087 00c3 CD000000 		.4byte	0xcd
 1088 00c7 05       		.uleb128 0x5
 1089 00c8 03       		.byte	0x3
 1090 00c9 00000000 		.4byte	cy_meta_custnvl
 1091 00cd 07       		.uleb128 0x7
 1092 00ce AC000000 		.4byte	0xac
 1093 00d2 08       		.uleb128 0x8
 1094 00d3 95010000 		.4byte	.LASF14
 1095 00d7 03       		.byte	0x3
 1096 00d8 AD       		.byte	0xad
 1097 00d9 E3000000 		.4byte	0xe3
 1098 00dd 05       		.uleb128 0x5
 1099 00de 03       		.byte	0x3
 1100 00df 00000000 		.4byte	cy_meta_wonvl
 1101 00e3 07       		.uleb128 0x7
 1102 00e4 AC000000 		.4byte	0xac
 1103 00e8 05       		.uleb128 0x5
 1104 00e9 91000000 		.4byte	0x91
 1105 00ed F8000000 		.4byte	0xf8
 1106 00f1 09       		.uleb128 0x9
 1107 00f2 8A000000 		.4byte	0x8a
 1108 00f6 FF       		.byte	0xff
 1109 00f7 00       		.byte	0
 1110 00f8 08       		.uleb128 0x8
 1111 00f9 80010000 		.4byte	.LASF15
 1112 00fd 03       		.byte	0x3
 1113 00fe BB       		.byte	0xbb
 1114 00ff 09010000 		.4byte	0x109
 1115 0103 05       		.uleb128 0x5
 1116 0104 03       		.byte	0x3
 1117 0105 00000000 		.4byte	cy_meta_flashprotect
 1118 0109 07       		.uleb128 0x7
 1119 010a E8000000 		.4byte	0xe8
 1120 010e 05       		.uleb128 0x5
 1121 010f 91000000 		.4byte	0x91
 1122 0113 1E010000 		.4byte	0x11e
 1123 0117 09       		.uleb128 0x9
 1124 0118 8A000000 		.4byte	0x8a
 1125 011c 0B       		.byte	0xb
 1126 011d 00       		.byte	0
 1127 011e 08       		.uleb128 0x8
 1128 011f 0A000000 		.4byte	.LASF16
 1129 0123 03       		.byte	0x3
 1130 0124 E8       		.byte	0xe8
 1131 0125 2F010000 		.4byte	0x12f
 1132 0129 05       		.uleb128 0x5
 1133 012a 03       		.byte	0x3
 1134 012b 00000000 		.4byte	cy_metadata
 1135 012f 07       		.uleb128 0x7
 1136 0130 0E010000 		.4byte	0x10e
ARM GAS  C:\Users\Tri94\AppData\Local\Temp\cca0RNib.s 			page 21


 1137 0134 00       		.byte	0
 1138              		.section	.debug_abbrev,"",%progbits
 1139              	.Ldebug_abbrev0:
 1140 0000 01       		.uleb128 0x1
 1141 0001 11       		.uleb128 0x11
 1142 0002 01       		.byte	0x1
 1143 0003 25       		.uleb128 0x25
 1144 0004 0E       		.uleb128 0xe
 1145 0005 13       		.uleb128 0x13
 1146 0006 0B       		.uleb128 0xb
 1147 0007 03       		.uleb128 0x3
 1148 0008 0E       		.uleb128 0xe
 1149 0009 1B       		.uleb128 0x1b
 1150 000a 0E       		.uleb128 0xe
 1151 000b 10       		.uleb128 0x10
 1152 000c 17       		.uleb128 0x17
 1153 000d 00       		.byte	0
 1154 000e 00       		.byte	0
 1155 000f 02       		.uleb128 0x2
 1156 0010 24       		.uleb128 0x24
 1157 0011 00       		.byte	0
 1158 0012 0B       		.uleb128 0xb
 1159 0013 0B       		.uleb128 0xb
 1160 0014 3E       		.uleb128 0x3e
 1161 0015 0B       		.uleb128 0xb
 1162 0016 03       		.uleb128 0x3
 1163 0017 0E       		.uleb128 0xe
 1164 0018 00       		.byte	0
 1165 0019 00       		.byte	0
 1166 001a 03       		.uleb128 0x3
 1167 001b 16       		.uleb128 0x16
 1168 001c 00       		.byte	0
 1169 001d 03       		.uleb128 0x3
 1170 001e 0E       		.uleb128 0xe
 1171 001f 3A       		.uleb128 0x3a
 1172 0020 0B       		.uleb128 0xb
 1173 0021 3B       		.uleb128 0x3b
 1174 0022 0B       		.uleb128 0xb
 1175 0023 49       		.uleb128 0x49
 1176 0024 13       		.uleb128 0x13
 1177 0025 00       		.byte	0
 1178 0026 00       		.byte	0
 1179 0027 04       		.uleb128 0x4
 1180 0028 24       		.uleb128 0x24
 1181 0029 00       		.byte	0
 1182 002a 0B       		.uleb128 0xb
 1183 002b 0B       		.uleb128 0xb
 1184 002c 3E       		.uleb128 0x3e
 1185 002d 0B       		.uleb128 0xb
 1186 002e 03       		.uleb128 0x3
 1187 002f 08       		.uleb128 0x8
 1188 0030 00       		.byte	0
 1189 0031 00       		.byte	0
 1190 0032 05       		.uleb128 0x5
 1191 0033 01       		.uleb128 0x1
 1192 0034 01       		.byte	0x1
 1193 0035 49       		.uleb128 0x49
ARM GAS  C:\Users\Tri94\AppData\Local\Temp\cca0RNib.s 			page 22


 1194 0036 13       		.uleb128 0x13
 1195 0037 01       		.uleb128 0x1
 1196 0038 13       		.uleb128 0x13
 1197 0039 00       		.byte	0
 1198 003a 00       		.byte	0
 1199 003b 06       		.uleb128 0x6
 1200 003c 21       		.uleb128 0x21
 1201 003d 00       		.byte	0
 1202 003e 49       		.uleb128 0x49
 1203 003f 13       		.uleb128 0x13
 1204 0040 2F       		.uleb128 0x2f
 1205 0041 05       		.uleb128 0x5
 1206 0042 00       		.byte	0
 1207 0043 00       		.byte	0
 1208 0044 07       		.uleb128 0x7
 1209 0045 26       		.uleb128 0x26
 1210 0046 00       		.byte	0
 1211 0047 49       		.uleb128 0x49
 1212 0048 13       		.uleb128 0x13
 1213 0049 00       		.byte	0
 1214 004a 00       		.byte	0
 1215 004b 08       		.uleb128 0x8
 1216 004c 34       		.uleb128 0x34
 1217 004d 00       		.byte	0
 1218 004e 03       		.uleb128 0x3
 1219 004f 0E       		.uleb128 0xe
 1220 0050 3A       		.uleb128 0x3a
 1221 0051 0B       		.uleb128 0xb
 1222 0052 3B       		.uleb128 0x3b
 1223 0053 0B       		.uleb128 0xb
 1224 0054 49       		.uleb128 0x49
 1225 0055 13       		.uleb128 0x13
 1226 0056 3F       		.uleb128 0x3f
 1227 0057 19       		.uleb128 0x19
 1228 0058 02       		.uleb128 0x2
 1229 0059 18       		.uleb128 0x18
 1230 005a 00       		.byte	0
 1231 005b 00       		.byte	0
 1232 005c 09       		.uleb128 0x9
 1233 005d 21       		.uleb128 0x21
 1234 005e 00       		.byte	0
 1235 005f 49       		.uleb128 0x49
 1236 0060 13       		.uleb128 0x13
 1237 0061 2F       		.uleb128 0x2f
 1238 0062 0B       		.uleb128 0xb
 1239 0063 00       		.byte	0
 1240 0064 00       		.byte	0
 1241 0065 00       		.byte	0
 1242              		.section	.debug_aranges,"",%progbits
 1243 0000 14000000 		.4byte	0x14
 1244 0004 0200     		.2byte	0x2
 1245 0006 00000000 		.4byte	.Ldebug_info0
 1246 000a 04       		.byte	0x4
 1247 000b 00       		.byte	0
 1248 000c 0000     		.2byte	0
 1249 000e 0000     		.2byte	0
 1250 0010 00000000 		.4byte	0
ARM GAS  C:\Users\Tri94\AppData\Local\Temp\cca0RNib.s 			page 23


 1251 0014 00000000 		.4byte	0
 1252              		.section	.debug_line,"",%progbits
 1253              	.Ldebug_line0:
 1254 0000 3D010000 		.section	.debug_str,"MS",%progbits,1
 1254      02003701 
 1254      00000201 
 1254      FB0E0D00 
 1254      01010101 
 1255              	.LASF9:
 1256 0000 5F5F7569 		.ascii	"__uint8_t\000"
 1256      6E74385F 
 1256      7400
 1257              	.LASF16:
 1258 000a 63795F6D 		.ascii	"cy_metadata\000"
 1258      65746164 
 1258      61746100 
 1259              	.LASF1:
 1260 0016 756E7369 		.ascii	"unsigned char\000"
 1260      676E6564 
 1260      20636861 
 1260      7200
 1261              	.LASF17:
 1262 0024 474E5520 		.ascii	"GNU C11 5.4.1 20160609 (release) [ARM/embedded-5-br"
 1262      43313120 
 1262      352E342E 
 1262      31203230 
 1262      31363036 
 1263 0057 616E6368 		.ascii	"anch revision 237715] -mcpu=cortex-m3 -mthumb -g -O"
 1263      20726576 
 1263      6973696F 
 1263      6E203233 
 1263      37373135 
 1264 008a 67202D66 		.ascii	"g -ffunction-sections -ffat-lto-objects\000"
 1264      66756E63 
 1264      74696F6E 
 1264      2D736563 
 1264      74696F6E 
 1265              	.LASF5:
 1266 00b2 6C6F6E67 		.ascii	"long unsigned int\000"
 1266      20756E73 
 1266      69676E65 
 1266      6420696E 
 1266      7400
 1267              	.LASF3:
 1268 00c4 73686F72 		.ascii	"short unsigned int\000"
 1268      7420756E 
 1268      7369676E 
 1268      65642069 
 1268      6E7400
 1269              	.LASF19:
 1270 00d7 433A5C55 		.ascii	"C:\\Users\\Tri94\\Documents\\PSoC Creator\\EE4450\\"
 1270      73657273 
 1270      5C547269 
 1270      39345C44 
 1270      6F63756D 
 1271 0104 45453434 		.ascii	"EE4450-Projects\\RTOS_UART_Project_Psoc1.cydsn\000"
 1271      35302D50 
ARM GAS  C:\Users\Tri94\AppData\Local\Temp\cca0RNib.s 			page 24


 1271      726F6A65 
 1271      6374735C 
 1271      52544F53 
 1272              	.LASF13:
 1273 0132 63795F6D 		.ascii	"cy_meta_custnvl\000"
 1273      6574615F 
 1273      63757374 
 1273      6E766C00 
 1274              	.LASF12:
 1275 0142 63795F6D 		.ascii	"cy_meta_configecc\000"
 1275      6574615F 
 1275      636F6E66 
 1275      69676563 
 1275      6300
 1276              	.LASF8:
 1277 0154 756E7369 		.ascii	"unsigned int\000"
 1277      676E6564 
 1277      20696E74 
 1277      00
 1278              	.LASF7:
 1279 0161 6C6F6E67 		.ascii	"long long unsigned int\000"
 1279      206C6F6E 
 1279      6720756E 
 1279      7369676E 
 1279      65642069 
 1280              	.LASF10:
 1281 0178 75696E74 		.ascii	"uint8_t\000"
 1281      385F7400 
 1282              	.LASF15:
 1283 0180 63795F6D 		.ascii	"cy_meta_flashprotect\000"
 1283      6574615F 
 1283      666C6173 
 1283      6870726F 
 1283      74656374 
 1284              	.LASF14:
 1285 0195 63795F6D 		.ascii	"cy_meta_wonvl\000"
 1285      6574615F 
 1285      776F6E76 
 1285      6C00
 1286              	.LASF11:
 1287 01a3 73697A65 		.ascii	"sizetype\000"
 1287      74797065 
 1287      00
 1288              	.LASF6:
 1289 01ac 6C6F6E67 		.ascii	"long long int\000"
 1289      206C6F6E 
 1289      6720696E 
 1289      7400
 1290              	.LASF2:
 1291 01ba 73686F72 		.ascii	"short int\000"
 1291      7420696E 
 1291      7400
 1292              	.LASF4:
 1293 01c4 6C6F6E67 		.ascii	"long int\000"
 1293      20696E74 
 1293      00
 1294              	.LASF0:
ARM GAS  C:\Users\Tri94\AppData\Local\Temp\cca0RNib.s 			page 25


 1295 01cd 7369676E 		.ascii	"signed char\000"
 1295      65642063 
 1295      68617200 
 1296              	.LASF18:
 1297 01d9 47656E65 		.ascii	"Generated_Source\\PSoC5\\cymetadata.c\000"
 1297      72617465 
 1297      645F536F 
 1297      75726365 
 1297      5C50536F 
 1298              		.ident	"GCC: (GNU Tools for ARM Embedded Processors) 5.4.1 20160609 (release) [ARM/embedded-5-bran
