ARM GAS  C:\Users\Tri94\AppData\Local\Temp\ccTKE2zW.s 			page 1


   1              		.syntax unified
   2              		.cpu cortex-m3
   3              		.fpu softvfp
   4              		.eabi_attribute 20, 1
   5              		.eabi_attribute 21, 1
   6              		.eabi_attribute 23, 3
   7              		.eabi_attribute 24, 1
   8              		.eabi_attribute 25, 1
   9              		.eabi_attribute 26, 1
  10              		.eabi_attribute 30, 1
  11              		.eabi_attribute 34, 1
  12              		.eabi_attribute 18, 4
  13              		.thumb
  14              		.syntax unified
  15              		.file	"cymetadata.c"
  16              		.text
  17              	.Ltext0:
  18              		.cfi_sections	.debug_frame
  19              		.global	cy_metadata
  20              		.global	cy_meta_flashprotect
  21              		.global	cy_meta_wonvl
  22              		.global	cy_meta_custnvl
  23              		.global	cy_meta_configecc
  24              		.section	.cyconfigecc,"a",%progbits
  25              		.align	2
  26              		.type	cy_meta_configecc, %object
  27              		.size	cy_meta_configecc, 172
  28              	cy_meta_configecc:
  29 0000 05       		.byte	5
  30 0001 4F       		.byte	79
  31 0002 00       		.byte	0
  32 0003 40       		.byte	64
  33 0004 02       		.byte	2
  34 0005 52       		.byte	82
  35 0006 00       		.byte	0
  36 0007 40       		.byte	64
  37 0008 01       		.byte	1
  38 0009 07       		.byte	7
  39 000a 01       		.byte	1
  40 000b 40       		.byte	64
  41 000c 01       		.byte	1
  42 000d 09       		.byte	9
  43 000e 01       		.byte	1
  44 000f 40       		.byte	64
  45 0010 04       		.byte	4
  46 0011 0A       		.byte	10
  47 0012 01       		.byte	1
  48 0013 40       		.byte	64
  49 0014 01       		.byte	1
  50 0015 0B       		.byte	11
  51 0016 01       		.byte	1
  52 0017 40       		.byte	64
  53 0018 01       		.byte	1
  54 0019 17       		.byte	23
  55 001a 01       		.byte	1
  56 001b 40       		.byte	64
  57 001c 01       		.byte	1
ARM GAS  C:\Users\Tri94\AppData\Local\Temp\ccTKE2zW.s 			page 2


  58 001d 19       		.byte	25
  59 001e 01       		.byte	1
  60 001f 40       		.byte	64
  61 0020 02       		.byte	2
  62 0021 41       		.byte	65
  63 0022 01       		.byte	1
  64 0023 40       		.byte	64
  65 0024 06       		.byte	6
  66 0025 42       		.byte	66
  67 0026 01       		.byte	1
  68 0027 40       		.byte	64
  69 0028 07       		.byte	7
  70 0029 43       		.byte	67
  71 002a 01       		.byte	1
  72 002b 40       		.byte	64
  73 002c 02       		.byte	2
  74 002d 45       		.byte	69
  75 002e 01       		.byte	1
  76 002f 40       		.byte	64
  77 0030 01       		.byte	1
  78 0031 46       		.byte	70
  79 0032 01       		.byte	1
  80 0033 40       		.byte	64
  81 0034 01       		.byte	1
  82 0035 47       		.byte	71
  83 0036 01       		.byte	1
  84 0037 40       		.byte	64
  85 0038 01       		.byte	1
  86 0039 48       		.byte	72
  87 003a 01       		.byte	1
  88 003b 40       		.byte	64
  89 003c 02       		.byte	2
  90 003d 4C       		.byte	76
  91 003e 01       		.byte	1
  92 003f 40       		.byte	64
  93 0040 01       		.byte	1
  94 0041 20       		.byte	32
  95 0042 0A       		.byte	10
  96 0043 4B       		.byte	75
  97 0044 16       		.byte	22
  98 0045 4B       		.byte	75
  99 0046 19       		.byte	25
 100 0047 10       		.byte	16
 101 0048 22       		.byte	34
 102 0049 4B       		.byte	75
 103 004a 00       		.byte	0
 104 004b 80       		.byte	-128
 105 004c 11       		.byte	17
 106 004d 20       		.byte	32
 107 004e EE       		.byte	-18
 108 004f 01       		.byte	1
 109 0050 A8       		.byte	-88
 110 0051 10       		.byte	16
 111 0052 B8       		.byte	-72
 112 0053 08       		.byte	8
 113 0054 BE       		.byte	-66
 114 0055 04       		.byte	4
ARM GAS  C:\Users\Tri94\AppData\Local\Temp\ccTKE2zW.s 			page 3


 115 0056 D8       		.byte	-40
 116 0057 04       		.byte	4
 117 0058 DF       		.byte	-33
 118 0059 01       		.byte	1
 119 005a 1C       		.byte	28
 120 005b 10       		.byte	16
 121 005c E8       		.byte	-24
 122 005d 10       		.byte	16
 123 005e E8       		.byte	-24
 124 005f 10       		.byte	16
 125 0060 5D       		.byte	93
 126 0061 02       		.byte	2
 127 0062 D6       		.byte	-42
 128 0063 80       		.byte	-128
 129 0064 58       		.byte	88
 130 0065 02       		.byte	2
 131 0066 5C       		.byte	92
 132 0067 02       		.byte	2
 133 0068 62       		.byte	98
 134 0069 20       		.byte	32
 135 006a 9D       		.byte	-99
 136 006b 02       		.byte	2
 137 006c D6       		.byte	-42
 138 006d C0       		.byte	-64
 139 006e D8       		.byte	-40
 140 006f 40       		.byte	64
 141 0070 19       		.byte	25
 142 0071 02       		.byte	2
 143 0072 1C       		.byte	28
 144 0073 10       		.byte	16
 145 0074 9D       		.byte	-99
 146 0075 02       		.byte	2
 147 0076 A8       		.byte	-88
 148 0077 02       		.byte	2
 149 0078 AA       		.byte	-86
 150 0079 20       		.byte	32
 151 007a C6       		.byte	-58
 152 007b 30       		.byte	48
 153 007c EE       		.byte	-18
 154 007d 80       		.byte	-128
 155 007e 60       		.byte	96
 156 007f 80       		.byte	-128
 157 0080 D8       		.byte	-40
 158 0081 02       		.byte	2
 159 0082 9C       		.byte	-100
 160 0083 80       		.byte	-128
 161 0084 9C       		.byte	-100
 162 0085 80       		.byte	-128
 163 0086 B4       		.byte	-76
 164 0087 10       		.byte	16
 165 0088 B4       		.byte	-76
 166 0089 80       		.byte	-128
 167 008a E8       		.byte	-24
 168 008b 08       		.byte	8
 169 008c 00       		.byte	0
 170 008d 80       		.byte	-128
 171 008e 80       		.byte	-128
ARM GAS  C:\Users\Tri94\AppData\Local\Temp\ccTKE2zW.s 			page 4


 172 008f 00       		.byte	0
 173 0090 80       		.byte	-128
 174 0091 00       		.byte	0
 175 0092 00       		.byte	0
 176 0093 00       		.byte	0
 177 0094 00       		.byte	0
 178 0095 7F       		.byte	127
 179 0096 7F       		.byte	127
 180 0097 00       		.byte	0
 181 0098 00       		.byte	0
 182 0099 00       		.byte	0
 183 009a 00       		.byte	0
 184 009b 00       		.byte	0
 185 009c 00       		.byte	0
 186 009d 0B       		.byte	11
 187 009e 0B       		.byte	11
 188 009f 00       		.byte	0
 189 00a0 00       		.byte	0
 190 00a1 00       		.byte	0
 191 00a2 00       		.byte	0
 192 00a3 00       		.byte	0
 193 00a4 10       		.byte	16
 194 00a5 2A       		.byte	42
 195 00a6 2A       		.byte	42
 196 00a7 00       		.byte	0
 197 00a8 20       		.byte	32
 198 00a9 00       		.byte	0
 199 00aa 00       		.byte	0
 200 00ab 00       		.byte	0
 201              		.section	.cywolatch,"a",%progbits
 202              		.align	2
 203              		.type	cy_meta_wonvl, %object
 204              		.size	cy_meta_wonvl, 4
 205              	cy_meta_wonvl:
 206 0000 BC       		.byte	-68
 207 0001 90       		.byte	-112
 208 0002 AC       		.byte	-84
 209 0003 AF       		.byte	-81
 210              		.section	.cycustnvl,"a",%progbits
 211              		.align	2
 212              		.type	cy_meta_custnvl, %object
 213              		.size	cy_meta_custnvl, 4
 214              	cy_meta_custnvl:
 215 0000 00       		.byte	0
 216 0001 00       		.byte	0
 217 0002 40       		.byte	64
 218 0003 05       		.byte	5
 219              		.section	.cymeta,"a",%progbits
 220              		.align	2
 221              		.type	cy_metadata, %object
 222              		.size	cy_metadata, 12
 223              	cy_metadata:
 224 0000 00       		.byte	0
 225 0001 01       		.byte	1
 226 0002 2E       		.byte	46
 227 0003 16       		.byte	22
 228 0004 10       		.byte	16
ARM GAS  C:\Users\Tri94\AppData\Local\Temp\ccTKE2zW.s 			page 5


 229 0005 69       		.byte	105
 230 0006 00       		.byte	0
 231 0007 01       		.byte	1
 232 0008 00       		.byte	0
 233 0009 00       		.byte	0
 234 000a 00       		.byte	0
 235 000b 00       		.byte	0
 236              		.section	.cyflashprotect,"a",%progbits
 237              		.align	2
 238              		.type	cy_meta_flashprotect, %object
 239              		.size	cy_meta_flashprotect, 256
 240              	cy_meta_flashprotect:
 241 0000 00000000 		.space	256
 241      00000000 
 241      00000000 
 241      00000000 
 241      00000000 
 242              		.text
 243              	.Letext0:
 244              		.file 1 "c:\\program files (x86)\\cypress\\psoc creator\\4.2\\psoc creator\\import\\gnu\\arm\\5.4.
 245              		.file 2 "c:\\program files (x86)\\cypress\\psoc creator\\4.2\\psoc creator\\import\\gnu\\arm\\5.4.
 246              		.file 3 "Generated_Source\\PSoC5\\cymetadata.c"
 247              		.section	.debug_info,"",%progbits
 248              	.Ldebug_info0:
 249 0000 30010000 		.4byte	0x130
 250 0004 0400     		.2byte	0x4
 251 0006 00000000 		.4byte	.Ldebug_abbrev0
 252 000a 04       		.byte	0x4
 253 000b 01       		.uleb128 0x1
 254 000c 24000000 		.4byte	.LASF17
 255 0010 0C       		.byte	0xc
 256 0011 E1010000 		.4byte	.LASF18
 257 0015 7E010000 		.4byte	.LASF19
 258 0019 00000000 		.4byte	.Ldebug_line0
 259 001d 02       		.uleb128 0x2
 260 001e 01       		.byte	0x1
 261 001f 06       		.byte	0x6
 262 0020 72010000 		.4byte	.LASF0
 263 0024 03       		.uleb128 0x3
 264 0025 00000000 		.4byte	.LASF9
 265 0029 01       		.byte	0x1
 266 002a 1D       		.byte	0x1d
 267 002b 2F000000 		.4byte	0x2f
 268 002f 02       		.uleb128 0x2
 269 0030 01       		.byte	0x1
 270 0031 08       		.byte	0x8
 271 0032 16000000 		.4byte	.LASF1
 272 0036 02       		.uleb128 0x2
 273 0037 02       		.byte	0x2
 274 0038 05       		.byte	0x5
 275 0039 5F010000 		.4byte	.LASF2
 276 003d 02       		.uleb128 0x2
 277 003e 02       		.byte	0x2
 278 003f 07       		.byte	0x7
 279 0040 C4000000 		.4byte	.LASF3
 280 0044 02       		.uleb128 0x2
 281 0045 04       		.byte	0x4
ARM GAS  C:\Users\Tri94\AppData\Local\Temp\ccTKE2zW.s 			page 6


 282 0046 05       		.byte	0x5
 283 0047 69010000 		.4byte	.LASF4
 284 004b 02       		.uleb128 0x2
 285 004c 04       		.byte	0x4
 286 004d 07       		.byte	0x7
 287 004e B2000000 		.4byte	.LASF5
 288 0052 02       		.uleb128 0x2
 289 0053 08       		.byte	0x8
 290 0054 05       		.byte	0x5
 291 0055 51010000 		.4byte	.LASF6
 292 0059 02       		.uleb128 0x2
 293 005a 08       		.byte	0x8
 294 005b 07       		.byte	0x7
 295 005c 06010000 		.4byte	.LASF7
 296 0060 04       		.uleb128 0x4
 297 0061 04       		.byte	0x4
 298 0062 05       		.byte	0x5
 299 0063 696E7400 		.ascii	"int\000"
 300 0067 02       		.uleb128 0x2
 301 0068 04       		.byte	0x4
 302 0069 07       		.byte	0x7
 303 006a F9000000 		.4byte	.LASF8
 304 006e 03       		.uleb128 0x3
 305 006f 1D010000 		.4byte	.LASF10
 306 0073 02       		.byte	0x2
 307 0074 18       		.byte	0x18
 308 0075 24000000 		.4byte	0x24
 309 0079 05       		.uleb128 0x5
 310 007a 90000000 		.4byte	0x90
 311 007e 89000000 		.4byte	0x89
 312 0082 06       		.uleb128 0x6
 313 0083 89000000 		.4byte	0x89
 314 0087 AB       		.byte	0xab
 315 0088 00       		.byte	0
 316 0089 02       		.uleb128 0x2
 317 008a 04       		.byte	0x4
 318 008b 07       		.byte	0x7
 319 008c 48010000 		.4byte	.LASF11
 320 0090 07       		.uleb128 0x7
 321 0091 6E000000 		.4byte	0x6e
 322 0095 08       		.uleb128 0x8
 323 0096 E7000000 		.4byte	.LASF12
 324 009a 03       		.byte	0x3
 325 009b 1F       		.byte	0x1f
 326 009c A6000000 		.4byte	0xa6
 327 00a0 05       		.uleb128 0x5
 328 00a1 03       		.byte	0x3
 329 00a2 00000000 		.4byte	cy_meta_configecc
 330 00a6 07       		.uleb128 0x7
 331 00a7 79000000 		.4byte	0x79
 332 00ab 05       		.uleb128 0x5
 333 00ac 90000000 		.4byte	0x90
 334 00b0 BB000000 		.4byte	0xbb
 335 00b4 06       		.uleb128 0x6
 336 00b5 89000000 		.4byte	0x89
 337 00b9 03       		.byte	0x3
 338 00ba 00       		.byte	0
ARM GAS  C:\Users\Tri94\AppData\Local\Temp\ccTKE2zW.s 			page 7


 339 00bb 08       		.uleb128 0x8
 340 00bc D7000000 		.4byte	.LASF13
 341 00c0 03       		.byte	0x3
 342 00c1 42       		.byte	0x42
 343 00c2 CC000000 		.4byte	0xcc
 344 00c6 05       		.uleb128 0x5
 345 00c7 03       		.byte	0x3
 346 00c8 00000000 		.4byte	cy_meta_custnvl
 347 00cc 07       		.uleb128 0x7
 348 00cd AB000000 		.4byte	0xab
 349 00d1 08       		.uleb128 0x8
 350 00d2 3A010000 		.4byte	.LASF14
 351 00d6 03       		.byte	0x3
 352 00d7 50       		.byte	0x50
 353 00d8 E2000000 		.4byte	0xe2
 354 00dc 05       		.uleb128 0x5
 355 00dd 03       		.byte	0x3
 356 00de 00000000 		.4byte	cy_meta_wonvl
 357 00e2 07       		.uleb128 0x7
 358 00e3 AB000000 		.4byte	0xab
 359 00e7 05       		.uleb128 0x5
 360 00e8 90000000 		.4byte	0x90
 361 00ec F7000000 		.4byte	0xf7
 362 00f0 06       		.uleb128 0x6
 363 00f1 89000000 		.4byte	0x89
 364 00f5 FF       		.byte	0xff
 365 00f6 00       		.byte	0
 366 00f7 08       		.uleb128 0x8
 367 00f8 25010000 		.4byte	.LASF15
 368 00fc 03       		.byte	0x3
 369 00fd 5E       		.byte	0x5e
 370 00fe 08010000 		.4byte	0x108
 371 0102 05       		.uleb128 0x5
 372 0103 03       		.byte	0x3
 373 0104 00000000 		.4byte	cy_meta_flashprotect
 374 0108 07       		.uleb128 0x7
 375 0109 E7000000 		.4byte	0xe7
 376 010d 05       		.uleb128 0x5
 377 010e 90000000 		.4byte	0x90
 378 0112 1D010000 		.4byte	0x11d
 379 0116 06       		.uleb128 0x6
 380 0117 89000000 		.4byte	0x89
 381 011b 0B       		.byte	0xb
 382 011c 00       		.byte	0
 383 011d 08       		.uleb128 0x8
 384 011e 0A000000 		.4byte	.LASF16
 385 0122 03       		.byte	0x3
 386 0123 8B       		.byte	0x8b
 387 0124 2E010000 		.4byte	0x12e
 388 0128 05       		.uleb128 0x5
 389 0129 03       		.byte	0x3
 390 012a 00000000 		.4byte	cy_metadata
 391 012e 07       		.uleb128 0x7
 392 012f 0D010000 		.4byte	0x10d
 393 0133 00       		.byte	0
 394              		.section	.debug_abbrev,"",%progbits
 395              	.Ldebug_abbrev0:
ARM GAS  C:\Users\Tri94\AppData\Local\Temp\ccTKE2zW.s 			page 8


 396 0000 01       		.uleb128 0x1
 397 0001 11       		.uleb128 0x11
 398 0002 01       		.byte	0x1
 399 0003 25       		.uleb128 0x25
 400 0004 0E       		.uleb128 0xe
 401 0005 13       		.uleb128 0x13
 402 0006 0B       		.uleb128 0xb
 403 0007 03       		.uleb128 0x3
 404 0008 0E       		.uleb128 0xe
 405 0009 1B       		.uleb128 0x1b
 406 000a 0E       		.uleb128 0xe
 407 000b 10       		.uleb128 0x10
 408 000c 17       		.uleb128 0x17
 409 000d 00       		.byte	0
 410 000e 00       		.byte	0
 411 000f 02       		.uleb128 0x2
 412 0010 24       		.uleb128 0x24
 413 0011 00       		.byte	0
 414 0012 0B       		.uleb128 0xb
 415 0013 0B       		.uleb128 0xb
 416 0014 3E       		.uleb128 0x3e
 417 0015 0B       		.uleb128 0xb
 418 0016 03       		.uleb128 0x3
 419 0017 0E       		.uleb128 0xe
 420 0018 00       		.byte	0
 421 0019 00       		.byte	0
 422 001a 03       		.uleb128 0x3
 423 001b 16       		.uleb128 0x16
 424 001c 00       		.byte	0
 425 001d 03       		.uleb128 0x3
 426 001e 0E       		.uleb128 0xe
 427 001f 3A       		.uleb128 0x3a
 428 0020 0B       		.uleb128 0xb
 429 0021 3B       		.uleb128 0x3b
 430 0022 0B       		.uleb128 0xb
 431 0023 49       		.uleb128 0x49
 432 0024 13       		.uleb128 0x13
 433 0025 00       		.byte	0
 434 0026 00       		.byte	0
 435 0027 04       		.uleb128 0x4
 436 0028 24       		.uleb128 0x24
 437 0029 00       		.byte	0
 438 002a 0B       		.uleb128 0xb
 439 002b 0B       		.uleb128 0xb
 440 002c 3E       		.uleb128 0x3e
 441 002d 0B       		.uleb128 0xb
 442 002e 03       		.uleb128 0x3
 443 002f 08       		.uleb128 0x8
 444 0030 00       		.byte	0
 445 0031 00       		.byte	0
 446 0032 05       		.uleb128 0x5
 447 0033 01       		.uleb128 0x1
 448 0034 01       		.byte	0x1
 449 0035 49       		.uleb128 0x49
 450 0036 13       		.uleb128 0x13
 451 0037 01       		.uleb128 0x1
 452 0038 13       		.uleb128 0x13
ARM GAS  C:\Users\Tri94\AppData\Local\Temp\ccTKE2zW.s 			page 9


 453 0039 00       		.byte	0
 454 003a 00       		.byte	0
 455 003b 06       		.uleb128 0x6
 456 003c 21       		.uleb128 0x21
 457 003d 00       		.byte	0
 458 003e 49       		.uleb128 0x49
 459 003f 13       		.uleb128 0x13
 460 0040 2F       		.uleb128 0x2f
 461 0041 0B       		.uleb128 0xb
 462 0042 00       		.byte	0
 463 0043 00       		.byte	0
 464 0044 07       		.uleb128 0x7
 465 0045 26       		.uleb128 0x26
 466 0046 00       		.byte	0
 467 0047 49       		.uleb128 0x49
 468 0048 13       		.uleb128 0x13
 469 0049 00       		.byte	0
 470 004a 00       		.byte	0
 471 004b 08       		.uleb128 0x8
 472 004c 34       		.uleb128 0x34
 473 004d 00       		.byte	0
 474 004e 03       		.uleb128 0x3
 475 004f 0E       		.uleb128 0xe
 476 0050 3A       		.uleb128 0x3a
 477 0051 0B       		.uleb128 0xb
 478 0052 3B       		.uleb128 0x3b
 479 0053 0B       		.uleb128 0xb
 480 0054 49       		.uleb128 0x49
 481 0055 13       		.uleb128 0x13
 482 0056 3F       		.uleb128 0x3f
 483 0057 19       		.uleb128 0x19
 484 0058 02       		.uleb128 0x2
 485 0059 18       		.uleb128 0x18
 486 005a 00       		.byte	0
 487 005b 00       		.byte	0
 488 005c 00       		.byte	0
 489              		.section	.debug_aranges,"",%progbits
 490 0000 14000000 		.4byte	0x14
 491 0004 0200     		.2byte	0x2
 492 0006 00000000 		.4byte	.Ldebug_info0
 493 000a 04       		.byte	0x4
 494 000b 00       		.byte	0
 495 000c 0000     		.2byte	0
 496 000e 0000     		.2byte	0
 497 0010 00000000 		.4byte	0
 498 0014 00000000 		.4byte	0
 499              		.section	.debug_line,"",%progbits
 500              	.Ldebug_line0:
 501 0000 3D010000 		.section	.debug_str,"MS",%progbits,1
 501      02003701 
 501      00000201 
 501      FB0E0D00 
 501      01010101 
 502              	.LASF9:
 503 0000 5F5F7569 		.ascii	"__uint8_t\000"
 503      6E74385F 
 503      7400
ARM GAS  C:\Users\Tri94\AppData\Local\Temp\ccTKE2zW.s 			page 10


 504              	.LASF16:
 505 000a 63795F6D 		.ascii	"cy_metadata\000"
 505      65746164 
 505      61746100 
 506              	.LASF1:
 507 0016 756E7369 		.ascii	"unsigned char\000"
 507      676E6564 
 507      20636861 
 507      7200
 508              	.LASF17:
 509 0024 474E5520 		.ascii	"GNU C11 5.4.1 20160609 (release) [ARM/embedded-5-br"
 509      43313120 
 509      352E342E 
 509      31203230 
 509      31363036 
 510 0057 616E6368 		.ascii	"anch revision 237715] -mcpu=cortex-m3 -mthumb -g -O"
 510      20726576 
 510      6973696F 
 510      6E203233 
 510      37373135 
 511 008a 67202D66 		.ascii	"g -ffunction-sections -ffat-lto-objects\000"
 511      66756E63 
 511      74696F6E 
 511      2D736563 
 511      74696F6E 
 512              	.LASF5:
 513 00b2 6C6F6E67 		.ascii	"long unsigned int\000"
 513      20756E73 
 513      69676E65 
 513      6420696E 
 513      7400
 514              	.LASF3:
 515 00c4 73686F72 		.ascii	"short unsigned int\000"
 515      7420756E 
 515      7369676E 
 515      65642069 
 515      6E7400
 516              	.LASF13:
 517 00d7 63795F6D 		.ascii	"cy_meta_custnvl\000"
 517      6574615F 
 517      63757374 
 517      6E766C00 
 518              	.LASF12:
 519 00e7 63795F6D 		.ascii	"cy_meta_configecc\000"
 519      6574615F 
 519      636F6E66 
 519      69676563 
 519      6300
 520              	.LASF8:
 521 00f9 756E7369 		.ascii	"unsigned int\000"
 521      676E6564 
 521      20696E74 
 521      00
 522              	.LASF7:
 523 0106 6C6F6E67 		.ascii	"long long unsigned int\000"
 523      206C6F6E 
 523      6720756E 
ARM GAS  C:\Users\Tri94\AppData\Local\Temp\ccTKE2zW.s 			page 11


 523      7369676E 
 523      65642069 
 524              	.LASF10:
 525 011d 75696E74 		.ascii	"uint8_t\000"
 525      385F7400 
 526              	.LASF15:
 527 0125 63795F6D 		.ascii	"cy_meta_flashprotect\000"
 527      6574615F 
 527      666C6173 
 527      6870726F 
 527      74656374 
 528              	.LASF14:
 529 013a 63795F6D 		.ascii	"cy_meta_wonvl\000"
 529      6574615F 
 529      776F6E76 
 529      6C00
 530              	.LASF11:
 531 0148 73697A65 		.ascii	"sizetype\000"
 531      74797065 
 531      00
 532              	.LASF6:
 533 0151 6C6F6E67 		.ascii	"long long int\000"
 533      206C6F6E 
 533      6720696E 
 533      7400
 534              	.LASF2:
 535 015f 73686F72 		.ascii	"short int\000"
 535      7420696E 
 535      7400
 536              	.LASF4:
 537 0169 6C6F6E67 		.ascii	"long int\000"
 537      20696E74 
 537      00
 538              	.LASF0:
 539 0172 7369676E 		.ascii	"signed char\000"
 539      65642063 
 539      68617200 
 540              	.LASF19:
 541 017e 433A5C55 		.ascii	"C:\\Users\\Tri94\\Documents\\PSoC Creator\\EE4450\\"
 541      73657273 
 541      5C547269 
 541      39345C44 
 541      6F63756D 
 542 01ab 45453434 		.ascii	"EE4450-Projects\\RTOS_UART_Project_Psoc1_Copy_02.cy"
 542      35302D50 
 542      726F6A65 
 542      6374735C 
 542      52544F53 
 543 01dd 64736E00 		.ascii	"dsn\000"
 544              	.LASF18:
 545 01e1 47656E65 		.ascii	"Generated_Source\\PSoC5\\cymetadata.c\000"
 545      72617465 
 545      645F536F 
 545      75726365 
 545      5C50536F 
 546              		.ident	"GCC: (GNU Tools for ARM Embedded Processors) 5.4.1 20160609 (release) [ARM/embedded-5-bran
