--------------- Rebuild Started: 12/12/2019 11:32:54 Project: RTOS_UART_Project_Psoc1_Copy_02, Configuration: ARM GCC 5.4-2016-q2-update Debug ---------------
Deleting file ".\CortexM3\ARM_GCC_541\Debug\main.o"
Deleting file ".\CortexM3\ARM_GCC_541\Debug\heap_1.o"
Deleting file ".\CortexM3\ARM_GCC_541\Debug\port.o"
Deleting file ".\CortexM3\ARM_GCC_541\Debug\croutine.o"
Deleting file ".\CortexM3\ARM_GCC_541\Debug\event_groups.o"
Deleting file ".\CortexM3\ARM_GCC_541\Debug\FreeRTOS_PSoC.o"
Deleting file ".\CortexM3\ARM_GCC_541\Debug\list.o"
Deleting file ".\CortexM3\ARM_GCC_541\Debug\queue.o"
Deleting file ".\CortexM3\ARM_GCC_541\Debug\stream_buffer.o"
Deleting file ".\CortexM3\ARM_GCC_541\Debug\tasks.o"
Deleting file ".\CortexM3\ARM_GCC_541\Debug\timers.o"
Deleting file ".\CortexM3\ARM_GCC_541\Debug\cyfitter_cfg.o"
Deleting file ".\CortexM3\ARM_GCC_541\Debug\cymetadata.o"
Deleting file ".\CortexM3\ARM_GCC_541\Debug\cy_em_eeprom.o"
Deleting file ".\CortexM3\ARM_GCC_541\Debug\Cm3Start.o"
Deleting file ".\CortexM3\ARM_GCC_541\Debug\CyBootAsmGnu.o"
Deleting file ".\CortexM3\ARM_GCC_541\Debug\CyDmac.o"
Deleting file ".\CortexM3\ARM_GCC_541\Debug\CyFlash.o"
Deleting file ".\CortexM3\ARM_GCC_541\Debug\CyLib.o"
Deleting file ".\CortexM3\ARM_GCC_541\Debug\cyPm.o"
Deleting file ".\CortexM3\ARM_GCC_541\Debug\CySpc.o"
Deleting file ".\CortexM3\ARM_GCC_541\Debug\cyutils.o"
Deleting file ".\CortexM3\ARM_GCC_541\Debug\Clock_1.o"
Deleting file ".\CortexM3\ARM_GCC_541\Debug\LED.o"
Deleting file ".\CortexM3\ARM_GCC_541\Debug\timer_clock.o"
Deleting file ".\CortexM3\ARM_GCC_541\Debug\Timer.o"
Deleting file ".\CortexM3\ARM_GCC_541\Debug\Timer_PM.o"
Deleting file ".\CortexM3\ARM_GCC_541\Debug\Echo.o"
Deleting file ".\CortexM3\ARM_GCC_541\Debug\Trigger.o"
Deleting file ".\CortexM3\ARM_GCC_541\Debug\PWM_Servo.o"
Deleting file ".\CortexM3\ARM_GCC_541\Debug\PWM_Servo_PM.o"
Deleting file ".\CortexM3\ARM_GCC_541\Debug\Clock_2.o"
Deleting file ".\CortexM3\ARM_GCC_541\Debug\SERVO.o"
Deleting file ".\CortexM3\ARM_GCC_541\Debug\PWM_Music.o"
Deleting file ".\CortexM3\ARM_GCC_541\Debug\PWM_Music_PM.o"
Deleting file ".\CortexM3\ARM_GCC_541\Debug\BUZZER.o"
Deleting file ".\CortexM3\ARM_GCC_541\Debug\RTOS_UART_Project_Psoc1_Copy_02.map"
Deleting file ".\RTOS_UART_Project_Psoc1_Copy_02.cycdx"
Deleting file ".\RTOS_UART_Project_Psoc1_Copy_02.svd"
Deleting file ".\RTOS_UART_Project_Psoc1_Copy_02.rpt"
Deleting file ".\RTOS_UART_Project_Psoc1_Copy_02_timing.html"
Deleting file ".\CortexM3\ARM_GCC_541\Debug\.deps\SOURCE_C__ARM_GCC_GENERIC.P"
Deleting file ".\CortexM3\ARM_GCC_541\Debug\.deps\SOURCE_ASM__ARM_GCC_GENERIC.P"
cydsfit.exe -.appdatapath "C:\Users\Tri94\AppData\Local\Cypress Semiconductor\PSoC Creator\4.2" -.fdsnotice -.fdswarpdepfile=warp_dependencies.txt -.fdselabdepfile=elab_dependencies.txt -.fdsbldfile=generated_files.txt -.fdsreffile=referenced_files.txt -p "C:\Users\Tri94\Documents\PSoC Creator\EE4450\EE4450-Projects\RTOS_UART_Project_Psoc1_Copy_02.cydsn\RTOS_UART_Project_Psoc1_Copy_02.cyprj" -d CY8C5888LTI-LP097 -s "C:\Users\Tri94\Documents\PSoC Creator\EE4450\EE4450-Projects\RTOS_UART_Project_Psoc1_Copy_02.cydsn\Generated_Source\PSoC5" -- -yv2 -q10 -ygs -o2 -v3 -.fftcfgtype=LE
Elaborating Design...
HDL Generation...
Synthesis...
Tech Mapping...
Analog Placement...
Analog Routing...
Analog Code Generation...
Digital Placement...
Digital Routing...
Bitstream Generation...
Bitstream Verification...
Static timing analysis...
API Generation...
Dependency Generation...
Cleanup...
arm-none-eabi-gcc.exe -mcpu=cortex-m3 -mthumb -I..\FreeRTOS -I..\FreeRTOS\include -I..\FreeRTOS\portable\GCC\ARM_CM3 -I..\FreeRTOS\portable\MemMang -I. -IGenerated_Source\PSoC5 -Wa,-alh=.\CortexM3\ARM_GCC_541\Debug/main.lst -g -D DEBUG -D CY_CORE_ID=0 -Wall -ffunction-sections -ffat-lto-objects -Og -c main.c -o .\CortexM3\ARM_GCC_541\Debug\main.o
main.c: In function 'vReadUltraSonicTask':
main.c:127:9: warning: implicit declaration of function 'UART_USB_PutChar' [-Wimplicit-function-declaration]
         UART_USB_PutChar(centi);//putty
         ^
main.c:128:9: warning: implicit declaration of function 'UART_PutChar' [-Wimplicit-function-declaration]
         UART_PutChar(centi); // psoc 2
         ^
main.c:132:9: warning: implicit declaration of function 'UART_USB_PutString' [-Wimplicit-function-declaration]
         UART_USB_PutString(str);
         ^
main.c:107:13: warning: unused variable 'test' [-Wunused-variable]
     uint8_t test = 123;
             ^
main.c:103:12: warning: unused variable 'meter' [-Wunused-variable]
     float  meter  = 0;
            ^
arm-none-eabi-gcc.exe -mcpu=cortex-m3 -mthumb -I..\FreeRTOS -I..\FreeRTOS\include -I..\FreeRTOS\portable\GCC\ARM_CM3 -I..\FreeRTOS\portable\MemMang -I. -IGenerated_Source\PSoC5 -Wa,-alh=.\CortexM3\ARM_GCC_541\Debug/heap_1.lst -g -D DEBUG -D CY_CORE_ID=0 -Wall -ffunction-sections -ffat-lto-objects -Og -c ..\FreeRTOS\portable\MemMang\heap_1.c -o .\CortexM3\ARM_GCC_541\Debug\heap_1.o
arm-none-eabi-gcc.exe -mcpu=cortex-m3 -mthumb -I..\FreeRTOS -I..\FreeRTOS\include -I..\FreeRTOS\portable\GCC\ARM_CM3 -I..\FreeRTOS\portable\MemMang -I. -IGenerated_Source\PSoC5 -Wa,-alh=.\CortexM3\ARM_GCC_541\Debug/port.lst -g -D DEBUG -D CY_CORE_ID=0 -Wall -ffunction-sections -ffat-lto-objects -Og -c ..\FreeRTOS\portable\GCC\ARM_CM3\port.c -o .\CortexM3\ARM_GCC_541\Debug\port.o
arm-none-eabi-gcc.exe -mcpu=cortex-m3 -mthumb -I..\FreeRTOS -I..\FreeRTOS\include -I..\FreeRTOS\portable\GCC\ARM_CM3 -I..\FreeRTOS\portable\MemMang -I. -IGenerated_Source\PSoC5 -Wa,-alh=.\CortexM3\ARM_GCC_541\Debug/croutine.lst -g -D DEBUG -D CY_CORE_ID=0 -Wall -ffunction-sections -ffat-lto-objects -Og -c ..\FreeRTOS\croutine.c -o .\CortexM3\ARM_GCC_541\Debug\croutine.o
arm-none-eabi-gcc.exe -mcpu=cortex-m3 -mthumb -I..\FreeRTOS -I..\FreeRTOS\include -I..\FreeRTOS\portable\GCC\ARM_CM3 -I..\FreeRTOS\portable\MemMang -I. -IGenerated_Source\PSoC5 -Wa,-alh=.\CortexM3\ARM_GCC_541\Debug/event_groups.lst -g -D DEBUG -D CY_CORE_ID=0 -Wall -ffunction-sections -ffat-lto-objects -Og -c ..\FreeRTOS\event_groups.c -o .\CortexM3\ARM_GCC_541\Debug\event_groups.o
arm-none-eabi-gcc.exe -mcpu=cortex-m3 -mthumb -I..\FreeRTOS -I..\FreeRTOS\include -I..\FreeRTOS\portable\GCC\ARM_CM3 -I..\FreeRTOS\portable\MemMang -I. -IGenerated_Source\PSoC5 -Wa,-alh=.\CortexM3\ARM_GCC_541\Debug/FreeRTOS_PSoC.lst -g -D DEBUG -D CY_CORE_ID=0 -Wall -ffunction-sections -ffat-lto-objects -Og -c ..\FreeRTOS\FreeRTOS_PSoC.c -o .\CortexM3\ARM_GCC_541\Debug\FreeRTOS_PSoC.o
arm-none-eabi-gcc.exe -mcpu=cortex-m3 -mthumb -I..\FreeRTOS -I..\FreeRTOS\include -I..\FreeRTOS\portable\GCC\ARM_CM3 -I..\FreeRTOS\portable\MemMang -I. -IGenerated_Source\PSoC5 -Wa,-alh=.\CortexM3\ARM_GCC_541\Debug/list.lst -g -D DEBUG -D CY_CORE_ID=0 -Wall -ffunction-sections -ffat-lto-objects -Og -c ..\FreeRTOS\list.c -o .\CortexM3\ARM_GCC_541\Debug\list.o
arm-none-eabi-gcc.exe -mcpu=cortex-m3 -mthumb -I..\FreeRTOS -I..\FreeRTOS\include -I..\FreeRTOS\portable\GCC\ARM_CM3 -I..\FreeRTOS\portable\MemMang -I. -IGenerated_Source\PSoC5 -Wa,-alh=.\CortexM3\ARM_GCC_541\Debug/queue.lst -g -D DEBUG -D CY_CORE_ID=0 -Wall -ffunction-sections -ffat-lto-objects -Og -c ..\FreeRTOS\queue.c -o .\CortexM3\ARM_GCC_541\Debug\queue.o
arm-none-eabi-gcc.exe -mcpu=cortex-m3 -mthumb -I..\FreeRTOS -I..\FreeRTOS\include -I..\FreeRTOS\portable\GCC\ARM_CM3 -I..\FreeRTOS\portable\MemMang -I. -IGenerated_Source\PSoC5 -Wa,-alh=.\CortexM3\ARM_GCC_541\Debug/stream_buffer.lst -g -D DEBUG -D CY_CORE_ID=0 -Wall -ffunction-sections -ffat-lto-objects -Og -c ..\FreeRTOS\stream_buffer.c -o .\CortexM3\ARM_GCC_541\Debug\stream_buffer.o
arm-none-eabi-gcc.exe -mcpu=cortex-m3 -mthumb -I..\FreeRTOS -I..\FreeRTOS\include -I..\FreeRTOS\portable\GCC\ARM_CM3 -I..\FreeRTOS\portable\MemMang -I. -IGenerated_Source\PSoC5 -Wa,-alh=.\CortexM3\ARM_GCC_541\Debug/tasks.lst -g -D DEBUG -D CY_CORE_ID=0 -Wall -ffunction-sections -ffat-lto-objects -Og -c ..\FreeRTOS\tasks.c -o .\CortexM3\ARM_GCC_541\Debug\tasks.o
arm-none-eabi-gcc.exe -mcpu=cortex-m3 -mthumb -I..\FreeRTOS -I..\FreeRTOS\include -I..\FreeRTOS\portable\GCC\ARM_CM3 -I..\FreeRTOS\portable\MemMang -I. -IGenerated_Source\PSoC5 -Wa,-alh=.\CortexM3\ARM_GCC_541\Debug/timers.lst -g -D DEBUG -D CY_CORE_ID=0 -Wall -ffunction-sections -ffat-lto-objects -Og -c ..\FreeRTOS\timers.c -o .\CortexM3\ARM_GCC_541\Debug\timers.o
arm-none-eabi-gcc.exe -mcpu=cortex-m3 -mthumb -I..\FreeRTOS -I..\FreeRTOS\include -I..\FreeRTOS\portable\GCC\ARM_CM3 -I..\FreeRTOS\portable\MemMang -I. -IGenerated_Source\PSoC5 -Wa,-alh=.\CortexM3\ARM_GCC_541\Debug/cyfitter_cfg.lst -g -D DEBUG -D CY_CORE_ID=0 -Wall -ffunction-sections -ffat-lto-objects -Og -c Generated_Source\PSoC5\cyfitter_cfg.c -o .\CortexM3\ARM_GCC_541\Debug\cyfitter_cfg.o
arm-none-eabi-gcc.exe -mcpu=cortex-m3 -mthumb -I..\FreeRTOS -I..\FreeRTOS\include -I..\FreeRTOS\portable\GCC\ARM_CM3 -I..\FreeRTOS\portable\MemMang -I. -IGenerated_Source\PSoC5 -Wa,-alh=.\CortexM3\ARM_GCC_541\Debug/cymetadata.lst -g -D DEBUG -D CY_CORE_ID=0 -Wall -ffunction-sections -ffat-lto-objects -Og -c Generated_Source\PSoC5\cymetadata.c -o .\CortexM3\ARM_GCC_541\Debug\cymetadata.o
arm-none-eabi-gcc.exe -mcpu=cortex-m3 -mthumb -I..\FreeRTOS -I..\FreeRTOS\include -I..\FreeRTOS\portable\GCC\ARM_CM3 -I..\FreeRTOS\portable\MemMang -I. -IGenerated_Source\PSoC5 -Wa,-alh=.\CortexM3\ARM_GCC_541\Debug/cy_em_eeprom.lst -g -D DEBUG -D CY_CORE_ID=0 -Wall -ffunction-sections -ffat-lto-objects -Og -c Generated_Source\PSoC5\cy_em_eeprom.c -o .\CortexM3\ARM_GCC_541\Debug\cy_em_eeprom.o
arm-none-eabi-gcc.exe -mcpu=cortex-m3 -mthumb -I..\FreeRTOS -I..\FreeRTOS\include -I..\FreeRTOS\portable\GCC\ARM_CM3 -I..\FreeRTOS\portable\MemMang -I. -IGenerated_Source\PSoC5 -Wa,-alh=.\CortexM3\ARM_GCC_541\Debug/Cm3Start.lst -g -D DEBUG -D CY_CORE_ID=0 -Wall -ffunction-sections -ffat-lto-objects -Og -c Generated_Source\PSoC5\Cm3Start.c -o .\CortexM3\ARM_GCC_541\Debug\Cm3Start.o
arm-none-eabi-gcc.exe -mcpu=cortex-m3 -mthumb -I..\FreeRTOS -I..\FreeRTOS\include -I..\FreeRTOS\portable\GCC\ARM_CM3 -I..\FreeRTOS\portable\MemMang -I. -IGenerated_Source\PSoC5 -Wa,-alh=.\CortexM3\ARM_GCC_541\Debug/CyDmac.lst -g -D DEBUG -D CY_CORE_ID=0 -Wall -ffunction-sections -ffat-lto-objects -Og -c Generated_Source\PSoC5\CyDmac.c -o .\CortexM3\ARM_GCC_541\Debug\CyDmac.o
arm-none-eabi-gcc.exe -mcpu=cortex-m3 -mthumb -I..\FreeRTOS -I..\FreeRTOS\include -I..\FreeRTOS\portable\GCC\ARM_CM3 -I..\FreeRTOS\portable\MemMang -I. -IGenerated_Source\PSoC5 -Wa,-alh=.\CortexM3\ARM_GCC_541\Debug/CyFlash.lst -g -D DEBUG -D CY_CORE_ID=0 -Wall -ffunction-sections -ffat-lto-objects -Og -c Generated_Source\PSoC5\CyFlash.c -o .\CortexM3\ARM_GCC_541\Debug\CyFlash.o
arm-none-eabi-gcc.exe -mcpu=cortex-m3 -mthumb -I..\FreeRTOS -I..\FreeRTOS\include -I..\FreeRTOS\portable\GCC\ARM_CM3 -I..\FreeRTOS\portable\MemMang -I. -IGenerated_Source\PSoC5 -Wa,-alh=.\CortexM3\ARM_GCC_541\Debug/CyLib.lst -g -D DEBUG -D CY_CORE_ID=0 -Wall -ffunction-sections -ffat-lto-objects -Og -c Generated_Source\PSoC5\CyLib.c -o .\CortexM3\ARM_GCC_541\Debug\CyLib.o
arm-none-eabi-gcc.exe -mcpu=cortex-m3 -mthumb -I..\FreeRTOS -I..\FreeRTOS\include -I..\FreeRTOS\portable\GCC\ARM_CM3 -I..\FreeRTOS\portable\MemMang -I. -IGenerated_Source\PSoC5 -Wa,-alh=.\CortexM3\ARM_GCC_541\Debug/cyPm.lst -g -D DEBUG -D CY_CORE_ID=0 -Wall -ffunction-sections -ffat-lto-objects -Og -c Generated_Source\PSoC5\cyPm.c -o .\CortexM3\ARM_GCC_541\Debug\cyPm.o
arm-none-eabi-gcc.exe -mcpu=cortex-m3 -mthumb -I..\FreeRTOS -I..\FreeRTOS\include -I..\FreeRTOS\portable\GCC\ARM_CM3 -I..\FreeRTOS\portable\MemMang -I. -IGenerated_Source\PSoC5 -Wa,-alh=.\CortexM3\ARM_GCC_541\Debug/CySpc.lst -g -D DEBUG -D CY_CORE_ID=0 -Wall -ffunction-sections -ffat-lto-objects -Og -c Generated_Source\PSoC5\CySpc.c -o .\CortexM3\ARM_GCC_541\Debug\CySpc.o
arm-none-eabi-gcc.exe -mcpu=cortex-m3 -mthumb -I..\FreeRTOS -I..\FreeRTOS\include -I..\FreeRTOS\portable\GCC\ARM_CM3 -I..\FreeRTOS\portable\MemMang -I. -IGenerated_Source\PSoC5 -Wa,-alh=.\CortexM3\ARM_GCC_541\Debug/cyutils.lst -g -D DEBUG -D CY_CORE_ID=0 -Wall -ffunction-sections -ffat-lto-objects -Og -c Generated_Source\PSoC5\cyutils.c -o .\CortexM3\ARM_GCC_541\Debug\cyutils.o
arm-none-eabi-gcc.exe -mcpu=cortex-m3 -mthumb -I..\FreeRTOS -I..\FreeRTOS\include -I..\FreeRTOS\portable\GCC\ARM_CM3 -I..\FreeRTOS\portable\MemMang -I. -IGenerated_Source\PSoC5 -Wa,-alh=.\CortexM3\ARM_GCC_541\Debug/Clock_1.lst -g -D DEBUG -D CY_CORE_ID=0 -Wall -ffunction-sections -ffat-lto-objects -Og -c Generated_Source\PSoC5\Clock_1.c -o .\CortexM3\ARM_GCC_541\Debug\Clock_1.o
arm-none-eabi-gcc.exe -mcpu=cortex-m3 -mthumb -I..\FreeRTOS -I..\FreeRTOS\include -I..\FreeRTOS\portable\GCC\ARM_CM3 -I..\FreeRTOS\portable\MemMang -I. -IGenerated_Source\PSoC5 -Wa,-alh=.\CortexM3\ARM_GCC_541\Debug/LED.lst -g -D DEBUG -D CY_CORE_ID=0 -Wall -ffunction-sections -ffat-lto-objects -Og -c Generated_Source\PSoC5\LED.c -o .\CortexM3\ARM_GCC_541\Debug\LED.o
arm-none-eabi-gcc.exe -mcpu=cortex-m3 -mthumb -I..\FreeRTOS -I..\FreeRTOS\include -I..\FreeRTOS\portable\GCC\ARM_CM3 -I..\FreeRTOS\portable\MemMang -I. -IGenerated_Source\PSoC5 -Wa,-alh=.\CortexM3\ARM_GCC_541\Debug/timer_clock.lst -g -D DEBUG -D CY_CORE_ID=0 -Wall -ffunction-sections -ffat-lto-objects -Og -c Generated_Source\PSoC5\timer_clock.c -o .\CortexM3\ARM_GCC_541\Debug\timer_clock.o
arm-none-eabi-gcc.exe -mcpu=cortex-m3 -mthumb -I..\FreeRTOS -I..\FreeRTOS\include -I..\FreeRTOS\portable\GCC\ARM_CM3 -I..\FreeRTOS\portable\MemMang -I. -IGenerated_Source\PSoC5 -Wa,-alh=.\CortexM3\ARM_GCC_541\Debug/Timer.lst -g -D DEBUG -D CY_CORE_ID=0 -Wall -ffunction-sections -ffat-lto-objects -Og -c Generated_Source\PSoC5\Timer.c -o .\CortexM3\ARM_GCC_541\Debug\Timer.o
arm-none-eabi-gcc.exe -mcpu=cortex-m3 -mthumb -I..\FreeRTOS -I..\FreeRTOS\include -I..\FreeRTOS\portable\GCC\ARM_CM3 -I..\FreeRTOS\portable\MemMang -I. -IGenerated_Source\PSoC5 -Wa,-alh=.\CortexM3\ARM_GCC_541\Debug/Timer_PM.lst -g -D DEBUG -D CY_CORE_ID=0 -Wall -ffunction-sections -ffat-lto-objects -Og -c Generated_Source\PSoC5\Timer_PM.c -o .\CortexM3\ARM_GCC_541\Debug\Timer_PM.o
arm-none-eabi-gcc.exe -mcpu=cortex-m3 -mthumb -I..\FreeRTOS -I..\FreeRTOS\include -I..\FreeRTOS\portable\GCC\ARM_CM3 -I..\FreeRTOS\portable\MemMang -I. -IGenerated_Source\PSoC5 -Wa,-alh=.\CortexM3\ARM_GCC_541\Debug/Echo.lst -g -D DEBUG -D CY_CORE_ID=0 -Wall -ffunction-sections -ffat-lto-objects -Og -c Generated_Source\PSoC5\Echo.c -o .\CortexM3\ARM_GCC_541\Debug\Echo.o
arm-none-eabi-gcc.exe -mcpu=cortex-m3 -mthumb -I..\FreeRTOS -I..\FreeRTOS\include -I..\FreeRTOS\portable\GCC\ARM_CM3 -I..\FreeRTOS\portable\MemMang -I. -IGenerated_Source\PSoC5 -Wa,-alh=.\CortexM3\ARM_GCC_541\Debug/Trigger.lst -g -D DEBUG -D CY_CORE_ID=0 -Wall -ffunction-sections -ffat-lto-objects -Og -c Generated_Source\PSoC5\Trigger.c -o .\CortexM3\ARM_GCC_541\Debug\Trigger.o
arm-none-eabi-gcc.exe -mcpu=cortex-m3 -mthumb -I..\FreeRTOS -I..\FreeRTOS\include -I..\FreeRTOS\portable\GCC\ARM_CM3 -I..\FreeRTOS\portable\MemMang -I. -IGenerated_Source\PSoC5 -Wa,-alh=.\CortexM3\ARM_GCC_541\Debug/PWM_Servo.lst -g -D DEBUG -D CY_CORE_ID=0 -Wall -ffunction-sections -ffat-lto-objects -Og -c Generated_Source\PSoC5\PWM_Servo.c -o .\CortexM3\ARM_GCC_541\Debug\PWM_Servo.o
arm-none-eabi-gcc.exe -mcpu=cortex-m3 -mthumb -I..\FreeRTOS -I..\FreeRTOS\include -I..\FreeRTOS\portable\GCC\ARM_CM3 -I..\FreeRTOS\portable\MemMang -I. -IGenerated_Source\PSoC5 -Wa,-alh=.\CortexM3\ARM_GCC_541\Debug/PWM_Servo_PM.lst -g -D DEBUG -D CY_CORE_ID=0 -Wall -ffunction-sections -ffat-lto-objects -Og -c Generated_Source\PSoC5\PWM_Servo_PM.c -o .\CortexM3\ARM_GCC_541\Debug\PWM_Servo_PM.o
arm-none-eabi-gcc.exe -mcpu=cortex-m3 -mthumb -I..\FreeRTOS -I..\FreeRTOS\include -I..\FreeRTOS\portable\GCC\ARM_CM3 -I..\FreeRTOS\portable\MemMang -I. -IGenerated_Source\PSoC5 -Wa,-alh=.\CortexM3\ARM_GCC_541\Debug/Clock_2.lst -g -D DEBUG -D CY_CORE_ID=0 -Wall -ffunction-sections -ffat-lto-objects -Og -c Generated_Source\PSoC5\Clock_2.c -o .\CortexM3\ARM_GCC_541\Debug\Clock_2.o
arm-none-eabi-gcc.exe -mcpu=cortex-m3 -mthumb -I..\FreeRTOS -I..\FreeRTOS\include -I..\FreeRTOS\portable\GCC\ARM_CM3 -I..\FreeRTOS\portable\MemMang -I. -IGenerated_Source\PSoC5 -Wa,-alh=.\CortexM3\ARM_GCC_541\Debug/SERVO.lst -g -D DEBUG -D CY_CORE_ID=0 -Wall -ffunction-sections -ffat-lto-objects -Og -c Generated_Source\PSoC5\SERVO.c -o .\CortexM3\ARM_GCC_541\Debug\SERVO.o
arm-none-eabi-gcc.exe -mcpu=cortex-m3 -mthumb -I..\FreeRTOS -I..\FreeRTOS\include -I..\FreeRTOS\portable\GCC\ARM_CM3 -I..\FreeRTOS\portable\MemMang -I. -IGenerated_Source\PSoC5 -Wa,-alh=.\CortexM3\ARM_GCC_541\Debug/PWM_Music.lst -g -D DEBUG -D CY_CORE_ID=0 -Wall -ffunction-sections -ffat-lto-objects -Og -c Generated_Source\PSoC5\PWM_Music.c -o .\CortexM3\ARM_GCC_541\Debug\PWM_Music.o
arm-none-eabi-gcc.exe -mcpu=cortex-m3 -mthumb -I..\FreeRTOS -I..\FreeRTOS\include -I..\FreeRTOS\portable\GCC\ARM_CM3 -I..\FreeRTOS\portable\MemMang -I. -IGenerated_Source\PSoC5 -Wa,-alh=.\CortexM3\ARM_GCC_541\Debug/PWM_Music_PM.lst -g -D DEBUG -D CY_CORE_ID=0 -Wall -ffunction-sections -ffat-lto-objects -Og -c Generated_Source\PSoC5\PWM_Music_PM.c -o .\CortexM3\ARM_GCC_541\Debug\PWM_Music_PM.o
arm-none-eabi-gcc.exe -mcpu=cortex-m3 -mthumb -I..\FreeRTOS -I..\FreeRTOS\include -I..\FreeRTOS\portable\GCC\ARM_CM3 -I..\FreeRTOS\portable\MemMang -I. -IGenerated_Source\PSoC5 -Wa,-alh=.\CortexM3\ARM_GCC_541\Debug/BUZZER.lst -g -D DEBUG -D CY_CORE_ID=0 -Wall -ffunction-sections -ffat-lto-objects -Og -c Generated_Source\PSoC5\BUZZER.c -o .\CortexM3\ARM_GCC_541\Debug\BUZZER.o
arm-none-eabi-as.exe -mcpu=cortex-m3 -mthumb -I. -IGenerated_Source\PSoC5 -alh=.\CortexM3\ARM_GCC_541\Debug/CyBootAsmGnu.lst -g -W -o .\CortexM3\ARM_GCC_541\Debug\CyBootAsmGnu.o Generated_Source\PSoC5\CyBootAsmGnu.s
arm-none-eabi-ar.exe -rs .\CortexM3\ARM_GCC_541\Debug\RTOS_UART_Project_Psoc1_Copy_02.a .\CortexM3\ARM_GCC_541\Debug\cy_em_eeprom.o .\CortexM3\ARM_GCC_541\Debug\CyDmac.o .\CortexM3\ARM_GCC_541\Debug\CyFlash.o .\CortexM3\ARM_GCC_541\Debug\CyLib.o .\CortexM3\ARM_GCC_541\Debug\cyPm.o .\CortexM3\ARM_GCC_541\Debug\CySpc.o .\CortexM3\ARM_GCC_541\Debug\cyutils.o .\CortexM3\ARM_GCC_541\Debug\Clock_1.o .\CortexM3\ARM_GCC_541\Debug\LED.o .\CortexM3\ARM_GCC_541\Debug\timer_clock.o .\CortexM3\ARM_GCC_541\Debug\Timer.o .\CortexM3\ARM_GCC_541\Debug\Timer_PM.o .\CortexM3\ARM_GCC_541\Debug\Echo.o .\CortexM3\ARM_GCC_541\Debug\Trigger.o .\CortexM3\ARM_GCC_541\Debug\PWM_Servo.o .\CortexM3\ARM_GCC_541\Debug\PWM_Servo_PM.o .\CortexM3\ARM_GCC_541\Debug\Clock_2.o .\CortexM3\ARM_GCC_541\Debug\SERVO.o .\CortexM3\ARM_GCC_541\Debug\PWM_Music.o .\CortexM3\ARM_GCC_541\Debug\PWM_Music_PM.o .\CortexM3\ARM_GCC_541\Debug\BUZZER.o .\CortexM3\ARM_GCC_541\Debug\CyBootAsmGnu.o
arm-none-eabi-ar.exe: creating .\CortexM3\ARM_GCC_541\Debug\RTOS_UART_Project_Psoc1_Copy_02.a
arm-none-eabi-gcc.exe -Wl,--start-group -o "C:\Users\Tri94\Documents\PSoC Creator\EE4450\EE4450-Projects\RTOS_UART_Project_Psoc1_Copy_02.cydsn\CortexM3\ARM_GCC_541\Debug\RTOS_UART_Project_Psoc1_Copy_02.elf" .\CortexM3\ARM_GCC_541\Debug\main.o .\CortexM3\ARM_GCC_541\Debug\heap_1.o .\CortexM3\ARM_GCC_541\Debug\port.o .\CortexM3\ARM_GCC_541\Debug\croutine.o .\CortexM3\ARM_GCC_541\Debug\event_groups.o .\CortexM3\ARM_GCC_541\Debug\FreeRTOS_PSoC.o .\CortexM3\ARM_GCC_541\Debug\list.o .\CortexM3\ARM_GCC_541\Debug\queue.o .\CortexM3\ARM_GCC_541\Debug\stream_buffer.o .\CortexM3\ARM_GCC_541\Debug\tasks.o .\CortexM3\ARM_GCC_541\Debug\timers.o .\CortexM3\ARM_GCC_541\Debug\cyfitter_cfg.o .\CortexM3\ARM_GCC_541\Debug\cymetadata.o .\CortexM3\ARM_GCC_541\Debug\Cm3Start.o .\CortexM3\ARM_GCC_541\Debug\RTOS_UART_Project_Psoc1_Copy_02.a "C:\Program Files (x86)\Cypress\PSoC Creator\4.2\PSoC Creator\psoc\content\cycomponentlibrary\CyComponentLibrary.cylib\CortexM3\ARM_GCC_541\Debug\CyComponentLibrary.a" -mcpu=cortex-m3 -mthumb -L Generated_Source\PSoC5 -Wl,-Map,.\CortexM3\ARM_GCC_541\Debug/RTOS_UART_Project_Psoc1_Copy_02.map -T Generated_Source\PSoC5\cm3gcc.ld -specs=nano.specs -Wl,--gc-sections -g -ffunction-sections -Og -ffat-lto-objects -Wl,--end-group
.\CortexM3\ARM_GCC_541\Debug\main.o: In function `vReadUltraSonicTask':
C:\Users\Tri94\Documents\PSoC Creator\EE4450\EE4450-Projects\RTOS_UART_Project_Psoc1_Copy_02.cydsn/main.c:127: undefined reference to `UART_USB_PutChar'
C:\Users\Tri94\Documents\PSoC Creator\EE4450\EE4450-Projects\RTOS_UART_Project_Psoc1_Copy_02.cydsn/main.c:128: undefined reference to `UART_PutChar'
C:\Users\Tri94\Documents\PSoC Creator\EE4450\EE4450-Projects\RTOS_UART_Project_Psoc1_Copy_02.cydsn/main.c:132: undefined reference to `UART_USB_PutString'
collect2.exe: error: ld returned 1 exit status
The command 'arm-none-eabi-gcc.exe' failed with exit code '1'.
--------------- Rebuild Failed: 12/12/2019 11:33:27 ---------------
