ARM GAS  C:\Users\Tri94\AppData\Local\Temp\ccpCa8XM.s 			page 1


   1              		.syntax unified
   2              		.cpu cortex-m3
   3              		.fpu softvfp
   4              		.eabi_attribute 20, 1
   5              		.eabi_attribute 21, 1
   6              		.eabi_attribute 23, 3
   7              		.eabi_attribute 24, 1
   8              		.eabi_attribute 25, 1
   9              		.eabi_attribute 26, 1
  10              		.eabi_attribute 30, 1
  11              		.eabi_attribute 34, 1
  12              		.eabi_attribute 18, 4
  13              		.thumb
  14              		.syntax unified
  15              		.file	"cymetadata.c"
  16              		.text
  17              	.Ltext0:
  18              		.cfi_sections	.debug_frame
  19              		.global	cy_metadata
  20              		.global	cy_meta_flashprotect
  21              		.global	cy_meta_wonvl
  22              		.global	cy_meta_custnvl
  23              		.global	cy_meta_configecc
  24              		.section	.cyconfigecc,"a",%progbits
  25              		.align	2
  26              		.type	cy_meta_configecc, %object
  27              		.size	cy_meta_configecc, 1124
  28              	cy_meta_configecc:
  29 0000 02       		.byte	2
  30 0001 52       		.byte	82
  31 0002 00       		.byte	0
  32 0003 40       		.byte	64
  33 0004 02       		.byte	2
  34 0005 64       		.byte	100
  35 0006 00       		.byte	0
  36 0007 40       		.byte	64
  37 0008 02       		.byte	2
  38 0009 65       		.byte	101
  39 000a 00       		.byte	0
  40 000b 40       		.byte	64
  41 000c 47       		.byte	71
  42 000d 08       		.byte	8
  43 000e 01       		.byte	1
  44 000f 40       		.byte	64
  45 0010 35       		.byte	53
  46 0011 09       		.byte	9
  47 0012 01       		.byte	1
  48 0013 40       		.byte	64
  49 0014 02       		.byte	2
  50 0015 15       		.byte	21
  51 0016 01       		.byte	1
  52 0017 40       		.byte	64
  53 0018 59       		.byte	89
  54 0019 18       		.byte	24
  55 001a 01       		.byte	1
  56 001b 40       		.byte	64
  57 001c 47       		.byte	71
ARM GAS  C:\Users\Tri94\AppData\Local\Temp\ccpCa8XM.s 			page 2


  58 001d 19       		.byte	25
  59 001e 01       		.byte	1
  60 001f 40       		.byte	64
  61 0020 61       		.byte	97
  62 0021 1A       		.byte	26
  63 0022 01       		.byte	1
  64 0023 40       		.byte	64
  65 0024 4D       		.byte	77
  66 0025 1B       		.byte	27
  67 0026 01       		.byte	1
  68 0027 40       		.byte	64
  69 0028 03       		.byte	3
  70 0029 40       		.byte	64
  71 002a 01       		.byte	1
  72 002b 40       		.byte	64
  73 002c 02       		.byte	2
  74 002d 41       		.byte	65
  75 002e 01       		.byte	1
  76 002f 40       		.byte	64
  77 0030 02       		.byte	2
  78 0031 42       		.byte	66
  79 0032 01       		.byte	1
  80 0033 40       		.byte	64
  81 0034 02       		.byte	2
  82 0035 43       		.byte	67
  83 0036 01       		.byte	1
  84 0037 40       		.byte	64
  85 0038 02       		.byte	2
  86 0039 45       		.byte	69
  87 003a 01       		.byte	1
  88 003b 40       		.byte	64
  89 003c 01       		.byte	1
  90 003d 46       		.byte	70
  91 003e 01       		.byte	1
  92 003f 40       		.byte	64
  93 0040 01       		.byte	1
  94 0041 47       		.byte	71
  95 0042 01       		.byte	1
  96 0043 40       		.byte	64
  97 0044 02       		.byte	2
  98 0045 48       		.byte	72
  99 0046 01       		.byte	1
 100 0047 40       		.byte	64
 101 0048 05       		.byte	5
 102 0049 49       		.byte	73
 103 004a 01       		.byte	1
 104 004b 40       		.byte	64
 105 004c 03       		.byte	3
 106 004d 4C       		.byte	76
 107 004e 01       		.byte	1
 108 004f 40       		.byte	64
 109 0050 07       		.byte	7
 110 0051 4D       		.byte	77
 111 0052 01       		.byte	1
 112 0053 40       		.byte	64
 113 0054 04       		.byte	4
 114 0055 50       		.byte	80
ARM GAS  C:\Users\Tri94\AppData\Local\Temp\ccpCa8XM.s 			page 3


 115 0056 01       		.byte	1
 116 0057 40       		.byte	64
 117 0058 01       		.byte	1
 118 0059 51       		.byte	81
 119 005a 01       		.byte	1
 120 005b 40       		.byte	64
 121 005c 61       		.byte	97
 122 005d 80       		.byte	-128
 123 005e 64       		.byte	100
 124 005f 40       		.byte	64
 125 0060 88       		.byte	-120
 126 0061 72       		.byte	114
 127 0062 89       		.byte	-119
 128 0063 0D       		.byte	13
 129 0064 88       		.byte	-120
 130 0065 0F       		.byte	15
 131 0066 8B       		.byte	-117
 132 0067 38       		.byte	56
 133 0068 00       		.byte	0
 134 0069 02       		.byte	2
 135 006a 01       		.byte	1
 136 006b 3C       		.byte	60
 137 006c 03       		.byte	3
 138 006d C2       		.byte	-62
 139 006e 05       		.byte	5
 140 006f 08       		.byte	8
 141 0070 06       		.byte	6
 142 0071 23       		.byte	35
 143 0072 08       		.byte	8
 144 0073 3F       		.byte	63
 145 0074 09       		.byte	9
 146 0075 FF       		.byte	-1
 147 0076 0C       		.byte	12
 148 0077 1F       		.byte	31
 149 0078 0D       		.byte	13
 150 0079 C0       		.byte	-64
 151 007a 0E       		.byte	14
 152 007b 20       		.byte	32
 153 007c 10       		.byte	16
 154 007d 1C       		.byte	28
 155 007e 11       		.byte	17
 156 007f 80       		.byte	-128
 157 0080 12       		.byte	18
 158 0081 23       		.byte	35
 159 0082 14       		.byte	20
 160 0083 01       		.byte	1
 161 0084 17       		.byte	23
 162 0085 E3       		.byte	-29
 163 0086 18       		.byte	24
 164 0087 33       		.byte	51
 165 0088 19       		.byte	25
 166 0089 18       		.byte	24
 167 008a 1A       		.byte	26
 168 008b 0C       		.byte	12
 169 008c 1C       		.byte	28
 170 008d 08       		.byte	8
 171 008e 1D       		.byte	29
ARM GAS  C:\Users\Tri94\AppData\Local\Temp\ccpCa8XM.s 			page 4


 172 008f 1C       		.byte	28
 173 0090 1F       		.byte	31
 174 0091 E1       		.byte	-31
 175 0092 20       		.byte	32
 176 0093 03       		.byte	3
 177 0094 21       		.byte	33
 178 0095 10       		.byte	16
 179 0096 24       		.byte	36
 180 0097 04       		.byte	4
 181 0098 25       		.byte	37
 182 0099 E7       		.byte	-25
 183 009a 27       		.byte	39
 184 009b 18       		.byte	24
 185 009c 28       		.byte	40
 186 009d 0C       		.byte	12
 187 009e 2B       		.byte	43
 188 009f 04       		.byte	4
 189 00a0 2D       		.byte	45
 190 00a1 44       		.byte	68
 191 00a2 31       		.byte	49
 192 00a3 1F       		.byte	31
 193 00a4 32       		.byte	50
 194 00a5 10       		.byte	16
 195 00a6 34       		.byte	52
 196 00a7 0F       		.byte	15
 197 00a8 35       		.byte	53
 198 00a9 38       		.byte	56
 199 00aa 36       		.byte	54
 200 00ab 2C       		.byte	44
 201 00ac 37       		.byte	55
 202 00ad C0       		.byte	-64
 203 00ae 3A       		.byte	58
 204 00af A0       		.byte	-96
 205 00b0 3B       		.byte	59
 206 00b1 02       		.byte	2
 207 00b2 3E       		.byte	62
 208 00b3 04       		.byte	4
 209 00b4 40       		.byte	64
 210 00b5 51       		.byte	81
 211 00b6 41       		.byte	65
 212 00b7 02       		.byte	2
 213 00b8 45       		.byte	69
 214 00b9 E0       		.byte	-32
 215 00ba 46       		.byte	70
 216 00bb B0       		.byte	-80
 217 00bc 47       		.byte	71
 218 00bd 0C       		.byte	12
 219 00be 48       		.byte	72
 220 00bf 1A       		.byte	26
 221 00c0 49       		.byte	73
 222 00c1 FF       		.byte	-1
 223 00c2 4A       		.byte	74
 224 00c3 FF       		.byte	-1
 225 00c4 4B       		.byte	75
 226 00c5 FF       		.byte	-1
 227 00c6 4E       		.byte	78
 228 00c7 F0       		.byte	-16
ARM GAS  C:\Users\Tri94\AppData\Local\Temp\ccpCa8XM.s 			page 5


 229 00c8 4F       		.byte	79
 230 00c9 44       		.byte	68
 231 00ca 50       		.byte	80
 232 00cb 0C       		.byte	12
 233 00cc 56       		.byte	86
 234 00cd 02       		.byte	2
 235 00ce 57       		.byte	87
 236 00cf 11       		.byte	17
 237 00d0 58       		.byte	88
 238 00d1 04       		.byte	4
 239 00d2 59       		.byte	89
 240 00d3 04       		.byte	4
 241 00d4 5A       		.byte	90
 242 00d5 04       		.byte	4
 243 00d6 5B       		.byte	91
 244 00d7 04       		.byte	4
 245 00d8 5C       		.byte	92
 246 00d9 11       		.byte	17
 247 00da 5D       		.byte	93
 248 00db 11       		.byte	17
 249 00dc 5F       		.byte	95
 250 00dd 01       		.byte	1
 251 00de 66       		.byte	102
 252 00df C0       		.byte	-64
 253 00e0 6A       		.byte	106
 254 00e1 40       		.byte	64
 255 00e2 6B       		.byte	107
 256 00e3 02       		.byte	2
 257 00e4 9C       		.byte	-100
 258 00e5 01       		.byte	1
 259 00e6 A4       		.byte	-92
 260 00e7 01       		.byte	1
 261 00e8 A8       		.byte	-88
 262 00e9 01       		.byte	1
 263 00ea B4       		.byte	-76
 264 00eb 01       		.byte	1
 265 00ec D4       		.byte	-44
 266 00ed 05       		.byte	5
 267 00ee D8       		.byte	-40
 268 00ef 04       		.byte	4
 269 00f0 DB       		.byte	-37
 270 00f1 04       		.byte	4
 271 00f2 DC       		.byte	-36
 272 00f3 01       		.byte	1
 273 00f4 DF       		.byte	-33
 274 00f5 01       		.byte	1
 275 00f6 04       		.byte	4
 276 00f7 18       		.byte	24
 277 00f8 05       		.byte	5
 278 00f9 52       		.byte	82
 279 00fa 06       		.byte	6
 280 00fb 01       		.byte	1
 281 00fc 09       		.byte	9
 282 00fd 40       		.byte	64
 283 00fe 0C       		.byte	12
 284 00ff 80       		.byte	-128
 285 0100 0D       		.byte	13
ARM GAS  C:\Users\Tri94\AppData\Local\Temp\ccpCa8XM.s 			page 6


 286 0101 06       		.byte	6
 287 0102 0E       		.byte	14
 288 0103 08       		.byte	8
 289 0104 10       		.byte	16
 290 0105 08       		.byte	8
 291 0106 11       		.byte	17
 292 0107 08       		.byte	8
 293 0108 15       		.byte	21
 294 0109 06       		.byte	6
 295 010a 16       		.byte	22
 296 010b 80       		.byte	-128
 297 010c 17       		.byte	23
 298 010d 18       		.byte	24
 299 010e 18       		.byte	24
 300 010f 08       		.byte	8
 301 0110 1A       		.byte	26
 302 0111 08       		.byte	8
 303 0112 1D       		.byte	29
 304 0113 60       		.byte	96
 305 0114 1E       		.byte	30
 306 0115 28       		.byte	40
 307 0116 1F       		.byte	31
 308 0117 20       		.byte	32
 309 0118 24       		.byte	36
 310 0119 04       		.byte	4
 311 011a 25       		.byte	37
 312 011b 03       		.byte	3
 313 011c 27       		.byte	39
 314 011d 02       		.byte	2
 315 011e 2C       		.byte	44
 316 011f 82       		.byte	-126
 317 0120 2E       		.byte	46
 318 0121 10       		.byte	16
 319 0122 2F       		.byte	47
 320 0123 20       		.byte	32
 321 0124 32       		.byte	50
 322 0125 0C       		.byte	12
 323 0126 35       		.byte	53
 324 0127 42       		.byte	66
 325 0128 36       		.byte	54
 326 0129 08       		.byte	8
 327 012a 37       		.byte	55
 328 012b 10       		.byte	16
 329 012c 3C       		.byte	60
 330 012d 10       		.byte	16
 331 012e 3D       		.byte	61
 332 012f 06       		.byte	6
 333 0130 3E       		.byte	62
 334 0131 82       		.byte	-126
 335 0132 46       		.byte	70
 336 0133 08       		.byte	8
 337 0134 47       		.byte	71
 338 0135 40       		.byte	64
 339 0136 4D       		.byte	77
 340 0137 40       		.byte	64
 341 0138 4F       		.byte	79
 342 0139 01       		.byte	1
ARM GAS  C:\Users\Tri94\AppData\Local\Temp\ccpCa8XM.s 			page 7


 343 013a 56       		.byte	86
 344 013b 10       		.byte	16
 345 013c 57       		.byte	87
 346 013d 08       		.byte	8
 347 013e 58       		.byte	88
 348 013f 80       		.byte	-128
 349 0140 59       		.byte	89
 350 0141 01       		.byte	1
 351 0142 5A       		.byte	90
 352 0143 04       		.byte	4
 353 0144 5E       		.byte	94
 354 0145 20       		.byte	32
 355 0146 6C       		.byte	108
 356 0147 18       		.byte	24
 357 0148 6D       		.byte	109
 358 0149 88       		.byte	-120
 359 014a 74       		.byte	116
 360 014b 80       		.byte	-128
 361 014c 77       		.byte	119
 362 014d 18       		.byte	24
 363 014e C0       		.byte	-64
 364 014f F0       		.byte	-16
 365 0150 C2       		.byte	-62
 366 0151 F1       		.byte	-15
 367 0152 C4       		.byte	-60
 368 0153 76       		.byte	118
 369 0154 CA       		.byte	-54
 370 0155 F0       		.byte	-16
 371 0156 CC       		.byte	-52
 372 0157 F0       		.byte	-16
 373 0158 CE       		.byte	-50
 374 0159 F0       		.byte	-16
 375 015a D0       		.byte	-48
 376 015b 30       		.byte	48
 377 015c D2       		.byte	-46
 378 015d 10       		.byte	16
 379 015e D6       		.byte	-42
 380 015f 2B       		.byte	43
 381 0160 E6       		.byte	-26
 382 0161 02       		.byte	2
 383 0162 EE       		.byte	-18
 384 0163 08       		.byte	8
 385 0164 01       		.byte	1
 386 0165 11       		.byte	17
 387 0166 02       		.byte	2
 388 0167 04       		.byte	4
 389 0168 03       		.byte	3
 390 0169 06       		.byte	6
 391 016a 05       		.byte	5
 392 016b 11       		.byte	17
 393 016c 06       		.byte	6
 394 016d 04       		.byte	4
 395 016e 07       		.byte	7
 396 016f 0E       		.byte	14
 397 0170 08       		.byte	8
 398 0171 01       		.byte	1
 399 0172 0E       		.byte	14
ARM GAS  C:\Users\Tri94\AppData\Local\Temp\ccpCa8XM.s 			page 8


 400 0173 01       		.byte	1
 401 0174 0F       		.byte	15
 402 0175 08       		.byte	8
 403 0176 12       		.byte	18
 404 0177 08       		.byte	8
 405 0178 15       		.byte	21
 406 0179 0C       		.byte	12
 407 017a 17       		.byte	23
 408 017b 13       		.byte	19
 409 017c 18       		.byte	24
 410 017d 01       		.byte	1
 411 017e 1C       		.byte	28
 412 017f 02       		.byte	2
 413 0180 1F       		.byte	31
 414 0181 13       		.byte	19
 415 0182 22       		.byte	34
 416 0183 08       		.byte	8
 417 0184 23       		.byte	35
 418 0185 0C       		.byte	12
 419 0186 2B       		.byte	43
 420 0187 10       		.byte	16
 421 0188 2E       		.byte	46
 422 0189 01       		.byte	1
 423 018a 30       		.byte	48
 424 018b 01       		.byte	1
 425 018c 32       		.byte	50
 426 018d 08       		.byte	8
 427 018e 34       		.byte	52
 428 018f 02       		.byte	2
 429 0190 35       		.byte	53
 430 0191 0F       		.byte	15
 431 0192 36       		.byte	54
 432 0193 04       		.byte	4
 433 0194 37       		.byte	55
 434 0195 10       		.byte	16
 435 0196 38       		.byte	56
 436 0197 02       		.byte	2
 437 0198 3B       		.byte	59
 438 0199 20       		.byte	32
 439 019a 3E       		.byte	62
 440 019b 54       		.byte	84
 441 019c 3F       		.byte	63
 442 019d 40       		.byte	64
 443 019e 40       		.byte	64
 444 019f 26       		.byte	38
 445 01a0 41       		.byte	65
 446 01a1 04       		.byte	4
 447 01a2 42       		.byte	66
 448 01a3 03       		.byte	3
 449 01a4 44       		.byte	68
 450 01a5 05       		.byte	5
 451 01a6 45       		.byte	69
 452 01a7 E0       		.byte	-32
 453 01a8 46       		.byte	70
 454 01a9 0C       		.byte	12
 455 01aa 48       		.byte	72
 456 01ab 06       		.byte	6
ARM GAS  C:\Users\Tri94\AppData\Local\Temp\ccpCa8XM.s 			page 9


 457 01ac 49       		.byte	73
 458 01ad FF       		.byte	-1
 459 01ae 4A       		.byte	74
 460 01af FF       		.byte	-1
 461 01b0 4B       		.byte	75
 462 01b1 FF       		.byte	-1
 463 01b2 4C       		.byte	76
 464 01b3 62       		.byte	98
 465 01b4 4D       		.byte	77
 466 01b5 A0       		.byte	-96
 467 01b6 4E       		.byte	78
 468 01b7 F0       		.byte	-16
 469 01b8 4F       		.byte	79
 470 01b9 41       		.byte	65
 471 01ba 50       		.byte	80
 472 01bb 0C       		.byte	12
 473 01bc 54       		.byte	84
 474 01bd 01       		.byte	1
 475 01be 56       		.byte	86
 476 01bf 04       		.byte	4
 477 01c0 58       		.byte	88
 478 01c1 04       		.byte	4
 479 01c2 59       		.byte	89
 480 01c3 04       		.byte	4
 481 01c4 5A       		.byte	90
 482 01c5 04       		.byte	4
 483 01c6 5B       		.byte	91
 484 01c7 04       		.byte	4
 485 01c8 5C       		.byte	92
 486 01c9 11       		.byte	17
 487 01ca 5D       		.byte	93
 488 01cb 11       		.byte	17
 489 01cc 5F       		.byte	95
 490 01cd 01       		.byte	1
 491 01ce 66       		.byte	102
 492 01cf 40       		.byte	64
 493 01d0 67       		.byte	103
 494 01d1 02       		.byte	2
 495 01d2 69       		.byte	105
 496 01d3 10       		.byte	16
 497 01d4 6A       		.byte	106
 498 01d5 30       		.byte	48
 499 01d6 6B       		.byte	107
 500 01d7 10       		.byte	16
 501 01d8 6D       		.byte	109
 502 01d9 10       		.byte	16
 503 01da 6E       		.byte	110
 504 01db 10       		.byte	16
 505 01dc 6F       		.byte	111
 506 01dd 12       		.byte	18
 507 01de 80       		.byte	-128
 508 01df 20       		.byte	32
 509 01e0 81       		.byte	-127
 510 01e1 01       		.byte	1
 511 01e2 82       		.byte	-126
 512 01e3 05       		.byte	5
 513 01e4 83       		.byte	-125
ARM GAS  C:\Users\Tri94\AppData\Local\Temp\ccpCa8XM.s 			page 10


 514 01e5 06       		.byte	6
 515 01e6 88       		.byte	-120
 516 01e7 03       		.byte	3
 517 01e8 89       		.byte	-119
 518 01e9 07       		.byte	7
 519 01ea 8A       		.byte	-118
 520 01eb 04       		.byte	4
 521 01ec 8C       		.byte	-116
 522 01ed 13       		.byte	19
 523 01ee 8E       		.byte	-114
 524 01ef 0C       		.byte	12
 525 01f0 91       		.byte	-111
 526 01f1 02       		.byte	2
 527 01f2 93       		.byte	-109
 528 01f3 01       		.byte	1
 529 01f4 94       		.byte	-108
 530 01f5 13       		.byte	19
 531 01f6 95       		.byte	-107
 532 01f7 07       		.byte	7
 533 01f8 96       		.byte	-106
 534 01f9 04       		.byte	4
 535 01fa 9E       		.byte	-98
 536 01fb 08       		.byte	8
 537 01fc A1       		.byte	-95
 538 01fd 04       		.byte	4
 539 01fe A3       		.byte	-93
 540 01ff 01       		.byte	1
 541 0200 A8       		.byte	-88
 542 0201 0A       		.byte	10
 543 0202 AA       		.byte	-86
 544 0203 14       		.byte	20
 545 0204 B0       		.byte	-80
 546 0205 0F       		.byte	15
 547 0206 B1       		.byte	-79
 548 0207 07       		.byte	7
 549 0208 B6       		.byte	-74
 550 0209 30       		.byte	48
 551 020a B8       		.byte	-72
 552 020b 80       		.byte	-128
 553 020c BA       		.byte	-70
 554 020d 22       		.byte	34
 555 020e D8       		.byte	-40
 556 020f 04       		.byte	4
 557 0210 D9       		.byte	-39
 558 0211 04       		.byte	4
 559 0212 DC       		.byte	-36
 560 0213 11       		.byte	17
 561 0214 DF       		.byte	-33
 562 0215 01       		.byte	1
 563 0216 01       		.byte	1
 564 0217 60       		.byte	96
 565 0218 03       		.byte	3
 566 0219 48       		.byte	72
 567 021a 04       		.byte	4
 568 021b 04       		.byte	4
 569 021c 05       		.byte	5
 570 021d 10       		.byte	16
ARM GAS  C:\Users\Tri94\AppData\Local\Temp\ccpCa8XM.s 			page 11


 571 021e 06       		.byte	6
 572 021f 61       		.byte	97
 573 0220 0A       		.byte	10
 574 0221 02       		.byte	2
 575 0222 0B       		.byte	11
 576 0223 20       		.byte	32
 577 0224 0D       		.byte	13
 578 0225 22       		.byte	34
 579 0226 0F       		.byte	15
 580 0227 01       		.byte	1
 581 0228 11       		.byte	17
 582 0229 20       		.byte	32
 583 022a 15       		.byte	21
 584 022b 01       		.byte	1
 585 022c 16       		.byte	22
 586 022d 02       		.byte	2
 587 022e 18       		.byte	24
 588 022f 09       		.byte	9
 589 0230 19       		.byte	25
 590 0231 10       		.byte	16
 591 0232 1A       		.byte	26
 592 0233 02       		.byte	2
 593 0234 1B       		.byte	27
 594 0235 81       		.byte	-127
 595 0236 1D       		.byte	29
 596 0237 42       		.byte	66
 597 0238 1E       		.byte	30
 598 0239 08       		.byte	8
 599 023a 1F       		.byte	31
 600 023b 04       		.byte	4
 601 023c 21       		.byte	33
 602 023d 01       		.byte	1
 603 023e 22       		.byte	34
 604 023f 02       		.byte	2
 605 0240 25       		.byte	37
 606 0241 10       		.byte	16
 607 0242 26       		.byte	38
 608 0243 40       		.byte	64
 609 0244 27       		.byte	39
 610 0245 04       		.byte	4
 611 0246 29       		.byte	41
 612 0247 02       		.byte	2
 613 0248 2F       		.byte	47
 614 0249 88       		.byte	-120
 615 024a 30       		.byte	48
 616 024b 0A       		.byte	10
 617 024c 37       		.byte	55
 618 024d 44       		.byte	68
 619 024e 38       		.byte	56
 620 024f 20       		.byte	32
 621 0250 39       		.byte	57
 622 0251 02       		.byte	2
 623 0252 3C       		.byte	60
 624 0253 80       		.byte	-128
 625 0254 3E       		.byte	62
 626 0255 08       		.byte	8
 627 0256 3F       		.byte	63
ARM GAS  C:\Users\Tri94\AppData\Local\Temp\ccpCa8XM.s 			page 12


 628 0257 02       		.byte	2
 629 0258 45       		.byte	69
 630 0259 21       		.byte	33
 631 025a 46       		.byte	70
 632 025b 20       		.byte	32
 633 025c 4D       		.byte	77
 634 025d 01       		.byte	1
 635 025e 4E       		.byte	78
 636 025f 04       		.byte	4
 637 0260 4F       		.byte	79
 638 0261 80       		.byte	-128
 639 0262 56       		.byte	86
 640 0263 40       		.byte	64
 641 0264 5D       		.byte	93
 642 0265 20       		.byte	32
 643 0266 5E       		.byte	94
 644 0267 88       		.byte	-120
 645 0268 5F       		.byte	95
 646 0269 01       		.byte	1
 647 026a 64       		.byte	100
 648 026b 40       		.byte	64
 649 026c 79       		.byte	121
 650 026d 40       		.byte	64
 651 026e 7B       		.byte	123
 652 026f 01       		.byte	1
 653 0270 8D       		.byte	-115
 654 0271 40       		.byte	64
 655 0272 90       		.byte	-112
 656 0273 24       		.byte	36
 657 0274 92       		.byte	-110
 658 0275 08       		.byte	8
 659 0276 93       		.byte	-109
 660 0277 01       		.byte	1
 661 0278 95       		.byte	-107
 662 0279 4A       		.byte	74
 663 027a 96       		.byte	-106
 664 027b 14       		.byte	20
 665 027c 9A       		.byte	-102
 666 027d 13       		.byte	19
 667 027e 9B       		.byte	-101
 668 027f 02       		.byte	2
 669 0280 9C       		.byte	-100
 670 0281 80       		.byte	-128
 671 0282 9D       		.byte	-99
 672 0283 13       		.byte	19
 673 0284 9E       		.byte	-98
 674 0285 08       		.byte	8
 675 0286 9F       		.byte	-97
 676 0287 40       		.byte	64
 677 0288 A0       		.byte	-96
 678 0289 08       		.byte	8
 679 028a A1       		.byte	-95
 680 028b 24       		.byte	36
 681 028c A3       		.byte	-93
 682 028d 08       		.byte	8
 683 028e A4       		.byte	-92
 684 028f 02       		.byte	2
ARM GAS  C:\Users\Tri94\AppData\Local\Temp\ccpCa8XM.s 			page 13


 685 0290 C0       		.byte	-64
 686 0291 FB       		.byte	-5
 687 0292 C2       		.byte	-62
 688 0293 D5       		.byte	-43
 689 0294 C4       		.byte	-60
 690 0295 92       		.byte	-110
 691 0296 CA       		.byte	-54
 692 0297 A1       		.byte	-95
 693 0298 CC       		.byte	-52
 694 0299 53       		.byte	83
 695 029a CE       		.byte	-50
 696 029b D5       		.byte	-43
 697 029c D0       		.byte	-48
 698 029d E0       		.byte	-32
 699 029e D2       		.byte	-46
 700 029f 30       		.byte	48
 701 02a0 D6       		.byte	-42
 702 02a1 F0       		.byte	-16
 703 02a2 D8       		.byte	-40
 704 02a3 80       		.byte	-128
 705 02a4 00       		.byte	0
 706 02a5 20       		.byte	32
 707 02a6 02       		.byte	2
 708 02a7 14       		.byte	20
 709 02a8 06       		.byte	6
 710 02a9 08       		.byte	8
 711 02aa 07       		.byte	7
 712 02ab 02       		.byte	2
 713 02ac 0B       		.byte	11
 714 02ad 0E       		.byte	14
 715 02ae 0E       		.byte	14
 716 02af 02       		.byte	2
 717 02b0 15       		.byte	21
 718 02b1 08       		.byte	8
 719 02b2 22       		.byte	34
 720 02b3 08       		.byte	8
 721 02b4 24       		.byte	36
 722 02b5 30       		.byte	48
 723 02b6 28       		.byte	40
 724 02b7 30       		.byte	48
 725 02b8 2C       		.byte	44
 726 02b9 10       		.byte	16
 727 02ba 2E       		.byte	46
 728 02bb 25       		.byte	37
 729 02bc 2F       		.byte	47
 730 02bd 01       		.byte	1
 731 02be 30       		.byte	48
 732 02bf 30       		.byte	48
 733 02c0 31       		.byte	49
 734 02c1 08       		.byte	8
 735 02c2 32       		.byte	50
 736 02c3 01       		.byte	1
 737 02c4 33       		.byte	51
 738 02c5 04       		.byte	4
 739 02c6 34       		.byte	52
 740 02c7 08       		.byte	8
 741 02c8 35       		.byte	53
ARM GAS  C:\Users\Tri94\AppData\Local\Temp\ccpCa8XM.s 			page 14


 742 02c9 01       		.byte	1
 743 02ca 36       		.byte	54
 744 02cb 06       		.byte	6
 745 02cc 37       		.byte	55
 746 02cd 02       		.byte	2
 747 02ce 3E       		.byte	62
 748 02cf 50       		.byte	80
 749 02d0 40       		.byte	64
 750 02d1 20       		.byte	32
 751 02d2 41       		.byte	65
 752 02d3 01       		.byte	1
 753 02d4 45       		.byte	69
 754 02d5 D0       		.byte	-48
 755 02d6 46       		.byte	70
 756 02d7 12       		.byte	18
 757 02d8 48       		.byte	72
 758 02d9 0E       		.byte	14
 759 02da 49       		.byte	73
 760 02db FF       		.byte	-1
 761 02dc 4A       		.byte	74
 762 02dd FF       		.byte	-1
 763 02de 4B       		.byte	75
 764 02df FF       		.byte	-1
 765 02e0 4D       		.byte	77
 766 02e1 A0       		.byte	-96
 767 02e2 4F       		.byte	79
 768 02e3 04       		.byte	4
 769 02e4 50       		.byte	80
 770 02e5 18       		.byte	24
 771 02e6 52       		.byte	82
 772 02e7 80       		.byte	-128
 773 02e8 58       		.byte	88
 774 02e9 04       		.byte	4
 775 02ea 59       		.byte	89
 776 02eb 04       		.byte	4
 777 02ec 5A       		.byte	90
 778 02ed 04       		.byte	4
 779 02ee 5B       		.byte	91
 780 02ef 04       		.byte	4
 781 02f0 5C       		.byte	92
 782 02f1 01       		.byte	1
 783 02f2 5F       		.byte	95
 784 02f3 01       		.byte	1
 785 02f4 60       		.byte	96
 786 02f5 40       		.byte	64
 787 02f6 62       		.byte	98
 788 02f7 C0       		.byte	-64
 789 02f8 64       		.byte	100
 790 02f9 40       		.byte	64
 791 02fa 65       		.byte	101
 792 02fb 40       		.byte	64
 793 02fc 66       		.byte	102
 794 02fd C0       		.byte	-64
 795 02fe 68       		.byte	104
 796 02ff C0       		.byte	-64
 797 0300 6A       		.byte	106
 798 0301 C0       		.byte	-64
ARM GAS  C:\Users\Tri94\AppData\Local\Temp\ccpCa8XM.s 			page 15


 799 0302 6C       		.byte	108
 800 0303 C0       		.byte	-64
 801 0304 6E       		.byte	110
 802 0305 C0       		.byte	-64
 803 0306 80       		.byte	-128
 804 0307 09       		.byte	9
 805 0308 81       		.byte	-127
 806 0309 06       		.byte	6
 807 030a 82       		.byte	-126
 808 030b D0       		.byte	-48
 809 030c 84       		.byte	-124
 810 030d 14       		.byte	20
 811 030e 88       		.byte	-120
 812 030f DC       		.byte	-36
 813 0310 8A       		.byte	-118
 814 0311 22       		.byte	34
 815 0312 8C       		.byte	-116
 816 0313 10       		.byte	16
 817 0314 8E       		.byte	-114
 818 0315 AC       		.byte	-84
 819 0316 95       		.byte	-107
 820 0317 04       		.byte	4
 821 0318 96       		.byte	-106
 822 0319 03       		.byte	3
 823 031a 99       		.byte	-103
 824 031b 01       		.byte	1
 825 031c 9F       		.byte	-97
 826 031d 02       		.byte	2
 827 031e A0       		.byte	-96
 828 031f 10       		.byte	16
 829 0320 A2       		.byte	-94
 830 0321 40       		.byte	64
 831 0322 A5       		.byte	-91
 832 0323 06       		.byte	6
 833 0324 A8       		.byte	-88
 834 0325 0C       		.byte	12
 835 0326 AA       		.byte	-86
 836 0327 71       		.byte	113
 837 0328 AE       		.byte	-82
 838 0329 20       		.byte	32
 839 032a B2       		.byte	-78
 840 032b 1F       		.byte	31
 841 032c B3       		.byte	-77
 842 032d 06       		.byte	6
 843 032e B4       		.byte	-76
 844 032f E0       		.byte	-32
 845 0330 B5       		.byte	-75
 846 0331 01       		.byte	1
 847 0332 B9       		.byte	-71
 848 0333 08       		.byte	8
 849 0334 BA       		.byte	-70
 850 0335 20       		.byte	32
 851 0336 BF       		.byte	-65
 852 0337 14       		.byte	20
 853 0338 C0       		.byte	-64
 854 0339 02       		.byte	2
 855 033a C6       		.byte	-58
ARM GAS  C:\Users\Tri94\AppData\Local\Temp\ccpCa8XM.s 			page 16


 856 033b 04       		.byte	4
 857 033c C9       		.byte	-55
 858 033d FF       		.byte	-1
 859 033e CA       		.byte	-54
 860 033f 07       		.byte	7
 861 0340 CB       		.byte	-53
 862 0341 FF       		.byte	-1
 863 0342 CC       		.byte	-52
 864 0343 40       		.byte	64
 865 0344 CD       		.byte	-51
 866 0345 20       		.byte	32
 867 0346 CE       		.byte	-50
 868 0347 F0       		.byte	-16
 869 0348 CF       		.byte	-49
 870 0349 05       		.byte	5
 871 034a D0       		.byte	-48
 872 034b 08       		.byte	8
 873 034c D4       		.byte	-44
 874 034d 18       		.byte	24
 875 034e D6       		.byte	-42
 876 034f 04       		.byte	4
 877 0350 D8       		.byte	-40
 878 0351 04       		.byte	4
 879 0352 D9       		.byte	-39
 880 0353 04       		.byte	4
 881 0354 DA       		.byte	-38
 882 0355 04       		.byte	4
 883 0356 DB       		.byte	-37
 884 0357 04       		.byte	4
 885 0358 DC       		.byte	-36
 886 0359 01       		.byte	1
 887 035a DD       		.byte	-35
 888 035b 11       		.byte	17
 889 035c DF       		.byte	-33
 890 035d 01       		.byte	1
 891 035e E0       		.byte	-32
 892 035f 40       		.byte	64
 893 0360 E1       		.byte	-31
 894 0361 A8       		.byte	-88
 895 0362 E2       		.byte	-30
 896 0363 40       		.byte	64
 897 0364 E3       		.byte	-29
 898 0365 20       		.byte	32
 899 0366 00       		.byte	0
 900 0367 04       		.byte	4
 901 0368 01       		.byte	1
 902 0369 02       		.byte	2
 903 036a 02       		.byte	2
 904 036b 02       		.byte	2
 905 036c 04       		.byte	4
 906 036d 01       		.byte	1
 907 036e 06       		.byte	6
 908 036f 12       		.byte	18
 909 0370 07       		.byte	7
 910 0371 04       		.byte	4
 911 0372 0E       		.byte	14
 912 0373 20       		.byte	32
ARM GAS  C:\Users\Tri94\AppData\Local\Temp\ccpCa8XM.s 			page 17


 913 0374 10       		.byte	16
 914 0375 8A       		.byte	-118
 915 0376 11       		.byte	17
 916 0377 08       		.byte	8
 917 0378 16       		.byte	22
 918 0379 48       		.byte	72
 919 037a 17       		.byte	23
 920 037b 40       		.byte	64
 921 037c 19       		.byte	25
 922 037d 02       		.byte	2
 923 037e 1A       		.byte	26
 924 037f 14       		.byte	20
 925 0380 1B       		.byte	27
 926 0381 40       		.byte	64
 927 0382 1E       		.byte	30
 928 0383 20       		.byte	32
 929 0384 1F       		.byte	31
 930 0385 10       		.byte	16
 931 0386 20       		.byte	32
 932 0387 04       		.byte	4
 933 0388 21       		.byte	33
 934 0389 49       		.byte	73
 935 038a 26       		.byte	38
 936 038b 20       		.byte	32
 937 038c 27       		.byte	39
 938 038d 20       		.byte	32
 939 038e 2A       		.byte	42
 940 038f 80       		.byte	-128
 941 0390 2E       		.byte	46
 942 0391 08       		.byte	8
 943 0392 2F       		.byte	47
 944 0393 10       		.byte	16
 945 0394 31       		.byte	49
 946 0395 08       		.byte	8
 947 0396 36       		.byte	54
 948 0397 90       		.byte	-112
 949 0398 37       		.byte	55
 950 0399 44       		.byte	68
 951 039a 38       		.byte	56
 952 039b 24       		.byte	36
 953 039c 3E       		.byte	62
 954 039d 02       		.byte	2
 955 039e 3F       		.byte	63
 956 039f 02       		.byte	2
 957 03a0 40       		.byte	64
 958 03a1 84       		.byte	-124
 959 03a2 41       		.byte	65
 960 03a3 81       		.byte	-127
 961 03a4 47       		.byte	71
 962 03a5 20       		.byte	32
 963 03a6 49       		.byte	73
 964 03a7 01       		.byte	1
 965 03a8 4E       		.byte	78
 966 03a9 80       		.byte	-128
 967 03aa 50       		.byte	80
 968 03ab 90       		.byte	-112
 969 03ac 51       		.byte	81
ARM GAS  C:\Users\Tri94\AppData\Local\Temp\ccpCa8XM.s 			page 18


 970 03ad 80       		.byte	-128
 971 03ae 54       		.byte	84
 972 03af 40       		.byte	64
 973 03b0 56       		.byte	86
 974 03b1 40       		.byte	64
 975 03b2 5F       		.byte	95
 976 03b3 02       		.byte	2
 977 03b4 65       		.byte	101
 978 03b5 40       		.byte	64
 979 03b6 67       		.byte	103
 980 03b7 48       		.byte	72
 981 03b8 72       		.byte	114
 982 03b9 80       		.byte	-128
 983 03ba 82       		.byte	-126
 984 03bb 20       		.byte	32
 985 03bc 87       		.byte	-121
 986 03bd 40       		.byte	64
 987 03be 88       		.byte	-120
 988 03bf 02       		.byte	2
 989 03c0 89       		.byte	-119
 990 03c1 04       		.byte	4
 991 03c2 90       		.byte	-112
 992 03c3 01       		.byte	1
 993 03c4 93       		.byte	-109
 994 03c5 08       		.byte	8
 995 03c6 95       		.byte	-107
 996 03c7 88       		.byte	-120
 997 03c8 96       		.byte	-106
 998 03c9 14       		.byte	20
 999 03ca 97       		.byte	-105
 1000 03cb 20       		.byte	32
 1001 03cc 99       		.byte	-103
 1002 03cd 40       		.byte	64
 1003 03ce 9A       		.byte	-102
 1004 03cf 10       		.byte	16
 1005 03d0 9B       		.byte	-101
 1006 03d1 06       		.byte	6
 1007 03d2 9C       		.byte	-100
 1008 03d3 80       		.byte	-128
 1009 03d4 9D       		.byte	-99
 1010 03d5 03       		.byte	3
 1011 03d6 9E       		.byte	-98
 1012 03d7 08       		.byte	8
 1013 03d8 9F       		.byte	-97
 1014 03d9 40       		.byte	64
 1015 03da A0       		.byte	-96
 1016 03db 08       		.byte	8
 1017 03dc A1       		.byte	-95
 1018 03dd 04       		.byte	4
 1019 03de A2       		.byte	-94
 1020 03df 02       		.byte	2
 1021 03e0 A3       		.byte	-93
 1022 03e1 01       		.byte	1
 1023 03e2 A4       		.byte	-92
 1024 03e3 42       		.byte	66
 1025 03e4 A7       		.byte	-89
 1026 03e5 40       		.byte	64
ARM GAS  C:\Users\Tri94\AppData\Local\Temp\ccpCa8XM.s 			page 19


 1027 03e6 AC       		.byte	-84
 1028 03e7 40       		.byte	64
 1029 03e8 B4       		.byte	-76
 1030 03e9 04       		.byte	4
 1031 03ea B5       		.byte	-75
 1032 03eb 01       		.byte	1
 1033 03ec C0       		.byte	-64
 1034 03ed FD       		.byte	-3
 1035 03ee C2       		.byte	-62
 1036 03ef 20       		.byte	32
 1037 03f0 C4       		.byte	-60
 1038 03f1 DF       		.byte	-33
 1039 03f2 CA       		.byte	-54
 1040 03f3 48       		.byte	72
 1041 03f4 CC       		.byte	-52
 1042 03f5 72       		.byte	114
 1043 03f6 CE       		.byte	-50
 1044 03f7 86       		.byte	-122
 1045 03f8 D0       		.byte	-48
 1046 03f9 2C       		.byte	44
 1047 03fa D6       		.byte	-42
 1048 03fb 80       		.byte	-128
 1049 03fc D8       		.byte	-40
 1050 03fd B0       		.byte	-80
 1051 03fe E4       		.byte	-28
 1052 03ff 01       		.byte	1
 1053 0400 32       		.byte	50
 1054 0401 24       		.byte	36
 1055 0402 36       		.byte	54
 1056 0403 20       		.byte	32
 1057 0404 CC       		.byte	-52
 1058 0405 70       		.byte	112
 1059 0406 96       		.byte	-106
 1060 0407 08       		.byte	8
 1061 0408 A6       		.byte	-90
 1062 0409 20       		.byte	32
 1063 040a 96       		.byte	-106
 1064 040b 08       		.byte	8
 1065 040c A6       		.byte	-90
 1066 040d 20       		.byte	32
 1067 040e 96       		.byte	-106
 1068 040f 08       		.byte	8
 1069 0410 A6       		.byte	-90
 1070 0411 20       		.byte	32
 1071 0412 50       		.byte	80
 1072 0413 08       		.byte	8
 1073 0414 D4       		.byte	-44
 1074 0415 04       		.byte	4
 1075 0416 A4       		.byte	-92
 1076 0417 08       		.byte	8
 1077 0418 A4       		.byte	-92
 1078 0419 08       		.byte	8
 1079 041a 96       		.byte	-106
 1080 041b 08       		.byte	8
 1081 041c A6       		.byte	-90
 1082 041d 20       		.byte	32
 1083 041e 86       		.byte	-122
ARM GAS  C:\Users\Tri94\AppData\Local\Temp\ccpCa8XM.s 			page 20


 1084 041f 20       		.byte	32
 1085 0420 A6       		.byte	-90
 1086 0421 20       		.byte	32
 1087 0422 AE       		.byte	-82
 1088 0423 04       		.byte	4
 1089 0424 E6       		.byte	-26
 1090 0425 40       		.byte	64
 1091 0426 EE       		.byte	-18
 1092 0427 10       		.byte	16
 1093 0428 8C       		.byte	-116
 1094 0429 08       		.byte	8
 1095 042a A4       		.byte	-92
 1096 042b 08       		.byte	8
 1097 042c E4       		.byte	-28
 1098 042d 08       		.byte	8
 1099 042e 10       		.byte	16
 1100 042f 80       		.byte	-128
 1101 0430 70       		.byte	112
 1102 0431 04       		.byte	4
 1103 0432 80       		.byte	-128
 1104 0433 04       		.byte	4
 1105 0434 88       		.byte	-120
 1106 0435 80       		.byte	-128
 1107 0436 C4       		.byte	-60
 1108 0437 08       		.byte	8
 1109 0438 DC       		.byte	-36
 1110 0439 01       		.byte	1
 1111 043a E6       		.byte	-26
 1112 043b 01       		.byte	1
 1113 043c 00       		.byte	0
 1114 043d 03       		.byte	3
 1115 043e 0C       		.byte	12
 1116 043f 03       		.byte	3
 1117 0440 10       		.byte	16
 1118 0441 03       		.byte	3
 1119 0442 1C       		.byte	28
 1120 0443 03       		.byte	3
 1121 0444 00       		.byte	0
 1122 0445 3F       		.byte	63
 1123 0446 00       		.byte	0
 1124 0447 00       		.byte	0
 1125 0448 80       		.byte	-128
 1126 0449 00       		.byte	0
 1127 044a 40       		.byte	64
 1128 044b 80       		.byte	-128
 1129 044c 80       		.byte	-128
 1130 044d 00       		.byte	0
 1131 044e 80       		.byte	-128
 1132 044f 00       		.byte	0
 1133 0450 00       		.byte	0
 1134 0451 00       		.byte	0
 1135 0452 00       		.byte	0
 1136 0453 00       		.byte	0
 1137 0454 00       		.byte	0
 1138 0455 0B       		.byte	11
 1139 0456 0B       		.byte	11
 1140 0457 00       		.byte	0
ARM GAS  C:\Users\Tri94\AppData\Local\Temp\ccpCa8XM.s 			page 21


 1141 0458 00       		.byte	0
 1142 0459 00       		.byte	0
 1143 045a 00       		.byte	0
 1144 045b 00       		.byte	0
 1145 045c 00       		.byte	0
 1146 045d 03       		.byte	3
 1147 045e 03       		.byte	3
 1148 045f 00       		.byte	0
 1149 0460 01       		.byte	1
 1150 0461 00       		.byte	0
 1151 0462 00       		.byte	0
 1152 0463 00       		.byte	0
 1153              		.section	.cywolatch,"a",%progbits
 1154              		.align	2
 1155              		.type	cy_meta_wonvl, %object
 1156              		.size	cy_meta_wonvl, 4
 1157              	cy_meta_wonvl:
 1158 0000 BC       		.byte	-68
 1159 0001 90       		.byte	-112
 1160 0002 AC       		.byte	-84
 1161 0003 AF       		.byte	-81
 1162              		.section	.cycustnvl,"a",%progbits
 1163              		.align	2
 1164              		.type	cy_meta_custnvl, %object
 1165              		.size	cy_meta_custnvl, 4
 1166              	cy_meta_custnvl:
 1167 0000 00       		.byte	0
 1168 0001 00       		.byte	0
 1169 0002 40       		.byte	64
 1170 0003 05       		.byte	5
 1171              		.section	.cymeta,"a",%progbits
 1172              		.align	2
 1173              		.type	cy_metadata, %object
 1174              		.size	cy_metadata, 12
 1175              	cy_metadata:
 1176 0000 00       		.byte	0
 1177 0001 01       		.byte	1
 1178 0002 2E       		.byte	46
 1179 0003 16       		.byte	22
 1180 0004 10       		.byte	16
 1181 0005 69       		.byte	105
 1182 0006 00       		.byte	0
 1183 0007 01       		.byte	1
 1184 0008 00       		.byte	0
 1185 0009 00       		.byte	0
 1186 000a 00       		.byte	0
 1187 000b 00       		.byte	0
 1188              		.section	.cyflashprotect,"a",%progbits
 1189              		.align	2
 1190              		.type	cy_meta_flashprotect, %object
 1191              		.size	cy_meta_flashprotect, 256
 1192              	cy_meta_flashprotect:
 1193 0000 00000000 		.space	256
 1193      00000000 
 1193      00000000 
 1193      00000000 
 1193      00000000 
ARM GAS  C:\Users\Tri94\AppData\Local\Temp\ccpCa8XM.s 			page 22


 1194              		.text
 1195              	.Letext0:
 1196              		.file 1 "c:\\program files (x86)\\cypress\\psoc creator\\4.2\\psoc creator\\import\\gnu\\arm\\5.4.
 1197              		.file 2 "c:\\program files (x86)\\cypress\\psoc creator\\4.2\\psoc creator\\import\\gnu\\arm\\5.4.
 1198              		.file 3 "Generated_Source\\PSoC5\\cymetadata.c"
 1199              		.section	.debug_info,"",%progbits
 1200              	.Ldebug_info0:
 1201 0000 32010000 		.4byte	0x132
 1202 0004 0400     		.2byte	0x4
 1203 0006 00000000 		.4byte	.Ldebug_abbrev0
 1204 000a 04       		.byte	0x4
 1205 000b 01       		.uleb128 0x1
 1206 000c 30000000 		.4byte	.LASF17
 1207 0010 0C       		.byte	0xc
 1208 0011 E1010000 		.4byte	.LASF18
 1209 0015 7E010000 		.4byte	.LASF19
 1210 0019 00000000 		.4byte	.Ldebug_line0
 1211 001d 02       		.uleb128 0x2
 1212 001e 01       		.byte	0x1
 1213 001f 06       		.byte	0x6
 1214 0020 16000000 		.4byte	.LASF0
 1215 0024 03       		.uleb128 0x3
 1216 0025 00000000 		.4byte	.LASF9
 1217 0029 01       		.byte	0x1
 1218 002a 1D       		.byte	0x1d
 1219 002b 2F000000 		.4byte	0x2f
 1220 002f 02       		.uleb128 0x2
 1221 0030 01       		.byte	0x1
 1222 0031 08       		.byte	0x8
 1223 0032 22000000 		.4byte	.LASF1
 1224 0036 02       		.uleb128 0x2
 1225 0037 02       		.byte	0x2
 1226 0038 05       		.byte	0x5
 1227 0039 6B010000 		.4byte	.LASF2
 1228 003d 02       		.uleb128 0x2
 1229 003e 02       		.byte	0x2
 1230 003f 07       		.byte	0x7
 1231 0040 D0000000 		.4byte	.LASF3
 1232 0044 02       		.uleb128 0x2
 1233 0045 04       		.byte	0x4
 1234 0046 05       		.byte	0x5
 1235 0047 75010000 		.4byte	.LASF4
 1236 004b 02       		.uleb128 0x2
 1237 004c 04       		.byte	0x4
 1238 004d 07       		.byte	0x7
 1239 004e BE000000 		.4byte	.LASF5
 1240 0052 02       		.uleb128 0x2
 1241 0053 08       		.byte	0x8
 1242 0054 05       		.byte	0x5
 1243 0055 5D010000 		.4byte	.LASF6
 1244 0059 02       		.uleb128 0x2
 1245 005a 08       		.byte	0x8
 1246 005b 07       		.byte	0x7
 1247 005c 12010000 		.4byte	.LASF7
 1248 0060 04       		.uleb128 0x4
 1249 0061 04       		.byte	0x4
 1250 0062 05       		.byte	0x5
ARM GAS  C:\Users\Tri94\AppData\Local\Temp\ccpCa8XM.s 			page 23


 1251 0063 696E7400 		.ascii	"int\000"
 1252 0067 02       		.uleb128 0x2
 1253 0068 04       		.byte	0x4
 1254 0069 07       		.byte	0x7
 1255 006a 05010000 		.4byte	.LASF8
 1256 006e 03       		.uleb128 0x3
 1257 006f 29010000 		.4byte	.LASF10
 1258 0073 02       		.byte	0x2
 1259 0074 18       		.byte	0x18
 1260 0075 24000000 		.4byte	0x24
 1261 0079 05       		.uleb128 0x5
 1262 007a 91000000 		.4byte	0x91
 1263 007e 8A000000 		.4byte	0x8a
 1264 0082 06       		.uleb128 0x6
 1265 0083 8A000000 		.4byte	0x8a
 1266 0087 6304     		.2byte	0x463
 1267 0089 00       		.byte	0
 1268 008a 02       		.uleb128 0x2
 1269 008b 04       		.byte	0x4
 1270 008c 07       		.byte	0x7
 1271 008d 54010000 		.4byte	.LASF11
 1272 0091 07       		.uleb128 0x7
 1273 0092 6E000000 		.4byte	0x6e
 1274 0096 08       		.uleb128 0x8
 1275 0097 F3000000 		.4byte	.LASF12
 1276 009b 03       		.byte	0x3
 1277 009c 1F       		.byte	0x1f
 1278 009d A7000000 		.4byte	0xa7
 1279 00a1 05       		.uleb128 0x5
 1280 00a2 03       		.byte	0x3
 1281 00a3 00000000 		.4byte	cy_meta_configecc
 1282 00a7 07       		.uleb128 0x7
 1283 00a8 79000000 		.4byte	0x79
 1284 00ac 05       		.uleb128 0x5
 1285 00ad 91000000 		.4byte	0x91
 1286 00b1 BC000000 		.4byte	0xbc
 1287 00b5 09       		.uleb128 0x9
 1288 00b6 8A000000 		.4byte	0x8a
 1289 00ba 03       		.byte	0x3
 1290 00bb 00       		.byte	0
 1291 00bc 08       		.uleb128 0x8
 1292 00bd E3000000 		.4byte	.LASF13
 1293 00c1 03       		.byte	0x3
 1294 00c2 B9       		.byte	0xb9
 1295 00c3 CD000000 		.4byte	0xcd
 1296 00c7 05       		.uleb128 0x5
 1297 00c8 03       		.byte	0x3
 1298 00c9 00000000 		.4byte	cy_meta_custnvl
 1299 00cd 07       		.uleb128 0x7
 1300 00ce AC000000 		.4byte	0xac
 1301 00d2 08       		.uleb128 0x8
 1302 00d3 46010000 		.4byte	.LASF14
 1303 00d7 03       		.byte	0x3
 1304 00d8 C7       		.byte	0xc7
 1305 00d9 E3000000 		.4byte	0xe3
 1306 00dd 05       		.uleb128 0x5
 1307 00de 03       		.byte	0x3
ARM GAS  C:\Users\Tri94\AppData\Local\Temp\ccpCa8XM.s 			page 24


 1308 00df 00000000 		.4byte	cy_meta_wonvl
 1309 00e3 07       		.uleb128 0x7
 1310 00e4 AC000000 		.4byte	0xac
 1311 00e8 05       		.uleb128 0x5
 1312 00e9 91000000 		.4byte	0x91
 1313 00ed F8000000 		.4byte	0xf8
 1314 00f1 09       		.uleb128 0x9
 1315 00f2 8A000000 		.4byte	0x8a
 1316 00f6 FF       		.byte	0xff
 1317 00f7 00       		.byte	0
 1318 00f8 08       		.uleb128 0x8
 1319 00f9 31010000 		.4byte	.LASF15
 1320 00fd 03       		.byte	0x3
 1321 00fe D5       		.byte	0xd5
 1322 00ff 09010000 		.4byte	0x109
 1323 0103 05       		.uleb128 0x5
 1324 0104 03       		.byte	0x3
 1325 0105 00000000 		.4byte	cy_meta_flashprotect
 1326 0109 07       		.uleb128 0x7
 1327 010a E8000000 		.4byte	0xe8
 1328 010e 05       		.uleb128 0x5
 1329 010f 91000000 		.4byte	0x91
 1330 0113 1E010000 		.4byte	0x11e
 1331 0117 09       		.uleb128 0x9
 1332 0118 8A000000 		.4byte	0x8a
 1333 011c 0B       		.byte	0xb
 1334 011d 00       		.byte	0
 1335 011e 0A       		.uleb128 0xa
 1336 011f 0A000000 		.4byte	.LASF16
 1337 0123 03       		.byte	0x3
 1338 0124 0201     		.2byte	0x102
 1339 0126 30010000 		.4byte	0x130
 1340 012a 05       		.uleb128 0x5
 1341 012b 03       		.byte	0x3
 1342 012c 00000000 		.4byte	cy_metadata
 1343 0130 07       		.uleb128 0x7
 1344 0131 0E010000 		.4byte	0x10e
 1345 0135 00       		.byte	0
 1346              		.section	.debug_abbrev,"",%progbits
 1347              	.Ldebug_abbrev0:
 1348 0000 01       		.uleb128 0x1
 1349 0001 11       		.uleb128 0x11
 1350 0002 01       		.byte	0x1
 1351 0003 25       		.uleb128 0x25
 1352 0004 0E       		.uleb128 0xe
 1353 0005 13       		.uleb128 0x13
 1354 0006 0B       		.uleb128 0xb
 1355 0007 03       		.uleb128 0x3
 1356 0008 0E       		.uleb128 0xe
 1357 0009 1B       		.uleb128 0x1b
 1358 000a 0E       		.uleb128 0xe
 1359 000b 10       		.uleb128 0x10
 1360 000c 17       		.uleb128 0x17
 1361 000d 00       		.byte	0
 1362 000e 00       		.byte	0
 1363 000f 02       		.uleb128 0x2
 1364 0010 24       		.uleb128 0x24
ARM GAS  C:\Users\Tri94\AppData\Local\Temp\ccpCa8XM.s 			page 25


 1365 0011 00       		.byte	0
 1366 0012 0B       		.uleb128 0xb
 1367 0013 0B       		.uleb128 0xb
 1368 0014 3E       		.uleb128 0x3e
 1369 0015 0B       		.uleb128 0xb
 1370 0016 03       		.uleb128 0x3
 1371 0017 0E       		.uleb128 0xe
 1372 0018 00       		.byte	0
 1373 0019 00       		.byte	0
 1374 001a 03       		.uleb128 0x3
 1375 001b 16       		.uleb128 0x16
 1376 001c 00       		.byte	0
 1377 001d 03       		.uleb128 0x3
 1378 001e 0E       		.uleb128 0xe
 1379 001f 3A       		.uleb128 0x3a
 1380 0020 0B       		.uleb128 0xb
 1381 0021 3B       		.uleb128 0x3b
 1382 0022 0B       		.uleb128 0xb
 1383 0023 49       		.uleb128 0x49
 1384 0024 13       		.uleb128 0x13
 1385 0025 00       		.byte	0
 1386 0026 00       		.byte	0
 1387 0027 04       		.uleb128 0x4
 1388 0028 24       		.uleb128 0x24
 1389 0029 00       		.byte	0
 1390 002a 0B       		.uleb128 0xb
 1391 002b 0B       		.uleb128 0xb
 1392 002c 3E       		.uleb128 0x3e
 1393 002d 0B       		.uleb128 0xb
 1394 002e 03       		.uleb128 0x3
 1395 002f 08       		.uleb128 0x8
 1396 0030 00       		.byte	0
 1397 0031 00       		.byte	0
 1398 0032 05       		.uleb128 0x5
 1399 0033 01       		.uleb128 0x1
 1400 0034 01       		.byte	0x1
 1401 0035 49       		.uleb128 0x49
 1402 0036 13       		.uleb128 0x13
 1403 0037 01       		.uleb128 0x1
 1404 0038 13       		.uleb128 0x13
 1405 0039 00       		.byte	0
 1406 003a 00       		.byte	0
 1407 003b 06       		.uleb128 0x6
 1408 003c 21       		.uleb128 0x21
 1409 003d 00       		.byte	0
 1410 003e 49       		.uleb128 0x49
 1411 003f 13       		.uleb128 0x13
 1412 0040 2F       		.uleb128 0x2f
 1413 0041 05       		.uleb128 0x5
 1414 0042 00       		.byte	0
 1415 0043 00       		.byte	0
 1416 0044 07       		.uleb128 0x7
 1417 0045 26       		.uleb128 0x26
 1418 0046 00       		.byte	0
 1419 0047 49       		.uleb128 0x49
 1420 0048 13       		.uleb128 0x13
 1421 0049 00       		.byte	0
ARM GAS  C:\Users\Tri94\AppData\Local\Temp\ccpCa8XM.s 			page 26


 1422 004a 00       		.byte	0
 1423 004b 08       		.uleb128 0x8
 1424 004c 34       		.uleb128 0x34
 1425 004d 00       		.byte	0
 1426 004e 03       		.uleb128 0x3
 1427 004f 0E       		.uleb128 0xe
 1428 0050 3A       		.uleb128 0x3a
 1429 0051 0B       		.uleb128 0xb
 1430 0052 3B       		.uleb128 0x3b
 1431 0053 0B       		.uleb128 0xb
 1432 0054 49       		.uleb128 0x49
 1433 0055 13       		.uleb128 0x13
 1434 0056 3F       		.uleb128 0x3f
 1435 0057 19       		.uleb128 0x19
 1436 0058 02       		.uleb128 0x2
 1437 0059 18       		.uleb128 0x18
 1438 005a 00       		.byte	0
 1439 005b 00       		.byte	0
 1440 005c 09       		.uleb128 0x9
 1441 005d 21       		.uleb128 0x21
 1442 005e 00       		.byte	0
 1443 005f 49       		.uleb128 0x49
 1444 0060 13       		.uleb128 0x13
 1445 0061 2F       		.uleb128 0x2f
 1446 0062 0B       		.uleb128 0xb
 1447 0063 00       		.byte	0
 1448 0064 00       		.byte	0
 1449 0065 0A       		.uleb128 0xa
 1450 0066 34       		.uleb128 0x34
 1451 0067 00       		.byte	0
 1452 0068 03       		.uleb128 0x3
 1453 0069 0E       		.uleb128 0xe
 1454 006a 3A       		.uleb128 0x3a
 1455 006b 0B       		.uleb128 0xb
 1456 006c 3B       		.uleb128 0x3b
 1457 006d 05       		.uleb128 0x5
 1458 006e 49       		.uleb128 0x49
 1459 006f 13       		.uleb128 0x13
 1460 0070 3F       		.uleb128 0x3f
 1461 0071 19       		.uleb128 0x19
 1462 0072 02       		.uleb128 0x2
 1463 0073 18       		.uleb128 0x18
 1464 0074 00       		.byte	0
 1465 0075 00       		.byte	0
 1466 0076 00       		.byte	0
 1467              		.section	.debug_aranges,"",%progbits
 1468 0000 14000000 		.4byte	0x14
 1469 0004 0200     		.2byte	0x2
 1470 0006 00000000 		.4byte	.Ldebug_info0
 1471 000a 04       		.byte	0x4
 1472 000b 00       		.byte	0
 1473 000c 0000     		.2byte	0
 1474 000e 0000     		.2byte	0
 1475 0010 00000000 		.4byte	0
 1476 0014 00000000 		.4byte	0
 1477              		.section	.debug_line,"",%progbits
 1478              	.Ldebug_line0:
ARM GAS  C:\Users\Tri94\AppData\Local\Temp\ccpCa8XM.s 			page 27


 1479 0000 3D010000 		.section	.debug_str,"MS",%progbits,1
 1479      02003701 
 1479      00000201 
 1479      FB0E0D00 
 1479      01010101 
 1480              	.LASF9:
 1481 0000 5F5F7569 		.ascii	"__uint8_t\000"
 1481      6E74385F 
 1481      7400
 1482              	.LASF16:
 1483 000a 63795F6D 		.ascii	"cy_metadata\000"
 1483      65746164 
 1483      61746100 
 1484              	.LASF0:
 1485 0016 7369676E 		.ascii	"signed char\000"
 1485      65642063 
 1485      68617200 
 1486              	.LASF1:
 1487 0022 756E7369 		.ascii	"unsigned char\000"
 1487      676E6564 
 1487      20636861 
 1487      7200
 1488              	.LASF17:
 1489 0030 474E5520 		.ascii	"GNU C11 5.4.1 20160609 (release) [ARM/embedded-5-br"
 1489      43313120 
 1489      352E342E 
 1489      31203230 
 1489      31363036 
 1490 0063 616E6368 		.ascii	"anch revision 237715] -mcpu=cortex-m3 -mthumb -g -O"
 1490      20726576 
 1490      6973696F 
 1490      6E203233 
 1490      37373135 
 1491 0096 67202D66 		.ascii	"g -ffunction-sections -ffat-lto-objects\000"
 1491      66756E63 
 1491      74696F6E 
 1491      2D736563 
 1491      74696F6E 
 1492              	.LASF5:
 1493 00be 6C6F6E67 		.ascii	"long unsigned int\000"
 1493      20756E73 
 1493      69676E65 
 1493      6420696E 
 1493      7400
 1494              	.LASF3:
 1495 00d0 73686F72 		.ascii	"short unsigned int\000"
 1495      7420756E 
 1495      7369676E 
 1495      65642069 
 1495      6E7400
 1496              	.LASF13:
 1497 00e3 63795F6D 		.ascii	"cy_meta_custnvl\000"
 1497      6574615F 
 1497      63757374 
 1497      6E766C00 
 1498              	.LASF12:
 1499 00f3 63795F6D 		.ascii	"cy_meta_configecc\000"
ARM GAS  C:\Users\Tri94\AppData\Local\Temp\ccpCa8XM.s 			page 28


 1499      6574615F 
 1499      636F6E66 
 1499      69676563 
 1499      6300
 1500              	.LASF8:
 1501 0105 756E7369 		.ascii	"unsigned int\000"
 1501      676E6564 
 1501      20696E74 
 1501      00
 1502              	.LASF7:
 1503 0112 6C6F6E67 		.ascii	"long long unsigned int\000"
 1503      206C6F6E 
 1503      6720756E 
 1503      7369676E 
 1503      65642069 
 1504              	.LASF10:
 1505 0129 75696E74 		.ascii	"uint8_t\000"
 1505      385F7400 
 1506              	.LASF15:
 1507 0131 63795F6D 		.ascii	"cy_meta_flashprotect\000"
 1507      6574615F 
 1507      666C6173 
 1507      6870726F 
 1507      74656374 
 1508              	.LASF14:
 1509 0146 63795F6D 		.ascii	"cy_meta_wonvl\000"
 1509      6574615F 
 1509      776F6E76 
 1509      6C00
 1510              	.LASF11:
 1511 0154 73697A65 		.ascii	"sizetype\000"
 1511      74797065 
 1511      00
 1512              	.LASF6:
 1513 015d 6C6F6E67 		.ascii	"long long int\000"
 1513      206C6F6E 
 1513      6720696E 
 1513      7400
 1514              	.LASF2:
 1515 016b 73686F72 		.ascii	"short int\000"
 1515      7420696E 
 1515      7400
 1516              	.LASF4:
 1517 0175 6C6F6E67 		.ascii	"long int\000"
 1517      20696E74 
 1517      00
 1518              	.LASF19:
 1519 017e 433A5C55 		.ascii	"C:\\Users\\Tri94\\Documents\\PSoC Creator\\EE4450\\"
 1519      73657273 
 1519      5C547269 
 1519      39345C44 
 1519      6F63756D 
 1520 01ab 45453434 		.ascii	"EE4450-Projects\\RTOS_UART_StringMessage_Copy_01.cy"
 1520      35302D50 
 1520      726F6A65 
 1520      6374735C 
 1520      52544F53 
ARM GAS  C:\Users\Tri94\AppData\Local\Temp\ccpCa8XM.s 			page 29


 1521 01dd 64736E00 		.ascii	"dsn\000"
 1522              	.LASF18:
 1523 01e1 47656E65 		.ascii	"Generated_Source\\PSoC5\\cymetadata.c\000"
 1523      72617465 
 1523      645F536F 
 1523      75726365 
 1523      5C50536F 
 1524              		.ident	"GCC: (GNU Tools for ARM Embedded Processors) 5.4.1 20160609 (release) [ARM/embedded-5-bran
