ARM GAS  C:\Users\Tri94\AppData\Local\Temp\cck7NsHc.s 			page 1


   1              		.syntax unified
   2              		.cpu cortex-m3
   3              		.fpu softvfp
   4              		.eabi_attribute 20, 1
   5              		.eabi_attribute 21, 1
   6              		.eabi_attribute 23, 3
   7              		.eabi_attribute 24, 1
   8              		.eabi_attribute 25, 1
   9              		.eabi_attribute 26, 1
  10              		.eabi_attribute 30, 1
  11              		.eabi_attribute 34, 1
  12              		.eabi_attribute 18, 4
  13              		.thumb
  14              		.syntax unified
  15              		.file	"main.c"
  16              		.text
  17              	.Ltext0:
  18              		.cfi_sections	.debug_frame
  19              		.section	.text.myISR_UART,"ax",%progbits
  20              		.align	2
  21              		.global	myISR_UART
  22              		.thumb
  23              		.thumb_func
  24              		.type	myISR_UART, %function
  25              	myISR_UART:
  26              	.LFB71:
  27              		.file 1 "main.c"
   1:main.c        **** /* ========================================
   2:main.c        ****  *
   3:main.c        ****  * Copyright YOUR COMPANY, THE YEAR
   4:main.c        ****  * All Rights Reserved
   5:main.c        ****  * UNPUBLISHED, LICENSED SOFTWARE.
   6:main.c        ****  *
   7:main.c        ****  * CONFIDENTIAL AND PROPRIETARY INFORMATION
   8:main.c        ****  * WHICH IS THE PROPERTY OF your company.
   9:main.c        ****  *
  10:main.c        ****  * ========================================
  11:main.c        **** */
  12:main.c        **** #include "project.h"
  13:main.c        **** #include <stdio.h>
  14:main.c        **** #include <stdlib.h>
  15:main.c        **** #include <stdint.h>
  16:main.c        **** #include <stdbool.h>
  17:main.c        **** 
  18:main.c        **** // ROTS Header Files
  19:main.c        **** #include "FreeRTOS_PSoC.h"
  20:main.c        **** #include "FreeRTOS.h"
  21:main.c        **** #include "task.h"
  22:main.c        **** #include "queue.h"
  23:main.c        **** #include "semphr.h"
  24:main.c        **** #include "timers.h"
  25:main.c        **** #include "event_groups.h"
  26:main.c        **** #include "message_buffer.h"
  27:main.c        **** 
  28:main.c        **** // Your task function
  29:main.c        **** void vUARTTask1(void *pvParaments);
  30:main.c        **** void vAppTask2(void *pvParaments);
ARM GAS  C:\Users\Tri94\AppData\Local\Temp\cck7NsHc.s 			page 2


  31:main.c        **** 
  32:main.c        **** void myPSoCSetup();
  33:main.c        **** 
  34:main.c        **** MessageBufferHandle_t xMessageBuffer = NULL;
  35:main.c        **** #define               MESSAGE_BUFFER_SIZE 100
  36:main.c        **** 
  37:main.c        **** CY_ISR_PROTO(myISR_UART);
  38:main.c        **** 
  39:main.c        **** int main(void)
  40:main.c        **** {
  41:main.c        ****     BaseType_t err;
  42:main.c        ****     
  43:main.c        ****     CyGlobalIntEnable; /* Enable global interrupts. */
  44:main.c        **** 
  45:main.c        ****     /* Place your initialization/startup code here (e.g. MyInst_Start()) */
  46:main.c        ****     FreeRTOS_Init();
  47:main.c        ****     myPSoCSetup();
  48:main.c        ****     
  49:main.c        ****     // Create Mutex
  50:main.c        ****    xMessageBuffer = xMessageBufferCreate(MESSAGE_BUFFER_SIZE);
  51:main.c        **** 
  52:main.c        ****     if (xMessageBuffer == NULL){
  53:main.c        ****         while(1);   // Stop system here
  54:main.c        ****     }
  55:main.c        ****     
  56:main.c        ****     // Create Task
  57:main.c        ****     err = xTaskCreate(vUARTTask1,                    // Taskfunction_t pvTaskCode,
  58:main.c        ****                         "Task 1",                   // const char * const pcName,
  59:main.c        ****                         configMINIMAL_STACK_SIZE,   // unsigned short usStackDepth,
  60:main.c        ****                         NULL,                       // void *pvParameters,
  61:main.c        ****                         configMAX_PRIORITIES-1,     // UBaseType_t uxPriority,
  62:main.c        ****                         NULL);                      // TaskHandle_t *pxCreatedTask );
  63:main.c        ****     
  64:main.c        ****     if (err != pdPASS){
  65:main.c        ****         // Cannot create task!
  66:main.c        ****         while(1);
  67:main.c        ****     }
  68:main.c        **** 
  69:main.c        ****     
  70:main.c        ****     // Start the scheduler, so the tasks start executing
  71:main.c        ****     vTaskStartScheduler();
  72:main.c        ****     
  73:main.c        ****     for(;;)
  74:main.c        ****     {
  75:main.c        ****         /* Place your application code here. */
  76:main.c        ****     }
  77:main.c        **** }
  78:main.c        **** 
  79:main.c        **** void myPSoCSetup(){
  80:main.c        ****     
  81:main.c        ****     
  82:main.c        ****     // Place your component's start code here
  83:main.c        ****     ISR_UART_StartEx(myISR_UART);
  84:main.c        ****     UART_Start();
  85:main.c        **** 
  86:main.c        ****     
  87:main.c        ****     
ARM GAS  C:\Users\Tri94\AppData\Local\Temp\cck7NsHc.s 			page 3


  88:main.c        **** }
  89:main.c        **** 
  90:main.c        **** typedef enum STATES_CMD{
  91:main.c        ****     S_IDLE,
  92:main.c        ****     S_GOT_DATE
  93:main.c        **** }STATES_CMD;
  94:main.c        **** 
  95:main.c        **** CY_ISR(myISR_UART){
  28              		.loc 1 95 0
  29              		.cfi_startproc
  30              		@ args = 0, pretend = 0, frame = 24
  31              		@ frame_needed = 0, uses_anonymous_args = 0
  32 0000 70B5     		push	{r4, r5, r6, lr}
  33              		.cfi_def_cfa_offset 16
  34              		.cfi_offset 4, -16
  35              		.cfi_offset 5, -12
  36              		.cfi_offset 6, -8
  37              		.cfi_offset 14, -4
  38 0002 86B0     		sub	sp, sp, #24
  39              		.cfi_def_cfa_offset 40
  40              	.LVL0:
  96:main.c        ****     static char         buf[20];
  97:main.c        ****     static int          idx = 0;
  98:main.c        ****     static STATES_CMD   state = S_IDLE;
  99:main.c        ****     char                ch;
 100:main.c        ****     char                str[20];
 101:main.c        ****     BaseType_t          xHigherPriorityTaskWoken = pdFALSE; /* Initialised to pdFALSE */
 102:main.c        ****     
 103:main.c        ****     
 104:main.c        ****     while (UART_GetRxBufferSize()  > 0){
  41              		.loc 1 104 0
  42 0004 2CE0     		b	.L2
  43              	.L8:
 105:main.c        ****         ch = UART_GetChar();
  44              		.loc 1 105 0
  45 0006 FFF7FEFF 		bl	UART_GetChar
  46              	.LVL1:
 106:main.c        ****         
 107:main.c        ****         switch (state){
  47              		.loc 1 107 0
  48 000a 194B     		ldr	r3, .L11
  49 000c 1B78     		ldrb	r3, [r3]	@ zero_extendqisi2
  50 000e 13B1     		cbz	r3, .L4
  51 0010 012B     		cmp	r3, #1
  52 0012 06D0     		beq	.L5
  53 0014 24E0     		b	.L2
  54              	.L4:
 108:main.c        ****             case S_IDLE:
 109:main.c        ****                 //UART_WriteTxData('1');
 110:main.c        ****                 if (ch == '+'){
  55              		.loc 1 110 0
  56 0016 2B28     		cmp	r0, #43
  57 0018 22D1     		bne	.L2
 111:main.c        ****                     state = S_GOT_DATE;
  58              		.loc 1 111 0
  59 001a 0122     		movs	r2, #1
  60 001c 144B     		ldr	r3, .L11
ARM GAS  C:\Users\Tri94\AppData\Local\Temp\cck7NsHc.s 			page 4


  61 001e 1A70     		strb	r2, [r3]
  62 0020 1EE0     		b	.L2
  63              	.L5:
 112:main.c        ****                 }
 113:main.c        ****                 break;
 114:main.c        ****             case S_GOT_DATE:
 115:main.c        ****                 //UART_WriteTxData('2'); 
 116:main.c        ****                 if (ch == '\r'){
  64              		.loc 1 116 0
  65 0022 0D28     		cmp	r0, #13
  66 0024 00D1     		bne	.L6
 117:main.c        ****                     ch = '\0';
  67              		.loc 1 117 0
  68 0026 0020     		movs	r0, #0
  69              	.LVL2:
  70              	.L6:
 118:main.c        ****                     //UART_WriteTxData('3'); 
 119:main.c        ****                 
 120:main.c        ****                 }
 121:main.c        ****                 if (ch == '\n'){
  71              		.loc 1 121 0
  72 0028 0A28     		cmp	r0, #10
  73 002a 13D1     		bne	.L7
 122:main.c        ****                     //UART_WriteTxData('4'); 
 123:main.c        ****                     state = S_IDLE;
  74              		.loc 1 123 0
  75 002c 104C     		ldr	r4, .L11
  76 002e 0025     		movs	r5, #0
  77 0030 2570     		strb	r5, [r4]
 124:main.c        ****                     xMessageBufferSendFromISR(xMessageBuffer, buf, idx, xHigherPriorityTaskWoken);
  78              		.loc 1 124 0
  79 0032 04F10806 		add	r6, r4, #8
  80 0036 2B46     		mov	r3, r5
  81 0038 6268     		ldr	r2, [r4, #4]
  82 003a 3146     		mov	r1, r6
  83 003c E069     		ldr	r0, [r4, #28]
  84              	.LVL3:
  85 003e FFF7FEFF 		bl	xStreamBufferSendFromISR
  86              	.LVL4:
 125:main.c        ****                     idx = 0;
  87              		.loc 1 125 0
  88 0042 6560     		str	r5, [r4, #4]
 126:main.c        ****                     sprintf(str,"%s",buf);
  89              		.loc 1 126 0
  90 0044 3146     		mov	r1, r6
  91 0046 01A8     		add	r0, sp, #4
  92 0048 FFF7FEFF 		bl	strcpy
  93              	.LVL5:
 127:main.c        ****                     UART_PutString(str); 
  94              		.loc 1 127 0
  95 004c 01A8     		add	r0, sp, #4
  96 004e FFF7FEFF 		bl	UART_PutString
  97              	.LVL6:
 128:main.c        ****                     break;
  98              		.loc 1 128 0
  99 0052 05E0     		b	.L2
 100              	.LVL7:
ARM GAS  C:\Users\Tri94\AppData\Local\Temp\cck7NsHc.s 			page 5


 101              	.L7:
 129:main.c        ****                 }
 130:main.c        ****                 buf[idx++] = ch;
 102              		.loc 1 130 0
 103 0054 064A     		ldr	r2, .L11
 104 0056 5368     		ldr	r3, [r2, #4]
 105 0058 591C     		adds	r1, r3, #1
 106 005a 5160     		str	r1, [r2, #4]
 107 005c 1344     		add	r3, r3, r2
 108 005e 1872     		strb	r0, [r3, #8]
 109              	.LVL8:
 110              	.L2:
 104:main.c        ****         ch = UART_GetChar();
 111              		.loc 1 104 0
 112 0060 FFF7FEFF 		bl	UART_GetRxBufferSize
 113              	.LVL9:
 114 0064 0028     		cmp	r0, #0
 115 0066 CED1     		bne	.L8
 131:main.c        ****                 break;
 132:main.c        ****         }
 133:main.c        ****     }
 134:main.c        ****     UART_ReadRxStatus(); // Clear IRQ signal
 116              		.loc 1 134 0
 117 0068 FFF7FEFF 		bl	UART_ReadRxStatus
 118              	.LVL10:
 135:main.c        ****     
 136:main.c        **** }
 119              		.loc 1 136 0
 120 006c 06B0     		add	sp, sp, #24
 121              		.cfi_def_cfa_offset 16
 122              		@ sp needed
 123 006e 70BD     		pop	{r4, r5, r6, pc}
 124              	.L12:
 125              		.align	2
 126              	.L11:
 127 0070 00000000 		.word	.LANCHOR0
 128              		.cfi_endproc
 129              	.LFE71:
 130              		.size	myISR_UART, .-myISR_UART
 131              		.section	.text.vUARTTask1,"ax",%progbits
 132              		.align	2
 133              		.global	vUARTTask1
 134              		.thumb
 135              		.thumb_func
 136              		.type	vUARTTask1, %function
 137              	vUARTTask1:
 138              	.LFB72:
 137:main.c        **** 
 138:main.c        **** 
 139:main.c        **** char* xMessage[] = {
 140:main.c        ****         "Welcome",
 141:main.c        ****         "To EE",
 142:main.c        ****         "4450",
 143:main.c        ****         "Message Buf"
 144:main.c        **** };
 145:main.c        **** void vUARTTask1(void *pvParaments){
 139              		.loc 1 145 0
ARM GAS  C:\Users\Tri94\AppData\Local\Temp\cck7NsHc.s 			page 6


 140              		.cfi_startproc
 141              		@ args = 0, pretend = 0, frame = 24
 142              		@ frame_needed = 0, uses_anonymous_args = 0
 143              	.LVL11:
 144 0000 10B5     		push	{r4, lr}
 145              		.cfi_def_cfa_offset 8
 146              		.cfi_offset 4, -8
 147              		.cfi_offset 14, -4
 148 0002 86B0     		sub	sp, sp, #24
 149              		.cfi_def_cfa_offset 32
 150              	.LVL12:
 146:main.c        ****     
 147:main.c        ****     char    buf[20];
 148:main.c        ****     size_t  rxSize;
 149:main.c        ****     char    *delim = ":";
 150:main.c        ****     char    *delim2 = "*";
 151:main.c        ****     char    *pch;
 152:main.c        ****     uint32  cmp;     
 153:main.c        ****     UART_PutString("Task"); 
 151              		.loc 1 153 0
 152 0004 1F48     		ldr	r0, .L20
 153              	.LVL13:
 154 0006 FFF7FEFF 		bl	UART_PutString
 155              	.LVL14:
 156              	.L18:
 154:main.c        ****     while(1){
 155:main.c        ****         if (xMessageBufferIsEmpty( xMessageBuffer ) == pdFALSE){
 157              		.loc 1 155 0
 158 000a 1F4B     		ldr	r3, .L20+4
 159 000c D869     		ldr	r0, [r3, #28]
 160 000e FFF7FEFF 		bl	xStreamBufferIsEmpty
 161              	.LVL15:
 162 0012 88BB     		cbnz	r0, .L14
 156:main.c        ****             rxSize = xMessageBufferReceive(xMessageBuffer,buf,sizeof(buf),100);
 163              		.loc 1 156 0
 164 0014 6423     		movs	r3, #100
 165 0016 1422     		movs	r2, #20
 166 0018 01A9     		add	r1, sp, #4
 167 001a 1B48     		ldr	r0, .L20+4
 168 001c C069     		ldr	r0, [r0, #28]
 169 001e FFF7FEFF 		bl	xStreamBufferReceive
 170              	.LVL16:
 157:main.c        ****             pch = strtok(buf, delim);
 171              		.loc 1 157 0
 172 0022 1A49     		ldr	r1, .L20+8
 173 0024 01A8     		add	r0, sp, #4
 174 0026 FFF7FEFF 		bl	strtok
 175              	.LVL17:
 176 002a 0446     		mov	r4, r0
 177              	.LVL18:
 158:main.c        ****             UART_PutString("Inside "); 
 178              		.loc 1 158 0
 179 002c 1848     		ldr	r0, .L20+12
 180              	.LVL19:
 181 002e FFF7FEFF 		bl	UART_PutString
 182              	.LVL20:
 159:main.c        ****             UART_PutString(pch); 
ARM GAS  C:\Users\Tri94\AppData\Local\Temp\cck7NsHc.s 			page 7


 183              		.loc 1 159 0
 184 0032 2046     		mov	r0, r4
 185 0034 FFF7FEFF 		bl	UART_PutString
 186              	.LVL21:
 160:main.c        ****             if (strcmp(pch, "LEDON") == 0){
 187              		.loc 1 160 0
 188 0038 1649     		ldr	r1, .L20+16
 189 003a 2046     		mov	r0, r4
 190 003c FFF7FEFF 		bl	strcmp
 191              	.LVL22:
 192 0040 18B9     		cbnz	r0, .L15
 161:main.c        ****                 LED_Write(1);
 193              		.loc 1 161 0
 194 0042 0120     		movs	r0, #1
 195 0044 FFF7FEFF 		bl	LED_Write
 196              	.LVL23:
 197 0048 16E0     		b	.L14
 198              	.L15:
 162:main.c        ****             }
 163:main.c        ****             else if (strcmp(pch, "LEDOFF") == 0){
 199              		.loc 1 163 0
 200 004a 1349     		ldr	r1, .L20+20
 201 004c 2046     		mov	r0, r4
 202 004e FFF7FEFF 		bl	strcmp
 203              	.LVL24:
 204 0052 10B9     		cbnz	r0, .L16
 164:main.c        ****                 LED_Write(0);
 205              		.loc 1 164 0
 206 0054 FFF7FEFF 		bl	LED_Write
 207              	.LVL25:
 208 0058 0EE0     		b	.L14
 209              	.L16:
 165:main.c        ****             }
 166:main.c        ****             else{
 167:main.c        ****                 pch = strtok(buf, delim2);
 210              		.loc 1 167 0
 211 005a 1049     		ldr	r1, .L20+24
 212 005c 01A8     		add	r0, sp, #4
 213 005e FFF7FEFF 		bl	strtok
 214              	.LVL26:
 168:main.c        ****                 cmp = atoi(pch);
 215              		.loc 1 168 0
 216 0062 FFF7FEFF 		bl	atoi
 217              	.LVL27:
 169:main.c        ****                 if ( cmp < 50){
 218              		.loc 1 169 0
 219 0066 3128     		cmp	r0, #49
 220 0068 03D8     		bhi	.L17
 170:main.c        ****                     LED_Write(1);
 221              		.loc 1 170 0
 222 006a 0120     		movs	r0, #1
 223              	.LVL28:
 224 006c FFF7FEFF 		bl	LED_Write
 225              	.LVL29:
 226 0070 02E0     		b	.L14
 227              	.LVL30:
 228              	.L17:
ARM GAS  C:\Users\Tri94\AppData\Local\Temp\cck7NsHc.s 			page 8


 171:main.c        ****                 }else{
 172:main.c        ****                     LED_Write(0);
 229              		.loc 1 172 0
 230 0072 0020     		movs	r0, #0
 231              	.LVL31:
 232 0074 FFF7FEFF 		bl	LED_Write
 233              	.LVL32:
 234              	.L14:
 173:main.c        ****                 }
 174:main.c        ****             }
 175:main.c        ****             /*
 176:main.c        ****             pch = strtok(buf, delim);
 177:main.c        ****             if (pch != NULL) {
 178:main.c        ****                 if (strcmp(pch, "PWM") == 0){
 179:main.c        ****                     pch = strtok(buf, delim);
 180:main.c        ****                     cmp = atoi(pch);    // atoi: string to integer
 181:main.c        ****                     if (cmp <= 100)
 182:main.c        ****                         PWM_WriteCompare(cmp);
 183:main.c        ****                 }
 184:main.c        ****             }*/
 185:main.c        **** 
 186:main.c        ****         }
 187:main.c        ****         vTaskDelay(pdMS_TO_TICKS(500)); // Delay for 50 ms
 235              		.loc 1 187 0
 236 0078 4FF4FA70 		mov	r0, #500
 237 007c FFF7FEFF 		bl	vTaskDelay
 238              	.LVL33:
 188:main.c        ****     }
 239              		.loc 1 188 0
 240 0080 C3E7     		b	.L18
 241              	.L21:
 242 0082 00BF     		.align	2
 243              	.L20:
 244 0084 00000000 		.word	.LC0
 245 0088 00000000 		.word	.LANCHOR0
 246 008c 08000000 		.word	.LC1
 247 0090 0C000000 		.word	.LC2
 248 0094 14000000 		.word	.LC3
 249 0098 1C000000 		.word	.LC4
 250 009c 24000000 		.word	.LC5
 251              		.cfi_endproc
 252              	.LFE72:
 253              		.size	vUARTTask1, .-vUARTTask1
 254              		.section	.text.myPSoCSetup,"ax",%progbits
 255              		.align	2
 256              		.global	myPSoCSetup
 257              		.thumb
 258              		.thumb_func
 259              		.type	myPSoCSetup, %function
 260              	myPSoCSetup:
 261              	.LFB70:
  79:main.c        ****     
 262              		.loc 1 79 0
 263              		.cfi_startproc
 264              		@ args = 0, pretend = 0, frame = 0
 265              		@ frame_needed = 0, uses_anonymous_args = 0
 266 0000 08B5     		push	{r3, lr}
ARM GAS  C:\Users\Tri94\AppData\Local\Temp\cck7NsHc.s 			page 9


 267              		.cfi_def_cfa_offset 8
 268              		.cfi_offset 3, -8
 269              		.cfi_offset 14, -4
  83:main.c        ****     UART_Start();
 270              		.loc 1 83 0
 271 0002 0348     		ldr	r0, .L24
 272 0004 FFF7FEFF 		bl	ISR_UART_StartEx
 273              	.LVL34:
  84:main.c        **** 
 274              		.loc 1 84 0
 275 0008 FFF7FEFF 		bl	UART_Start
 276              	.LVL35:
 277 000c 08BD     		pop	{r3, pc}
 278              	.L25:
 279 000e 00BF     		.align	2
 280              	.L24:
 281 0010 00000000 		.word	myISR_UART
 282              		.cfi_endproc
 283              	.LFE70:
 284              		.size	myPSoCSetup, .-myPSoCSetup
 285              		.section	.text.main,"ax",%progbits
 286              		.align	2
 287              		.global	main
 288              		.thumb
 289              		.thumb_func
 290              		.type	main, %function
 291              	main:
 292              	.LFB69:
  40:main.c        ****     BaseType_t err;
 293              		.loc 1 40 0
 294              		.cfi_startproc
 295              		@ args = 0, pretend = 0, frame = 0
 296              		@ frame_needed = 0, uses_anonymous_args = 0
 297 0000 00B5     		push	{lr}
 298              		.cfi_def_cfa_offset 4
 299              		.cfi_offset 14, -4
 300 0002 83B0     		sub	sp, sp, #12
 301              		.cfi_def_cfa_offset 16
  43:main.c        **** 
 302              		.loc 1 43 0
 303              		.syntax unified
 304              	@ 43 "main.c" 1
 305 0004 62B6     		CPSIE   i
 306              	@ 0 "" 2
  46:main.c        ****     myPSoCSetup();
 307              		.loc 1 46 0
 308              		.thumb
 309              		.syntax unified
 310 0006 FFF7FEFF 		bl	FreeRTOS_Init
 311              	.LVL36:
  47:main.c        ****     
 312              		.loc 1 47 0
 313 000a FFF7FEFF 		bl	myPSoCSetup
 314              	.LVL37:
  50:main.c        **** 
 315              		.loc 1 50 0
 316 000e 0122     		movs	r2, #1
ARM GAS  C:\Users\Tri94\AppData\Local\Temp\cck7NsHc.s 			page 10


 317 0010 0021     		movs	r1, #0
 318 0012 6420     		movs	r0, #100
 319 0014 FFF7FEFF 		bl	xStreamBufferGenericCreate
 320              	.LVL38:
 321 0018 094B     		ldr	r3, .L33
 322 001a D861     		str	r0, [r3, #28]
  52:main.c        ****         while(1);   // Stop system here
 323              		.loc 1 52 0
 324 001c 00B9     		cbnz	r0, .L27
 325              	.L28:
 326 001e FEE7     		b	.L28
 327              	.L27:
  57:main.c        ****                         "Task 1",                   // const char * const pcName,
 328              		.loc 1 57 0
 329 0020 0023     		movs	r3, #0
 330 0022 0193     		str	r3, [sp, #4]
 331 0024 0422     		movs	r2, #4
 332 0026 0092     		str	r2, [sp]
 333 0028 C822     		movs	r2, #200
 334 002a 0649     		ldr	r1, .L33+4
 335 002c 0648     		ldr	r0, .L33+8
 336 002e FFF7FEFF 		bl	xTaskCreate
 337              	.LVL39:
  64:main.c        ****         // Cannot create task!
 338              		.loc 1 64 0
 339 0032 0128     		cmp	r0, #1
 340 0034 00D0     		beq	.L29
 341              	.L30:
 342 0036 FEE7     		b	.L30
 343              	.L29:
  71:main.c        ****     
 344              		.loc 1 71 0
 345 0038 FFF7FEFF 		bl	vTaskStartScheduler
 346              	.LVL40:
 347              	.L31:
 348 003c FEE7     		b	.L31
 349              	.L34:
 350 003e 00BF     		.align	2
 351              	.L33:
 352 0040 00000000 		.word	.LANCHOR0
 353 0044 28000000 		.word	.LC6
 354 0048 00000000 		.word	vUARTTask1
 355              		.cfi_endproc
 356              	.LFE69:
 357              		.size	main, .-main
 358              		.global	xMessage
 359              		.global	xMessageBuffer
 360              		.data
 361              		.align	2
 362              		.type	xMessage, %object
 363              		.size	xMessage, 16
 364              	xMessage:
 365 0000 30000000 		.word	.LC7
 366 0004 38000000 		.word	.LC8
 367 0008 40000000 		.word	.LC9
 368 000c 48000000 		.word	.LC10
 369              		.section	.rodata.str1.4,"aMS",%progbits,1
ARM GAS  C:\Users\Tri94\AppData\Local\Temp\cck7NsHc.s 			page 11


 370              		.align	2
 371              	.LC0:
 372 0000 5461736B 		.ascii	"Task\000"
 372      00
 373 0005 000000   		.space	3
 374              	.LC1:
 375 0008 3A00     		.ascii	":\000"
 376 000a 0000     		.space	2
 377              	.LC2:
 378 000c 496E7369 		.ascii	"Inside \000"
 378      64652000 
 379              	.LC3:
 380 0014 4C45444F 		.ascii	"LEDON\000"
 380      4E00
 381 001a 0000     		.space	2
 382              	.LC4:
 383 001c 4C45444F 		.ascii	"LEDOFF\000"
 383      464600
 384 0023 00       		.space	1
 385              	.LC5:
 386 0024 2A00     		.ascii	"*\000"
 387 0026 0000     		.space	2
 388              	.LC6:
 389 0028 5461736B 		.ascii	"Task 1\000"
 389      203100
 390 002f 00       		.space	1
 391              	.LC7:
 392 0030 57656C63 		.ascii	"Welcome\000"
 392      6F6D6500 
 393              	.LC8:
 394 0038 546F2045 		.ascii	"To EE\000"
 394      4500
 395 003e 0000     		.space	2
 396              	.LC9:
 397 0040 34343530 		.ascii	"4450\000"
 397      00
 398 0045 000000   		.space	3
 399              	.LC10:
 400 0048 4D657373 		.ascii	"Message Buf\000"
 400      61676520 
 400      42756600 
 401              		.bss
 402              		.align	2
 403              		.set	.LANCHOR0,. + 0
 404              		.type	state.7537, %object
 405              		.size	state.7537, 1
 406              	state.7537:
 407 0000 00       		.space	1
 408 0001 000000   		.space	3
 409              		.type	idx.7536, %object
 410              		.size	idx.7536, 4
 411              	idx.7536:
 412 0004 00000000 		.space	4
 413              		.type	buf.7535, %object
 414              		.size	buf.7535, 20
 415              	buf.7535:
 416 0008 00000000 		.space	20
ARM GAS  C:\Users\Tri94\AppData\Local\Temp\cck7NsHc.s 			page 12


 416      00000000 
 416      00000000 
 416      00000000 
 416      00000000 
 417              		.type	xMessageBuffer, %object
 418              		.size	xMessageBuffer, 4
 419              	xMessageBuffer:
 420 001c 00000000 		.space	4
 421              		.text
 422              	.Letext0:
 423              		.file 2 "c:\\program files (x86)\\cypress\\psoc creator\\4.2\\psoc creator\\import\\gnu\\arm\\5.4.
 424              		.file 3 "c:\\program files (x86)\\cypress\\psoc creator\\4.2\\psoc creator\\import\\gnu\\arm\\5.4.
 425              		.file 4 "Generated_Source\\PSoC5/cytypes.h"
 426              		.file 5 "c:\\program files (x86)\\cypress\\psoc creator\\4.2\\psoc creator\\import\\gnu\\arm\\5.4.
 427              		.file 6 "..\\FreeRTOS\\portable\\GCC\\ARM_CM3/portmacro.h"
 428              		.file 7 "..\\FreeRTOS\\include/stream_buffer.h"
 429              		.file 8 "..\\FreeRTOS\\include/message_buffer.h"
 430              		.file 9 "Generated_Source\\PSoC5/core_cm3.h"
 431              		.file 10 "Generated_Source\\PSoC5/UART.h"
 432              		.file 11 "c:\\program files (x86)\\cypress\\psoc creator\\4.2\\psoc creator\\import\\gnu\\arm\\5.4
 433              		.file 12 "Generated_Source\\PSoC5/LED.h"
 434              		.file 13 "c:\\program files (x86)\\cypress\\psoc creator\\4.2\\psoc creator\\import\\gnu\\arm\\5.4
 435              		.file 14 "..\\FreeRTOS\\include/task.h"
 436              		.file 15 "Generated_Source\\PSoC5/ISR_UART.h"
 437              		.file 16 "..\\FreeRTOS/FreeRTOS_PSoC.h"
 438              		.file 17 "<built-in>"
 439              		.section	.debug_info,"",%progbits
 440              	.Ldebug_info0:
 441 0000 B6050000 		.4byte	0x5b6
 442 0004 0400     		.2byte	0x4
 443 0006 00000000 		.4byte	.Ldebug_abbrev0
 444 000a 04       		.byte	0x4
 445 000b 01       		.uleb128 0x1
 446 000c 3B030000 		.4byte	.LASF52
 447 0010 0C       		.byte	0xc
 448 0011 61020000 		.4byte	.LASF53
 449 0015 BF020000 		.4byte	.LASF54
 450 0019 00000000 		.4byte	.Ldebug_ranges0+0
 451 001d 00000000 		.4byte	0
 452 0021 00000000 		.4byte	.Ldebug_line0
 453 0025 02       		.uleb128 0x2
 454 0026 01       		.byte	0x1
 455 0027 06       		.byte	0x6
 456 0028 5F010000 		.4byte	.LASF0
 457 002c 02       		.uleb128 0x2
 458 002d 01       		.byte	0x1
 459 002e 08       		.byte	0x8
 460 002f 42010000 		.4byte	.LASF1
 461 0033 02       		.uleb128 0x2
 462 0034 02       		.byte	0x2
 463 0035 05       		.byte	0x5
 464 0036 3A000000 		.4byte	.LASF2
 465 003a 02       		.uleb128 0x2
 466 003b 02       		.byte	0x2
 467 003c 07       		.byte	0x7
 468 003d EA010000 		.4byte	.LASF3
 469 0041 03       		.uleb128 0x3
ARM GAS  C:\Users\Tri94\AppData\Local\Temp\cck7NsHc.s 			page 13


 470 0042 9D020000 		.4byte	.LASF5
 471 0046 02       		.byte	0x2
 472 0047 3F       		.byte	0x3f
 473 0048 4C000000 		.4byte	0x4c
 474 004c 02       		.uleb128 0x2
 475 004d 04       		.byte	0x4
 476 004e 05       		.byte	0x5
 477 004f F4000000 		.4byte	.LASF4
 478 0053 03       		.uleb128 0x3
 479 0054 84000000 		.4byte	.LASF6
 480 0058 02       		.byte	0x2
 481 0059 41       		.byte	0x41
 482 005a 5E000000 		.4byte	0x5e
 483 005e 02       		.uleb128 0x2
 484 005f 04       		.byte	0x4
 485 0060 07       		.byte	0x7
 486 0061 68020000 		.4byte	.LASF7
 487 0065 02       		.uleb128 0x2
 488 0066 08       		.byte	0x8
 489 0067 05       		.byte	0x5
 490 0068 C7000000 		.4byte	.LASF8
 491 006c 02       		.uleb128 0x2
 492 006d 08       		.byte	0x8
 493 006e 07       		.byte	0x7
 494 006f 6B010000 		.4byte	.LASF9
 495 0073 04       		.uleb128 0x4
 496 0074 04       		.byte	0x4
 497 0075 05       		.byte	0x5
 498 0076 696E7400 		.ascii	"int\000"
 499 007a 02       		.uleb128 0x2
 500 007b 04       		.byte	0x4
 501 007c 07       		.byte	0x7
 502 007d BD010000 		.4byte	.LASF10
 503 0081 03       		.uleb128 0x3
 504 0082 0D020000 		.4byte	.LASF11
 505 0086 03       		.byte	0x3
 506 0087 2C       		.byte	0x2c
 507 0088 41000000 		.4byte	0x41
 508 008c 03       		.uleb128 0x3
 509 008d 9B010000 		.4byte	.LASF12
 510 0091 03       		.byte	0x3
 511 0092 30       		.byte	0x30
 512 0093 53000000 		.4byte	0x53
 513 0097 05       		.uleb128 0x5
 514 0098 5A020000 		.4byte	.LASF13
 515 009c 04       		.byte	0x4
 516 009d E601     		.2byte	0x1e6
 517 009f 5E000000 		.4byte	0x5e
 518 00a3 02       		.uleb128 0x2
 519 00a4 04       		.byte	0x4
 520 00a5 04       		.byte	0x4
 521 00a6 C1000000 		.4byte	.LASF14
 522 00aa 02       		.uleb128 0x2
 523 00ab 08       		.byte	0x8
 524 00ac 04       		.byte	0x4
 525 00ad 7A020000 		.4byte	.LASF15
 526 00b1 02       		.uleb128 0x2
ARM GAS  C:\Users\Tri94\AppData\Local\Temp\cck7NsHc.s 			page 14


 527 00b2 01       		.byte	0x1
 528 00b3 08       		.byte	0x8
 529 00b4 FD010000 		.4byte	.LASF16
 530 00b8 03       		.uleb128 0x3
 531 00b9 44000000 		.4byte	.LASF17
 532 00bd 05       		.byte	0x5
 533 00be D8       		.byte	0xd8
 534 00bf 7A000000 		.4byte	0x7a
 535 00c3 02       		.uleb128 0x2
 536 00c4 08       		.byte	0x8
 537 00c5 04       		.byte	0x4
 538 00c6 36010000 		.4byte	.LASF18
 539 00ca 02       		.uleb128 0x2
 540 00cb 04       		.byte	0x4
 541 00cc 07       		.byte	0x7
 542 00cd 4B000000 		.4byte	.LASF19
 543 00d1 06       		.uleb128 0x6
 544 00d2 04       		.byte	0x4
 545 00d3 07       		.uleb128 0x7
 546 00d4 04       		.byte	0x4
 547 00d5 B1000000 		.4byte	0xb1
 548 00d9 03       		.uleb128 0x3
 549 00da CA010000 		.4byte	.LASF20
 550 00de 06       		.byte	0x6
 551 00df 43       		.byte	0x43
 552 00e0 4C000000 		.4byte	0x4c
 553 00e4 03       		.uleb128 0x3
 554 00e5 D5000000 		.4byte	.LASF21
 555 00e9 06       		.byte	0x6
 556 00ea 4A       		.byte	0x4a
 557 00eb 8C000000 		.4byte	0x8c
 558 00ef 03       		.uleb128 0x3
 559 00f0 D5010000 		.4byte	.LASF22
 560 00f4 07       		.byte	0x7
 561 00f5 3D       		.byte	0x3d
 562 00f6 D1000000 		.4byte	0xd1
 563 00fa 03       		.uleb128 0x3
 564 00fb 38020000 		.4byte	.LASF23
 565 00ff 08       		.byte	0x8
 566 0100 4F       		.byte	0x4f
 567 0101 D1000000 		.4byte	0xd1
 568 0105 08       		.uleb128 0x8
 569 0106 E0030000 		.4byte	.LASF26
 570 010a 01       		.byte	0x1
 571 010b 2C000000 		.4byte	0x2c
 572 010f 01       		.byte	0x1
 573 0110 5A       		.byte	0x5a
 574 0111 22010000 		.4byte	0x122
 575 0115 09       		.uleb128 0x9
 576 0116 1C020000 		.4byte	.LASF24
 577 011a 00       		.byte	0
 578 011b 09       		.uleb128 0x9
 579 011c 81020000 		.4byte	.LASF25
 580 0120 01       		.byte	0x1
 581 0121 00       		.byte	0
 582 0122 03       		.uleb128 0x3
 583 0123 E0030000 		.4byte	.LASF26
ARM GAS  C:\Users\Tri94\AppData\Local\Temp\cck7NsHc.s 			page 15


 584 0127 01       		.byte	0x1
 585 0128 5D       		.byte	0x5d
 586 0129 05010000 		.4byte	0x105
 587 012d 0A       		.uleb128 0xa
 588 012e 1F010000 		.4byte	.LASF55
 589 0132 01       		.byte	0x1
 590 0133 5F       		.byte	0x5f
 591 0134 00000000 		.4byte	.LFB71
 592 0138 74000000 		.4byte	.LFE71-.LFB71
 593 013c 01       		.uleb128 0x1
 594 013d 9C       		.byte	0x9c
 595 013e 01020000 		.4byte	0x201
 596 0142 0B       		.uleb128 0xb
 597 0143 62756600 		.ascii	"buf\000"
 598 0147 01       		.byte	0x1
 599 0148 60       		.byte	0x60
 600 0149 01020000 		.4byte	0x201
 601 014d 05       		.uleb128 0x5
 602 014e 03       		.byte	0x3
 603 014f 08000000 		.4byte	buf.7535
 604 0153 0B       		.uleb128 0xb
 605 0154 69647800 		.ascii	"idx\000"
 606 0158 01       		.byte	0x1
 607 0159 61       		.byte	0x61
 608 015a 73000000 		.4byte	0x73
 609 015e 05       		.uleb128 0x5
 610 015f 03       		.byte	0x3
 611 0160 04000000 		.4byte	idx.7536
 612 0164 0C       		.uleb128 0xc
 613 0165 19010000 		.4byte	.LASF27
 614 0169 01       		.byte	0x1
 615 016a 62       		.byte	0x62
 616 016b 22010000 		.4byte	0x122
 617 016f 05       		.uleb128 0x5
 618 0170 03       		.byte	0x3
 619 0171 00000000 		.4byte	state.7537
 620 0175 0D       		.uleb128 0xd
 621 0176 636800   		.ascii	"ch\000"
 622 0179 01       		.byte	0x1
 623 017a 63       		.byte	0x63
 624 017b B1000000 		.4byte	0xb1
 625 017f 00000000 		.4byte	.LLST0
 626 0183 0B       		.uleb128 0xb
 627 0184 73747200 		.ascii	"str\000"
 628 0188 01       		.byte	0x1
 629 0189 64       		.byte	0x64
 630 018a 01020000 		.4byte	0x201
 631 018e 02       		.uleb128 0x2
 632 018f 91       		.byte	0x91
 633 0190 5C       		.sleb128 -36
 634 0191 0E       		.uleb128 0xe
 635 0192 82010000 		.4byte	.LASF28
 636 0196 01       		.byte	0x1
 637 0197 65       		.byte	0x65
 638 0198 D9000000 		.4byte	0xd9
 639 019c 00       		.byte	0
 640 019d 0F       		.uleb128 0xf
ARM GAS  C:\Users\Tri94\AppData\Local\Temp\cck7NsHc.s 			page 16


 641 019e 0A000000 		.4byte	.LVL1
 642 01a2 DD040000 		.4byte	0x4dd
 643 01a6 10       		.uleb128 0x10
 644 01a7 42000000 		.4byte	.LVL4
 645 01ab E8040000 		.4byte	0x4e8
 646 01af C0010000 		.4byte	0x1c0
 647 01b3 11       		.uleb128 0x11
 648 01b4 01       		.uleb128 0x1
 649 01b5 51       		.byte	0x51
 650 01b6 02       		.uleb128 0x2
 651 01b7 76       		.byte	0x76
 652 01b8 00       		.sleb128 0
 653 01b9 11       		.uleb128 0x11
 654 01ba 01       		.uleb128 0x1
 655 01bb 53       		.byte	0x53
 656 01bc 02       		.uleb128 0x2
 657 01bd 75       		.byte	0x75
 658 01be 00       		.sleb128 0
 659 01bf 00       		.byte	0
 660 01c0 10       		.uleb128 0x10
 661 01c1 4C000000 		.4byte	.LVL5
 662 01c5 F4040000 		.4byte	0x4f4
 663 01c9 DA010000 		.4byte	0x1da
 664 01cd 11       		.uleb128 0x11
 665 01ce 01       		.uleb128 0x1
 666 01cf 50       		.byte	0x50
 667 01d0 02       		.uleb128 0x2
 668 01d1 91       		.byte	0x91
 669 01d2 5C       		.sleb128 -36
 670 01d3 11       		.uleb128 0x11
 671 01d4 01       		.uleb128 0x1
 672 01d5 51       		.byte	0x51
 673 01d6 02       		.uleb128 0x2
 674 01d7 76       		.byte	0x76
 675 01d8 00       		.sleb128 0
 676 01d9 00       		.byte	0
 677 01da 10       		.uleb128 0x10
 678 01db 52000000 		.4byte	.LVL6
 679 01df 03050000 		.4byte	0x503
 680 01e3 EE010000 		.4byte	0x1ee
 681 01e7 11       		.uleb128 0x11
 682 01e8 01       		.uleb128 0x1
 683 01e9 50       		.byte	0x50
 684 01ea 02       		.uleb128 0x2
 685 01eb 91       		.byte	0x91
 686 01ec 5C       		.sleb128 -36
 687 01ed 00       		.byte	0
 688 01ee 0F       		.uleb128 0xf
 689 01ef 64000000 		.4byte	.LVL9
 690 01f3 0E050000 		.4byte	0x50e
 691 01f7 0F       		.uleb128 0xf
 692 01f8 6C000000 		.4byte	.LVL10
 693 01fc 19050000 		.4byte	0x519
 694 0200 00       		.byte	0
 695 0201 12       		.uleb128 0x12
 696 0202 B1000000 		.4byte	0xb1
 697 0206 11020000 		.4byte	0x211
ARM GAS  C:\Users\Tri94\AppData\Local\Temp\cck7NsHc.s 			page 17


 698 020a 13       		.uleb128 0x13
 699 020b CA000000 		.4byte	0xca
 700 020f 13       		.byte	0x13
 701 0210 00       		.byte	0
 702 0211 14       		.uleb128 0x14
 703 0212 D5030000 		.4byte	.LASF56
 704 0216 01       		.byte	0x1
 705 0217 91       		.byte	0x91
 706 0218 00000000 		.4byte	.LFB72
 707 021c A0000000 		.4byte	.LFE72-.LFB72
 708 0220 01       		.uleb128 0x1
 709 0221 9C       		.byte	0x9c
 710 0222 CB030000 		.4byte	0x3cb
 711 0226 15       		.uleb128 0x15
 712 0227 4E020000 		.4byte	.LASF57
 713 022b 01       		.byte	0x1
 714 022c 91       		.byte	0x91
 715 022d D1000000 		.4byte	0xd1
 716 0231 1E000000 		.4byte	.LLST1
 717 0235 0B       		.uleb128 0xb
 718 0236 62756600 		.ascii	"buf\000"
 719 023a 01       		.byte	0x1
 720 023b 93       		.byte	0x93
 721 023c 01020000 		.4byte	0x201
 722 0240 02       		.uleb128 0x2
 723 0241 91       		.byte	0x91
 724 0242 64       		.sleb128 -28
 725 0243 16       		.uleb128 0x16
 726 0244 2A010000 		.4byte	.LASF58
 727 0248 01       		.byte	0x1
 728 0249 94       		.byte	0x94
 729 024a B8000000 		.4byte	0xb8
 730 024e 0C       		.uleb128 0xc
 731 024f B2000000 		.4byte	.LASF29
 732 0253 01       		.byte	0x1
 733 0254 95       		.byte	0x95
 734 0255 D3000000 		.4byte	0xd3
 735 0259 06       		.uleb128 0x6
 736 025a 03       		.byte	0x3
 737 025b 08000000 		.4byte	.LC1
 738 025f 9F       		.byte	0x9f
 739 0260 0C       		.uleb128 0xc
 740 0261 8F000000 		.4byte	.LASF30
 741 0265 01       		.byte	0x1
 742 0266 96       		.byte	0x96
 743 0267 D3000000 		.4byte	0xd3
 744 026b 06       		.uleb128 0x6
 745 026c 03       		.byte	0x3
 746 026d 24000000 		.4byte	.LC5
 747 0271 9F       		.byte	0x9f
 748 0272 0D       		.uleb128 0xd
 749 0273 70636800 		.ascii	"pch\000"
 750 0277 01       		.byte	0x1
 751 0278 97       		.byte	0x97
 752 0279 D3000000 		.4byte	0xd3
 753 027d 3F000000 		.4byte	.LLST2
 754 0281 0D       		.uleb128 0xd
ARM GAS  C:\Users\Tri94\AppData\Local\Temp\cck7NsHc.s 			page 18


 755 0282 636D7000 		.ascii	"cmp\000"
 756 0286 01       		.byte	0x1
 757 0287 98       		.byte	0x98
 758 0288 97000000 		.4byte	0x97
 759 028c 68000000 		.4byte	.LLST3
 760 0290 10       		.uleb128 0x10
 761 0291 0A000000 		.4byte	.LVL14
 762 0295 03050000 		.4byte	0x503
 763 0299 A7020000 		.4byte	0x2a7
 764 029d 11       		.uleb128 0x11
 765 029e 01       		.uleb128 0x1
 766 029f 50       		.byte	0x50
 767 02a0 05       		.uleb128 0x5
 768 02a1 03       		.byte	0x3
 769 02a2 00000000 		.4byte	.LC0
 770 02a6 00       		.byte	0
 771 02a7 0F       		.uleb128 0xf
 772 02a8 12000000 		.4byte	.LVL15
 773 02ac 24050000 		.4byte	0x524
 774 02b0 10       		.uleb128 0x10
 775 02b1 22000000 		.4byte	.LVL16
 776 02b5 30050000 		.4byte	0x530
 777 02b9 CF020000 		.4byte	0x2cf
 778 02bd 11       		.uleb128 0x11
 779 02be 01       		.uleb128 0x1
 780 02bf 51       		.byte	0x51
 781 02c0 02       		.uleb128 0x2
 782 02c1 91       		.byte	0x91
 783 02c2 64       		.sleb128 -28
 784 02c3 11       		.uleb128 0x11
 785 02c4 01       		.uleb128 0x1
 786 02c5 52       		.byte	0x52
 787 02c6 01       		.uleb128 0x1
 788 02c7 44       		.byte	0x44
 789 02c8 11       		.uleb128 0x11
 790 02c9 01       		.uleb128 0x1
 791 02ca 53       		.byte	0x53
 792 02cb 02       		.uleb128 0x2
 793 02cc 08       		.byte	0x8
 794 02cd 64       		.byte	0x64
 795 02ce 00       		.byte	0
 796 02cf 10       		.uleb128 0x10
 797 02d0 2A000000 		.4byte	.LVL17
 798 02d4 3C050000 		.4byte	0x53c
 799 02d8 EC020000 		.4byte	0x2ec
 800 02dc 11       		.uleb128 0x11
 801 02dd 01       		.uleb128 0x1
 802 02de 50       		.byte	0x50
 803 02df 02       		.uleb128 0x2
 804 02e0 91       		.byte	0x91
 805 02e1 64       		.sleb128 -28
 806 02e2 11       		.uleb128 0x11
 807 02e3 01       		.uleb128 0x1
 808 02e4 51       		.byte	0x51
 809 02e5 05       		.uleb128 0x5
 810 02e6 03       		.byte	0x3
 811 02e7 08000000 		.4byte	.LC1
ARM GAS  C:\Users\Tri94\AppData\Local\Temp\cck7NsHc.s 			page 19


 812 02eb 00       		.byte	0
 813 02ec 10       		.uleb128 0x10
 814 02ed 32000000 		.4byte	.LVL20
 815 02f1 03050000 		.4byte	0x503
 816 02f5 03030000 		.4byte	0x303
 817 02f9 11       		.uleb128 0x11
 818 02fa 01       		.uleb128 0x1
 819 02fb 50       		.byte	0x50
 820 02fc 05       		.uleb128 0x5
 821 02fd 03       		.byte	0x3
 822 02fe 0C000000 		.4byte	.LC2
 823 0302 00       		.byte	0
 824 0303 10       		.uleb128 0x10
 825 0304 38000000 		.4byte	.LVL21
 826 0308 03050000 		.4byte	0x503
 827 030c 17030000 		.4byte	0x317
 828 0310 11       		.uleb128 0x11
 829 0311 01       		.uleb128 0x1
 830 0312 50       		.byte	0x50
 831 0313 02       		.uleb128 0x2
 832 0314 74       		.byte	0x74
 833 0315 00       		.sleb128 0
 834 0316 00       		.byte	0
 835 0317 10       		.uleb128 0x10
 836 0318 40000000 		.4byte	.LVL22
 837 031c 47050000 		.4byte	0x547
 838 0320 34030000 		.4byte	0x334
 839 0324 11       		.uleb128 0x11
 840 0325 01       		.uleb128 0x1
 841 0326 50       		.byte	0x50
 842 0327 02       		.uleb128 0x2
 843 0328 74       		.byte	0x74
 844 0329 00       		.sleb128 0
 845 032a 11       		.uleb128 0x11
 846 032b 01       		.uleb128 0x1
 847 032c 51       		.byte	0x51
 848 032d 05       		.uleb128 0x5
 849 032e 03       		.byte	0x3
 850 032f 14000000 		.4byte	.LC3
 851 0333 00       		.byte	0
 852 0334 10       		.uleb128 0x10
 853 0335 48000000 		.4byte	.LVL23
 854 0339 52050000 		.4byte	0x552
 855 033d 47030000 		.4byte	0x347
 856 0341 11       		.uleb128 0x11
 857 0342 01       		.uleb128 0x1
 858 0343 50       		.byte	0x50
 859 0344 01       		.uleb128 0x1
 860 0345 31       		.byte	0x31
 861 0346 00       		.byte	0
 862 0347 10       		.uleb128 0x10
 863 0348 52000000 		.4byte	.LVL24
 864 034c 47050000 		.4byte	0x547
 865 0350 64030000 		.4byte	0x364
 866 0354 11       		.uleb128 0x11
 867 0355 01       		.uleb128 0x1
 868 0356 50       		.byte	0x50
ARM GAS  C:\Users\Tri94\AppData\Local\Temp\cck7NsHc.s 			page 20


 869 0357 02       		.uleb128 0x2
 870 0358 74       		.byte	0x74
 871 0359 00       		.sleb128 0
 872 035a 11       		.uleb128 0x11
 873 035b 01       		.uleb128 0x1
 874 035c 51       		.byte	0x51
 875 035d 05       		.uleb128 0x5
 876 035e 03       		.byte	0x3
 877 035f 1C000000 		.4byte	.LC4
 878 0363 00       		.byte	0
 879 0364 0F       		.uleb128 0xf
 880 0365 58000000 		.4byte	.LVL25
 881 0369 52050000 		.4byte	0x552
 882 036d 10       		.uleb128 0x10
 883 036e 62000000 		.4byte	.LVL26
 884 0372 3C050000 		.4byte	0x53c
 885 0376 8A030000 		.4byte	0x38a
 886 037a 11       		.uleb128 0x11
 887 037b 01       		.uleb128 0x1
 888 037c 50       		.byte	0x50
 889 037d 02       		.uleb128 0x2
 890 037e 91       		.byte	0x91
 891 037f 64       		.sleb128 -28
 892 0380 11       		.uleb128 0x11
 893 0381 01       		.uleb128 0x1
 894 0382 51       		.byte	0x51
 895 0383 05       		.uleb128 0x5
 896 0384 03       		.byte	0x3
 897 0385 24000000 		.4byte	.LC5
 898 0389 00       		.byte	0
 899 038a 0F       		.uleb128 0xf
 900 038b 66000000 		.4byte	.LVL27
 901 038f 5D050000 		.4byte	0x55d
 902 0393 10       		.uleb128 0x10
 903 0394 70000000 		.4byte	.LVL29
 904 0398 52050000 		.4byte	0x552
 905 039c A6030000 		.4byte	0x3a6
 906 03a0 11       		.uleb128 0x11
 907 03a1 01       		.uleb128 0x1
 908 03a2 50       		.byte	0x50
 909 03a3 01       		.uleb128 0x1
 910 03a4 31       		.byte	0x31
 911 03a5 00       		.byte	0
 912 03a6 10       		.uleb128 0x10
 913 03a7 78000000 		.4byte	.LVL32
 914 03ab 52050000 		.4byte	0x552
 915 03af B9030000 		.4byte	0x3b9
 916 03b3 11       		.uleb128 0x11
 917 03b4 01       		.uleb128 0x1
 918 03b5 50       		.byte	0x50
 919 03b6 01       		.uleb128 0x1
 920 03b7 30       		.byte	0x30
 921 03b8 00       		.byte	0
 922 03b9 17       		.uleb128 0x17
 923 03ba 80000000 		.4byte	.LVL33
 924 03be 68050000 		.4byte	0x568
 925 03c2 11       		.uleb128 0x11
ARM GAS  C:\Users\Tri94\AppData\Local\Temp\cck7NsHc.s 			page 21


 926 03c3 01       		.uleb128 0x1
 927 03c4 50       		.byte	0x50
 928 03c5 03       		.uleb128 0x3
 929 03c6 0A       		.byte	0xa
 930 03c7 F401     		.2byte	0x1f4
 931 03c9 00       		.byte	0
 932 03ca 00       		.byte	0
 933 03cb 18       		.uleb128 0x18
 934 03cc 22030000 		.4byte	.LASF59
 935 03d0 01       		.byte	0x1
 936 03d1 4F       		.byte	0x4f
 937 03d2 00000000 		.4byte	.LFB70
 938 03d6 14000000 		.4byte	.LFE70-.LFB70
 939 03da 01       		.uleb128 0x1
 940 03db 9C       		.byte	0x9c
 941 03dc 01040000 		.4byte	0x401
 942 03e0 10       		.uleb128 0x10
 943 03e1 08000000 		.4byte	.LVL34
 944 03e5 74050000 		.4byte	0x574
 945 03e9 F7030000 		.4byte	0x3f7
 946 03ed 11       		.uleb128 0x11
 947 03ee 01       		.uleb128 0x1
 948 03ef 50       		.byte	0x50
 949 03f0 05       		.uleb128 0x5
 950 03f1 03       		.byte	0x3
 951 03f2 00000000 		.4byte	myISR_UART
 952 03f6 00       		.byte	0
 953 03f7 0F       		.uleb128 0xf
 954 03f8 0C000000 		.4byte	.LVL35
 955 03fc 7F050000 		.4byte	0x57f
 956 0400 00       		.byte	0
 957 0401 19       		.uleb128 0x19
 958 0402 7F000000 		.4byte	.LASF60
 959 0406 01       		.byte	0x1
 960 0407 27       		.byte	0x27
 961 0408 73000000 		.4byte	0x73
 962 040c 00000000 		.4byte	.LFB69
 963 0410 4C000000 		.4byte	.LFE69-.LFB69
 964 0414 01       		.uleb128 0x1
 965 0415 9C       		.byte	0x9c
 966 0416 9A040000 		.4byte	0x49a
 967 041a 0D       		.uleb128 0xd
 968 041b 65727200 		.ascii	"err\000"
 969 041f 01       		.byte	0x1
 970 0420 29       		.byte	0x29
 971 0421 D9000000 		.4byte	0xd9
 972 0425 86000000 		.4byte	.LLST4
 973 0429 0F       		.uleb128 0xf
 974 042a 0A000000 		.4byte	.LVL36
 975 042e 8A050000 		.4byte	0x58a
 976 0432 0F       		.uleb128 0xf
 977 0433 0E000000 		.4byte	.LVL37
 978 0437 CB030000 		.4byte	0x3cb
 979 043b 10       		.uleb128 0x10
 980 043c 18000000 		.4byte	.LVL38
 981 0440 95050000 		.4byte	0x595
 982 0444 59040000 		.4byte	0x459
ARM GAS  C:\Users\Tri94\AppData\Local\Temp\cck7NsHc.s 			page 22


 983 0448 11       		.uleb128 0x11
 984 0449 01       		.uleb128 0x1
 985 044a 50       		.byte	0x50
 986 044b 02       		.uleb128 0x2
 987 044c 08       		.byte	0x8
 988 044d 64       		.byte	0x64
 989 044e 11       		.uleb128 0x11
 990 044f 01       		.uleb128 0x1
 991 0450 51       		.byte	0x51
 992 0451 01       		.uleb128 0x1
 993 0452 30       		.byte	0x30
 994 0453 11       		.uleb128 0x11
 995 0454 01       		.uleb128 0x1
 996 0455 52       		.byte	0x52
 997 0456 01       		.uleb128 0x1
 998 0457 31       		.byte	0x31
 999 0458 00       		.byte	0
 1000 0459 10       		.uleb128 0x10
 1001 045a 32000000 		.4byte	.LVL39
 1002 045e A1050000 		.4byte	0x5a1
 1003 0462 90040000 		.4byte	0x490
 1004 0466 11       		.uleb128 0x11
 1005 0467 01       		.uleb128 0x1
 1006 0468 50       		.byte	0x50
 1007 0469 05       		.uleb128 0x5
 1008 046a 03       		.byte	0x3
 1009 046b 00000000 		.4byte	vUARTTask1
 1010 046f 11       		.uleb128 0x11
 1011 0470 01       		.uleb128 0x1
 1012 0471 51       		.byte	0x51
 1013 0472 05       		.uleb128 0x5
 1014 0473 03       		.byte	0x3
 1015 0474 28000000 		.4byte	.LC6
 1016 0478 11       		.uleb128 0x11
 1017 0479 01       		.uleb128 0x1
 1018 047a 52       		.byte	0x52
 1019 047b 02       		.uleb128 0x2
 1020 047c 08       		.byte	0x8
 1021 047d C8       		.byte	0xc8
 1022 047e 11       		.uleb128 0x11
 1023 047f 01       		.uleb128 0x1
 1024 0480 53       		.byte	0x53
 1025 0481 01       		.uleb128 0x1
 1026 0482 30       		.byte	0x30
 1027 0483 11       		.uleb128 0x11
 1028 0484 02       		.uleb128 0x2
 1029 0485 7D       		.byte	0x7d
 1030 0486 00       		.sleb128 0
 1031 0487 01       		.uleb128 0x1
 1032 0488 34       		.byte	0x34
 1033 0489 11       		.uleb128 0x11
 1034 048a 02       		.uleb128 0x2
 1035 048b 7D       		.byte	0x7d
 1036 048c 04       		.sleb128 4
 1037 048d 01       		.uleb128 0x1
 1038 048e 30       		.byte	0x30
 1039 048f 00       		.byte	0
ARM GAS  C:\Users\Tri94\AppData\Local\Temp\cck7NsHc.s 			page 23


 1040 0490 0F       		.uleb128 0xf
 1041 0491 3C000000 		.4byte	.LVL40
 1042 0495 AD050000 		.4byte	0x5ad
 1043 0499 00       		.byte	0
 1044 049a 1A       		.uleb128 0x1a
 1045 049b 2E030000 		.4byte	.LASF31
 1046 049f 09       		.byte	0x9
 1047 04a0 1207     		.2byte	0x712
 1048 04a2 A6040000 		.4byte	0x4a6
 1049 04a6 1B       		.uleb128 0x1b
 1050 04a7 81000000 		.4byte	0x81
 1051 04ab 1C       		.uleb128 0x1c
 1052 04ac 50010000 		.4byte	.LASF32
 1053 04b0 01       		.byte	0x1
 1054 04b1 22       		.byte	0x22
 1055 04b2 FA000000 		.4byte	0xfa
 1056 04b6 05       		.uleb128 0x5
 1057 04b7 03       		.byte	0x3
 1058 04b8 00000000 		.4byte	xMessageBuffer
 1059 04bc 12       		.uleb128 0x12
 1060 04bd D3000000 		.4byte	0xd3
 1061 04c1 CC040000 		.4byte	0x4cc
 1062 04c5 13       		.uleb128 0x13
 1063 04c6 CA000000 		.4byte	0xca
 1064 04ca 03       		.byte	0x3
 1065 04cb 00       		.byte	0
 1066 04cc 1C       		.uleb128 0x1c
 1067 04cd B8000000 		.4byte	.LASF33
 1068 04d1 01       		.byte	0x1
 1069 04d2 8B       		.byte	0x8b
 1070 04d3 BC040000 		.4byte	0x4bc
 1071 04d7 05       		.uleb128 0x5
 1072 04d8 03       		.byte	0x3
 1073 04d9 00000000 		.4byte	xMessage
 1074 04dd 1D       		.uleb128 0x1d
 1075 04de 96000000 		.4byte	.LASF34
 1076 04e2 96000000 		.4byte	.LASF34
 1077 04e6 0A       		.byte	0xa
 1078 04e7 71       		.byte	0x71
 1079 04e8 1E       		.uleb128 0x1e
 1080 04e9 A4010000 		.4byte	.LASF35
 1081 04ed A4010000 		.4byte	.LASF35
 1082 04f1 07       		.byte	0x7
 1083 04f2 9501     		.2byte	0x195
 1084 04f4 1F       		.uleb128 0x1f
 1085 04f5 15020000 		.4byte	.LASF61
 1086 04f9 A7020000 		.4byte	.LASF62
 1087 04fd 11       		.byte	0x11
 1088 04fe 00       		.byte	0
 1089 04ff 15020000 		.4byte	.LASF61
 1090 0503 1D       		.uleb128 0x1d
 1091 0504 A3000000 		.4byte	.LASF36
 1092 0508 A3000000 		.4byte	.LASF36
 1093 050c 0A       		.byte	0xa
 1094 050d 8B       		.byte	0x8b
 1095 050e 1D       		.uleb128 0x1d
 1096 050f 23020000 		.4byte	.LASF37
ARM GAS  C:\Users\Tri94\AppData\Local\Temp\cck7NsHc.s 			page 24


 1097 0513 23020000 		.4byte	.LASF37
 1098 0517 0A       		.byte	0xa
 1099 0518 73       		.byte	0x73
 1100 0519 1D       		.uleb128 0x1d
 1101 051a 6D000000 		.4byte	.LASF38
 1102 051e 6D000000 		.4byte	.LASF38
 1103 0522 0A       		.byte	0xa
 1104 0523 70       		.byte	0x70
 1105 0524 1E       		.uleb128 0x1e
 1106 0525 04010000 		.4byte	.LASF39
 1107 0529 04010000 		.4byte	.LASF39
 1108 052d 07       		.byte	0x7
 1109 052e 8502     		.2byte	0x285
 1110 0530 1E       		.uleb128 0x1e
 1111 0531 25000000 		.4byte	.LASF40
 1112 0535 25000000 		.4byte	.LASF40
 1113 0539 07       		.byte	0x7
 1114 053a EE01     		.2byte	0x1ee
 1115 053c 1D       		.uleb128 0x1d
 1116 053d FD000000 		.4byte	.LASF41
 1117 0541 FD000000 		.4byte	.LASF41
 1118 0545 0B       		.byte	0xb
 1119 0546 2A       		.byte	0x2a
 1120 0547 1D       		.uleb128 0x1d
 1121 0548 B8020000 		.4byte	.LASF42
 1122 054c B8020000 		.4byte	.LASF42
 1123 0550 0B       		.byte	0xb
 1124 0551 1C       		.byte	0x1c
 1125 0552 1D       		.uleb128 0x1d
 1126 0553 1B000000 		.4byte	.LASF43
 1127 0557 1B000000 		.4byte	.LASF43
 1128 055b 0C       		.byte	0xc
 1129 055c 26       		.byte	0x26
 1130 055d 1D       		.uleb128 0x1d
 1131 055e 31010000 		.4byte	.LASF44
 1132 0562 31010000 		.4byte	.LASF44
 1133 0566 0D       		.byte	0xd
 1134 0567 4D       		.byte	0x4d
 1135 0568 1E       		.uleb128 0x1e
 1136 0569 54000000 		.4byte	.LASF45
 1137 056d 54000000 		.4byte	.LASF45
 1138 0571 0E       		.byte	0xe
 1139 0572 F302     		.2byte	0x2f3
 1140 0574 1D       		.uleb128 0x1d
 1141 0575 8C020000 		.4byte	.LASF46
 1142 0579 8C020000 		.4byte	.LASF46
 1143 057d 0F       		.byte	0xf
 1144 057e 18       		.byte	0x18
 1145 057f 1D       		.uleb128 0x1d
 1146 0580 02020000 		.4byte	.LASF47
 1147 0584 02020000 		.4byte	.LASF47
 1148 0588 0A       		.byte	0xa
 1149 0589 54       		.byte	0x54
 1150 058a 1D       		.uleb128 0x1d
 1151 058b 5F000000 		.4byte	.LASF48
 1152 058f 5F000000 		.4byte	.LASF48
 1153 0593 10       		.byte	0x10
ARM GAS  C:\Users\Tri94\AppData\Local\Temp\cck7NsHc.s 			page 25


 1154 0594 17       		.byte	0x17
 1155 0595 1E       		.uleb128 0x1e
 1156 0596 00000000 		.4byte	.LASF49
 1157 059a 00000000 		.4byte	.LASF49
 1158 059e 07       		.byte	0x7
 1159 059f 3D03     		.2byte	0x33d
 1160 05a1 1E       		.uleb128 0x1e
 1161 05a2 C9030000 		.4byte	.LASF50
 1162 05a6 C9030000 		.4byte	.LASF50
 1163 05aa 0E       		.byte	0xe
 1164 05ab 4701     		.2byte	0x147
 1165 05ad 1E       		.uleb128 0x1e
 1166 05ae E0000000 		.4byte	.LASF51
 1167 05b2 E0000000 		.4byte	.LASF51
 1168 05b6 0E       		.byte	0xe
 1169 05b7 9404     		.2byte	0x494
 1170 05b9 00       		.byte	0
 1171              		.section	.debug_abbrev,"",%progbits
 1172              	.Ldebug_abbrev0:
 1173 0000 01       		.uleb128 0x1
 1174 0001 11       		.uleb128 0x11
 1175 0002 01       		.byte	0x1
 1176 0003 25       		.uleb128 0x25
 1177 0004 0E       		.uleb128 0xe
 1178 0005 13       		.uleb128 0x13
 1179 0006 0B       		.uleb128 0xb
 1180 0007 03       		.uleb128 0x3
 1181 0008 0E       		.uleb128 0xe
 1182 0009 1B       		.uleb128 0x1b
 1183 000a 0E       		.uleb128 0xe
 1184 000b 55       		.uleb128 0x55
 1185 000c 17       		.uleb128 0x17
 1186 000d 11       		.uleb128 0x11
 1187 000e 01       		.uleb128 0x1
 1188 000f 10       		.uleb128 0x10
 1189 0010 17       		.uleb128 0x17
 1190 0011 00       		.byte	0
 1191 0012 00       		.byte	0
 1192 0013 02       		.uleb128 0x2
 1193 0014 24       		.uleb128 0x24
 1194 0015 00       		.byte	0
 1195 0016 0B       		.uleb128 0xb
 1196 0017 0B       		.uleb128 0xb
 1197 0018 3E       		.uleb128 0x3e
 1198 0019 0B       		.uleb128 0xb
 1199 001a 03       		.uleb128 0x3
 1200 001b 0E       		.uleb128 0xe
 1201 001c 00       		.byte	0
 1202 001d 00       		.byte	0
 1203 001e 03       		.uleb128 0x3
 1204 001f 16       		.uleb128 0x16
 1205 0020 00       		.byte	0
 1206 0021 03       		.uleb128 0x3
 1207 0022 0E       		.uleb128 0xe
 1208 0023 3A       		.uleb128 0x3a
 1209 0024 0B       		.uleb128 0xb
 1210 0025 3B       		.uleb128 0x3b
ARM GAS  C:\Users\Tri94\AppData\Local\Temp\cck7NsHc.s 			page 26


 1211 0026 0B       		.uleb128 0xb
 1212 0027 49       		.uleb128 0x49
 1213 0028 13       		.uleb128 0x13
 1214 0029 00       		.byte	0
 1215 002a 00       		.byte	0
 1216 002b 04       		.uleb128 0x4
 1217 002c 24       		.uleb128 0x24
 1218 002d 00       		.byte	0
 1219 002e 0B       		.uleb128 0xb
 1220 002f 0B       		.uleb128 0xb
 1221 0030 3E       		.uleb128 0x3e
 1222 0031 0B       		.uleb128 0xb
 1223 0032 03       		.uleb128 0x3
 1224 0033 08       		.uleb128 0x8
 1225 0034 00       		.byte	0
 1226 0035 00       		.byte	0
 1227 0036 05       		.uleb128 0x5
 1228 0037 16       		.uleb128 0x16
 1229 0038 00       		.byte	0
 1230 0039 03       		.uleb128 0x3
 1231 003a 0E       		.uleb128 0xe
 1232 003b 3A       		.uleb128 0x3a
 1233 003c 0B       		.uleb128 0xb
 1234 003d 3B       		.uleb128 0x3b
 1235 003e 05       		.uleb128 0x5
 1236 003f 49       		.uleb128 0x49
 1237 0040 13       		.uleb128 0x13
 1238 0041 00       		.byte	0
 1239 0042 00       		.byte	0
 1240 0043 06       		.uleb128 0x6
 1241 0044 0F       		.uleb128 0xf
 1242 0045 00       		.byte	0
 1243 0046 0B       		.uleb128 0xb
 1244 0047 0B       		.uleb128 0xb
 1245 0048 00       		.byte	0
 1246 0049 00       		.byte	0
 1247 004a 07       		.uleb128 0x7
 1248 004b 0F       		.uleb128 0xf
 1249 004c 00       		.byte	0
 1250 004d 0B       		.uleb128 0xb
 1251 004e 0B       		.uleb128 0xb
 1252 004f 49       		.uleb128 0x49
 1253 0050 13       		.uleb128 0x13
 1254 0051 00       		.byte	0
 1255 0052 00       		.byte	0
 1256 0053 08       		.uleb128 0x8
 1257 0054 04       		.uleb128 0x4
 1258 0055 01       		.byte	0x1
 1259 0056 03       		.uleb128 0x3
 1260 0057 0E       		.uleb128 0xe
 1261 0058 0B       		.uleb128 0xb
 1262 0059 0B       		.uleb128 0xb
 1263 005a 49       		.uleb128 0x49
 1264 005b 13       		.uleb128 0x13
 1265 005c 3A       		.uleb128 0x3a
 1266 005d 0B       		.uleb128 0xb
 1267 005e 3B       		.uleb128 0x3b
ARM GAS  C:\Users\Tri94\AppData\Local\Temp\cck7NsHc.s 			page 27


 1268 005f 0B       		.uleb128 0xb
 1269 0060 01       		.uleb128 0x1
 1270 0061 13       		.uleb128 0x13
 1271 0062 00       		.byte	0
 1272 0063 00       		.byte	0
 1273 0064 09       		.uleb128 0x9
 1274 0065 28       		.uleb128 0x28
 1275 0066 00       		.byte	0
 1276 0067 03       		.uleb128 0x3
 1277 0068 0E       		.uleb128 0xe
 1278 0069 1C       		.uleb128 0x1c
 1279 006a 0B       		.uleb128 0xb
 1280 006b 00       		.byte	0
 1281 006c 00       		.byte	0
 1282 006d 0A       		.uleb128 0xa
 1283 006e 2E       		.uleb128 0x2e
 1284 006f 01       		.byte	0x1
 1285 0070 3F       		.uleb128 0x3f
 1286 0071 19       		.uleb128 0x19
 1287 0072 03       		.uleb128 0x3
 1288 0073 0E       		.uleb128 0xe
 1289 0074 3A       		.uleb128 0x3a
 1290 0075 0B       		.uleb128 0xb
 1291 0076 3B       		.uleb128 0x3b
 1292 0077 0B       		.uleb128 0xb
 1293 0078 27       		.uleb128 0x27
 1294 0079 19       		.uleb128 0x19
 1295 007a 11       		.uleb128 0x11
 1296 007b 01       		.uleb128 0x1
 1297 007c 12       		.uleb128 0x12
 1298 007d 06       		.uleb128 0x6
 1299 007e 40       		.uleb128 0x40
 1300 007f 18       		.uleb128 0x18
 1301 0080 9742     		.uleb128 0x2117
 1302 0082 19       		.uleb128 0x19
 1303 0083 01       		.uleb128 0x1
 1304 0084 13       		.uleb128 0x13
 1305 0085 00       		.byte	0
 1306 0086 00       		.byte	0
 1307 0087 0B       		.uleb128 0xb
 1308 0088 34       		.uleb128 0x34
 1309 0089 00       		.byte	0
 1310 008a 03       		.uleb128 0x3
 1311 008b 08       		.uleb128 0x8
 1312 008c 3A       		.uleb128 0x3a
 1313 008d 0B       		.uleb128 0xb
 1314 008e 3B       		.uleb128 0x3b
 1315 008f 0B       		.uleb128 0xb
 1316 0090 49       		.uleb128 0x49
 1317 0091 13       		.uleb128 0x13
 1318 0092 02       		.uleb128 0x2
 1319 0093 18       		.uleb128 0x18
 1320 0094 00       		.byte	0
 1321 0095 00       		.byte	0
 1322 0096 0C       		.uleb128 0xc
 1323 0097 34       		.uleb128 0x34
 1324 0098 00       		.byte	0
ARM GAS  C:\Users\Tri94\AppData\Local\Temp\cck7NsHc.s 			page 28


 1325 0099 03       		.uleb128 0x3
 1326 009a 0E       		.uleb128 0xe
 1327 009b 3A       		.uleb128 0x3a
 1328 009c 0B       		.uleb128 0xb
 1329 009d 3B       		.uleb128 0x3b
 1330 009e 0B       		.uleb128 0xb
 1331 009f 49       		.uleb128 0x49
 1332 00a0 13       		.uleb128 0x13
 1333 00a1 02       		.uleb128 0x2
 1334 00a2 18       		.uleb128 0x18
 1335 00a3 00       		.byte	0
 1336 00a4 00       		.byte	0
 1337 00a5 0D       		.uleb128 0xd
 1338 00a6 34       		.uleb128 0x34
 1339 00a7 00       		.byte	0
 1340 00a8 03       		.uleb128 0x3
 1341 00a9 08       		.uleb128 0x8
 1342 00aa 3A       		.uleb128 0x3a
 1343 00ab 0B       		.uleb128 0xb
 1344 00ac 3B       		.uleb128 0x3b
 1345 00ad 0B       		.uleb128 0xb
 1346 00ae 49       		.uleb128 0x49
 1347 00af 13       		.uleb128 0x13
 1348 00b0 02       		.uleb128 0x2
 1349 00b1 17       		.uleb128 0x17
 1350 00b2 00       		.byte	0
 1351 00b3 00       		.byte	0
 1352 00b4 0E       		.uleb128 0xe
 1353 00b5 34       		.uleb128 0x34
 1354 00b6 00       		.byte	0
 1355 00b7 03       		.uleb128 0x3
 1356 00b8 0E       		.uleb128 0xe
 1357 00b9 3A       		.uleb128 0x3a
 1358 00ba 0B       		.uleb128 0xb
 1359 00bb 3B       		.uleb128 0x3b
 1360 00bc 0B       		.uleb128 0xb
 1361 00bd 49       		.uleb128 0x49
 1362 00be 13       		.uleb128 0x13
 1363 00bf 1C       		.uleb128 0x1c
 1364 00c0 0B       		.uleb128 0xb
 1365 00c1 00       		.byte	0
 1366 00c2 00       		.byte	0
 1367 00c3 0F       		.uleb128 0xf
 1368 00c4 898201   		.uleb128 0x4109
 1369 00c7 00       		.byte	0
 1370 00c8 11       		.uleb128 0x11
 1371 00c9 01       		.uleb128 0x1
 1372 00ca 31       		.uleb128 0x31
 1373 00cb 13       		.uleb128 0x13
 1374 00cc 00       		.byte	0
 1375 00cd 00       		.byte	0
 1376 00ce 10       		.uleb128 0x10
 1377 00cf 898201   		.uleb128 0x4109
 1378 00d2 01       		.byte	0x1
 1379 00d3 11       		.uleb128 0x11
 1380 00d4 01       		.uleb128 0x1
 1381 00d5 31       		.uleb128 0x31
ARM GAS  C:\Users\Tri94\AppData\Local\Temp\cck7NsHc.s 			page 29


 1382 00d6 13       		.uleb128 0x13
 1383 00d7 01       		.uleb128 0x1
 1384 00d8 13       		.uleb128 0x13
 1385 00d9 00       		.byte	0
 1386 00da 00       		.byte	0
 1387 00db 11       		.uleb128 0x11
 1388 00dc 8A8201   		.uleb128 0x410a
 1389 00df 00       		.byte	0
 1390 00e0 02       		.uleb128 0x2
 1391 00e1 18       		.uleb128 0x18
 1392 00e2 9142     		.uleb128 0x2111
 1393 00e4 18       		.uleb128 0x18
 1394 00e5 00       		.byte	0
 1395 00e6 00       		.byte	0
 1396 00e7 12       		.uleb128 0x12
 1397 00e8 01       		.uleb128 0x1
 1398 00e9 01       		.byte	0x1
 1399 00ea 49       		.uleb128 0x49
 1400 00eb 13       		.uleb128 0x13
 1401 00ec 01       		.uleb128 0x1
 1402 00ed 13       		.uleb128 0x13
 1403 00ee 00       		.byte	0
 1404 00ef 00       		.byte	0
 1405 00f0 13       		.uleb128 0x13
 1406 00f1 21       		.uleb128 0x21
 1407 00f2 00       		.byte	0
 1408 00f3 49       		.uleb128 0x49
 1409 00f4 13       		.uleb128 0x13
 1410 00f5 2F       		.uleb128 0x2f
 1411 00f6 0B       		.uleb128 0xb
 1412 00f7 00       		.byte	0
 1413 00f8 00       		.byte	0
 1414 00f9 14       		.uleb128 0x14
 1415 00fa 2E       		.uleb128 0x2e
 1416 00fb 01       		.byte	0x1
 1417 00fc 3F       		.uleb128 0x3f
 1418 00fd 19       		.uleb128 0x19
 1419 00fe 03       		.uleb128 0x3
 1420 00ff 0E       		.uleb128 0xe
 1421 0100 3A       		.uleb128 0x3a
 1422 0101 0B       		.uleb128 0xb
 1423 0102 3B       		.uleb128 0x3b
 1424 0103 0B       		.uleb128 0xb
 1425 0104 27       		.uleb128 0x27
 1426 0105 19       		.uleb128 0x19
 1427 0106 8701     		.uleb128 0x87
 1428 0108 19       		.uleb128 0x19
 1429 0109 11       		.uleb128 0x11
 1430 010a 01       		.uleb128 0x1
 1431 010b 12       		.uleb128 0x12
 1432 010c 06       		.uleb128 0x6
 1433 010d 40       		.uleb128 0x40
 1434 010e 18       		.uleb128 0x18
 1435 010f 9742     		.uleb128 0x2117
 1436 0111 19       		.uleb128 0x19
 1437 0112 01       		.uleb128 0x1
 1438 0113 13       		.uleb128 0x13
ARM GAS  C:\Users\Tri94\AppData\Local\Temp\cck7NsHc.s 			page 30


 1439 0114 00       		.byte	0
 1440 0115 00       		.byte	0
 1441 0116 15       		.uleb128 0x15
 1442 0117 05       		.uleb128 0x5
 1443 0118 00       		.byte	0
 1444 0119 03       		.uleb128 0x3
 1445 011a 0E       		.uleb128 0xe
 1446 011b 3A       		.uleb128 0x3a
 1447 011c 0B       		.uleb128 0xb
 1448 011d 3B       		.uleb128 0x3b
 1449 011e 0B       		.uleb128 0xb
 1450 011f 49       		.uleb128 0x49
 1451 0120 13       		.uleb128 0x13
 1452 0121 02       		.uleb128 0x2
 1453 0122 17       		.uleb128 0x17
 1454 0123 00       		.byte	0
 1455 0124 00       		.byte	0
 1456 0125 16       		.uleb128 0x16
 1457 0126 34       		.uleb128 0x34
 1458 0127 00       		.byte	0
 1459 0128 03       		.uleb128 0x3
 1460 0129 0E       		.uleb128 0xe
 1461 012a 3A       		.uleb128 0x3a
 1462 012b 0B       		.uleb128 0xb
 1463 012c 3B       		.uleb128 0x3b
 1464 012d 0B       		.uleb128 0xb
 1465 012e 49       		.uleb128 0x49
 1466 012f 13       		.uleb128 0x13
 1467 0130 00       		.byte	0
 1468 0131 00       		.byte	0
 1469 0132 17       		.uleb128 0x17
 1470 0133 898201   		.uleb128 0x4109
 1471 0136 01       		.byte	0x1
 1472 0137 11       		.uleb128 0x11
 1473 0138 01       		.uleb128 0x1
 1474 0139 31       		.uleb128 0x31
 1475 013a 13       		.uleb128 0x13
 1476 013b 00       		.byte	0
 1477 013c 00       		.byte	0
 1478 013d 18       		.uleb128 0x18
 1479 013e 2E       		.uleb128 0x2e
 1480 013f 01       		.byte	0x1
 1481 0140 3F       		.uleb128 0x3f
 1482 0141 19       		.uleb128 0x19
 1483 0142 03       		.uleb128 0x3
 1484 0143 0E       		.uleb128 0xe
 1485 0144 3A       		.uleb128 0x3a
 1486 0145 0B       		.uleb128 0xb
 1487 0146 3B       		.uleb128 0x3b
 1488 0147 0B       		.uleb128 0xb
 1489 0148 11       		.uleb128 0x11
 1490 0149 01       		.uleb128 0x1
 1491 014a 12       		.uleb128 0x12
 1492 014b 06       		.uleb128 0x6
 1493 014c 40       		.uleb128 0x40
 1494 014d 18       		.uleb128 0x18
 1495 014e 9742     		.uleb128 0x2117
ARM GAS  C:\Users\Tri94\AppData\Local\Temp\cck7NsHc.s 			page 31


 1496 0150 19       		.uleb128 0x19
 1497 0151 01       		.uleb128 0x1
 1498 0152 13       		.uleb128 0x13
 1499 0153 00       		.byte	0
 1500 0154 00       		.byte	0
 1501 0155 19       		.uleb128 0x19
 1502 0156 2E       		.uleb128 0x2e
 1503 0157 01       		.byte	0x1
 1504 0158 3F       		.uleb128 0x3f
 1505 0159 19       		.uleb128 0x19
 1506 015a 03       		.uleb128 0x3
 1507 015b 0E       		.uleb128 0xe
 1508 015c 3A       		.uleb128 0x3a
 1509 015d 0B       		.uleb128 0xb
 1510 015e 3B       		.uleb128 0x3b
 1511 015f 0B       		.uleb128 0xb
 1512 0160 27       		.uleb128 0x27
 1513 0161 19       		.uleb128 0x19
 1514 0162 49       		.uleb128 0x49
 1515 0163 13       		.uleb128 0x13
 1516 0164 8701     		.uleb128 0x87
 1517 0166 19       		.uleb128 0x19
 1518 0167 11       		.uleb128 0x11
 1519 0168 01       		.uleb128 0x1
 1520 0169 12       		.uleb128 0x12
 1521 016a 06       		.uleb128 0x6
 1522 016b 40       		.uleb128 0x40
 1523 016c 18       		.uleb128 0x18
 1524 016d 9742     		.uleb128 0x2117
 1525 016f 19       		.uleb128 0x19
 1526 0170 01       		.uleb128 0x1
 1527 0171 13       		.uleb128 0x13
 1528 0172 00       		.byte	0
 1529 0173 00       		.byte	0
 1530 0174 1A       		.uleb128 0x1a
 1531 0175 34       		.uleb128 0x34
 1532 0176 00       		.byte	0
 1533 0177 03       		.uleb128 0x3
 1534 0178 0E       		.uleb128 0xe
 1535 0179 3A       		.uleb128 0x3a
 1536 017a 0B       		.uleb128 0xb
 1537 017b 3B       		.uleb128 0x3b
 1538 017c 05       		.uleb128 0x5
 1539 017d 49       		.uleb128 0x49
 1540 017e 13       		.uleb128 0x13
 1541 017f 3F       		.uleb128 0x3f
 1542 0180 19       		.uleb128 0x19
 1543 0181 3C       		.uleb128 0x3c
 1544 0182 19       		.uleb128 0x19
 1545 0183 00       		.byte	0
 1546 0184 00       		.byte	0
 1547 0185 1B       		.uleb128 0x1b
 1548 0186 35       		.uleb128 0x35
 1549 0187 00       		.byte	0
 1550 0188 49       		.uleb128 0x49
 1551 0189 13       		.uleb128 0x13
 1552 018a 00       		.byte	0
ARM GAS  C:\Users\Tri94\AppData\Local\Temp\cck7NsHc.s 			page 32


 1553 018b 00       		.byte	0
 1554 018c 1C       		.uleb128 0x1c
 1555 018d 34       		.uleb128 0x34
 1556 018e 00       		.byte	0
 1557 018f 03       		.uleb128 0x3
 1558 0190 0E       		.uleb128 0xe
 1559 0191 3A       		.uleb128 0x3a
 1560 0192 0B       		.uleb128 0xb
 1561 0193 3B       		.uleb128 0x3b
 1562 0194 0B       		.uleb128 0xb
 1563 0195 49       		.uleb128 0x49
 1564 0196 13       		.uleb128 0x13
 1565 0197 3F       		.uleb128 0x3f
 1566 0198 19       		.uleb128 0x19
 1567 0199 02       		.uleb128 0x2
 1568 019a 18       		.uleb128 0x18
 1569 019b 00       		.byte	0
 1570 019c 00       		.byte	0
 1571 019d 1D       		.uleb128 0x1d
 1572 019e 2E       		.uleb128 0x2e
 1573 019f 00       		.byte	0
 1574 01a0 3F       		.uleb128 0x3f
 1575 01a1 19       		.uleb128 0x19
 1576 01a2 3C       		.uleb128 0x3c
 1577 01a3 19       		.uleb128 0x19
 1578 01a4 6E       		.uleb128 0x6e
 1579 01a5 0E       		.uleb128 0xe
 1580 01a6 03       		.uleb128 0x3
 1581 01a7 0E       		.uleb128 0xe
 1582 01a8 3A       		.uleb128 0x3a
 1583 01a9 0B       		.uleb128 0xb
 1584 01aa 3B       		.uleb128 0x3b
 1585 01ab 0B       		.uleb128 0xb
 1586 01ac 00       		.byte	0
 1587 01ad 00       		.byte	0
 1588 01ae 1E       		.uleb128 0x1e
 1589 01af 2E       		.uleb128 0x2e
 1590 01b0 00       		.byte	0
 1591 01b1 3F       		.uleb128 0x3f
 1592 01b2 19       		.uleb128 0x19
 1593 01b3 3C       		.uleb128 0x3c
 1594 01b4 19       		.uleb128 0x19
 1595 01b5 6E       		.uleb128 0x6e
 1596 01b6 0E       		.uleb128 0xe
 1597 01b7 03       		.uleb128 0x3
 1598 01b8 0E       		.uleb128 0xe
 1599 01b9 3A       		.uleb128 0x3a
 1600 01ba 0B       		.uleb128 0xb
 1601 01bb 3B       		.uleb128 0x3b
 1602 01bc 05       		.uleb128 0x5
 1603 01bd 00       		.byte	0
 1604 01be 00       		.byte	0
 1605 01bf 1F       		.uleb128 0x1f
 1606 01c0 2E       		.uleb128 0x2e
 1607 01c1 00       		.byte	0
 1608 01c2 3F       		.uleb128 0x3f
 1609 01c3 19       		.uleb128 0x19
ARM GAS  C:\Users\Tri94\AppData\Local\Temp\cck7NsHc.s 			page 33


 1610 01c4 3C       		.uleb128 0x3c
 1611 01c5 19       		.uleb128 0x19
 1612 01c6 6E       		.uleb128 0x6e
 1613 01c7 0E       		.uleb128 0xe
 1614 01c8 03       		.uleb128 0x3
 1615 01c9 0E       		.uleb128 0xe
 1616 01ca 3A       		.uleb128 0x3a
 1617 01cb 0B       		.uleb128 0xb
 1618 01cc 3B       		.uleb128 0x3b
 1619 01cd 0B       		.uleb128 0xb
 1620 01ce 6E       		.uleb128 0x6e
 1621 01cf 0E       		.uleb128 0xe
 1622 01d0 00       		.byte	0
 1623 01d1 00       		.byte	0
 1624 01d2 00       		.byte	0
 1625              		.section	.debug_loc,"",%progbits
 1626              	.Ldebug_loc0:
 1627              	.LLST0:
 1628 0000 0A000000 		.4byte	.LVL1
 1629 0004 3E000000 		.4byte	.LVL3
 1630 0008 0100     		.2byte	0x1
 1631 000a 50       		.byte	0x50
 1632 000b 54000000 		.4byte	.LVL7
 1633 000f 60000000 		.4byte	.LVL8
 1634 0013 0100     		.2byte	0x1
 1635 0015 50       		.byte	0x50
 1636 0016 00000000 		.4byte	0
 1637 001a 00000000 		.4byte	0
 1638              	.LLST1:
 1639 001e 00000000 		.4byte	.LVL11
 1640 0022 06000000 		.4byte	.LVL13
 1641 0026 0100     		.2byte	0x1
 1642 0028 50       		.byte	0x50
 1643 0029 06000000 		.4byte	.LVL13
 1644 002d A0000000 		.4byte	.LFE72
 1645 0031 0400     		.2byte	0x4
 1646 0033 F3       		.byte	0xf3
 1647 0034 01       		.uleb128 0x1
 1648 0035 50       		.byte	0x50
 1649 0036 9F       		.byte	0x9f
 1650 0037 00000000 		.4byte	0
 1651 003b 00000000 		.4byte	0
 1652              	.LLST2:
 1653 003f 2C000000 		.4byte	.LVL18
 1654 0043 2E000000 		.4byte	.LVL19
 1655 0047 0100     		.2byte	0x1
 1656 0049 50       		.byte	0x50
 1657 004a 2E000000 		.4byte	.LVL19
 1658 004e 62000000 		.4byte	.LVL26
 1659 0052 0100     		.2byte	0x1
 1660 0054 54       		.byte	0x54
 1661 0055 62000000 		.4byte	.LVL26
 1662 0059 65000000 		.4byte	.LVL27-1
 1663 005d 0100     		.2byte	0x1
 1664 005f 50       		.byte	0x50
 1665 0060 00000000 		.4byte	0
 1666 0064 00000000 		.4byte	0
ARM GAS  C:\Users\Tri94\AppData\Local\Temp\cck7NsHc.s 			page 34


 1667              	.LLST3:
 1668 0068 66000000 		.4byte	.LVL27
 1669 006c 6C000000 		.4byte	.LVL28
 1670 0070 0100     		.2byte	0x1
 1671 0072 50       		.byte	0x50
 1672 0073 72000000 		.4byte	.LVL30
 1673 0077 74000000 		.4byte	.LVL31
 1674 007b 0100     		.2byte	0x1
 1675 007d 50       		.byte	0x50
 1676 007e 00000000 		.4byte	0
 1677 0082 00000000 		.4byte	0
 1678              	.LLST4:
 1679 0086 32000000 		.4byte	.LVL39
 1680 008a 3B000000 		.4byte	.LVL40-1
 1681 008e 0100     		.2byte	0x1
 1682 0090 50       		.byte	0x50
 1683 0091 00000000 		.4byte	0
 1684 0095 00000000 		.4byte	0
 1685              		.section	.debug_aranges,"",%progbits
 1686 0000 34000000 		.4byte	0x34
 1687 0004 0200     		.2byte	0x2
 1688 0006 00000000 		.4byte	.Ldebug_info0
 1689 000a 04       		.byte	0x4
 1690 000b 00       		.byte	0
 1691 000c 0000     		.2byte	0
 1692 000e 0000     		.2byte	0
 1693 0010 00000000 		.4byte	.LFB71
 1694 0014 74000000 		.4byte	.LFE71-.LFB71
 1695 0018 00000000 		.4byte	.LFB72
 1696 001c A0000000 		.4byte	.LFE72-.LFB72
 1697 0020 00000000 		.4byte	.LFB70
 1698 0024 14000000 		.4byte	.LFE70-.LFB70
 1699 0028 00000000 		.4byte	.LFB69
 1700 002c 4C000000 		.4byte	.LFE69-.LFB69
 1701 0030 00000000 		.4byte	0
 1702 0034 00000000 		.4byte	0
 1703              		.section	.debug_ranges,"",%progbits
 1704              	.Ldebug_ranges0:
 1705 0000 00000000 		.4byte	.LFB71
 1706 0004 74000000 		.4byte	.LFE71
 1707 0008 00000000 		.4byte	.LFB72
 1708 000c A0000000 		.4byte	.LFE72
 1709 0010 00000000 		.4byte	.LFB70
 1710 0014 14000000 		.4byte	.LFE70
 1711 0018 00000000 		.4byte	.LFB69
 1712 001c 4C000000 		.4byte	.LFE69
 1713 0020 00000000 		.4byte	0
 1714 0024 00000000 		.4byte	0
 1715              		.section	.debug_line,"",%progbits
 1716              	.Ldebug_line0:
 1717 0000 8B030000 		.section	.debug_str,"MS",%progbits,1
 1717      02001103 
 1717      00000201 
 1717      FB0E0D00 
 1717      01010101 
 1718              	.LASF49:
 1719 0000 78537472 		.ascii	"xStreamBufferGenericCreate\000"
ARM GAS  C:\Users\Tri94\AppData\Local\Temp\cck7NsHc.s 			page 35


 1719      65616D42 
 1719      75666665 
 1719      7247656E 
 1719      65726963 
 1720              	.LASF43:
 1721 001b 4C45445F 		.ascii	"LED_Write\000"
 1721      57726974 
 1721      6500
 1722              	.LASF40:
 1723 0025 78537472 		.ascii	"xStreamBufferReceive\000"
 1723      65616D42 
 1723      75666665 
 1723      72526563 
 1723      65697665 
 1724              	.LASF2:
 1725 003a 73686F72 		.ascii	"short int\000"
 1725      7420696E 
 1725      7400
 1726              	.LASF17:
 1727 0044 73697A65 		.ascii	"size_t\000"
 1727      5F7400
 1728              	.LASF19:
 1729 004b 73697A65 		.ascii	"sizetype\000"
 1729      74797065 
 1729      00
 1730              	.LASF45:
 1731 0054 76546173 		.ascii	"vTaskDelay\000"
 1731      6B44656C 
 1731      617900
 1732              	.LASF48:
 1733 005f 46726565 		.ascii	"FreeRTOS_Init\000"
 1733      52544F53 
 1733      5F496E69 
 1733      7400
 1734              	.LASF38:
 1735 006d 55415254 		.ascii	"UART_ReadRxStatus\000"
 1735      5F526561 
 1735      64527853 
 1735      74617475 
 1735      7300
 1736              	.LASF60:
 1737 007f 6D61696E 		.ascii	"main\000"
 1737      00
 1738              	.LASF6:
 1739 0084 5F5F7569 		.ascii	"__uint32_t\000"
 1739      6E743332 
 1739      5F7400
 1740              	.LASF30:
 1741 008f 64656C69 		.ascii	"delim2\000"
 1741      6D3200
 1742              	.LASF34:
 1743 0096 55415254 		.ascii	"UART_GetChar\000"
 1743      5F476574 
 1743      43686172 
 1743      00
 1744              	.LASF36:
 1745 00a3 55415254 		.ascii	"UART_PutString\000"
ARM GAS  C:\Users\Tri94\AppData\Local\Temp\cck7NsHc.s 			page 36


 1745      5F507574 
 1745      53747269 
 1745      6E6700
 1746              	.LASF29:
 1747 00b2 64656C69 		.ascii	"delim\000"
 1747      6D00
 1748              	.LASF33:
 1749 00b8 784D6573 		.ascii	"xMessage\000"
 1749      73616765 
 1749      00
 1750              	.LASF14:
 1751 00c1 666C6F61 		.ascii	"float\000"
 1751      7400
 1752              	.LASF8:
 1753 00c7 6C6F6E67 		.ascii	"long long int\000"
 1753      206C6F6E 
 1753      6720696E 
 1753      7400
 1754              	.LASF21:
 1755 00d5 5469636B 		.ascii	"TickType_t\000"
 1755      54797065 
 1755      5F7400
 1756              	.LASF51:
 1757 00e0 76546173 		.ascii	"vTaskStartScheduler\000"
 1757      6B537461 
 1757      72745363 
 1757      68656475 
 1757      6C657200 
 1758              	.LASF4:
 1759 00f4 6C6F6E67 		.ascii	"long int\000"
 1759      20696E74 
 1759      00
 1760              	.LASF41:
 1761 00fd 73747274 		.ascii	"strtok\000"
 1761      6F6B00
 1762              	.LASF39:
 1763 0104 78537472 		.ascii	"xStreamBufferIsEmpty\000"
 1763      65616D42 
 1763      75666665 
 1763      72497345 
 1763      6D707479 
 1764              	.LASF27:
 1765 0119 73746174 		.ascii	"state\000"
 1765      6500
 1766              	.LASF55:
 1767 011f 6D794953 		.ascii	"myISR_UART\000"
 1767      525F5541 
 1767      525400
 1768              	.LASF58:
 1769 012a 72785369 		.ascii	"rxSize\000"
 1769      7A6500
 1770              	.LASF44:
 1771 0131 61746F69 		.ascii	"atoi\000"
 1771      00
 1772              	.LASF18:
 1773 0136 6C6F6E67 		.ascii	"long double\000"
 1773      20646F75 
ARM GAS  C:\Users\Tri94\AppData\Local\Temp\cck7NsHc.s 			page 37


 1773      626C6500 
 1774              	.LASF1:
 1775 0142 756E7369 		.ascii	"unsigned char\000"
 1775      676E6564 
 1775      20636861 
 1775      7200
 1776              	.LASF32:
 1777 0150 784D6573 		.ascii	"xMessageBuffer\000"
 1777      73616765 
 1777      42756666 
 1777      657200
 1778              	.LASF0:
 1779 015f 7369676E 		.ascii	"signed char\000"
 1779      65642063 
 1779      68617200 
 1780              	.LASF9:
 1781 016b 6C6F6E67 		.ascii	"long long unsigned int\000"
 1781      206C6F6E 
 1781      6720756E 
 1781      7369676E 
 1781      65642069 
 1782              	.LASF28:
 1783 0182 78486967 		.ascii	"xHigherPriorityTaskWoken\000"
 1783      68657250 
 1783      72696F72 
 1783      69747954 
 1783      61736B57 
 1784              	.LASF12:
 1785 019b 75696E74 		.ascii	"uint32_t\000"
 1785      33325F74 
 1785      00
 1786              	.LASF35:
 1787 01a4 78537472 		.ascii	"xStreamBufferSendFromISR\000"
 1787      65616D42 
 1787      75666665 
 1787      7253656E 
 1787      6446726F 
 1788              	.LASF10:
 1789 01bd 756E7369 		.ascii	"unsigned int\000"
 1789      676E6564 
 1789      20696E74 
 1789      00
 1790              	.LASF20:
 1791 01ca 42617365 		.ascii	"BaseType_t\000"
 1791      54797065 
 1791      5F7400
 1792              	.LASF22:
 1793 01d5 53747265 		.ascii	"StreamBufferHandle_t\000"
 1793      616D4275 
 1793      66666572 
 1793      48616E64 
 1793      6C655F74 
 1794              	.LASF3:
 1795 01ea 73686F72 		.ascii	"short unsigned int\000"
 1795      7420756E 
 1795      7369676E 
 1795      65642069 
ARM GAS  C:\Users\Tri94\AppData\Local\Temp\cck7NsHc.s 			page 38


 1795      6E7400
 1796              	.LASF16:
 1797 01fd 63686172 		.ascii	"char\000"
 1797      00
 1798              	.LASF47:
 1799 0202 55415254 		.ascii	"UART_Start\000"
 1799      5F537461 
 1799      727400
 1800              	.LASF11:
 1801 020d 696E7433 		.ascii	"int32_t\000"
 1801      325F7400 
 1802              	.LASF61:
 1803 0215 73747263 		.ascii	"strcpy\000"
 1803      707900
 1804              	.LASF24:
 1805 021c 535F4944 		.ascii	"S_IDLE\000"
 1805      4C4500
 1806              	.LASF37:
 1807 0223 55415254 		.ascii	"UART_GetRxBufferSize\000"
 1807      5F476574 
 1807      52784275 
 1807      66666572 
 1807      53697A65 
 1808              	.LASF23:
 1809 0238 4D657373 		.ascii	"MessageBufferHandle_t\000"
 1809      61676542 
 1809      75666665 
 1809      7248616E 
 1809      646C655F 
 1810              	.LASF57:
 1811 024e 70765061 		.ascii	"pvParaments\000"
 1811      72616D65 
 1811      6E747300 
 1812              	.LASF13:
 1813 025a 75696E74 		.ascii	"uint32\000"
 1813      333200
 1814              	.LASF53:
 1815 0261 6D61696E 		.ascii	"main.c\000"
 1815      2E6300
 1816              	.LASF7:
 1817 0268 6C6F6E67 		.ascii	"long unsigned int\000"
 1817      20756E73 
 1817      69676E65 
 1817      6420696E 
 1817      7400
 1818              	.LASF15:
 1819 027a 646F7562 		.ascii	"double\000"
 1819      6C6500
 1820              	.LASF25:
 1821 0281 535F474F 		.ascii	"S_GOT_DATE\000"
 1821      545F4441 
 1821      544500
 1822              	.LASF46:
 1823 028c 4953525F 		.ascii	"ISR_UART_StartEx\000"
 1823      55415254 
 1823      5F537461 
 1823      72744578 
ARM GAS  C:\Users\Tri94\AppData\Local\Temp\cck7NsHc.s 			page 39


 1823      00
 1824              	.LASF5:
 1825 029d 5F5F696E 		.ascii	"__int32_t\000"
 1825      7433325F 
 1825      7400
 1826              	.LASF62:
 1827 02a7 5F5F6275 		.ascii	"__builtin_strcpy\000"
 1827      696C7469 
 1827      6E5F7374 
 1827      72637079 
 1827      00
 1828              	.LASF42:
 1829 02b8 73747263 		.ascii	"strcmp\000"
 1829      6D7000
 1830              	.LASF54:
 1831 02bf 433A5C55 		.ascii	"C:\\Users\\Tri94\\Documents\\PSoC Creator\\EE4450\\"
 1831      73657273 
 1831      5C547269 
 1831      39345C44 
 1831      6F63756D 
 1832 02ec 45453434 		.ascii	"EE4450-Projects\\RTOS_UART_StringMessage_Copy_01.cy"
 1832      35302D50 
 1832      726F6A65 
 1832      6374735C 
 1832      52544F53 
 1833 031e 64736E00 		.ascii	"dsn\000"
 1834              	.LASF59:
 1835 0322 6D795053 		.ascii	"myPSoCSetup\000"
 1835      6F435365 
 1835      74757000 
 1836              	.LASF31:
 1837 032e 49544D5F 		.ascii	"ITM_RxBuffer\000"
 1837      52784275 
 1837      66666572 
 1837      00
 1838              	.LASF52:
 1839 033b 474E5520 		.ascii	"GNU C11 5.4.1 20160609 (release) [ARM/embedded-5-br"
 1839      43313120 
 1839      352E342E 
 1839      31203230 
 1839      31363036 
 1840 036e 616E6368 		.ascii	"anch revision 237715] -mcpu=cortex-m3 -mthumb -g -O"
 1840      20726576 
 1840      6973696F 
 1840      6E203233 
 1840      37373135 
 1841 03a1 67202D66 		.ascii	"g -ffunction-sections -ffat-lto-objects\000"
 1841      66756E63 
 1841      74696F6E 
 1841      2D736563 
 1841      74696F6E 
 1842              	.LASF50:
 1843 03c9 78546173 		.ascii	"xTaskCreate\000"
 1843      6B437265 
 1843      61746500 
 1844              	.LASF56:
 1845 03d5 76554152 		.ascii	"vUARTTask1\000"
ARM GAS  C:\Users\Tri94\AppData\Local\Temp\cck7NsHc.s 			page 40


 1845      54546173 
 1845      6B3100
 1846              	.LASF26:
 1847 03e0 53544154 		.ascii	"STATES_CMD\000"
 1847      45535F43 
 1847      4D4400
 1848              		.ident	"GCC: (GNU Tools for ARM Embedded Processors) 5.4.1 20160609 (release) [ARM/embedded-5-bran
