#***************************************************************************

#sjplacer

#Version:            1.1

#Build Date:         Dec  5 2017 15:35:27

#File Generated:     Sep 26 2019 14:33:28

#Purpose:            

#Copyright (C) 2010-2011 by Softjin Technologies Pvt Ltd. All rights reserved.

#***************************************************************************

Executing : C:\Program Files (x86)\Cypress\PSoC Creator\4.2\PSoC Creator\bin/sjplacer.exe --proj-name CapSense_Slider --netlist-vh2 CapSense_Slider_p.vh2 --arch p35_udb4x6 --arch-file C:\Users\Tri94\Documents\PSoC Creator\4.2\Devices\arch/udbdsi_4x6_24.cydata --ip-file C:\Users\Tri94\Documents\PSoC Creator\4.2\Devices\psoc5/psoc5lp/ip_blocks.cydata --rrg-file C:\Users\Tri94\Documents\PSoC Creator\4.2\Devices\psoc5/psoc5lp/route_arch-rrg.cydata --irq-file C:\Users\Tri94\Documents\PSoC Creator\4.2\Devices\psoc5/psoc5lp/irqconn.cydata --drq-file C:\Users\Tri94\Documents\PSoC Creator\4.2\Devices\psoc5/psoc5lp/dmaconn.cydata --dsi-conn-file C:\Users\Tri94\Documents\PSoC Creator\4.2\Devices\psoc5/psoc5lp/dsiconn.cydata --pins-file pins_68-QFN.xml --lib-file CapSense_Slider_p.lib --sdc-file CapSense_Slider.sdc --io-pcf CapSense_Slider.pci --outdir .

		Softjin Techologies Placer, Version 1.1

Build Date : Dec  5 2017	15:33:41

D2004: Option and Settings Summary
=============================================================
Netlist vh2 file          - CapSense_Slider_p.vh2
Architecture file         - C:\Users\Tri94\Documents\PSoC Creator\4.2\Devices\arch/udbdsi_4x6_24.cydata
Package                   - 
Defparam file             - 
SDC file                  - CapSense_Slider.sdc
Output directory          - .
Timing library            - CapSense_Slider_p.lib
IO Placement file         - CapSense_Slider.pci

D2050: Starting reading inputs for placer
=============================================================
D2065: Reading netlist file : "CapSense_Slider_p.vh2"
D2065: Reading arch file : "C:\Users\Tri94\Documents\PSoC Creator\4.2\Devices\arch/udbdsi_4x6_24.cydata"
D2051: Reading of inputs for placer completed successfully

D2053: Starting placement of the design
=============================================================

Phase 2
Phase 3

Design Statistics after Packing
    Number of Combinational MCs 	:	8
    Number of Sequential MCs    	:	14
    Number of DPs               	:	6
    Number of Controls          	:	3
    Number of Status            	:	1
    Number of SyncCells         	:	1
    Number of count7cells       	:	1

Device Utilization Summary after Packing
    Macrocells                  :	22/192
    UDBS                        :	6/24
    IOs                         :	7/72


D2088: Phase 3, elapsed time : 0.0 (sec)

Phase 4
D2088: Phase 4, elapsed time : 0.0 (sec)

Phase 5
D2088: Phase 5, elapsed time : 0.0 (sec)

Phase 6

######################################################################
Placement Timing Summary

The timing summary is based on estimated routing delays after
placement. For final timing report, please carry out the timing
analysis after routing.
======================================================================

######################################################################
                     Clock Summary 
======================================================================
Number of clocks: 7
Clock: CapSense_IntClock    | Frequency:  51.0 MHz | Target:  12.0 MHz
Clock: Clock_1              | Frequency:  75.9 MHz | Target:   0.0 MHz
Clock: CyBUS_CLK            | Frequency: N/A       | Target:  24.0 MHz
Clock: CyILO                | Frequency: N/A       | Target:   0.0 MHz
Clock: CyIMO                | Frequency: N/A       | Target:   3.0 MHz
Clock: CyMASTER_CLK         | Frequency: N/A       | Target:  24.0 MHz
Clock: CyPLL_OUT            | Frequency: N/A       | Target:  24.0 MHz

======================================================================
                     End of Clock Summary
######################################################################

D2088: Phase 6, elapsed time : 0.0 (sec)

Phase 7
######################################################################
                     Clock Summary 
======================================================================
Number of clocks: 7
Clock: CapSense_IntClock    | Frequency:  48.3 MHz | Target:  12.0 MHz
Clock: Clock_1              | Frequency:  75.6 MHz | Target:   0.0 MHz
Clock: CyBUS_CLK            | Frequency: N/A       | Target:  24.0 MHz
Clock: CyILO                | Frequency: N/A       | Target:   0.0 MHz
Clock: CyIMO                | Frequency: N/A       | Target:   3.0 MHz
Clock: CyMASTER_CLK         | Frequency: N/A       | Target:  24.0 MHz
Clock: CyPLL_OUT            | Frequency: N/A       | Target:  24.0 MHz

======================================================================
                     End of Clock Summary
######################################################################
D2088: Phase 7, elapsed time : 0.2 (sec)

Final Design Statistics
    Number of Combinational MCs 	:	8
    Number of Sequential MCs    	:	14
    Number of DPs               	:	6
    Number of Controls          	:	3
    Number of Status            	:	1
    Number of SyncCells         	:	1
    Number of count7cells       	:	1
    Number of IOs       	:	7

Device Utilization Summary
    Macrocells                  :	22/192
    IOs                         :	7/72



######################################################################
Placement Timing Summary

The timing summary is based on estimated routing delays after
placement. For final timing report, please carry out the timing
analysis after routing.
======================================================================


######################################################################
                     Clock Summary 
======================================================================
Number of clocks: 7
Clock: CapSense_IntClock    | Frequency:  51.0 MHz | Target:  13.2 MHz
Clock: Clock_1              | Frequency:  81.0 MHz | Target:   0.0 MHz
Clock: CyBUS_CLK            | Frequency: N/A       | Target:  24.0 MHz
Clock: CyILO                | Frequency: N/A       | Target:   0.0 MHz
Clock: CyIMO                | Frequency: N/A       | Target:   3.0 MHz
Clock: CyMASTER_CLK         | Frequency: N/A       | Target:  24.0 MHz
Clock: CyPLL_OUT            | Frequency: N/A       | Target:  24.0 MHz

======================================================================
                     End of Clock Summary
######################################################################

Phase 8
D2088: Phase 8, elapsed time : 0.0 (sec)

D2054: Placement of the design completed successfully

I2076: Total run-time: 0.6 sec.

