ARM GAS  C:\Users\Tri94\AppData\Local\Temp\ccmODMM1.s 			page 1


   1              		.syntax unified
   2              		.cpu cortex-m3
   3              		.fpu softvfp
   4              		.eabi_attribute 20, 1
   5              		.eabi_attribute 21, 1
   6              		.eabi_attribute 23, 3
   7              		.eabi_attribute 24, 1
   8              		.eabi_attribute 25, 1
   9              		.eabi_attribute 26, 1
  10              		.eabi_attribute 30, 1
  11              		.eabi_attribute 34, 1
  12              		.eabi_attribute 18, 4
  13              		.thumb
  14              		.syntax unified
  15              		.file	"cymetadata.c"
  16              		.text
  17              	.Ltext0:
  18              		.cfi_sections	.debug_frame
  19              		.global	cy_metadata
  20              		.global	cy_meta_flashprotect
  21              		.global	cy_meta_wonvl
  22              		.global	cy_meta_custnvl
  23              		.global	cy_meta_configecc
  24              		.section	.cyconfigecc,"a",%progbits
  25              		.align	2
  26              		.type	cy_meta_configecc, %object
  27              		.size	cy_meta_configecc, 1104
  28              	cy_meta_configecc:
  29 0000 02       		.byte	2
  30 0001 52       		.byte	82
  31 0002 00       		.byte	0
  32 0003 40       		.byte	64
  33 0004 01       		.byte	1
  34 0005 64       		.byte	100
  35 0006 00       		.byte	0
  36 0007 40       		.byte	64
  37 0008 03       		.byte	3
  38 0009 65       		.byte	101
  39 000a 00       		.byte	0
  40 000b 40       		.byte	64
  41 000c 55       		.byte	85
  42 000d 08       		.byte	8
  43 000e 01       		.byte	1
  44 000f 40       		.byte	64
  45 0010 2D       		.byte	45
  46 0011 09       		.byte	9
  47 0012 01       		.byte	1
  48 0013 40       		.byte	64
  49 0014 01       		.byte	1
  50 0015 15       		.byte	21
  51 0016 01       		.byte	1
  52 0017 40       		.byte	64
  53 0018 01       		.byte	1
  54 0019 17       		.byte	23
  55 001a 01       		.byte	1
  56 001b 40       		.byte	64
  57 001c 57       		.byte	87
ARM GAS  C:\Users\Tri94\AppData\Local\Temp\ccmODMM1.s 			page 2


  58 001d 18       		.byte	24
  59 001e 01       		.byte	1
  60 001f 40       		.byte	64
  61 0020 46       		.byte	70
  62 0021 19       		.byte	25
  63 0022 01       		.byte	1
  64 0023 40       		.byte	64
  65 0024 53       		.byte	83
  66 0025 1A       		.byte	26
  67 0026 01       		.byte	1
  68 0027 40       		.byte	64
  69 0028 46       		.byte	70
  70 0029 1B       		.byte	27
  71 002a 01       		.byte	1
  72 002b 40       		.byte	64
  73 002c 03       		.byte	3
  74 002d 40       		.byte	64
  75 002e 01       		.byte	1
  76 002f 40       		.byte	64
  77 0030 02       		.byte	2
  78 0031 41       		.byte	65
  79 0032 01       		.byte	1
  80 0033 40       		.byte	64
  81 0034 02       		.byte	2
  82 0035 42       		.byte	66
  83 0036 01       		.byte	1
  84 0037 40       		.byte	64
  85 0038 02       		.byte	2
  86 0039 43       		.byte	67
  87 003a 01       		.byte	1
  88 003b 40       		.byte	64
  89 003c 02       		.byte	2
  90 003d 45       		.byte	69
  91 003e 01       		.byte	1
  92 003f 40       		.byte	64
  93 0040 01       		.byte	1
  94 0041 46       		.byte	70
  95 0042 01       		.byte	1
  96 0043 40       		.byte	64
  97 0044 01       		.byte	1
  98 0045 47       		.byte	71
  99 0046 01       		.byte	1
 100 0047 40       		.byte	64
 101 0048 03       		.byte	3
 102 0049 48       		.byte	72
 103 004a 01       		.byte	1
 104 004b 40       		.byte	64
 105 004c 03       		.byte	3
 106 004d 49       		.byte	73
 107 004e 01       		.byte	1
 108 004f 40       		.byte	64
 109 0050 04       		.byte	4
 110 0051 4C       		.byte	76
 111 0052 01       		.byte	1
 112 0053 40       		.byte	64
 113 0054 09       		.byte	9
 114 0055 4D       		.byte	77
ARM GAS  C:\Users\Tri94\AppData\Local\Temp\ccmODMM1.s 			page 3


 115 0056 01       		.byte	1
 116 0057 40       		.byte	64
 117 0058 04       		.byte	4
 118 0059 50       		.byte	80
 119 005a 01       		.byte	1
 120 005b 40       		.byte	64
 121 005c 01       		.byte	1
 122 005d 51       		.byte	81
 123 005e 01       		.byte	1
 124 005f 40       		.byte	64
 125 0060 10       		.byte	16
 126 0061 01       		.byte	1
 127 0062 11       		.byte	17
 128 0063 01       		.byte	1
 129 0064 89       		.byte	-119
 130 0065 72       		.byte	114
 131 0066 89       		.byte	-119
 132 0067 0F       		.byte	15
 133 0068 8A       		.byte	-118
 134 0069 38       		.byte	56
 135 006a 8B       		.byte	-117
 136 006b 0D       		.byte	13
 137 006c 18       		.byte	24
 138 006d 02       		.byte	2
 139 006e 2E       		.byte	46
 140 006f 01       		.byte	1
 141 0070 32       		.byte	50
 142 0071 02       		.byte	2
 143 0072 36       		.byte	54
 144 0073 01       		.byte	1
 145 0074 3E       		.byte	62
 146 0075 04       		.byte	4
 147 0076 40       		.byte	64
 148 0077 35       		.byte	53
 149 0078 41       		.byte	65
 150 0079 02       		.byte	2
 151 007a 46       		.byte	70
 152 007b CB       		.byte	-53
 153 007c 47       		.byte	71
 154 007d E0       		.byte	-32
 155 007e 48       		.byte	72
 156 007f 2C       		.byte	44
 157 0080 49       		.byte	73
 158 0081 FF       		.byte	-1
 159 0082 4A       		.byte	74
 160 0083 FF       		.byte	-1
 161 0084 4B       		.byte	75
 162 0085 FF       		.byte	-1
 163 0086 4E       		.byte	78
 164 0087 F0       		.byte	-16
 165 0088 4F       		.byte	79
 166 0089 44       		.byte	68
 167 008a 50       		.byte	80
 168 008b 0C       		.byte	12
 169 008c 52       		.byte	82
 170 008d 80       		.byte	-128
 171 008e 58       		.byte	88
ARM GAS  C:\Users\Tri94\AppData\Local\Temp\ccmODMM1.s 			page 4


 172 008f 04       		.byte	4
 173 0090 5A       		.byte	90
 174 0091 04       		.byte	4
 175 0092 5B       		.byte	91
 176 0093 04       		.byte	4
 177 0094 5D       		.byte	93
 178 0095 01       		.byte	1
 179 0096 5F       		.byte	95
 180 0097 01       		.byte	1
 181 0098 66       		.byte	102
 182 0099 C0       		.byte	-64
 183 009a 6A       		.byte	106
 184 009b 40       		.byte	64
 185 009c 6B       		.byte	107
 186 009d 02       		.byte	2
 187 009e 81       		.byte	-127
 188 009f 01       		.byte	1
 189 00a0 83       		.byte	-125
 190 00a1 0E       		.byte	14
 191 00a2 85       		.byte	-123
 192 00a3 67       		.byte	103
 193 00a4 86       		.byte	-122
 194 00a5 02       		.byte	2
 195 00a6 89       		.byte	-119
 196 00a7 67       		.byte	103
 197 00a8 8A       		.byte	-118
 198 00a9 08       		.byte	8
 199 00aa 8E       		.byte	-114
 200 00ab 02       		.byte	2
 201 00ac 92       		.byte	-110
 202 00ad 08       		.byte	8
 203 00ae 94       		.byte	-108
 204 00af 02       		.byte	2
 205 00b0 95       		.byte	-107
 206 00b1 44       		.byte	68
 207 00b2 97       		.byte	-105
 208 00b3 31       		.byte	49
 209 00b4 98       		.byte	-104
 210 00b5 02       		.byte	2
 211 00b6 9E       		.byte	-98
 212 00b7 02       		.byte	2
 213 00b8 A0       		.byte	-96
 214 00b9 01       		.byte	1
 215 00ba A4       		.byte	-92
 216 00bb 04       		.byte	4
 217 00bc A5       		.byte	-91
 218 00bd 22       		.byte	34
 219 00be A7       		.byte	-89
 220 00bf 51       		.byte	81
 221 00c0 A8       		.byte	-88
 222 00c1 04       		.byte	4
 223 00c2 AC       		.byte	-84
 224 00c3 04       		.byte	4
 225 00c4 B0       		.byte	-80
 226 00c5 08       		.byte	8
 227 00c6 B1       		.byte	-79
 228 00c7 07       		.byte	7
ARM GAS  C:\Users\Tri94\AppData\Local\Temp\ccmODMM1.s 			page 5


 229 00c8 B2       		.byte	-78
 230 00c9 01       		.byte	1
 231 00ca B3       		.byte	-77
 232 00cb 60       		.byte	96
 233 00cc B4       		.byte	-76
 234 00cd 02       		.byte	2
 235 00ce B6       		.byte	-74
 236 00cf 04       		.byte	4
 237 00d0 B7       		.byte	-73
 238 00d1 18       		.byte	24
 239 00d2 BE       		.byte	-66
 240 00d3 15       		.byte	21
 241 00d4 BF       		.byte	-65
 242 00d5 40       		.byte	64
 243 00d6 C0       		.byte	-64
 244 00d7 35       		.byte	53
 245 00d8 C1       		.byte	-63
 246 00d9 06       		.byte	6
 247 00da C2       		.byte	-62
 248 00db 04       		.byte	4
 249 00dc C4       		.byte	-60
 250 00dd 01       		.byte	1
 251 00de C5       		.byte	-59
 252 00df 0C       		.byte	12
 253 00e0 C6       		.byte	-58
 254 00e1 E0       		.byte	-32
 255 00e2 C8       		.byte	-56
 256 00e3 09       		.byte	9
 257 00e4 C9       		.byte	-55
 258 00e5 FF       		.byte	-1
 259 00e6 CA       		.byte	-54
 260 00e7 FF       		.byte	-1
 261 00e8 CB       		.byte	-53
 262 00e9 FF       		.byte	-1
 263 00ea CC       		.byte	-52
 264 00eb 62       		.byte	98
 265 00ec CD       		.byte	-51
 266 00ed A0       		.byte	-96
 267 00ee CE       		.byte	-50
 268 00ef F0       		.byte	-16
 269 00f0 CF       		.byte	-49
 270 00f1 41       		.byte	65
 271 00f2 D0       		.byte	-48
 272 00f3 0C       		.byte	12
 273 00f4 D6       		.byte	-42
 274 00f5 02       		.byte	2
 275 00f6 D7       		.byte	-41
 276 00f7 12       		.byte	18
 277 00f8 D8       		.byte	-40
 278 00f9 04       		.byte	4
 279 00fa D9       		.byte	-39
 280 00fb 04       		.byte	4
 281 00fc DA       		.byte	-38
 282 00fd 04       		.byte	4
 283 00fe DB       		.byte	-37
 284 00ff 04       		.byte	4
 285 0100 DC       		.byte	-36
ARM GAS  C:\Users\Tri94\AppData\Local\Temp\ccmODMM1.s 			page 6


 286 0101 11       		.byte	17
 287 0102 DD       		.byte	-35
 288 0103 11       		.byte	17
 289 0104 DF       		.byte	-33
 290 0105 01       		.byte	1
 291 0106 E6       		.byte	-26
 292 0107 40       		.byte	64
 293 0108 E7       		.byte	-25
 294 0109 02       		.byte	2
 295 010a E9       		.byte	-23
 296 010b 10       		.byte	16
 297 010c EA       		.byte	-22
 298 010d 30       		.byte	48
 299 010e EB       		.byte	-21
 300 010f 10       		.byte	16
 301 0110 ED       		.byte	-19
 302 0111 10       		.byte	16
 303 0112 EE       		.byte	-18
 304 0113 10       		.byte	16
 305 0114 EF       		.byte	-17
 306 0115 12       		.byte	18
 307 0116 00       		.byte	0
 308 0117 20       		.byte	32
 309 0118 02       		.byte	2
 310 0119 10       		.byte	16
 311 011a 03       		.byte	3
 312 011b 01       		.byte	1
 313 011c 09       		.byte	9
 314 011d 14       		.byte	20
 315 011e 0A       		.byte	10
 316 011f C2       		.byte	-62
 317 0120 0B       		.byte	11
 318 0121 29       		.byte	41
 319 0122 0E       		.byte	14
 320 0123 04       		.byte	4
 321 0124 11       		.byte	17
 322 0125 56       		.byte	86
 323 0126 17       		.byte	23
 324 0127 80       		.byte	-128
 325 0128 19       		.byte	25
 326 0129 84       		.byte	-124
 327 012a 1B       		.byte	27
 328 012b 11       		.byte	17
 329 012c 1F       		.byte	31
 330 012d 48       		.byte	72
 331 012e 20       		.byte	32
 332 012f 01       		.byte	1
 333 0130 21       		.byte	33
 334 0131 09       		.byte	9
 335 0132 28       		.byte	40
 336 0133 20       		.byte	32
 337 0134 31       		.byte	49
 338 0135 08       		.byte	8
 339 0136 39       		.byte	57
 340 0137 17       		.byte	23
 341 0138 40       		.byte	64
 342 0139 11       		.byte	17
ARM GAS  C:\Users\Tri94\AppData\Local\Temp\ccmODMM1.s 			page 7


 343 013a 42       		.byte	66
 344 013b 40       		.byte	64
 345 013c 45       		.byte	69
 346 013d 14       		.byte	20
 347 013e 48       		.byte	72
 348 013f 10       		.byte	16
 349 0140 49       		.byte	73
 350 0141 A0       		.byte	-96
 351 0142 4E       		.byte	78
 352 0143 01       		.byte	1
 353 0144 53       		.byte	83
 354 0145 20       		.byte	32
 355 0146 55       		.byte	85
 356 0147 01       		.byte	1
 357 0148 56       		.byte	86
 358 0149 90       		.byte	-112
 359 014a 59       		.byte	89
 360 014b 08       		.byte	8
 361 014c 69       		.byte	105
 362 014d 54       		.byte	84
 363 014e 70       		.byte	112
 364 014f 08       		.byte	8
 365 0150 72       		.byte	114
 366 0151 02       		.byte	2
 367 0152 73       		.byte	115
 368 0153 04       		.byte	4
 369 0154 77       		.byte	119
 370 0155 80       		.byte	-128
 371 0156 7C       		.byte	124
 372 0157 02       		.byte	2
 373 0158 7D       		.byte	125
 374 0159 02       		.byte	2
 375 015a 8C       		.byte	-116
 376 015b 80       		.byte	-128
 377 015c 8F       		.byte	-113
 378 015d 10       		.byte	16
 379 015e C0       		.byte	-64
 380 015f 07       		.byte	7
 381 0160 C2       		.byte	-62
 382 0161 4F       		.byte	79
 383 0162 C4       		.byte	-60
 384 0163 8F       		.byte	-113
 385 0164 CA       		.byte	-54
 386 0165 02       		.byte	2
 387 0166 CC       		.byte	-52
 388 0167 02       		.byte	2
 389 0168 CE       		.byte	-50
 390 0169 07       		.byte	7
 391 016a D0       		.byte	-48
 392 016b 6B       		.byte	107
 393 016c D2       		.byte	-46
 394 016d 1C       		.byte	28
 395 016e D6       		.byte	-42
 396 016f 02       		.byte	2
 397 0170 E6       		.byte	-26
 398 0171 02       		.byte	2
 399 0172 E6       		.byte	-26
ARM GAS  C:\Users\Tri94\AppData\Local\Temp\ccmODMM1.s 			page 8


 400 0173 40       		.byte	64
 401 0174 00       		.byte	0
 402 0175 14       		.byte	20
 403 0176 01       		.byte	1
 404 0177 80       		.byte	-128
 405 0178 03       		.byte	3
 406 0179 13       		.byte	19
 407 017a 08       		.byte	8
 408 017b 09       		.byte	9
 409 017c 0A       		.byte	10
 410 017d D0       		.byte	-48
 411 017e 0B       		.byte	11
 412 017f 08       		.byte	8
 413 0180 0C       		.byte	12
 414 0181 DC       		.byte	-36
 415 0182 0E       		.byte	14
 416 0183 22       		.byte	34
 417 0184 11       		.byte	17
 418 0185 2C       		.byte	44
 419 0186 13       		.byte	19
 420 0187 43       		.byte	67
 421 0188 14       		.byte	20
 422 0189 0C       		.byte	12
 423 018a 16       		.byte	22
 424 018b 71       		.byte	113
 425 018c 17       		.byte	23
 426 018d 0C       		.byte	12
 427 018e 1A       		.byte	26
 428 018f 03       		.byte	3
 429 0190 1E       		.byte	30
 430 0191 20       		.byte	32
 431 0192 24       		.byte	36
 432 0193 10       		.byte	16
 433 0194 25       		.byte	37
 434 0195 71       		.byte	113
 435 0196 26       		.byte	38
 436 0197 40       		.byte	64
 437 0198 27       		.byte	39
 438 0199 06       		.byte	6
 439 019a 28       		.byte	40
 440 019b 10       		.byte	16
 441 019c 29       		.byte	41
 442 019d 71       		.byte	113
 443 019e 2A       		.byte	42
 444 019f AC       		.byte	-84
 445 01a0 2B       		.byte	43
 446 01a1 0E       		.byte	14
 447 01a2 32       		.byte	50
 448 01a3 E0       		.byte	-32
 449 01a4 33       		.byte	51
 450 01a5 30       		.byte	48
 451 01a6 34       		.byte	52
 452 01a7 1F       		.byte	31
 453 01a8 35       		.byte	53
 454 01a9 C0       		.byte	-64
 455 01aa 37       		.byte	55
 456 01ab 0F       		.byte	15
ARM GAS  C:\Users\Tri94\AppData\Local\Temp\ccmODMM1.s 			page 9


 457 01ac 39       		.byte	57
 458 01ad 28       		.byte	40
 459 01ae 3A       		.byte	58
 460 01af 08       		.byte	8
 461 01b0 3B       		.byte	59
 462 01b1 80       		.byte	-128
 463 01b2 3F       		.byte	63
 464 01b3 04       		.byte	4
 465 01b4 40       		.byte	64
 466 01b5 02       		.byte	2
 467 01b6 46       		.byte	70
 468 01b7 40       		.byte	64
 469 01b8 49       		.byte	73
 470 01b9 FF       		.byte	-1
 471 01ba 4A       		.byte	74
 472 01bb 07       		.byte	7
 473 01bc 4B       		.byte	75
 474 01bd FF       		.byte	-1
 475 01be 4C       		.byte	76
 476 01bf 40       		.byte	64
 477 01c0 4D       		.byte	77
 478 01c1 20       		.byte	32
 479 01c2 4E       		.byte	78
 480 01c3 F0       		.byte	-16
 481 01c4 4F       		.byte	79
 482 01c5 05       		.byte	5
 483 01c6 50       		.byte	80
 484 01c7 08       		.byte	8
 485 01c8 58       		.byte	88
 486 01c9 04       		.byte	4
 487 01ca 59       		.byte	89
 488 01cb 04       		.byte	4
 489 01cc 5A       		.byte	90
 490 01cd 04       		.byte	4
 491 01ce 5C       		.byte	92
 492 01cf 11       		.byte	17
 493 01d0 5D       		.byte	93
 494 01d1 01       		.byte	1
 495 01d2 5F       		.byte	95
 496 01d3 01       		.byte	1
 497 01d4 60       		.byte	96
 498 01d5 40       		.byte	64
 499 01d6 61       		.byte	97
 500 01d7 A8       		.byte	-88
 501 01d8 62       		.byte	98
 502 01d9 40       		.byte	64
 503 01da 63       		.byte	99
 504 01db 20       		.byte	32
 505 01dc 81       		.byte	-127
 506 01dd 04       		.byte	4
 507 01de 85       		.byte	-123
 508 01df 02       		.byte	2
 509 01e0 86       		.byte	-122
 510 01e1 02       		.byte	2
 511 01e2 88       		.byte	-120
 512 01e3 01       		.byte	1
 513 01e4 89       		.byte	-119
ARM GAS  C:\Users\Tri94\AppData\Local\Temp\ccmODMM1.s 			page 10


 514 01e5 39       		.byte	57
 515 01e6 8B       		.byte	-117
 516 01e7 06       		.byte	6
 517 01e8 8C       		.byte	-116
 518 01e9 01       		.byte	1
 519 01ea 8D       		.byte	-115
 520 01eb 36       		.byte	54
 521 01ec 8F       		.byte	-113
 522 01ed 09       		.byte	9
 523 01ee 95       		.byte	-107
 524 01ef 06       		.byte	6
 525 01f0 99       		.byte	-103
 526 01f1 20       		.byte	32
 527 01f2 9C       		.byte	-100
 528 01f3 01       		.byte	1
 529 01f4 9D       		.byte	-99
 530 01f5 30       		.byte	48
 531 01f6 A1       		.byte	-95
 532 01f7 0E       		.byte	14
 533 01f8 A3       		.byte	-93
 534 01f9 31       		.byte	49
 535 01fa A5       		.byte	-91
 536 01fb 10       		.byte	16
 537 01fc A8       		.byte	-88
 538 01fd 01       		.byte	1
 539 01fe A9       		.byte	-87
 540 01ff 3F       		.byte	63
 541 0200 AE       		.byte	-82
 542 0201 02       		.byte	2
 543 0202 AF       		.byte	-81
 544 0203 39       		.byte	57
 545 0204 B1       		.byte	-79
 546 0205 07       		.byte	7
 547 0206 B2       		.byte	-78
 548 0207 01       		.byte	1
 549 0208 B3       		.byte	-77
 550 0209 36       		.byte	54
 551 020a B4       		.byte	-76
 552 020b 02       		.byte	2
 553 020c B7       		.byte	-73
 554 020d 0E       		.byte	14
 555 020e BB       		.byte	-69
 556 020f 0A       		.byte	10
 557 0210 BE       		.byte	-66
 558 0211 14       		.byte	20
 559 0212 D4       		.byte	-44
 560 0213 01       		.byte	1
 561 0214 D6       		.byte	-42
 562 0215 04       		.byte	4
 563 0216 D8       		.byte	-40
 564 0217 04       		.byte	4
 565 0218 D9       		.byte	-39
 566 0219 04       		.byte	4
 567 021a DB       		.byte	-37
 568 021b 04       		.byte	4
 569 021c DC       		.byte	-36
 570 021d 10       		.byte	16
ARM GAS  C:\Users\Tri94\AppData\Local\Temp\ccmODMM1.s 			page 11


 571 021e DD       		.byte	-35
 572 021f 10       		.byte	16
 573 0220 DF       		.byte	-33
 574 0221 01       		.byte	1
 575 0222 00       		.byte	0
 576 0223 80       		.byte	-128
 577 0224 01       		.byte	1
 578 0225 60       		.byte	96
 579 0226 03       		.byte	3
 580 0227 20       		.byte	32
 581 0228 06       		.byte	6
 582 0229 80       		.byte	-128
 583 022a 07       		.byte	7
 584 022b 05       		.byte	5
 585 022c 08       		.byte	8
 586 022d 40       		.byte	64
 587 022e 0A       		.byte	10
 588 022f 01       		.byte	1
 589 0230 0E       		.byte	14
 590 0231 14       		.byte	20
 591 0232 0F       		.byte	15
 592 0233 01       		.byte	1
 593 0234 11       		.byte	17
 594 0235 01       		.byte	1
 595 0236 12       		.byte	18
 596 0237 8A       		.byte	-118
 597 0238 16       		.byte	22
 598 0239 28       		.byte	40
 599 023a 19       		.byte	25
 600 023b 18       		.byte	24
 601 023c 1E       		.byte	30
 602 023d 14       		.byte	20
 603 023e 1F       		.byte	31
 604 023f 04       		.byte	4
 605 0240 20       		.byte	32
 606 0241 90       		.byte	-112
 607 0242 21       		.byte	33
 608 0243 08       		.byte	8
 609 0244 22       		.byte	34
 610 0245 48       		.byte	72
 611 0246 27       		.byte	39
 612 0247 25       		.byte	37
 613 0248 28       		.byte	40
 614 0249 60       		.byte	96
 615 024a 29       		.byte	41
 616 024b A0       		.byte	-96
 617 024c 2D       		.byte	45
 618 024d 10       		.byte	16
 619 024e 2E       		.byte	46
 620 024f 08       		.byte	8
 621 0250 2F       		.byte	47
 622 0251 14       		.byte	20
 623 0252 30       		.byte	48
 624 0253 28       		.byte	40
 625 0254 32       		.byte	50
 626 0255 80       		.byte	-128
 627 0256 37       		.byte	55
ARM GAS  C:\Users\Tri94\AppData\Local\Temp\ccmODMM1.s 			page 12


 628 0257 05       		.byte	5
 629 0258 38       		.byte	56
 630 0259 10       		.byte	16
 631 025a 39       		.byte	57
 632 025b 40       		.byte	64
 633 025c 3A       		.byte	58
 634 025d 02       		.byte	2
 635 025e 3B       		.byte	59
 636 025f 04       		.byte	4
 637 0260 3E       		.byte	62
 638 0261 20       		.byte	32
 639 0262 3F       		.byte	63
 640 0263 01       		.byte	1
 641 0264 44       		.byte	68
 642 0265 10       		.byte	16
 643 0266 46       		.byte	70
 644 0267 10       		.byte	16
 645 0268 47       		.byte	71
 646 0269 20       		.byte	32
 647 026a 4C       		.byte	76
 648 026b 80       		.byte	-128
 649 026c 4F       		.byte	79
 650 026d 01       		.byte	1
 651 026e 56       		.byte	86
 652 026f 20       		.byte	32
 653 0270 58       		.byte	88
 654 0271 92       		.byte	-110
 655 0272 59       		.byte	89
 656 0273 04       		.byte	4
 657 0274 61       		.byte	97
 658 0275 01       		.byte	1
 659 0276 88       		.byte	-120
 660 0277 21       		.byte	33
 661 0278 8D       		.byte	-115
 662 0279 01       		.byte	1
 663 027a 91       		.byte	-111
 664 027b 01       		.byte	1
 665 027c 93       		.byte	-109
 666 027d 84       		.byte	-124
 667 027e 94       		.byte	-108
 668 027f 10       		.byte	16
 669 0280 96       		.byte	-106
 670 0281 84       		.byte	-124
 671 0282 97       		.byte	-105
 672 0283 29       		.byte	41
 673 0284 98       		.byte	-104
 674 0285 83       		.byte	-125
 675 0286 99       		.byte	-103
 676 0287 84       		.byte	-124
 677 0288 9A       		.byte	-102
 678 0289 92       		.byte	-110
 679 028a 9C       		.byte	-100
 680 028b 20       		.byte	32
 681 028c 9D       		.byte	-99
 682 028d 28       		.byte	40
 683 028e 9F       		.byte	-97
 684 028f 01       		.byte	1
ARM GAS  C:\Users\Tri94\AppData\Local\Temp\ccmODMM1.s 			page 13


 685 0290 A0       		.byte	-96
 686 0291 08       		.byte	8
 687 0292 A3       		.byte	-93
 688 0293 21       		.byte	33
 689 0294 B0       		.byte	-80
 690 0295 01       		.byte	1
 691 0296 B1       		.byte	-79
 692 0297 08       		.byte	8
 693 0298 B3       		.byte	-77
 694 0299 08       		.byte	8
 695 029a C0       		.byte	-64
 696 029b D7       		.byte	-41
 697 029c C2       		.byte	-62
 698 029d E1       		.byte	-31
 699 029e C4       		.byte	-60
 700 029f 63       		.byte	99
 701 02a0 CA       		.byte	-54
 702 02a1 6F       		.byte	111
 703 02a2 CC       		.byte	-52
 704 02a3 CE       		.byte	-50
 705 02a4 CE       		.byte	-50
 706 02a5 AF       		.byte	-81
 707 02a6 D0       		.byte	-48
 708 02a7 20       		.byte	32
 709 02a8 D6       		.byte	-42
 710 02a9 0F       		.byte	15
 711 02aa D8       		.byte	-40
 712 02ab 01       		.byte	1
 713 02ac E6       		.byte	-26
 714 02ad 40       		.byte	64
 715 02ae 00       		.byte	0
 716 02af 03       		.byte	3
 717 02b0 04       		.byte	4
 718 02b1 FB       		.byte	-5
 719 02b2 0A       		.byte	10
 720 02b3 20       		.byte	32
 721 02b4 0B       		.byte	11
 722 02b5 02       		.byte	2
 723 02b6 0E       		.byte	14
 724 02b7 1B       		.byte	27
 725 02b8 0F       		.byte	15
 726 02b9 02       		.byte	2
 727 02ba 10       		.byte	16
 728 02bb 02       		.byte	2
 729 02bc 13       		.byte	19
 730 02bd 01       		.byte	1
 731 02be 14       		.byte	20
 732 02bf 3B       		.byte	59
 733 02c0 15       		.byte	21
 734 02c1 01       		.byte	1
 735 02c2 16       		.byte	22
 736 02c3 C0       		.byte	-64
 737 02c4 18       		.byte	24
 738 02c5 21       		.byte	33
 739 02c6 1A       		.byte	26
 740 02c7 04       		.byte	4
 741 02c8 1C       		.byte	28
ARM GAS  C:\Users\Tri94\AppData\Local\Temp\ccmODMM1.s 			page 14


 742 02c9 E0       		.byte	-32
 743 02ca 1E       		.byte	30
 744 02cb 13       		.byte	19
 745 02cc 20       		.byte	32
 746 02cd 80       		.byte	-128
 747 02ce 23       		.byte	35
 748 02cf 01       		.byte	1
 749 02d0 24       		.byte	36
 750 02d1 40       		.byte	64
 751 02d2 28       		.byte	40
 752 02d3 C0       		.byte	-64
 753 02d4 29       		.byte	41
 754 02d5 01       		.byte	1
 755 02d6 2C       		.byte	44
 756 02d7 E0       		.byte	-32
 757 02d8 2E       		.byte	46
 758 02d9 0B       		.byte	11
 759 02da 30       		.byte	48
 760 02db 03       		.byte	3
 761 02dc 31       		.byte	49
 762 02dd 01       		.byte	1
 763 02de 32       		.byte	50
 764 02df 04       		.byte	4
 765 02e0 35       		.byte	53
 766 02e1 02       		.byte	2
 767 02e2 36       		.byte	54
 768 02e3 F8       		.byte	-8
 769 02e4 39       		.byte	57
 770 02e5 02       		.byte	2
 771 02e6 3A       		.byte	58
 772 02e7 A0       		.byte	-96
 773 02e8 3F       		.byte	63
 774 02e9 10       		.byte	16
 775 02ea 54       		.byte	84
 776 02eb 18       		.byte	24
 777 02ec 56       		.byte	86
 778 02ed 04       		.byte	4
 779 02ee 58       		.byte	88
 780 02ef 04       		.byte	4
 781 02f0 59       		.byte	89
 782 02f1 04       		.byte	4
 783 02f2 5B       		.byte	91
 784 02f3 04       		.byte	4
 785 02f4 5C       		.byte	92
 786 02f5 11       		.byte	17
 787 02f6 5D       		.byte	93
 788 02f7 10       		.byte	16
 789 02f8 5F       		.byte	95
 790 02f9 01       		.byte	1
 791 02fa 84       		.byte	-124
 792 02fb 03       		.byte	3
 793 02fc 86       		.byte	-122
 794 02fd 04       		.byte	4
 795 02fe 87       		.byte	-121
 796 02ff 07       		.byte	7
 797 0300 8A       		.byte	-118
 798 0301 08       		.byte	8
ARM GAS  C:\Users\Tri94\AppData\Local\Temp\ccmODMM1.s 			page 15


 799 0302 98       		.byte	-104
 800 0303 03       		.byte	3
 801 0304 99       		.byte	-103
 802 0305 04       		.byte	4
 803 0306 9A       		.byte	-102
 804 0307 0C       		.byte	12
 805 0308 9E       		.byte	-98
 806 0309 05       		.byte	5
 807 030a A0       		.byte	-96
 808 030b 0A       		.byte	10
 809 030c A2       		.byte	-94
 810 030d 04       		.byte	4
 811 030e A3       		.byte	-93
 812 030f 01       		.byte	1
 813 0310 A8       		.byte	-88
 814 0311 03       		.byte	3
 815 0312 AA       		.byte	-86
 816 0313 04       		.byte	4
 817 0314 B3       		.byte	-77
 818 0315 02       		.byte	2
 819 0316 B4       		.byte	-76
 820 0317 0F       		.byte	15
 821 0318 B5       		.byte	-75
 822 0319 01       		.byte	1
 823 031a B7       		.byte	-73
 824 031b 04       		.byte	4
 825 031c BA       		.byte	-70
 826 031d 20       		.byte	32
 827 031e C0       		.byte	-64
 828 031f 40       		.byte	64
 829 0320 C1       		.byte	-63
 830 0321 03       		.byte	3
 831 0322 C5       		.byte	-59
 832 0323 D1       		.byte	-47
 833 0324 C6       		.byte	-58
 834 0325 20       		.byte	32
 835 0326 C8       		.byte	-56
 836 0327 0B       		.byte	11
 837 0328 C9       		.byte	-55
 838 0329 FF       		.byte	-1
 839 032a CA       		.byte	-54
 840 032b FF       		.byte	-1
 841 032c CB       		.byte	-53
 842 032d FF       		.byte	-1
 843 032e CD       		.byte	-51
 844 032f A0       		.byte	-96
 845 0330 CF       		.byte	-49
 846 0331 04       		.byte	4
 847 0332 D0       		.byte	-48
 848 0333 18       		.byte	24
 849 0334 D4       		.byte	-44
 850 0335 05       		.byte	5
 851 0336 D8       		.byte	-40
 852 0337 04       		.byte	4
 853 0338 D9       		.byte	-39
 854 0339 04       		.byte	4
 855 033a DA       		.byte	-38
ARM GAS  C:\Users\Tri94\AppData\Local\Temp\ccmODMM1.s 			page 16


 856 033b 04       		.byte	4
 857 033c DB       		.byte	-37
 858 033d 04       		.byte	4
 859 033e DC       		.byte	-36
 860 033f 01       		.byte	1
 861 0340 DF       		.byte	-33
 862 0341 01       		.byte	1
 863 0342 E0       		.byte	-32
 864 0343 40       		.byte	64
 865 0344 E2       		.byte	-30
 866 0345 C0       		.byte	-64
 867 0346 E4       		.byte	-28
 868 0347 40       		.byte	64
 869 0348 E5       		.byte	-27
 870 0349 40       		.byte	64
 871 034a E6       		.byte	-26
 872 034b C0       		.byte	-64
 873 034c E8       		.byte	-24
 874 034d C0       		.byte	-64
 875 034e EA       		.byte	-22
 876 034f C0       		.byte	-64
 877 0350 EC       		.byte	-20
 878 0351 C0       		.byte	-64
 879 0352 EE       		.byte	-18
 880 0353 C0       		.byte	-64
 881 0354 01       		.byte	1
 882 0355 81       		.byte	-127
 883 0356 03       		.byte	3
 884 0357 28       		.byte	40
 885 0358 06       		.byte	6
 886 0359 12       		.byte	18
 887 035a 07       		.byte	7
 888 035b 06       		.byte	6
 889 035c 08       		.byte	8
 890 035d 21       		.byte	33
 891 035e 09       		.byte	9
 892 035f 08       		.byte	8
 893 0360 0A       		.byte	10
 894 0361 01       		.byte	1
 895 0362 0C       		.byte	12
 896 0363 80       		.byte	-128
 897 0364 0E       		.byte	14
 898 0365 04       		.byte	4
 899 0366 10       		.byte	16
 900 0367 08       		.byte	8
 901 0368 11       		.byte	17
 902 0369 40       		.byte	64
 903 036a 12       		.byte	18
 904 036b 01       		.byte	1
 905 036c 13       		.byte	19
 906 036d 06       		.byte	6
 907 036e 15       		.byte	21
 908 036f 10       		.byte	16
 909 0370 17       		.byte	23
 910 0371 01       		.byte	1
 911 0372 19       		.byte	25
 912 0373 21       		.byte	33
ARM GAS  C:\Users\Tri94\AppData\Local\Temp\ccmODMM1.s 			page 17


 913 0374 1A       		.byte	26
 914 0375 03       		.byte	3
 915 0376 1B       		.byte	27
 916 0377 28       		.byte	40
 917 0378 1E       		.byte	30
 918 0379 04       		.byte	4
 919 037a 1F       		.byte	31
 920 037b 10       		.byte	16
 921 037c 22       		.byte	34
 922 037d 02       		.byte	2
 923 037e 23       		.byte	35
 924 037f 08       		.byte	8
 925 0380 26       		.byte	38
 926 0381 60       		.byte	96
 927 0382 27       		.byte	39
 928 0383 20       		.byte	32
 929 0384 29       		.byte	41
 930 0385 20       		.byte	32
 931 0386 2A       		.byte	42
 932 0387 01       		.byte	1
 933 0388 2F       		.byte	47
 934 0389 40       		.byte	64
 935 038a 31       		.byte	49
 936 038b 08       		.byte	8
 937 038c 32       		.byte	50
 938 038d 01       		.byte	1
 939 038e 37       		.byte	55
 940 038f 20       		.byte	32
 941 0390 3A       		.byte	58
 942 0391 A0       		.byte	-96
 943 0392 3B       		.byte	59
 944 0393 80       		.byte	-128
 945 0394 3F       		.byte	63
 946 0395 08       		.byte	8
 947 0396 46       		.byte	70
 948 0397 A0       		.byte	-96
 949 0398 4D       		.byte	77
 950 0399 02       		.byte	2
 951 039a 4F       		.byte	79
 952 039b 08       		.byte	8
 953 039c 56       		.byte	86
 954 039d 20       		.byte	32
 955 039e 59       		.byte	89
 956 039f 01       		.byte	1
 957 03a0 5D       		.byte	93
 958 03a1 02       		.byte	2
 959 03a2 5E       		.byte	94
 960 03a3 80       		.byte	-128
 961 03a4 5F       		.byte	95
 962 03a5 08       		.byte	8
 963 03a6 61       		.byte	97
 964 03a7 10       		.byte	16
 965 03a8 63       		.byte	99
 966 03a9 42       		.byte	66
 967 03aa 82       		.byte	-126
 968 03ab 20       		.byte	32
 969 03ac 87       		.byte	-121
ARM GAS  C:\Users\Tri94\AppData\Local\Temp\ccmODMM1.s 			page 18


 970 03ad 40       		.byte	64
 971 03ae 8C       		.byte	-116
 972 03af 20       		.byte	32
 973 03b0 91       		.byte	-111
 974 03b1 51       		.byte	81
 975 03b2 93       		.byte	-109
 976 03b3 84       		.byte	-124
 977 03b4 96       		.byte	-106
 978 03b5 01       		.byte	1
 979 03b6 97       		.byte	-105
 980 03b7 20       		.byte	32
 981 03b8 98       		.byte	-104
 982 03b9 01       		.byte	1
 983 03ba 99       		.byte	-103
 984 03bb 90       		.byte	-112
 985 03bc 9A       		.byte	-102
 986 03bd 12       		.byte	18
 987 03be 9B       		.byte	-101
 988 03bf 05       		.byte	5
 989 03c0 9C       		.byte	-100
 990 03c1 20       		.byte	32
 991 03c2 9D       		.byte	-99
 992 03c3 20       		.byte	32
 993 03c4 A0       		.byte	-96
 994 03c5 88       		.byte	-120
 995 03c6 A1       		.byte	-95
 996 03c7 08       		.byte	8
 997 03c8 A3       		.byte	-93
 998 03c9 01       		.byte	1
 999 03ca A6       		.byte	-90
 1000 03cb 02       		.byte	2
 1001 03cc C0       		.byte	-64
 1002 03cd 6F       		.byte	111
 1003 03ce C2       		.byte	-62
 1004 03cf CF       		.byte	-49
 1005 03d0 C4       		.byte	-60
 1006 03d1 5F       		.byte	95
 1007 03d2 CA       		.byte	-54
 1008 03d3 85       		.byte	-123
 1009 03d4 CC       		.byte	-52
 1010 03d5 23       		.byte	35
 1011 03d6 CE       		.byte	-50
 1012 03d7 4C       		.byte	76
 1013 03d8 D0       		.byte	-48
 1014 03d9 C0       		.byte	-64
 1015 03da D6       		.byte	-42
 1016 03db D1       		.byte	-47
 1017 03dc D8       		.byte	-40
 1018 03dd 0D       		.byte	13
 1019 03de E4       		.byte	-28
 1020 03df 01       		.byte	1
 1021 03e0 32       		.byte	50
 1022 03e1 20       		.byte	32
 1023 03e2 37       		.byte	55
 1024 03e3 10       		.byte	16
 1025 03e4 CC       		.byte	-52
 1026 03e5 30       		.byte	48
ARM GAS  C:\Users\Tri94\AppData\Local\Temp\ccmODMM1.s 			page 19


 1027 03e6 9F       		.byte	-97
 1028 03e7 10       		.byte	16
 1029 03e8 A6       		.byte	-90
 1030 03e9 20       		.byte	32
 1031 03ea 9F       		.byte	-97
 1032 03eb 10       		.byte	16
 1033 03ec A6       		.byte	-90
 1034 03ed 20       		.byte	32
 1035 03ee 9F       		.byte	-97
 1036 03ef 10       		.byte	16
 1037 03f0 A6       		.byte	-90
 1038 03f1 20       		.byte	32
 1039 03f2 5C       		.byte	92
 1040 03f3 80       		.byte	-128
 1041 03f4 D6       		.byte	-42
 1042 03f5 04       		.byte	4
 1043 03f6 9C       		.byte	-100
 1044 03f7 80       		.byte	-128
 1045 03f8 9C       		.byte	-100
 1046 03f9 80       		.byte	-128
 1047 03fa 8F       		.byte	-113
 1048 03fb 10       		.byte	16
 1049 03fc 9F       		.byte	-97
 1050 03fd 10       		.byte	16
 1051 03fe A6       		.byte	-90
 1052 03ff 20       		.byte	32
 1053 0400 86       		.byte	-122
 1054 0401 20       		.byte	32
 1055 0402 A6       		.byte	-90
 1056 0403 20       		.byte	32
 1057 0404 E6       		.byte	-26
 1058 0405 40       		.byte	64
 1059 0406 9C       		.byte	-100
 1060 0407 80       		.byte	-128
 1061 0408 A0       		.byte	-96
 1062 0409 04       		.byte	4
 1063 040a B0       		.byte	-80
 1064 040b 04       		.byte	4
 1065 040c E8       		.byte	-24
 1066 040d 04       		.byte	4
 1067 040e 12       		.byte	18
 1068 040f 80       		.byte	-128
 1069 0410 74       		.byte	116
 1070 0411 04       		.byte	4
 1071 0412 80       		.byte	-128
 1072 0413 80       		.byte	-128
 1073 0414 8E       		.byte	-114
 1074 0415 80       		.byte	-128
 1075 0416 9C       		.byte	-100
 1076 0417 80       		.byte	-128
 1077 0418 A0       		.byte	-96
 1078 0419 04       		.byte	4
 1079 041a C4       		.byte	-60
 1080 041b 08       		.byte	8
 1081 041c DE       		.byte	-34
 1082 041d 04       		.byte	4
 1083 041e E2       		.byte	-30
ARM GAS  C:\Users\Tri94\AppData\Local\Temp\ccmODMM1.s 			page 20


 1084 041f 02       		.byte	2
 1085 0420 00       		.byte	0
 1086 0421 03       		.byte	3
 1087 0422 0C       		.byte	12
 1088 0423 03       		.byte	3
 1089 0424 10       		.byte	16
 1090 0425 03       		.byte	3
 1091 0426 1C       		.byte	28
 1092 0427 03       		.byte	3
 1093 0428 00       		.byte	0
 1094 0429 0F       		.byte	15
 1095 042a 00       		.byte	0
 1096 042b 00       		.byte	0
 1097 042c 80       		.byte	-128
 1098 042d 80       		.byte	-128
 1099 042e 00       		.byte	0
 1100 042f 00       		.byte	0
 1101 0430 40       		.byte	64
 1102 0431 00       		.byte	0
 1103 0432 00       		.byte	0
 1104 0433 00       		.byte	0
 1105 0434 80       		.byte	-128
 1106 0435 00       		.byte	0
 1107 0436 40       		.byte	64
 1108 0437 80       		.byte	-128
 1109 0438 80       		.byte	-128
 1110 0439 00       		.byte	0
 1111 043a 80       		.byte	-128
 1112 043b 00       		.byte	0
 1113 043c 00       		.byte	0
 1114 043d 00       		.byte	0
 1115 043e 00       		.byte	0
 1116 043f 00       		.byte	0
 1117 0440 00       		.byte	0
 1118 0441 0B       		.byte	11
 1119 0442 0B       		.byte	11
 1120 0443 00       		.byte	0
 1121 0444 00       		.byte	0
 1122 0445 00       		.byte	0
 1123 0446 00       		.byte	0
 1124 0447 00       		.byte	0
 1125 0448 00       		.byte	0
 1126 0449 03       		.byte	3
 1127 044a 03       		.byte	3
 1128 044b 00       		.byte	0
 1129 044c 01       		.byte	1
 1130 044d 00       		.byte	0
 1131 044e 00       		.byte	0
 1132 044f 00       		.byte	0
 1133              		.section	.cywolatch,"a",%progbits
 1134              		.align	2
 1135              		.type	cy_meta_wonvl, %object
 1136              		.size	cy_meta_wonvl, 4
 1137              	cy_meta_wonvl:
 1138 0000 BC       		.byte	-68
 1139 0001 90       		.byte	-112
 1140 0002 AC       		.byte	-84
ARM GAS  C:\Users\Tri94\AppData\Local\Temp\ccmODMM1.s 			page 21


 1141 0003 AF       		.byte	-81
 1142              		.section	.cycustnvl,"a",%progbits
 1143              		.align	2
 1144              		.type	cy_meta_custnvl, %object
 1145              		.size	cy_meta_custnvl, 4
 1146              	cy_meta_custnvl:
 1147 0000 00       		.byte	0
 1148 0001 00       		.byte	0
 1149 0002 40       		.byte	64
 1150 0003 05       		.byte	5
 1151              		.section	.cymeta,"a",%progbits
 1152              		.align	2
 1153              		.type	cy_metadata, %object
 1154              		.size	cy_metadata, 12
 1155              	cy_metadata:
 1156 0000 00       		.byte	0
 1157 0001 01       		.byte	1
 1158 0002 2E       		.byte	46
 1159 0003 16       		.byte	22
 1160 0004 10       		.byte	16
 1161 0005 69       		.byte	105
 1162 0006 00       		.byte	0
 1163 0007 01       		.byte	1
 1164 0008 00       		.byte	0
 1165 0009 00       		.byte	0
 1166 000a 00       		.byte	0
 1167 000b 00       		.byte	0
 1168              		.section	.cyflashprotect,"a",%progbits
 1169              		.align	2
 1170              		.type	cy_meta_flashprotect, %object
 1171              		.size	cy_meta_flashprotect, 256
 1172              	cy_meta_flashprotect:
 1173 0000 00000000 		.space	256
 1173      00000000 
 1173      00000000 
 1173      00000000 
 1173      00000000 
 1174              		.text
 1175              	.Letext0:
 1176              		.file 1 "c:\\program files (x86)\\cypress\\psoc creator\\4.2\\psoc creator\\import\\gnu\\arm\\5.4.
 1177              		.file 2 "c:\\program files (x86)\\cypress\\psoc creator\\4.2\\psoc creator\\import\\gnu\\arm\\5.4.
 1178              		.file 3 "Generated_Source\\PSoC5\\cymetadata.c"
 1179              		.section	.debug_info,"",%progbits
 1180              	.Ldebug_info0:
 1181 0000 31010000 		.4byte	0x131
 1182 0004 0400     		.2byte	0x4
 1183 0006 00000000 		.4byte	.Ldebug_abbrev0
 1184 000a 04       		.byte	0x4
 1185 000b 01       		.uleb128 0x1
 1186 000c 7F000000 		.4byte	.LASF17
 1187 0010 0C       		.byte	0xc
 1188 0011 D9010000 		.4byte	.LASF18
 1189 0015 00000000 		.4byte	.LASF19
 1190 0019 00000000 		.4byte	.Ldebug_line0
 1191 001d 02       		.uleb128 0x2
 1192 001e 01       		.byte	0x1
 1193 001f 06       		.byte	0x6
ARM GAS  C:\Users\Tri94\AppData\Local\Temp\ccmODMM1.s 			page 22


 1194 0020 CD010000 		.4byte	.LASF0
 1195 0024 03       		.uleb128 0x3
 1196 0025 5B000000 		.4byte	.LASF9
 1197 0029 01       		.byte	0x1
 1198 002a 1D       		.byte	0x1d
 1199 002b 2F000000 		.4byte	0x2f
 1200 002f 02       		.uleb128 0x2
 1201 0030 01       		.byte	0x1
 1202 0031 08       		.byte	0x8
 1203 0032 71000000 		.4byte	.LASF1
 1204 0036 02       		.uleb128 0x2
 1205 0037 02       		.byte	0x2
 1206 0038 05       		.byte	0x5
 1207 0039 BA010000 		.4byte	.LASF2
 1208 003d 02       		.uleb128 0x2
 1209 003e 02       		.byte	0x2
 1210 003f 07       		.byte	0x7
 1211 0040 1F010000 		.4byte	.LASF3
 1212 0044 02       		.uleb128 0x2
 1213 0045 04       		.byte	0x4
 1214 0046 05       		.byte	0x5
 1215 0047 C4010000 		.4byte	.LASF4
 1216 004b 02       		.uleb128 0x2
 1217 004c 04       		.byte	0x4
 1218 004d 07       		.byte	0x7
 1219 004e 0D010000 		.4byte	.LASF5
 1220 0052 02       		.uleb128 0x2
 1221 0053 08       		.byte	0x8
 1222 0054 05       		.byte	0x5
 1223 0055 AC010000 		.4byte	.LASF6
 1224 0059 02       		.uleb128 0x2
 1225 005a 08       		.byte	0x8
 1226 005b 07       		.byte	0x7
 1227 005c 61010000 		.4byte	.LASF7
 1228 0060 04       		.uleb128 0x4
 1229 0061 04       		.byte	0x4
 1230 0062 05       		.byte	0x5
 1231 0063 696E7400 		.ascii	"int\000"
 1232 0067 02       		.uleb128 0x2
 1233 0068 04       		.byte	0x4
 1234 0069 07       		.byte	0x7
 1235 006a 54010000 		.4byte	.LASF8
 1236 006e 03       		.uleb128 0x3
 1237 006f 78010000 		.4byte	.LASF10
 1238 0073 02       		.byte	0x2
 1239 0074 18       		.byte	0x18
 1240 0075 24000000 		.4byte	0x24
 1241 0079 05       		.uleb128 0x5
 1242 007a 91000000 		.4byte	0x91
 1243 007e 8A000000 		.4byte	0x8a
 1244 0082 06       		.uleb128 0x6
 1245 0083 8A000000 		.4byte	0x8a
 1246 0087 4F04     		.2byte	0x44f
 1247 0089 00       		.byte	0
 1248 008a 02       		.uleb128 0x2
 1249 008b 04       		.byte	0x4
 1250 008c 07       		.byte	0x7
ARM GAS  C:\Users\Tri94\AppData\Local\Temp\ccmODMM1.s 			page 23


 1251 008d A3010000 		.4byte	.LASF11
 1252 0091 07       		.uleb128 0x7
 1253 0092 6E000000 		.4byte	0x6e
 1254 0096 08       		.uleb128 0x8
 1255 0097 42010000 		.4byte	.LASF12
 1256 009b 03       		.byte	0x3
 1257 009c 1F       		.byte	0x1f
 1258 009d A7000000 		.4byte	0xa7
 1259 00a1 05       		.uleb128 0x5
 1260 00a2 03       		.byte	0x3
 1261 00a3 00000000 		.4byte	cy_meta_configecc
 1262 00a7 07       		.uleb128 0x7
 1263 00a8 79000000 		.4byte	0x79
 1264 00ac 05       		.uleb128 0x5
 1265 00ad 91000000 		.4byte	0x91
 1266 00b1 BC000000 		.4byte	0xbc
 1267 00b5 09       		.uleb128 0x9
 1268 00b6 8A000000 		.4byte	0x8a
 1269 00ba 03       		.byte	0x3
 1270 00bb 00       		.byte	0
 1271 00bc 08       		.uleb128 0x8
 1272 00bd 32010000 		.4byte	.LASF13
 1273 00c1 03       		.byte	0x3
 1274 00c2 B6       		.byte	0xb6
 1275 00c3 CD000000 		.4byte	0xcd
 1276 00c7 05       		.uleb128 0x5
 1277 00c8 03       		.byte	0x3
 1278 00c9 00000000 		.4byte	cy_meta_custnvl
 1279 00cd 07       		.uleb128 0x7
 1280 00ce AC000000 		.4byte	0xac
 1281 00d2 08       		.uleb128 0x8
 1282 00d3 95010000 		.4byte	.LASF14
 1283 00d7 03       		.byte	0x3
 1284 00d8 C4       		.byte	0xc4
 1285 00d9 E3000000 		.4byte	0xe3
 1286 00dd 05       		.uleb128 0x5
 1287 00de 03       		.byte	0x3
 1288 00df 00000000 		.4byte	cy_meta_wonvl
 1289 00e3 07       		.uleb128 0x7
 1290 00e4 AC000000 		.4byte	0xac
 1291 00e8 05       		.uleb128 0x5
 1292 00e9 91000000 		.4byte	0x91
 1293 00ed F8000000 		.4byte	0xf8
 1294 00f1 09       		.uleb128 0x9
 1295 00f2 8A000000 		.4byte	0x8a
 1296 00f6 FF       		.byte	0xff
 1297 00f7 00       		.byte	0
 1298 00f8 08       		.uleb128 0x8
 1299 00f9 80010000 		.4byte	.LASF15
 1300 00fd 03       		.byte	0x3
 1301 00fe D2       		.byte	0xd2
 1302 00ff 09010000 		.4byte	0x109
 1303 0103 05       		.uleb128 0x5
 1304 0104 03       		.byte	0x3
 1305 0105 00000000 		.4byte	cy_meta_flashprotect
 1306 0109 07       		.uleb128 0x7
 1307 010a E8000000 		.4byte	0xe8
ARM GAS  C:\Users\Tri94\AppData\Local\Temp\ccmODMM1.s 			page 24


 1308 010e 05       		.uleb128 0x5
 1309 010f 91000000 		.4byte	0x91
 1310 0113 1E010000 		.4byte	0x11e
 1311 0117 09       		.uleb128 0x9
 1312 0118 8A000000 		.4byte	0x8a
 1313 011c 0B       		.byte	0xb
 1314 011d 00       		.byte	0
 1315 011e 08       		.uleb128 0x8
 1316 011f 65000000 		.4byte	.LASF16
 1317 0123 03       		.byte	0x3
 1318 0124 FF       		.byte	0xff
 1319 0125 2F010000 		.4byte	0x12f
 1320 0129 05       		.uleb128 0x5
 1321 012a 03       		.byte	0x3
 1322 012b 00000000 		.4byte	cy_metadata
 1323 012f 07       		.uleb128 0x7
 1324 0130 0E010000 		.4byte	0x10e
 1325 0134 00       		.byte	0
 1326              		.section	.debug_abbrev,"",%progbits
 1327              	.Ldebug_abbrev0:
 1328 0000 01       		.uleb128 0x1
 1329 0001 11       		.uleb128 0x11
 1330 0002 01       		.byte	0x1
 1331 0003 25       		.uleb128 0x25
 1332 0004 0E       		.uleb128 0xe
 1333 0005 13       		.uleb128 0x13
 1334 0006 0B       		.uleb128 0xb
 1335 0007 03       		.uleb128 0x3
 1336 0008 0E       		.uleb128 0xe
 1337 0009 1B       		.uleb128 0x1b
 1338 000a 0E       		.uleb128 0xe
 1339 000b 10       		.uleb128 0x10
 1340 000c 17       		.uleb128 0x17
 1341 000d 00       		.byte	0
 1342 000e 00       		.byte	0
 1343 000f 02       		.uleb128 0x2
 1344 0010 24       		.uleb128 0x24
 1345 0011 00       		.byte	0
 1346 0012 0B       		.uleb128 0xb
 1347 0013 0B       		.uleb128 0xb
 1348 0014 3E       		.uleb128 0x3e
 1349 0015 0B       		.uleb128 0xb
 1350 0016 03       		.uleb128 0x3
 1351 0017 0E       		.uleb128 0xe
 1352 0018 00       		.byte	0
 1353 0019 00       		.byte	0
 1354 001a 03       		.uleb128 0x3
 1355 001b 16       		.uleb128 0x16
 1356 001c 00       		.byte	0
 1357 001d 03       		.uleb128 0x3
 1358 001e 0E       		.uleb128 0xe
 1359 001f 3A       		.uleb128 0x3a
 1360 0020 0B       		.uleb128 0xb
 1361 0021 3B       		.uleb128 0x3b
 1362 0022 0B       		.uleb128 0xb
 1363 0023 49       		.uleb128 0x49
 1364 0024 13       		.uleb128 0x13
ARM GAS  C:\Users\Tri94\AppData\Local\Temp\ccmODMM1.s 			page 25


 1365 0025 00       		.byte	0
 1366 0026 00       		.byte	0
 1367 0027 04       		.uleb128 0x4
 1368 0028 24       		.uleb128 0x24
 1369 0029 00       		.byte	0
 1370 002a 0B       		.uleb128 0xb
 1371 002b 0B       		.uleb128 0xb
 1372 002c 3E       		.uleb128 0x3e
 1373 002d 0B       		.uleb128 0xb
 1374 002e 03       		.uleb128 0x3
 1375 002f 08       		.uleb128 0x8
 1376 0030 00       		.byte	0
 1377 0031 00       		.byte	0
 1378 0032 05       		.uleb128 0x5
 1379 0033 01       		.uleb128 0x1
 1380 0034 01       		.byte	0x1
 1381 0035 49       		.uleb128 0x49
 1382 0036 13       		.uleb128 0x13
 1383 0037 01       		.uleb128 0x1
 1384 0038 13       		.uleb128 0x13
 1385 0039 00       		.byte	0
 1386 003a 00       		.byte	0
 1387 003b 06       		.uleb128 0x6
 1388 003c 21       		.uleb128 0x21
 1389 003d 00       		.byte	0
 1390 003e 49       		.uleb128 0x49
 1391 003f 13       		.uleb128 0x13
 1392 0040 2F       		.uleb128 0x2f
 1393 0041 05       		.uleb128 0x5
 1394 0042 00       		.byte	0
 1395 0043 00       		.byte	0
 1396 0044 07       		.uleb128 0x7
 1397 0045 26       		.uleb128 0x26
 1398 0046 00       		.byte	0
 1399 0047 49       		.uleb128 0x49
 1400 0048 13       		.uleb128 0x13
 1401 0049 00       		.byte	0
 1402 004a 00       		.byte	0
 1403 004b 08       		.uleb128 0x8
 1404 004c 34       		.uleb128 0x34
 1405 004d 00       		.byte	0
 1406 004e 03       		.uleb128 0x3
 1407 004f 0E       		.uleb128 0xe
 1408 0050 3A       		.uleb128 0x3a
 1409 0051 0B       		.uleb128 0xb
 1410 0052 3B       		.uleb128 0x3b
 1411 0053 0B       		.uleb128 0xb
 1412 0054 49       		.uleb128 0x49
 1413 0055 13       		.uleb128 0x13
 1414 0056 3F       		.uleb128 0x3f
 1415 0057 19       		.uleb128 0x19
 1416 0058 02       		.uleb128 0x2
 1417 0059 18       		.uleb128 0x18
 1418 005a 00       		.byte	0
 1419 005b 00       		.byte	0
 1420 005c 09       		.uleb128 0x9
 1421 005d 21       		.uleb128 0x21
ARM GAS  C:\Users\Tri94\AppData\Local\Temp\ccmODMM1.s 			page 26


 1422 005e 00       		.byte	0
 1423 005f 49       		.uleb128 0x49
 1424 0060 13       		.uleb128 0x13
 1425 0061 2F       		.uleb128 0x2f
 1426 0062 0B       		.uleb128 0xb
 1427 0063 00       		.byte	0
 1428 0064 00       		.byte	0
 1429 0065 00       		.byte	0
 1430              		.section	.debug_aranges,"",%progbits
 1431 0000 14000000 		.4byte	0x14
 1432 0004 0200     		.2byte	0x2
 1433 0006 00000000 		.4byte	.Ldebug_info0
 1434 000a 04       		.byte	0x4
 1435 000b 00       		.byte	0
 1436 000c 0000     		.2byte	0
 1437 000e 0000     		.2byte	0
 1438 0010 00000000 		.4byte	0
 1439 0014 00000000 		.4byte	0
 1440              		.section	.debug_line,"",%progbits
 1441              	.Ldebug_line0:
 1442 0000 3D010000 		.section	.debug_str,"MS",%progbits,1
 1442      02003701 
 1442      00000201 
 1442      FB0E0D00 
 1442      01010101 
 1443              	.LASF19:
 1444 0000 433A5C55 		.ascii	"C:\\Users\\Tri94\\Documents\\PSoC Creator\\EE4450\\"
 1444      73657273 
 1444      5C547269 
 1444      39345C44 
 1444      6F63756D 
 1445 002d 45453434 		.ascii	"EE4450-Projects\\RTOS_UART_StringMessage.cydsn\000"
 1445      35302D50 
 1445      726F6A65 
 1445      6374735C 
 1445      52544F53 
 1446              	.LASF9:
 1447 005b 5F5F7569 		.ascii	"__uint8_t\000"
 1447      6E74385F 
 1447      7400
 1448              	.LASF16:
 1449 0065 63795F6D 		.ascii	"cy_metadata\000"
 1449      65746164 
 1449      61746100 
 1450              	.LASF1:
 1451 0071 756E7369 		.ascii	"unsigned char\000"
 1451      676E6564 
 1451      20636861 
 1451      7200
 1452              	.LASF17:
 1453 007f 474E5520 		.ascii	"GNU C11 5.4.1 20160609 (release) [ARM/embedded-5-br"
 1453      43313120 
 1453      352E342E 
 1453      31203230 
 1453      31363036 
 1454 00b2 616E6368 		.ascii	"anch revision 237715] -mcpu=cortex-m3 -mthumb -g -O"
 1454      20726576 
ARM GAS  C:\Users\Tri94\AppData\Local\Temp\ccmODMM1.s 			page 27


 1454      6973696F 
 1454      6E203233 
 1454      37373135 
 1455 00e5 67202D66 		.ascii	"g -ffunction-sections -ffat-lto-objects\000"
 1455      66756E63 
 1455      74696F6E 
 1455      2D736563 
 1455      74696F6E 
 1456              	.LASF5:
 1457 010d 6C6F6E67 		.ascii	"long unsigned int\000"
 1457      20756E73 
 1457      69676E65 
 1457      6420696E 
 1457      7400
 1458              	.LASF3:
 1459 011f 73686F72 		.ascii	"short unsigned int\000"
 1459      7420756E 
 1459      7369676E 
 1459      65642069 
 1459      6E7400
 1460              	.LASF13:
 1461 0132 63795F6D 		.ascii	"cy_meta_custnvl\000"
 1461      6574615F 
 1461      63757374 
 1461      6E766C00 
 1462              	.LASF12:
 1463 0142 63795F6D 		.ascii	"cy_meta_configecc\000"
 1463      6574615F 
 1463      636F6E66 
 1463      69676563 
 1463      6300
 1464              	.LASF8:
 1465 0154 756E7369 		.ascii	"unsigned int\000"
 1465      676E6564 
 1465      20696E74 
 1465      00
 1466              	.LASF7:
 1467 0161 6C6F6E67 		.ascii	"long long unsigned int\000"
 1467      206C6F6E 
 1467      6720756E 
 1467      7369676E 
 1467      65642069 
 1468              	.LASF10:
 1469 0178 75696E74 		.ascii	"uint8_t\000"
 1469      385F7400 
 1470              	.LASF15:
 1471 0180 63795F6D 		.ascii	"cy_meta_flashprotect\000"
 1471      6574615F 
 1471      666C6173 
 1471      6870726F 
 1471      74656374 
 1472              	.LASF14:
 1473 0195 63795F6D 		.ascii	"cy_meta_wonvl\000"
 1473      6574615F 
 1473      776F6E76 
 1473      6C00
 1474              	.LASF11:
ARM GAS  C:\Users\Tri94\AppData\Local\Temp\ccmODMM1.s 			page 28


 1475 01a3 73697A65 		.ascii	"sizetype\000"
 1475      74797065 
 1475      00
 1476              	.LASF6:
 1477 01ac 6C6F6E67 		.ascii	"long long int\000"
 1477      206C6F6E 
 1477      6720696E 
 1477      7400
 1478              	.LASF2:
 1479 01ba 73686F72 		.ascii	"short int\000"
 1479      7420696E 
 1479      7400
 1480              	.LASF4:
 1481 01c4 6C6F6E67 		.ascii	"long int\000"
 1481      20696E74 
 1481      00
 1482              	.LASF0:
 1483 01cd 7369676E 		.ascii	"signed char\000"
 1483      65642063 
 1483      68617200 
 1484              	.LASF18:
 1485 01d9 47656E65 		.ascii	"Generated_Source\\PSoC5\\cymetadata.c\000"
 1485      72617465 
 1485      645F536F 
 1485      75726365 
 1485      5C50536F 
 1486              		.ident	"GCC: (GNU Tools for ARM Embedded Processors) 5.4.1 20160609 (release) [ARM/embedded-5-bran
