ARM GAS  C:\Users\Tri94\AppData\Local\Temp\ccJ2tyJM.s 			page 1


   1              		.syntax unified
   2              		.cpu cortex-m3
   3              		.fpu softvfp
   4              		.eabi_attribute 20, 1
   5              		.eabi_attribute 21, 1
   6              		.eabi_attribute 23, 3
   7              		.eabi_attribute 24, 1
   8              		.eabi_attribute 25, 1
   9              		.eabi_attribute 26, 1
  10              		.eabi_attribute 30, 1
  11              		.eabi_attribute 34, 1
  12              		.eabi_attribute 18, 4
  13              		.thumb
  14              		.syntax unified
  15              		.file	"main.c"
  16              		.text
  17              	.Ltext0:
  18              		.cfi_sections	.debug_frame
  19              		.section	.text.myISR_UART,"ax",%progbits
  20              		.align	2
  21              		.global	myISR_UART
  22              		.thumb
  23              		.thumb_func
  24              		.type	myISR_UART, %function
  25              	myISR_UART:
  26              	.LFB71:
  27              		.file 1 "main.c"
   1:main.c        **** /* ========================================
   2:main.c        ****  *
   3:main.c        ****  * Copyright YOUR COMPANY, THE YEAR
   4:main.c        ****  * All Rights Reserved
   5:main.c        ****  * UNPUBLISHED, LICENSED SOFTWARE.
   6:main.c        ****  *
   7:main.c        ****  * CONFIDENTIAL AND PROPRIETARY INFORMATION
   8:main.c        ****  * WHICH IS THE PROPERTY OF your company.
   9:main.c        ****  *
  10:main.c        ****  * ========================================
  11:main.c        **** */
  12:main.c        **** #include "project.h"
  13:main.c        **** #include <stdio.h>
  14:main.c        **** #include <stdlib.h>
  15:main.c        **** #include <stdint.h>
  16:main.c        **** #include <stdbool.h>
  17:main.c        **** 
  18:main.c        **** // ROTS Header Files
  19:main.c        **** #include "FreeRTOS_PSoC.h"
  20:main.c        **** #include "FreeRTOS.h"
  21:main.c        **** #include "task.h"
  22:main.c        **** #include "queue.h"
  23:main.c        **** #include "semphr.h"
  24:main.c        **** #include "timers.h"
  25:main.c        **** #include "event_groups.h"
  26:main.c        **** #include "message_buffer.h"
  27:main.c        **** 
  28:main.c        **** // Your task function
  29:main.c        **** void vUARTTask1(void *pvParaments);
  30:main.c        **** void vAppTask2(void *pvParaments);
ARM GAS  C:\Users\Tri94\AppData\Local\Temp\ccJ2tyJM.s 			page 2


  31:main.c        **** 
  32:main.c        **** void myPSoCSetup();
  33:main.c        **** 
  34:main.c        **** MessageBufferHandle_t xMessageBuffer = NULL;
  35:main.c        **** #define               MESSAGE_BUFFER_SIZE 100
  36:main.c        **** 
  37:main.c        **** CY_ISR_PROTO(myISR_UART);
  38:main.c        **** 
  39:main.c        **** int main(void)
  40:main.c        **** {
  41:main.c        ****     BaseType_t err;
  42:main.c        ****     
  43:main.c        ****     CyGlobalIntEnable; /* Enable global interrupts. */
  44:main.c        **** 
  45:main.c        ****     /* Place your initialization/startup code here (e.g. MyInst_Start()) */
  46:main.c        ****     FreeRTOS_Init();
  47:main.c        ****     myPSoCSetup();
  48:main.c        ****     
  49:main.c        ****     // Create Mutex
  50:main.c        ****    xMessageBuffer = xMessageBufferCreate(MESSAGE_BUFFER_SIZE);
  51:main.c        **** 
  52:main.c        ****     if (xMessageBuffer == NULL){
  53:main.c        ****         while(1);   // Stop system here
  54:main.c        ****     }
  55:main.c        ****     
  56:main.c        ****     // Create Task
  57:main.c        ****     err = xTaskCreate(vUARTTask1,                    // Taskfunction_t pvTaskCode,
  58:main.c        ****                         "Task 1",                   // const char * const pcName,
  59:main.c        ****                         configMINIMAL_STACK_SIZE,   // unsigned short usStackDepth,
  60:main.c        ****                         NULL,                       // void *pvParameters,
  61:main.c        ****                         configMAX_PRIORITIES-1,     // UBaseType_t uxPriority,
  62:main.c        ****                         NULL);                      // TaskHandle_t *pxCreatedTask );
  63:main.c        ****     
  64:main.c        ****     if (err != pdPASS){
  65:main.c        ****         // Cannot create task!
  66:main.c        ****         while(1);
  67:main.c        ****     }
  68:main.c        **** 
  69:main.c        ****     
  70:main.c        ****     // Start the scheduler, so the tasks start executing
  71:main.c        ****     vTaskStartScheduler();
  72:main.c        ****     
  73:main.c        ****     for(;;)
  74:main.c        ****     {
  75:main.c        ****         /* Place your application code here. */
  76:main.c        ****     }
  77:main.c        **** }
  78:main.c        **** 
  79:main.c        **** void myPSoCSetup(){
  80:main.c        ****     
  81:main.c        ****     
  82:main.c        ****     // Place your component's start code here
  83:main.c        ****     ISR_UART_StartEx(myISR_UART);
  84:main.c        ****     UART_Start();
  85:main.c        ****     PWM_Start();
  86:main.c        ****     
  87:main.c        ****     
ARM GAS  C:\Users\Tri94\AppData\Local\Temp\ccJ2tyJM.s 			page 3


  88:main.c        **** }
  89:main.c        **** 
  90:main.c        **** typedef enum STATES_CMD{
  91:main.c        ****     S_IDLE,
  92:main.c        ****     S_GOT_DATE
  93:main.c        **** }STATES_CMD;
  94:main.c        **** 
  95:main.c        **** CY_ISR(myISR_UART){
  28              		.loc 1 95 0
  29              		.cfi_startproc
  30              		@ args = 0, pretend = 0, frame = 0
  31              		@ frame_needed = 0, uses_anonymous_args = 0
  32 0000 70B5     		push	{r4, r5, r6, lr}
  33              		.cfi_def_cfa_offset 16
  34              		.cfi_offset 4, -16
  35              		.cfi_offset 5, -12
  36              		.cfi_offset 6, -8
  37              		.cfi_offset 14, -4
  38              	.L2:
  96:main.c        ****     static char         buf[20];
  97:main.c        ****     static int          idx = 0;
  98:main.c        ****     static STATES_CMD   state = S_IDLE;
  99:main.c        ****     char                ch;
 100:main.c        ****     BaseType_t          xHigherPriorityTaskWoken = pdFALSE; /* Initialised to pdFALSE */
 101:main.c        ****     
 102:main.c        ****     
 103:main.c        ****     while (UART_GetRxBufferSize  > 0){
 104:main.c        ****         ch = UART_GetChar();
  39              		.loc 1 104 0
  40 0002 FFF7FEFF 		bl	UART_GetChar
  41              	.LVL0:
  42 0006 0446     		mov	r4, r0
  43              	.LVL1:
 105:main.c        ****         
 106:main.c        ****         switch (state){
  44              		.loc 1 106 0
  45 0008 114B     		ldr	r3, .L10
  46 000a 1B78     		ldrb	r3, [r3]	@ zero_extendqisi2
  47 000c 13B1     		cbz	r3, .L4
  48 000e 012B     		cmp	r3, #1
  49 0010 06D0     		beq	.L5
  50 0012 F6E7     		b	.L2
  51              	.L4:
 107:main.c        ****             case S_IDLE:
 108:main.c        ****                 if (ch == '+')
  52              		.loc 1 108 0
  53 0014 2B28     		cmp	r0, #43
  54 0016 F4D1     		bne	.L2
 109:main.c        ****                     state = S_GOT_DATE;
  55              		.loc 1 109 0
  56 0018 0122     		movs	r2, #1
  57 001a 0D4B     		ldr	r3, .L10
  58 001c 1A70     		strb	r2, [r3]
  59 001e F0E7     		b	.L2
  60              	.L5:
 110:main.c        ****                 
 111:main.c        ****                 break;
ARM GAS  C:\Users\Tri94\AppData\Local\Temp\ccJ2tyJM.s 			page 4


 112:main.c        ****             case S_GOT_DATE:
 113:main.c        ****                 if (ch == '\r')
  61              		.loc 1 113 0
  62 0020 0D28     		cmp	r0, #13
  63 0022 00D1     		bne	.L6
 114:main.c        ****                     ch = '\0';
  64              		.loc 1 114 0
  65 0024 0024     		movs	r4, #0
  66              	.L6:
  67              	.LVL2:
 115:main.c        ****                 if (ch == '\n'){
  68              		.loc 1 115 0
  69 0026 0A2C     		cmp	r4, #10
  70 0028 0AD1     		bne	.L7
 116:main.c        ****                     state = S_IDLE;
  71              		.loc 1 116 0
  72 002a 094D     		ldr	r5, .L10
  73 002c 0026     		movs	r6, #0
  74 002e 2E70     		strb	r6, [r5]
 117:main.c        ****                     xMessageBufferSendFromISR(xMessageBuffer, buf, idx, xHigherPriorityTaskWoken);
  75              		.loc 1 117 0
  76 0030 3346     		mov	r3, r6
  77 0032 6A68     		ldr	r2, [r5, #4]
  78 0034 05F10801 		add	r1, r5, #8
  79 0038 E869     		ldr	r0, [r5, #28]
  80 003a FFF7FEFF 		bl	xStreamBufferSendFromISR
  81              	.LVL3:
 118:main.c        ****                     idx = 0;
  82              		.loc 1 118 0
  83 003e 6E60     		str	r6, [r5, #4]
  84              	.L7:
 119:main.c        ****                 }
 120:main.c        ****                 buf[idx++] = ch;
  85              		.loc 1 120 0
  86 0040 034A     		ldr	r2, .L10
  87 0042 5368     		ldr	r3, [r2, #4]
  88 0044 591C     		adds	r1, r3, #1
  89 0046 5160     		str	r1, [r2, #4]
  90 0048 1344     		add	r3, r3, r2
  91 004a 1C72     		strb	r4, [r3, #8]
 121:main.c        ****                 break;
  92              		.loc 1 121 0
  93 004c D9E7     		b	.L2
  94              	.L11:
  95 004e 00BF     		.align	2
  96              	.L10:
  97 0050 00000000 		.word	.LANCHOR0
  98              		.cfi_endproc
  99              	.LFE71:
 100              		.size	myISR_UART, .-myISR_UART
 101              		.section	.text.vUARTTask1,"ax",%progbits
 102              		.align	2
 103              		.global	vUARTTask1
 104              		.thumb
 105              		.thumb_func
 106              		.type	vUARTTask1, %function
 107              	vUARTTask1:
ARM GAS  C:\Users\Tri94\AppData\Local\Temp\ccJ2tyJM.s 			page 5


 108              	.LFB72:
 122:main.c        ****         }
 123:main.c        ****     }
 124:main.c        ****     UART_ReadRxStatus(); // Clear IRQ signal
 125:main.c        **** }
 126:main.c        **** 
 127:main.c        **** 
 128:main.c        **** char* xMessage[] = {
 129:main.c        ****         "Welcome",
 130:main.c        ****         "To EE",
 131:main.c        ****         "4450",
 132:main.c        ****         "Message Buf"
 133:main.c        **** };
 134:main.c        **** void vUARTTask1(void *pvParaments){
 109              		.loc 1 134 0
 110              		.cfi_startproc
 111              		@ args = 0, pretend = 0, frame = 24
 112              		@ frame_needed = 0, uses_anonymous_args = 0
 113              	.LVL4:
 114 0000 00B5     		push	{lr}
 115              		.cfi_def_cfa_offset 4
 116              		.cfi_offset 14, -4
 117 0002 87B0     		sub	sp, sp, #28
 118              		.cfi_def_cfa_offset 32
 119              	.LVL5:
 120              	.L16:
 135:main.c        ****     
 136:main.c        ****     char    buf[20];
 137:main.c        ****     size_t  rxSize;
 138:main.c        ****     char    *delim = ":";
 139:main.c        ****     char    *pch;
 140:main.c        ****     uint32  cmp;     
 141:main.c        ****     
 142:main.c        ****     while(1){
 143:main.c        ****         rxSize = xMessageBufferReceive(xMessageBuffer,buf,sizeof(buf),100);
 121              		.loc 1 143 0
 122 0004 6423     		movs	r3, #100
 123 0006 1422     		movs	r2, #20
 124 0008 01A9     		add	r1, sp, #4
 125 000a 1648     		ldr	r0, .L18
 126 000c C069     		ldr	r0, [r0, #28]
 127 000e FFF7FEFF 		bl	xStreamBufferReceive
 128              	.LVL6:
 144:main.c        ****         if (rxSize > 0){
 129              		.loc 1 144 0
 130 0012 18B3     		cbz	r0, .L13
 145:main.c        ****             if (strcmp(buf, "LEDON")){
 131              		.loc 1 145 0
 132 0014 1449     		ldr	r1, .L18+4
 133 0016 01A8     		add	r0, sp, #4
 134              	.LVL7:
 135 0018 FFF7FEFF 		bl	strcmp
 136              	.LVL8:
 137 001c 10B1     		cbz	r0, .L14
 146:main.c        ****                 LED_Write(1);
 138              		.loc 1 146 0
 139 001e 0120     		movs	r0, #1
ARM GAS  C:\Users\Tri94\AppData\Local\Temp\ccJ2tyJM.s 			page 6


 140 0020 FFF7FEFF 		bl	LED_Write
 141              	.LVL9:
 142              	.L14:
 147:main.c        ****             }
 148:main.c        ****             if (strcmp(buf, "LEDOFF")){
 143              		.loc 1 148 0
 144 0024 1149     		ldr	r1, .L18+8
 145 0026 01A8     		add	r0, sp, #4
 146 0028 FFF7FEFF 		bl	strcmp
 147              	.LVL10:
 148 002c 10B1     		cbz	r0, .L15
 149:main.c        ****                 LED_Write(0);
 149              		.loc 1 149 0
 150 002e 0020     		movs	r0, #0
 151 0030 FFF7FEFF 		bl	LED_Write
 152              	.LVL11:
 153              	.L15:
 150:main.c        ****             }
 151:main.c        ****             pch = strtok(buf, delim);
 154              		.loc 1 151 0
 155 0034 0E49     		ldr	r1, .L18+12
 156 0036 01A8     		add	r0, sp, #4
 157 0038 FFF7FEFF 		bl	strtok
 158              	.LVL12:
 152:main.c        ****             if (pch != NULL) {
 159              		.loc 1 152 0
 160 003c 70B1     		cbz	r0, .L13
 153:main.c        ****                 if (strcmp(pch, "PWM") == 0){
 161              		.loc 1 153 0
 162 003e 0D49     		ldr	r1, .L18+16
 163 0040 FFF7FEFF 		bl	strcmp
 164              	.LVL13:
 165 0044 50B9     		cbnz	r0, .L13
 154:main.c        ****                     pch = strtok(buf, delim);
 166              		.loc 1 154 0
 167 0046 0A49     		ldr	r1, .L18+12
 168 0048 01A8     		add	r0, sp, #4
 169 004a FFF7FEFF 		bl	strtok
 170              	.LVL14:
 155:main.c        ****                     cmp = atoi(pch);    // atoi: string to integer
 171              		.loc 1 155 0
 172 004e FFF7FEFF 		bl	atoi
 173              	.LVL15:
 156:main.c        ****                     if (cmp <= 100)
 174              		.loc 1 156 0
 175 0052 6428     		cmp	r0, #100
 176 0054 02D8     		bhi	.L13
 157:main.c        ****                         PWM_WriteCompare(cmp);
 177              		.loc 1 157 0
 178 0056 C0B2     		uxtb	r0, r0
 179              	.LVL16:
 180 0058 FFF7FEFF 		bl	PWM_WriteCompare
 181              	.LVL17:
 182              	.L13:
 158:main.c        ****                 }
 159:main.c        ****             }
 160:main.c        ****         }
ARM GAS  C:\Users\Tri94\AppData\Local\Temp\ccJ2tyJM.s 			page 7


 161:main.c        ****         vTaskDelay(pdMS_TO_TICKS(50)); // Delay for 50 ms
 183              		.loc 1 161 0
 184 005c 3220     		movs	r0, #50
 185 005e FFF7FEFF 		bl	vTaskDelay
 186              	.LVL18:
 162:main.c        ****     }
 187              		.loc 1 162 0
 188 0062 CFE7     		b	.L16
 189              	.L19:
 190              		.align	2
 191              	.L18:
 192 0064 00000000 		.word	.LANCHOR0
 193 0068 00000000 		.word	.LC0
 194 006c 08000000 		.word	.LC1
 195 0070 10000000 		.word	.LC2
 196 0074 14000000 		.word	.LC3
 197              		.cfi_endproc
 198              	.LFE72:
 199              		.size	vUARTTask1, .-vUARTTask1
 200              		.section	.text.myPSoCSetup,"ax",%progbits
 201              		.align	2
 202              		.global	myPSoCSetup
 203              		.thumb
 204              		.thumb_func
 205              		.type	myPSoCSetup, %function
 206              	myPSoCSetup:
 207              	.LFB70:
  79:main.c        ****     
 208              		.loc 1 79 0
 209              		.cfi_startproc
 210              		@ args = 0, pretend = 0, frame = 0
 211              		@ frame_needed = 0, uses_anonymous_args = 0
 212 0000 08B5     		push	{r3, lr}
 213              		.cfi_def_cfa_offset 8
 214              		.cfi_offset 3, -8
 215              		.cfi_offset 14, -4
  83:main.c        ****     UART_Start();
 216              		.loc 1 83 0
 217 0002 0448     		ldr	r0, .L22
 218 0004 FFF7FEFF 		bl	ISR_UART_StartEx
 219              	.LVL19:
  84:main.c        ****     PWM_Start();
 220              		.loc 1 84 0
 221 0008 FFF7FEFF 		bl	UART_Start
 222              	.LVL20:
  85:main.c        ****     
 223              		.loc 1 85 0
 224 000c FFF7FEFF 		bl	PWM_Start
 225              	.LVL21:
 226 0010 08BD     		pop	{r3, pc}
 227              	.L23:
 228 0012 00BF     		.align	2
 229              	.L22:
 230 0014 00000000 		.word	myISR_UART
 231              		.cfi_endproc
 232              	.LFE70:
 233              		.size	myPSoCSetup, .-myPSoCSetup
ARM GAS  C:\Users\Tri94\AppData\Local\Temp\ccJ2tyJM.s 			page 8


 234              		.section	.text.main,"ax",%progbits
 235              		.align	2
 236              		.global	main
 237              		.thumb
 238              		.thumb_func
 239              		.type	main, %function
 240              	main:
 241              	.LFB69:
  40:main.c        ****     BaseType_t err;
 242              		.loc 1 40 0
 243              		.cfi_startproc
 244              		@ args = 0, pretend = 0, frame = 0
 245              		@ frame_needed = 0, uses_anonymous_args = 0
 246 0000 00B5     		push	{lr}
 247              		.cfi_def_cfa_offset 4
 248              		.cfi_offset 14, -4
 249 0002 83B0     		sub	sp, sp, #12
 250              		.cfi_def_cfa_offset 16
  43:main.c        **** 
 251              		.loc 1 43 0
 252              		.syntax unified
 253              	@ 43 "main.c" 1
 254 0004 62B6     		CPSIE   i
 255              	@ 0 "" 2
  46:main.c        ****     myPSoCSetup();
 256              		.loc 1 46 0
 257              		.thumb
 258              		.syntax unified
 259 0006 FFF7FEFF 		bl	FreeRTOS_Init
 260              	.LVL22:
  47:main.c        ****     
 261              		.loc 1 47 0
 262 000a FFF7FEFF 		bl	myPSoCSetup
 263              	.LVL23:
  50:main.c        **** 
 264              		.loc 1 50 0
 265 000e 0122     		movs	r2, #1
 266 0010 0021     		movs	r1, #0
 267 0012 6420     		movs	r0, #100
 268 0014 FFF7FEFF 		bl	xStreamBufferGenericCreate
 269              	.LVL24:
 270 0018 094B     		ldr	r3, .L31
 271 001a D861     		str	r0, [r3, #28]
  52:main.c        ****         while(1);   // Stop system here
 272              		.loc 1 52 0
 273 001c 00B9     		cbnz	r0, .L25
 274              	.L26:
 275 001e FEE7     		b	.L26
 276              	.L25:
  57:main.c        ****                         "Task 1",                   // const char * const pcName,
 277              		.loc 1 57 0
 278 0020 0023     		movs	r3, #0
 279 0022 0193     		str	r3, [sp, #4]
 280 0024 0422     		movs	r2, #4
 281 0026 0092     		str	r2, [sp]
 282 0028 C822     		movs	r2, #200
 283 002a 0649     		ldr	r1, .L31+4
ARM GAS  C:\Users\Tri94\AppData\Local\Temp\ccJ2tyJM.s 			page 9


 284 002c 0648     		ldr	r0, .L31+8
 285 002e FFF7FEFF 		bl	xTaskCreate
 286              	.LVL25:
  64:main.c        ****         // Cannot create task!
 287              		.loc 1 64 0
 288 0032 0128     		cmp	r0, #1
 289 0034 00D0     		beq	.L27
 290              	.L28:
 291 0036 FEE7     		b	.L28
 292              	.L27:
  71:main.c        ****     
 293              		.loc 1 71 0
 294 0038 FFF7FEFF 		bl	vTaskStartScheduler
 295              	.LVL26:
 296              	.L29:
 297 003c FEE7     		b	.L29
 298              	.L32:
 299 003e 00BF     		.align	2
 300              	.L31:
 301 0040 00000000 		.word	.LANCHOR0
 302 0044 18000000 		.word	.LC4
 303 0048 00000000 		.word	vUARTTask1
 304              		.cfi_endproc
 305              	.LFE69:
 306              		.size	main, .-main
 307              		.global	xMessage
 308              		.global	xMessageBuffer
 309              		.data
 310              		.align	2
 311              		.type	xMessage, %object
 312              		.size	xMessage, 16
 313              	xMessage:
 314 0000 20000000 		.word	.LC5
 315 0004 28000000 		.word	.LC6
 316 0008 30000000 		.word	.LC7
 317 000c 38000000 		.word	.LC8
 318              		.section	.rodata.str1.4,"aMS",%progbits,1
 319              		.align	2
 320              	.LC0:
 321 0000 4C45444F 		.ascii	"LEDON\000"
 321      4E00
 322 0006 0000     		.space	2
 323              	.LC1:
 324 0008 4C45444F 		.ascii	"LEDOFF\000"
 324      464600
 325 000f 00       		.space	1
 326              	.LC2:
 327 0010 3A00     		.ascii	":\000"
 328 0012 0000     		.space	2
 329              	.LC3:
 330 0014 50574D00 		.ascii	"PWM\000"
 331              	.LC4:
 332 0018 5461736B 		.ascii	"Task 1\000"
 332      203100
 333 001f 00       		.space	1
 334              	.LC5:
 335 0020 57656C63 		.ascii	"Welcome\000"
ARM GAS  C:\Users\Tri94\AppData\Local\Temp\ccJ2tyJM.s 			page 10


 335      6F6D6500 
 336              	.LC6:
 337 0028 546F2045 		.ascii	"To EE\000"
 337      4500
 338 002e 0000     		.space	2
 339              	.LC7:
 340 0030 34343530 		.ascii	"4450\000"
 340      00
 341 0035 000000   		.space	3
 342              	.LC8:
 343 0038 4D657373 		.ascii	"Message Buf\000"
 343      61676520 
 343      42756600 
 344              		.bss
 345              		.align	2
 346              		.set	.LANCHOR0,. + 0
 347              		.type	state.7529, %object
 348              		.size	state.7529, 1
 349              	state.7529:
 350 0000 00       		.space	1
 351 0001 000000   		.space	3
 352              		.type	idx.7528, %object
 353              		.size	idx.7528, 4
 354              	idx.7528:
 355 0004 00000000 		.space	4
 356              		.type	buf.7527, %object
 357              		.size	buf.7527, 20
 358              	buf.7527:
 359 0008 00000000 		.space	20
 359      00000000 
 359      00000000 
 359      00000000 
 359      00000000 
 360              		.type	xMessageBuffer, %object
 361              		.size	xMessageBuffer, 4
 362              	xMessageBuffer:
 363 001c 00000000 		.space	4
 364              		.text
 365              	.Letext0:
 366              		.file 2 "c:\\program files (x86)\\cypress\\psoc creator\\4.2\\psoc creator\\import\\gnu\\arm\\5.4.
 367              		.file 3 "c:\\program files (x86)\\cypress\\psoc creator\\4.2\\psoc creator\\import\\gnu\\arm\\5.4.
 368              		.file 4 "Generated_Source\\PSoC5/cytypes.h"
 369              		.file 5 "c:\\program files (x86)\\cypress\\psoc creator\\4.2\\psoc creator\\import\\gnu\\arm\\5.4.
 370              		.file 6 "..\\FreeRTOS\\portable\\GCC\\ARM_CM3/portmacro.h"
 371              		.file 7 "..\\FreeRTOS\\include/stream_buffer.h"
 372              		.file 8 "..\\FreeRTOS\\include/message_buffer.h"
 373              		.file 9 "Generated_Source\\PSoC5/core_cm3.h"
 374              		.file 10 "Generated_Source\\PSoC5/UART.h"
 375              		.file 11 "c:\\program files (x86)\\cypress\\psoc creator\\4.2\\psoc creator\\import\\gnu\\arm\\5.4
 376              		.file 12 "Generated_Source\\PSoC5/LED.h"
 377              		.file 13 "c:\\program files (x86)\\cypress\\psoc creator\\4.2\\psoc creator\\import\\gnu\\arm\\5.4
 378              		.file 14 "Generated_Source\\PSoC5/PWM.h"
 379              		.file 15 "..\\FreeRTOS\\include/task.h"
 380              		.file 16 "Generated_Source\\PSoC5/ISR_UART.h"
 381              		.file 17 "..\\FreeRTOS/FreeRTOS_PSoC.h"
 382              		.section	.debug_info,"",%progbits
 383              	.Ldebug_info0:
ARM GAS  C:\Users\Tri94\AppData\Local\Temp\ccJ2tyJM.s 			page 11


 384 0000 E9040000 		.4byte	0x4e9
 385 0004 0400     		.2byte	0x4
 386 0006 00000000 		.4byte	.Ldebug_abbrev0
 387 000a 04       		.byte	0x4
 388 000b 01       		.uleb128 0x1
 389 000c E4020000 		.4byte	.LASF52
 390 0010 0C       		.byte	0xc
 391 0011 66020000 		.4byte	.LASF53
 392 0015 A6000000 		.4byte	.LASF54
 393 0019 00000000 		.4byte	.Ldebug_ranges0+0
 394 001d 00000000 		.4byte	0
 395 0021 00000000 		.4byte	.Ldebug_line0
 396 0025 02       		.uleb128 0x2
 397 0026 01       		.byte	0x1
 398 0027 06       		.byte	0x6
 399 0028 84010000 		.4byte	.LASF0
 400 002c 02       		.uleb128 0x2
 401 002d 01       		.byte	0x1
 402 002e 08       		.byte	0x8
 403 002f 67010000 		.4byte	.LASF1
 404 0033 02       		.uleb128 0x2
 405 0034 02       		.byte	0x2
 406 0035 05       		.byte	0x5
 407 0036 3A000000 		.4byte	.LASF2
 408 003a 02       		.uleb128 0x2
 409 003b 02       		.byte	0x2
 410 003c 07       		.byte	0x7
 411 003d 0B020000 		.4byte	.LASF3
 412 0041 03       		.uleb128 0x3
 413 0042 A2020000 		.4byte	.LASF5
 414 0046 02       		.byte	0x2
 415 0047 3F       		.byte	0x3f
 416 0048 4C000000 		.4byte	0x4c
 417 004c 02       		.uleb128 0x2
 418 004d 04       		.byte	0x4
 419 004e 05       		.byte	0x5
 420 004f 2E010000 		.4byte	.LASF4
 421 0053 03       		.uleb128 0x3
 422 0054 72000000 		.4byte	.LASF6
 423 0058 02       		.byte	0x2
 424 0059 41       		.byte	0x41
 425 005a 5E000000 		.4byte	0x5e
 426 005e 02       		.uleb128 0x2
 427 005f 04       		.byte	0x4
 428 0060 07       		.byte	0x7
 429 0061 6D020000 		.4byte	.LASF7
 430 0065 02       		.uleb128 0x2
 431 0066 08       		.byte	0x8
 432 0067 05       		.byte	0x5
 433 0068 01010000 		.4byte	.LASF8
 434 006c 02       		.uleb128 0x2
 435 006d 08       		.byte	0x8
 436 006e 07       		.byte	0x7
 437 006f 90010000 		.4byte	.LASF9
 438 0073 04       		.uleb128 0x4
 439 0074 04       		.byte	0x4
 440 0075 05       		.byte	0x5
ARM GAS  C:\Users\Tri94\AppData\Local\Temp\ccJ2tyJM.s 			page 12


 441 0076 696E7400 		.ascii	"int\000"
 442 007a 02       		.uleb128 0x2
 443 007b 04       		.byte	0x4
 444 007c 07       		.byte	0x7
 445 007d E2010000 		.4byte	.LASF10
 446 0081 03       		.uleb128 0x3
 447 0082 2E020000 		.4byte	.LASF11
 448 0086 03       		.byte	0x3
 449 0087 2C       		.byte	0x2c
 450 0088 41000000 		.4byte	0x41
 451 008c 03       		.uleb128 0x3
 452 008d C0010000 		.4byte	.LASF12
 453 0091 03       		.byte	0x3
 454 0092 30       		.byte	0x30
 455 0093 53000000 		.4byte	0x53
 456 0097 05       		.uleb128 0x5
 457 0098 5F020000 		.4byte	.LASF13
 458 009c 04       		.byte	0x4
 459 009d E601     		.2byte	0x1e6
 460 009f 5E000000 		.4byte	0x5e
 461 00a3 02       		.uleb128 0x2
 462 00a4 04       		.byte	0x4
 463 00a5 04       		.byte	0x4
 464 00a6 A0000000 		.4byte	.LASF14
 465 00aa 02       		.uleb128 0x2
 466 00ab 08       		.byte	0x8
 467 00ac 04       		.byte	0x4
 468 00ad 7F020000 		.4byte	.LASF15
 469 00b1 02       		.uleb128 0x2
 470 00b2 01       		.byte	0x1
 471 00b3 08       		.byte	0x8
 472 00b4 1E020000 		.4byte	.LASF16
 473 00b8 03       		.uleb128 0x3
 474 00b9 44000000 		.4byte	.LASF17
 475 00bd 05       		.byte	0x5
 476 00be D8       		.byte	0xd8
 477 00bf 7A000000 		.4byte	0x7a
 478 00c3 02       		.uleb128 0x2
 479 00c4 08       		.byte	0x8
 480 00c5 04       		.byte	0x4
 481 00c6 5B010000 		.4byte	.LASF18
 482 00ca 02       		.uleb128 0x2
 483 00cb 04       		.byte	0x4
 484 00cc 07       		.byte	0x7
 485 00cd 4B000000 		.4byte	.LASF19
 486 00d1 06       		.uleb128 0x6
 487 00d2 04       		.byte	0x4
 488 00d3 07       		.uleb128 0x7
 489 00d4 04       		.byte	0x4
 490 00d5 B1000000 		.4byte	0xb1
 491 00d9 03       		.uleb128 0x3
 492 00da EF010000 		.4byte	.LASF20
 493 00de 06       		.byte	0x6
 494 00df 43       		.byte	0x43
 495 00e0 4C000000 		.4byte	0x4c
 496 00e4 03       		.uleb128 0x3
 497 00e5 0F010000 		.4byte	.LASF21
ARM GAS  C:\Users\Tri94\AppData\Local\Temp\ccJ2tyJM.s 			page 13


 498 00e9 06       		.byte	0x6
 499 00ea 4A       		.byte	0x4a
 500 00eb 8C000000 		.4byte	0x8c
 501 00ef 03       		.uleb128 0x3
 502 00f0 AC020000 		.4byte	.LASF22
 503 00f4 07       		.byte	0x7
 504 00f5 3D       		.byte	0x3d
 505 00f6 D1000000 		.4byte	0xd1
 506 00fa 03       		.uleb128 0x3
 507 00fb 3D020000 		.4byte	.LASF23
 508 00ff 08       		.byte	0x8
 509 0100 4F       		.byte	0x4f
 510 0101 D1000000 		.4byte	0xd1
 511 0105 08       		.uleb128 0x8
 512 0106 89030000 		.4byte	.LASF26
 513 010a 01       		.byte	0x1
 514 010b 2C000000 		.4byte	0x2c
 515 010f 01       		.byte	0x1
 516 0110 5A       		.byte	0x5a
 517 0111 22010000 		.4byte	0x122
 518 0115 09       		.uleb128 0x9
 519 0116 36020000 		.4byte	.LASF24
 520 011a 00       		.byte	0
 521 011b 09       		.uleb128 0x9
 522 011c 86020000 		.4byte	.LASF25
 523 0120 01       		.byte	0x1
 524 0121 00       		.byte	0
 525 0122 03       		.uleb128 0x3
 526 0123 89030000 		.4byte	.LASF26
 527 0127 01       		.byte	0x1
 528 0128 5D       		.byte	0x5d
 529 0129 05010000 		.4byte	0x105
 530 012d 0A       		.uleb128 0xa
 531 012e 44010000 		.4byte	.LASF28
 532 0132 01       		.byte	0x1
 533 0133 5F       		.byte	0x5f
 534 0134 00000000 		.4byte	.LFB71
 535 0138 54000000 		.4byte	.LFE71-.LFB71
 536 013c 01       		.uleb128 0x1
 537 013d 9C       		.byte	0x9c
 538 013e AE010000 		.4byte	0x1ae
 539 0142 0B       		.uleb128 0xb
 540 0143 62756600 		.ascii	"buf\000"
 541 0147 01       		.byte	0x1
 542 0148 60       		.byte	0x60
 543 0149 AE010000 		.4byte	0x1ae
 544 014d 05       		.uleb128 0x5
 545 014e 03       		.byte	0x3
 546 014f 08000000 		.4byte	buf.7527
 547 0153 0B       		.uleb128 0xb
 548 0154 69647800 		.ascii	"idx\000"
 549 0158 01       		.byte	0x1
 550 0159 61       		.byte	0x61
 551 015a 73000000 		.4byte	0x73
 552 015e 05       		.uleb128 0x5
 553 015f 03       		.byte	0x3
 554 0160 04000000 		.4byte	idx.7528
ARM GAS  C:\Users\Tri94\AppData\Local\Temp\ccJ2tyJM.s 			page 14


 555 0164 0C       		.uleb128 0xc
 556 0165 3E010000 		.4byte	.LASF27
 557 0169 01       		.byte	0x1
 558 016a 62       		.byte	0x62
 559 016b 22010000 		.4byte	0x122
 560 016f 05       		.uleb128 0x5
 561 0170 03       		.byte	0x3
 562 0171 00000000 		.4byte	state.7529
 563 0175 0D       		.uleb128 0xd
 564 0176 636800   		.ascii	"ch\000"
 565 0179 01       		.byte	0x1
 566 017a 63       		.byte	0x63
 567 017b B1000000 		.4byte	0xb1
 568 017f 00000000 		.4byte	.LLST0
 569 0183 0E       		.uleb128 0xe
 570 0184 A7010000 		.4byte	.LASF31
 571 0188 01       		.byte	0x1
 572 0189 64       		.byte	0x64
 573 018a D9000000 		.4byte	0xd9
 574 018e 0F       		.uleb128 0xf
 575 018f 06000000 		.4byte	.LVL0
 576 0193 36040000 		.4byte	0x436
 577 0197 10       		.uleb128 0x10
 578 0198 3E000000 		.4byte	.LVL3
 579 019c 41040000 		.4byte	0x441
 580 01a0 11       		.uleb128 0x11
 581 01a1 01       		.uleb128 0x1
 582 01a2 51       		.byte	0x51
 583 01a3 02       		.uleb128 0x2
 584 01a4 75       		.byte	0x75
 585 01a5 08       		.sleb128 8
 586 01a6 11       		.uleb128 0x11
 587 01a7 01       		.uleb128 0x1
 588 01a8 53       		.byte	0x53
 589 01a9 02       		.uleb128 0x2
 590 01aa 76       		.byte	0x76
 591 01ab 00       		.sleb128 0
 592 01ac 00       		.byte	0
 593 01ad 00       		.byte	0
 594 01ae 12       		.uleb128 0x12
 595 01af B1000000 		.4byte	0xb1
 596 01b3 BE010000 		.4byte	0x1be
 597 01b7 13       		.uleb128 0x13
 598 01b8 CA000000 		.4byte	0xca
 599 01bc 13       		.byte	0x13
 600 01bd 00       		.byte	0
 601 01be 0A       		.uleb128 0xa
 602 01bf 7E030000 		.4byte	.LASF29
 603 01c3 01       		.byte	0x1
 604 01c4 86       		.byte	0x86
 605 01c5 00000000 		.4byte	.LFB72
 606 01c9 78000000 		.4byte	.LFE72-.LFB72
 607 01cd 01       		.uleb128 0x1
 608 01ce 9C       		.byte	0x9c
 609 01cf 1B030000 		.4byte	0x31b
 610 01d3 14       		.uleb128 0x14
 611 01d4 53020000 		.4byte	.LASF55
ARM GAS  C:\Users\Tri94\AppData\Local\Temp\ccJ2tyJM.s 			page 15


 612 01d8 01       		.byte	0x1
 613 01d9 86       		.byte	0x86
 614 01da D1000000 		.4byte	0xd1
 615 01de 1E000000 		.4byte	.LLST1
 616 01e2 0B       		.uleb128 0xb
 617 01e3 62756600 		.ascii	"buf\000"
 618 01e7 01       		.byte	0x1
 619 01e8 88       		.byte	0x88
 620 01e9 AE010000 		.4byte	0x1ae
 621 01ed 02       		.uleb128 0x2
 622 01ee 91       		.byte	0x91
 623 01ef 64       		.sleb128 -28
 624 01f0 15       		.uleb128 0x15
 625 01f1 4F010000 		.4byte	.LASF30
 626 01f5 01       		.byte	0x1
 627 01f6 89       		.byte	0x89
 628 01f7 B8000000 		.4byte	0xb8
 629 01fb 3F000000 		.4byte	.LLST2
 630 01ff 0E       		.uleb128 0xe
 631 0200 91000000 		.4byte	.LASF32
 632 0204 01       		.byte	0x1
 633 0205 8A       		.byte	0x8a
 634 0206 D3000000 		.4byte	0xd3
 635 020a 0D       		.uleb128 0xd
 636 020b 70636800 		.ascii	"pch\000"
 637 020f 01       		.byte	0x1
 638 0210 8B       		.byte	0x8b
 639 0211 D3000000 		.4byte	0xd3
 640 0215 52000000 		.4byte	.LLST3
 641 0219 0D       		.uleb128 0xd
 642 021a 636D7000 		.ascii	"cmp\000"
 643 021e 01       		.byte	0x1
 644 021f 8C       		.byte	0x8c
 645 0220 97000000 		.4byte	0x97
 646 0224 70000000 		.4byte	.LLST4
 647 0228 16       		.uleb128 0x16
 648 0229 12000000 		.4byte	.LVL6
 649 022d 4D040000 		.4byte	0x44d
 650 0231 47020000 		.4byte	0x247
 651 0235 11       		.uleb128 0x11
 652 0236 01       		.uleb128 0x1
 653 0237 51       		.byte	0x51
 654 0238 02       		.uleb128 0x2
 655 0239 91       		.byte	0x91
 656 023a 64       		.sleb128 -28
 657 023b 11       		.uleb128 0x11
 658 023c 01       		.uleb128 0x1
 659 023d 52       		.byte	0x52
 660 023e 01       		.uleb128 0x1
 661 023f 44       		.byte	0x44
 662 0240 11       		.uleb128 0x11
 663 0241 01       		.uleb128 0x1
 664 0242 53       		.byte	0x53
 665 0243 02       		.uleb128 0x2
 666 0244 08       		.byte	0x8
 667 0245 64       		.byte	0x64
 668 0246 00       		.byte	0
ARM GAS  C:\Users\Tri94\AppData\Local\Temp\ccJ2tyJM.s 			page 16


 669 0247 16       		.uleb128 0x16
 670 0248 1C000000 		.4byte	.LVL8
 671 024c 59040000 		.4byte	0x459
 672 0250 64020000 		.4byte	0x264
 673 0254 11       		.uleb128 0x11
 674 0255 01       		.uleb128 0x1
 675 0256 50       		.byte	0x50
 676 0257 02       		.uleb128 0x2
 677 0258 91       		.byte	0x91
 678 0259 64       		.sleb128 -28
 679 025a 11       		.uleb128 0x11
 680 025b 01       		.uleb128 0x1
 681 025c 51       		.byte	0x51
 682 025d 05       		.uleb128 0x5
 683 025e 03       		.byte	0x3
 684 025f 00000000 		.4byte	.LC0
 685 0263 00       		.byte	0
 686 0264 16       		.uleb128 0x16
 687 0265 24000000 		.4byte	.LVL9
 688 0269 64040000 		.4byte	0x464
 689 026d 77020000 		.4byte	0x277
 690 0271 11       		.uleb128 0x11
 691 0272 01       		.uleb128 0x1
 692 0273 50       		.byte	0x50
 693 0274 01       		.uleb128 0x1
 694 0275 31       		.byte	0x31
 695 0276 00       		.byte	0
 696 0277 16       		.uleb128 0x16
 697 0278 2C000000 		.4byte	.LVL10
 698 027c 59040000 		.4byte	0x459
 699 0280 94020000 		.4byte	0x294
 700 0284 11       		.uleb128 0x11
 701 0285 01       		.uleb128 0x1
 702 0286 50       		.byte	0x50
 703 0287 02       		.uleb128 0x2
 704 0288 91       		.byte	0x91
 705 0289 64       		.sleb128 -28
 706 028a 11       		.uleb128 0x11
 707 028b 01       		.uleb128 0x1
 708 028c 51       		.byte	0x51
 709 028d 05       		.uleb128 0x5
 710 028e 03       		.byte	0x3
 711 028f 08000000 		.4byte	.LC1
 712 0293 00       		.byte	0
 713 0294 16       		.uleb128 0x16
 714 0295 34000000 		.4byte	.LVL11
 715 0299 64040000 		.4byte	0x464
 716 029d A7020000 		.4byte	0x2a7
 717 02a1 11       		.uleb128 0x11
 718 02a2 01       		.uleb128 0x1
 719 02a3 50       		.byte	0x50
 720 02a4 01       		.uleb128 0x1
 721 02a5 30       		.byte	0x30
 722 02a6 00       		.byte	0
 723 02a7 16       		.uleb128 0x16
 724 02a8 3C000000 		.4byte	.LVL12
 725 02ac 6F040000 		.4byte	0x46f
ARM GAS  C:\Users\Tri94\AppData\Local\Temp\ccJ2tyJM.s 			page 17


 726 02b0 C4020000 		.4byte	0x2c4
 727 02b4 11       		.uleb128 0x11
 728 02b5 01       		.uleb128 0x1
 729 02b6 50       		.byte	0x50
 730 02b7 02       		.uleb128 0x2
 731 02b8 91       		.byte	0x91
 732 02b9 64       		.sleb128 -28
 733 02ba 11       		.uleb128 0x11
 734 02bb 01       		.uleb128 0x1
 735 02bc 51       		.byte	0x51
 736 02bd 05       		.uleb128 0x5
 737 02be 03       		.byte	0x3
 738 02bf 10000000 		.4byte	.LC2
 739 02c3 00       		.byte	0
 740 02c4 16       		.uleb128 0x16
 741 02c5 44000000 		.4byte	.LVL13
 742 02c9 59040000 		.4byte	0x459
 743 02cd DB020000 		.4byte	0x2db
 744 02d1 11       		.uleb128 0x11
 745 02d2 01       		.uleb128 0x1
 746 02d3 51       		.byte	0x51
 747 02d4 05       		.uleb128 0x5
 748 02d5 03       		.byte	0x3
 749 02d6 14000000 		.4byte	.LC3
 750 02da 00       		.byte	0
 751 02db 16       		.uleb128 0x16
 752 02dc 4E000000 		.4byte	.LVL14
 753 02e0 6F040000 		.4byte	0x46f
 754 02e4 F8020000 		.4byte	0x2f8
 755 02e8 11       		.uleb128 0x11
 756 02e9 01       		.uleb128 0x1
 757 02ea 50       		.byte	0x50
 758 02eb 02       		.uleb128 0x2
 759 02ec 91       		.byte	0x91
 760 02ed 64       		.sleb128 -28
 761 02ee 11       		.uleb128 0x11
 762 02ef 01       		.uleb128 0x1
 763 02f0 51       		.byte	0x51
 764 02f1 05       		.uleb128 0x5
 765 02f2 03       		.byte	0x3
 766 02f3 10000000 		.4byte	.LC2
 767 02f7 00       		.byte	0
 768 02f8 0F       		.uleb128 0xf
 769 02f9 52000000 		.4byte	.LVL15
 770 02fd 7A040000 		.4byte	0x47a
 771 0301 0F       		.uleb128 0xf
 772 0302 5C000000 		.4byte	.LVL17
 773 0306 85040000 		.4byte	0x485
 774 030a 10       		.uleb128 0x10
 775 030b 62000000 		.4byte	.LVL18
 776 030f 90040000 		.4byte	0x490
 777 0313 11       		.uleb128 0x11
 778 0314 01       		.uleb128 0x1
 779 0315 50       		.byte	0x50
 780 0316 02       		.uleb128 0x2
 781 0317 08       		.byte	0x8
 782 0318 32       		.byte	0x32
ARM GAS  C:\Users\Tri94\AppData\Local\Temp\ccJ2tyJM.s 			page 18


 783 0319 00       		.byte	0
 784 031a 00       		.byte	0
 785 031b 17       		.uleb128 0x17
 786 031c CB020000 		.4byte	.LASF56
 787 0320 01       		.byte	0x1
 788 0321 4F       		.byte	0x4f
 789 0322 00000000 		.4byte	.LFB70
 790 0326 18000000 		.4byte	.LFE70-.LFB70
 791 032a 01       		.uleb128 0x1
 792 032b 9C       		.byte	0x9c
 793 032c 5A030000 		.4byte	0x35a
 794 0330 16       		.uleb128 0x16
 795 0331 08000000 		.4byte	.LVL19
 796 0335 9C040000 		.4byte	0x49c
 797 0339 47030000 		.4byte	0x347
 798 033d 11       		.uleb128 0x11
 799 033e 01       		.uleb128 0x1
 800 033f 50       		.byte	0x50
 801 0340 05       		.uleb128 0x5
 802 0341 03       		.byte	0x3
 803 0342 00000000 		.4byte	myISR_UART
 804 0346 00       		.byte	0
 805 0347 0F       		.uleb128 0xf
 806 0348 0C000000 		.4byte	.LVL20
 807 034c A7040000 		.4byte	0x4a7
 808 0350 0F       		.uleb128 0xf
 809 0351 10000000 		.4byte	.LVL21
 810 0355 B2040000 		.4byte	0x4b2
 811 0359 00       		.byte	0
 812 035a 18       		.uleb128 0x18
 813 035b 6D000000 		.4byte	.LASF57
 814 035f 01       		.byte	0x1
 815 0360 27       		.byte	0x27
 816 0361 73000000 		.4byte	0x73
 817 0365 00000000 		.4byte	.LFB69
 818 0369 4C000000 		.4byte	.LFE69-.LFB69
 819 036d 01       		.uleb128 0x1
 820 036e 9C       		.byte	0x9c
 821 036f F3030000 		.4byte	0x3f3
 822 0373 0D       		.uleb128 0xd
 823 0374 65727200 		.ascii	"err\000"
 824 0378 01       		.byte	0x1
 825 0379 29       		.byte	0x29
 826 037a D9000000 		.4byte	0xd9
 827 037e 83000000 		.4byte	.LLST5
 828 0382 0F       		.uleb128 0xf
 829 0383 0A000000 		.4byte	.LVL22
 830 0387 BD040000 		.4byte	0x4bd
 831 038b 0F       		.uleb128 0xf
 832 038c 0E000000 		.4byte	.LVL23
 833 0390 1B030000 		.4byte	0x31b
 834 0394 16       		.uleb128 0x16
 835 0395 18000000 		.4byte	.LVL24
 836 0399 C8040000 		.4byte	0x4c8
 837 039d B2030000 		.4byte	0x3b2
 838 03a1 11       		.uleb128 0x11
 839 03a2 01       		.uleb128 0x1
ARM GAS  C:\Users\Tri94\AppData\Local\Temp\ccJ2tyJM.s 			page 19


 840 03a3 50       		.byte	0x50
 841 03a4 02       		.uleb128 0x2
 842 03a5 08       		.byte	0x8
 843 03a6 64       		.byte	0x64
 844 03a7 11       		.uleb128 0x11
 845 03a8 01       		.uleb128 0x1
 846 03a9 51       		.byte	0x51
 847 03aa 01       		.uleb128 0x1
 848 03ab 30       		.byte	0x30
 849 03ac 11       		.uleb128 0x11
 850 03ad 01       		.uleb128 0x1
 851 03ae 52       		.byte	0x52
 852 03af 01       		.uleb128 0x1
 853 03b0 31       		.byte	0x31
 854 03b1 00       		.byte	0
 855 03b2 16       		.uleb128 0x16
 856 03b3 32000000 		.4byte	.LVL25
 857 03b7 D4040000 		.4byte	0x4d4
 858 03bb E9030000 		.4byte	0x3e9
 859 03bf 11       		.uleb128 0x11
 860 03c0 01       		.uleb128 0x1
 861 03c1 50       		.byte	0x50
 862 03c2 05       		.uleb128 0x5
 863 03c3 03       		.byte	0x3
 864 03c4 00000000 		.4byte	vUARTTask1
 865 03c8 11       		.uleb128 0x11
 866 03c9 01       		.uleb128 0x1
 867 03ca 51       		.byte	0x51
 868 03cb 05       		.uleb128 0x5
 869 03cc 03       		.byte	0x3
 870 03cd 18000000 		.4byte	.LC4
 871 03d1 11       		.uleb128 0x11
 872 03d2 01       		.uleb128 0x1
 873 03d3 52       		.byte	0x52
 874 03d4 02       		.uleb128 0x2
 875 03d5 08       		.byte	0x8
 876 03d6 C8       		.byte	0xc8
 877 03d7 11       		.uleb128 0x11
 878 03d8 01       		.uleb128 0x1
 879 03d9 53       		.byte	0x53
 880 03da 01       		.uleb128 0x1
 881 03db 30       		.byte	0x30
 882 03dc 11       		.uleb128 0x11
 883 03dd 02       		.uleb128 0x2
 884 03de 7D       		.byte	0x7d
 885 03df 00       		.sleb128 0
 886 03e0 01       		.uleb128 0x1
 887 03e1 34       		.byte	0x34
 888 03e2 11       		.uleb128 0x11
 889 03e3 02       		.uleb128 0x2
 890 03e4 7D       		.byte	0x7d
 891 03e5 04       		.sleb128 4
 892 03e6 01       		.uleb128 0x1
 893 03e7 30       		.byte	0x30
 894 03e8 00       		.byte	0
 895 03e9 0F       		.uleb128 0xf
 896 03ea 3C000000 		.4byte	.LVL26
ARM GAS  C:\Users\Tri94\AppData\Local\Temp\ccJ2tyJM.s 			page 20


 897 03ee E0040000 		.4byte	0x4e0
 898 03f2 00       		.byte	0
 899 03f3 19       		.uleb128 0x19
 900 03f4 D7020000 		.4byte	.LASF33
 901 03f8 09       		.byte	0x9
 902 03f9 1207     		.2byte	0x712
 903 03fb FF030000 		.4byte	0x3ff
 904 03ff 1A       		.uleb128 0x1a
 905 0400 81000000 		.4byte	0x81
 906 0404 1B       		.uleb128 0x1b
 907 0405 75010000 		.4byte	.LASF34
 908 0409 01       		.byte	0x1
 909 040a 22       		.byte	0x22
 910 040b FA000000 		.4byte	0xfa
 911 040f 05       		.uleb128 0x5
 912 0410 03       		.byte	0x3
 913 0411 00000000 		.4byte	xMessageBuffer
 914 0415 12       		.uleb128 0x12
 915 0416 D3000000 		.4byte	0xd3
 916 041a 25040000 		.4byte	0x425
 917 041e 13       		.uleb128 0x13
 918 041f CA000000 		.4byte	0xca
 919 0423 03       		.byte	0x3
 920 0424 00       		.byte	0
 921 0425 1B       		.uleb128 0x1b
 922 0426 97000000 		.4byte	.LASF35
 923 042a 01       		.byte	0x1
 924 042b 80       		.byte	0x80
 925 042c 15040000 		.4byte	0x415
 926 0430 05       		.uleb128 0x5
 927 0431 03       		.byte	0x3
 928 0432 00000000 		.4byte	xMessage
 929 0436 1C       		.uleb128 0x1c
 930 0437 84000000 		.4byte	.LASF36
 931 043b 84000000 		.4byte	.LASF36
 932 043f 0A       		.byte	0xa
 933 0440 71       		.byte	0x71
 934 0441 1D       		.uleb128 0x1d
 935 0442 C9010000 		.4byte	.LASF37
 936 0446 C9010000 		.4byte	.LASF37
 937 044a 07       		.byte	0x7
 938 044b 9501     		.2byte	0x195
 939 044d 1D       		.uleb128 0x1d
 940 044e 25000000 		.4byte	.LASF38
 941 0452 25000000 		.4byte	.LASF38
 942 0456 07       		.byte	0x7
 943 0457 EE01     		.2byte	0x1ee
 944 0459 1C       		.uleb128 0x1c
 945 045a 7D000000 		.4byte	.LASF39
 946 045e 7D000000 		.4byte	.LASF39
 947 0462 0B       		.byte	0xb
 948 0463 1C       		.byte	0x1c
 949 0464 1C       		.uleb128 0x1c
 950 0465 1B000000 		.4byte	.LASF40
 951 0469 1B000000 		.4byte	.LASF40
 952 046d 0C       		.byte	0xc
 953 046e 26       		.byte	0x26
ARM GAS  C:\Users\Tri94\AppData\Local\Temp\ccJ2tyJM.s 			page 21


 954 046f 1C       		.uleb128 0x1c
 955 0470 37010000 		.4byte	.LASF41
 956 0474 37010000 		.4byte	.LASF41
 957 0478 0B       		.byte	0xb
 958 0479 2A       		.byte	0x2a
 959 047a 1C       		.uleb128 0x1c
 960 047b 56010000 		.4byte	.LASF42
 961 047f 56010000 		.4byte	.LASF42
 962 0483 0D       		.byte	0xd
 963 0484 4D       		.byte	0x4d
 964 0485 1C       		.uleb128 0x1c
 965 0486 FA010000 		.4byte	.LASF43
 966 048a FA010000 		.4byte	.LASF43
 967 048e 0E       		.byte	0xe
 968 048f C3       		.byte	0xc3
 969 0490 1D       		.uleb128 0x1d
 970 0491 54000000 		.4byte	.LASF44
 971 0495 54000000 		.4byte	.LASF44
 972 0499 0F       		.byte	0xf
 973 049a F302     		.2byte	0x2f3
 974 049c 1C       		.uleb128 0x1c
 975 049d 91020000 		.4byte	.LASF45
 976 04a1 91020000 		.4byte	.LASF45
 977 04a5 10       		.byte	0x10
 978 04a6 18       		.byte	0x18
 979 04a7 1C       		.uleb128 0x1c
 980 04a8 23020000 		.4byte	.LASF46
 981 04ac 23020000 		.4byte	.LASF46
 982 04b0 0A       		.byte	0xa
 983 04b1 54       		.byte	0x54
 984 04b2 1C       		.uleb128 0x1c
 985 04b3 C1020000 		.4byte	.LASF47
 986 04b7 C1020000 		.4byte	.LASF47
 987 04bb 0E       		.byte	0xe
 988 04bc 92       		.byte	0x92
 989 04bd 1C       		.uleb128 0x1c
 990 04be 5F000000 		.4byte	.LASF48
 991 04c2 5F000000 		.4byte	.LASF48
 992 04c6 11       		.byte	0x11
 993 04c7 17       		.byte	0x17
 994 04c8 1D       		.uleb128 0x1d
 995 04c9 00000000 		.4byte	.LASF49
 996 04cd 00000000 		.4byte	.LASF49
 997 04d1 07       		.byte	0x7
 998 04d2 3D03     		.2byte	0x33d
 999 04d4 1D       		.uleb128 0x1d
 1000 04d5 72030000 		.4byte	.LASF50
 1001 04d9 72030000 		.4byte	.LASF50
 1002 04dd 0F       		.byte	0xf
 1003 04de 4701     		.2byte	0x147
 1004 04e0 1D       		.uleb128 0x1d
 1005 04e1 1A010000 		.4byte	.LASF51
 1006 04e5 1A010000 		.4byte	.LASF51
 1007 04e9 0F       		.byte	0xf
 1008 04ea 9404     		.2byte	0x494
 1009 04ec 00       		.byte	0
 1010              		.section	.debug_abbrev,"",%progbits
ARM GAS  C:\Users\Tri94\AppData\Local\Temp\ccJ2tyJM.s 			page 22


 1011              	.Ldebug_abbrev0:
 1012 0000 01       		.uleb128 0x1
 1013 0001 11       		.uleb128 0x11
 1014 0002 01       		.byte	0x1
 1015 0003 25       		.uleb128 0x25
 1016 0004 0E       		.uleb128 0xe
 1017 0005 13       		.uleb128 0x13
 1018 0006 0B       		.uleb128 0xb
 1019 0007 03       		.uleb128 0x3
 1020 0008 0E       		.uleb128 0xe
 1021 0009 1B       		.uleb128 0x1b
 1022 000a 0E       		.uleb128 0xe
 1023 000b 55       		.uleb128 0x55
 1024 000c 17       		.uleb128 0x17
 1025 000d 11       		.uleb128 0x11
 1026 000e 01       		.uleb128 0x1
 1027 000f 10       		.uleb128 0x10
 1028 0010 17       		.uleb128 0x17
 1029 0011 00       		.byte	0
 1030 0012 00       		.byte	0
 1031 0013 02       		.uleb128 0x2
 1032 0014 24       		.uleb128 0x24
 1033 0015 00       		.byte	0
 1034 0016 0B       		.uleb128 0xb
 1035 0017 0B       		.uleb128 0xb
 1036 0018 3E       		.uleb128 0x3e
 1037 0019 0B       		.uleb128 0xb
 1038 001a 03       		.uleb128 0x3
 1039 001b 0E       		.uleb128 0xe
 1040 001c 00       		.byte	0
 1041 001d 00       		.byte	0
 1042 001e 03       		.uleb128 0x3
 1043 001f 16       		.uleb128 0x16
 1044 0020 00       		.byte	0
 1045 0021 03       		.uleb128 0x3
 1046 0022 0E       		.uleb128 0xe
 1047 0023 3A       		.uleb128 0x3a
 1048 0024 0B       		.uleb128 0xb
 1049 0025 3B       		.uleb128 0x3b
 1050 0026 0B       		.uleb128 0xb
 1051 0027 49       		.uleb128 0x49
 1052 0028 13       		.uleb128 0x13
 1053 0029 00       		.byte	0
 1054 002a 00       		.byte	0
 1055 002b 04       		.uleb128 0x4
 1056 002c 24       		.uleb128 0x24
 1057 002d 00       		.byte	0
 1058 002e 0B       		.uleb128 0xb
 1059 002f 0B       		.uleb128 0xb
 1060 0030 3E       		.uleb128 0x3e
 1061 0031 0B       		.uleb128 0xb
 1062 0032 03       		.uleb128 0x3
 1063 0033 08       		.uleb128 0x8
 1064 0034 00       		.byte	0
 1065 0035 00       		.byte	0
 1066 0036 05       		.uleb128 0x5
 1067 0037 16       		.uleb128 0x16
ARM GAS  C:\Users\Tri94\AppData\Local\Temp\ccJ2tyJM.s 			page 23


 1068 0038 00       		.byte	0
 1069 0039 03       		.uleb128 0x3
 1070 003a 0E       		.uleb128 0xe
 1071 003b 3A       		.uleb128 0x3a
 1072 003c 0B       		.uleb128 0xb
 1073 003d 3B       		.uleb128 0x3b
 1074 003e 05       		.uleb128 0x5
 1075 003f 49       		.uleb128 0x49
 1076 0040 13       		.uleb128 0x13
 1077 0041 00       		.byte	0
 1078 0042 00       		.byte	0
 1079 0043 06       		.uleb128 0x6
 1080 0044 0F       		.uleb128 0xf
 1081 0045 00       		.byte	0
 1082 0046 0B       		.uleb128 0xb
 1083 0047 0B       		.uleb128 0xb
 1084 0048 00       		.byte	0
 1085 0049 00       		.byte	0
 1086 004a 07       		.uleb128 0x7
 1087 004b 0F       		.uleb128 0xf
 1088 004c 00       		.byte	0
 1089 004d 0B       		.uleb128 0xb
 1090 004e 0B       		.uleb128 0xb
 1091 004f 49       		.uleb128 0x49
 1092 0050 13       		.uleb128 0x13
 1093 0051 00       		.byte	0
 1094 0052 00       		.byte	0
 1095 0053 08       		.uleb128 0x8
 1096 0054 04       		.uleb128 0x4
 1097 0055 01       		.byte	0x1
 1098 0056 03       		.uleb128 0x3
 1099 0057 0E       		.uleb128 0xe
 1100 0058 0B       		.uleb128 0xb
 1101 0059 0B       		.uleb128 0xb
 1102 005a 49       		.uleb128 0x49
 1103 005b 13       		.uleb128 0x13
 1104 005c 3A       		.uleb128 0x3a
 1105 005d 0B       		.uleb128 0xb
 1106 005e 3B       		.uleb128 0x3b
 1107 005f 0B       		.uleb128 0xb
 1108 0060 01       		.uleb128 0x1
 1109 0061 13       		.uleb128 0x13
 1110 0062 00       		.byte	0
 1111 0063 00       		.byte	0
 1112 0064 09       		.uleb128 0x9
 1113 0065 28       		.uleb128 0x28
 1114 0066 00       		.byte	0
 1115 0067 03       		.uleb128 0x3
 1116 0068 0E       		.uleb128 0xe
 1117 0069 1C       		.uleb128 0x1c
 1118 006a 0B       		.uleb128 0xb
 1119 006b 00       		.byte	0
 1120 006c 00       		.byte	0
 1121 006d 0A       		.uleb128 0xa
 1122 006e 2E       		.uleb128 0x2e
 1123 006f 01       		.byte	0x1
 1124 0070 3F       		.uleb128 0x3f
ARM GAS  C:\Users\Tri94\AppData\Local\Temp\ccJ2tyJM.s 			page 24


 1125 0071 19       		.uleb128 0x19
 1126 0072 03       		.uleb128 0x3
 1127 0073 0E       		.uleb128 0xe
 1128 0074 3A       		.uleb128 0x3a
 1129 0075 0B       		.uleb128 0xb
 1130 0076 3B       		.uleb128 0x3b
 1131 0077 0B       		.uleb128 0xb
 1132 0078 27       		.uleb128 0x27
 1133 0079 19       		.uleb128 0x19
 1134 007a 8701     		.uleb128 0x87
 1135 007c 19       		.uleb128 0x19
 1136 007d 11       		.uleb128 0x11
 1137 007e 01       		.uleb128 0x1
 1138 007f 12       		.uleb128 0x12
 1139 0080 06       		.uleb128 0x6
 1140 0081 40       		.uleb128 0x40
 1141 0082 18       		.uleb128 0x18
 1142 0083 9742     		.uleb128 0x2117
 1143 0085 19       		.uleb128 0x19
 1144 0086 01       		.uleb128 0x1
 1145 0087 13       		.uleb128 0x13
 1146 0088 00       		.byte	0
 1147 0089 00       		.byte	0
 1148 008a 0B       		.uleb128 0xb
 1149 008b 34       		.uleb128 0x34
 1150 008c 00       		.byte	0
 1151 008d 03       		.uleb128 0x3
 1152 008e 08       		.uleb128 0x8
 1153 008f 3A       		.uleb128 0x3a
 1154 0090 0B       		.uleb128 0xb
 1155 0091 3B       		.uleb128 0x3b
 1156 0092 0B       		.uleb128 0xb
 1157 0093 49       		.uleb128 0x49
 1158 0094 13       		.uleb128 0x13
 1159 0095 02       		.uleb128 0x2
 1160 0096 18       		.uleb128 0x18
 1161 0097 00       		.byte	0
 1162 0098 00       		.byte	0
 1163 0099 0C       		.uleb128 0xc
 1164 009a 34       		.uleb128 0x34
 1165 009b 00       		.byte	0
 1166 009c 03       		.uleb128 0x3
 1167 009d 0E       		.uleb128 0xe
 1168 009e 3A       		.uleb128 0x3a
 1169 009f 0B       		.uleb128 0xb
 1170 00a0 3B       		.uleb128 0x3b
 1171 00a1 0B       		.uleb128 0xb
 1172 00a2 49       		.uleb128 0x49
 1173 00a3 13       		.uleb128 0x13
 1174 00a4 02       		.uleb128 0x2
 1175 00a5 18       		.uleb128 0x18
 1176 00a6 00       		.byte	0
 1177 00a7 00       		.byte	0
 1178 00a8 0D       		.uleb128 0xd
 1179 00a9 34       		.uleb128 0x34
 1180 00aa 00       		.byte	0
 1181 00ab 03       		.uleb128 0x3
ARM GAS  C:\Users\Tri94\AppData\Local\Temp\ccJ2tyJM.s 			page 25


 1182 00ac 08       		.uleb128 0x8
 1183 00ad 3A       		.uleb128 0x3a
 1184 00ae 0B       		.uleb128 0xb
 1185 00af 3B       		.uleb128 0x3b
 1186 00b0 0B       		.uleb128 0xb
 1187 00b1 49       		.uleb128 0x49
 1188 00b2 13       		.uleb128 0x13
 1189 00b3 02       		.uleb128 0x2
 1190 00b4 17       		.uleb128 0x17
 1191 00b5 00       		.byte	0
 1192 00b6 00       		.byte	0
 1193 00b7 0E       		.uleb128 0xe
 1194 00b8 34       		.uleb128 0x34
 1195 00b9 00       		.byte	0
 1196 00ba 03       		.uleb128 0x3
 1197 00bb 0E       		.uleb128 0xe
 1198 00bc 3A       		.uleb128 0x3a
 1199 00bd 0B       		.uleb128 0xb
 1200 00be 3B       		.uleb128 0x3b
 1201 00bf 0B       		.uleb128 0xb
 1202 00c0 49       		.uleb128 0x49
 1203 00c1 13       		.uleb128 0x13
 1204 00c2 00       		.byte	0
 1205 00c3 00       		.byte	0
 1206 00c4 0F       		.uleb128 0xf
 1207 00c5 898201   		.uleb128 0x4109
 1208 00c8 00       		.byte	0
 1209 00c9 11       		.uleb128 0x11
 1210 00ca 01       		.uleb128 0x1
 1211 00cb 31       		.uleb128 0x31
 1212 00cc 13       		.uleb128 0x13
 1213 00cd 00       		.byte	0
 1214 00ce 00       		.byte	0
 1215 00cf 10       		.uleb128 0x10
 1216 00d0 898201   		.uleb128 0x4109
 1217 00d3 01       		.byte	0x1
 1218 00d4 11       		.uleb128 0x11
 1219 00d5 01       		.uleb128 0x1
 1220 00d6 31       		.uleb128 0x31
 1221 00d7 13       		.uleb128 0x13
 1222 00d8 00       		.byte	0
 1223 00d9 00       		.byte	0
 1224 00da 11       		.uleb128 0x11
 1225 00db 8A8201   		.uleb128 0x410a
 1226 00de 00       		.byte	0
 1227 00df 02       		.uleb128 0x2
 1228 00e0 18       		.uleb128 0x18
 1229 00e1 9142     		.uleb128 0x2111
 1230 00e3 18       		.uleb128 0x18
 1231 00e4 00       		.byte	0
 1232 00e5 00       		.byte	0
 1233 00e6 12       		.uleb128 0x12
 1234 00e7 01       		.uleb128 0x1
 1235 00e8 01       		.byte	0x1
 1236 00e9 49       		.uleb128 0x49
 1237 00ea 13       		.uleb128 0x13
 1238 00eb 01       		.uleb128 0x1
ARM GAS  C:\Users\Tri94\AppData\Local\Temp\ccJ2tyJM.s 			page 26


 1239 00ec 13       		.uleb128 0x13
 1240 00ed 00       		.byte	0
 1241 00ee 00       		.byte	0
 1242 00ef 13       		.uleb128 0x13
 1243 00f0 21       		.uleb128 0x21
 1244 00f1 00       		.byte	0
 1245 00f2 49       		.uleb128 0x49
 1246 00f3 13       		.uleb128 0x13
 1247 00f4 2F       		.uleb128 0x2f
 1248 00f5 0B       		.uleb128 0xb
 1249 00f6 00       		.byte	0
 1250 00f7 00       		.byte	0
 1251 00f8 14       		.uleb128 0x14
 1252 00f9 05       		.uleb128 0x5
 1253 00fa 00       		.byte	0
 1254 00fb 03       		.uleb128 0x3
 1255 00fc 0E       		.uleb128 0xe
 1256 00fd 3A       		.uleb128 0x3a
 1257 00fe 0B       		.uleb128 0xb
 1258 00ff 3B       		.uleb128 0x3b
 1259 0100 0B       		.uleb128 0xb
 1260 0101 49       		.uleb128 0x49
 1261 0102 13       		.uleb128 0x13
 1262 0103 02       		.uleb128 0x2
 1263 0104 17       		.uleb128 0x17
 1264 0105 00       		.byte	0
 1265 0106 00       		.byte	0
 1266 0107 15       		.uleb128 0x15
 1267 0108 34       		.uleb128 0x34
 1268 0109 00       		.byte	0
 1269 010a 03       		.uleb128 0x3
 1270 010b 0E       		.uleb128 0xe
 1271 010c 3A       		.uleb128 0x3a
 1272 010d 0B       		.uleb128 0xb
 1273 010e 3B       		.uleb128 0x3b
 1274 010f 0B       		.uleb128 0xb
 1275 0110 49       		.uleb128 0x49
 1276 0111 13       		.uleb128 0x13
 1277 0112 02       		.uleb128 0x2
 1278 0113 17       		.uleb128 0x17
 1279 0114 00       		.byte	0
 1280 0115 00       		.byte	0
 1281 0116 16       		.uleb128 0x16
 1282 0117 898201   		.uleb128 0x4109
 1283 011a 01       		.byte	0x1
 1284 011b 11       		.uleb128 0x11
 1285 011c 01       		.uleb128 0x1
 1286 011d 31       		.uleb128 0x31
 1287 011e 13       		.uleb128 0x13
 1288 011f 01       		.uleb128 0x1
 1289 0120 13       		.uleb128 0x13
 1290 0121 00       		.byte	0
 1291 0122 00       		.byte	0
 1292 0123 17       		.uleb128 0x17
 1293 0124 2E       		.uleb128 0x2e
 1294 0125 01       		.byte	0x1
 1295 0126 3F       		.uleb128 0x3f
ARM GAS  C:\Users\Tri94\AppData\Local\Temp\ccJ2tyJM.s 			page 27


 1296 0127 19       		.uleb128 0x19
 1297 0128 03       		.uleb128 0x3
 1298 0129 0E       		.uleb128 0xe
 1299 012a 3A       		.uleb128 0x3a
 1300 012b 0B       		.uleb128 0xb
 1301 012c 3B       		.uleb128 0x3b
 1302 012d 0B       		.uleb128 0xb
 1303 012e 11       		.uleb128 0x11
 1304 012f 01       		.uleb128 0x1
 1305 0130 12       		.uleb128 0x12
 1306 0131 06       		.uleb128 0x6
 1307 0132 40       		.uleb128 0x40
 1308 0133 18       		.uleb128 0x18
 1309 0134 9742     		.uleb128 0x2117
 1310 0136 19       		.uleb128 0x19
 1311 0137 01       		.uleb128 0x1
 1312 0138 13       		.uleb128 0x13
 1313 0139 00       		.byte	0
 1314 013a 00       		.byte	0
 1315 013b 18       		.uleb128 0x18
 1316 013c 2E       		.uleb128 0x2e
 1317 013d 01       		.byte	0x1
 1318 013e 3F       		.uleb128 0x3f
 1319 013f 19       		.uleb128 0x19
 1320 0140 03       		.uleb128 0x3
 1321 0141 0E       		.uleb128 0xe
 1322 0142 3A       		.uleb128 0x3a
 1323 0143 0B       		.uleb128 0xb
 1324 0144 3B       		.uleb128 0x3b
 1325 0145 0B       		.uleb128 0xb
 1326 0146 27       		.uleb128 0x27
 1327 0147 19       		.uleb128 0x19
 1328 0148 49       		.uleb128 0x49
 1329 0149 13       		.uleb128 0x13
 1330 014a 8701     		.uleb128 0x87
 1331 014c 19       		.uleb128 0x19
 1332 014d 11       		.uleb128 0x11
 1333 014e 01       		.uleb128 0x1
 1334 014f 12       		.uleb128 0x12
 1335 0150 06       		.uleb128 0x6
 1336 0151 40       		.uleb128 0x40
 1337 0152 18       		.uleb128 0x18
 1338 0153 9742     		.uleb128 0x2117
 1339 0155 19       		.uleb128 0x19
 1340 0156 01       		.uleb128 0x1
 1341 0157 13       		.uleb128 0x13
 1342 0158 00       		.byte	0
 1343 0159 00       		.byte	0
 1344 015a 19       		.uleb128 0x19
 1345 015b 34       		.uleb128 0x34
 1346 015c 00       		.byte	0
 1347 015d 03       		.uleb128 0x3
 1348 015e 0E       		.uleb128 0xe
 1349 015f 3A       		.uleb128 0x3a
 1350 0160 0B       		.uleb128 0xb
 1351 0161 3B       		.uleb128 0x3b
 1352 0162 05       		.uleb128 0x5
ARM GAS  C:\Users\Tri94\AppData\Local\Temp\ccJ2tyJM.s 			page 28


 1353 0163 49       		.uleb128 0x49
 1354 0164 13       		.uleb128 0x13
 1355 0165 3F       		.uleb128 0x3f
 1356 0166 19       		.uleb128 0x19
 1357 0167 3C       		.uleb128 0x3c
 1358 0168 19       		.uleb128 0x19
 1359 0169 00       		.byte	0
 1360 016a 00       		.byte	0
 1361 016b 1A       		.uleb128 0x1a
 1362 016c 35       		.uleb128 0x35
 1363 016d 00       		.byte	0
 1364 016e 49       		.uleb128 0x49
 1365 016f 13       		.uleb128 0x13
 1366 0170 00       		.byte	0
 1367 0171 00       		.byte	0
 1368 0172 1B       		.uleb128 0x1b
 1369 0173 34       		.uleb128 0x34
 1370 0174 00       		.byte	0
 1371 0175 03       		.uleb128 0x3
 1372 0176 0E       		.uleb128 0xe
 1373 0177 3A       		.uleb128 0x3a
 1374 0178 0B       		.uleb128 0xb
 1375 0179 3B       		.uleb128 0x3b
 1376 017a 0B       		.uleb128 0xb
 1377 017b 49       		.uleb128 0x49
 1378 017c 13       		.uleb128 0x13
 1379 017d 3F       		.uleb128 0x3f
 1380 017e 19       		.uleb128 0x19
 1381 017f 02       		.uleb128 0x2
 1382 0180 18       		.uleb128 0x18
 1383 0181 00       		.byte	0
 1384 0182 00       		.byte	0
 1385 0183 1C       		.uleb128 0x1c
 1386 0184 2E       		.uleb128 0x2e
 1387 0185 00       		.byte	0
 1388 0186 3F       		.uleb128 0x3f
 1389 0187 19       		.uleb128 0x19
 1390 0188 3C       		.uleb128 0x3c
 1391 0189 19       		.uleb128 0x19
 1392 018a 6E       		.uleb128 0x6e
 1393 018b 0E       		.uleb128 0xe
 1394 018c 03       		.uleb128 0x3
 1395 018d 0E       		.uleb128 0xe
 1396 018e 3A       		.uleb128 0x3a
 1397 018f 0B       		.uleb128 0xb
 1398 0190 3B       		.uleb128 0x3b
 1399 0191 0B       		.uleb128 0xb
 1400 0192 00       		.byte	0
 1401 0193 00       		.byte	0
 1402 0194 1D       		.uleb128 0x1d
 1403 0195 2E       		.uleb128 0x2e
 1404 0196 00       		.byte	0
 1405 0197 3F       		.uleb128 0x3f
 1406 0198 19       		.uleb128 0x19
 1407 0199 3C       		.uleb128 0x3c
 1408 019a 19       		.uleb128 0x19
 1409 019b 6E       		.uleb128 0x6e
ARM GAS  C:\Users\Tri94\AppData\Local\Temp\ccJ2tyJM.s 			page 29


 1410 019c 0E       		.uleb128 0xe
 1411 019d 03       		.uleb128 0x3
 1412 019e 0E       		.uleb128 0xe
 1413 019f 3A       		.uleb128 0x3a
 1414 01a0 0B       		.uleb128 0xb
 1415 01a1 3B       		.uleb128 0x3b
 1416 01a2 05       		.uleb128 0x5
 1417 01a3 00       		.byte	0
 1418 01a4 00       		.byte	0
 1419 01a5 00       		.byte	0
 1420              		.section	.debug_loc,"",%progbits
 1421              	.Ldebug_loc0:
 1422              	.LLST0:
 1423 0000 08000000 		.4byte	.LVL1
 1424 0004 26000000 		.4byte	.LVL2
 1425 0008 0100     		.2byte	0x1
 1426 000a 50       		.byte	0x50
 1427 000b 26000000 		.4byte	.LVL2
 1428 000f 54000000 		.4byte	.LFE71
 1429 0013 0100     		.2byte	0x1
 1430 0015 54       		.byte	0x54
 1431 0016 00000000 		.4byte	0
 1432 001a 00000000 		.4byte	0
 1433              	.LLST1:
 1434 001e 00000000 		.4byte	.LVL4
 1435 0022 04000000 		.4byte	.LVL5
 1436 0026 0100     		.2byte	0x1
 1437 0028 50       		.byte	0x50
 1438 0029 04000000 		.4byte	.LVL5
 1439 002d 78000000 		.4byte	.LFE72
 1440 0031 0400     		.2byte	0x4
 1441 0033 F3       		.byte	0xf3
 1442 0034 01       		.uleb128 0x1
 1443 0035 50       		.byte	0x50
 1444 0036 9F       		.byte	0x9f
 1445 0037 00000000 		.4byte	0
 1446 003b 00000000 		.4byte	0
 1447              	.LLST2:
 1448 003f 12000000 		.4byte	.LVL6
 1449 0043 18000000 		.4byte	.LVL7
 1450 0047 0100     		.2byte	0x1
 1451 0049 50       		.byte	0x50
 1452 004a 00000000 		.4byte	0
 1453 004e 00000000 		.4byte	0
 1454              	.LLST3:
 1455 0052 3C000000 		.4byte	.LVL12
 1456 0056 43000000 		.4byte	.LVL13-1
 1457 005a 0100     		.2byte	0x1
 1458 005c 50       		.byte	0x50
 1459 005d 4E000000 		.4byte	.LVL14
 1460 0061 51000000 		.4byte	.LVL15-1
 1461 0065 0100     		.2byte	0x1
 1462 0067 50       		.byte	0x50
 1463 0068 00000000 		.4byte	0
 1464 006c 00000000 		.4byte	0
 1465              	.LLST4:
 1466 0070 52000000 		.4byte	.LVL15
ARM GAS  C:\Users\Tri94\AppData\Local\Temp\ccJ2tyJM.s 			page 30


 1467 0074 58000000 		.4byte	.LVL16
 1468 0078 0100     		.2byte	0x1
 1469 007a 50       		.byte	0x50
 1470 007b 00000000 		.4byte	0
 1471 007f 00000000 		.4byte	0
 1472              	.LLST5:
 1473 0083 32000000 		.4byte	.LVL25
 1474 0087 3B000000 		.4byte	.LVL26-1
 1475 008b 0100     		.2byte	0x1
 1476 008d 50       		.byte	0x50
 1477 008e 00000000 		.4byte	0
 1478 0092 00000000 		.4byte	0
 1479              		.section	.debug_aranges,"",%progbits
 1480 0000 34000000 		.4byte	0x34
 1481 0004 0200     		.2byte	0x2
 1482 0006 00000000 		.4byte	.Ldebug_info0
 1483 000a 04       		.byte	0x4
 1484 000b 00       		.byte	0
 1485 000c 0000     		.2byte	0
 1486 000e 0000     		.2byte	0
 1487 0010 00000000 		.4byte	.LFB71
 1488 0014 54000000 		.4byte	.LFE71-.LFB71
 1489 0018 00000000 		.4byte	.LFB72
 1490 001c 78000000 		.4byte	.LFE72-.LFB72
 1491 0020 00000000 		.4byte	.LFB70
 1492 0024 18000000 		.4byte	.LFE70-.LFB70
 1493 0028 00000000 		.4byte	.LFB69
 1494 002c 4C000000 		.4byte	.LFE69-.LFB69
 1495 0030 00000000 		.4byte	0
 1496 0034 00000000 		.4byte	0
 1497              		.section	.debug_ranges,"",%progbits
 1498              	.Ldebug_ranges0:
 1499 0000 00000000 		.4byte	.LFB71
 1500 0004 54000000 		.4byte	.LFE71
 1501 0008 00000000 		.4byte	.LFB72
 1502 000c 78000000 		.4byte	.LFE72
 1503 0010 00000000 		.4byte	.LFB70
 1504 0014 18000000 		.4byte	.LFE70
 1505 0018 00000000 		.4byte	.LFB69
 1506 001c 4C000000 		.4byte	.LFE69
 1507 0020 00000000 		.4byte	0
 1508 0024 00000000 		.4byte	0
 1509              		.section	.debug_line,"",%progbits
 1510              	.Ldebug_line0:
 1511 0000 7B030000 		.section	.debug_str,"MS",%progbits,1
 1511      02000C03 
 1511      00000201 
 1511      FB0E0D00 
 1511      01010101 
 1512              	.LASF49:
 1513 0000 78537472 		.ascii	"xStreamBufferGenericCreate\000"
 1513      65616D42 
 1513      75666665 
 1513      7247656E 
 1513      65726963 
 1514              	.LASF40:
 1515 001b 4C45445F 		.ascii	"LED_Write\000"
ARM GAS  C:\Users\Tri94\AppData\Local\Temp\ccJ2tyJM.s 			page 31


 1515      57726974 
 1515      6500
 1516              	.LASF38:
 1517 0025 78537472 		.ascii	"xStreamBufferReceive\000"
 1517      65616D42 
 1517      75666665 
 1517      72526563 
 1517      65697665 
 1518              	.LASF2:
 1519 003a 73686F72 		.ascii	"short int\000"
 1519      7420696E 
 1519      7400
 1520              	.LASF17:
 1521 0044 73697A65 		.ascii	"size_t\000"
 1521      5F7400
 1522              	.LASF19:
 1523 004b 73697A65 		.ascii	"sizetype\000"
 1523      74797065 
 1523      00
 1524              	.LASF44:
 1525 0054 76546173 		.ascii	"vTaskDelay\000"
 1525      6B44656C 
 1525      617900
 1526              	.LASF48:
 1527 005f 46726565 		.ascii	"FreeRTOS_Init\000"
 1527      52544F53 
 1527      5F496E69 
 1527      7400
 1528              	.LASF57:
 1529 006d 6D61696E 		.ascii	"main\000"
 1529      00
 1530              	.LASF6:
 1531 0072 5F5F7569 		.ascii	"__uint32_t\000"
 1531      6E743332 
 1531      5F7400
 1532              	.LASF39:
 1533 007d 73747263 		.ascii	"strcmp\000"
 1533      6D7000
 1534              	.LASF36:
 1535 0084 55415254 		.ascii	"UART_GetChar\000"
 1535      5F476574 
 1535      43686172 
 1535      00
 1536              	.LASF32:
 1537 0091 64656C69 		.ascii	"delim\000"
 1537      6D00
 1538              	.LASF35:
 1539 0097 784D6573 		.ascii	"xMessage\000"
 1539      73616765 
 1539      00
 1540              	.LASF14:
 1541 00a0 666C6F61 		.ascii	"float\000"
 1541      7400
 1542              	.LASF54:
 1543 00a6 433A5C55 		.ascii	"C:\\Users\\Tri94\\Documents\\PSoC Creator\\EE4450\\"
 1543      73657273 
 1543      5C547269 
ARM GAS  C:\Users\Tri94\AppData\Local\Temp\ccJ2tyJM.s 			page 32


 1543      39345C44 
 1543      6F63756D 
 1544 00d3 45453434 		.ascii	"EE4450-Projects\\RTOS_UART_StringMessage.cydsn\000"
 1544      35302D50 
 1544      726F6A65 
 1544      6374735C 
 1544      52544F53 
 1545              	.LASF8:
 1546 0101 6C6F6E67 		.ascii	"long long int\000"
 1546      206C6F6E 
 1546      6720696E 
 1546      7400
 1547              	.LASF21:
 1548 010f 5469636B 		.ascii	"TickType_t\000"
 1548      54797065 
 1548      5F7400
 1549              	.LASF51:
 1550 011a 76546173 		.ascii	"vTaskStartScheduler\000"
 1550      6B537461 
 1550      72745363 
 1550      68656475 
 1550      6C657200 
 1551              	.LASF4:
 1552 012e 6C6F6E67 		.ascii	"long int\000"
 1552      20696E74 
 1552      00
 1553              	.LASF41:
 1554 0137 73747274 		.ascii	"strtok\000"
 1554      6F6B00
 1555              	.LASF27:
 1556 013e 73746174 		.ascii	"state\000"
 1556      6500
 1557              	.LASF28:
 1558 0144 6D794953 		.ascii	"myISR_UART\000"
 1558      525F5541 
 1558      525400
 1559              	.LASF30:
 1560 014f 72785369 		.ascii	"rxSize\000"
 1560      7A6500
 1561              	.LASF42:
 1562 0156 61746F69 		.ascii	"atoi\000"
 1562      00
 1563              	.LASF18:
 1564 015b 6C6F6E67 		.ascii	"long double\000"
 1564      20646F75 
 1564      626C6500 
 1565              	.LASF1:
 1566 0167 756E7369 		.ascii	"unsigned char\000"
 1566      676E6564 
 1566      20636861 
 1566      7200
 1567              	.LASF34:
 1568 0175 784D6573 		.ascii	"xMessageBuffer\000"
 1568      73616765 
 1568      42756666 
 1568      657200
 1569              	.LASF0:
ARM GAS  C:\Users\Tri94\AppData\Local\Temp\ccJ2tyJM.s 			page 33


 1570 0184 7369676E 		.ascii	"signed char\000"
 1570      65642063 
 1570      68617200 
 1571              	.LASF9:
 1572 0190 6C6F6E67 		.ascii	"long long unsigned int\000"
 1572      206C6F6E 
 1572      6720756E 
 1572      7369676E 
 1572      65642069 
 1573              	.LASF31:
 1574 01a7 78486967 		.ascii	"xHigherPriorityTaskWoken\000"
 1574      68657250 
 1574      72696F72 
 1574      69747954 
 1574      61736B57 
 1575              	.LASF12:
 1576 01c0 75696E74 		.ascii	"uint32_t\000"
 1576      33325F74 
 1576      00
 1577              	.LASF37:
 1578 01c9 78537472 		.ascii	"xStreamBufferSendFromISR\000"
 1578      65616D42 
 1578      75666665 
 1578      7253656E 
 1578      6446726F 
 1579              	.LASF10:
 1580 01e2 756E7369 		.ascii	"unsigned int\000"
 1580      676E6564 
 1580      20696E74 
 1580      00
 1581              	.LASF20:
 1582 01ef 42617365 		.ascii	"BaseType_t\000"
 1582      54797065 
 1582      5F7400
 1583              	.LASF43:
 1584 01fa 50574D5F 		.ascii	"PWM_WriteCompare\000"
 1584      57726974 
 1584      65436F6D 
 1584      70617265 
 1584      00
 1585              	.LASF3:
 1586 020b 73686F72 		.ascii	"short unsigned int\000"
 1586      7420756E 
 1586      7369676E 
 1586      65642069 
 1586      6E7400
 1587              	.LASF16:
 1588 021e 63686172 		.ascii	"char\000"
 1588      00
 1589              	.LASF46:
 1590 0223 55415254 		.ascii	"UART_Start\000"
 1590      5F537461 
 1590      727400
 1591              	.LASF11:
 1592 022e 696E7433 		.ascii	"int32_t\000"
 1592      325F7400 
 1593              	.LASF24:
ARM GAS  C:\Users\Tri94\AppData\Local\Temp\ccJ2tyJM.s 			page 34


 1594 0236 535F4944 		.ascii	"S_IDLE\000"
 1594      4C4500
 1595              	.LASF23:
 1596 023d 4D657373 		.ascii	"MessageBufferHandle_t\000"
 1596      61676542 
 1596      75666665 
 1596      7248616E 
 1596      646C655F 
 1597              	.LASF55:
 1598 0253 70765061 		.ascii	"pvParaments\000"
 1598      72616D65 
 1598      6E747300 
 1599              	.LASF13:
 1600 025f 75696E74 		.ascii	"uint32\000"
 1600      333200
 1601              	.LASF53:
 1602 0266 6D61696E 		.ascii	"main.c\000"
 1602      2E6300
 1603              	.LASF7:
 1604 026d 6C6F6E67 		.ascii	"long unsigned int\000"
 1604      20756E73 
 1604      69676E65 
 1604      6420696E 
 1604      7400
 1605              	.LASF15:
 1606 027f 646F7562 		.ascii	"double\000"
 1606      6C6500
 1607              	.LASF25:
 1608 0286 535F474F 		.ascii	"S_GOT_DATE\000"
 1608      545F4441 
 1608      544500
 1609              	.LASF45:
 1610 0291 4953525F 		.ascii	"ISR_UART_StartEx\000"
 1610      55415254 
 1610      5F537461 
 1610      72744578 
 1610      00
 1611              	.LASF5:
 1612 02a2 5F5F696E 		.ascii	"__int32_t\000"
 1612      7433325F 
 1612      7400
 1613              	.LASF22:
 1614 02ac 53747265 		.ascii	"StreamBufferHandle_t\000"
 1614      616D4275 
 1614      66666572 
 1614      48616E64 
 1614      6C655F74 
 1615              	.LASF47:
 1616 02c1 50574D5F 		.ascii	"PWM_Start\000"
 1616      53746172 
 1616      7400
 1617              	.LASF56:
 1618 02cb 6D795053 		.ascii	"myPSoCSetup\000"
 1618      6F435365 
 1618      74757000 
 1619              	.LASF33:
 1620 02d7 49544D5F 		.ascii	"ITM_RxBuffer\000"
ARM GAS  C:\Users\Tri94\AppData\Local\Temp\ccJ2tyJM.s 			page 35


 1620      52784275 
 1620      66666572 
 1620      00
 1621              	.LASF52:
 1622 02e4 474E5520 		.ascii	"GNU C11 5.4.1 20160609 (release) [ARM/embedded-5-br"
 1622      43313120 
 1622      352E342E 
 1622      31203230 
 1622      31363036 
 1623 0317 616E6368 		.ascii	"anch revision 237715] -mcpu=cortex-m3 -mthumb -g -O"
 1623      20726576 
 1623      6973696F 
 1623      6E203233 
 1623      37373135 
 1624 034a 67202D66 		.ascii	"g -ffunction-sections -ffat-lto-objects\000"
 1624      66756E63 
 1624      74696F6E 
 1624      2D736563 
 1624      74696F6E 
 1625              	.LASF50:
 1626 0372 78546173 		.ascii	"xTaskCreate\000"
 1626      6B437265 
 1626      61746500 
 1627              	.LASF29:
 1628 037e 76554152 		.ascii	"vUARTTask1\000"
 1628      54546173 
 1628      6B3100
 1629              	.LASF26:
 1630 0389 53544154 		.ascii	"STATES_CMD\000"
 1630      45535F43 
 1630      4D4400
 1631              		.ident	"GCC: (GNU Tools for ARM Embedded Processors) 5.4.1 20160609 (release) [ARM/embedded-5-bran
