ARM GAS  C:\Users\Tri94\AppData\Local\Temp\ccMdInHj.s 			page 1


   1              		.syntax unified
   2              		.cpu cortex-m3
   3              		.fpu softvfp
   4              		.eabi_attribute 20, 1
   5              		.eabi_attribute 21, 1
   6              		.eabi_attribute 23, 3
   7              		.eabi_attribute 24, 1
   8              		.eabi_attribute 25, 1
   9              		.eabi_attribute 26, 1
  10              		.eabi_attribute 30, 1
  11              		.eabi_attribute 34, 1
  12              		.eabi_attribute 18, 4
  13              		.thumb
  14              		.syntax unified
  15              		.file	"cymetadata.c"
  16              		.text
  17              	.Ltext0:
  18              		.cfi_sections	.debug_frame
  19              		.global	cy_metadata
  20              		.global	cy_meta_flashprotect
  21              		.global	cy_meta_wonvl
  22              		.global	cy_meta_custnvl
  23              		.global	cy_meta_configecc
  24              		.section	.cyconfigecc,"a",%progbits
  25              		.align	2
  26              		.type	cy_meta_configecc, %object
  27              		.size	cy_meta_configecc, 1068
  28              	cy_meta_configecc:
  29 0000 01       		.byte	1
  30 0001 52       		.byte	82
  31 0002 00       		.byte	0
  32 0003 40       		.byte	64
  33 0004 09       		.byte	9
  34 0005 64       		.byte	100
  35 0006 00       		.byte	0
  36 0007 40       		.byte	64
  37 0008 01       		.byte	1
  38 0009 03       		.byte	3
  39 000a 01       		.byte	1
  40 000b 40       		.byte	64
  41 000c 01       		.byte	1
  42 000d 09       		.byte	9
  43 000e 01       		.byte	1
  44 000f 40       		.byte	64
  45 0010 59       		.byte	89
  46 0011 0A       		.byte	10
  47 0012 01       		.byte	1
  48 0013 40       		.byte	64
  49 0014 44       		.byte	68
  50 0015 0B       		.byte	11
  51 0016 01       		.byte	1
  52 0017 40       		.byte	64
  53 0018 55       		.byte	85
  54 0019 0C       		.byte	12
  55 001a 01       		.byte	1
  56 001b 40       		.byte	64
  57 001c 3C       		.byte	60
ARM GAS  C:\Users\Tri94\AppData\Local\Temp\ccMdInHj.s 			page 2


  58 001d 0D       		.byte	13
  59 001e 01       		.byte	1
  60 001f 40       		.byte	64
  61 0020 50       		.byte	80
  62 0021 0E       		.byte	14
  63 0022 01       		.byte	1
  64 0023 40       		.byte	64
  65 0024 32       		.byte	50
  66 0025 0F       		.byte	15
  67 0026 01       		.byte	1
  68 0027 40       		.byte	64
  69 0028 01       		.byte	1
  70 0029 17       		.byte	23
  71 002a 01       		.byte	1
  72 002b 40       		.byte	64
  73 002c 01       		.byte	1
  74 002d 19       		.byte	25
  75 002e 01       		.byte	1
  76 002f 40       		.byte	64
  77 0030 02       		.byte	2
  78 0031 40       		.byte	64
  79 0032 01       		.byte	1
  80 0033 40       		.byte	64
  81 0034 02       		.byte	2
  82 0035 41       		.byte	65
  83 0036 01       		.byte	1
  84 0037 40       		.byte	64
  85 0038 01       		.byte	1
  86 0039 44       		.byte	68
  87 003a 01       		.byte	1
  88 003b 40       		.byte	64
  89 003c 05       		.byte	5
  90 003d 45       		.byte	69
  91 003e 01       		.byte	1
  92 003f 40       		.byte	64
  93 0040 05       		.byte	5
  94 0041 46       		.byte	70
  95 0042 01       		.byte	1
  96 0043 40       		.byte	64
  97 0044 03       		.byte	3
  98 0045 47       		.byte	71
  99 0046 01       		.byte	1
 100 0047 40       		.byte	64
 101 0048 03       		.byte	3
 102 0049 48       		.byte	72
 103 004a 01       		.byte	1
 104 004b 40       		.byte	64
 105 004c 03       		.byte	3
 106 004d 49       		.byte	73
 107 004e 01       		.byte	1
 108 004f 40       		.byte	64
 109 0050 03       		.byte	3
 110 0051 50       		.byte	80
 111 0052 01       		.byte	1
 112 0053 40       		.byte	64
 113 0054 01       		.byte	1
 114 0055 51       		.byte	81
ARM GAS  C:\Users\Tri94\AppData\Local\Temp\ccMdInHj.s 			page 3


 115 0056 01       		.byte	1
 116 0057 40       		.byte	64
 117 0058 1E       		.byte	30
 118 0059 F8       		.byte	-8
 119 005a 0A       		.byte	10
 120 005b FF       		.byte	-1
 121 005c 0E       		.byte	14
 122 005d FF       		.byte	-1
 123 005e 0F       		.byte	15
 124 005f FF       		.byte	-1
 125 0060 1E       		.byte	30
 126 0061 FF       		.byte	-1
 127 0062 1F       		.byte	31
 128 0063 FF       		.byte	-1
 129 0064 2E       		.byte	46
 130 0065 FF       		.byte	-1
 131 0066 2F       		.byte	47
 132 0067 FF       		.byte	-1
 133 0068 8C       		.byte	-116
 134 0069 0D       		.byte	13
 135 006a 8D       		.byte	-115
 136 006b 1F       		.byte	31
 137 006c EA       		.byte	-22
 138 006d 02       		.byte	2
 139 006e 99       		.byte	-103
 140 006f 20       		.byte	32
 141 0070 01       		.byte	1
 142 0071 02       		.byte	2
 143 0072 03       		.byte	3
 144 0073 01       		.byte	1
 145 0074 05       		.byte	5
 146 0075 01       		.byte	1
 147 0076 06       		.byte	6
 148 0077 01       		.byte	1
 149 0078 07       		.byte	7
 150 0079 02       		.byte	2
 151 007a 0B       		.byte	11
 152 007b 02       		.byte	2
 153 007c 0C       		.byte	12
 154 007d 04       		.byte	4
 155 007e 12       		.byte	18
 156 007f 02       		.byte	2
 157 0080 1C       		.byte	28
 158 0081 04       		.byte	4
 159 0082 1F       		.byte	31
 160 0083 01       		.byte	1
 161 0084 20       		.byte	32
 162 0085 01       		.byte	1
 163 0086 22       		.byte	34
 164 0087 02       		.byte	2
 165 0088 2D       		.byte	45
 166 0089 03       		.byte	3
 167 008a 31       		.byte	49
 168 008b 03       		.byte	3
 169 008c 32       		.byte	50
 170 008d 04       		.byte	4
 171 008e 34       		.byte	52
ARM GAS  C:\Users\Tri94\AppData\Local\Temp\ccMdInHj.s 			page 4


 172 008f 03       		.byte	3
 173 0090 38       		.byte	56
 174 0091 08       		.byte	8
 175 0092 3E       		.byte	62
 176 0093 10       		.byte	16
 177 0094 40       		.byte	64
 178 0095 21       		.byte	33
 179 0096 45       		.byte	69
 180 0097 40       		.byte	64
 181 0098 46       		.byte	70
 182 0099 25       		.byte	37
 183 009a 48       		.byte	72
 184 009b 0E       		.byte	14
 185 009c 49       		.byte	73
 186 009d FF       		.byte	-1
 187 009e 4A       		.byte	74
 188 009f FF       		.byte	-1
 189 00a0 4B       		.byte	75
 190 00a1 FF       		.byte	-1
 191 00a2 4C       		.byte	76
 192 00a3 02       		.byte	2
 193 00a4 4D       		.byte	77
 194 00a5 20       		.byte	32
 195 00a6 4F       		.byte	79
 196 00a7 05       		.byte	5
 197 00a8 51       		.byte	81
 198 00a9 10       		.byte	16
 199 00aa 52       		.byte	82
 200 00ab 17       		.byte	23
 201 00ac 58       		.byte	88
 202 00ad 04       		.byte	4
 203 00ae 59       		.byte	89
 204 00af 04       		.byte	4
 205 00b0 5A       		.byte	90
 206 00b1 04       		.byte	4
 207 00b2 5B       		.byte	91
 208 00b3 04       		.byte	4
 209 00b4 5F       		.byte	95
 210 00b5 01       		.byte	1
 211 00b6 60       		.byte	96
 212 00b7 40       		.byte	64
 213 00b8 61       		.byte	97
 214 00b9 40       		.byte	64
 215 00ba 62       		.byte	98
 216 00bb 80       		.byte	-128
 217 00bc 64       		.byte	100
 218 00bd 80       		.byte	-128
 219 00be 66       		.byte	102
 220 00bf 80       		.byte	-128
 221 00c0 82       		.byte	-126
 222 00c1 01       		.byte	1
 223 00c2 86       		.byte	-122
 224 00c3 01       		.byte	1
 225 00c4 88       		.byte	-120
 226 00c5 01       		.byte	1
 227 00c6 89       		.byte	-119
 228 00c7 0F       		.byte	15
ARM GAS  C:\Users\Tri94\AppData\Local\Temp\ccMdInHj.s 			page 5


 229 00c8 8A       		.byte	-118
 230 00c9 02       		.byte	2
 231 00ca 8C       		.byte	-116
 232 00cb 03       		.byte	3
 233 00cc 8D       		.byte	-115
 234 00cd 01       		.byte	1
 235 00ce 91       		.byte	-111
 236 00cf 02       		.byte	2
 237 00d0 94       		.byte	-108
 238 00d1 03       		.byte	3
 239 00d2 95       		.byte	-107
 240 00d3 07       		.byte	7
 241 00d4 97       		.byte	-105
 242 00d5 08       		.byte	8
 243 00d6 99       		.byte	-103
 244 00d7 0F       		.byte	15
 245 00d8 9A       		.byte	-102
 246 00d9 02       		.byte	2
 247 00da 9C       		.byte	-100
 248 00db 02       		.byte	2
 249 00dc 9D       		.byte	-99
 250 00dd 0E       		.byte	14
 251 00de 9E       		.byte	-98
 252 00df 01       		.byte	1
 253 00e0 9F       		.byte	-97
 254 00e1 01       		.byte	1
 255 00e2 A1       		.byte	-95
 256 00e3 09       		.byte	9
 257 00e4 A2       		.byte	-94
 258 00e5 02       		.byte	2
 259 00e6 A3       		.byte	-93
 260 00e7 06       		.byte	6
 261 00e8 A4       		.byte	-92
 262 00e9 03       		.byte	3
 263 00ea A9       		.byte	-87
 264 00eb 04       		.byte	4
 265 00ec B2       		.byte	-78
 266 00ed 03       		.byte	3
 267 00ee B7       		.byte	-73
 268 00ef 0F       		.byte	15
 269 00f0 C0       		.byte	-64
 270 00f1 30       		.byte	48
 271 00f2 C1       		.byte	-63
 272 00f3 02       		.byte	2
 273 00f4 C5       		.byte	-59
 274 00f5 D1       		.byte	-47
 275 00f6 C7       		.byte	-57
 276 00f7 02       		.byte	2
 277 00f8 C8       		.byte	-56
 278 00f9 13       		.byte	19
 279 00fa C9       		.byte	-55
 280 00fb FF       		.byte	-1
 281 00fc CA       		.byte	-54
 282 00fd FF       		.byte	-1
 283 00fe CB       		.byte	-53
 284 00ff FF       		.byte	-1
 285 0100 CD       		.byte	-51
ARM GAS  C:\Users\Tri94\AppData\Local\Temp\ccMdInHj.s 			page 6


 286 0101 A0       		.byte	-96
 287 0102 CF       		.byte	-49
 288 0103 04       		.byte	4
 289 0104 D0       		.byte	-48
 290 0105 18       		.byte	24
 291 0106 D8       		.byte	-40
 292 0107 04       		.byte	4
 293 0108 D9       		.byte	-39
 294 0109 04       		.byte	4
 295 010a DA       		.byte	-38
 296 010b 04       		.byte	4
 297 010c DD       		.byte	-35
 298 010d 01       		.byte	1
 299 010e DF       		.byte	-33
 300 010f 01       		.byte	1
 301 0110 E0       		.byte	-32
 302 0111 40       		.byte	64
 303 0112 E2       		.byte	-30
 304 0113 C0       		.byte	-64
 305 0114 E4       		.byte	-28
 306 0115 40       		.byte	64
 307 0116 E5       		.byte	-27
 308 0117 40       		.byte	64
 309 0118 E6       		.byte	-26
 310 0119 C0       		.byte	-64
 311 011a E8       		.byte	-24
 312 011b C0       		.byte	-64
 313 011c EA       		.byte	-22
 314 011d C0       		.byte	-64
 315 011e EC       		.byte	-20
 316 011f C0       		.byte	-64
 317 0120 EE       		.byte	-18
 318 0121 C0       		.byte	-64
 319 0122 00       		.byte	0
 320 0123 80       		.byte	-128
 321 0124 01       		.byte	1
 322 0125 08       		.byte	8
 323 0126 04       		.byte	4
 324 0127 1A       		.byte	26
 325 0128 07       		.byte	7
 326 0129 01       		.byte	1
 327 012a 09       		.byte	9
 328 012b 80       		.byte	-128
 329 012c 0B       		.byte	11
 330 012d 80       		.byte	-128
 331 012e 0C       		.byte	12
 332 012f 60       		.byte	96
 333 0130 0E       		.byte	14
 334 0131 20       		.byte	32
 335 0132 10       		.byte	16
 336 0133 80       		.byte	-128
 337 0134 15       		.byte	21
 338 0135 0A       		.byte	10
 339 0136 19       		.byte	25
 340 0137 2C       		.byte	44
 341 0138 1C       		.byte	28
 342 0139 30       		.byte	48
ARM GAS  C:\Users\Tri94\AppData\Local\Temp\ccMdInHj.s 			page 7


 343 013a 1D       		.byte	29
 344 013b 08       		.byte	8
 345 013c 21       		.byte	33
 346 013d 01       		.byte	1
 347 013e 22       		.byte	34
 348 013f 01       		.byte	1
 349 0140 26       		.byte	38
 350 0141 80       		.byte	-128
 351 0142 27       		.byte	39
 352 0143 01       		.byte	1
 353 0144 29       		.byte	41
 354 0145 80       		.byte	-128
 355 0146 2C       		.byte	44
 356 0147 08       		.byte	8
 357 0148 2F       		.byte	47
 358 0149 80       		.byte	-128
 359 014a 32       		.byte	50
 360 014b 40       		.byte	64
 361 014c 36       		.byte	54
 362 014d 9A       		.byte	-102
 363 014e 39       		.byte	57
 364 014f 12       		.byte	18
 365 0150 3B       		.byte	59
 366 0151 08       		.byte	8
 367 0152 3C       		.byte	60
 368 0153 20       		.byte	32
 369 0154 3F       		.byte	63
 370 0155 40       		.byte	64
 371 0156 41       		.byte	65
 372 0157 10       		.byte	16
 373 0158 42       		.byte	66
 374 0159 01       		.byte	1
 375 015a 45       		.byte	69
 376 015b 04       		.byte	4
 377 015c 46       		.byte	70
 378 015d 04       		.byte	4
 379 015e 48       		.byte	72
 380 015f 40       		.byte	64
 381 0160 4D       		.byte	77
 382 0161 01       		.byte	1
 383 0162 4F       		.byte	79
 384 0163 04       		.byte	4
 385 0164 51       		.byte	81
 386 0165 90       		.byte	-112
 387 0166 56       		.byte	86
 388 0167 04       		.byte	4
 389 0168 57       		.byte	87
 390 0169 04       		.byte	4
 391 016a 68       		.byte	104
 392 016b 20       		.byte	32
 393 016c 69       		.byte	105
 394 016d 10       		.byte	16
 395 016e 6A       		.byte	106
 396 016f 80       		.byte	-128
 397 0170 70       		.byte	112
 398 0171 80       		.byte	-128
 399 0172 90       		.byte	-112
ARM GAS  C:\Users\Tri94\AppData\Local\Temp\ccMdInHj.s 			page 8


 400 0173 0A       		.byte	10
 401 0174 91       		.byte	-111
 402 0175 08       		.byte	8
 403 0176 92       		.byte	-110
 404 0177 01       		.byte	1
 405 0178 93       		.byte	-109
 406 0179 C8       		.byte	-56
 407 017a 95       		.byte	-107
 408 017b 13       		.byte	19
 409 017c 96       		.byte	-106
 410 017d 82       		.byte	-126
 411 017e 97       		.byte	-105
 412 017f 04       		.byte	4
 413 0180 98       		.byte	-104
 414 0181 40       		.byte	64
 415 0182 99       		.byte	-103
 416 0183 80       		.byte	-128
 417 0184 9D       		.byte	-99
 418 0185 0C       		.byte	12
 419 0186 9F       		.byte	-97
 420 0187 01       		.byte	1
 421 0188 A0       		.byte	-96
 422 0189 08       		.byte	8
 423 018a A1       		.byte	-95
 424 018b 04       		.byte	4
 425 018c A2       		.byte	-94
 426 018d 1A       		.byte	26
 427 018e A3       		.byte	-93
 428 018f 80       		.byte	-128
 429 0190 A4       		.byte	-92
 430 0191 20       		.byte	32
 431 0192 A5       		.byte	-91
 432 0193 08       		.byte	8
 433 0194 A6       		.byte	-90
 434 0195 80       		.byte	-128
 435 0196 A7       		.byte	-89
 436 0197 04       		.byte	4
 437 0198 B1       		.byte	-79
 438 0199 40       		.byte	64
 439 019a B6       		.byte	-74
 440 019b 40       		.byte	64
 441 019c C0       		.byte	-64
 442 019d F5       		.byte	-11
 443 019e C2       		.byte	-62
 444 019f E9       		.byte	-23
 445 01a0 C4       		.byte	-60
 446 01a1 38       		.byte	56
 447 01a2 CA       		.byte	-54
 448 01a3 A8       		.byte	-88
 449 01a4 CC       		.byte	-52
 450 01a5 F8       		.byte	-8
 451 01a6 CE       		.byte	-50
 452 01a7 37       		.byte	55
 453 01a8 D0       		.byte	-48
 454 01a9 6C       		.byte	108
 455 01aa 06       		.byte	6
 456 01ab 04       		.byte	4
ARM GAS  C:\Users\Tri94\AppData\Local\Temp\ccMdInHj.s 			page 9


 457 01ac 07       		.byte	7
 458 01ad 01       		.byte	1
 459 01ae 10       		.byte	16
 460 01af 03       		.byte	3
 461 01b0 14       		.byte	20
 462 01b1 01       		.byte	1
 463 01b2 16       		.byte	22
 464 01b3 02       		.byte	2
 465 01b4 1A       		.byte	26
 466 01b5 04       		.byte	4
 467 01b6 1C       		.byte	28
 468 01b7 02       		.byte	2
 469 01b8 1E       		.byte	30
 470 01b9 01       		.byte	1
 471 01ba 27       		.byte	39
 472 01bb 01       		.byte	1
 473 01bc 28       		.byte	40
 474 01bd 02       		.byte	2
 475 01be 2F       		.byte	47
 476 01bf 02       		.byte	2
 477 01c0 32       		.byte	50
 478 01c1 03       		.byte	3
 479 01c2 33       		.byte	51
 480 01c3 02       		.byte	2
 481 01c4 34       		.byte	52
 482 01c5 04       		.byte	4
 483 01c6 37       		.byte	55
 484 01c7 01       		.byte	1
 485 01c8 3E       		.byte	62
 486 01c9 10       		.byte	16
 487 01ca 40       		.byte	64
 488 01cb 06       		.byte	6
 489 01cc 41       		.byte	65
 490 01cd 05       		.byte	5
 491 01ce 49       		.byte	73
 492 01cf FF       		.byte	-1
 493 01d0 4A       		.byte	74
 494 01d1 FF       		.byte	-1
 495 01d2 4B       		.byte	75
 496 01d3 FF       		.byte	-1
 497 01d4 4C       		.byte	76
 498 01d5 02       		.byte	2
 499 01d6 4D       		.byte	77
 500 01d7 0C       		.byte	12
 501 01d8 4E       		.byte	78
 502 01d9 F8       		.byte	-8
 503 01da 52       		.byte	82
 504 01db 80       		.byte	-128
 505 01dc 54       		.byte	84
 506 01dd 05       		.byte	5
 507 01de 58       		.byte	88
 508 01df 04       		.byte	4
 509 01e0 59       		.byte	89
 510 01e1 04       		.byte	4
 511 01e2 5A       		.byte	90
 512 01e3 04       		.byte	4
 513 01e4 5B       		.byte	91
ARM GAS  C:\Users\Tri94\AppData\Local\Temp\ccMdInHj.s 			page 10


 514 01e5 04       		.byte	4
 515 01e6 5C       		.byte	92
 516 01e7 10       		.byte	16
 517 01e8 5D       		.byte	93
 518 01e9 10       		.byte	16
 519 01ea 5F       		.byte	95
 520 01eb 01       		.byte	1
 521 01ec 62       		.byte	98
 522 01ed 48       		.byte	72
 523 01ee 63       		.byte	99
 524 01ef A1       		.byte	-95
 525 01f0 68       		.byte	104
 526 01f1 F0       		.byte	-16
 527 01f2 6A       		.byte	106
 528 01f3 F0       		.byte	-16
 529 01f4 6C       		.byte	108
 530 01f5 F0       		.byte	-16
 531 01f6 6E       		.byte	110
 532 01f7 F0       		.byte	-16
 533 01f8 81       		.byte	-127
 534 01f9 04       		.byte	4
 535 01fa 86       		.byte	-122
 536 01fb 01       		.byte	1
 537 01fc 87       		.byte	-121
 538 01fd 04       		.byte	4
 539 01fe 89       		.byte	-119
 540 01ff 02       		.byte	2
 541 0200 8B       		.byte	-117
 542 0201 08       		.byte	8
 543 0202 8C       		.byte	-116
 544 0203 02       		.byte	2
 545 0204 92       		.byte	-110
 546 0205 02       		.byte	2
 547 0206 93       		.byte	-109
 548 0207 02       		.byte	2
 549 0208 95       		.byte	-107
 550 0209 02       		.byte	2
 551 020a 98       		.byte	-104
 552 020b 02       		.byte	2
 553 020c 9B       		.byte	-101
 554 020d 02       		.byte	2
 555 020e 9C       		.byte	-100
 556 020f 02       		.byte	2
 557 0210 9D       		.byte	-99
 558 0211 02       		.byte	2
 559 0212 A1       		.byte	-95
 560 0213 02       		.byte	2
 561 0214 A3       		.byte	-93
 562 0215 04       		.byte	4
 563 0216 A4       		.byte	-92
 564 0217 01       		.byte	1
 565 0218 A7       		.byte	-89
 566 0219 01       		.byte	1
 567 021a A9       		.byte	-87
 568 021b 02       		.byte	2
 569 021c B3       		.byte	-77
 570 021d 02       		.byte	2
ARM GAS  C:\Users\Tri94\AppData\Local\Temp\ccMdInHj.s 			page 11


 571 021e B4       		.byte	-76
 572 021f 01       		.byte	1
 573 0220 B5       		.byte	-75
 574 0221 01       		.byte	1
 575 0222 B6       		.byte	-74
 576 0223 02       		.byte	2
 577 0224 B7       		.byte	-73
 578 0225 0C       		.byte	12
 579 0226 BF       		.byte	-65
 580 0227 40       		.byte	64
 581 0228 C0       		.byte	-64
 582 0229 02       		.byte	2
 583 022a C1       		.byte	-63
 584 022b 05       		.byte	5
 585 022c C6       		.byte	-58
 586 022d 0A       		.byte	10
 587 022e C9       		.byte	-55
 588 022f FF       		.byte	-1
 589 0230 CA       		.byte	-54
 590 0231 FF       		.byte	-1
 591 0232 CB       		.byte	-53
 592 0233 FF       		.byte	-1
 593 0234 CC       		.byte	-52
 594 0235 03       		.byte	3
 595 0236 CD       		.byte	-51
 596 0237 0C       		.byte	12
 597 0238 CE       		.byte	-50
 598 0239 F4       		.byte	-12
 599 023a D6       		.byte	-42
 600 023b 02       		.byte	2
 601 023c D8       		.byte	-40
 602 023d 04       		.byte	4
 603 023e D9       		.byte	-39
 604 023f 04       		.byte	4
 605 0240 DA       		.byte	-38
 606 0241 04       		.byte	4
 607 0242 DB       		.byte	-37
 608 0243 04       		.byte	4
 609 0244 DE       		.byte	-34
 610 0245 08       		.byte	8
 611 0246 DF       		.byte	-33
 612 0247 01       		.byte	1
 613 0248 E2       		.byte	-30
 614 0249 48       		.byte	72
 615 024a E3       		.byte	-29
 616 024b A1       		.byte	-95
 617 024c E8       		.byte	-24
 618 024d F0       		.byte	-16
 619 024e EA       		.byte	-22
 620 024f F0       		.byte	-16
 621 0250 EC       		.byte	-20
 622 0251 F0       		.byte	-16
 623 0252 EE       		.byte	-18
 624 0253 F0       		.byte	-16
 625 0254 01       		.byte	1
 626 0255 88       		.byte	-120
 627 0256 07       		.byte	7
ARM GAS  C:\Users\Tri94\AppData\Local\Temp\ccMdInHj.s 			page 12


 628 0257 10       		.byte	16
 629 0258 0A       		.byte	10
 630 0259 82       		.byte	-126
 631 025a 0B       		.byte	11
 632 025b 08       		.byte	8
 633 025c 0D       		.byte	13
 634 025d 01       		.byte	1
 635 025e 0E       		.byte	14
 636 025f 21       		.byte	33
 637 0260 0F       		.byte	15
 638 0261 08       		.byte	8
 639 0262 12       		.byte	18
 640 0263 20       		.byte	32
 641 0264 15       		.byte	21
 642 0265 10       		.byte	16
 643 0266 19       		.byte	25
 644 0267 80       		.byte	-128
 645 0268 1A       		.byte	26
 646 0269 0D       		.byte	13
 647 026a 1B       		.byte	27
 648 026b 40       		.byte	64
 649 026c 1E       		.byte	30
 650 026d 28       		.byte	40
 651 026e 1F       		.byte	31
 652 026f 0C       		.byte	12
 653 0270 20       		.byte	32
 654 0271 11       		.byte	17
 655 0272 21       		.byte	33
 656 0273 04       		.byte	4
 657 0274 22       		.byte	34
 658 0275 28       		.byte	40
 659 0276 25       		.byte	37
 660 0277 44       		.byte	68
 661 0278 27       		.byte	39
 662 0279 10       		.byte	16
 663 027a 28       		.byte	40
 664 027b 40       		.byte	64
 665 027c 29       		.byte	41
 666 027d 04       		.byte	4
 667 027e 2B       		.byte	43
 668 027f 88       		.byte	-120
 669 0280 2E       		.byte	46
 670 0281 88       		.byte	-120
 671 0282 30       		.byte	48
 672 0283 20       		.byte	32
 673 0284 31       		.byte	49
 674 0285 08       		.byte	8
 675 0286 32       		.byte	50
 676 0287 81       		.byte	-127
 677 0288 38       		.byte	56
 678 0289 1A       		.byte	26
 679 028a 3D       		.byte	61
 680 028b 08       		.byte	8
 681 028c 42       		.byte	66
 682 028d 04       		.byte	4
 683 028e 49       		.byte	73
 684 028f 80       		.byte	-128
ARM GAS  C:\Users\Tri94\AppData\Local\Temp\ccMdInHj.s 			page 13


 685 0290 4E       		.byte	78
 686 0291 04       		.byte	4
 687 0292 4F       		.byte	79
 688 0293 80       		.byte	-128
 689 0294 53       		.byte	83
 690 0295 40       		.byte	64
 691 0296 5C       		.byte	92
 692 0297 40       		.byte	64
 693 0298 5D       		.byte	93
 694 0299 01       		.byte	1
 695 029a 5E       		.byte	94
 696 029b 08       		.byte	8
 697 029c 73       		.byte	115
 698 029d 40       		.byte	64
 699 029e 76       		.byte	118
 700 029f 80       		.byte	-128
 701 02a0 7B       		.byte	123
 702 02a1 40       		.byte	64
 703 02a2 90       		.byte	-112
 704 02a3 4A       		.byte	74
 705 02a4 94       		.byte	-108
 706 02a5 11       		.byte	17
 707 02a6 96       		.byte	-106
 708 02a7 40       		.byte	64
 709 02a8 97       		.byte	-105
 710 02a9 4C       		.byte	76
 711 02aa 9A       		.byte	-102
 712 02ab 08       		.byte	8
 713 02ac 9F       		.byte	-97
 714 02ad 01       		.byte	1
 715 02ae A0       		.byte	-96
 716 02af 08       		.byte	8
 717 02b0 A2       		.byte	-94
 718 02b1 02       		.byte	2
 719 02b2 A3       		.byte	-93
 720 02b3 80       		.byte	-128
 721 02b4 A5       		.byte	-91
 722 02b5 08       		.byte	8
 723 02b6 AD       		.byte	-83
 724 02b7 08       		.byte	8
 725 02b8 C0       		.byte	-64
 726 02b9 25       		.byte	37
 727 02ba C2       		.byte	-62
 728 02bb FB       		.byte	-5
 729 02bc C4       		.byte	-60
 730 02bd 44       		.byte	68
 731 02be CA       		.byte	-54
 732 02bf 57       		.byte	87
 733 02c0 CC       		.byte	-52
 734 02c1 0F       		.byte	15
 735 02c2 CE       		.byte	-50
 736 02c3 47       		.byte	71
 737 02c4 D0       		.byte	-48
 738 02c5 04       		.byte	4
 739 02c6 D2       		.byte	-46
 740 02c7 38       		.byte	56
 741 02c8 D6       		.byte	-42
ARM GAS  C:\Users\Tri94\AppData\Local\Temp\ccMdInHj.s 			page 14


 742 02c9 D0       		.byte	-48
 743 02ca DE       		.byte	-34
 744 02cb 01       		.byte	1
 745 02cc 00       		.byte	0
 746 02cd 01       		.byte	1
 747 02ce 02       		.byte	2
 748 02cf 0E       		.byte	14
 749 02d0 08       		.byte	8
 750 02d1 0F       		.byte	15
 751 02d2 0E       		.byte	14
 752 02d3 01       		.byte	1
 753 02d4 12       		.byte	18
 754 02d5 01       		.byte	1
 755 02d6 14       		.byte	20
 756 02d7 01       		.byte	1
 757 02d8 18       		.byte	24
 758 02d9 01       		.byte	1
 759 02da 1C       		.byte	28
 760 02db 02       		.byte	2
 761 02dc 1E       		.byte	30
 762 02dd 08       		.byte	8
 763 02de 28       		.byte	40
 764 02df 0C       		.byte	12
 765 02e0 30       		.byte	48
 766 02e1 06       		.byte	6
 767 02e2 34       		.byte	52
 768 02e3 08       		.byte	8
 769 02e4 36       		.byte	54
 770 02e5 01       		.byte	1
 771 02e6 3E       		.byte	62
 772 02e7 11       		.byte	17
 773 02e8 40       		.byte	64
 774 02e9 21       		.byte	33
 775 02ea 41       		.byte	65
 776 02eb 04       		.byte	4
 777 02ec 47       		.byte	71
 778 02ed 26       		.byte	38
 779 02ee 48       		.byte	72
 780 02ef 30       		.byte	48
 781 02f0 58       		.byte	88
 782 02f1 04       		.byte	4
 783 02f2 5A       		.byte	90
 784 02f3 04       		.byte	4
 785 02f4 5F       		.byte	95
 786 02f5 01       		.byte	1
 787 02f6 61       		.byte	97
 788 02f7 0C       		.byte	12
 789 02f8 62       		.byte	98
 790 02f9 F0       		.byte	-16
 791 02fa 63       		.byte	99
 792 02fb 0C       		.byte	12
 793 02fc 65       		.byte	101
 794 02fd 0C       		.byte	12
 795 02fe 67       		.byte	103
 796 02ff 0C       		.byte	12
 797 0300 68       		.byte	104
 798 0301 40       		.byte	64
ARM GAS  C:\Users\Tri94\AppData\Local\Temp\ccMdInHj.s 			page 15


 799 0302 69       		.byte	105
 800 0303 4C       		.byte	76
 801 0304 6A       		.byte	106
 802 0305 40       		.byte	64
 803 0306 6B       		.byte	107
 804 0307 4C       		.byte	76
 805 0308 6C       		.byte	108
 806 0309 90       		.byte	-112
 807 030a 6D       		.byte	109
 808 030b 58       		.byte	88
 809 030c 6F       		.byte	111
 810 030d 0C       		.byte	12
 811 030e 80       		.byte	-128
 812 030f 01       		.byte	1
 813 0310 87       		.byte	-121
 814 0311 20       		.byte	32
 815 0312 88       		.byte	-120
 816 0313 03       		.byte	3
 817 0314 89       		.byte	-119
 818 0315 03       		.byte	3
 819 0316 8B       		.byte	-117
 820 0317 10       		.byte	16
 821 0318 8E       		.byte	-114
 822 0319 03       		.byte	3
 823 031a 8F       		.byte	-113
 824 031b 0C       		.byte	12
 825 031c 91       		.byte	-111
 826 031d 05       		.byte	5
 827 031e 99       		.byte	-103
 828 031f 20       		.byte	32
 829 0320 9A       		.byte	-102
 830 0321 03       		.byte	3
 831 0322 A0       		.byte	-96
 832 0323 03       		.byte	3
 833 0324 A3       		.byte	-93
 834 0325 0F       		.byte	15
 835 0326 A4       		.byte	-92
 836 0327 02       		.byte	2
 837 0328 A9       		.byte	-87
 838 0329 0A       		.byte	10
 839 032a AA       		.byte	-86
 840 032b 04       		.byte	4
 841 032c AD       		.byte	-83
 842 032d 0F       		.byte	15
 843 032e B1       		.byte	-79
 844 032f 20       		.byte	32
 845 0330 B2       		.byte	-78
 846 0331 04       		.byte	4
 847 0332 B4       		.byte	-76
 848 0333 03       		.byte	3
 849 0334 B5       		.byte	-75
 850 0335 1C       		.byte	28
 851 0336 B7       		.byte	-73
 852 0337 03       		.byte	3
 853 0338 BE       		.byte	-66
 854 0339 10       		.byte	16
 855 033a BF       		.byte	-65
ARM GAS  C:\Users\Tri94\AppData\Local\Temp\ccMdInHj.s 			page 16


 856 033b 50       		.byte	80
 857 033c C0       		.byte	-64
 858 033d 23       		.byte	35
 859 033e C1       		.byte	-63
 860 033f 04       		.byte	4
 861 0340 C5       		.byte	-59
 862 0341 02       		.byte	2
 863 0342 C6       		.byte	-58
 864 0343 06       		.byte	6
 865 0344 C8       		.byte	-56
 866 0345 05       		.byte	5
 867 0346 D6       		.byte	-42
 868 0347 08       		.byte	8
 869 0348 D8       		.byte	-40
 870 0349 04       		.byte	4
 871 034a D9       		.byte	-39
 872 034b 04       		.byte	4
 873 034c DA       		.byte	-38
 874 034d 04       		.byte	4
 875 034e DB       		.byte	-37
 876 034f 0F       		.byte	15
 877 0350 DC       		.byte	-36
 878 0351 11       		.byte	17
 879 0352 DF       		.byte	-33
 880 0353 01       		.byte	1
 881 0354 E1       		.byte	-31
 882 0355 0C       		.byte	12
 883 0356 E2       		.byte	-30
 884 0357 F0       		.byte	-16
 885 0358 E3       		.byte	-29
 886 0359 0C       		.byte	12
 887 035a E5       		.byte	-27
 888 035b 0C       		.byte	12
 889 035c E7       		.byte	-25
 890 035d 0C       		.byte	12
 891 035e E8       		.byte	-24
 892 035f 40       		.byte	64
 893 0360 E9       		.byte	-23
 894 0361 4C       		.byte	76
 895 0362 EA       		.byte	-22
 896 0363 40       		.byte	64
 897 0364 EB       		.byte	-21
 898 0365 4C       		.byte	76
 899 0366 EC       		.byte	-20
 900 0367 90       		.byte	-112
 901 0368 ED       		.byte	-19
 902 0369 58       		.byte	88
 903 036a EF       		.byte	-17
 904 036b 0C       		.byte	12
 905 036c 00       		.byte	0
 906 036d 10       		.byte	16
 907 036e 03       		.byte	3
 908 036f 81       		.byte	-127
 909 0370 04       		.byte	4
 910 0371 12       		.byte	18
 911 0372 05       		.byte	5
 912 0373 80       		.byte	-128
ARM GAS  C:\Users\Tri94\AppData\Local\Temp\ccMdInHj.s 			page 17


 913 0374 09       		.byte	9
 914 0375 08       		.byte	8
 915 0376 0B       		.byte	11
 916 0377 CA       		.byte	-54
 917 0378 0F       		.byte	15
 918 0379 08       		.byte	8
 919 037a 10       		.byte	16
 920 037b 08       		.byte	8
 921 037c 15       		.byte	21
 922 037d 08       		.byte	8
 923 037e 16       		.byte	22
 924 037f 88       		.byte	-120
 925 0380 19       		.byte	25
 926 0381 80       		.byte	-128
 927 0382 1A       		.byte	26
 928 0383 04       		.byte	4
 929 0384 1B       		.byte	27
 930 0385 82       		.byte	-126
 931 0386 1D       		.byte	29
 932 0387 20       		.byte	32
 933 0388 1E       		.byte	30
 934 0389 20       		.byte	32
 935 038a 24       		.byte	36
 936 038b 40       		.byte	64
 937 038c 27       		.byte	39
 938 038d 0A       		.byte	10
 939 038e 2C       		.byte	44
 940 038f 08       		.byte	8
 941 0390 2E       		.byte	46
 942 0391 80       		.byte	-128
 943 0392 2F       		.byte	47
 944 0393 80       		.byte	-128
 945 0394 36       		.byte	54
 946 0395 12       		.byte	18
 947 0396 3C       		.byte	60
 948 0397 10       		.byte	16
 949 0398 3E       		.byte	62
 950 0399 08       		.byte	8
 951 039a 3F       		.byte	63
 952 039b 84       		.byte	-124
 953 039c 40       		.byte	64
 954 039d 01       		.byte	1
 955 039e 42       		.byte	66
 956 039f 04       		.byte	4
 957 03a0 43       		.byte	67
 958 03a1 02       		.byte	2
 959 03a2 45       		.byte	69
 960 03a3 20       		.byte	32
 961 03a4 47       		.byte	71
 962 03a5 0A       		.byte	10
 963 03a6 4F       		.byte	79
 964 03a7 08       		.byte	8
 965 03a8 50       		.byte	80
 966 03a9 0D       		.byte	13
 967 03aa 51       		.byte	81
 968 03ab 04       		.byte	4
 969 03ac 52       		.byte	82
ARM GAS  C:\Users\Tri94\AppData\Local\Temp\ccMdInHj.s 			page 18


 970 03ad 02       		.byte	2
 971 03ae 53       		.byte	83
 972 03af 01       		.byte	1
 973 03b0 57       		.byte	87
 974 03b1 40       		.byte	64
 975 03b2 5E       		.byte	94
 976 03b3 40       		.byte	64
 977 03b4 66       		.byte	102
 978 03b5 80       		.byte	-128
 979 03b6 7F       		.byte	127
 980 03b7 40       		.byte	64
 981 03b8 82       		.byte	-126
 982 03b9 80       		.byte	-128
 983 03ba C0       		.byte	-64
 984 03bb DB       		.byte	-37
 985 03bc C2       		.byte	-62
 986 03bd 4F       		.byte	79
 987 03be C4       		.byte	-60
 988 03bf 72       		.byte	114
 989 03c0 CA       		.byte	-54
 990 03c1 B0       		.byte	-80
 991 03c2 CC       		.byte	-52
 992 03c3 A0       		.byte	-96
 993 03c4 CE       		.byte	-50
 994 03c5 70       		.byte	112
 995 03c6 D0       		.byte	-48
 996 03c7 ED       		.byte	-19
 997 03c8 D6       		.byte	-42
 998 03c9 10       		.byte	16
 999 03ca D8       		.byte	-40
 1000 03cb 10       		.byte	16
 1001 03cc DE       		.byte	-34
 1002 03cd 80       		.byte	-128
 1003 03ce E0       		.byte	-32
 1004 03cf 01       		.byte	1
 1005 03d0 EE       		.byte	-18
 1006 03d1 01       		.byte	1
 1007 03d2 A9       		.byte	-87
 1008 03d3 20       		.byte	32
 1009 03d4 30       		.byte	48
 1010 03d5 20       		.byte	32
 1011 03d6 CC       		.byte	-52
 1012 03d7 10       		.byte	16
 1013 03d8 AC       		.byte	-84
 1014 03d9 20       		.byte	32
 1015 03da EA       		.byte	-22
 1016 03db 40       		.byte	64
 1017 03dc 81       		.byte	-127
 1018 03dd 40       		.byte	64
 1019 03de 11       		.byte	17
 1020 03df 08       		.byte	8
 1021 03e0 50       		.byte	80
 1022 03e1 08       		.byte	8
 1023 03e2 91       		.byte	-111
 1024 03e3 80       		.byte	-128
 1025 03e4 C4       		.byte	-60
 1026 03e5 08       		.byte	8
ARM GAS  C:\Users\Tri94\AppData\Local\Temp\ccMdInHj.s 			page 19


 1027 03e6 D4       		.byte	-44
 1028 03e7 04       		.byte	4
 1029 03e8 91       		.byte	-111
 1030 03e9 80       		.byte	-128
 1031 03ea B0       		.byte	-80
 1032 03eb 08       		.byte	8
 1033 03ec B5       		.byte	-75
 1034 03ed 04       		.byte	4
 1035 03ee EC       		.byte	-20
 1036 03ef 04       		.byte	4
 1037 03f0 EE       		.byte	-18
 1038 03f1 02       		.byte	2
 1039 03f2 39       		.byte	57
 1040 03f3 80       		.byte	-128
 1041 03f4 91       		.byte	-111
 1042 03f5 80       		.byte	-128
 1043 03f6 CE       		.byte	-50
 1044 03f7 08       		.byte	8
 1045 03f8 A3       		.byte	-93
 1046 03f9 10       		.byte	16
 1047 03fa AB       		.byte	-85
 1048 03fb 10       		.byte	16
 1049 03fc EE       		.byte	-18
 1050 03fd 80       		.byte	-128
 1051 03fe 7B       		.byte	123
 1052 03ff 10       		.byte	16
 1053 0400 A3       		.byte	-93
 1054 0401 10       		.byte	16
 1055 0402 DE       		.byte	-34
 1056 0403 40       		.byte	64
 1057 0404 00       		.byte	0
 1058 0405 03       		.byte	3
 1059 0406 0C       		.byte	12
 1060 0407 03       		.byte	3
 1061 0408 0E       		.byte	14
 1062 0409 03       		.byte	3
 1063 040a 00       		.byte	0
 1064 040b 03       		.byte	3
 1065 040c 00       		.byte	0
 1066 040d 00       		.byte	0
 1067 040e 00       		.byte	0
 1068 040f 00       		.byte	0
 1069 0410 00       		.byte	0
 1070 0411 00       		.byte	0
 1071 0412 10       		.byte	16
 1072 0413 00       		.byte	0
 1073 0414 00       		.byte	0
 1074 0415 0B       		.byte	11
 1075 0416 0B       		.byte	11
 1076 0417 00       		.byte	0
 1077 0418 00       		.byte	0
 1078 0419 00       		.byte	0
 1079 041a 00       		.byte	0
 1080 041b 00       		.byte	0
 1081 041c 00       		.byte	0
 1082 041d 02       		.byte	2
 1083 041e 02       		.byte	2
ARM GAS  C:\Users\Tri94\AppData\Local\Temp\ccMdInHj.s 			page 20


 1084 041f 00       		.byte	0
 1085 0420 02       		.byte	2
 1086 0421 00       		.byte	0
 1087 0422 00       		.byte	0
 1088 0423 00       		.byte	0
 1089 0424 00       		.byte	0
 1090 0425 00       		.byte	0
 1091 0426 F8       		.byte	-8
 1092 0427 00       		.byte	0
 1093 0428 00       		.byte	0
 1094 0429 00       		.byte	0
 1095 042a 00       		.byte	0
 1096 042b 00       		.byte	0
 1097              		.section	.cywolatch,"a",%progbits
 1098              		.align	2
 1099              		.type	cy_meta_wonvl, %object
 1100              		.size	cy_meta_wonvl, 4
 1101              	cy_meta_wonvl:
 1102 0000 BC       		.byte	-68
 1103 0001 90       		.byte	-112
 1104 0002 AC       		.byte	-84
 1105 0003 AF       		.byte	-81
 1106              		.section	.cycustnvl,"a",%progbits
 1107              		.align	2
 1108              		.type	cy_meta_custnvl, %object
 1109              		.size	cy_meta_custnvl, 4
 1110              	cy_meta_custnvl:
 1111 0000 00       		.byte	0
 1112 0001 00       		.byte	0
 1113 0002 40       		.byte	64
 1114 0003 05       		.byte	5
 1115              		.section	.cymeta,"a",%progbits
 1116              		.align	2
 1117              		.type	cy_metadata, %object
 1118              		.size	cy_metadata, 12
 1119              	cy_metadata:
 1120 0000 00       		.byte	0
 1121 0001 01       		.byte	1
 1122 0002 2E       		.byte	46
 1123 0003 16       		.byte	22
 1124 0004 10       		.byte	16
 1125 0005 69       		.byte	105
 1126 0006 00       		.byte	0
 1127 0007 01       		.byte	1
 1128 0008 00       		.byte	0
 1129 0009 00       		.byte	0
 1130 000a 00       		.byte	0
 1131 000b 00       		.byte	0
 1132              		.section	.cyflashprotect,"a",%progbits
 1133              		.align	2
 1134              		.type	cy_meta_flashprotect, %object
 1135              		.size	cy_meta_flashprotect, 256
 1136              	cy_meta_flashprotect:
 1137 0000 00000000 		.space	256
 1137      00000000 
 1137      00000000 
 1137      00000000 
ARM GAS  C:\Users\Tri94\AppData\Local\Temp\ccMdInHj.s 			page 21


 1137      00000000 
 1138              		.text
 1139              	.Letext0:
 1140              		.file 1 "c:\\program files (x86)\\cypress\\psoc creator\\4.2\\psoc creator\\import\\gnu\\arm\\5.4.
 1141              		.file 2 "c:\\program files (x86)\\cypress\\psoc creator\\4.2\\psoc creator\\import\\gnu\\arm\\5.4.
 1142              		.file 3 "Generated_Source\\PSoC5\\cymetadata.c"
 1143              		.section	.debug_info,"",%progbits
 1144              	.Ldebug_info0:
 1145 0000 31010000 		.4byte	0x131
 1146 0004 0400     		.2byte	0x4
 1147 0006 00000000 		.4byte	.Ldebug_abbrev0
 1148 000a 04       		.byte	0x4
 1149 000b 01       		.uleb128 0x1
 1150 000c 24000000 		.4byte	.LASF17
 1151 0010 0C       		.byte	0xc
 1152 0011 C1010000 		.4byte	.LASF18
 1153 0015 69010000 		.4byte	.LASF19
 1154 0019 00000000 		.4byte	.Ldebug_line0
 1155 001d 02       		.uleb128 0x2
 1156 001e 01       		.byte	0x1
 1157 001f 06       		.byte	0x6
 1158 0020 B5010000 		.4byte	.LASF0
 1159 0024 03       		.uleb128 0x3
 1160 0025 00000000 		.4byte	.LASF9
 1161 0029 01       		.byte	0x1
 1162 002a 1D       		.byte	0x1d
 1163 002b 2F000000 		.4byte	0x2f
 1164 002f 02       		.uleb128 0x2
 1165 0030 01       		.byte	0x1
 1166 0031 08       		.byte	0x8
 1167 0032 16000000 		.4byte	.LASF1
 1168 0036 02       		.uleb128 0x2
 1169 0037 02       		.byte	0x2
 1170 0038 05       		.byte	0x5
 1171 0039 5F010000 		.4byte	.LASF2
 1172 003d 02       		.uleb128 0x2
 1173 003e 02       		.byte	0x2
 1174 003f 07       		.byte	0x7
 1175 0040 C4000000 		.4byte	.LASF3
 1176 0044 02       		.uleb128 0x2
 1177 0045 04       		.byte	0x4
 1178 0046 05       		.byte	0x5
 1179 0047 AC010000 		.4byte	.LASF4
 1180 004b 02       		.uleb128 0x2
 1181 004c 04       		.byte	0x4
 1182 004d 07       		.byte	0x7
 1183 004e B2000000 		.4byte	.LASF5
 1184 0052 02       		.uleb128 0x2
 1185 0053 08       		.byte	0x8
 1186 0054 05       		.byte	0x5
 1187 0055 51010000 		.4byte	.LASF6
 1188 0059 02       		.uleb128 0x2
 1189 005a 08       		.byte	0x8
 1190 005b 07       		.byte	0x7
 1191 005c 06010000 		.4byte	.LASF7
 1192 0060 04       		.uleb128 0x4
 1193 0061 04       		.byte	0x4
ARM GAS  C:\Users\Tri94\AppData\Local\Temp\ccMdInHj.s 			page 22


 1194 0062 05       		.byte	0x5
 1195 0063 696E7400 		.ascii	"int\000"
 1196 0067 02       		.uleb128 0x2
 1197 0068 04       		.byte	0x4
 1198 0069 07       		.byte	0x7
 1199 006a F9000000 		.4byte	.LASF8
 1200 006e 03       		.uleb128 0x3
 1201 006f 1D010000 		.4byte	.LASF10
 1202 0073 02       		.byte	0x2
 1203 0074 18       		.byte	0x18
 1204 0075 24000000 		.4byte	0x24
 1205 0079 05       		.uleb128 0x5
 1206 007a 91000000 		.4byte	0x91
 1207 007e 8A000000 		.4byte	0x8a
 1208 0082 06       		.uleb128 0x6
 1209 0083 8A000000 		.4byte	0x8a
 1210 0087 2B04     		.2byte	0x42b
 1211 0089 00       		.byte	0
 1212 008a 02       		.uleb128 0x2
 1213 008b 04       		.byte	0x4
 1214 008c 07       		.byte	0x7
 1215 008d 48010000 		.4byte	.LASF11
 1216 0091 07       		.uleb128 0x7
 1217 0092 6E000000 		.4byte	0x6e
 1218 0096 08       		.uleb128 0x8
 1219 0097 E7000000 		.4byte	.LASF12
 1220 009b 03       		.byte	0x3
 1221 009c 1F       		.byte	0x1f
 1222 009d A7000000 		.4byte	0xa7
 1223 00a1 05       		.uleb128 0x5
 1224 00a2 03       		.byte	0x3
 1225 00a3 00000000 		.4byte	cy_meta_configecc
 1226 00a7 07       		.uleb128 0x7
 1227 00a8 79000000 		.4byte	0x79
 1228 00ac 05       		.uleb128 0x5
 1229 00ad 91000000 		.4byte	0x91
 1230 00b1 BC000000 		.4byte	0xbc
 1231 00b5 09       		.uleb128 0x9
 1232 00b6 8A000000 		.4byte	0x8a
 1233 00ba 03       		.byte	0x3
 1234 00bb 00       		.byte	0
 1235 00bc 08       		.uleb128 0x8
 1236 00bd D7000000 		.4byte	.LASF13
 1237 00c1 03       		.byte	0x3
 1238 00c2 B2       		.byte	0xb2
 1239 00c3 CD000000 		.4byte	0xcd
 1240 00c7 05       		.uleb128 0x5
 1241 00c8 03       		.byte	0x3
 1242 00c9 00000000 		.4byte	cy_meta_custnvl
 1243 00cd 07       		.uleb128 0x7
 1244 00ce AC000000 		.4byte	0xac
 1245 00d2 08       		.uleb128 0x8
 1246 00d3 3A010000 		.4byte	.LASF14
 1247 00d7 03       		.byte	0x3
 1248 00d8 C0       		.byte	0xc0
 1249 00d9 E3000000 		.4byte	0xe3
 1250 00dd 05       		.uleb128 0x5
ARM GAS  C:\Users\Tri94\AppData\Local\Temp\ccMdInHj.s 			page 23


 1251 00de 03       		.byte	0x3
 1252 00df 00000000 		.4byte	cy_meta_wonvl
 1253 00e3 07       		.uleb128 0x7
 1254 00e4 AC000000 		.4byte	0xac
 1255 00e8 05       		.uleb128 0x5
 1256 00e9 91000000 		.4byte	0x91
 1257 00ed F8000000 		.4byte	0xf8
 1258 00f1 09       		.uleb128 0x9
 1259 00f2 8A000000 		.4byte	0x8a
 1260 00f6 FF       		.byte	0xff
 1261 00f7 00       		.byte	0
 1262 00f8 08       		.uleb128 0x8
 1263 00f9 25010000 		.4byte	.LASF15
 1264 00fd 03       		.byte	0x3
 1265 00fe CE       		.byte	0xce
 1266 00ff 09010000 		.4byte	0x109
 1267 0103 05       		.uleb128 0x5
 1268 0104 03       		.byte	0x3
 1269 0105 00000000 		.4byte	cy_meta_flashprotect
 1270 0109 07       		.uleb128 0x7
 1271 010a E8000000 		.4byte	0xe8
 1272 010e 05       		.uleb128 0x5
 1273 010f 91000000 		.4byte	0x91
 1274 0113 1E010000 		.4byte	0x11e
 1275 0117 09       		.uleb128 0x9
 1276 0118 8A000000 		.4byte	0x8a
 1277 011c 0B       		.byte	0xb
 1278 011d 00       		.byte	0
 1279 011e 08       		.uleb128 0x8
 1280 011f 0A000000 		.4byte	.LASF16
 1281 0123 03       		.byte	0x3
 1282 0124 FB       		.byte	0xfb
 1283 0125 2F010000 		.4byte	0x12f
 1284 0129 05       		.uleb128 0x5
 1285 012a 03       		.byte	0x3
 1286 012b 00000000 		.4byte	cy_metadata
 1287 012f 07       		.uleb128 0x7
 1288 0130 0E010000 		.4byte	0x10e
 1289 0134 00       		.byte	0
 1290              		.section	.debug_abbrev,"",%progbits
 1291              	.Ldebug_abbrev0:
 1292 0000 01       		.uleb128 0x1
 1293 0001 11       		.uleb128 0x11
 1294 0002 01       		.byte	0x1
 1295 0003 25       		.uleb128 0x25
 1296 0004 0E       		.uleb128 0xe
 1297 0005 13       		.uleb128 0x13
 1298 0006 0B       		.uleb128 0xb
 1299 0007 03       		.uleb128 0x3
 1300 0008 0E       		.uleb128 0xe
 1301 0009 1B       		.uleb128 0x1b
 1302 000a 0E       		.uleb128 0xe
 1303 000b 10       		.uleb128 0x10
 1304 000c 17       		.uleb128 0x17
 1305 000d 00       		.byte	0
 1306 000e 00       		.byte	0
 1307 000f 02       		.uleb128 0x2
ARM GAS  C:\Users\Tri94\AppData\Local\Temp\ccMdInHj.s 			page 24


 1308 0010 24       		.uleb128 0x24
 1309 0011 00       		.byte	0
 1310 0012 0B       		.uleb128 0xb
 1311 0013 0B       		.uleb128 0xb
 1312 0014 3E       		.uleb128 0x3e
 1313 0015 0B       		.uleb128 0xb
 1314 0016 03       		.uleb128 0x3
 1315 0017 0E       		.uleb128 0xe
 1316 0018 00       		.byte	0
 1317 0019 00       		.byte	0
 1318 001a 03       		.uleb128 0x3
 1319 001b 16       		.uleb128 0x16
 1320 001c 00       		.byte	0
 1321 001d 03       		.uleb128 0x3
 1322 001e 0E       		.uleb128 0xe
 1323 001f 3A       		.uleb128 0x3a
 1324 0020 0B       		.uleb128 0xb
 1325 0021 3B       		.uleb128 0x3b
 1326 0022 0B       		.uleb128 0xb
 1327 0023 49       		.uleb128 0x49
 1328 0024 13       		.uleb128 0x13
 1329 0025 00       		.byte	0
 1330 0026 00       		.byte	0
 1331 0027 04       		.uleb128 0x4
 1332 0028 24       		.uleb128 0x24
 1333 0029 00       		.byte	0
 1334 002a 0B       		.uleb128 0xb
 1335 002b 0B       		.uleb128 0xb
 1336 002c 3E       		.uleb128 0x3e
 1337 002d 0B       		.uleb128 0xb
 1338 002e 03       		.uleb128 0x3
 1339 002f 08       		.uleb128 0x8
 1340 0030 00       		.byte	0
 1341 0031 00       		.byte	0
 1342 0032 05       		.uleb128 0x5
 1343 0033 01       		.uleb128 0x1
 1344 0034 01       		.byte	0x1
 1345 0035 49       		.uleb128 0x49
 1346 0036 13       		.uleb128 0x13
 1347 0037 01       		.uleb128 0x1
 1348 0038 13       		.uleb128 0x13
 1349 0039 00       		.byte	0
 1350 003a 00       		.byte	0
 1351 003b 06       		.uleb128 0x6
 1352 003c 21       		.uleb128 0x21
 1353 003d 00       		.byte	0
 1354 003e 49       		.uleb128 0x49
 1355 003f 13       		.uleb128 0x13
 1356 0040 2F       		.uleb128 0x2f
 1357 0041 05       		.uleb128 0x5
 1358 0042 00       		.byte	0
 1359 0043 00       		.byte	0
 1360 0044 07       		.uleb128 0x7
 1361 0045 26       		.uleb128 0x26
 1362 0046 00       		.byte	0
 1363 0047 49       		.uleb128 0x49
 1364 0048 13       		.uleb128 0x13
ARM GAS  C:\Users\Tri94\AppData\Local\Temp\ccMdInHj.s 			page 25


 1365 0049 00       		.byte	0
 1366 004a 00       		.byte	0
 1367 004b 08       		.uleb128 0x8
 1368 004c 34       		.uleb128 0x34
 1369 004d 00       		.byte	0
 1370 004e 03       		.uleb128 0x3
 1371 004f 0E       		.uleb128 0xe
 1372 0050 3A       		.uleb128 0x3a
 1373 0051 0B       		.uleb128 0xb
 1374 0052 3B       		.uleb128 0x3b
 1375 0053 0B       		.uleb128 0xb
 1376 0054 49       		.uleb128 0x49
 1377 0055 13       		.uleb128 0x13
 1378 0056 3F       		.uleb128 0x3f
 1379 0057 19       		.uleb128 0x19
 1380 0058 02       		.uleb128 0x2
 1381 0059 18       		.uleb128 0x18
 1382 005a 00       		.byte	0
 1383 005b 00       		.byte	0
 1384 005c 09       		.uleb128 0x9
 1385 005d 21       		.uleb128 0x21
 1386 005e 00       		.byte	0
 1387 005f 49       		.uleb128 0x49
 1388 0060 13       		.uleb128 0x13
 1389 0061 2F       		.uleb128 0x2f
 1390 0062 0B       		.uleb128 0xb
 1391 0063 00       		.byte	0
 1392 0064 00       		.byte	0
 1393 0065 00       		.byte	0
 1394              		.section	.debug_aranges,"",%progbits
 1395 0000 14000000 		.4byte	0x14
 1396 0004 0200     		.2byte	0x2
 1397 0006 00000000 		.4byte	.Ldebug_info0
 1398 000a 04       		.byte	0x4
 1399 000b 00       		.byte	0
 1400 000c 0000     		.2byte	0
 1401 000e 0000     		.2byte	0
 1402 0010 00000000 		.4byte	0
 1403 0014 00000000 		.4byte	0
 1404              		.section	.debug_line,"",%progbits
 1405              	.Ldebug_line0:
 1406 0000 3D010000 		.section	.debug_str,"MS",%progbits,1
 1406      02003701 
 1406      00000201 
 1406      FB0E0D00 
 1406      01010101 
 1407              	.LASF9:
 1408 0000 5F5F7569 		.ascii	"__uint8_t\000"
 1408      6E74385F 
 1408      7400
 1409              	.LASF16:
 1410 000a 63795F6D 		.ascii	"cy_metadata\000"
 1410      65746164 
 1410      61746100 
 1411              	.LASF1:
 1412 0016 756E7369 		.ascii	"unsigned char\000"
 1412      676E6564 
ARM GAS  C:\Users\Tri94\AppData\Local\Temp\ccMdInHj.s 			page 26


 1412      20636861 
 1412      7200
 1413              	.LASF17:
 1414 0024 474E5520 		.ascii	"GNU C11 5.4.1 20160609 (release) [ARM/embedded-5-br"
 1414      43313120 
 1414      352E342E 
 1414      31203230 
 1414      31363036 
 1415 0057 616E6368 		.ascii	"anch revision 237715] -mcpu=cortex-m3 -mthumb -g -O"
 1415      20726576 
 1415      6973696F 
 1415      6E203233 
 1415      37373135 
 1416 008a 67202D66 		.ascii	"g -ffunction-sections -ffat-lto-objects\000"
 1416      66756E63 
 1416      74696F6E 
 1416      2D736563 
 1416      74696F6E 
 1417              	.LASF5:
 1418 00b2 6C6F6E67 		.ascii	"long unsigned int\000"
 1418      20756E73 
 1418      69676E65 
 1418      6420696E 
 1418      7400
 1419              	.LASF3:
 1420 00c4 73686F72 		.ascii	"short unsigned int\000"
 1420      7420756E 
 1420      7369676E 
 1420      65642069 
 1420      6E7400
 1421              	.LASF13:
 1422 00d7 63795F6D 		.ascii	"cy_meta_custnvl\000"
 1422      6574615F 
 1422      63757374 
 1422      6E766C00 
 1423              	.LASF12:
 1424 00e7 63795F6D 		.ascii	"cy_meta_configecc\000"
 1424      6574615F 
 1424      636F6E66 
 1424      69676563 
 1424      6300
 1425              	.LASF8:
 1426 00f9 756E7369 		.ascii	"unsigned int\000"
 1426      676E6564 
 1426      20696E74 
 1426      00
 1427              	.LASF7:
 1428 0106 6C6F6E67 		.ascii	"long long unsigned int\000"
 1428      206C6F6E 
 1428      6720756E 
 1428      7369676E 
 1428      65642069 
 1429              	.LASF10:
 1430 011d 75696E74 		.ascii	"uint8_t\000"
 1430      385F7400 
 1431              	.LASF15:
 1432 0125 63795F6D 		.ascii	"cy_meta_flashprotect\000"
ARM GAS  C:\Users\Tri94\AppData\Local\Temp\ccMdInHj.s 			page 27


 1432      6574615F 
 1432      666C6173 
 1432      6870726F 
 1432      74656374 
 1433              	.LASF14:
 1434 013a 63795F6D 		.ascii	"cy_meta_wonvl\000"
 1434      6574615F 
 1434      776F6E76 
 1434      6C00
 1435              	.LASF11:
 1436 0148 73697A65 		.ascii	"sizetype\000"
 1436      74797065 
 1436      00
 1437              	.LASF6:
 1438 0151 6C6F6E67 		.ascii	"long long int\000"
 1438      206C6F6E 
 1438      6720696E 
 1438      7400
 1439              	.LASF2:
 1440 015f 73686F72 		.ascii	"short int\000"
 1440      7420696E 
 1440      7400
 1441              	.LASF19:
 1442 0169 433A5C55 		.ascii	"C:\\Users\\Tri94\\Documents\\PSoC Creator\\EE4450\\"
 1442      73657273 
 1442      5C547269 
 1442      39345C44 
 1442      6F63756D 
 1443 0196 43617053 		.ascii	"CapSense_Slider.cydsn\000"
 1443      656E7365 
 1443      5F536C69 
 1443      6465722E 
 1443      63796473 
 1444              	.LASF4:
 1445 01ac 6C6F6E67 		.ascii	"long int\000"
 1445      20696E74 
 1445      00
 1446              	.LASF0:
 1447 01b5 7369676E 		.ascii	"signed char\000"
 1447      65642063 
 1447      68617200 
 1448              	.LASF18:
 1449 01c1 47656E65 		.ascii	"Generated_Source\\PSoC5\\cymetadata.c\000"
 1449      72617465 
 1449      645F536F 
 1449      75726365 
 1449      5C50536F 
 1450              		.ident	"GCC: (GNU Tools for ARM Embedded Processors) 5.4.1 20160609 (release) [ARM/embedded-5-bran
