ARM GAS  C:\Users\Tri94\AppData\Local\Temp\ccmJkEO7.s 			page 1


   1              		.syntax unified
   2              		.cpu cortex-m3
   3              		.fpu softvfp
   4              		.eabi_attribute 20, 1
   5              		.eabi_attribute 21, 1
   6              		.eabi_attribute 23, 3
   7              		.eabi_attribute 24, 1
   8              		.eabi_attribute 25, 1
   9              		.eabi_attribute 26, 1
  10              		.eabi_attribute 30, 1
  11              		.eabi_attribute 34, 1
  12              		.eabi_attribute 18, 4
  13              		.thumb
  14              		.syntax unified
  15              		.file	"main.c"
  16              		.text
  17              	.Ltext0:
  18              		.cfi_sections	.debug_frame
  19              		.section	.text.main,"ax",%progbits
  20              		.align	2
  21              		.global	main
  22              		.thumb
  23              		.thumb_func
  24              		.type	main, %function
  25              	main:
  26              	.LFB64:
  27              		.file 1 "main.c"
   1:main.c        **** /* ========================================
   2:main.c        ****  *
   3:main.c        ****  * Copyright YOUR COMPANY, THE YEAR
   4:main.c        ****  * All Rights Reserved
   5:main.c        ****  * UNPUBLISHED, LICENSED SOFTWARE.
   6:main.c        ****  *
   7:main.c        ****  * CONFIDENTIAL AND PROPRIETARY INFORMATION
   8:main.c        ****  * WHICH IS THE PROPERTY OF your company.
   9:main.c        ****  *
  10:main.c        ****  * ========================================
  11:main.c        **** */
  12:main.c        **** #include "project.h"
  13:main.c        **** #include <stdio.h>
  14:main.c        **** #include <stdlib.h>
  15:main.c        **** #include <stdint.h>
  16:main.c        **** #include <stdbool.h>
  17:main.c        **** 
  18:main.c        **** #define NOFINGER 0xFFFFu
  19:main.c        **** 
  20:main.c        **** int main(void)
  21:main.c        **** {
  28              		.loc 1 21 0
  29              		.cfi_startproc
  30              		@ args = 0, pretend = 0, frame = 0
  31              		@ frame_needed = 0, uses_anonymous_args = 0
  32 0000 38B5     		push	{r3, r4, r5, lr}
  33              		.cfi_def_cfa_offset 16
  34              		.cfi_offset 3, -16
  35              		.cfi_offset 4, -12
  36              		.cfi_offset 5, -8
ARM GAS  C:\Users\Tri94\AppData\Local\Temp\ccmJkEO7.s 			page 2


  37              		.cfi_offset 14, -4
  38              	.LVL0:
  22:main.c        ****     
  23:main.c        ****     uint16_t    sliderPostion   = NOFINGER;
  24:main.c        ****     uint16_t    lastPostion     = NOFINGER;
  25:main.c        ****     
  26:main.c        ****     CyGlobalIntEnable; /* Enable global interrupts. */
  39              		.loc 1 26 0
  40              		.syntax unified
  41              	@ 26 "main.c" 1
  42 0002 62B6     		CPSIE   i
  43              	@ 0 "" 2
  27:main.c        **** 
  28:main.c        ****     /* Place your initialization/startup code here (e.g. MyInst_Start()) */
  29:main.c        ****     PWM_Start();
  44              		.loc 1 29 0
  45              		.thumb
  46              		.syntax unified
  47 0004 FFF7FEFF 		bl	PWM_Start
  48              	.LVL1:
  30:main.c        ****     CapSense_Start();
  49              		.loc 1 30 0
  50 0008 FFF7FEFF 		bl	CapSense_Start
  51              	.LVL2:
  31:main.c        ****     CapSense_InitializeAllBaselines();
  52              		.loc 1 31 0
  53 000c FFF7FEFF 		bl	CapSense_InitializeAllBaselines
  54              	.LVL3:
  24:main.c        ****     
  55              		.loc 1 24 0
  56 0010 4FF6FF75 		movw	r5, #65535
  57              	.LVL4:
  58              	.L2:
  32:main.c        ****     
  33:main.c        ****     for(;;)
  34:main.c        ****     {
  35:main.c        ****         /* Place your application code here. */
  36:main.c        ****         CapSense_UpdateEnabledBaselines();
  59              		.loc 1 36 0
  60 0014 FFF7FEFF 		bl	CapSense_UpdateEnabledBaselines
  61              	.LVL5:
  37:main.c        ****         CapSense_ScanEnabledWidgets();
  62              		.loc 1 37 0
  63 0018 FFF7FEFF 		bl	CapSense_ScanEnabledWidgets
  64              	.LVL6:
  65              	.L3:
  38:main.c        ****         
  39:main.c        ****         while(CapSense_IsBusy());
  66              		.loc 1 39 0 discriminator 1
  67 001c FFF7FEFF 		bl	CapSense_IsBusy
  68              	.LVL7:
  69 0020 0028     		cmp	r0, #0
  70 0022 FBD1     		bne	.L3
  40:main.c        ****         
  41:main.c        ****         sliderPostion = CapSense_GetCentroidPos(0);
  71              		.loc 1 41 0
  72 0024 FFF7FEFF 		bl	CapSense_GetCentroidPos
ARM GAS  C:\Users\Tri94\AppData\Local\Temp\ccmJkEO7.s 			page 3


  73              	.LVL8:
  74 0028 0446     		mov	r4, r0
  75              	.LVL9:
  42:main.c        ****         
  43:main.c        ****         if (sliderPostion != NOFINGER){
  76              		.loc 1 43 0
  77 002a 4FF6FF73 		movw	r3, #65535
  78 002e 9842     		cmp	r0, r3
  79 0030 F0D0     		beq	.L2
  44:main.c        ****             if (sliderPostion != lastPostion){
  80              		.loc 1 44 0
  81 0032 8542     		cmp	r5, r0
  82 0034 EED0     		beq	.L2
  83              	.LVL10:
  45:main.c        ****                 lastPostion = sliderPostion;
  46:main.c        ****                 PWM_WriteCompare(sliderPostion);
  84              		.loc 1 46 0
  85 0036 C0B2     		uxtb	r0, r0
  86              	.LVL11:
  87 0038 FFF7FEFF 		bl	PWM_WriteCompare
  88              	.LVL12:
  45:main.c        ****                 lastPostion = sliderPostion;
  89              		.loc 1 45 0
  90 003c 2546     		mov	r5, r4
  91 003e E9E7     		b	.L2
  92              		.cfi_endproc
  93              	.LFE64:
  94              		.size	main, .-main
  95              		.text
  96              	.Letext0:
  97              		.file 2 "c:\\program files (x86)\\cypress\\psoc creator\\4.2\\psoc creator\\import\\gnu\\arm\\5.4.
  98              		.file 3 "c:\\program files (x86)\\cypress\\psoc creator\\4.2\\psoc creator\\import\\gnu\\arm\\5.4.
  99              		.file 4 "Generated_Source\\PSoC5/PWM.h"
 100              		.file 5 "Generated_Source\\PSoC5/CapSense.h"
 101              		.file 6 "Generated_Source\\PSoC5/CapSense_CSHL.h"
 102              		.file 7 "Generated_Source\\PSoC5/core_cm3.h"
 103              		.section	.debug_info,"",%progbits
 104              	.Ldebug_info0:
 105 0000 A0010000 		.4byte	0x1a0
 106 0004 0400     		.2byte	0x4
 107 0006 00000000 		.4byte	.Ldebug_abbrev0
 108 000a 04       		.byte	0x4
 109 000b 01       		.uleb128 0x1
 110 000c 42000000 		.4byte	.LASF28
 111 0010 0C       		.byte	0xc
 112 0011 B9010000 		.4byte	.LASF29
 113 0015 D8010000 		.4byte	.LASF30
 114 0019 00000000 		.4byte	.Ldebug_ranges0+0
 115 001d 00000000 		.4byte	0
 116 0021 00000000 		.4byte	.Ldebug_line0
 117 0025 02       		.uleb128 0x2
 118 0026 01       		.byte	0x1
 119 0027 06       		.byte	0x6
 120 0028 28000000 		.4byte	.LASF0
 121 002c 02       		.uleb128 0x2
 122 002d 01       		.byte	0x1
 123 002e 08       		.byte	0x8
ARM GAS  C:\Users\Tri94\AppData\Local\Temp\ccmJkEO7.s 			page 4


 124 002f 34000000 		.4byte	.LASF1
 125 0033 02       		.uleb128 0x2
 126 0034 02       		.byte	0x2
 127 0035 05       		.byte	0x5
 128 0036 CE010000 		.4byte	.LASF2
 129 003a 03       		.uleb128 0x3
 130 003b 12010000 		.4byte	.LASF4
 131 003f 02       		.byte	0x2
 132 0040 2B       		.byte	0x2b
 133 0041 45000000 		.4byte	0x45
 134 0045 02       		.uleb128 0x2
 135 0046 02       		.byte	0x2
 136 0047 07       		.byte	0x7
 137 0048 F2000000 		.4byte	.LASF3
 138 004c 03       		.uleb128 0x3
 139 004d 18000000 		.4byte	.LASF5
 140 0051 02       		.byte	0x2
 141 0052 3F       		.byte	0x3f
 142 0053 57000000 		.4byte	0x57
 143 0057 02       		.uleb128 0x2
 144 0058 04       		.byte	0x4
 145 0059 05       		.byte	0x5
 146 005a 25020000 		.4byte	.LASF6
 147 005e 02       		.uleb128 0x2
 148 005f 04       		.byte	0x4
 149 0060 07       		.byte	0x7
 150 0061 E0000000 		.4byte	.LASF7
 151 0065 02       		.uleb128 0x2
 152 0066 08       		.byte	0x8
 153 0067 05       		.byte	0x5
 154 0068 AB010000 		.4byte	.LASF8
 155 006c 02       		.uleb128 0x2
 156 006d 08       		.byte	0x8
 157 006e 07       		.byte	0x7
 158 006f 63010000 		.4byte	.LASF9
 159 0073 04       		.uleb128 0x4
 160 0074 04       		.byte	0x4
 161 0075 05       		.byte	0x5
 162 0076 696E7400 		.ascii	"int\000"
 163 007a 02       		.uleb128 0x2
 164 007b 04       		.byte	0x4
 165 007c 07       		.byte	0x7
 166 007d 56010000 		.4byte	.LASF10
 167 0081 03       		.uleb128 0x3
 168 0082 C5010000 		.4byte	.LASF11
 169 0086 03       		.byte	0x3
 170 0087 24       		.byte	0x24
 171 0088 3A000000 		.4byte	0x3a
 172 008c 03       		.uleb128 0x3
 173 008d 7A010000 		.4byte	.LASF12
 174 0091 03       		.byte	0x3
 175 0092 2C       		.byte	0x2c
 176 0093 4C000000 		.4byte	0x4c
 177 0097 02       		.uleb128 0x2
 178 0098 04       		.byte	0x4
 179 0099 04       		.byte	0x4
 180 009a 22000000 		.4byte	.LASF13
ARM GAS  C:\Users\Tri94\AppData\Local\Temp\ccmJkEO7.s 			page 5


 181 009e 02       		.uleb128 0x2
 182 009f 08       		.byte	0x8
 183 00a0 04       		.byte	0x4
 184 00a1 1D010000 		.4byte	.LASF14
 185 00a5 02       		.uleb128 0x2
 186 00a6 01       		.byte	0x1
 187 00a7 08       		.byte	0x8
 188 00a8 C0010000 		.4byte	.LASF15
 189 00ac 02       		.uleb128 0x2
 190 00ad 08       		.byte	0x8
 191 00ae 04       		.byte	0x4
 192 00af 2E020000 		.4byte	.LASF16
 193 00b3 02       		.uleb128 0x2
 194 00b4 04       		.byte	0x4
 195 00b5 07       		.byte	0x7
 196 00b6 82010000 		.4byte	.LASF17
 197 00ba 05       		.uleb128 0x5
 198 00bb 51010000 		.4byte	.LASF31
 199 00bf 01       		.byte	0x1
 200 00c0 14       		.byte	0x14
 201 00c1 73000000 		.4byte	0x73
 202 00c5 00000000 		.4byte	.LFB64
 203 00c9 40000000 		.4byte	.LFE64-.LFB64
 204 00cd 01       		.uleb128 0x1
 205 00ce 9C       		.byte	0x9c
 206 00cf 3A010000 		.4byte	0x13a
 207 00d3 06       		.uleb128 0x6
 208 00d4 3A020000 		.4byte	.LASF18
 209 00d8 01       		.byte	0x1
 210 00d9 17       		.byte	0x17
 211 00da 81000000 		.4byte	0x81
 212 00de 00000000 		.4byte	.LLST0
 213 00e2 06       		.uleb128 0x6
 214 00e3 48020000 		.4byte	.LASF19
 215 00e7 01       		.byte	0x1
 216 00e8 18       		.byte	0x18
 217 00e9 81000000 		.4byte	0x81
 218 00ed 20000000 		.4byte	.LLST1
 219 00f1 07       		.uleb128 0x7
 220 00f2 08000000 		.4byte	.LVL1
 221 00f6 4B010000 		.4byte	0x14b
 222 00fa 07       		.uleb128 0x7
 223 00fb 0C000000 		.4byte	.LVL2
 224 00ff 56010000 		.4byte	0x156
 225 0103 07       		.uleb128 0x7
 226 0104 10000000 		.4byte	.LVL3
 227 0108 61010000 		.4byte	0x161
 228 010c 07       		.uleb128 0x7
 229 010d 18000000 		.4byte	.LVL5
 230 0111 6C010000 		.4byte	0x16c
 231 0115 07       		.uleb128 0x7
 232 0116 1C000000 		.4byte	.LVL6
 233 011a 77010000 		.4byte	0x177
 234 011e 07       		.uleb128 0x7
 235 011f 20000000 		.4byte	.LVL7
 236 0123 82010000 		.4byte	0x182
 237 0127 07       		.uleb128 0x7
ARM GAS  C:\Users\Tri94\AppData\Local\Temp\ccmJkEO7.s 			page 6


 238 0128 28000000 		.4byte	.LVL8
 239 012c 8D010000 		.4byte	0x18d
 240 0130 07       		.uleb128 0x7
 241 0131 3C000000 		.4byte	.LVL12
 242 0135 98010000 		.4byte	0x198
 243 0139 00       		.byte	0
 244 013a 08       		.uleb128 0x8
 245 013b 05010000 		.4byte	.LASF32
 246 013f 07       		.byte	0x7
 247 0140 1207     		.2byte	0x712
 248 0142 46010000 		.4byte	0x146
 249 0146 09       		.uleb128 0x9
 250 0147 8C000000 		.4byte	0x8c
 251 014b 0A       		.uleb128 0xa
 252 014c 1B020000 		.4byte	.LASF20
 253 0150 1B020000 		.4byte	.LASF20
 254 0154 04       		.byte	0x4
 255 0155 92       		.byte	0x92
 256 0156 0A       		.uleb128 0xa
 257 0157 74020000 		.4byte	.LASF21
 258 015b 74020000 		.4byte	.LASF21
 259 015f 05       		.byte	0x5
 260 0160 93       		.byte	0x93
 261 0161 0A       		.uleb128 0xa
 262 0162 54020000 		.4byte	.LASF22
 263 0166 54020000 		.4byte	.LASF22
 264 016a 06       		.byte	0x6
 265 016b 95       		.byte	0x95
 266 016c 0A       		.uleb128 0xa
 267 016d 8B010000 		.4byte	.LASF23
 268 0171 8B010000 		.4byte	.LASF23
 269 0175 06       		.byte	0x6
 270 0176 99       		.byte	0x99
 271 0177 0A       		.uleb128 0xa
 272 0178 24010000 		.4byte	.LASF24
 273 017c 24010000 		.4byte	.LASF24
 274 0180 05       		.byte	0x5
 275 0181 9B       		.byte	0x9b
 276 0182 0A       		.uleb128 0xa
 277 0183 D0000000 		.4byte	.LASF25
 278 0187 D0000000 		.4byte	.LASF25
 279 018b 05       		.byte	0x5
 280 018c 99       		.byte	0x99
 281 018d 0A       		.uleb128 0xa
 282 018e 00000000 		.4byte	.LASF26
 283 0192 00000000 		.4byte	.LASF26
 284 0196 06       		.byte	0x6
 285 0197 A5       		.byte	0xa5
 286 0198 0A       		.uleb128 0xa
 287 0199 40010000 		.4byte	.LASF27
 288 019d 40010000 		.4byte	.LASF27
 289 01a1 04       		.byte	0x4
 290 01a2 C3       		.byte	0xc3
 291 01a3 00       		.byte	0
 292              		.section	.debug_abbrev,"",%progbits
 293              	.Ldebug_abbrev0:
 294 0000 01       		.uleb128 0x1
ARM GAS  C:\Users\Tri94\AppData\Local\Temp\ccmJkEO7.s 			page 7


 295 0001 11       		.uleb128 0x11
 296 0002 01       		.byte	0x1
 297 0003 25       		.uleb128 0x25
 298 0004 0E       		.uleb128 0xe
 299 0005 13       		.uleb128 0x13
 300 0006 0B       		.uleb128 0xb
 301 0007 03       		.uleb128 0x3
 302 0008 0E       		.uleb128 0xe
 303 0009 1B       		.uleb128 0x1b
 304 000a 0E       		.uleb128 0xe
 305 000b 55       		.uleb128 0x55
 306 000c 17       		.uleb128 0x17
 307 000d 11       		.uleb128 0x11
 308 000e 01       		.uleb128 0x1
 309 000f 10       		.uleb128 0x10
 310 0010 17       		.uleb128 0x17
 311 0011 00       		.byte	0
 312 0012 00       		.byte	0
 313 0013 02       		.uleb128 0x2
 314 0014 24       		.uleb128 0x24
 315 0015 00       		.byte	0
 316 0016 0B       		.uleb128 0xb
 317 0017 0B       		.uleb128 0xb
 318 0018 3E       		.uleb128 0x3e
 319 0019 0B       		.uleb128 0xb
 320 001a 03       		.uleb128 0x3
 321 001b 0E       		.uleb128 0xe
 322 001c 00       		.byte	0
 323 001d 00       		.byte	0
 324 001e 03       		.uleb128 0x3
 325 001f 16       		.uleb128 0x16
 326 0020 00       		.byte	0
 327 0021 03       		.uleb128 0x3
 328 0022 0E       		.uleb128 0xe
 329 0023 3A       		.uleb128 0x3a
 330 0024 0B       		.uleb128 0xb
 331 0025 3B       		.uleb128 0x3b
 332 0026 0B       		.uleb128 0xb
 333 0027 49       		.uleb128 0x49
 334 0028 13       		.uleb128 0x13
 335 0029 00       		.byte	0
 336 002a 00       		.byte	0
 337 002b 04       		.uleb128 0x4
 338 002c 24       		.uleb128 0x24
 339 002d 00       		.byte	0
 340 002e 0B       		.uleb128 0xb
 341 002f 0B       		.uleb128 0xb
 342 0030 3E       		.uleb128 0x3e
 343 0031 0B       		.uleb128 0xb
 344 0032 03       		.uleb128 0x3
 345 0033 08       		.uleb128 0x8
 346 0034 00       		.byte	0
 347 0035 00       		.byte	0
 348 0036 05       		.uleb128 0x5
 349 0037 2E       		.uleb128 0x2e
 350 0038 01       		.byte	0x1
 351 0039 3F       		.uleb128 0x3f
ARM GAS  C:\Users\Tri94\AppData\Local\Temp\ccmJkEO7.s 			page 8


 352 003a 19       		.uleb128 0x19
 353 003b 03       		.uleb128 0x3
 354 003c 0E       		.uleb128 0xe
 355 003d 3A       		.uleb128 0x3a
 356 003e 0B       		.uleb128 0xb
 357 003f 3B       		.uleb128 0x3b
 358 0040 0B       		.uleb128 0xb
 359 0041 27       		.uleb128 0x27
 360 0042 19       		.uleb128 0x19
 361 0043 49       		.uleb128 0x49
 362 0044 13       		.uleb128 0x13
 363 0045 8701     		.uleb128 0x87
 364 0047 19       		.uleb128 0x19
 365 0048 11       		.uleb128 0x11
 366 0049 01       		.uleb128 0x1
 367 004a 12       		.uleb128 0x12
 368 004b 06       		.uleb128 0x6
 369 004c 40       		.uleb128 0x40
 370 004d 18       		.uleb128 0x18
 371 004e 9742     		.uleb128 0x2117
 372 0050 19       		.uleb128 0x19
 373 0051 01       		.uleb128 0x1
 374 0052 13       		.uleb128 0x13
 375 0053 00       		.byte	0
 376 0054 00       		.byte	0
 377 0055 06       		.uleb128 0x6
 378 0056 34       		.uleb128 0x34
 379 0057 00       		.byte	0
 380 0058 03       		.uleb128 0x3
 381 0059 0E       		.uleb128 0xe
 382 005a 3A       		.uleb128 0x3a
 383 005b 0B       		.uleb128 0xb
 384 005c 3B       		.uleb128 0x3b
 385 005d 0B       		.uleb128 0xb
 386 005e 49       		.uleb128 0x49
 387 005f 13       		.uleb128 0x13
 388 0060 02       		.uleb128 0x2
 389 0061 17       		.uleb128 0x17
 390 0062 00       		.byte	0
 391 0063 00       		.byte	0
 392 0064 07       		.uleb128 0x7
 393 0065 898201   		.uleb128 0x4109
 394 0068 00       		.byte	0
 395 0069 11       		.uleb128 0x11
 396 006a 01       		.uleb128 0x1
 397 006b 31       		.uleb128 0x31
 398 006c 13       		.uleb128 0x13
 399 006d 00       		.byte	0
 400 006e 00       		.byte	0
 401 006f 08       		.uleb128 0x8
 402 0070 34       		.uleb128 0x34
 403 0071 00       		.byte	0
 404 0072 03       		.uleb128 0x3
 405 0073 0E       		.uleb128 0xe
 406 0074 3A       		.uleb128 0x3a
 407 0075 0B       		.uleb128 0xb
 408 0076 3B       		.uleb128 0x3b
ARM GAS  C:\Users\Tri94\AppData\Local\Temp\ccmJkEO7.s 			page 9


 409 0077 05       		.uleb128 0x5
 410 0078 49       		.uleb128 0x49
 411 0079 13       		.uleb128 0x13
 412 007a 3F       		.uleb128 0x3f
 413 007b 19       		.uleb128 0x19
 414 007c 3C       		.uleb128 0x3c
 415 007d 19       		.uleb128 0x19
 416 007e 00       		.byte	0
 417 007f 00       		.byte	0
 418 0080 09       		.uleb128 0x9
 419 0081 35       		.uleb128 0x35
 420 0082 00       		.byte	0
 421 0083 49       		.uleb128 0x49
 422 0084 13       		.uleb128 0x13
 423 0085 00       		.byte	0
 424 0086 00       		.byte	0
 425 0087 0A       		.uleb128 0xa
 426 0088 2E       		.uleb128 0x2e
 427 0089 00       		.byte	0
 428 008a 3F       		.uleb128 0x3f
 429 008b 19       		.uleb128 0x19
 430 008c 3C       		.uleb128 0x3c
 431 008d 19       		.uleb128 0x19
 432 008e 6E       		.uleb128 0x6e
 433 008f 0E       		.uleb128 0xe
 434 0090 03       		.uleb128 0x3
 435 0091 0E       		.uleb128 0xe
 436 0092 3A       		.uleb128 0x3a
 437 0093 0B       		.uleb128 0xb
 438 0094 3B       		.uleb128 0x3b
 439 0095 0B       		.uleb128 0xb
 440 0096 00       		.byte	0
 441 0097 00       		.byte	0
 442 0098 00       		.byte	0
 443              		.section	.debug_loc,"",%progbits
 444              	.Ldebug_loc0:
 445              	.LLST0:
 446 0000 02000000 		.4byte	.LVL0
 447 0004 14000000 		.4byte	.LVL4
 448 0008 0300     		.2byte	0x3
 449 000a 09       		.byte	0x9
 450 000b FF       		.byte	0xff
 451 000c 9F       		.byte	0x9f
 452 000d 2A000000 		.4byte	.LVL9
 453 0011 38000000 		.4byte	.LVL11
 454 0015 0100     		.2byte	0x1
 455 0017 50       		.byte	0x50
 456 0018 00000000 		.4byte	0
 457 001c 00000000 		.4byte	0
 458              	.LLST1:
 459 0020 02000000 		.4byte	.LVL0
 460 0024 14000000 		.4byte	.LVL4
 461 0028 0300     		.2byte	0x3
 462 002a 09       		.byte	0x9
 463 002b FF       		.byte	0xff
 464 002c 9F       		.byte	0x9f
 465 002d 14000000 		.4byte	.LVL4
ARM GAS  C:\Users\Tri94\AppData\Local\Temp\ccmJkEO7.s 			page 10


 466 0031 36000000 		.4byte	.LVL10
 467 0035 0100     		.2byte	0x1
 468 0037 55       		.byte	0x55
 469 0038 36000000 		.4byte	.LVL10
 470 003c 38000000 		.4byte	.LVL11
 471 0040 0100     		.2byte	0x1
 472 0042 50       		.byte	0x50
 473 0043 00000000 		.4byte	0
 474 0047 00000000 		.4byte	0
 475              		.section	.debug_aranges,"",%progbits
 476 0000 1C000000 		.4byte	0x1c
 477 0004 0200     		.2byte	0x2
 478 0006 00000000 		.4byte	.Ldebug_info0
 479 000a 04       		.byte	0x4
 480 000b 00       		.byte	0
 481 000c 0000     		.2byte	0
 482 000e 0000     		.2byte	0
 483 0010 00000000 		.4byte	.LFB64
 484 0014 40000000 		.4byte	.LFE64-.LFB64
 485 0018 00000000 		.4byte	0
 486 001c 00000000 		.4byte	0
 487              		.section	.debug_ranges,"",%progbits
 488              	.Ldebug_ranges0:
 489 0000 00000000 		.4byte	.LFB64
 490 0004 40000000 		.4byte	.LFE64
 491 0008 00000000 		.4byte	0
 492 000c 00000000 		.4byte	0
 493              		.section	.debug_line,"",%progbits
 494              	.Ldebug_line0:
 495 0000 93010000 		.section	.debug_str,"MS",%progbits,1
 495      02006901 
 495      00000201 
 495      FB0E0D00 
 495      01010101 
 496              	.LASF26:
 497 0000 43617053 		.ascii	"CapSense_GetCentroidPos\000"
 497      656E7365 
 497      5F476574 
 497      43656E74 
 497      726F6964 
 498              	.LASF5:
 499 0018 5F5F696E 		.ascii	"__int32_t\000"
 499      7433325F 
 499      7400
 500              	.LASF13:
 501 0022 666C6F61 		.ascii	"float\000"
 501      7400
 502              	.LASF0:
 503 0028 7369676E 		.ascii	"signed char\000"
 503      65642063 
 503      68617200 
 504              	.LASF1:
 505 0034 756E7369 		.ascii	"unsigned char\000"
 505      676E6564 
 505      20636861 
 505      7200
 506              	.LASF28:
ARM GAS  C:\Users\Tri94\AppData\Local\Temp\ccmJkEO7.s 			page 11


 507 0042 474E5520 		.ascii	"GNU C11 5.4.1 20160609 (release) [ARM/embedded-5-br"
 507      43313120 
 507      352E342E 
 507      31203230 
 507      31363036 
 508 0075 616E6368 		.ascii	"anch revision 237715] -mcpu=cortex-m3 -mthumb -g -O"
 508      20726576 
 508      6973696F 
 508      6E203233 
 508      37373135 
 509 00a8 67202D66 		.ascii	"g -ffunction-sections -ffat-lto-objects\000"
 509      66756E63 
 509      74696F6E 
 509      2D736563 
 509      74696F6E 
 510              	.LASF25:
 511 00d0 43617053 		.ascii	"CapSense_IsBusy\000"
 511      656E7365 
 511      5F497342 
 511      75737900 
 512              	.LASF7:
 513 00e0 6C6F6E67 		.ascii	"long unsigned int\000"
 513      20756E73 
 513      69676E65 
 513      6420696E 
 513      7400
 514              	.LASF3:
 515 00f2 73686F72 		.ascii	"short unsigned int\000"
 515      7420756E 
 515      7369676E 
 515      65642069 
 515      6E7400
 516              	.LASF32:
 517 0105 49544D5F 		.ascii	"ITM_RxBuffer\000"
 517      52784275 
 517      66666572 
 517      00
 518              	.LASF4:
 519 0112 5F5F7569 		.ascii	"__uint16_t\000"
 519      6E743136 
 519      5F7400
 520              	.LASF14:
 521 011d 646F7562 		.ascii	"double\000"
 521      6C6500
 522              	.LASF24:
 523 0124 43617053 		.ascii	"CapSense_ScanEnabledWidgets\000"
 523      656E7365 
 523      5F536361 
 523      6E456E61 
 523      626C6564 
 524              	.LASF27:
 525 0140 50574D5F 		.ascii	"PWM_WriteCompare\000"
 525      57726974 
 525      65436F6D 
 525      70617265 
 525      00
 526              	.LASF31:
ARM GAS  C:\Users\Tri94\AppData\Local\Temp\ccmJkEO7.s 			page 12


 527 0151 6D61696E 		.ascii	"main\000"
 527      00
 528              	.LASF10:
 529 0156 756E7369 		.ascii	"unsigned int\000"
 529      676E6564 
 529      20696E74 
 529      00
 530              	.LASF9:
 531 0163 6C6F6E67 		.ascii	"long long unsigned int\000"
 531      206C6F6E 
 531      6720756E 
 531      7369676E 
 531      65642069 
 532              	.LASF12:
 533 017a 696E7433 		.ascii	"int32_t\000"
 533      325F7400 
 534              	.LASF17:
 535 0182 73697A65 		.ascii	"sizetype\000"
 535      74797065 
 535      00
 536              	.LASF23:
 537 018b 43617053 		.ascii	"CapSense_UpdateEnabledBaselines\000"
 537      656E7365 
 537      5F557064 
 537      61746545 
 537      6E61626C 
 538              	.LASF8:
 539 01ab 6C6F6E67 		.ascii	"long long int\000"
 539      206C6F6E 
 539      6720696E 
 539      7400
 540              	.LASF29:
 541 01b9 6D61696E 		.ascii	"main.c\000"
 541      2E6300
 542              	.LASF15:
 543 01c0 63686172 		.ascii	"char\000"
 543      00
 544              	.LASF11:
 545 01c5 75696E74 		.ascii	"uint16_t\000"
 545      31365F74 
 545      00
 546              	.LASF2:
 547 01ce 73686F72 		.ascii	"short int\000"
 547      7420696E 
 547      7400
 548              	.LASF30:
 549 01d8 433A5C55 		.ascii	"C:\\Users\\Tri94\\Documents\\PSoC Creator\\EE4450\\"
 549      73657273 
 549      5C547269 
 549      39345C44 
 549      6F63756D 
 550 0205 43617053 		.ascii	"CapSense_Slider.cydsn\000"
 550      656E7365 
 550      5F536C69 
 550      6465722E 
 550      63796473 
 551              	.LASF20:
ARM GAS  C:\Users\Tri94\AppData\Local\Temp\ccmJkEO7.s 			page 13


 552 021b 50574D5F 		.ascii	"PWM_Start\000"
 552      53746172 
 552      7400
 553              	.LASF6:
 554 0225 6C6F6E67 		.ascii	"long int\000"
 554      20696E74 
 554      00
 555              	.LASF16:
 556 022e 6C6F6E67 		.ascii	"long double\000"
 556      20646F75 
 556      626C6500 
 557              	.LASF18:
 558 023a 736C6964 		.ascii	"sliderPostion\000"
 558      6572506F 
 558      7374696F 
 558      6E00
 559              	.LASF19:
 560 0248 6C617374 		.ascii	"lastPostion\000"
 560      506F7374 
 560      696F6E00 
 561              	.LASF22:
 562 0254 43617053 		.ascii	"CapSense_InitializeAllBaselines\000"
 562      656E7365 
 562      5F496E69 
 562      7469616C 
 562      697A6541 
 563              	.LASF21:
 564 0274 43617053 		.ascii	"CapSense_Start\000"
 564      656E7365 
 564      5F537461 
 564      727400
 565              		.ident	"GCC: (GNU Tools for ARM Embedded Processors) 5.4.1 20160609 (release) [ARM/embedded-5-bran
