ARM GAS  C:\Users\Tri94\AppData\Local\Temp\cc2wIjei.s 			page 1


   1              		.syntax unified
   2              		.cpu cortex-m3
   3              		.fpu softvfp
   4              		.eabi_attribute 20, 1
   5              		.eabi_attribute 21, 1
   6              		.eabi_attribute 23, 3
   7              		.eabi_attribute 24, 1
   8              		.eabi_attribute 25, 1
   9              		.eabi_attribute 26, 1
  10              		.eabi_attribute 30, 1
  11              		.eabi_attribute 34, 1
  12              		.eabi_attribute 18, 4
  13              		.thumb
  14              		.syntax unified
  15              		.file	"main.c"
  16              		.text
  17              	.Ltext0:
  18              		.cfi_sections	.debug_frame
  19              		.section	.text.myISR_GPIO,"ax",%progbits
  20              		.align	2
  21              		.global	myISR_GPIO
  22              		.thumb
  23              		.thumb_func
  24              		.type	myISR_GPIO, %function
  25              	myISR_GPIO:
  26              	.LFB64:
  27              		.file 1 "main.c"
   1:main.c        **** /* ========================================
   2:main.c        ****  *
   3:main.c        ****  * Copyright YOUR COMPANY, THE YEAR
   4:main.c        ****  * All Rights Reserved
   5:main.c        ****  * UNPUBLISHED, LICENSED SOFTWARE.
   6:main.c        ****  *
   7:main.c        ****  * CONFIDENTIAL AND PROPRIETARY INFORMATION
   8:main.c        ****  * WHICH IS THE PROPERTY OF your company.
   9:main.c        ****  *
  10:main.c        ****  * ========================================
  11:main.c        **** */
  12:main.c        **** #include "project.h"
  13:main.c        **** #include <stdio.h>
  14:main.c        **** #include <stdlib.h>
  15:main.c        **** #include <stdint.h>
  16:main.c        **** #include <stdbool.h>
  17:main.c        **** 
  18:main.c        **** CY_ISR(myISR_GPIO){
  28              		.loc 1 18 0
  29              		.cfi_startproc
  30              		@ args = 0, pretend = 0, frame = 0
  31              		@ frame_needed = 0, uses_anonymous_args = 0
  32 0000 08B5     		push	{r3, lr}
  33              		.cfi_def_cfa_offset 8
  34              		.cfi_offset 3, -8
  35              		.cfi_offset 14, -4
  19:main.c        ****     LED_Write(!LED_Read());
  36              		.loc 1 19 0
  37 0002 FFF7FEFF 		bl	LED_Read
  38              	.LVL0:
ARM GAS  C:\Users\Tri94\AppData\Local\Temp\cc2wIjei.s 			page 2


  39 0006 B0FA80F0 		clz	r0, r0
  40 000a 4009     		lsrs	r0, r0, #5
  41 000c FFF7FEFF 		bl	LED_Write
  42              	.LVL1:
  43 0010 08BD     		pop	{r3, pc}
  44              		.cfi_endproc
  45              	.LFE64:
  46              		.size	myISR_GPIO, .-myISR_GPIO
  47 0012 00BF     		.section	.text.main,"ax",%progbits
  48              		.align	2
  49              		.global	main
  50              		.thumb
  51              		.thumb_func
  52              		.type	main, %function
  53              	main:
  54              	.LFB65:
  20:main.c        **** }
  21:main.c        **** 
  22:main.c        **** int main(void)
  23:main.c        **** {
  55              		.loc 1 23 0
  56              		.cfi_startproc
  57              		@ Volatile: function does not return.
  58              		@ args = 0, pretend = 0, frame = 0
  59              		@ frame_needed = 0, uses_anonymous_args = 0
  60 0000 08B5     		push	{r3, lr}
  61              		.cfi_def_cfa_offset 8
  62              		.cfi_offset 3, -8
  63              		.cfi_offset 14, -4
  24:main.c        ****     CyGlobalIntEnable; /* Enable global interrupts. */
  64              		.loc 1 24 0
  65              		.syntax unified
  66              	@ 24 "main.c" 1
  67 0002 62B6     		CPSIE   i
  68              	@ 0 "" 2
  25:main.c        **** 
  26:main.c        ****     /* Place your initialization/startup code here (e.g. MyInst_Start()) */
  27:main.c        ****     ISR_GPIO_StartEx(myISR_GPIO);
  69              		.loc 1 27 0
  70              		.thumb
  71              		.syntax unified
  72 0004 0148     		ldr	r0, .L6
  73 0006 FFF7FEFF 		bl	ISR_GPIO_StartEx
  74              	.LVL2:
  75              	.L4:
  76 000a FEE7     		b	.L4
  77              	.L7:
  78              		.align	2
  79              	.L6:
  80 000c 00000000 		.word	myISR_GPIO
  81              		.cfi_endproc
  82              	.LFE65:
  83              		.size	main, .-main
  84              		.text
  85              	.Letext0:
  86              		.file 2 "c:\\program files (x86)\\cypress\\psoc creator\\4.2\\psoc creator\\import\\gnu\\arm\\5.4.
  87              		.file 3 "c:\\program files (x86)\\cypress\\psoc creator\\4.2\\psoc creator\\import\\gnu\\arm\\5.4.
ARM GAS  C:\Users\Tri94\AppData\Local\Temp\cc2wIjei.s 			page 3


  88              		.file 4 "Generated_Source\\PSoC5/LED.h"
  89              		.file 5 "Generated_Source\\PSoC5/ISR_GPIO.h"
  90              		.file 6 "Generated_Source\\PSoC5/core_cm3.h"
  91              		.section	.debug_info,"",%progbits
  92              	.Ldebug_info0:
  93 0000 28010000 		.4byte	0x128
  94 0004 0400     		.2byte	0x4
  95 0006 00000000 		.4byte	.Ldebug_abbrev0
  96 000a 04       		.byte	0x4
  97 000b 01       		.uleb128 0x1
  98 000c 82000000 		.4byte	.LASF19
  99 0010 0C       		.byte	0xc
 100 0011 2E000000 		.4byte	.LASF20
 101 0015 35000000 		.4byte	.LASF21
 102 0019 00000000 		.4byte	.Ldebug_ranges0+0
 103 001d 00000000 		.4byte	0
 104 0021 00000000 		.4byte	.Ldebug_line0
 105 0025 02       		.uleb128 0x2
 106 0026 01       		.byte	0x1
 107 0027 06       		.byte	0x6
 108 0028 81010000 		.4byte	.LASF0
 109 002c 02       		.uleb128 0x2
 110 002d 01       		.byte	0x1
 111 002e 08       		.byte	0x8
 112 002f 51010000 		.4byte	.LASF1
 113 0033 02       		.uleb128 0x2
 114 0034 02       		.byte	0x2
 115 0035 05       		.byte	0x5
 116 0036 B4010000 		.4byte	.LASF2
 117 003a 02       		.uleb128 0x2
 118 003b 02       		.byte	0x2
 119 003c 07       		.byte	0x7
 120 003d 0E000000 		.4byte	.LASF3
 121 0041 03       		.uleb128 0x3
 122 0042 99010000 		.4byte	.LASF9
 123 0046 02       		.byte	0x2
 124 0047 3F       		.byte	0x3f
 125 0048 4C000000 		.4byte	0x4c
 126 004c 02       		.uleb128 0x2
 127 004d 04       		.byte	0x4
 128 004e 05       		.byte	0x5
 129 004f 64010000 		.4byte	.LASF4
 130 0053 02       		.uleb128 0x2
 131 0054 04       		.byte	0x4
 132 0055 07       		.byte	0x7
 133 0056 1A010000 		.4byte	.LASF5
 134 005a 02       		.uleb128 0x2
 135 005b 08       		.byte	0x8
 136 005c 05       		.byte	0x5
 137 005d 00000000 		.4byte	.LASF6
 138 0061 02       		.uleb128 0x2
 139 0062 08       		.byte	0x8
 140 0063 07       		.byte	0x7
 141 0064 2C010000 		.4byte	.LASF7
 142 0068 04       		.uleb128 0x4
 143 0069 04       		.byte	0x4
 144 006a 05       		.byte	0x5
ARM GAS  C:\Users\Tri94\AppData\Local\Temp\cc2wIjei.s 			page 4


 145 006b 696E7400 		.ascii	"int\000"
 146 006f 02       		.uleb128 0x2
 147 0070 04       		.byte	0x4
 148 0071 07       		.byte	0x7
 149 0072 21000000 		.4byte	.LASF8
 150 0076 03       		.uleb128 0x3
 151 0077 BE010000 		.4byte	.LASF10
 152 007b 03       		.byte	0x3
 153 007c 2C       		.byte	0x2c
 154 007d 41000000 		.4byte	0x41
 155 0081 02       		.uleb128 0x2
 156 0082 04       		.byte	0x4
 157 0083 04       		.byte	0x4
 158 0084 AE010000 		.4byte	.LASF11
 159 0088 02       		.uleb128 0x2
 160 0089 08       		.byte	0x8
 161 008a 04       		.byte	0x4
 162 008b 6D010000 		.4byte	.LASF12
 163 008f 02       		.uleb128 0x2
 164 0090 01       		.byte	0x1
 165 0091 08       		.byte	0x8
 166 0092 5F010000 		.4byte	.LASF13
 167 0096 02       		.uleb128 0x2
 168 0097 08       		.byte	0x8
 169 0098 04       		.byte	0x4
 170 0099 8D010000 		.4byte	.LASF14
 171 009d 02       		.uleb128 0x2
 172 009e 04       		.byte	0x4
 173 009f 07       		.byte	0x7
 174 00a0 C6010000 		.4byte	.LASF15
 175 00a4 05       		.uleb128 0x5
 176 00a5 A3010000 		.4byte	.LASF22
 177 00a9 01       		.byte	0x1
 178 00aa 12       		.byte	0x12
 179 00ab 00000000 		.4byte	.LFB64
 180 00af 12000000 		.4byte	.LFE64-.LFB64
 181 00b3 01       		.uleb128 0x1
 182 00b4 9C       		.byte	0x9c
 183 00b5 CC000000 		.4byte	0xcc
 184 00b9 06       		.uleb128 0x6
 185 00ba 06000000 		.4byte	.LVL0
 186 00be 0A010000 		.4byte	0x10a
 187 00c2 06       		.uleb128 0x6
 188 00c3 10000000 		.4byte	.LVL1
 189 00c7 15010000 		.4byte	0x115
 190 00cb 00       		.byte	0
 191 00cc 07       		.uleb128 0x7
 192 00cd 4C010000 		.4byte	.LASF23
 193 00d1 01       		.byte	0x1
 194 00d2 16       		.byte	0x16
 195 00d3 68000000 		.4byte	0x68
 196 00d7 00000000 		.4byte	.LFB65
 197 00db 10000000 		.4byte	.LFE65-.LFB65
 198 00df 01       		.uleb128 0x1
 199 00e0 9C       		.byte	0x9c
 200 00e1 F9000000 		.4byte	0xf9
 201 00e5 08       		.uleb128 0x8
ARM GAS  C:\Users\Tri94\AppData\Local\Temp\cc2wIjei.s 			page 5


 202 00e6 0A000000 		.4byte	.LVL2
 203 00ea 20010000 		.4byte	0x120
 204 00ee 09       		.uleb128 0x9
 205 00ef 01       		.uleb128 0x1
 206 00f0 50       		.byte	0x50
 207 00f1 05       		.uleb128 0x5
 208 00f2 03       		.byte	0x3
 209 00f3 00000000 		.4byte	myISR_GPIO
 210 00f7 00       		.byte	0
 211 00f8 00       		.byte	0
 212 00f9 0A       		.uleb128 0xa
 213 00fa 74010000 		.4byte	.LASF24
 214 00fe 06       		.byte	0x6
 215 00ff 1207     		.2byte	0x712
 216 0101 05010000 		.4byte	0x105
 217 0105 0B       		.uleb128 0xb
 218 0106 76000000 		.4byte	0x76
 219 010a 0C       		.uleb128 0xc
 220 010b 43010000 		.4byte	.LASF16
 221 010f 43010000 		.4byte	.LASF16
 222 0113 04       		.byte	0x4
 223 0114 29       		.byte	0x29
 224 0115 0C       		.uleb128 0xc
 225 0116 10010000 		.4byte	.LASF17
 226 011a 10010000 		.4byte	.LASF17
 227 011e 04       		.byte	0x4
 228 011f 26       		.byte	0x26
 229 0120 0C       		.uleb128 0xc
 230 0121 71000000 		.4byte	.LASF18
 231 0125 71000000 		.4byte	.LASF18
 232 0129 05       		.byte	0x5
 233 012a 18       		.byte	0x18
 234 012b 00       		.byte	0
 235              		.section	.debug_abbrev,"",%progbits
 236              	.Ldebug_abbrev0:
 237 0000 01       		.uleb128 0x1
 238 0001 11       		.uleb128 0x11
 239 0002 01       		.byte	0x1
 240 0003 25       		.uleb128 0x25
 241 0004 0E       		.uleb128 0xe
 242 0005 13       		.uleb128 0x13
 243 0006 0B       		.uleb128 0xb
 244 0007 03       		.uleb128 0x3
 245 0008 0E       		.uleb128 0xe
 246 0009 1B       		.uleb128 0x1b
 247 000a 0E       		.uleb128 0xe
 248 000b 55       		.uleb128 0x55
 249 000c 17       		.uleb128 0x17
 250 000d 11       		.uleb128 0x11
 251 000e 01       		.uleb128 0x1
 252 000f 10       		.uleb128 0x10
 253 0010 17       		.uleb128 0x17
 254 0011 00       		.byte	0
 255 0012 00       		.byte	0
 256 0013 02       		.uleb128 0x2
 257 0014 24       		.uleb128 0x24
 258 0015 00       		.byte	0
ARM GAS  C:\Users\Tri94\AppData\Local\Temp\cc2wIjei.s 			page 6


 259 0016 0B       		.uleb128 0xb
 260 0017 0B       		.uleb128 0xb
 261 0018 3E       		.uleb128 0x3e
 262 0019 0B       		.uleb128 0xb
 263 001a 03       		.uleb128 0x3
 264 001b 0E       		.uleb128 0xe
 265 001c 00       		.byte	0
 266 001d 00       		.byte	0
 267 001e 03       		.uleb128 0x3
 268 001f 16       		.uleb128 0x16
 269 0020 00       		.byte	0
 270 0021 03       		.uleb128 0x3
 271 0022 0E       		.uleb128 0xe
 272 0023 3A       		.uleb128 0x3a
 273 0024 0B       		.uleb128 0xb
 274 0025 3B       		.uleb128 0x3b
 275 0026 0B       		.uleb128 0xb
 276 0027 49       		.uleb128 0x49
 277 0028 13       		.uleb128 0x13
 278 0029 00       		.byte	0
 279 002a 00       		.byte	0
 280 002b 04       		.uleb128 0x4
 281 002c 24       		.uleb128 0x24
 282 002d 00       		.byte	0
 283 002e 0B       		.uleb128 0xb
 284 002f 0B       		.uleb128 0xb
 285 0030 3E       		.uleb128 0x3e
 286 0031 0B       		.uleb128 0xb
 287 0032 03       		.uleb128 0x3
 288 0033 08       		.uleb128 0x8
 289 0034 00       		.byte	0
 290 0035 00       		.byte	0
 291 0036 05       		.uleb128 0x5
 292 0037 2E       		.uleb128 0x2e
 293 0038 01       		.byte	0x1
 294 0039 3F       		.uleb128 0x3f
 295 003a 19       		.uleb128 0x19
 296 003b 03       		.uleb128 0x3
 297 003c 0E       		.uleb128 0xe
 298 003d 3A       		.uleb128 0x3a
 299 003e 0B       		.uleb128 0xb
 300 003f 3B       		.uleb128 0x3b
 301 0040 0B       		.uleb128 0xb
 302 0041 27       		.uleb128 0x27
 303 0042 19       		.uleb128 0x19
 304 0043 11       		.uleb128 0x11
 305 0044 01       		.uleb128 0x1
 306 0045 12       		.uleb128 0x12
 307 0046 06       		.uleb128 0x6
 308 0047 40       		.uleb128 0x40
 309 0048 18       		.uleb128 0x18
 310 0049 9742     		.uleb128 0x2117
 311 004b 19       		.uleb128 0x19
 312 004c 01       		.uleb128 0x1
 313 004d 13       		.uleb128 0x13
 314 004e 00       		.byte	0
 315 004f 00       		.byte	0
ARM GAS  C:\Users\Tri94\AppData\Local\Temp\cc2wIjei.s 			page 7


 316 0050 06       		.uleb128 0x6
 317 0051 898201   		.uleb128 0x4109
 318 0054 00       		.byte	0
 319 0055 11       		.uleb128 0x11
 320 0056 01       		.uleb128 0x1
 321 0057 31       		.uleb128 0x31
 322 0058 13       		.uleb128 0x13
 323 0059 00       		.byte	0
 324 005a 00       		.byte	0
 325 005b 07       		.uleb128 0x7
 326 005c 2E       		.uleb128 0x2e
 327 005d 01       		.byte	0x1
 328 005e 3F       		.uleb128 0x3f
 329 005f 19       		.uleb128 0x19
 330 0060 03       		.uleb128 0x3
 331 0061 0E       		.uleb128 0xe
 332 0062 3A       		.uleb128 0x3a
 333 0063 0B       		.uleb128 0xb
 334 0064 3B       		.uleb128 0x3b
 335 0065 0B       		.uleb128 0xb
 336 0066 27       		.uleb128 0x27
 337 0067 19       		.uleb128 0x19
 338 0068 49       		.uleb128 0x49
 339 0069 13       		.uleb128 0x13
 340 006a 8701     		.uleb128 0x87
 341 006c 19       		.uleb128 0x19
 342 006d 11       		.uleb128 0x11
 343 006e 01       		.uleb128 0x1
 344 006f 12       		.uleb128 0x12
 345 0070 06       		.uleb128 0x6
 346 0071 40       		.uleb128 0x40
 347 0072 18       		.uleb128 0x18
 348 0073 9742     		.uleb128 0x2117
 349 0075 19       		.uleb128 0x19
 350 0076 01       		.uleb128 0x1
 351 0077 13       		.uleb128 0x13
 352 0078 00       		.byte	0
 353 0079 00       		.byte	0
 354 007a 08       		.uleb128 0x8
 355 007b 898201   		.uleb128 0x4109
 356 007e 01       		.byte	0x1
 357 007f 11       		.uleb128 0x11
 358 0080 01       		.uleb128 0x1
 359 0081 31       		.uleb128 0x31
 360 0082 13       		.uleb128 0x13
 361 0083 00       		.byte	0
 362 0084 00       		.byte	0
 363 0085 09       		.uleb128 0x9
 364 0086 8A8201   		.uleb128 0x410a
 365 0089 00       		.byte	0
 366 008a 02       		.uleb128 0x2
 367 008b 18       		.uleb128 0x18
 368 008c 9142     		.uleb128 0x2111
 369 008e 18       		.uleb128 0x18
 370 008f 00       		.byte	0
 371 0090 00       		.byte	0
 372 0091 0A       		.uleb128 0xa
ARM GAS  C:\Users\Tri94\AppData\Local\Temp\cc2wIjei.s 			page 8


 373 0092 34       		.uleb128 0x34
 374 0093 00       		.byte	0
 375 0094 03       		.uleb128 0x3
 376 0095 0E       		.uleb128 0xe
 377 0096 3A       		.uleb128 0x3a
 378 0097 0B       		.uleb128 0xb
 379 0098 3B       		.uleb128 0x3b
 380 0099 05       		.uleb128 0x5
 381 009a 49       		.uleb128 0x49
 382 009b 13       		.uleb128 0x13
 383 009c 3F       		.uleb128 0x3f
 384 009d 19       		.uleb128 0x19
 385 009e 3C       		.uleb128 0x3c
 386 009f 19       		.uleb128 0x19
 387 00a0 00       		.byte	0
 388 00a1 00       		.byte	0
 389 00a2 0B       		.uleb128 0xb
 390 00a3 35       		.uleb128 0x35
 391 00a4 00       		.byte	0
 392 00a5 49       		.uleb128 0x49
 393 00a6 13       		.uleb128 0x13
 394 00a7 00       		.byte	0
 395 00a8 00       		.byte	0
 396 00a9 0C       		.uleb128 0xc
 397 00aa 2E       		.uleb128 0x2e
 398 00ab 00       		.byte	0
 399 00ac 3F       		.uleb128 0x3f
 400 00ad 19       		.uleb128 0x19
 401 00ae 3C       		.uleb128 0x3c
 402 00af 19       		.uleb128 0x19
 403 00b0 6E       		.uleb128 0x6e
 404 00b1 0E       		.uleb128 0xe
 405 00b2 03       		.uleb128 0x3
 406 00b3 0E       		.uleb128 0xe
 407 00b4 3A       		.uleb128 0x3a
 408 00b5 0B       		.uleb128 0xb
 409 00b6 3B       		.uleb128 0x3b
 410 00b7 0B       		.uleb128 0xb
 411 00b8 00       		.byte	0
 412 00b9 00       		.byte	0
 413 00ba 00       		.byte	0
 414              		.section	.debug_aranges,"",%progbits
 415 0000 24000000 		.4byte	0x24
 416 0004 0200     		.2byte	0x2
 417 0006 00000000 		.4byte	.Ldebug_info0
 418 000a 04       		.byte	0x4
 419 000b 00       		.byte	0
 420 000c 0000     		.2byte	0
 421 000e 0000     		.2byte	0
 422 0010 00000000 		.4byte	.LFB64
 423 0014 12000000 		.4byte	.LFE64-.LFB64
 424 0018 00000000 		.4byte	.LFB65
 425 001c 10000000 		.4byte	.LFE65-.LFB65
 426 0020 00000000 		.4byte	0
 427 0024 00000000 		.4byte	0
 428              		.section	.debug_ranges,"",%progbits
 429              	.Ldebug_ranges0:
ARM GAS  C:\Users\Tri94\AppData\Local\Temp\cc2wIjei.s 			page 9


 430 0000 00000000 		.4byte	.LFB64
 431 0004 12000000 		.4byte	.LFE64
 432 0008 00000000 		.4byte	.LFB65
 433 000c 10000000 		.4byte	.LFE65
 434 0010 00000000 		.4byte	0
 435 0014 00000000 		.4byte	0
 436              		.section	.debug_line,"",%progbits
 437              	.Ldebug_line0:
 438 0000 7D010000 		.section	.debug_str,"MS",%progbits,1
 438      02005601 
 438      00000201 
 438      FB0E0D00 
 438      01010101 
 439              	.LASF6:
 440 0000 6C6F6E67 		.ascii	"long long int\000"
 440      206C6F6E 
 440      6720696E 
 440      7400
 441              	.LASF3:
 442 000e 73686F72 		.ascii	"short unsigned int\000"
 442      7420756E 
 442      7369676E 
 442      65642069 
 442      6E7400
 443              	.LASF8:
 444 0021 756E7369 		.ascii	"unsigned int\000"
 444      676E6564 
 444      20696E74 
 444      00
 445              	.LASF20:
 446 002e 6D61696E 		.ascii	"main.c\000"
 446      2E6300
 447              	.LASF21:
 448 0035 433A5C55 		.ascii	"C:\\Users\\Tri94\\Documents\\PSoC Creator\\EE4450\\"
 448      73657273 
 448      5C547269 
 448      39345C44 
 448      6F63756D 
 449 0062 4750494F 		.ascii	"GPIO_IRQ.cydsn\000"
 449      5F495251 
 449      2E637964 
 449      736E00
 450              	.LASF18:
 451 0071 4953525F 		.ascii	"ISR_GPIO_StartEx\000"
 451      4750494F 
 451      5F537461 
 451      72744578 
 451      00
 452              	.LASF19:
 453 0082 474E5520 		.ascii	"GNU C11 5.4.1 20160609 (release) [ARM/embedded-5-br"
 453      43313120 
 453      352E342E 
 453      31203230 
 453      31363036 
 454 00b5 616E6368 		.ascii	"anch revision 237715] -mcpu=cortex-m3 -mthumb -g -O"
 454      20726576 
 454      6973696F 
ARM GAS  C:\Users\Tri94\AppData\Local\Temp\cc2wIjei.s 			page 10


 454      6E203233 
 454      37373135 
 455 00e8 67202D66 		.ascii	"g -ffunction-sections -ffat-lto-objects\000"
 455      66756E63 
 455      74696F6E 
 455      2D736563 
 455      74696F6E 
 456              	.LASF17:
 457 0110 4C45445F 		.ascii	"LED_Write\000"
 457      57726974 
 457      6500
 458              	.LASF5:
 459 011a 6C6F6E67 		.ascii	"long unsigned int\000"
 459      20756E73 
 459      69676E65 
 459      6420696E 
 459      7400
 460              	.LASF7:
 461 012c 6C6F6E67 		.ascii	"long long unsigned int\000"
 461      206C6F6E 
 461      6720756E 
 461      7369676E 
 461      65642069 
 462              	.LASF16:
 463 0143 4C45445F 		.ascii	"LED_Read\000"
 463      52656164 
 463      00
 464              	.LASF23:
 465 014c 6D61696E 		.ascii	"main\000"
 465      00
 466              	.LASF1:
 467 0151 756E7369 		.ascii	"unsigned char\000"
 467      676E6564 
 467      20636861 
 467      7200
 468              	.LASF13:
 469 015f 63686172 		.ascii	"char\000"
 469      00
 470              	.LASF4:
 471 0164 6C6F6E67 		.ascii	"long int\000"
 471      20696E74 
 471      00
 472              	.LASF12:
 473 016d 646F7562 		.ascii	"double\000"
 473      6C6500
 474              	.LASF24:
 475 0174 49544D5F 		.ascii	"ITM_RxBuffer\000"
 475      52784275 
 475      66666572 
 475      00
 476              	.LASF0:
 477 0181 7369676E 		.ascii	"signed char\000"
 477      65642063 
 477      68617200 
 478              	.LASF14:
 479 018d 6C6F6E67 		.ascii	"long double\000"
 479      20646F75 
ARM GAS  C:\Users\Tri94\AppData\Local\Temp\cc2wIjei.s 			page 11


 479      626C6500 
 480              	.LASF9:
 481 0199 5F5F696E 		.ascii	"__int32_t\000"
 481      7433325F 
 481      7400
 482              	.LASF22:
 483 01a3 6D794953 		.ascii	"myISR_GPIO\000"
 483      525F4750 
 483      494F00
 484              	.LASF11:
 485 01ae 666C6F61 		.ascii	"float\000"
 485      7400
 486              	.LASF2:
 487 01b4 73686F72 		.ascii	"short int\000"
 487      7420696E 
 487      7400
 488              	.LASF10:
 489 01be 696E7433 		.ascii	"int32_t\000"
 489      325F7400 
 490              	.LASF15:
 491 01c6 73697A65 		.ascii	"sizetype\000"
 491      74797065 
 491      00
 492              		.ident	"GCC: (GNU Tools for ARM Embedded Processors) 5.4.1 20160609 (release) [ARM/embedded-5-bran
