ARM GAS  C:\Users\Tri94\AppData\Local\Temp\ccgQAKEk.s 			page 1


   1              		.syntax unified
   2              		.cpu cortex-m3
   3              		.fpu softvfp
   4              		.eabi_attribute 20, 1
   5              		.eabi_attribute 21, 1
   6              		.eabi_attribute 23, 3
   7              		.eabi_attribute 24, 1
   8              		.eabi_attribute 25, 1
   9              		.eabi_attribute 26, 1
  10              		.eabi_attribute 30, 1
  11              		.eabi_attribute 34, 1
  12              		.eabi_attribute 18, 4
  13              		.thumb
  14              		.syntax unified
  15              		.file	"main.c"
  16              		.text
  17              	.Ltext0:
  18              		.cfi_sections	.debug_frame
  19              		.section	.text.random_4digit,"ax",%progbits
  20              		.align	2
  21              		.global	random_4digit
  22              		.thumb
  23              		.thumb_func
  24              		.type	random_4digit, %function
  25              	random_4digit:
  26              	.LFB65:
  27              		.file 1 "main.c"
   1:main.c        **** /* ========================================
   2:main.c        ****  *
   3:main.c        ****  * Copyright YOUR COMPANY, THE YEAR
   4:main.c        ****  * All Rights Reserved
   5:main.c        ****  * UNPUBLISHED, LICENSED SOFTWARE.
   6:main.c        ****  *
   7:main.c        ****  * CONFIDENTIAL AND PROPRIETARY INFORMATION
   8:main.c        ****  * WHICH IS THE PROPERTY OF your company.
   9:main.c        ****  *
  10:main.c        ****  * ========================================
  11:main.c        **** */
  12:main.c        **** #include "project.h"
  13:main.c        **** #include <stdio.h>
  14:main.c        **** #include <stdlib.h>
  15:main.c        **** #include <stdint.h>
  16:main.c        **** #include <stdbool.h>
  17:main.c        ****  
  18:main.c        **** 
  19:main.c        **** void random_4digit(int n, int *digits);
  20:main.c        **** int numbers(int *digits);
  21:main.c        **** bool check_victory(int *digits);
  22:main.c        **** void blink(int number);
  23:main.c        **** 
  24:main.c        **** int main(void)
  25:main.c        **** {
  26:main.c        ****     uint16_t    count = 0;
  27:main.c        ****     bool preState;
  28:main.c        ****     bool curState;
  29:main.c        ****     
  30:main.c        ****     int number;
ARM GAS  C:\Users\Tri94\AppData\Local\Temp\ccgQAKEk.s 			page 2


  31:main.c        ****     int dig[4];
  32:main.c        ****     
  33:main.c        ****     //Initial value for preState
  34:main.c        ****     preState = 1;
  35:main.c        ****     
  36:main.c        ****     CyGlobalIntEnable; /* Enable global interrupts. */
  37:main.c        ****  
  38:main.c        ****     /* Place your initialization/startup code here (e.g. MyInst_Start()) */
  39:main.c        ****     LED_Init();
  40:main.c        ****     LED_Enable();
  41:main.c        ****     LED_Write7SegNumberDec(0, 0, 4, LED_ZERO_PAD);
  42:main.c        ****  
  43:main.c        ****     for(;;)
  44:main.c        ****     {
  45:main.c        ****         random_4digit(0,dig);
  46:main.c        ****         number = numbers(dig);
  47:main.c        ****         LED_Write7SegNumberDec(number, 0, 4, LED_ZERO_PAD); // Display a number from com0 for 4 dig
  48:main.c        ****         CyDelay(100);
  49:main.c        ****         
  50:main.c        ****         //Read current switch state
  51:main.c        ****         curState = nSW_Read();
  52:main.c        ****         
  53:main.c        ****         //Detect when switch pushed
  54:main.c        ****         if ( (preState == 1) && (curState == 0)){
  55:main.c        ****             //Stop randomize one number at a time with 2 second interval
  56:main.c        ****             for (int i = 1;i<4;i++){
  57:main.c        ****                 count = 20;
  58:main.c        ****                 while(count--){
  59:main.c        ****                     random_4digit(i,dig);
  60:main.c        ****                     number = numbers(dig);
  61:main.c        ****                     LED_Write7SegNumberDec(number, 0, 4, LED_ZERO_PAD); // Display a number from co
  62:main.c        ****                     CyDelay(100); 
  63:main.c        ****                 }
  64:main.c        ****             }
  65:main.c        ****             //Check for winning number
  66:main.c        ****             if (check_victory(dig)){
  67:main.c        ****                 while(nSW_Read()){      //Blink while button not pushed, button press will restart 
  68:main.c        ****                     blink(number);   
  69:main.c        ****                 }
  70:main.c        ****                 while(!nSW_Read());
  71:main.c        ****             }
  72:main.c        ****             else{                       //Do nothing while button not pushed, button press will res
  73:main.c        ****                 while(nSW_Read());
  74:main.c        ****                 while(!nSW_Read());
  75:main.c        ****             }
  76:main.c        ****         }
  77:main.c        ****         //Update the curState to preState
  78:main.c        ****         preState = curState;
  79:main.c        ****         
  80:main.c        ****         
  81:main.c        ****     }
  82:main.c        **** }
  83:main.c        **** 
  84:main.c        **** //Function to randomize 4 digits and save it in digits
  85:main.c        **** void random_4digit(int n, int *digits){
  28              		.loc 1 85 0
  29              		.cfi_startproc
ARM GAS  C:\Users\Tri94\AppData\Local\Temp\ccgQAKEk.s 			page 3


  30              		@ args = 0, pretend = 0, frame = 0
  31              		@ frame_needed = 0, uses_anonymous_args = 0
  32              	.LVL0:
  33 0000 38B5     		push	{r3, r4, r5, lr}
  34              		.cfi_def_cfa_offset 16
  35              		.cfi_offset 3, -16
  36              		.cfi_offset 4, -12
  37              		.cfi_offset 5, -8
  38              		.cfi_offset 14, -4
  39 0002 0446     		mov	r4, r0
  40 0004 0D46     		mov	r5, r1
  41              	.LVL1:
  42              	.LBB2:
  86:main.c        ****     for(int i = n;i<4;i++){
  43              		.loc 1 86 0
  44 0006 0EE0     		b	.L2
  45              	.LVL2:
  46              	.L3:
  87:main.c        ****         digits[i] = rand() % 10;
  47              		.loc 1 87 0 discriminator 3
  48 0008 FFF7FEFF 		bl	rand
  49              	.LVL3:
  50 000c 074B     		ldr	r3, .L5
  51 000e 83FB0032 		smull	r3, r2, r3, r0
  52 0012 C317     		asrs	r3, r0, #31
  53 0014 C3EBA203 		rsb	r3, r3, r2, asr #2
  54 0018 03EB8303 		add	r3, r3, r3, lsl #2
  55 001c 5A00     		lsls	r2, r3, #1
  56 001e 831A     		subs	r3, r0, r2
  57 0020 45F82430 		str	r3, [r5, r4, lsl #2]
  86:main.c        ****     for(int i = n;i<4;i++){
  58              		.loc 1 86 0 discriminator 3
  59 0024 0134     		adds	r4, r4, #1
  60              	.LVL4:
  61              	.L2:
  86:main.c        ****     for(int i = n;i<4;i++){
  62              		.loc 1 86 0 is_stmt 0 discriminator 1
  63 0026 032C     		cmp	r4, #3
  64 0028 EEDD     		ble	.L3
  65              	.LBE2:
  88:main.c        ****         }
  89:main.c        **** }
  66              		.loc 1 89 0 is_stmt 1
  67 002a 38BD     		pop	{r3, r4, r5, pc}
  68              	.LVL5:
  69              	.L6:
  70              		.align	2
  71              	.L5:
  72 002c 67666666 		.word	1717986919
  73              		.cfi_endproc
  74              	.LFE65:
  75              		.size	random_4digit, .-random_4digit
  76              		.section	.text.numbers,"ax",%progbits
  77              		.align	2
  78              		.global	numbers
  79              		.thumb
  80              		.thumb_func
ARM GAS  C:\Users\Tri94\AppData\Local\Temp\ccgQAKEk.s 			page 4


  81              		.type	numbers, %function
  82              	numbers:
  83              	.LFB66:
  90:main.c        **** 
  91:main.c        **** //Function that turns 4 digit into a single number and return it
  92:main.c        **** int numbers(int *digits){
  84              		.loc 1 92 0
  85              		.cfi_startproc
  86              		@ args = 0, pretend = 0, frame = 0
  87              		@ frame_needed = 0, uses_anonymous_args = 0
  88              		@ link register save eliminated.
  89              	.LVL6:
  93:main.c        ****     return digits[0]*1000+digits[1]*100+digits[2]*10+digits[3];
  90              		.loc 1 93 0
  91 0000 0368     		ldr	r3, [r0]
  92 0002 4168     		ldr	r1, [r0, #4]
  93 0004 6422     		movs	r2, #100
  94 0006 02FB01F2 		mul	r2, r2, r1
  95 000a 4FF47A71 		mov	r1, #1000
  96 000e 01FB0321 		mla	r1, r1, r3, r2
  97 0012 8368     		ldr	r3, [r0, #8]
  98 0014 03EB8303 		add	r3, r3, r3, lsl #2
  99 0018 5A00     		lsls	r2, r3, #1
 100 001a 0A44     		add	r2, r2, r1
 101 001c C068     		ldr	r0, [r0, #12]
 102              	.LVL7:
  94:main.c        **** }
 103              		.loc 1 94 0
 104 001e 1044     		add	r0, r0, r2
 105 0020 7047     		bx	lr
 106              		.cfi_endproc
 107              	.LFE66:
 108              		.size	numbers, .-numbers
 109 0022 00BF     		.section	.text.check_victory,"ax",%progbits
 110              		.align	2
 111              		.global	check_victory
 112              		.thumb
 113              		.thumb_func
 114              		.type	check_victory, %function
 115              	check_victory:
 116              	.LFB67:
  95:main.c        **** //Function to check if final number contais a 7 or are 4 identical numbers
  96:main.c        **** bool check_victory(int *digits){
 117              		.loc 1 96 0
 118              		.cfi_startproc
 119              		@ args = 0, pretend = 0, frame = 0
 120              		@ frame_needed = 0, uses_anonymous_args = 0
 121              		@ link register save eliminated.
 122              	.LVL8:
 123              	.LBB3:
  97:main.c        ****     for (int i=0;i<4;i++){
 124              		.loc 1 97 0
 125 0000 0023     		movs	r3, #0
 126 0002 04E0     		b	.L9
 127              	.LVL9:
 128              	.L11:
  98:main.c        ****         if (digits[i] == 7)
ARM GAS  C:\Users\Tri94\AppData\Local\Temp\ccgQAKEk.s 			page 5


 129              		.loc 1 98 0
 130 0004 50F82320 		ldr	r2, [r0, r3, lsl #2]
 131 0008 072A     		cmp	r2, #7
 132 000a 18D0     		beq	.L15
  97:main.c        ****     for (int i=0;i<4;i++){
 133              		.loc 1 97 0 discriminator 2
 134 000c 0133     		adds	r3, r3, #1
 135              	.LVL10:
 136              	.L9:
  97:main.c        ****     for (int i=0;i<4;i++){
 137              		.loc 1 97 0 is_stmt 0 discriminator 1
 138 000e 032B     		cmp	r3, #3
 139 0010 F8DD     		ble	.L11
 140              	.LBE3:
  96:main.c        ****     for (int i=0;i<4;i++){
 141              		.loc 1 96 0 is_stmt 1
 142 0012 10B4     		push	{r4}
 143              		.cfi_def_cfa_offset 4
 144              		.cfi_offset 4, -4
 145              	.LBB4:
 146 0014 0123     		movs	r3, #1
 147              	.LVL11:
 148 0016 1946     		mov	r1, r3
 149 0018 0AE0     		b	.L12
 150              	.LVL12:
 151              	.L14:
 152              	.LBE4:
 153              	.LBB5:
  99:main.c        ****             return true;        
 100:main.c        ****     }
 101:main.c        ****     int count = 1;
 102:main.c        ****     for (int i=1;i<4;i++){
 103:main.c        ****         if (digits[i] == digits[i-1])
 154              		.loc 1 103 0
 155 001a 50F82340 		ldr	r4, [r0, r3, lsl #2]
 156 001e 03F18042 		add	r2, r3, #1073741824
 157 0022 013A     		subs	r2, r2, #1
 158 0024 50F82220 		ldr	r2, [r0, r2, lsl #2]
 159 0028 9442     		cmp	r4, r2
 160 002a 00D1     		bne	.L13
 104:main.c        ****             count++;        
 161              		.loc 1 104 0
 162 002c 0131     		adds	r1, r1, #1
 163              	.LVL13:
 164              	.L13:
 102:main.c        ****         if (digits[i] == digits[i-1])
 165              		.loc 1 102 0 discriminator 2
 166 002e 0133     		adds	r3, r3, #1
 167              	.LVL14:
 168              	.L12:
 102:main.c        ****         if (digits[i] == digits[i-1])
 169              		.loc 1 102 0 is_stmt 0 discriminator 1
 170 0030 032B     		cmp	r3, #3
 171 0032 F2DD     		ble	.L14
 172              	.LBE5:
 105:main.c        ****     }
 106:main.c        ****     return count == 4;
ARM GAS  C:\Users\Tri94\AppData\Local\Temp\ccgQAKEk.s 			page 6


 173              		.loc 1 106 0 is_stmt 1
 174 0034 0429     		cmp	r1, #4
 175 0036 14BF     		ite	ne
 176 0038 0020     		movne	r0, #0
 177              	.LVL15:
 178 003a 0120     		moveq	r0, #1
 179 003c 01E0     		b	.L10
 180              	.LVL16:
 181              	.L15:
 182              		.cfi_def_cfa_offset 0
 183              		.cfi_restore 4
 184              	.LBB6:
  99:main.c        ****     }
 185              		.loc 1 99 0
 186 003e 0120     		movs	r0, #1
 187              	.LVL17:
 188 0040 7047     		bx	lr
 189              	.LVL18:
 190              	.L10:
 191              		.cfi_def_cfa_offset 4
 192              		.cfi_offset 4, -4
 193              	.LBE6:
 107:main.c        **** }
 194              		.loc 1 107 0
 195 0042 10BC     		pop	{r4}
 196              		.cfi_restore 4
 197              		.cfi_def_cfa_offset 0
 198 0044 7047     		bx	lr
 199              		.cfi_endproc
 200              	.LFE67:
 201              		.size	check_victory, .-check_victory
 202              		.section	.text.blink,"ax",%progbits
 203              		.align	2
 204              		.global	blink
 205              		.thumb
 206              		.thumb_func
 207              		.type	blink, %function
 208              	blink:
 209              	.LFB68:
 108:main.c        **** 
 109:main.c        **** //Function to blink the display with given number
 110:main.c        **** void blink(int number){
 210              		.loc 1 110 0
 211              		.cfi_startproc
 212              		@ args = 0, pretend = 0, frame = 0
 213              		@ frame_needed = 0, uses_anonymous_args = 0
 214              	.LVL19:
 215 0000 38B5     		push	{r3, r4, r5, lr}
 216              		.cfi_def_cfa_offset 16
 217              		.cfi_offset 3, -16
 218              		.cfi_offset 4, -12
 219              		.cfi_offset 5, -8
 220              		.cfi_offset 14, -4
 221 0002 0546     		mov	r5, r0
 222              	.LVL20:
 223              	.LBB7:
 111:main.c        ****      for(int i = 0;i<4;i++){
ARM GAS  C:\Users\Tri94\AppData\Local\Temp\ccgQAKEk.s 			page 7


 224              		.loc 1 111 0
 225 0004 0024     		movs	r4, #0
 226 0006 03E0     		b	.L19
 227              	.LVL21:
 228              	.L20:
 112:main.c        ****             LED_ClearDisplay(i);
 229              		.loc 1 112 0 discriminator 3
 230 0008 E0B2     		uxtb	r0, r4
 231 000a FFF7FEFF 		bl	LED_ClearDisplay
 232              	.LVL22:
 111:main.c        ****      for(int i = 0;i<4;i++){
 233              		.loc 1 111 0 discriminator 3
 234 000e 0134     		adds	r4, r4, #1
 235              	.LVL23:
 236              	.L19:
 111:main.c        ****      for(int i = 0;i<4;i++){
 237              		.loc 1 111 0 is_stmt 0 discriminator 1
 238 0010 032C     		cmp	r4, #3
 239 0012 F9DD     		ble	.L20
 240              	.LBE7:
 113:main.c        ****         }
 114:main.c        ****         CyDelay(100);
 241              		.loc 1 114 0 is_stmt 1
 242 0014 6420     		movs	r0, #100
 243 0016 FFF7FEFF 		bl	CyDelay
 244              	.LVL24:
 115:main.c        ****         LED_Write7SegNumberDec(number, 0, 4, LED_ZERO_PAD);
 245              		.loc 1 115 0
 246 001a 0223     		movs	r3, #2
 247 001c 0422     		movs	r2, #4
 248 001e 0021     		movs	r1, #0
 249 0020 2846     		mov	r0, r5
 250 0022 FFF7FEFF 		bl	LED_Write7SegNumberDec
 251              	.LVL25:
 116:main.c        ****         CyDelay(100);
 252              		.loc 1 116 0
 253 0026 6420     		movs	r0, #100
 254 0028 FFF7FEFF 		bl	CyDelay
 255              	.LVL26:
 256 002c 38BD     		pop	{r3, r4, r5, pc}
 257              		.cfi_endproc
 258              	.LFE68:
 259              		.size	blink, .-blink
 260 002e 00BF     		.section	.text.main,"ax",%progbits
 261              		.align	2
 262              		.global	main
 263              		.thumb
 264              		.thumb_func
 265              		.type	main, %function
 266              	main:
 267              	.LFB64:
  25:main.c        ****     uint16_t    count = 0;
 268              		.loc 1 25 0
 269              		.cfi_startproc
 270              		@ args = 0, pretend = 0, frame = 16
 271              		@ frame_needed = 0, uses_anonymous_args = 0
 272 0000 F0B5     		push	{r4, r5, r6, r7, lr}
ARM GAS  C:\Users\Tri94\AppData\Local\Temp\ccgQAKEk.s 			page 8


 273              		.cfi_def_cfa_offset 20
 274              		.cfi_offset 4, -20
 275              		.cfi_offset 5, -16
 276              		.cfi_offset 6, -12
 277              		.cfi_offset 7, -8
 278              		.cfi_offset 14, -4
 279 0002 85B0     		sub	sp, sp, #20
 280              		.cfi_def_cfa_offset 40
 281              	.LVL27:
  36:main.c        ****  
 282              		.loc 1 36 0
 283              		.syntax unified
 284              	@ 36 "main.c" 1
 285 0004 62B6     		CPSIE   i
 286              	@ 0 "" 2
  39:main.c        ****     LED_Enable();
 287              		.loc 1 39 0
 288              		.thumb
 289              		.syntax unified
 290 0006 FFF7FEFF 		bl	LED_Init
 291              	.LVL28:
  40:main.c        ****     LED_Write7SegNumberDec(0, 0, 4, LED_ZERO_PAD);
 292              		.loc 1 40 0
 293 000a FFF7FEFF 		bl	LED_Enable
 294              	.LVL29:
  41:main.c        ****  
 295              		.loc 1 41 0
 296 000e 0223     		movs	r3, #2
 297 0010 0422     		movs	r2, #4
 298 0012 0021     		movs	r1, #0
 299 0014 0846     		mov	r0, r1
 300 0016 FFF7FEFF 		bl	LED_Write7SegNumberDec
 301              	.LVL30:
  34:main.c        ****     
 302              		.loc 1 34 0
 303 001a 0124     		movs	r4, #1
 304 001c 00E0     		b	.L23
 305              	.LVL31:
 306              	.L24:
 307 001e 3C46     		mov	r4, r7
 308              	.LVL32:
 309              	.L23:
  45:main.c        ****         number = numbers(dig);
 310              		.loc 1 45 0
 311 0020 6946     		mov	r1, sp
 312 0022 0020     		movs	r0, #0
 313 0024 FFF7FEFF 		bl	random_4digit
 314              	.LVL33:
  46:main.c        ****         LED_Write7SegNumberDec(number, 0, 4, LED_ZERO_PAD); // Display a number from com0 for 4 dig
 315              		.loc 1 46 0
 316 0028 6846     		mov	r0, sp
 317 002a FFF7FEFF 		bl	numbers
 318              	.LVL34:
 319 002e 0646     		mov	r6, r0
 320              	.LVL35:
  47:main.c        ****         CyDelay(100);
 321              		.loc 1 47 0
ARM GAS  C:\Users\Tri94\AppData\Local\Temp\ccgQAKEk.s 			page 9


 322 0030 0223     		movs	r3, #2
 323 0032 0422     		movs	r2, #4
 324 0034 0021     		movs	r1, #0
 325 0036 FFF7FEFF 		bl	LED_Write7SegNumberDec
 326              	.LVL36:
  48:main.c        ****         
 327              		.loc 1 48 0
 328 003a 6420     		movs	r0, #100
 329 003c FFF7FEFF 		bl	CyDelay
 330              	.LVL37:
  51:main.c        ****         
 331              		.loc 1 51 0
 332 0040 FFF7FEFF 		bl	nSW_Read
 333              	.LVL38:
 334 0044 071C     		adds	r7, r0, #0
 335 0046 18BF     		it	ne
 336 0048 0127     		movne	r7, #1
 337              	.LVL39:
  54:main.c        ****             //Stop randomize one number at a time with 2 second interval
 338              		.loc 1 54 0
 339 004a 002C     		cmp	r4, #0
 340 004c E7D0     		beq	.L24
  54:main.c        ****             //Stop randomize one number at a time with 2 second interval
 341              		.loc 1 54 0 is_stmt 0 discriminator 1
 342 004e C8B1     		cbz	r0, .L33
 343 0050 E5E7     		b	.L24
 344              	.LVL40:
 345              	.L26:
 346              	.LBB8:
  59:main.c        ****                     number = numbers(dig);
 347              		.loc 1 59 0 is_stmt 1
 348 0052 6946     		mov	r1, sp
 349 0054 2846     		mov	r0, r5
 350 0056 FFF7FEFF 		bl	random_4digit
 351              	.LVL41:
  60:main.c        ****                     LED_Write7SegNumberDec(number, 0, 4, LED_ZERO_PAD); // Display a number from co
 352              		.loc 1 60 0
 353 005a 6846     		mov	r0, sp
 354 005c FFF7FEFF 		bl	numbers
 355              	.LVL42:
 356 0060 0646     		mov	r6, r0
 357              	.LVL43:
  61:main.c        ****                     CyDelay(100); 
 358              		.loc 1 61 0
 359 0062 0223     		movs	r3, #2
 360 0064 0422     		movs	r2, #4
 361 0066 0021     		movs	r1, #0
 362 0068 FFF7FEFF 		bl	LED_Write7SegNumberDec
 363              	.LVL44:
  62:main.c        ****                 }
 364              		.loc 1 62 0
 365 006c 6420     		movs	r0, #100
 366 006e FFF7FEFF 		bl	CyDelay
 367              	.LVL45:
  58:main.c        ****                     random_4digit(i,dig);
 368              		.loc 1 58 0
 369 0072 2246     		mov	r2, r4
ARM GAS  C:\Users\Tri94\AppData\Local\Temp\ccgQAKEk.s 			page 10


 370 0074 00E0     		b	.L27
 371              	.LVL46:
 372              	.L34:
 373 0076 1422     		movs	r2, #20
 374              	.L27:
 375              	.LVL47:
 376 0078 531E     		subs	r3, r2, #1
 377 007a 9CB2     		uxth	r4, r3
 378              	.LVL48:
 379 007c 002A     		cmp	r2, #0
 380 007e E8D1     		bne	.L26
  56:main.c        ****                 count = 20;
 381              		.loc 1 56 0 discriminator 2
 382 0080 0135     		adds	r5, r5, #1
 383              	.LVL49:
 384 0082 00E0     		b	.L25
 385              	.LVL50:
 386              	.L33:
 387              	.LBE8:
 388 0084 0125     		movs	r5, #1
 389              	.LVL51:
 390              	.L25:
 391              	.LBB9:
  56:main.c        ****                 count = 20;
 392              		.loc 1 56 0 is_stmt 0 discriminator 1
 393 0086 032D     		cmp	r5, #3
 394 0088 F5DD     		ble	.L34
 395              	.LBE9:
  66:main.c        ****                 while(nSW_Read()){      //Blink while button not pushed, button press will restart 
 396              		.loc 1 66 0 is_stmt 1
 397 008a 6846     		mov	r0, sp
 398 008c FFF7FEFF 		bl	check_victory
 399              	.LVL52:
 400 0090 18B9     		cbnz	r0, .L28
 401 0092 0BE0     		b	.L29
 402              	.L30:
  68:main.c        ****                 }
 403              		.loc 1 68 0
 404 0094 3046     		mov	r0, r6
 405 0096 FFF7FEFF 		bl	blink
 406              	.LVL53:
 407              	.L28:
  67:main.c        ****                     blink(number);   
 408              		.loc 1 67 0
 409 009a FFF7FEFF 		bl	nSW_Read
 410              	.LVL54:
 411 009e 0028     		cmp	r0, #0
 412 00a0 F8D1     		bne	.L30
 413              	.L31:
  70:main.c        ****             }
 414              		.loc 1 70 0 discriminator 1
 415 00a2 FFF7FEFF 		bl	nSW_Read
 416              	.LVL55:
 417 00a6 0028     		cmp	r0, #0
 418 00a8 FBD0     		beq	.L31
 419 00aa B8E7     		b	.L24
 420              	.L29:
ARM GAS  C:\Users\Tri94\AppData\Local\Temp\ccgQAKEk.s 			page 11


  73:main.c        ****                 while(!nSW_Read());
 421              		.loc 1 73 0 discriminator 1
 422 00ac FFF7FEFF 		bl	nSW_Read
 423              	.LVL56:
 424 00b0 0028     		cmp	r0, #0
 425 00b2 FBD1     		bne	.L29
 426              	.L32:
  74:main.c        ****             }
 427              		.loc 1 74 0 discriminator 1
 428 00b4 FFF7FEFF 		bl	nSW_Read
 429              	.LVL57:
 430 00b8 0028     		cmp	r0, #0
 431 00ba FBD0     		beq	.L32
 432 00bc AFE7     		b	.L24
 433              		.cfi_endproc
 434              	.LFE64:
 435              		.size	main, .-main
 436 00be 00BF     		.text
 437              	.Letext0:
 438              		.file 2 "c:\\program files (x86)\\cypress\\psoc creator\\4.2\\psoc creator\\import\\gnu\\arm\\5.4.
 439              		.file 3 "c:\\program files (x86)\\cypress\\psoc creator\\4.2\\psoc creator\\import\\gnu\\arm\\5.4.
 440              		.file 4 "c:\\program files (x86)\\cypress\\psoc creator\\4.2\\psoc creator\\import\\gnu\\arm\\5.4.
 441              		.file 5 "Generated_Source\\PSoC5/LED.h"
 442              		.file 6 "Generated_Source\\PSoC5/CyLib.h"
 443              		.file 7 "Generated_Source\\PSoC5/nSW.h"
 444              		.file 8 "Generated_Source\\PSoC5/core_cm3.h"
 445              		.section	.debug_info,"",%progbits
 446              	.Ldebug_info0:
 447 0000 73040000 		.4byte	0x473
 448 0004 0400     		.2byte	0x4
 449 0006 00000000 		.4byte	.Ldebug_abbrev0
 450 000a 04       		.byte	0x4
 451 000b 01       		.uleb128 0x1
 452 000c 6D000000 		.4byte	.LASF35
 453 0010 0C       		.byte	0xc
 454 0011 E1010000 		.4byte	.LASF36
 455 0015 09010000 		.4byte	.LASF37
 456 0019 38000000 		.4byte	.Ldebug_ranges0+0x38
 457 001d 00000000 		.4byte	0
 458 0021 00000000 		.4byte	.Ldebug_line0
 459 0025 02       		.uleb128 0x2
 460 0026 01       		.byte	0x1
 461 0027 06       		.byte	0x6
 462 0028 36020000 		.4byte	.LASF0
 463 002c 02       		.uleb128 0x2
 464 002d 01       		.byte	0x1
 465 002e 08       		.byte	0x8
 466 002f 5F000000 		.4byte	.LASF1
 467 0033 02       		.uleb128 0x2
 468 0034 02       		.byte	0x2
 469 0035 05       		.byte	0x5
 470 0036 05020000 		.4byte	.LASF2
 471 003a 03       		.uleb128 0x3
 472 003b 75010000 		.4byte	.LASF4
 473 003f 02       		.byte	0x2
 474 0040 2B       		.byte	0x2b
 475 0041 45000000 		.4byte	0x45
ARM GAS  C:\Users\Tri94\AppData\Local\Temp\ccgQAKEk.s 			page 12


 476 0045 02       		.uleb128 0x2
 477 0046 02       		.byte	0x2
 478 0047 07       		.byte	0x7
 479 0048 55010000 		.4byte	.LASF3
 480 004c 03       		.uleb128 0x3
 481 004d 20000000 		.4byte	.LASF5
 482 0051 02       		.byte	0x2
 483 0052 3F       		.byte	0x3f
 484 0053 57000000 		.4byte	0x57
 485 0057 02       		.uleb128 0x2
 486 0058 04       		.byte	0x4
 487 0059 05       		.byte	0x5
 488 005a 21020000 		.4byte	.LASF6
 489 005e 02       		.uleb128 0x2
 490 005f 04       		.byte	0x4
 491 0060 07       		.byte	0x7
 492 0061 80010000 		.4byte	.LASF7
 493 0065 02       		.uleb128 0x2
 494 0066 08       		.byte	0x8
 495 0067 05       		.byte	0x5
 496 0068 D3010000 		.4byte	.LASF8
 497 006c 02       		.uleb128 0x2
 498 006d 08       		.byte	0x8
 499 006e 07       		.byte	0x7
 500 006f A4010000 		.4byte	.LASF9
 501 0073 04       		.uleb128 0x4
 502 0074 04       		.byte	0x4
 503 0075 05       		.byte	0x5
 504 0076 696E7400 		.ascii	"int\000"
 505 007a 02       		.uleb128 0x2
 506 007b 04       		.byte	0x4
 507 007c 07       		.byte	0x7
 508 007d 97010000 		.4byte	.LASF10
 509 0081 03       		.uleb128 0x3
 510 0082 18020000 		.4byte	.LASF11
 511 0086 03       		.byte	0x3
 512 0087 24       		.byte	0x24
 513 0088 3A000000 		.4byte	0x3a
 514 008c 03       		.uleb128 0x3
 515 008d C2010000 		.4byte	.LASF12
 516 0091 03       		.byte	0x3
 517 0092 2C       		.byte	0x2c
 518 0093 4C000000 		.4byte	0x4c
 519 0097 02       		.uleb128 0x2
 520 0098 04       		.byte	0x4
 521 0099 04       		.byte	0x4
 522 009a 59000000 		.4byte	.LASF13
 523 009e 02       		.uleb128 0x2
 524 009f 08       		.byte	0x8
 525 00a0 04       		.byte	0x4
 526 00a1 41000000 		.4byte	.LASF14
 527 00a5 02       		.uleb128 0x2
 528 00a6 01       		.byte	0x1
 529 00a7 08       		.byte	0x8
 530 00a8 E8010000 		.4byte	.LASF15
 531 00ac 02       		.uleb128 0x2
 532 00ad 04       		.byte	0x4
ARM GAS  C:\Users\Tri94\AppData\Local\Temp\ccgQAKEk.s 			page 13


 533 00ae 07       		.byte	0x7
 534 00af CA010000 		.4byte	.LASF16
 535 00b3 02       		.uleb128 0x2
 536 00b4 08       		.byte	0x8
 537 00b5 04       		.byte	0x4
 538 00b6 2A020000 		.4byte	.LASF17
 539 00ba 05       		.uleb128 0x5
 540 00bb 2A000000 		.4byte	.LASF23
 541 00bf 01       		.byte	0x1
 542 00c0 55       		.byte	0x55
 543 00c1 00000000 		.4byte	.LFB65
 544 00c5 30000000 		.4byte	.LFE65-.LFB65
 545 00c9 01       		.uleb128 0x1
 546 00ca 9C       		.byte	0x9c
 547 00cb 0C010000 		.4byte	0x10c
 548 00cf 06       		.uleb128 0x6
 549 00d0 6E00     		.ascii	"n\000"
 550 00d2 01       		.byte	0x1
 551 00d3 55       		.byte	0x55
 552 00d4 73000000 		.4byte	0x73
 553 00d8 00000000 		.4byte	.LLST0
 554 00dc 07       		.uleb128 0x7
 555 00dd ED010000 		.4byte	.LASF18
 556 00e1 01       		.byte	0x1
 557 00e2 55       		.byte	0x55
 558 00e3 0C010000 		.4byte	0x10c
 559 00e7 21000000 		.4byte	.LLST1
 560 00eb 08       		.uleb128 0x8
 561 00ec 06000000 		.4byte	.LBB2
 562 00f0 24000000 		.4byte	.LBE2-.LBB2
 563 00f4 09       		.uleb128 0x9
 564 00f5 6900     		.ascii	"i\000"
 565 00f7 01       		.byte	0x1
 566 00f8 56       		.byte	0x56
 567 00f9 73000000 		.4byte	0x73
 568 00fd 4D000000 		.4byte	.LLST2
 569 0101 0A       		.uleb128 0xa
 570 0102 0C000000 		.4byte	.LVL3
 571 0106 29040000 		.4byte	0x429
 572 010a 00       		.byte	0
 573 010b 00       		.byte	0
 574 010c 0B       		.uleb128 0xb
 575 010d 04       		.byte	0x4
 576 010e 73000000 		.4byte	0x73
 577 0112 0C       		.uleb128 0xc
 578 0113 48000000 		.4byte	.LASF19
 579 0117 01       		.byte	0x1
 580 0118 5C       		.byte	0x5c
 581 0119 73000000 		.4byte	0x73
 582 011d 00000000 		.4byte	.LFB66
 583 0121 22000000 		.4byte	.LFE66-.LFB66
 584 0125 01       		.uleb128 0x1
 585 0126 9C       		.byte	0x9c
 586 0127 3B010000 		.4byte	0x13b
 587 012b 07       		.uleb128 0x7
 588 012c ED010000 		.4byte	.LASF18
 589 0130 01       		.byte	0x1
ARM GAS  C:\Users\Tri94\AppData\Local\Temp\ccgQAKEk.s 			page 14


 590 0131 5C       		.byte	0x5c
 591 0132 0C010000 		.4byte	0x10c
 592 0136 6B000000 		.4byte	.LLST3
 593 013a 00       		.byte	0
 594 013b 0C       		.uleb128 0xc
 595 013c FB000000 		.4byte	.LASF20
 596 0140 01       		.byte	0x1
 597 0141 60       		.byte	0x60
 598 0142 A1010000 		.4byte	0x1a1
 599 0146 00000000 		.4byte	.LFB67
 600 014a 46000000 		.4byte	.LFE67-.LFB67
 601 014e 01       		.uleb128 0x1
 602 014f 9C       		.byte	0x9c
 603 0150 A1010000 		.4byte	0x1a1
 604 0154 07       		.uleb128 0x7
 605 0155 ED010000 		.4byte	.LASF18
 606 0159 01       		.byte	0x1
 607 015a 60       		.byte	0x60
 608 015b 0C010000 		.4byte	0x10c
 609 015f 8C000000 		.4byte	.LLST4
 610 0163 0D       		.uleb128 0xd
 611 0164 F4010000 		.4byte	.LASF21
 612 0168 01       		.byte	0x1
 613 0169 65       		.byte	0x65
 614 016a 73000000 		.4byte	0x73
 615 016e C6000000 		.4byte	.LLST5
 616 0172 0E       		.uleb128 0xe
 617 0173 00000000 		.4byte	.Ldebug_ranges0+0
 618 0177 89010000 		.4byte	0x189
 619 017b 09       		.uleb128 0x9
 620 017c 6900     		.ascii	"i\000"
 621 017e 01       		.byte	0x1
 622 017f 61       		.byte	0x61
 623 0180 73000000 		.4byte	0x73
 624 0184 E4000000 		.4byte	.LLST6
 625 0188 00       		.byte	0
 626 0189 08       		.uleb128 0x8
 627 018a 1A000000 		.4byte	.LBB5
 628 018e 1A000000 		.4byte	.LBE5-.LBB5
 629 0192 09       		.uleb128 0x9
 630 0193 6900     		.ascii	"i\000"
 631 0195 01       		.byte	0x1
 632 0196 66       		.byte	0x66
 633 0197 73000000 		.4byte	0x73
 634 019b 0E010000 		.4byte	.LLST7
 635 019f 00       		.byte	0
 636 01a0 00       		.byte	0
 637 01a1 02       		.uleb128 0x2
 638 01a2 01       		.byte	0x1
 639 01a3 02       		.byte	0x2
 640 01a4 59020000 		.4byte	.LASF22
 641 01a8 05       		.uleb128 0x5
 642 01a9 00000000 		.4byte	.LASF24
 643 01ad 01       		.byte	0x1
 644 01ae 6E       		.byte	0x6e
 645 01af 00000000 		.4byte	.LFB68
 646 01b3 2E000000 		.4byte	.LFE68-.LFB68
ARM GAS  C:\Users\Tri94\AppData\Local\Temp\ccgQAKEk.s 			page 15


 647 01b7 01       		.uleb128 0x1
 648 01b8 9C       		.byte	0x9c
 649 01b9 3F020000 		.4byte	0x23f
 650 01bd 07       		.uleb128 0x7
 651 01be BB010000 		.4byte	.LASF25
 652 01c2 01       		.byte	0x1
 653 01c3 6E       		.byte	0x6e
 654 01c4 73000000 		.4byte	0x73
 655 01c8 2C010000 		.4byte	.LLST8
 656 01cc 0F       		.uleb128 0xf
 657 01cd 04000000 		.4byte	.LBB7
 658 01d1 10000000 		.4byte	.LBE7-.LBB7
 659 01d5 F7010000 		.4byte	0x1f7
 660 01d9 09       		.uleb128 0x9
 661 01da 6900     		.ascii	"i\000"
 662 01dc 01       		.byte	0x1
 663 01dd 6F       		.byte	0x6f
 664 01de 73000000 		.4byte	0x73
 665 01e2 4A010000 		.4byte	.LLST9
 666 01e6 10       		.uleb128 0x10
 667 01e7 0E000000 		.4byte	.LVL22
 668 01eb 34040000 		.4byte	0x434
 669 01ef 11       		.uleb128 0x11
 670 01f0 01       		.uleb128 0x1
 671 01f1 50       		.byte	0x50
 672 01f2 02       		.uleb128 0x2
 673 01f3 74       		.byte	0x74
 674 01f4 00       		.sleb128 0
 675 01f5 00       		.byte	0
 676 01f6 00       		.byte	0
 677 01f7 12       		.uleb128 0x12
 678 01f8 1A000000 		.4byte	.LVL24
 679 01fc 3F040000 		.4byte	0x43f
 680 0200 0B020000 		.4byte	0x20b
 681 0204 11       		.uleb128 0x11
 682 0205 01       		.uleb128 0x1
 683 0206 50       		.byte	0x50
 684 0207 02       		.uleb128 0x2
 685 0208 08       		.byte	0x8
 686 0209 64       		.byte	0x64
 687 020a 00       		.byte	0
 688 020b 12       		.uleb128 0x12
 689 020c 26000000 		.4byte	.LVL25
 690 0210 4A040000 		.4byte	0x44a
 691 0214 2E020000 		.4byte	0x22e
 692 0218 11       		.uleb128 0x11
 693 0219 01       		.uleb128 0x1
 694 021a 50       		.byte	0x50
 695 021b 02       		.uleb128 0x2
 696 021c 75       		.byte	0x75
 697 021d 00       		.sleb128 0
 698 021e 11       		.uleb128 0x11
 699 021f 01       		.uleb128 0x1
 700 0220 51       		.byte	0x51
 701 0221 01       		.uleb128 0x1
 702 0222 30       		.byte	0x30
 703 0223 11       		.uleb128 0x11
ARM GAS  C:\Users\Tri94\AppData\Local\Temp\ccgQAKEk.s 			page 16


 704 0224 01       		.uleb128 0x1
 705 0225 52       		.byte	0x52
 706 0226 01       		.uleb128 0x1
 707 0227 34       		.byte	0x34
 708 0228 11       		.uleb128 0x11
 709 0229 01       		.uleb128 0x1
 710 022a 53       		.byte	0x53
 711 022b 01       		.uleb128 0x1
 712 022c 32       		.byte	0x32
 713 022d 00       		.byte	0
 714 022e 10       		.uleb128 0x10
 715 022f 2C000000 		.4byte	.LVL26
 716 0233 3F040000 		.4byte	0x43f
 717 0237 11       		.uleb128 0x11
 718 0238 01       		.uleb128 0x1
 719 0239 50       		.byte	0x50
 720 023a 02       		.uleb128 0x2
 721 023b 08       		.byte	0x8
 722 023c 64       		.byte	0x64
 723 023d 00       		.byte	0
 724 023e 00       		.byte	0
 725 023f 13       		.uleb128 0x13
 726 0240 92010000 		.4byte	.LASF38
 727 0244 01       		.byte	0x1
 728 0245 18       		.byte	0x18
 729 0246 73000000 		.4byte	0x73
 730 024a 00000000 		.4byte	.LFB64
 731 024e BE000000 		.4byte	.LFE64-.LFB64
 732 0252 01       		.uleb128 0x1
 733 0253 9C       		.byte	0x9c
 734 0254 08040000 		.4byte	0x408
 735 0258 0D       		.uleb128 0xd
 736 0259 F4010000 		.4byte	.LASF21
 737 025d 01       		.byte	0x1
 738 025e 1A       		.byte	0x1a
 739 025f 81000000 		.4byte	0x81
 740 0263 69010000 		.4byte	.LLST10
 741 0267 0D       		.uleb128 0xd
 742 0268 0F020000 		.4byte	.LASF26
 743 026c 01       		.byte	0x1
 744 026d 1B       		.byte	0x1b
 745 026e A1010000 		.4byte	0x1a1
 746 0272 9E010000 		.4byte	.LLST11
 747 0276 0D       		.uleb128 0xd
 748 0277 50000000 		.4byte	.LASF27
 749 027b 01       		.byte	0x1
 750 027c 1C       		.byte	0x1c
 751 027d A1010000 		.4byte	0x1a1
 752 0281 C8010000 		.4byte	.LLST12
 753 0285 0D       		.uleb128 0xd
 754 0286 BB010000 		.4byte	.LASF25
 755 028a 01       		.byte	0x1
 756 028b 1E       		.byte	0x1e
 757 028c 73000000 		.4byte	0x73
 758 0290 E6010000 		.4byte	.LLST13
 759 0294 14       		.uleb128 0x14
 760 0295 64696700 		.ascii	"dig\000"
ARM GAS  C:\Users\Tri94\AppData\Local\Temp\ccgQAKEk.s 			page 17


 761 0299 01       		.byte	0x1
 762 029a 1F       		.byte	0x1f
 763 029b 08040000 		.4byte	0x408
 764 029f 02       		.uleb128 0x2
 765 02a0 91       		.byte	0x91
 766 02a1 58       		.sleb128 -40
 767 02a2 0E       		.uleb128 0xe
 768 02a3 20000000 		.4byte	.Ldebug_ranges0+0x20
 769 02a7 1A030000 		.4byte	0x31a
 770 02ab 09       		.uleb128 0x9
 771 02ac 6900     		.ascii	"i\000"
 772 02ae 01       		.byte	0x1
 773 02af 38       		.byte	0x38
 774 02b0 73000000 		.4byte	0x73
 775 02b4 25020000 		.4byte	.LLST14
 776 02b8 12       		.uleb128 0x12
 777 02b9 5A000000 		.4byte	.LVL41
 778 02bd BA000000 		.4byte	0xba
 779 02c1 D2020000 		.4byte	0x2d2
 780 02c5 11       		.uleb128 0x11
 781 02c6 01       		.uleb128 0x1
 782 02c7 50       		.byte	0x50
 783 02c8 02       		.uleb128 0x2
 784 02c9 75       		.byte	0x75
 785 02ca 00       		.sleb128 0
 786 02cb 11       		.uleb128 0x11
 787 02cc 01       		.uleb128 0x1
 788 02cd 51       		.byte	0x51
 789 02ce 02       		.uleb128 0x2
 790 02cf 7D       		.byte	0x7d
 791 02d0 00       		.sleb128 0
 792 02d1 00       		.byte	0
 793 02d2 12       		.uleb128 0x12
 794 02d3 60000000 		.4byte	.LVL42
 795 02d7 12010000 		.4byte	0x112
 796 02db E6020000 		.4byte	0x2e6
 797 02df 11       		.uleb128 0x11
 798 02e0 01       		.uleb128 0x1
 799 02e1 50       		.byte	0x50
 800 02e2 02       		.uleb128 0x2
 801 02e3 7D       		.byte	0x7d
 802 02e4 00       		.sleb128 0
 803 02e5 00       		.byte	0
 804 02e6 12       		.uleb128 0x12
 805 02e7 6C000000 		.4byte	.LVL44
 806 02eb 4A040000 		.4byte	0x44a
 807 02ef 09030000 		.4byte	0x309
 808 02f3 11       		.uleb128 0x11
 809 02f4 01       		.uleb128 0x1
 810 02f5 50       		.byte	0x50
 811 02f6 02       		.uleb128 0x2
 812 02f7 76       		.byte	0x76
 813 02f8 00       		.sleb128 0
 814 02f9 11       		.uleb128 0x11
 815 02fa 01       		.uleb128 0x1
 816 02fb 51       		.byte	0x51
 817 02fc 01       		.uleb128 0x1
ARM GAS  C:\Users\Tri94\AppData\Local\Temp\ccgQAKEk.s 			page 18


 818 02fd 30       		.byte	0x30
 819 02fe 11       		.uleb128 0x11
 820 02ff 01       		.uleb128 0x1
 821 0300 52       		.byte	0x52
 822 0301 01       		.uleb128 0x1
 823 0302 34       		.byte	0x34
 824 0303 11       		.uleb128 0x11
 825 0304 01       		.uleb128 0x1
 826 0305 53       		.byte	0x53
 827 0306 01       		.uleb128 0x1
 828 0307 32       		.byte	0x32
 829 0308 00       		.byte	0
 830 0309 10       		.uleb128 0x10
 831 030a 72000000 		.4byte	.LVL45
 832 030e 3F040000 		.4byte	0x43f
 833 0312 11       		.uleb128 0x11
 834 0313 01       		.uleb128 0x1
 835 0314 50       		.byte	0x50
 836 0315 02       		.uleb128 0x2
 837 0316 08       		.byte	0x8
 838 0317 64       		.byte	0x64
 839 0318 00       		.byte	0
 840 0319 00       		.byte	0
 841 031a 0A       		.uleb128 0xa
 842 031b 0A000000 		.4byte	.LVL28
 843 031f 55040000 		.4byte	0x455
 844 0323 0A       		.uleb128 0xa
 845 0324 0E000000 		.4byte	.LVL29
 846 0328 60040000 		.4byte	0x460
 847 032c 12       		.uleb128 0x12
 848 032d 1A000000 		.4byte	.LVL30
 849 0331 4A040000 		.4byte	0x44a
 850 0335 4E030000 		.4byte	0x34e
 851 0339 11       		.uleb128 0x11
 852 033a 01       		.uleb128 0x1
 853 033b 50       		.byte	0x50
 854 033c 01       		.uleb128 0x1
 855 033d 30       		.byte	0x30
 856 033e 11       		.uleb128 0x11
 857 033f 01       		.uleb128 0x1
 858 0340 51       		.byte	0x51
 859 0341 01       		.uleb128 0x1
 860 0342 30       		.byte	0x30
 861 0343 11       		.uleb128 0x11
 862 0344 01       		.uleb128 0x1
 863 0345 52       		.byte	0x52
 864 0346 01       		.uleb128 0x1
 865 0347 34       		.byte	0x34
 866 0348 11       		.uleb128 0x11
 867 0349 01       		.uleb128 0x1
 868 034a 53       		.byte	0x53
 869 034b 01       		.uleb128 0x1
 870 034c 32       		.byte	0x32
 871 034d 00       		.byte	0
 872 034e 12       		.uleb128 0x12
 873 034f 28000000 		.4byte	.LVL33
 874 0353 BA000000 		.4byte	0xba
ARM GAS  C:\Users\Tri94\AppData\Local\Temp\ccgQAKEk.s 			page 19


 875 0357 67030000 		.4byte	0x367
 876 035b 11       		.uleb128 0x11
 877 035c 01       		.uleb128 0x1
 878 035d 50       		.byte	0x50
 879 035e 01       		.uleb128 0x1
 880 035f 30       		.byte	0x30
 881 0360 11       		.uleb128 0x11
 882 0361 01       		.uleb128 0x1
 883 0362 51       		.byte	0x51
 884 0363 02       		.uleb128 0x2
 885 0364 7D       		.byte	0x7d
 886 0365 00       		.sleb128 0
 887 0366 00       		.byte	0
 888 0367 12       		.uleb128 0x12
 889 0368 2E000000 		.4byte	.LVL34
 890 036c 12010000 		.4byte	0x112
 891 0370 7B030000 		.4byte	0x37b
 892 0374 11       		.uleb128 0x11
 893 0375 01       		.uleb128 0x1
 894 0376 50       		.byte	0x50
 895 0377 02       		.uleb128 0x2
 896 0378 7D       		.byte	0x7d
 897 0379 00       		.sleb128 0
 898 037a 00       		.byte	0
 899 037b 12       		.uleb128 0x12
 900 037c 3A000000 		.4byte	.LVL36
 901 0380 4A040000 		.4byte	0x44a
 902 0384 9E030000 		.4byte	0x39e
 903 0388 11       		.uleb128 0x11
 904 0389 01       		.uleb128 0x1
 905 038a 50       		.byte	0x50
 906 038b 02       		.uleb128 0x2
 907 038c 76       		.byte	0x76
 908 038d 00       		.sleb128 0
 909 038e 11       		.uleb128 0x11
 910 038f 01       		.uleb128 0x1
 911 0390 51       		.byte	0x51
 912 0391 01       		.uleb128 0x1
 913 0392 30       		.byte	0x30
 914 0393 11       		.uleb128 0x11
 915 0394 01       		.uleb128 0x1
 916 0395 52       		.byte	0x52
 917 0396 01       		.uleb128 0x1
 918 0397 34       		.byte	0x34
 919 0398 11       		.uleb128 0x11
 920 0399 01       		.uleb128 0x1
 921 039a 53       		.byte	0x53
 922 039b 01       		.uleb128 0x1
 923 039c 32       		.byte	0x32
 924 039d 00       		.byte	0
 925 039e 12       		.uleb128 0x12
 926 039f 40000000 		.4byte	.LVL37
 927 03a3 3F040000 		.4byte	0x43f
 928 03a7 B2030000 		.4byte	0x3b2
 929 03ab 11       		.uleb128 0x11
 930 03ac 01       		.uleb128 0x1
 931 03ad 50       		.byte	0x50
ARM GAS  C:\Users\Tri94\AppData\Local\Temp\ccgQAKEk.s 			page 20


 932 03ae 02       		.uleb128 0x2
 933 03af 08       		.byte	0x8
 934 03b0 64       		.byte	0x64
 935 03b1 00       		.byte	0
 936 03b2 0A       		.uleb128 0xa
 937 03b3 44000000 		.4byte	.LVL38
 938 03b7 6B040000 		.4byte	0x46b
 939 03bb 12       		.uleb128 0x12
 940 03bc 90000000 		.4byte	.LVL52
 941 03c0 3B010000 		.4byte	0x13b
 942 03c4 CF030000 		.4byte	0x3cf
 943 03c8 11       		.uleb128 0x11
 944 03c9 01       		.uleb128 0x1
 945 03ca 50       		.byte	0x50
 946 03cb 02       		.uleb128 0x2
 947 03cc 7D       		.byte	0x7d
 948 03cd 00       		.sleb128 0
 949 03ce 00       		.byte	0
 950 03cf 12       		.uleb128 0x12
 951 03d0 9A000000 		.4byte	.LVL53
 952 03d4 A8010000 		.4byte	0x1a8
 953 03d8 E3030000 		.4byte	0x3e3
 954 03dc 11       		.uleb128 0x11
 955 03dd 01       		.uleb128 0x1
 956 03de 50       		.byte	0x50
 957 03df 02       		.uleb128 0x2
 958 03e0 76       		.byte	0x76
 959 03e1 00       		.sleb128 0
 960 03e2 00       		.byte	0
 961 03e3 0A       		.uleb128 0xa
 962 03e4 9E000000 		.4byte	.LVL54
 963 03e8 6B040000 		.4byte	0x46b
 964 03ec 0A       		.uleb128 0xa
 965 03ed A6000000 		.4byte	.LVL55
 966 03f1 6B040000 		.4byte	0x46b
 967 03f5 0A       		.uleb128 0xa
 968 03f6 B0000000 		.4byte	.LVL56
 969 03fa 6B040000 		.4byte	0x46b
 970 03fe 0A       		.uleb128 0xa
 971 03ff B8000000 		.4byte	.LVL57
 972 0403 6B040000 		.4byte	0x46b
 973 0407 00       		.byte	0
 974 0408 15       		.uleb128 0x15
 975 0409 73000000 		.4byte	0x73
 976 040d 18040000 		.4byte	0x418
 977 0411 16       		.uleb128 0x16
 978 0412 AC000000 		.4byte	0xac
 979 0416 03       		.byte	0x3
 980 0417 00       		.byte	0
 981 0418 17       		.uleb128 0x17
 982 0419 68010000 		.4byte	.LASF39
 983 041d 08       		.byte	0x8
 984 041e 1207     		.2byte	0x712
 985 0420 24040000 		.4byte	0x424
 986 0424 18       		.uleb128 0x18
 987 0425 8C000000 		.4byte	0x8c
 988 0429 19       		.uleb128 0x19
ARM GAS  C:\Users\Tri94\AppData\Local\Temp\ccgQAKEk.s 			page 21


 989 042a 67020000 		.4byte	.LASF28
 990 042e 67020000 		.4byte	.LASF28
 991 0432 04       		.byte	0x4
 992 0433 88       		.byte	0x88
 993 0434 19       		.uleb128 0x19
 994 0435 06000000 		.4byte	.LASF29
 995 0439 06000000 		.4byte	.LASF29
 996 043d 05       		.byte	0x5
 997 043e 5F       		.byte	0x5f
 998 043f 19       		.uleb128 0x19
 999 0440 5F020000 		.4byte	.LASF30
 1000 0444 5F020000 		.4byte	.LASF30
 1001 0448 06       		.byte	0x6
 1002 0449 76       		.byte	0x76
 1003 044a 19       		.uleb128 0x19
 1004 044b 42020000 		.4byte	.LASF31
 1005 044f 42020000 		.4byte	.LASF31
 1006 0453 05       		.byte	0x5
 1007 0454 61       		.byte	0x61
 1008 0455 19       		.uleb128 0x19
 1009 0456 17000000 		.4byte	.LASF32
 1010 045a 17000000 		.4byte	.LASF32
 1011 045e 05       		.byte	0x5
 1012 045f 55       		.byte	0x55
 1013 0460 19       		.uleb128 0x19
 1014 0461 FA010000 		.4byte	.LASF33
 1015 0465 FA010000 		.4byte	.LASF33
 1016 0469 05       		.byte	0x5
 1017 046a 56       		.byte	0x56
 1018 046b 19       		.uleb128 0x19
 1019 046c 38000000 		.4byte	.LASF34
 1020 0470 38000000 		.4byte	.LASF34
 1021 0474 07       		.byte	0x7
 1022 0475 29       		.byte	0x29
 1023 0476 00       		.byte	0
 1024              		.section	.debug_abbrev,"",%progbits
 1025              	.Ldebug_abbrev0:
 1026 0000 01       		.uleb128 0x1
 1027 0001 11       		.uleb128 0x11
 1028 0002 01       		.byte	0x1
 1029 0003 25       		.uleb128 0x25
 1030 0004 0E       		.uleb128 0xe
 1031 0005 13       		.uleb128 0x13
 1032 0006 0B       		.uleb128 0xb
 1033 0007 03       		.uleb128 0x3
 1034 0008 0E       		.uleb128 0xe
 1035 0009 1B       		.uleb128 0x1b
 1036 000a 0E       		.uleb128 0xe
 1037 000b 55       		.uleb128 0x55
 1038 000c 17       		.uleb128 0x17
 1039 000d 11       		.uleb128 0x11
 1040 000e 01       		.uleb128 0x1
 1041 000f 10       		.uleb128 0x10
 1042 0010 17       		.uleb128 0x17
 1043 0011 00       		.byte	0
 1044 0012 00       		.byte	0
 1045 0013 02       		.uleb128 0x2
ARM GAS  C:\Users\Tri94\AppData\Local\Temp\ccgQAKEk.s 			page 22


 1046 0014 24       		.uleb128 0x24
 1047 0015 00       		.byte	0
 1048 0016 0B       		.uleb128 0xb
 1049 0017 0B       		.uleb128 0xb
 1050 0018 3E       		.uleb128 0x3e
 1051 0019 0B       		.uleb128 0xb
 1052 001a 03       		.uleb128 0x3
 1053 001b 0E       		.uleb128 0xe
 1054 001c 00       		.byte	0
 1055 001d 00       		.byte	0
 1056 001e 03       		.uleb128 0x3
 1057 001f 16       		.uleb128 0x16
 1058 0020 00       		.byte	0
 1059 0021 03       		.uleb128 0x3
 1060 0022 0E       		.uleb128 0xe
 1061 0023 3A       		.uleb128 0x3a
 1062 0024 0B       		.uleb128 0xb
 1063 0025 3B       		.uleb128 0x3b
 1064 0026 0B       		.uleb128 0xb
 1065 0027 49       		.uleb128 0x49
 1066 0028 13       		.uleb128 0x13
 1067 0029 00       		.byte	0
 1068 002a 00       		.byte	0
 1069 002b 04       		.uleb128 0x4
 1070 002c 24       		.uleb128 0x24
 1071 002d 00       		.byte	0
 1072 002e 0B       		.uleb128 0xb
 1073 002f 0B       		.uleb128 0xb
 1074 0030 3E       		.uleb128 0x3e
 1075 0031 0B       		.uleb128 0xb
 1076 0032 03       		.uleb128 0x3
 1077 0033 08       		.uleb128 0x8
 1078 0034 00       		.byte	0
 1079 0035 00       		.byte	0
 1080 0036 05       		.uleb128 0x5
 1081 0037 2E       		.uleb128 0x2e
 1082 0038 01       		.byte	0x1
 1083 0039 3F       		.uleb128 0x3f
 1084 003a 19       		.uleb128 0x19
 1085 003b 03       		.uleb128 0x3
 1086 003c 0E       		.uleb128 0xe
 1087 003d 3A       		.uleb128 0x3a
 1088 003e 0B       		.uleb128 0xb
 1089 003f 3B       		.uleb128 0x3b
 1090 0040 0B       		.uleb128 0xb
 1091 0041 27       		.uleb128 0x27
 1092 0042 19       		.uleb128 0x19
 1093 0043 11       		.uleb128 0x11
 1094 0044 01       		.uleb128 0x1
 1095 0045 12       		.uleb128 0x12
 1096 0046 06       		.uleb128 0x6
 1097 0047 40       		.uleb128 0x40
 1098 0048 18       		.uleb128 0x18
 1099 0049 9742     		.uleb128 0x2117
 1100 004b 19       		.uleb128 0x19
 1101 004c 01       		.uleb128 0x1
 1102 004d 13       		.uleb128 0x13
ARM GAS  C:\Users\Tri94\AppData\Local\Temp\ccgQAKEk.s 			page 23


 1103 004e 00       		.byte	0
 1104 004f 00       		.byte	0
 1105 0050 06       		.uleb128 0x6
 1106 0051 05       		.uleb128 0x5
 1107 0052 00       		.byte	0
 1108 0053 03       		.uleb128 0x3
 1109 0054 08       		.uleb128 0x8
 1110 0055 3A       		.uleb128 0x3a
 1111 0056 0B       		.uleb128 0xb
 1112 0057 3B       		.uleb128 0x3b
 1113 0058 0B       		.uleb128 0xb
 1114 0059 49       		.uleb128 0x49
 1115 005a 13       		.uleb128 0x13
 1116 005b 02       		.uleb128 0x2
 1117 005c 17       		.uleb128 0x17
 1118 005d 00       		.byte	0
 1119 005e 00       		.byte	0
 1120 005f 07       		.uleb128 0x7
 1121 0060 05       		.uleb128 0x5
 1122 0061 00       		.byte	0
 1123 0062 03       		.uleb128 0x3
 1124 0063 0E       		.uleb128 0xe
 1125 0064 3A       		.uleb128 0x3a
 1126 0065 0B       		.uleb128 0xb
 1127 0066 3B       		.uleb128 0x3b
 1128 0067 0B       		.uleb128 0xb
 1129 0068 49       		.uleb128 0x49
 1130 0069 13       		.uleb128 0x13
 1131 006a 02       		.uleb128 0x2
 1132 006b 17       		.uleb128 0x17
 1133 006c 00       		.byte	0
 1134 006d 00       		.byte	0
 1135 006e 08       		.uleb128 0x8
 1136 006f 0B       		.uleb128 0xb
 1137 0070 01       		.byte	0x1
 1138 0071 11       		.uleb128 0x11
 1139 0072 01       		.uleb128 0x1
 1140 0073 12       		.uleb128 0x12
 1141 0074 06       		.uleb128 0x6
 1142 0075 00       		.byte	0
 1143 0076 00       		.byte	0
 1144 0077 09       		.uleb128 0x9
 1145 0078 34       		.uleb128 0x34
 1146 0079 00       		.byte	0
 1147 007a 03       		.uleb128 0x3
 1148 007b 08       		.uleb128 0x8
 1149 007c 3A       		.uleb128 0x3a
 1150 007d 0B       		.uleb128 0xb
 1151 007e 3B       		.uleb128 0x3b
 1152 007f 0B       		.uleb128 0xb
 1153 0080 49       		.uleb128 0x49
 1154 0081 13       		.uleb128 0x13
 1155 0082 02       		.uleb128 0x2
 1156 0083 17       		.uleb128 0x17
 1157 0084 00       		.byte	0
 1158 0085 00       		.byte	0
 1159 0086 0A       		.uleb128 0xa
ARM GAS  C:\Users\Tri94\AppData\Local\Temp\ccgQAKEk.s 			page 24


 1160 0087 898201   		.uleb128 0x4109
 1161 008a 00       		.byte	0
 1162 008b 11       		.uleb128 0x11
 1163 008c 01       		.uleb128 0x1
 1164 008d 31       		.uleb128 0x31
 1165 008e 13       		.uleb128 0x13
 1166 008f 00       		.byte	0
 1167 0090 00       		.byte	0
 1168 0091 0B       		.uleb128 0xb
 1169 0092 0F       		.uleb128 0xf
 1170 0093 00       		.byte	0
 1171 0094 0B       		.uleb128 0xb
 1172 0095 0B       		.uleb128 0xb
 1173 0096 49       		.uleb128 0x49
 1174 0097 13       		.uleb128 0x13
 1175 0098 00       		.byte	0
 1176 0099 00       		.byte	0
 1177 009a 0C       		.uleb128 0xc
 1178 009b 2E       		.uleb128 0x2e
 1179 009c 01       		.byte	0x1
 1180 009d 3F       		.uleb128 0x3f
 1181 009e 19       		.uleb128 0x19
 1182 009f 03       		.uleb128 0x3
 1183 00a0 0E       		.uleb128 0xe
 1184 00a1 3A       		.uleb128 0x3a
 1185 00a2 0B       		.uleb128 0xb
 1186 00a3 3B       		.uleb128 0x3b
 1187 00a4 0B       		.uleb128 0xb
 1188 00a5 27       		.uleb128 0x27
 1189 00a6 19       		.uleb128 0x19
 1190 00a7 49       		.uleb128 0x49
 1191 00a8 13       		.uleb128 0x13
 1192 00a9 11       		.uleb128 0x11
 1193 00aa 01       		.uleb128 0x1
 1194 00ab 12       		.uleb128 0x12
 1195 00ac 06       		.uleb128 0x6
 1196 00ad 40       		.uleb128 0x40
 1197 00ae 18       		.uleb128 0x18
 1198 00af 9742     		.uleb128 0x2117
 1199 00b1 19       		.uleb128 0x19
 1200 00b2 01       		.uleb128 0x1
 1201 00b3 13       		.uleb128 0x13
 1202 00b4 00       		.byte	0
 1203 00b5 00       		.byte	0
 1204 00b6 0D       		.uleb128 0xd
 1205 00b7 34       		.uleb128 0x34
 1206 00b8 00       		.byte	0
 1207 00b9 03       		.uleb128 0x3
 1208 00ba 0E       		.uleb128 0xe
 1209 00bb 3A       		.uleb128 0x3a
 1210 00bc 0B       		.uleb128 0xb
 1211 00bd 3B       		.uleb128 0x3b
 1212 00be 0B       		.uleb128 0xb
 1213 00bf 49       		.uleb128 0x49
 1214 00c0 13       		.uleb128 0x13
 1215 00c1 02       		.uleb128 0x2
 1216 00c2 17       		.uleb128 0x17
ARM GAS  C:\Users\Tri94\AppData\Local\Temp\ccgQAKEk.s 			page 25


 1217 00c3 00       		.byte	0
 1218 00c4 00       		.byte	0
 1219 00c5 0E       		.uleb128 0xe
 1220 00c6 0B       		.uleb128 0xb
 1221 00c7 01       		.byte	0x1
 1222 00c8 55       		.uleb128 0x55
 1223 00c9 17       		.uleb128 0x17
 1224 00ca 01       		.uleb128 0x1
 1225 00cb 13       		.uleb128 0x13
 1226 00cc 00       		.byte	0
 1227 00cd 00       		.byte	0
 1228 00ce 0F       		.uleb128 0xf
 1229 00cf 0B       		.uleb128 0xb
 1230 00d0 01       		.byte	0x1
 1231 00d1 11       		.uleb128 0x11
 1232 00d2 01       		.uleb128 0x1
 1233 00d3 12       		.uleb128 0x12
 1234 00d4 06       		.uleb128 0x6
 1235 00d5 01       		.uleb128 0x1
 1236 00d6 13       		.uleb128 0x13
 1237 00d7 00       		.byte	0
 1238 00d8 00       		.byte	0
 1239 00d9 10       		.uleb128 0x10
 1240 00da 898201   		.uleb128 0x4109
 1241 00dd 01       		.byte	0x1
 1242 00de 11       		.uleb128 0x11
 1243 00df 01       		.uleb128 0x1
 1244 00e0 31       		.uleb128 0x31
 1245 00e1 13       		.uleb128 0x13
 1246 00e2 00       		.byte	0
 1247 00e3 00       		.byte	0
 1248 00e4 11       		.uleb128 0x11
 1249 00e5 8A8201   		.uleb128 0x410a
 1250 00e8 00       		.byte	0
 1251 00e9 02       		.uleb128 0x2
 1252 00ea 18       		.uleb128 0x18
 1253 00eb 9142     		.uleb128 0x2111
 1254 00ed 18       		.uleb128 0x18
 1255 00ee 00       		.byte	0
 1256 00ef 00       		.byte	0
 1257 00f0 12       		.uleb128 0x12
 1258 00f1 898201   		.uleb128 0x4109
 1259 00f4 01       		.byte	0x1
 1260 00f5 11       		.uleb128 0x11
 1261 00f6 01       		.uleb128 0x1
 1262 00f7 31       		.uleb128 0x31
 1263 00f8 13       		.uleb128 0x13
 1264 00f9 01       		.uleb128 0x1
 1265 00fa 13       		.uleb128 0x13
 1266 00fb 00       		.byte	0
 1267 00fc 00       		.byte	0
 1268 00fd 13       		.uleb128 0x13
 1269 00fe 2E       		.uleb128 0x2e
 1270 00ff 01       		.byte	0x1
 1271 0100 3F       		.uleb128 0x3f
 1272 0101 19       		.uleb128 0x19
 1273 0102 03       		.uleb128 0x3
ARM GAS  C:\Users\Tri94\AppData\Local\Temp\ccgQAKEk.s 			page 26


 1274 0103 0E       		.uleb128 0xe
 1275 0104 3A       		.uleb128 0x3a
 1276 0105 0B       		.uleb128 0xb
 1277 0106 3B       		.uleb128 0x3b
 1278 0107 0B       		.uleb128 0xb
 1279 0108 27       		.uleb128 0x27
 1280 0109 19       		.uleb128 0x19
 1281 010a 49       		.uleb128 0x49
 1282 010b 13       		.uleb128 0x13
 1283 010c 8701     		.uleb128 0x87
 1284 010e 19       		.uleb128 0x19
 1285 010f 11       		.uleb128 0x11
 1286 0110 01       		.uleb128 0x1
 1287 0111 12       		.uleb128 0x12
 1288 0112 06       		.uleb128 0x6
 1289 0113 40       		.uleb128 0x40
 1290 0114 18       		.uleb128 0x18
 1291 0115 9742     		.uleb128 0x2117
 1292 0117 19       		.uleb128 0x19
 1293 0118 01       		.uleb128 0x1
 1294 0119 13       		.uleb128 0x13
 1295 011a 00       		.byte	0
 1296 011b 00       		.byte	0
 1297 011c 14       		.uleb128 0x14
 1298 011d 34       		.uleb128 0x34
 1299 011e 00       		.byte	0
 1300 011f 03       		.uleb128 0x3
 1301 0120 08       		.uleb128 0x8
 1302 0121 3A       		.uleb128 0x3a
 1303 0122 0B       		.uleb128 0xb
 1304 0123 3B       		.uleb128 0x3b
 1305 0124 0B       		.uleb128 0xb
 1306 0125 49       		.uleb128 0x49
 1307 0126 13       		.uleb128 0x13
 1308 0127 02       		.uleb128 0x2
 1309 0128 18       		.uleb128 0x18
 1310 0129 00       		.byte	0
 1311 012a 00       		.byte	0
 1312 012b 15       		.uleb128 0x15
 1313 012c 01       		.uleb128 0x1
 1314 012d 01       		.byte	0x1
 1315 012e 49       		.uleb128 0x49
 1316 012f 13       		.uleb128 0x13
 1317 0130 01       		.uleb128 0x1
 1318 0131 13       		.uleb128 0x13
 1319 0132 00       		.byte	0
 1320 0133 00       		.byte	0
 1321 0134 16       		.uleb128 0x16
 1322 0135 21       		.uleb128 0x21
 1323 0136 00       		.byte	0
 1324 0137 49       		.uleb128 0x49
 1325 0138 13       		.uleb128 0x13
 1326 0139 2F       		.uleb128 0x2f
 1327 013a 0B       		.uleb128 0xb
 1328 013b 00       		.byte	0
 1329 013c 00       		.byte	0
 1330 013d 17       		.uleb128 0x17
ARM GAS  C:\Users\Tri94\AppData\Local\Temp\ccgQAKEk.s 			page 27


 1331 013e 34       		.uleb128 0x34
 1332 013f 00       		.byte	0
 1333 0140 03       		.uleb128 0x3
 1334 0141 0E       		.uleb128 0xe
 1335 0142 3A       		.uleb128 0x3a
 1336 0143 0B       		.uleb128 0xb
 1337 0144 3B       		.uleb128 0x3b
 1338 0145 05       		.uleb128 0x5
 1339 0146 49       		.uleb128 0x49
 1340 0147 13       		.uleb128 0x13
 1341 0148 3F       		.uleb128 0x3f
 1342 0149 19       		.uleb128 0x19
 1343 014a 3C       		.uleb128 0x3c
 1344 014b 19       		.uleb128 0x19
 1345 014c 00       		.byte	0
 1346 014d 00       		.byte	0
 1347 014e 18       		.uleb128 0x18
 1348 014f 35       		.uleb128 0x35
 1349 0150 00       		.byte	0
 1350 0151 49       		.uleb128 0x49
 1351 0152 13       		.uleb128 0x13
 1352 0153 00       		.byte	0
 1353 0154 00       		.byte	0
 1354 0155 19       		.uleb128 0x19
 1355 0156 2E       		.uleb128 0x2e
 1356 0157 00       		.byte	0
 1357 0158 3F       		.uleb128 0x3f
 1358 0159 19       		.uleb128 0x19
 1359 015a 3C       		.uleb128 0x3c
 1360 015b 19       		.uleb128 0x19
 1361 015c 6E       		.uleb128 0x6e
 1362 015d 0E       		.uleb128 0xe
 1363 015e 03       		.uleb128 0x3
 1364 015f 0E       		.uleb128 0xe
 1365 0160 3A       		.uleb128 0x3a
 1366 0161 0B       		.uleb128 0xb
 1367 0162 3B       		.uleb128 0x3b
 1368 0163 0B       		.uleb128 0xb
 1369 0164 00       		.byte	0
 1370 0165 00       		.byte	0
 1371 0166 00       		.byte	0
 1372              		.section	.debug_loc,"",%progbits
 1373              	.Ldebug_loc0:
 1374              	.LLST0:
 1375 0000 00000000 		.4byte	.LVL0
 1376 0004 08000000 		.4byte	.LVL2
 1377 0008 0100     		.2byte	0x1
 1378 000a 50       		.byte	0x50
 1379 000b 08000000 		.4byte	.LVL2
 1380 000f 30000000 		.4byte	.LFE65
 1381 0013 0400     		.2byte	0x4
 1382 0015 F3       		.byte	0xf3
 1383 0016 01       		.uleb128 0x1
 1384 0017 50       		.byte	0x50
 1385 0018 9F       		.byte	0x9f
 1386 0019 00000000 		.4byte	0
 1387 001d 00000000 		.4byte	0
ARM GAS  C:\Users\Tri94\AppData\Local\Temp\ccgQAKEk.s 			page 28


 1388              	.LLST1:
 1389 0021 00000000 		.4byte	.LVL0
 1390 0025 08000000 		.4byte	.LVL2
 1391 0029 0100     		.2byte	0x1
 1392 002b 51       		.byte	0x51
 1393 002c 08000000 		.4byte	.LVL2
 1394 0030 2C000000 		.4byte	.LVL5
 1395 0034 0100     		.2byte	0x1
 1396 0036 55       		.byte	0x55
 1397 0037 2C000000 		.4byte	.LVL5
 1398 003b 30000000 		.4byte	.LFE65
 1399 003f 0400     		.2byte	0x4
 1400 0041 F3       		.byte	0xf3
 1401 0042 01       		.uleb128 0x1
 1402 0043 51       		.byte	0x51
 1403 0044 9F       		.byte	0x9f
 1404 0045 00000000 		.4byte	0
 1405 0049 00000000 		.4byte	0
 1406              	.LLST2:
 1407 004d 06000000 		.4byte	.LVL1
 1408 0051 08000000 		.4byte	.LVL2
 1409 0055 0100     		.2byte	0x1
 1410 0057 50       		.byte	0x50
 1411 0058 08000000 		.4byte	.LVL2
 1412 005c 2C000000 		.4byte	.LVL5
 1413 0060 0100     		.2byte	0x1
 1414 0062 54       		.byte	0x54
 1415 0063 00000000 		.4byte	0
 1416 0067 00000000 		.4byte	0
 1417              	.LLST3:
 1418 006b 00000000 		.4byte	.LVL6
 1419 006f 1E000000 		.4byte	.LVL7
 1420 0073 0100     		.2byte	0x1
 1421 0075 50       		.byte	0x50
 1422 0076 1E000000 		.4byte	.LVL7
 1423 007a 22000000 		.4byte	.LFE66
 1424 007e 0400     		.2byte	0x4
 1425 0080 F3       		.byte	0xf3
 1426 0081 01       		.uleb128 0x1
 1427 0082 50       		.byte	0x50
 1428 0083 9F       		.byte	0x9f
 1429 0084 00000000 		.4byte	0
 1430 0088 00000000 		.4byte	0
 1431              	.LLST4:
 1432 008c 00000000 		.4byte	.LVL8
 1433 0090 3A000000 		.4byte	.LVL15
 1434 0094 0100     		.2byte	0x1
 1435 0096 50       		.byte	0x50
 1436 0097 3A000000 		.4byte	.LVL15
 1437 009b 3E000000 		.4byte	.LVL16
 1438 009f 0400     		.2byte	0x4
 1439 00a1 F3       		.byte	0xf3
 1440 00a2 01       		.uleb128 0x1
 1441 00a3 50       		.byte	0x50
 1442 00a4 9F       		.byte	0x9f
 1443 00a5 3E000000 		.4byte	.LVL16
 1444 00a9 40000000 		.4byte	.LVL17
ARM GAS  C:\Users\Tri94\AppData\Local\Temp\ccgQAKEk.s 			page 29


 1445 00ad 0100     		.2byte	0x1
 1446 00af 50       		.byte	0x50
 1447 00b0 40000000 		.4byte	.LVL17
 1448 00b4 46000000 		.4byte	.LFE67
 1449 00b8 0400     		.2byte	0x4
 1450 00ba F3       		.byte	0xf3
 1451 00bb 01       		.uleb128 0x1
 1452 00bc 50       		.byte	0x50
 1453 00bd 9F       		.byte	0x9f
 1454 00be 00000000 		.4byte	0
 1455 00c2 00000000 		.4byte	0
 1456              	.LLST5:
 1457 00c6 1A000000 		.4byte	.LVL12
 1458 00ca 3E000000 		.4byte	.LVL16
 1459 00ce 0100     		.2byte	0x1
 1460 00d0 51       		.byte	0x51
 1461 00d1 42000000 		.4byte	.LVL18
 1462 00d5 46000000 		.4byte	.LFE67
 1463 00d9 0100     		.2byte	0x1
 1464 00db 51       		.byte	0x51
 1465 00dc 00000000 		.4byte	0
 1466 00e0 00000000 		.4byte	0
 1467              	.LLST6:
 1468 00e4 00000000 		.4byte	.LVL8
 1469 00e8 04000000 		.4byte	.LVL9
 1470 00ec 0200     		.2byte	0x2
 1471 00ee 30       		.byte	0x30
 1472 00ef 9F       		.byte	0x9f
 1473 00f0 04000000 		.4byte	.LVL9
 1474 00f4 16000000 		.4byte	.LVL11
 1475 00f8 0100     		.2byte	0x1
 1476 00fa 53       		.byte	0x53
 1477 00fb 3E000000 		.4byte	.LVL16
 1478 00ff 42000000 		.4byte	.LVL18
 1479 0103 0100     		.2byte	0x1
 1480 0105 53       		.byte	0x53
 1481 0106 00000000 		.4byte	0
 1482 010a 00000000 		.4byte	0
 1483              	.LLST7:
 1484 010e 1A000000 		.4byte	.LVL12
 1485 0112 3E000000 		.4byte	.LVL16
 1486 0116 0100     		.2byte	0x1
 1487 0118 53       		.byte	0x53
 1488 0119 42000000 		.4byte	.LVL18
 1489 011d 46000000 		.4byte	.LFE67
 1490 0121 0100     		.2byte	0x1
 1491 0123 53       		.byte	0x53
 1492 0124 00000000 		.4byte	0
 1493 0128 00000000 		.4byte	0
 1494              	.LLST8:
 1495 012c 00000000 		.4byte	.LVL19
 1496 0130 08000000 		.4byte	.LVL21
 1497 0134 0100     		.2byte	0x1
 1498 0136 50       		.byte	0x50
 1499 0137 08000000 		.4byte	.LVL21
 1500 013b 2E000000 		.4byte	.LFE68
 1501 013f 0100     		.2byte	0x1
ARM GAS  C:\Users\Tri94\AppData\Local\Temp\ccgQAKEk.s 			page 30


 1502 0141 55       		.byte	0x55
 1503 0142 00000000 		.4byte	0
 1504 0146 00000000 		.4byte	0
 1505              	.LLST9:
 1506 014a 04000000 		.4byte	.LVL20
 1507 014e 08000000 		.4byte	.LVL21
 1508 0152 0200     		.2byte	0x2
 1509 0154 30       		.byte	0x30
 1510 0155 9F       		.byte	0x9f
 1511 0156 08000000 		.4byte	.LVL21
 1512 015a 2E000000 		.4byte	.LFE68
 1513 015e 0100     		.2byte	0x1
 1514 0160 54       		.byte	0x54
 1515 0161 00000000 		.4byte	0
 1516 0165 00000000 		.4byte	0
 1517              	.LLST10:
 1518 0169 04000000 		.4byte	.LVL27
 1519 016d 1E000000 		.4byte	.LVL31
 1520 0171 0200     		.2byte	0x2
 1521 0173 30       		.byte	0x30
 1522 0174 9F       		.byte	0x9f
 1523 0175 52000000 		.4byte	.LVL40
 1524 0179 76000000 		.4byte	.LVL46
 1525 017d 0100     		.2byte	0x1
 1526 017f 54       		.byte	0x54
 1527 0180 78000000 		.4byte	.LVL47
 1528 0184 7C000000 		.4byte	.LVL48
 1529 0188 0100     		.2byte	0x1
 1530 018a 52       		.byte	0x52
 1531 018b 7C000000 		.4byte	.LVL48
 1532 018f 84000000 		.4byte	.LVL50
 1533 0193 0100     		.2byte	0x1
 1534 0195 54       		.byte	0x54
 1535 0196 00000000 		.4byte	0
 1536 019a 00000000 		.4byte	0
 1537              	.LLST11:
 1538 019e 04000000 		.4byte	.LVL27
 1539 01a2 1E000000 		.4byte	.LVL31
 1540 01a6 0200     		.2byte	0x2
 1541 01a8 31       		.byte	0x31
 1542 01a9 9F       		.byte	0x9f
 1543 01aa 20000000 		.4byte	.LVL32
 1544 01ae 52000000 		.4byte	.LVL40
 1545 01b2 0100     		.2byte	0x1
 1546 01b4 54       		.byte	0x54
 1547 01b5 84000000 		.4byte	.LVL50
 1548 01b9 86000000 		.4byte	.LVL51
 1549 01bd 0100     		.2byte	0x1
 1550 01bf 54       		.byte	0x54
 1551 01c0 00000000 		.4byte	0
 1552 01c4 00000000 		.4byte	0
 1553              	.LLST12:
 1554 01c8 1E000000 		.4byte	.LVL31
 1555 01cc 20000000 		.4byte	.LVL32
 1556 01d0 0100     		.2byte	0x1
 1557 01d2 57       		.byte	0x57
 1558 01d3 4A000000 		.4byte	.LVL39
ARM GAS  C:\Users\Tri94\AppData\Local\Temp\ccgQAKEk.s 			page 31


 1559 01d7 BE000000 		.4byte	.LFE64
 1560 01db 0100     		.2byte	0x1
 1561 01dd 57       		.byte	0x57
 1562 01de 00000000 		.4byte	0
 1563 01e2 00000000 		.4byte	0
 1564              	.LLST13:
 1565 01e6 1E000000 		.4byte	.LVL31
 1566 01ea 20000000 		.4byte	.LVL32
 1567 01ee 0100     		.2byte	0x1
 1568 01f0 56       		.byte	0x56
 1569 01f1 30000000 		.4byte	.LVL35
 1570 01f5 39000000 		.4byte	.LVL36-1
 1571 01f9 0100     		.2byte	0x1
 1572 01fb 50       		.byte	0x50
 1573 01fc 39000000 		.4byte	.LVL36-1
 1574 0200 62000000 		.4byte	.LVL43
 1575 0204 0100     		.2byte	0x1
 1576 0206 56       		.byte	0x56
 1577 0207 62000000 		.4byte	.LVL43
 1578 020b 6B000000 		.4byte	.LVL44-1
 1579 020f 0100     		.2byte	0x1
 1580 0211 50       		.byte	0x50
 1581 0212 6B000000 		.4byte	.LVL44-1
 1582 0216 BE000000 		.4byte	.LFE64
 1583 021a 0100     		.2byte	0x1
 1584 021c 56       		.byte	0x56
 1585 021d 00000000 		.4byte	0
 1586 0221 00000000 		.4byte	0
 1587              	.LLST14:
 1588 0225 52000000 		.4byte	.LVL40
 1589 0229 84000000 		.4byte	.LVL50
 1590 022d 0100     		.2byte	0x1
 1591 022f 55       		.byte	0x55
 1592 0230 86000000 		.4byte	.LVL51
 1593 0234 BE000000 		.4byte	.LFE64
 1594 0238 0100     		.2byte	0x1
 1595 023a 55       		.byte	0x55
 1596 023b 00000000 		.4byte	0
 1597 023f 00000000 		.4byte	0
 1598              		.section	.debug_aranges,"",%progbits
 1599 0000 3C000000 		.4byte	0x3c
 1600 0004 0200     		.2byte	0x2
 1601 0006 00000000 		.4byte	.Ldebug_info0
 1602 000a 04       		.byte	0x4
 1603 000b 00       		.byte	0
 1604 000c 0000     		.2byte	0
 1605 000e 0000     		.2byte	0
 1606 0010 00000000 		.4byte	.LFB65
 1607 0014 30000000 		.4byte	.LFE65-.LFB65
 1608 0018 00000000 		.4byte	.LFB66
 1609 001c 22000000 		.4byte	.LFE66-.LFB66
 1610 0020 00000000 		.4byte	.LFB67
 1611 0024 46000000 		.4byte	.LFE67-.LFB67
 1612 0028 00000000 		.4byte	.LFB68
 1613 002c 2E000000 		.4byte	.LFE68-.LFB68
 1614 0030 00000000 		.4byte	.LFB64
 1615 0034 BE000000 		.4byte	.LFE64-.LFB64
ARM GAS  C:\Users\Tri94\AppData\Local\Temp\ccgQAKEk.s 			page 32


 1616 0038 00000000 		.4byte	0
 1617 003c 00000000 		.4byte	0
 1618              		.section	.debug_ranges,"",%progbits
 1619              	.Ldebug_ranges0:
 1620 0000 00000000 		.4byte	.LBB3
 1621 0004 12000000 		.4byte	.LBE3
 1622 0008 14000000 		.4byte	.LBB4
 1623 000c 1A000000 		.4byte	.LBE4
 1624 0010 3E000000 		.4byte	.LBB6
 1625 0014 42000000 		.4byte	.LBE6
 1626 0018 00000000 		.4byte	0
 1627 001c 00000000 		.4byte	0
 1628 0020 52000000 		.4byte	.LBB8
 1629 0024 84000000 		.4byte	.LBE8
 1630 0028 86000000 		.4byte	.LBB9
 1631 002c 8A000000 		.4byte	.LBE9
 1632 0030 00000000 		.4byte	0
 1633 0034 00000000 		.4byte	0
 1634 0038 00000000 		.4byte	.LFB65
 1635 003c 30000000 		.4byte	.LFE65
 1636 0040 00000000 		.4byte	.LFB66
 1637 0044 22000000 		.4byte	.LFE66
 1638 0048 00000000 		.4byte	.LFB67
 1639 004c 46000000 		.4byte	.LFE67
 1640 0050 00000000 		.4byte	.LFB68
 1641 0054 2E000000 		.4byte	.LFE68
 1642 0058 00000000 		.4byte	.LFB64
 1643 005c BE000000 		.4byte	.LFE64
 1644 0060 00000000 		.4byte	0
 1645 0064 00000000 		.4byte	0
 1646              		.section	.debug_line,"",%progbits
 1647              	.Ldebug_line0:
 1648 0000 AE020000 		.section	.debug_str,"MS",%progbits,1
 1648      0200D001 
 1648      00000201 
 1648      FB0E0D00 
 1648      01010101 
 1649              	.LASF24:
 1650 0000 626C696E 		.ascii	"blink\000"
 1650      6B00
 1651              	.LASF29:
 1652 0006 4C45445F 		.ascii	"LED_ClearDisplay\000"
 1652      436C6561 
 1652      72446973 
 1652      706C6179 
 1652      00
 1653              	.LASF32:
 1654 0017 4C45445F 		.ascii	"LED_Init\000"
 1654      496E6974 
 1654      00
 1655              	.LASF5:
 1656 0020 5F5F696E 		.ascii	"__int32_t\000"
 1656      7433325F 
 1656      7400
 1657              	.LASF23:
 1658 002a 72616E64 		.ascii	"random_4digit\000"
 1658      6F6D5F34 
ARM GAS  C:\Users\Tri94\AppData\Local\Temp\ccgQAKEk.s 			page 33


 1658      64696769 
 1658      7400
 1659              	.LASF34:
 1660 0038 6E53575F 		.ascii	"nSW_Read\000"
 1660      52656164 
 1660      00
 1661              	.LASF14:
 1662 0041 646F7562 		.ascii	"double\000"
 1662      6C6500
 1663              	.LASF19:
 1664 0048 6E756D62 		.ascii	"numbers\000"
 1664      65727300 
 1665              	.LASF27:
 1666 0050 63757253 		.ascii	"curState\000"
 1666      74617465 
 1666      00
 1667              	.LASF13:
 1668 0059 666C6F61 		.ascii	"float\000"
 1668      7400
 1669              	.LASF1:
 1670 005f 756E7369 		.ascii	"unsigned char\000"
 1670      676E6564 
 1670      20636861 
 1670      7200
 1671              	.LASF35:
 1672 006d 474E5520 		.ascii	"GNU C11 5.4.1 20160609 (release) [ARM/embedded-5-br"
 1672      43313120 
 1672      352E342E 
 1672      31203230 
 1672      31363036 
 1673 00a0 616E6368 		.ascii	"anch revision 237715] -mcpu=cortex-m3 -mthumb -g -O"
 1673      20726576 
 1673      6973696F 
 1673      6E203233 
 1673      37373135 
 1674 00d3 67202D66 		.ascii	"g -ffunction-sections -ffat-lto-objects\000"
 1674      66756E63 
 1674      74696F6E 
 1674      2D736563 
 1674      74696F6E 
 1675              	.LASF20:
 1676 00fb 63686563 		.ascii	"check_victory\000"
 1676      6B5F7669 
 1676      63746F72 
 1676      7900
 1677              	.LASF37:
 1678 0109 433A5C55 		.ascii	"C:\\Users\\Tri94\\Documents\\PSoC Creator\\EE4450\\"
 1678      73657273 
 1678      5C547269 
 1678      39345C44 
 1678      6F63756D 
 1679 0136 4C65645F 		.ascii	"Led_Display_Extra_Credit.cydsn\000"
 1679      44697370 
 1679      6C61795F 
 1679      45787472 
 1679      615F4372 
 1680              	.LASF3:
ARM GAS  C:\Users\Tri94\AppData\Local\Temp\ccgQAKEk.s 			page 34


 1681 0155 73686F72 		.ascii	"short unsigned int\000"
 1681      7420756E 
 1681      7369676E 
 1681      65642069 
 1681      6E7400
 1682              	.LASF39:
 1683 0168 49544D5F 		.ascii	"ITM_RxBuffer\000"
 1683      52784275 
 1683      66666572 
 1683      00
 1684              	.LASF4:
 1685 0175 5F5F7569 		.ascii	"__uint16_t\000"
 1685      6E743136 
 1685      5F7400
 1686              	.LASF7:
 1687 0180 6C6F6E67 		.ascii	"long unsigned int\000"
 1687      20756E73 
 1687      69676E65 
 1687      6420696E 
 1687      7400
 1688              	.LASF38:
 1689 0192 6D61696E 		.ascii	"main\000"
 1689      00
 1690              	.LASF10:
 1691 0197 756E7369 		.ascii	"unsigned int\000"
 1691      676E6564 
 1691      20696E74 
 1691      00
 1692              	.LASF9:
 1693 01a4 6C6F6E67 		.ascii	"long long unsigned int\000"
 1693      206C6F6E 
 1693      6720756E 
 1693      7369676E 
 1693      65642069 
 1694              	.LASF25:
 1695 01bb 6E756D62 		.ascii	"number\000"
 1695      657200
 1696              	.LASF12:
 1697 01c2 696E7433 		.ascii	"int32_t\000"
 1697      325F7400 
 1698              	.LASF16:
 1699 01ca 73697A65 		.ascii	"sizetype\000"
 1699      74797065 
 1699      00
 1700              	.LASF8:
 1701 01d3 6C6F6E67 		.ascii	"long long int\000"
 1701      206C6F6E 
 1701      6720696E 
 1701      7400
 1702              	.LASF36:
 1703 01e1 6D61696E 		.ascii	"main.c\000"
 1703      2E6300
 1704              	.LASF15:
 1705 01e8 63686172 		.ascii	"char\000"
 1705      00
 1706              	.LASF18:
 1707 01ed 64696769 		.ascii	"digits\000"
ARM GAS  C:\Users\Tri94\AppData\Local\Temp\ccgQAKEk.s 			page 35


 1707      747300
 1708              	.LASF21:
 1709 01f4 636F756E 		.ascii	"count\000"
 1709      7400
 1710              	.LASF33:
 1711 01fa 4C45445F 		.ascii	"LED_Enable\000"
 1711      456E6162 
 1711      6C6500
 1712              	.LASF2:
 1713 0205 73686F72 		.ascii	"short int\000"
 1713      7420696E 
 1713      7400
 1714              	.LASF26:
 1715 020f 70726553 		.ascii	"preState\000"
 1715      74617465 
 1715      00
 1716              	.LASF11:
 1717 0218 75696E74 		.ascii	"uint16_t\000"
 1717      31365F74 
 1717      00
 1718              	.LASF6:
 1719 0221 6C6F6E67 		.ascii	"long int\000"
 1719      20696E74 
 1719      00
 1720              	.LASF17:
 1721 022a 6C6F6E67 		.ascii	"long double\000"
 1721      20646F75 
 1721      626C6500 
 1722              	.LASF0:
 1723 0236 7369676E 		.ascii	"signed char\000"
 1723      65642063 
 1723      68617200 
 1724              	.LASF31:
 1725 0242 4C45445F 		.ascii	"LED_Write7SegNumberDec\000"
 1725      57726974 
 1725      65375365 
 1725      674E756D 
 1725      62657244 
 1726              	.LASF22:
 1727 0259 5F426F6F 		.ascii	"_Bool\000"
 1727      6C00
 1728              	.LASF30:
 1729 025f 43794465 		.ascii	"CyDelay\000"
 1729      6C617900 
 1730              	.LASF28:
 1731 0267 72616E64 		.ascii	"rand\000"
 1731      00
 1732              		.ident	"GCC: (GNU Tools for ARM Embedded Processors) 5.4.1 20160609 (release) [ARM/embedded-5-bran
