ARM GAS  C:\Users\Tri94\AppData\Local\Temp\ccgpAIao.s 			page 1


   1              		.syntax unified
   2              		.cpu cortex-m3
   3              		.fpu softvfp
   4              		.eabi_attribute 20, 1
   5              		.eabi_attribute 21, 1
   6              		.eabi_attribute 23, 3
   7              		.eabi_attribute 24, 1
   8              		.eabi_attribute 25, 1
   9              		.eabi_attribute 26, 1
  10              		.eabi_attribute 30, 1
  11              		.eabi_attribute 34, 1
  12              		.eabi_attribute 18, 4
  13              		.thumb
  14              		.syntax unified
  15              		.file	"main.c"
  16              		.text
  17              	.Ltext0:
  18              		.cfi_sections	.debug_frame
  19              		.section	.text.main,"ax",%progbits
  20              		.align	2
  21              		.global	main
  22              		.thumb
  23              		.thumb_func
  24              		.type	main, %function
  25              	main:
  26              	.LFB64:
  27              		.file 1 "main.c"
   1:main.c        **** /* ========================================
   2:main.c        ****  *
   3:main.c        ****  * Copyright YOUR COMPANY, THE YEAR
   4:main.c        ****  * All Rights Reserved
   5:main.c        ****  * UNPUBLISHED, LICENSED SOFTWARE.
   6:main.c        ****  *
   7:main.c        ****  * CONFIDENTIAL AND PROPRIETARY INFORMATION
   8:main.c        ****  * WHICH IS THE PROPERTY OF your company.
   9:main.c        ****  *
  10:main.c        ****  * ========================================
  11:main.c        **** */
  12:main.c        **** #include "project.h"
  13:main.c        **** #include <stdio.h>
  14:main.c        **** #include <stdlib.h>
  15:main.c        **** #include <stdint.h>
  16:main.c        **** #include <stdbool.h>
  17:main.c        **** 
  18:main.c        **** 
  19:main.c        **** char auth[] = "htWD8znEJsrgIpZZI8atoZixwlOv1_Y7";
  20:main.c        **** 	
  21:main.c        **** 
  22:main.c        **** 
  23:main.c        **** 
  24:main.c        **** int main()
  25:main.c        **** {
  28              		.loc 1 25 0
  29              		.cfi_startproc
  30              		@ args = 0, pretend = 0, frame = 0
  31              		@ frame_needed = 0, uses_anonymous_args = 0
  32 0000 10B5     		push	{r4, lr}
ARM GAS  C:\Users\Tri94\AppData\Local\Temp\ccgpAIao.s 			page 2


  33              		.cfi_def_cfa_offset 8
  34              		.cfi_offset 4, -8
  35              		.cfi_offset 14, -4
  26:main.c        ****     CyGlobalIntEnable;
  36              		.loc 1 26 0
  37              		.syntax unified
  38              	@ 26 "main.c" 1
  39 0002 62B6     		CPSIE   i
  40              	@ 0 "" 2
  27:main.c        ****     UART_Start();
  41              		.loc 1 27 0
  42              		.thumb
  43              		.syntax unified
  44 0004 FFF7FEFF 		bl	UART_Start
  45              	.LVL0:
  28:main.c        ****     UARTB_Start();
  46              		.loc 1 28 0
  47 0008 FFF7FEFF 		bl	UARTB_Start
  48              	.LVL1:
  29:main.c        ****     UART_PutString("Start\r\n");
  49              		.loc 1 29 0
  50 000c 0748     		ldr	r0, .L4
  51 000e FFF7FEFF 		bl	UART_PutString
  52              	.LVL2:
  53              	.L2:
  30:main.c        ****     /*
  31:main.c        ****     UART_PutString("Test\r\n");
  32:main.c        ****     CyDelay(1000);
  33:main.c        ****     UARTB_PutString("AT+NAME?\r\n");
  34:main.c        ****     CyDelay(1000);
  35:main.c        ****     buf_size = UARTB_GetRxBufferSize();
  36:main.c        ****     sprintf(buf2, "Size: %d", buf_size);
  37:main.c        ****     UART_PutString(buf2);
  38:main.c        ****     
  39:main.c        ****     for(int i = 0; i < buf_size;i++){
  40:main.c        ****         buf[i] = UARTB_GetChar();
  41:main.c        ****     }
  42:main.c        ****     CyDelay(1000);
  43:main.c        **** 
  44:main.c        ****     UART_PutString(buf);
  45:main.c        ****     */
  46:main.c        ****     char ch;
  47:main.c        ****     for(;;)
  48:main.c        ****     {
  49:main.c        ****         ch = UART_GetChar();
  54              		.loc 1 49 0 discriminator 1
  55 0012 FFF7FEFF 		bl	UART_GetChar
  56              	.LVL3:
  57 0016 0446     		mov	r4, r0
  58              	.LVL4:
  50:main.c        ****         UART_PutChar(ch);
  59              		.loc 1 50 0 discriminator 1
  60 0018 FFF7FEFF 		bl	UART_PutChar
  61              	.LVL5:
  51:main.c        ****         UARTB_PutChar(ch);
  62              		.loc 1 51 0 discriminator 1
  63 001c 2046     		mov	r0, r4
ARM GAS  C:\Users\Tri94\AppData\Local\Temp\ccgpAIao.s 			page 3


  64 001e FFF7FEFF 		bl	UARTB_PutChar
  65              	.LVL6:
  52:main.c        ****         CyDelay(10);
  66              		.loc 1 52 0 discriminator 1
  67 0022 0A20     		movs	r0, #10
  68 0024 FFF7FEFF 		bl	CyDelay
  69              	.LVL7:
  70 0028 F3E7     		b	.L2
  71              	.L5:
  72 002a 00BF     		.align	2
  73              	.L4:
  74 002c 00000000 		.word	.LC0
  75              		.cfi_endproc
  76              	.LFE64:
  77              		.size	main, .-main
  78              		.global	auth
  79              		.data
  80              		.align	2
  81              		.type	auth, %object
  82              		.size	auth, 33
  83              	auth:
  84 0000 68745744 		.ascii	"htWD8znEJsrgIpZZI8atoZixwlOv1_Y7\000"
  84      387A6E45 
  84      4A737267 
  84      49705A5A 
  84      49386174 
  85              		.section	.rodata.str1.4,"aMS",%progbits,1
  86              		.align	2
  87              	.LC0:
  88 0000 53746172 		.ascii	"Start\015\012\000"
  88      740D0A00 
  89              		.text
  90              	.Letext0:
  91              		.file 2 "c:\\program files (x86)\\cypress\\psoc creator\\4.2\\psoc creator\\import\\gnu\\arm\\5.4.
  92              		.file 3 "c:\\program files (x86)\\cypress\\psoc creator\\4.2\\psoc creator\\import\\gnu\\arm\\5.4.
  93              		.file 4 "Generated_Source\\PSoC5/core_cm3.h"
  94              		.file 5 "Generated_Source\\PSoC5/UART.h"
  95              		.file 6 "Generated_Source\\PSoC5/UARTB.h"
  96              		.file 7 "Generated_Source\\PSoC5/CyLib.h"
  97              		.section	.debug_info,"",%progbits
  98              	.Ldebug_info0:
  99 0000 AF010000 		.4byte	0x1af
 100 0004 0400     		.2byte	0x4
 101 0006 00000000 		.4byte	.Ldebug_abbrev0
 102 000a 04       		.byte	0x4
 103 000b 01       		.uleb128 0x1
 104 000c 1E000000 		.4byte	.LASF25
 105 0010 0C       		.byte	0xc
 106 0011 64010000 		.4byte	.LASF26
 107 0015 7D010000 		.4byte	.LASF27
 108 0019 00000000 		.4byte	.Ldebug_ranges0+0
 109 001d 00000000 		.4byte	0
 110 0021 00000000 		.4byte	.Ldebug_line0
 111 0025 02       		.uleb128 0x2
 112 0026 01       		.byte	0x1
 113 0027 06       		.byte	0x6
 114 0028 EF010000 		.4byte	.LASF0
ARM GAS  C:\Users\Tri94\AppData\Local\Temp\ccgpAIao.s 			page 4


 115 002c 02       		.uleb128 0x2
 116 002d 01       		.byte	0x1
 117 002e 08       		.byte	0x8
 118 002f 10000000 		.4byte	.LASF1
 119 0033 02       		.uleb128 0x2
 120 0034 02       		.byte	0x2
 121 0035 05       		.byte	0x5
 122 0036 D0010000 		.4byte	.LASF2
 123 003a 02       		.uleb128 0x2
 124 003b 02       		.byte	0x2
 125 003c 07       		.byte	0x7
 126 003d BE000000 		.4byte	.LASF3
 127 0041 03       		.uleb128 0x3
 128 0042 00000000 		.4byte	.LASF9
 129 0046 02       		.byte	0x2
 130 0047 3F       		.byte	0x3f
 131 0048 4C000000 		.4byte	0x4c
 132 004c 02       		.uleb128 0x2
 133 004d 04       		.byte	0x4
 134 004e 05       		.byte	0x5
 135 004f DA010000 		.4byte	.LASF4
 136 0053 02       		.uleb128 0x2
 137 0054 04       		.byte	0x4
 138 0055 07       		.byte	0x7
 139 0056 AC000000 		.4byte	.LASF5
 140 005a 02       		.uleb128 0x2
 141 005b 08       		.byte	0x8
 142 005c 05       		.byte	0x5
 143 005d 56010000 		.4byte	.LASF6
 144 0061 02       		.uleb128 0x2
 145 0062 08       		.byte	0x8
 146 0063 07       		.byte	0x7
 147 0064 1C010000 		.4byte	.LASF7
 148 0068 04       		.uleb128 0x4
 149 0069 04       		.byte	0x4
 150 006a 05       		.byte	0x5
 151 006b 696E7400 		.ascii	"int\000"
 152 006f 02       		.uleb128 0x2
 153 0070 04       		.byte	0x4
 154 0071 07       		.byte	0x7
 155 0072 0F010000 		.4byte	.LASF8
 156 0076 03       		.uleb128 0x3
 157 0077 38010000 		.4byte	.LASF10
 158 007b 03       		.byte	0x3
 159 007c 2C       		.byte	0x2c
 160 007d 41000000 		.4byte	0x41
 161 0081 02       		.uleb128 0x2
 162 0082 04       		.byte	0x4
 163 0083 04       		.byte	0x4
 164 0084 0A000000 		.4byte	.LASF11
 165 0088 02       		.uleb128 0x2
 166 0089 08       		.byte	0x8
 167 008a 04       		.byte	0x4
 168 008b 03010000 		.4byte	.LASF12
 169 008f 02       		.uleb128 0x2
 170 0090 01       		.byte	0x1
 171 0091 08       		.byte	0x8
ARM GAS  C:\Users\Tri94\AppData\Local\Temp\ccgpAIao.s 			page 5


 172 0092 6B010000 		.4byte	.LASF13
 173 0096 02       		.uleb128 0x2
 174 0097 08       		.byte	0x8
 175 0098 04       		.byte	0x4
 176 0099 E3010000 		.4byte	.LASF14
 177 009d 02       		.uleb128 0x2
 178 009e 04       		.byte	0x4
 179 009f 07       		.byte	0x7
 180 00a0 4D010000 		.4byte	.LASF15
 181 00a4 05       		.uleb128 0x5
 182 00a5 0A010000 		.4byte	.LASF28
 183 00a9 01       		.byte	0x1
 184 00aa 18       		.byte	0x18
 185 00ab 68000000 		.4byte	0x68
 186 00af 00000000 		.4byte	.LFB64
 187 00b3 30000000 		.4byte	.LFE64-.LFB64
 188 00b7 01       		.uleb128 0x1
 189 00b8 9C       		.byte	0x9c
 190 00b9 33010000 		.4byte	0x133
 191 00bd 06       		.uleb128 0x6
 192 00be 636800   		.ascii	"ch\000"
 193 00c1 01       		.byte	0x1
 194 00c2 2E       		.byte	0x2e
 195 00c3 8F000000 		.4byte	0x8f
 196 00c7 01       		.uleb128 0x1
 197 00c8 54       		.byte	0x54
 198 00c9 07       		.uleb128 0x7
 199 00ca 08000000 		.4byte	.LVL0
 200 00ce 65010000 		.4byte	0x165
 201 00d2 07       		.uleb128 0x7
 202 00d3 0C000000 		.4byte	.LVL1
 203 00d7 70010000 		.4byte	0x170
 204 00db 08       		.uleb128 0x8
 205 00dc 12000000 		.4byte	.LVL2
 206 00e0 7B010000 		.4byte	0x17b
 207 00e4 F2000000 		.4byte	0xf2
 208 00e8 09       		.uleb128 0x9
 209 00e9 01       		.uleb128 0x1
 210 00ea 50       		.byte	0x50
 211 00eb 05       		.uleb128 0x5
 212 00ec 03       		.byte	0x3
 213 00ed 00000000 		.4byte	.LC0
 214 00f1 00       		.byte	0
 215 00f2 07       		.uleb128 0x7
 216 00f3 16000000 		.4byte	.LVL3
 217 00f7 86010000 		.4byte	0x186
 218 00fb 08       		.uleb128 0x8
 219 00fc 1C000000 		.4byte	.LVL5
 220 0100 91010000 		.4byte	0x191
 221 0104 0F010000 		.4byte	0x10f
 222 0108 09       		.uleb128 0x9
 223 0109 01       		.uleb128 0x1
 224 010a 50       		.byte	0x50
 225 010b 02       		.uleb128 0x2
 226 010c 74       		.byte	0x74
 227 010d 00       		.sleb128 0
 228 010e 00       		.byte	0
ARM GAS  C:\Users\Tri94\AppData\Local\Temp\ccgpAIao.s 			page 6


 229 010f 08       		.uleb128 0x8
 230 0110 22000000 		.4byte	.LVL6
 231 0114 9C010000 		.4byte	0x19c
 232 0118 23010000 		.4byte	0x123
 233 011c 09       		.uleb128 0x9
 234 011d 01       		.uleb128 0x1
 235 011e 50       		.byte	0x50
 236 011f 02       		.uleb128 0x2
 237 0120 74       		.byte	0x74
 238 0121 00       		.sleb128 0
 239 0122 00       		.byte	0
 240 0123 0A       		.uleb128 0xa
 241 0124 28000000 		.4byte	.LVL7
 242 0128 A7010000 		.4byte	0x1a7
 243 012c 09       		.uleb128 0x9
 244 012d 01       		.uleb128 0x1
 245 012e 50       		.byte	0x50
 246 012f 01       		.uleb128 0x1
 247 0130 3A       		.byte	0x3a
 248 0131 00       		.byte	0
 249 0132 00       		.byte	0
 250 0133 0B       		.uleb128 0xb
 251 0134 F6000000 		.4byte	.LASF16
 252 0138 04       		.byte	0x4
 253 0139 1207     		.2byte	0x712
 254 013b 3F010000 		.4byte	0x13f
 255 013f 0C       		.uleb128 0xc
 256 0140 76000000 		.4byte	0x76
 257 0144 0D       		.uleb128 0xd
 258 0145 8F000000 		.4byte	0x8f
 259 0149 54010000 		.4byte	0x154
 260 014d 0E       		.uleb128 0xe
 261 014e 9D000000 		.4byte	0x9d
 262 0152 20       		.byte	0x20
 263 0153 00       		.byte	0
 264 0154 0F       		.uleb128 0xf
 265 0155 33010000 		.4byte	.LASF17
 266 0159 01       		.byte	0x1
 267 015a 13       		.byte	0x13
 268 015b 44010000 		.4byte	0x144
 269 015f 05       		.uleb128 0x5
 270 0160 03       		.byte	0x3
 271 0161 00000000 		.4byte	auth
 272 0165 10       		.uleb128 0x10
 273 0166 D1000000 		.4byte	.LASF18
 274 016a D1000000 		.4byte	.LASF18
 275 016e 05       		.byte	0x5
 276 016f 54       		.byte	0x54
 277 0170 10       		.uleb128 0x10
 278 0171 DC000000 		.4byte	.LASF19
 279 0175 DC000000 		.4byte	.LASF19
 280 0179 06       		.byte	0x6
 281 017a 54       		.byte	0x54
 282 017b 10       		.uleb128 0x10
 283 017c FB010000 		.4byte	.LASF20
 284 0180 FB010000 		.4byte	.LASF20
 285 0184 05       		.byte	0x5
ARM GAS  C:\Users\Tri94\AppData\Local\Temp\ccgpAIao.s 			page 7


 286 0185 8B       		.byte	0x8b
 287 0186 10       		.uleb128 0x10
 288 0187 70010000 		.4byte	.LASF21
 289 018b 70010000 		.4byte	.LASF21
 290 018f 05       		.byte	0x5
 291 0190 71       		.byte	0x71
 292 0191 10       		.uleb128 0x10
 293 0192 40010000 		.4byte	.LASF22
 294 0196 40010000 		.4byte	.LASF22
 295 019a 05       		.byte	0x5
 296 019b 8A       		.byte	0x8a
 297 019c 10       		.uleb128 0x10
 298 019d E8000000 		.4byte	.LASF23
 299 01a1 E8000000 		.4byte	.LASF23
 300 01a5 06       		.byte	0x6
 301 01a6 8A       		.byte	0x8a
 302 01a7 10       		.uleb128 0x10
 303 01a8 0A020000 		.4byte	.LASF24
 304 01ac 0A020000 		.4byte	.LASF24
 305 01b0 07       		.byte	0x7
 306 01b1 76       		.byte	0x76
 307 01b2 00       		.byte	0
 308              		.section	.debug_abbrev,"",%progbits
 309              	.Ldebug_abbrev0:
 310 0000 01       		.uleb128 0x1
 311 0001 11       		.uleb128 0x11
 312 0002 01       		.byte	0x1
 313 0003 25       		.uleb128 0x25
 314 0004 0E       		.uleb128 0xe
 315 0005 13       		.uleb128 0x13
 316 0006 0B       		.uleb128 0xb
 317 0007 03       		.uleb128 0x3
 318 0008 0E       		.uleb128 0xe
 319 0009 1B       		.uleb128 0x1b
 320 000a 0E       		.uleb128 0xe
 321 000b 55       		.uleb128 0x55
 322 000c 17       		.uleb128 0x17
 323 000d 11       		.uleb128 0x11
 324 000e 01       		.uleb128 0x1
 325 000f 10       		.uleb128 0x10
 326 0010 17       		.uleb128 0x17
 327 0011 00       		.byte	0
 328 0012 00       		.byte	0
 329 0013 02       		.uleb128 0x2
 330 0014 24       		.uleb128 0x24
 331 0015 00       		.byte	0
 332 0016 0B       		.uleb128 0xb
 333 0017 0B       		.uleb128 0xb
 334 0018 3E       		.uleb128 0x3e
 335 0019 0B       		.uleb128 0xb
 336 001a 03       		.uleb128 0x3
 337 001b 0E       		.uleb128 0xe
 338 001c 00       		.byte	0
 339 001d 00       		.byte	0
 340 001e 03       		.uleb128 0x3
 341 001f 16       		.uleb128 0x16
 342 0020 00       		.byte	0
ARM GAS  C:\Users\Tri94\AppData\Local\Temp\ccgpAIao.s 			page 8


 343 0021 03       		.uleb128 0x3
 344 0022 0E       		.uleb128 0xe
 345 0023 3A       		.uleb128 0x3a
 346 0024 0B       		.uleb128 0xb
 347 0025 3B       		.uleb128 0x3b
 348 0026 0B       		.uleb128 0xb
 349 0027 49       		.uleb128 0x49
 350 0028 13       		.uleb128 0x13
 351 0029 00       		.byte	0
 352 002a 00       		.byte	0
 353 002b 04       		.uleb128 0x4
 354 002c 24       		.uleb128 0x24
 355 002d 00       		.byte	0
 356 002e 0B       		.uleb128 0xb
 357 002f 0B       		.uleb128 0xb
 358 0030 3E       		.uleb128 0x3e
 359 0031 0B       		.uleb128 0xb
 360 0032 03       		.uleb128 0x3
 361 0033 08       		.uleb128 0x8
 362 0034 00       		.byte	0
 363 0035 00       		.byte	0
 364 0036 05       		.uleb128 0x5
 365 0037 2E       		.uleb128 0x2e
 366 0038 01       		.byte	0x1
 367 0039 3F       		.uleb128 0x3f
 368 003a 19       		.uleb128 0x19
 369 003b 03       		.uleb128 0x3
 370 003c 0E       		.uleb128 0xe
 371 003d 3A       		.uleb128 0x3a
 372 003e 0B       		.uleb128 0xb
 373 003f 3B       		.uleb128 0x3b
 374 0040 0B       		.uleb128 0xb
 375 0041 49       		.uleb128 0x49
 376 0042 13       		.uleb128 0x13
 377 0043 8701     		.uleb128 0x87
 378 0045 19       		.uleb128 0x19
 379 0046 11       		.uleb128 0x11
 380 0047 01       		.uleb128 0x1
 381 0048 12       		.uleb128 0x12
 382 0049 06       		.uleb128 0x6
 383 004a 40       		.uleb128 0x40
 384 004b 18       		.uleb128 0x18
 385 004c 9742     		.uleb128 0x2117
 386 004e 19       		.uleb128 0x19
 387 004f 01       		.uleb128 0x1
 388 0050 13       		.uleb128 0x13
 389 0051 00       		.byte	0
 390 0052 00       		.byte	0
 391 0053 06       		.uleb128 0x6
 392 0054 34       		.uleb128 0x34
 393 0055 00       		.byte	0
 394 0056 03       		.uleb128 0x3
 395 0057 08       		.uleb128 0x8
 396 0058 3A       		.uleb128 0x3a
 397 0059 0B       		.uleb128 0xb
 398 005a 3B       		.uleb128 0x3b
 399 005b 0B       		.uleb128 0xb
ARM GAS  C:\Users\Tri94\AppData\Local\Temp\ccgpAIao.s 			page 9


 400 005c 49       		.uleb128 0x49
 401 005d 13       		.uleb128 0x13
 402 005e 02       		.uleb128 0x2
 403 005f 18       		.uleb128 0x18
 404 0060 00       		.byte	0
 405 0061 00       		.byte	0
 406 0062 07       		.uleb128 0x7
 407 0063 898201   		.uleb128 0x4109
 408 0066 00       		.byte	0
 409 0067 11       		.uleb128 0x11
 410 0068 01       		.uleb128 0x1
 411 0069 31       		.uleb128 0x31
 412 006a 13       		.uleb128 0x13
 413 006b 00       		.byte	0
 414 006c 00       		.byte	0
 415 006d 08       		.uleb128 0x8
 416 006e 898201   		.uleb128 0x4109
 417 0071 01       		.byte	0x1
 418 0072 11       		.uleb128 0x11
 419 0073 01       		.uleb128 0x1
 420 0074 31       		.uleb128 0x31
 421 0075 13       		.uleb128 0x13
 422 0076 01       		.uleb128 0x1
 423 0077 13       		.uleb128 0x13
 424 0078 00       		.byte	0
 425 0079 00       		.byte	0
 426 007a 09       		.uleb128 0x9
 427 007b 8A8201   		.uleb128 0x410a
 428 007e 00       		.byte	0
 429 007f 02       		.uleb128 0x2
 430 0080 18       		.uleb128 0x18
 431 0081 9142     		.uleb128 0x2111
 432 0083 18       		.uleb128 0x18
 433 0084 00       		.byte	0
 434 0085 00       		.byte	0
 435 0086 0A       		.uleb128 0xa
 436 0087 898201   		.uleb128 0x4109
 437 008a 01       		.byte	0x1
 438 008b 11       		.uleb128 0x11
 439 008c 01       		.uleb128 0x1
 440 008d 31       		.uleb128 0x31
 441 008e 13       		.uleb128 0x13
 442 008f 00       		.byte	0
 443 0090 00       		.byte	0
 444 0091 0B       		.uleb128 0xb
 445 0092 34       		.uleb128 0x34
 446 0093 00       		.byte	0
 447 0094 03       		.uleb128 0x3
 448 0095 0E       		.uleb128 0xe
 449 0096 3A       		.uleb128 0x3a
 450 0097 0B       		.uleb128 0xb
 451 0098 3B       		.uleb128 0x3b
 452 0099 05       		.uleb128 0x5
 453 009a 49       		.uleb128 0x49
 454 009b 13       		.uleb128 0x13
 455 009c 3F       		.uleb128 0x3f
 456 009d 19       		.uleb128 0x19
ARM GAS  C:\Users\Tri94\AppData\Local\Temp\ccgpAIao.s 			page 10


 457 009e 3C       		.uleb128 0x3c
 458 009f 19       		.uleb128 0x19
 459 00a0 00       		.byte	0
 460 00a1 00       		.byte	0
 461 00a2 0C       		.uleb128 0xc
 462 00a3 35       		.uleb128 0x35
 463 00a4 00       		.byte	0
 464 00a5 49       		.uleb128 0x49
 465 00a6 13       		.uleb128 0x13
 466 00a7 00       		.byte	0
 467 00a8 00       		.byte	0
 468 00a9 0D       		.uleb128 0xd
 469 00aa 01       		.uleb128 0x1
 470 00ab 01       		.byte	0x1
 471 00ac 49       		.uleb128 0x49
 472 00ad 13       		.uleb128 0x13
 473 00ae 01       		.uleb128 0x1
 474 00af 13       		.uleb128 0x13
 475 00b0 00       		.byte	0
 476 00b1 00       		.byte	0
 477 00b2 0E       		.uleb128 0xe
 478 00b3 21       		.uleb128 0x21
 479 00b4 00       		.byte	0
 480 00b5 49       		.uleb128 0x49
 481 00b6 13       		.uleb128 0x13
 482 00b7 2F       		.uleb128 0x2f
 483 00b8 0B       		.uleb128 0xb
 484 00b9 00       		.byte	0
 485 00ba 00       		.byte	0
 486 00bb 0F       		.uleb128 0xf
 487 00bc 34       		.uleb128 0x34
 488 00bd 00       		.byte	0
 489 00be 03       		.uleb128 0x3
 490 00bf 0E       		.uleb128 0xe
 491 00c0 3A       		.uleb128 0x3a
 492 00c1 0B       		.uleb128 0xb
 493 00c2 3B       		.uleb128 0x3b
 494 00c3 0B       		.uleb128 0xb
 495 00c4 49       		.uleb128 0x49
 496 00c5 13       		.uleb128 0x13
 497 00c6 3F       		.uleb128 0x3f
 498 00c7 19       		.uleb128 0x19
 499 00c8 02       		.uleb128 0x2
 500 00c9 18       		.uleb128 0x18
 501 00ca 00       		.byte	0
 502 00cb 00       		.byte	0
 503 00cc 10       		.uleb128 0x10
 504 00cd 2E       		.uleb128 0x2e
 505 00ce 00       		.byte	0
 506 00cf 3F       		.uleb128 0x3f
 507 00d0 19       		.uleb128 0x19
 508 00d1 3C       		.uleb128 0x3c
 509 00d2 19       		.uleb128 0x19
 510 00d3 6E       		.uleb128 0x6e
 511 00d4 0E       		.uleb128 0xe
 512 00d5 03       		.uleb128 0x3
 513 00d6 0E       		.uleb128 0xe
ARM GAS  C:\Users\Tri94\AppData\Local\Temp\ccgpAIao.s 			page 11


 514 00d7 3A       		.uleb128 0x3a
 515 00d8 0B       		.uleb128 0xb
 516 00d9 3B       		.uleb128 0x3b
 517 00da 0B       		.uleb128 0xb
 518 00db 00       		.byte	0
 519 00dc 00       		.byte	0
 520 00dd 00       		.byte	0
 521              		.section	.debug_aranges,"",%progbits
 522 0000 1C000000 		.4byte	0x1c
 523 0004 0200     		.2byte	0x2
 524 0006 00000000 		.4byte	.Ldebug_info0
 525 000a 04       		.byte	0x4
 526 000b 00       		.byte	0
 527 000c 0000     		.2byte	0
 528 000e 0000     		.2byte	0
 529 0010 00000000 		.4byte	.LFB64
 530 0014 30000000 		.4byte	.LFE64-.LFB64
 531 0018 00000000 		.4byte	0
 532 001c 00000000 		.4byte	0
 533              		.section	.debug_ranges,"",%progbits
 534              	.Ldebug_ranges0:
 535 0000 00000000 		.4byte	.LFB64
 536 0004 30000000 		.4byte	.LFE64
 537 0008 00000000 		.4byte	0
 538 000c 00000000 		.4byte	0
 539              		.section	.debug_line,"",%progbits
 540              	.Ldebug_line0:
 541 0000 8E010000 		.section	.debug_str,"MS",%progbits,1
 541      02005F01 
 541      00000201 
 541      FB0E0D00 
 541      01010101 
 542              	.LASF9:
 543 0000 5F5F696E 		.ascii	"__int32_t\000"
 543      7433325F 
 543      7400
 544              	.LASF11:
 545 000a 666C6F61 		.ascii	"float\000"
 545      7400
 546              	.LASF1:
 547 0010 756E7369 		.ascii	"unsigned char\000"
 547      676E6564 
 547      20636861 
 547      7200
 548              	.LASF25:
 549 001e 474E5520 		.ascii	"GNU C11 5.4.1 20160609 (release) [ARM/embedded-5-br"
 549      43313120 
 549      352E342E 
 549      31203230 
 549      31363036 
 550 0051 616E6368 		.ascii	"anch revision 237715] -mcpu=cortex-m3 -mthumb -g -O"
 550      20726576 
 550      6973696F 
 550      6E203233 
 550      37373135 
 551 0084 67202D66 		.ascii	"g -ffunction-sections -ffat-lto-objects\000"
 551      66756E63 
ARM GAS  C:\Users\Tri94\AppData\Local\Temp\ccgpAIao.s 			page 12


 551      74696F6E 
 551      2D736563 
 551      74696F6E 
 552              	.LASF5:
 553 00ac 6C6F6E67 		.ascii	"long unsigned int\000"
 553      20756E73 
 553      69676E65 
 553      6420696E 
 553      7400
 554              	.LASF3:
 555 00be 73686F72 		.ascii	"short unsigned int\000"
 555      7420756E 
 555      7369676E 
 555      65642069 
 555      6E7400
 556              	.LASF18:
 557 00d1 55415254 		.ascii	"UART_Start\000"
 557      5F537461 
 557      727400
 558              	.LASF19:
 559 00dc 55415254 		.ascii	"UARTB_Start\000"
 559      425F5374 
 559      61727400 
 560              	.LASF23:
 561 00e8 55415254 		.ascii	"UARTB_PutChar\000"
 561      425F5075 
 561      74436861 
 561      7200
 562              	.LASF16:
 563 00f6 49544D5F 		.ascii	"ITM_RxBuffer\000"
 563      52784275 
 563      66666572 
 563      00
 564              	.LASF12:
 565 0103 646F7562 		.ascii	"double\000"
 565      6C6500
 566              	.LASF28:
 567 010a 6D61696E 		.ascii	"main\000"
 567      00
 568              	.LASF8:
 569 010f 756E7369 		.ascii	"unsigned int\000"
 569      676E6564 
 569      20696E74 
 569      00
 570              	.LASF7:
 571 011c 6C6F6E67 		.ascii	"long long unsigned int\000"
 571      206C6F6E 
 571      6720756E 
 571      7369676E 
 571      65642069 
 572              	.LASF17:
 573 0133 61757468 		.ascii	"auth\000"
 573      00
 574              	.LASF10:
 575 0138 696E7433 		.ascii	"int32_t\000"
 575      325F7400 
 576              	.LASF22:
ARM GAS  C:\Users\Tri94\AppData\Local\Temp\ccgpAIao.s 			page 13


 577 0140 55415254 		.ascii	"UART_PutChar\000"
 577      5F507574 
 577      43686172 
 577      00
 578              	.LASF15:
 579 014d 73697A65 		.ascii	"sizetype\000"
 579      74797065 
 579      00
 580              	.LASF6:
 581 0156 6C6F6E67 		.ascii	"long long int\000"
 581      206C6F6E 
 581      6720696E 
 581      7400
 582              	.LASF26:
 583 0164 6D61696E 		.ascii	"main.c\000"
 583      2E6300
 584              	.LASF13:
 585 016b 63686172 		.ascii	"char\000"
 585      00
 586              	.LASF21:
 587 0170 55415254 		.ascii	"UART_GetChar\000"
 587      5F476574 
 587      43686172 
 587      00
 588              	.LASF27:
 589 017d 433A5C55 		.ascii	"C:\\Users\\Tri94\\Documents\\PSoC Creator\\EE4450\\"
 589      73657273 
 589      5C547269 
 589      39345C44 
 589      6F63756D 
 590 01aa 45453434 		.ascii	"EE4450-Projects\\Project_Copy_01.cydsn\000"
 590      35302D50 
 590      726F6A65 
 590      6374735C 
 590      50726F6A 
 591              	.LASF2:
 592 01d0 73686F72 		.ascii	"short int\000"
 592      7420696E 
 592      7400
 593              	.LASF4:
 594 01da 6C6F6E67 		.ascii	"long int\000"
 594      20696E74 
 594      00
 595              	.LASF14:
 596 01e3 6C6F6E67 		.ascii	"long double\000"
 596      20646F75 
 596      626C6500 
 597              	.LASF0:
 598 01ef 7369676E 		.ascii	"signed char\000"
 598      65642063 
 598      68617200 
 599              	.LASF20:
 600 01fb 55415254 		.ascii	"UART_PutString\000"
 600      5F507574 
 600      53747269 
 600      6E6700
 601              	.LASF24:
ARM GAS  C:\Users\Tri94\AppData\Local\Temp\ccgpAIao.s 			page 14


 602 020a 43794465 		.ascii	"CyDelay\000"
 602      6C617900 
 603              		.ident	"GCC: (GNU Tools for ARM Embedded Processors) 5.4.1 20160609 (release) [ARM/embedded-5-bran
