ARM GAS  C:\Users\Tri94\AppData\Local\Temp\cc3Ytyvc.s 			page 1


   1              		.syntax unified
   2              		.cpu cortex-m3
   3              		.fpu softvfp
   4              		.eabi_attribute 20, 1
   5              		.eabi_attribute 21, 1
   6              		.eabi_attribute 23, 3
   7              		.eabi_attribute 24, 1
   8              		.eabi_attribute 25, 1
   9              		.eabi_attribute 26, 1
  10              		.eabi_attribute 30, 1
  11              		.eabi_attribute 34, 1
  12              		.eabi_attribute 18, 4
  13              		.thumb
  14              		.syntax unified
  15              		.file	"main.c"
  16              		.text
  17              	.Ltext0:
  18              		.cfi_sections	.debug_frame
  19              		.section	.text.vAppTask1,"ax",%progbits
  20              		.align	2
  21              		.global	vAppTask1
  22              		.thumb
  23              		.thumb_func
  24              		.type	vAppTask1, %function
  25              	vAppTask1:
  26              	.LFB71:
  27              		.file 1 "main.c"
   1:main.c        **** /* ========================================
   2:main.c        ****  *
   3:main.c        ****  * Copyright YOUR COMPANY, THE YEAR
   4:main.c        ****  * All Rights Reserved
   5:main.c        ****  * UNPUBLISHED, LICENSED SOFTWARE.
   6:main.c        ****  *
   7:main.c        ****  * CONFIDENTIAL AND PROPRIETARY INFORMATION
   8:main.c        ****  * WHICH IS THE PROPERTY OF your company.
   9:main.c        ****  *
  10:main.c        ****  * ========================================
  11:main.c        **** */
  12:main.c        **** #include "project.h"
  13:main.c        **** #include <stdio.h>
  14:main.c        **** #include <stdlib.h>
  15:main.c        **** #include <stdint.h>
  16:main.c        **** #include <stdbool.h>
  17:main.c        **** 
  18:main.c        **** // ROTS Header Files
  19:main.c        **** #include "FreeRTOS_PSoC.h"
  20:main.c        **** #include "FreeRTOS.h"
  21:main.c        **** #include "task.h"
  22:main.c        **** #include "queue.h"
  23:main.c        **** #include "semphr.h"
  24:main.c        **** #include "timers.h"
  25:main.c        **** #include "event_groups.h"
  26:main.c        **** 
  27:main.c        **** // Your task function
  28:main.c        **** void vAppTask1(void *pvParaments);
  29:main.c        **** void vAppTask2(void *pvParaments);
  30:main.c        **** 
ARM GAS  C:\Users\Tri94\AppData\Local\Temp\cc3Ytyvc.s 			page 2


  31:main.c        **** void myPSoCSetup();
  32:main.c        **** 
  33:main.c        **** SemaphoreHandle_t xMutex_LCD;
  34:main.c        **** 
  35:main.c        **** int main(void)
  36:main.c        **** {
  37:main.c        ****     BaseType_t err;
  38:main.c        ****     
  39:main.c        ****     CyGlobalIntEnable; /* Enable global interrupts. */
  40:main.c        **** 
  41:main.c        ****     /* Place your initialization/startup code here (e.g. MyInst_Start()) */
  42:main.c        ****     FreeRTOS_Init();
  43:main.c        ****     myPSoCSetup();
  44:main.c        ****     
  45:main.c        ****     // Create Mutex
  46:main.c        ****     xMutex_LCD = xSemaphoreCreateMutex();
  47:main.c        ****     if (xMutex_LCD == NULL){
  48:main.c        ****         LCD_PrintString("Mutx Error!");
  49:main.c        ****         while(1);   // Stop system here
  50:main.c        ****     }
  51:main.c        ****     
  52:main.c        ****     // Create Task
  53:main.c        ****     err = xTaskCreate(vAppTask1,                    // Taskfunction_t pvTaskCode,
  54:main.c        ****                         "Task 1",                   // const char * const pcName,
  55:main.c        ****                         configMINIMAL_STACK_SIZE,   // unsigned short usStackDepth,
  56:main.c        ****                         NULL,                       // void *pvParameters,
  57:main.c        ****                         configMAX_PRIORITIES-1,     // UBaseType_t uxPriority,
  58:main.c        ****                         NULL);                      // TaskHandle_t *pxCreatedTask );
  59:main.c        ****     
  60:main.c        ****     if (err != pdPASS){
  61:main.c        ****         // Cannot create task!
  62:main.c        ****         while(1);
  63:main.c        ****     }
  64:main.c        ****     
  65:main.c        ****     err = xTaskCreate(vAppTask2,                    // Taskfunction_t pvTaskCode,
  66:main.c        ****                         "Task 2",                   // const char * const pcName,
  67:main.c        ****                         configMINIMAL_STACK_SIZE,   // unsigned short usStackDepth,
  68:main.c        ****                         NULL,                       // void *pvParameters,
  69:main.c        ****                         configMAX_PRIORITIES-1,     // UBaseType_t uxPriority,
  70:main.c        ****                         NULL);                      // TaskHandle_t *pxCreatedTask );
  71:main.c        ****     
  72:main.c        ****     if (err != pdPASS){
  73:main.c        ****         // Cannot create task!
  74:main.c        ****         while(1);
  75:main.c        ****     }
  76:main.c        ****     
  77:main.c        ****     // Start the scheduler, so the tasks start executing
  78:main.c        ****     vTaskStartScheduler();
  79:main.c        ****     
  80:main.c        ****     for(;;)
  81:main.c        ****     {
  82:main.c        ****         /* Place your application code here. */
  83:main.c        ****     }
  84:main.c        **** }
  85:main.c        **** 
  86:main.c        **** void myPSoCSetup(){
  87:main.c        ****     // Place your component's start code here
ARM GAS  C:\Users\Tri94\AppData\Local\Temp\cc3Ytyvc.s 			page 3


  88:main.c        ****     LCD_Start();
  89:main.c        ****     LCD_ClearDisplay();
  90:main.c        ****     
  91:main.c        **** }
  92:main.c        **** void vAppTask1(void *pvParaments){
  28              		.loc 1 92 0
  29              		.cfi_startproc
  30              		@ args = 0, pretend = 0, frame = 0
  31              		@ frame_needed = 0, uses_anonymous_args = 0
  32              	.LVL0:
  33 0000 10B5     		push	{r4, lr}
  34              		.cfi_def_cfa_offset 8
  35              		.cfi_offset 4, -8
  36              		.cfi_offset 14, -4
  37              	.LVL1:
  93:main.c        ****     
  94:main.c        ****     int i = 0;
  38              		.loc 1 94 0
  39 0002 0024     		movs	r4, #0
  95:main.c        ****     while( xSemaphoreTake(xMutex_LCD, 100 != pdPASS)){
  40              		.loc 1 95 0
  41 0004 15E0     		b	.L2
  42              	.LVL2:
  43              	.L4:
  96:main.c        ****         LCD_Position(0,0);
  44              		.loc 1 96 0
  45 0006 0021     		movs	r1, #0
  46 0008 0846     		mov	r0, r1
  47 000a FFF7FEFF 		bl	LCD_Position
  48              	.LVL3:
  97:main.c        ****         LCD_PrintInt16(i);
  49              		.loc 1 97 0
  50 000e A0B2     		uxth	r0, r4
  51 0010 FFF7FEFF 		bl	LCD_PrintInt16
  52              	.LVL4:
  98:main.c        ****         xSemaphoreGive(xMutex_LCD);
  53              		.loc 1 98 0
  54 0014 0023     		movs	r3, #0
  55 0016 1A46     		mov	r2, r3
  56 0018 1946     		mov	r1, r3
  57 001a 0A48     		ldr	r0, .L7
  58 001c 0068     		ldr	r0, [r0]
  59 001e FFF7FEFF 		bl	xQueueGenericSend
  60              	.LVL5:
  99:main.c        ****         i++;
  61              		.loc 1 99 0
  62 0022 0134     		adds	r4, r4, #1
  63              	.LVL6:
 100:main.c        ****         if (i > 100) i = 0;
  64              		.loc 1 100 0
  65 0024 642C     		cmp	r4, #100
  66 0026 00DD     		ble	.L3
  67 0028 0024     		movs	r4, #0
  68              	.LVL7:
  69              	.L3:
 101:main.c        ****         vTaskDelay(pdMS_TO_TICKS(500)); // Delay for 850 ms
  70              		.loc 1 101 0
ARM GAS  C:\Users\Tri94\AppData\Local\Temp\cc3Ytyvc.s 			page 4


  71 002a 4FF4FA70 		mov	r0, #500
  72 002e FFF7FEFF 		bl	vTaskDelay
  73              	.LVL8:
  74              	.L2:
  95:main.c        ****         LCD_Position(0,0);
  75              		.loc 1 95 0
  76 0032 0121     		movs	r1, #1
  77 0034 034B     		ldr	r3, .L7
  78 0036 1868     		ldr	r0, [r3]
  79 0038 FFF7FEFF 		bl	xQueueSemaphoreTake
  80              	.LVL9:
  81 003c 0028     		cmp	r0, #0
  82 003e E2D1     		bne	.L4
 102:main.c        ****     }
 103:main.c        **** }
  83              		.loc 1 103 0
  84 0040 10BD     		pop	{r4, pc}
  85              	.LVL10:
  86              	.L8:
  87 0042 00BF     		.align	2
  88              	.L7:
  89 0044 00000000 		.word	xMutex_LCD
  90              		.cfi_endproc
  91              	.LFE71:
  92              		.size	vAppTask1, .-vAppTask1
  93              		.section	.text.vAppTask2,"ax",%progbits
  94              		.align	2
  95              		.global	vAppTask2
  96              		.thumb
  97              		.thumb_func
  98              		.type	vAppTask2, %function
  99              	vAppTask2:
 100              	.LFB72:
 104:main.c        **** void vAppTask2(void *pvParaments){
 101              		.loc 1 104 0
 102              		.cfi_startproc
 103              		@ args = 0, pretend = 0, frame = 24
 104              		@ frame_needed = 0, uses_anonymous_args = 0
 105              	.LVL11:
 106 0000 30B5     		push	{r4, r5, lr}
 107              		.cfi_def_cfa_offset 12
 108              		.cfi_offset 4, -12
 109              		.cfi_offset 5, -8
 110              		.cfi_offset 14, -4
 111 0002 87B0     		sub	sp, sp, #28
 112              		.cfi_def_cfa_offset 40
 113              	.LVL12:
 105:main.c        ****     
 106:main.c        ****     char ch='a';
 114              		.loc 1 106 0
 115 0004 6124     		movs	r4, #97
 116              	.LVL13:
 117              	.L11:
 107:main.c        ****     char str[20];
 108:main.c        ****     while(1){
 109:main.c        ****         sprintf(str, "%c ", ch);
 118              		.loc 1 109 0
ARM GAS  C:\Users\Tri94\AppData\Local\Temp\cc3Ytyvc.s 			page 5


 119 0006 2246     		mov	r2, r4
 120 0008 0F49     		ldr	r1, .L14
 121 000a 01A8     		add	r0, sp, #4
 122 000c FFF7FEFF 		bl	sprintf
 123              	.LVL14:
 110:main.c        ****         xSemaphoreTake(xMutex_LCD, portMAX_DELAY);
 124              		.loc 1 110 0
 125 0010 0E4D     		ldr	r5, .L14+4
 126 0012 4FF0FF31 		mov	r1, #-1
 127 0016 2868     		ldr	r0, [r5]
 128 0018 FFF7FEFF 		bl	xQueueSemaphoreTake
 129              	.LVL15:
 111:main.c        ****         LCD_Position(0,10);
 130              		.loc 1 111 0
 131 001c 0A21     		movs	r1, #10
 132 001e 0020     		movs	r0, #0
 133 0020 FFF7FEFF 		bl	LCD_Position
 134              	.LVL16:
 112:main.c        ****         LCD_PrintString(str);
 135              		.loc 1 112 0
 136 0024 01A8     		add	r0, sp, #4
 137 0026 FFF7FEFF 		bl	LCD_PrintString
 138              	.LVL17:
 113:main.c        ****         xSemaphoreGive(xMutex_LCD);
 139              		.loc 1 113 0
 140 002a 0023     		movs	r3, #0
 141 002c 1A46     		mov	r2, r3
 142 002e 1946     		mov	r1, r3
 143 0030 2868     		ldr	r0, [r5]
 144 0032 FFF7FEFF 		bl	xQueueGenericSend
 145              	.LVL18:
 114:main.c        ****         ch++;
 146              		.loc 1 114 0
 147 0036 0134     		adds	r4, r4, #1
 148              	.LVL19:
 149 0038 E4B2     		uxtb	r4, r4
 150              	.LVL20:
 115:main.c        ****         if (ch > 'z') ch = 'a';
 151              		.loc 1 115 0
 152 003a 7A2C     		cmp	r4, #122
 153 003c 00D9     		bls	.L10
 154 003e 6124     		movs	r4, #97
 155              	.LVL21:
 156              	.L10:
 116:main.c        ****         vTaskDelay(pdMS_TO_TICKS(50)); // Delay for 850 ms
 157              		.loc 1 116 0
 158 0040 3220     		movs	r0, #50
 159 0042 FFF7FEFF 		bl	vTaskDelay
 160              	.LVL22:
 117:main.c        ****     }
 161              		.loc 1 117 0
 162 0046 DEE7     		b	.L11
 163              	.L15:
 164              		.align	2
 165              	.L14:
 166 0048 00000000 		.word	.LC0
 167 004c 00000000 		.word	xMutex_LCD
ARM GAS  C:\Users\Tri94\AppData\Local\Temp\cc3Ytyvc.s 			page 6


 168              		.cfi_endproc
 169              	.LFE72:
 170              		.size	vAppTask2, .-vAppTask2
 171              		.section	.text.myPSoCSetup,"ax",%progbits
 172              		.align	2
 173              		.global	myPSoCSetup
 174              		.thumb
 175              		.thumb_func
 176              		.type	myPSoCSetup, %function
 177              	myPSoCSetup:
 178              	.LFB70:
  86:main.c        ****     // Place your component's start code here
 179              		.loc 1 86 0
 180              		.cfi_startproc
 181              		@ args = 0, pretend = 0, frame = 0
 182              		@ frame_needed = 0, uses_anonymous_args = 0
 183 0000 08B5     		push	{r3, lr}
 184              		.cfi_def_cfa_offset 8
 185              		.cfi_offset 3, -8
 186              		.cfi_offset 14, -4
  88:main.c        ****     LCD_ClearDisplay();
 187              		.loc 1 88 0
 188 0002 FFF7FEFF 		bl	LCD_Start
 189              	.LVL23:
  89:main.c        ****     
 190              		.loc 1 89 0
 191 0006 0120     		movs	r0, #1
 192 0008 FFF7FEFF 		bl	LCD_WriteControl
 193              	.LVL24:
 194 000c 08BD     		pop	{r3, pc}
 195              		.cfi_endproc
 196              	.LFE70:
 197              		.size	myPSoCSetup, .-myPSoCSetup
 198 000e 00BF     		.section	.text.main,"ax",%progbits
 199              		.align	2
 200              		.global	main
 201              		.thumb
 202              		.thumb_func
 203              		.type	main, %function
 204              	main:
 205              	.LFB69:
  36:main.c        ****     BaseType_t err;
 206              		.loc 1 36 0
 207              		.cfi_startproc
 208              		@ args = 0, pretend = 0, frame = 0
 209              		@ frame_needed = 0, uses_anonymous_args = 0
 210 0000 00B5     		push	{lr}
 211              		.cfi_def_cfa_offset 4
 212              		.cfi_offset 14, -4
 213 0002 83B0     		sub	sp, sp, #12
 214              		.cfi_def_cfa_offset 16
  39:main.c        **** 
 215              		.loc 1 39 0
 216              		.syntax unified
 217              	@ 39 "main.c" 1
 218 0004 62B6     		CPSIE   i
 219              	@ 0 "" 2
ARM GAS  C:\Users\Tri94\AppData\Local\Temp\cc3Ytyvc.s 			page 7


  42:main.c        ****     myPSoCSetup();
 220              		.loc 1 42 0
 221              		.thumb
 222              		.syntax unified
 223 0006 FFF7FEFF 		bl	FreeRTOS_Init
 224              	.LVL25:
  43:main.c        ****     
 225              		.loc 1 43 0
 226 000a FFF7FEFF 		bl	myPSoCSetup
 227              	.LVL26:
  46:main.c        ****     if (xMutex_LCD == NULL){
 228              		.loc 1 46 0
 229 000e 0120     		movs	r0, #1
 230 0010 FFF7FEFF 		bl	xQueueCreateMutex
 231              	.LVL27:
 232 0014 104B     		ldr	r3, .L27
 233 0016 1860     		str	r0, [r3]
  47:main.c        ****         LCD_PrintString("Mutx Error!");
 234              		.loc 1 47 0
 235 0018 18B9     		cbnz	r0, .L19
  48:main.c        ****         while(1);   // Stop system here
 236              		.loc 1 48 0
 237 001a 1048     		ldr	r0, .L27+4
 238 001c FFF7FEFF 		bl	LCD_PrintString
 239              	.LVL28:
 240              	.L20:
 241 0020 FEE7     		b	.L20
 242              	.L19:
  53:main.c        ****                         "Task 1",                   // const char * const pcName,
 243              		.loc 1 53 0
 244 0022 0023     		movs	r3, #0
 245 0024 0193     		str	r3, [sp, #4]
 246 0026 0422     		movs	r2, #4
 247 0028 0092     		str	r2, [sp]
 248 002a C822     		movs	r2, #200
 249 002c 0C49     		ldr	r1, .L27+8
 250 002e 0D48     		ldr	r0, .L27+12
 251 0030 FFF7FEFF 		bl	xTaskCreate
 252              	.LVL29:
  60:main.c        ****         // Cannot create task!
 253              		.loc 1 60 0
 254 0034 0128     		cmp	r0, #1
 255 0036 00D0     		beq	.L21
 256              	.L22:
 257 0038 FEE7     		b	.L22
 258              	.L21:
  65:main.c        ****                         "Task 2",                   // const char * const pcName,
 259              		.loc 1 65 0
 260 003a 0023     		movs	r3, #0
 261 003c 0193     		str	r3, [sp, #4]
 262 003e 0422     		movs	r2, #4
 263 0040 0092     		str	r2, [sp]
 264 0042 C822     		movs	r2, #200
 265 0044 0849     		ldr	r1, .L27+16
 266 0046 0948     		ldr	r0, .L27+20
 267              	.LVL30:
 268 0048 FFF7FEFF 		bl	xTaskCreate
ARM GAS  C:\Users\Tri94\AppData\Local\Temp\cc3Ytyvc.s 			page 8


 269              	.LVL31:
  72:main.c        ****         // Cannot create task!
 270              		.loc 1 72 0
 271 004c 0128     		cmp	r0, #1
 272 004e 00D0     		beq	.L23
 273              	.L24:
 274 0050 FEE7     		b	.L24
 275              	.L23:
  78:main.c        ****     
 276              		.loc 1 78 0
 277 0052 FFF7FEFF 		bl	vTaskStartScheduler
 278              	.LVL32:
 279              	.L25:
 280 0056 FEE7     		b	.L25
 281              	.L28:
 282              		.align	2
 283              	.L27:
 284 0058 00000000 		.word	xMutex_LCD
 285 005c 04000000 		.word	.LC1
 286 0060 10000000 		.word	.LC2
 287 0064 00000000 		.word	vAppTask1
 288 0068 18000000 		.word	.LC3
 289 006c 00000000 		.word	vAppTask2
 290              		.cfi_endproc
 291              	.LFE69:
 292              		.size	main, .-main
 293              		.comm	xMutex_LCD,4,4
 294              		.section	.rodata.str1.4,"aMS",%progbits,1
 295              		.align	2
 296              	.LC0:
 297 0000 25632000 		.ascii	"%c \000"
 298              	.LC1:
 299 0004 4D757478 		.ascii	"Mutx Error!\000"
 299      20457272 
 299      6F722100 
 300              	.LC2:
 301 0010 5461736B 		.ascii	"Task 1\000"
 301      203100
 302 0017 00       		.space	1
 303              	.LC3:
 304 0018 5461736B 		.ascii	"Task 2\000"
 304      203200
 305              		.text
 306              	.Letext0:
 307              		.file 2 "c:\\program files (x86)\\cypress\\psoc creator\\4.2\\psoc creator\\import\\gnu\\arm\\5.4.
 308              		.file 3 "c:\\program files (x86)\\cypress\\psoc creator\\4.2\\psoc creator\\import\\gnu\\arm\\5.4.
 309              		.file 4 "..\\FreeRTOS\\portable\\GCC\\ARM_CM3/portmacro.h"
 310              		.file 5 "..\\FreeRTOS\\include/queue.h"
 311              		.file 6 "..\\FreeRTOS\\include/semphr.h"
 312              		.file 7 "Generated_Source\\PSoC5/core_cm3.h"
 313              		.file 8 "Generated_Source\\PSoC5/LCD.h"
 314              		.file 9 "..\\FreeRTOS\\include/task.h"
 315              		.file 10 "c:\\program files (x86)\\cypress\\psoc creator\\4.2\\psoc creator\\import\\gnu\\arm\\5.4
 316              		.file 11 "..\\FreeRTOS/FreeRTOS_PSoC.h"
 317              		.section	.debug_info,"",%progbits
 318              	.Ldebug_info0:
 319 0000 3C040000 		.4byte	0x43c
ARM GAS  C:\Users\Tri94\AppData\Local\Temp\cc3Ytyvc.s 			page 9


 320 0004 0400     		.2byte	0x4
 321 0006 00000000 		.4byte	.Ldebug_abbrev0
 322 000a 04       		.byte	0x4
 323 000b 01       		.uleb128 0x1
 324 000c DC000000 		.4byte	.LASF40
 325 0010 0C       		.byte	0xc
 326 0011 51020000 		.4byte	.LASF41
 327 0015 5C000000 		.4byte	.LASF42
 328 0019 00000000 		.4byte	.Ldebug_ranges0+0
 329 001d 00000000 		.4byte	0
 330 0021 00000000 		.4byte	.Ldebug_line0
 331 0025 02       		.uleb128 0x2
 332 0026 01       		.byte	0x1
 333 0027 06       		.byte	0x6
 334 0028 B6020000 		.4byte	.LASF0
 335 002c 03       		.uleb128 0x3
 336 002d 0C000000 		.4byte	.LASF4
 337 0031 02       		.byte	0x2
 338 0032 1D       		.byte	0x1d
 339 0033 37000000 		.4byte	0x37
 340 0037 02       		.uleb128 0x2
 341 0038 01       		.byte	0x1
 342 0039 08       		.byte	0x8
 343 003a CE000000 		.4byte	.LASF1
 344 003e 02       		.uleb128 0x2
 345 003f 02       		.byte	0x2
 346 0040 05       		.byte	0x5
 347 0041 DC010000 		.4byte	.LASF2
 348 0045 02       		.uleb128 0x2
 349 0046 02       		.byte	0x2
 350 0047 07       		.byte	0x7
 351 0048 92010000 		.4byte	.LASF3
 352 004c 03       		.uleb128 0x3
 353 004d 30000000 		.4byte	.LASF5
 354 0051 02       		.byte	0x2
 355 0052 3F       		.byte	0x3f
 356 0053 57000000 		.4byte	0x57
 357 0057 02       		.uleb128 0x2
 358 0058 04       		.byte	0x4
 359 0059 05       		.byte	0x5
 360 005a 84020000 		.4byte	.LASF6
 361 005e 03       		.uleb128 0x3
 362 005f 6A010000 		.4byte	.LASF7
 363 0063 02       		.byte	0x2
 364 0064 41       		.byte	0x41
 365 0065 69000000 		.4byte	0x69
 366 0069 02       		.uleb128 0x2
 367 006a 04       		.byte	0x4
 368 006b 07       		.byte	0x7
 369 006c 80010000 		.4byte	.LASF8
 370 0070 02       		.uleb128 0x2
 371 0071 08       		.byte	0x8
 372 0072 05       		.byte	0x5
 373 0073 43020000 		.4byte	.LASF9
 374 0077 02       		.uleb128 0x2
 375 0078 08       		.byte	0x8
 376 0079 07       		.byte	0x7
ARM GAS  C:\Users\Tri94\AppData\Local\Temp\cc3Ytyvc.s 			page 10


 377 007a F8010000 		.4byte	.LASF10
 378 007e 04       		.uleb128 0x4
 379 007f 04       		.byte	0x4
 380 0080 05       		.byte	0x5
 381 0081 696E7400 		.ascii	"int\000"
 382 0085 02       		.uleb128 0x2
 383 0086 04       		.byte	0x4
 384 0087 07       		.byte	0x7
 385 0088 EB010000 		.4byte	.LASF11
 386 008c 03       		.uleb128 0x3
 387 008d 0F020000 		.4byte	.LASF12
 388 0091 03       		.byte	0x3
 389 0092 18       		.byte	0x18
 390 0093 2C000000 		.4byte	0x2c
 391 0097 03       		.uleb128 0x3
 392 0098 32020000 		.4byte	.LASF13
 393 009c 03       		.byte	0x3
 394 009d 2C       		.byte	0x2c
 395 009e 4C000000 		.4byte	0x4c
 396 00a2 03       		.uleb128 0x3
 397 00a3 7B020000 		.4byte	.LASF14
 398 00a7 03       		.byte	0x3
 399 00a8 30       		.byte	0x30
 400 00a9 5E000000 		.4byte	0x5e
 401 00ad 02       		.uleb128 0x2
 402 00ae 04       		.byte	0x4
 403 00af 04       		.byte	0x4
 404 00b0 AE000000 		.4byte	.LASF15
 405 00b4 02       		.uleb128 0x2
 406 00b5 08       		.byte	0x8
 407 00b6 04       		.byte	0x4
 408 00b7 B2010000 		.4byte	.LASF16
 409 00bb 02       		.uleb128 0x2
 410 00bc 01       		.byte	0x1
 411 00bd 08       		.byte	0x8
 412 00be 58020000 		.4byte	.LASF17
 413 00c2 02       		.uleb128 0x2
 414 00c3 08       		.byte	0x8
 415 00c4 04       		.byte	0x4
 416 00c5 AA020000 		.4byte	.LASF18
 417 00c9 02       		.uleb128 0x2
 418 00ca 04       		.byte	0x4
 419 00cb 07       		.byte	0x7
 420 00cc 3A020000 		.4byte	.LASF19
 421 00d0 05       		.uleb128 0x5
 422 00d1 04       		.byte	0x4
 423 00d2 03       		.uleb128 0x3
 424 00d3 DE020000 		.4byte	.LASF20
 425 00d7 04       		.byte	0x4
 426 00d8 43       		.byte	0x43
 427 00d9 57000000 		.4byte	0x57
 428 00dd 03       		.uleb128 0x3
 429 00de 25000000 		.4byte	.LASF21
 430 00e2 04       		.byte	0x4
 431 00e3 4A       		.byte	0x4a
 432 00e4 A2000000 		.4byte	0xa2
 433 00e8 03       		.uleb128 0x3
ARM GAS  C:\Users\Tri94\AppData\Local\Temp\cc3Ytyvc.s 			page 11


 434 00e9 3A000000 		.4byte	.LASF22
 435 00ed 05       		.byte	0x5
 436 00ee 2F       		.byte	0x2f
 437 00ef D0000000 		.4byte	0xd0
 438 00f3 03       		.uleb128 0x3
 439 00f4 CA010000 		.4byte	.LASF23
 440 00f8 06       		.byte	0x6
 441 00f9 26       		.byte	0x26
 442 00fa E8000000 		.4byte	0xe8
 443 00fe 06       		.uleb128 0x6
 444 00ff 9A000000 		.4byte	.LASF43
 445 0103 01       		.byte	0x1
 446 0104 5C       		.byte	0x5c
 447 0105 00000000 		.4byte	.LFB71
 448 0109 48000000 		.4byte	.LFE71-.LFB71
 449 010d 01       		.uleb128 0x1
 450 010e 9C       		.byte	0x9c
 451 010f 9D010000 		.4byte	0x19d
 452 0113 07       		.uleb128 0x7
 453 0114 00000000 		.4byte	.LASF24
 454 0118 01       		.byte	0x1
 455 0119 5C       		.byte	0x5c
 456 011a D0000000 		.4byte	0xd0
 457 011e 00000000 		.4byte	.LLST0
 458 0122 08       		.uleb128 0x8
 459 0123 6900     		.ascii	"i\000"
 460 0125 01       		.byte	0x1
 461 0126 5E       		.byte	0x5e
 462 0127 7E000000 		.4byte	0x7e
 463 012b 21000000 		.4byte	.LLST1
 464 012f 09       		.uleb128 0x9
 465 0130 0E000000 		.4byte	.LVL3
 466 0134 AA030000 		.4byte	0x3aa
 467 0138 47010000 		.4byte	0x147
 468 013c 0A       		.uleb128 0xa
 469 013d 01       		.uleb128 0x1
 470 013e 50       		.byte	0x50
 471 013f 01       		.uleb128 0x1
 472 0140 30       		.byte	0x30
 473 0141 0A       		.uleb128 0xa
 474 0142 01       		.uleb128 0x1
 475 0143 51       		.byte	0x51
 476 0144 01       		.uleb128 0x1
 477 0145 30       		.byte	0x30
 478 0146 00       		.byte	0
 479 0147 09       		.uleb128 0x9
 480 0148 14000000 		.4byte	.LVL4
 481 014c B5030000 		.4byte	0x3b5
 482 0150 5B010000 		.4byte	0x15b
 483 0154 0A       		.uleb128 0xa
 484 0155 01       		.uleb128 0x1
 485 0156 50       		.byte	0x50
 486 0157 02       		.uleb128 0x2
 487 0158 74       		.byte	0x74
 488 0159 00       		.sleb128 0
 489 015a 00       		.byte	0
 490 015b 09       		.uleb128 0x9
ARM GAS  C:\Users\Tri94\AppData\Local\Temp\cc3Ytyvc.s 			page 12


 491 015c 22000000 		.4byte	.LVL5
 492 0160 C0030000 		.4byte	0x3c0
 493 0164 78010000 		.4byte	0x178
 494 0168 0A       		.uleb128 0xa
 495 0169 01       		.uleb128 0x1
 496 016a 51       		.byte	0x51
 497 016b 01       		.uleb128 0x1
 498 016c 30       		.byte	0x30
 499 016d 0A       		.uleb128 0xa
 500 016e 01       		.uleb128 0x1
 501 016f 52       		.byte	0x52
 502 0170 01       		.uleb128 0x1
 503 0171 30       		.byte	0x30
 504 0172 0A       		.uleb128 0xa
 505 0173 01       		.uleb128 0x1
 506 0174 53       		.byte	0x53
 507 0175 01       		.uleb128 0x1
 508 0176 30       		.byte	0x30
 509 0177 00       		.byte	0
 510 0178 09       		.uleb128 0x9
 511 0179 32000000 		.4byte	.LVL8
 512 017d CC030000 		.4byte	0x3cc
 513 0181 8D010000 		.4byte	0x18d
 514 0185 0A       		.uleb128 0xa
 515 0186 01       		.uleb128 0x1
 516 0187 50       		.byte	0x50
 517 0188 03       		.uleb128 0x3
 518 0189 0A       		.byte	0xa
 519 018a F401     		.2byte	0x1f4
 520 018c 00       		.byte	0
 521 018d 0B       		.uleb128 0xb
 522 018e 3C000000 		.4byte	.LVL9
 523 0192 D8030000 		.4byte	0x3d8
 524 0196 0A       		.uleb128 0xa
 525 0197 01       		.uleb128 0x1
 526 0198 51       		.byte	0x51
 527 0199 01       		.uleb128 0x1
 528 019a 31       		.byte	0x31
 529 019b 00       		.byte	0
 530 019c 00       		.byte	0
 531 019d 0C       		.uleb128 0xc
 532 019e A4000000 		.4byte	.LASF44
 533 01a2 01       		.byte	0x1
 534 01a3 68       		.byte	0x68
 535 01a4 00000000 		.4byte	.LFB72
 536 01a8 50000000 		.4byte	.LFE72-.LFB72
 537 01ac 01       		.uleb128 0x1
 538 01ad 9C       		.byte	0x9c
 539 01ae 6E020000 		.4byte	0x26e
 540 01b2 07       		.uleb128 0x7
 541 01b3 00000000 		.4byte	.LASF24
 542 01b7 01       		.byte	0x1
 543 01b8 68       		.byte	0x68
 544 01b9 D0000000 		.4byte	0xd0
 545 01bd 40000000 		.4byte	.LLST2
 546 01c1 08       		.uleb128 0x8
 547 01c2 636800   		.ascii	"ch\000"
ARM GAS  C:\Users\Tri94\AppData\Local\Temp\cc3Ytyvc.s 			page 13


 548 01c5 01       		.byte	0x1
 549 01c6 6A       		.byte	0x6a
 550 01c7 BB000000 		.4byte	0xbb
 551 01cb 61000000 		.4byte	.LLST3
 552 01cf 0D       		.uleb128 0xd
 553 01d0 73747200 		.ascii	"str\000"
 554 01d4 01       		.byte	0x1
 555 01d5 6B       		.byte	0x6b
 556 01d6 6E020000 		.4byte	0x26e
 557 01da 02       		.uleb128 0x2
 558 01db 91       		.byte	0x91
 559 01dc 5C       		.sleb128 -36
 560 01dd 09       		.uleb128 0x9
 561 01de 10000000 		.4byte	.LVL14
 562 01e2 E4030000 		.4byte	0x3e4
 563 01e6 00020000 		.4byte	0x200
 564 01ea 0A       		.uleb128 0xa
 565 01eb 01       		.uleb128 0x1
 566 01ec 50       		.byte	0x50
 567 01ed 02       		.uleb128 0x2
 568 01ee 91       		.byte	0x91
 569 01ef 5C       		.sleb128 -36
 570 01f0 0A       		.uleb128 0xa
 571 01f1 01       		.uleb128 0x1
 572 01f2 51       		.byte	0x51
 573 01f3 05       		.uleb128 0x5
 574 01f4 03       		.byte	0x3
 575 01f5 00000000 		.4byte	.LC0
 576 01f9 0A       		.uleb128 0xa
 577 01fa 01       		.uleb128 0x1
 578 01fb 52       		.byte	0x52
 579 01fc 02       		.uleb128 0x2
 580 01fd 74       		.byte	0x74
 581 01fe 00       		.sleb128 0
 582 01ff 00       		.byte	0
 583 0200 09       		.uleb128 0x9
 584 0201 1C000000 		.4byte	.LVL15
 585 0205 D8030000 		.4byte	0x3d8
 586 0209 14020000 		.4byte	0x214
 587 020d 0A       		.uleb128 0xa
 588 020e 01       		.uleb128 0x1
 589 020f 51       		.byte	0x51
 590 0210 02       		.uleb128 0x2
 591 0211 09       		.byte	0x9
 592 0212 FF       		.byte	0xff
 593 0213 00       		.byte	0
 594 0214 09       		.uleb128 0x9
 595 0215 24000000 		.4byte	.LVL16
 596 0219 AA030000 		.4byte	0x3aa
 597 021d 2C020000 		.4byte	0x22c
 598 0221 0A       		.uleb128 0xa
 599 0222 01       		.uleb128 0x1
 600 0223 50       		.byte	0x50
 601 0224 01       		.uleb128 0x1
 602 0225 30       		.byte	0x30
 603 0226 0A       		.uleb128 0xa
 604 0227 01       		.uleb128 0x1
ARM GAS  C:\Users\Tri94\AppData\Local\Temp\cc3Ytyvc.s 			page 14


 605 0228 51       		.byte	0x51
 606 0229 01       		.uleb128 0x1
 607 022a 3A       		.byte	0x3a
 608 022b 00       		.byte	0
 609 022c 09       		.uleb128 0x9
 610 022d 2A000000 		.4byte	.LVL17
 611 0231 EF030000 		.4byte	0x3ef
 612 0235 40020000 		.4byte	0x240
 613 0239 0A       		.uleb128 0xa
 614 023a 01       		.uleb128 0x1
 615 023b 50       		.byte	0x50
 616 023c 02       		.uleb128 0x2
 617 023d 91       		.byte	0x91
 618 023e 5C       		.sleb128 -36
 619 023f 00       		.byte	0
 620 0240 09       		.uleb128 0x9
 621 0241 36000000 		.4byte	.LVL18
 622 0245 C0030000 		.4byte	0x3c0
 623 0249 5D020000 		.4byte	0x25d
 624 024d 0A       		.uleb128 0xa
 625 024e 01       		.uleb128 0x1
 626 024f 51       		.byte	0x51
 627 0250 01       		.uleb128 0x1
 628 0251 30       		.byte	0x30
 629 0252 0A       		.uleb128 0xa
 630 0253 01       		.uleb128 0x1
 631 0254 52       		.byte	0x52
 632 0255 01       		.uleb128 0x1
 633 0256 30       		.byte	0x30
 634 0257 0A       		.uleb128 0xa
 635 0258 01       		.uleb128 0x1
 636 0259 53       		.byte	0x53
 637 025a 01       		.uleb128 0x1
 638 025b 30       		.byte	0x30
 639 025c 00       		.byte	0
 640 025d 0B       		.uleb128 0xb
 641 025e 46000000 		.4byte	.LVL22
 642 0262 CC030000 		.4byte	0x3cc
 643 0266 0A       		.uleb128 0xa
 644 0267 01       		.uleb128 0x1
 645 0268 50       		.byte	0x50
 646 0269 02       		.uleb128 0x2
 647 026a 08       		.byte	0x8
 648 026b 32       		.byte	0x32
 649 026c 00       		.byte	0
 650 026d 00       		.byte	0
 651 026e 0E       		.uleb128 0xe
 652 026f BB000000 		.4byte	0xbb
 653 0273 7E020000 		.4byte	0x27e
 654 0277 0F       		.uleb128 0xf
 655 0278 C9000000 		.4byte	0xc9
 656 027c 13       		.byte	0x13
 657 027d 00       		.byte	0
 658 027e 10       		.uleb128 0x10
 659 027f 5D020000 		.4byte	.LASF45
 660 0283 01       		.byte	0x1
 661 0284 56       		.byte	0x56
ARM GAS  C:\Users\Tri94\AppData\Local\Temp\cc3Ytyvc.s 			page 15


 662 0285 00000000 		.4byte	.LFB70
 663 0289 0E000000 		.4byte	.LFE70-.LFB70
 664 028d 01       		.uleb128 0x1
 665 028e 9C       		.byte	0x9c
 666 028f AC020000 		.4byte	0x2ac
 667 0293 11       		.uleb128 0x11
 668 0294 06000000 		.4byte	.LVL23
 669 0298 FA030000 		.4byte	0x3fa
 670 029c 0B       		.uleb128 0xb
 671 029d 0C000000 		.4byte	.LVL24
 672 02a1 05040000 		.4byte	0x405
 673 02a5 0A       		.uleb128 0xa
 674 02a6 01       		.uleb128 0x1
 675 02a7 50       		.byte	0x50
 676 02a8 01       		.uleb128 0x1
 677 02a9 31       		.byte	0x31
 678 02aa 00       		.byte	0
 679 02ab 00       		.byte	0
 680 02ac 12       		.uleb128 0x12
 681 02ad E6010000 		.4byte	.LASF46
 682 02b1 01       		.byte	0x1
 683 02b2 23       		.byte	0x23
 684 02b3 7E000000 		.4byte	0x7e
 685 02b7 00000000 		.4byte	.LFB69
 686 02bb 70000000 		.4byte	.LFE69-.LFB69
 687 02bf 01       		.uleb128 0x1
 688 02c0 9C       		.byte	0x9c
 689 02c1 88030000 		.4byte	0x388
 690 02c5 08       		.uleb128 0x8
 691 02c6 65727200 		.ascii	"err\000"
 692 02ca 01       		.byte	0x1
 693 02cb 25       		.byte	0x25
 694 02cc D2000000 		.4byte	0xd2
 695 02d0 8C000000 		.4byte	.LLST4
 696 02d4 11       		.uleb128 0x11
 697 02d5 0A000000 		.4byte	.LVL25
 698 02d9 10040000 		.4byte	0x410
 699 02dd 11       		.uleb128 0x11
 700 02de 0E000000 		.4byte	.LVL26
 701 02e2 7E020000 		.4byte	0x27e
 702 02e6 09       		.uleb128 0x9
 703 02e7 14000000 		.4byte	.LVL27
 704 02eb 1B040000 		.4byte	0x41b
 705 02ef F9020000 		.4byte	0x2f9
 706 02f3 0A       		.uleb128 0xa
 707 02f4 01       		.uleb128 0x1
 708 02f5 50       		.byte	0x50
 709 02f6 01       		.uleb128 0x1
 710 02f7 31       		.byte	0x31
 711 02f8 00       		.byte	0
 712 02f9 09       		.uleb128 0x9
 713 02fa 20000000 		.4byte	.LVL28
 714 02fe EF030000 		.4byte	0x3ef
 715 0302 10030000 		.4byte	0x310
 716 0306 0A       		.uleb128 0xa
 717 0307 01       		.uleb128 0x1
 718 0308 50       		.byte	0x50
ARM GAS  C:\Users\Tri94\AppData\Local\Temp\cc3Ytyvc.s 			page 16


 719 0309 05       		.uleb128 0x5
 720 030a 03       		.byte	0x3
 721 030b 04000000 		.4byte	.LC1
 722 030f 00       		.byte	0
 723 0310 09       		.uleb128 0x9
 724 0311 34000000 		.4byte	.LVL29
 725 0315 27040000 		.4byte	0x427
 726 0319 47030000 		.4byte	0x347
 727 031d 0A       		.uleb128 0xa
 728 031e 01       		.uleb128 0x1
 729 031f 50       		.byte	0x50
 730 0320 05       		.uleb128 0x5
 731 0321 03       		.byte	0x3
 732 0322 00000000 		.4byte	vAppTask1
 733 0326 0A       		.uleb128 0xa
 734 0327 01       		.uleb128 0x1
 735 0328 51       		.byte	0x51
 736 0329 05       		.uleb128 0x5
 737 032a 03       		.byte	0x3
 738 032b 10000000 		.4byte	.LC2
 739 032f 0A       		.uleb128 0xa
 740 0330 01       		.uleb128 0x1
 741 0331 52       		.byte	0x52
 742 0332 02       		.uleb128 0x2
 743 0333 08       		.byte	0x8
 744 0334 C8       		.byte	0xc8
 745 0335 0A       		.uleb128 0xa
 746 0336 01       		.uleb128 0x1
 747 0337 53       		.byte	0x53
 748 0338 01       		.uleb128 0x1
 749 0339 30       		.byte	0x30
 750 033a 0A       		.uleb128 0xa
 751 033b 02       		.uleb128 0x2
 752 033c 7D       		.byte	0x7d
 753 033d 00       		.sleb128 0
 754 033e 01       		.uleb128 0x1
 755 033f 34       		.byte	0x34
 756 0340 0A       		.uleb128 0xa
 757 0341 02       		.uleb128 0x2
 758 0342 7D       		.byte	0x7d
 759 0343 04       		.sleb128 4
 760 0344 01       		.uleb128 0x1
 761 0345 30       		.byte	0x30
 762 0346 00       		.byte	0
 763 0347 09       		.uleb128 0x9
 764 0348 4C000000 		.4byte	.LVL31
 765 034c 27040000 		.4byte	0x427
 766 0350 7E030000 		.4byte	0x37e
 767 0354 0A       		.uleb128 0xa
 768 0355 01       		.uleb128 0x1
 769 0356 50       		.byte	0x50
 770 0357 05       		.uleb128 0x5
 771 0358 03       		.byte	0x3
 772 0359 00000000 		.4byte	vAppTask2
 773 035d 0A       		.uleb128 0xa
 774 035e 01       		.uleb128 0x1
 775 035f 51       		.byte	0x51
ARM GAS  C:\Users\Tri94\AppData\Local\Temp\cc3Ytyvc.s 			page 17


 776 0360 05       		.uleb128 0x5
 777 0361 03       		.byte	0x3
 778 0362 18000000 		.4byte	.LC3
 779 0366 0A       		.uleb128 0xa
 780 0367 01       		.uleb128 0x1
 781 0368 52       		.byte	0x52
 782 0369 02       		.uleb128 0x2
 783 036a 08       		.byte	0x8
 784 036b C8       		.byte	0xc8
 785 036c 0A       		.uleb128 0xa
 786 036d 01       		.uleb128 0x1
 787 036e 53       		.byte	0x53
 788 036f 01       		.uleb128 0x1
 789 0370 30       		.byte	0x30
 790 0371 0A       		.uleb128 0xa
 791 0372 02       		.uleb128 0x2
 792 0373 7D       		.byte	0x7d
 793 0374 00       		.sleb128 0
 794 0375 01       		.uleb128 0x1
 795 0376 34       		.byte	0x34
 796 0377 0A       		.uleb128 0xa
 797 0378 02       		.uleb128 0x2
 798 0379 7D       		.byte	0x7d
 799 037a 04       		.sleb128 4
 800 037b 01       		.uleb128 0x1
 801 037c 30       		.byte	0x30
 802 037d 00       		.byte	0
 803 037e 11       		.uleb128 0x11
 804 037f 56000000 		.4byte	.LVL32
 805 0383 33040000 		.4byte	0x433
 806 0387 00       		.byte	0
 807 0388 13       		.uleb128 0x13
 808 0389 A5010000 		.4byte	.LASF25
 809 038d 07       		.byte	0x7
 810 038e 1207     		.2byte	0x712
 811 0390 94030000 		.4byte	0x394
 812 0394 14       		.uleb128 0x14
 813 0395 97000000 		.4byte	0x97
 814 0399 15       		.uleb128 0x15
 815 039a 75010000 		.4byte	.LASF26
 816 039e 01       		.byte	0x1
 817 039f 21       		.byte	0x21
 818 03a0 F3000000 		.4byte	0xf3
 819 03a4 05       		.uleb128 0x5
 820 03a5 03       		.byte	0x3
 821 03a6 00000000 		.4byte	xMutex_LCD
 822 03aa 16       		.uleb128 0x16
 823 03ab 17020000 		.4byte	.LASF27
 824 03af 17020000 		.4byte	.LASF27
 825 03b3 08       		.byte	0x8
 826 03b4 3D       		.byte	0x3d
 827 03b5 16       		.uleb128 0x16
 828 03b6 16000000 		.4byte	.LASF28
 829 03ba 16000000 		.4byte	.LASF28
 830 03be 08       		.byte	0x8
 831 03bf 5E       		.byte	0x5e
 832 03c0 17       		.uleb128 0x17
ARM GAS  C:\Users\Tri94\AppData\Local\Temp\cc3Ytyvc.s 			page 18


 833 03c1 69020000 		.4byte	.LASF29
 834 03c5 69020000 		.4byte	.LASF29
 835 03c9 05       		.byte	0x5
 836 03ca 8902     		.2byte	0x289
 837 03cc 17       		.uleb128 0x17
 838 03cd 8D020000 		.4byte	.LASF30
 839 03d1 8D020000 		.4byte	.LASF30
 840 03d5 09       		.byte	0x9
 841 03d6 F302     		.2byte	0x2f3
 842 03d8 17       		.uleb128 0x17
 843 03d9 C2020000 		.4byte	.LASF31
 844 03dd C2020000 		.4byte	.LASF31
 845 03e1 05       		.byte	0x5
 846 03e2 8905     		.2byte	0x589
 847 03e4 16       		.uleb128 0x16
 848 03e5 D6020000 		.4byte	.LASF32
 849 03e9 D6020000 		.4byte	.LASF32
 850 03ed 0A       		.byte	0xa
 851 03ee E7       		.byte	0xe7
 852 03ef 16       		.uleb128 0x16
 853 03f0 BE000000 		.4byte	.LASF33
 854 03f4 BE000000 		.4byte	.LASF33
 855 03f8 08       		.byte	0x8
 856 03f9 3C       		.byte	0x3c
 857 03fa 16       		.uleb128 0x16
 858 03fb B4000000 		.4byte	.LASF34
 859 03ff B4000000 		.4byte	.LASF34
 860 0403 08       		.byte	0x8
 861 0404 38       		.byte	0x38
 862 0405 16       		.uleb128 0x16
 863 0406 B9010000 		.4byte	.LASF35
 864 040a B9010000 		.4byte	.LASF35
 865 040e 08       		.byte	0x8
 866 040f 3A       		.byte	0x3a
 867 0410 16       		.uleb128 0x16
 868 0411 24020000 		.4byte	.LASF36
 869 0415 24020000 		.4byte	.LASF36
 870 0419 0B       		.byte	0xb
 871 041a 17       		.byte	0x17
 872 041b 17       		.uleb128 0x17
 873 041c 98020000 		.4byte	.LASF37
 874 0420 98020000 		.4byte	.LASF37
 875 0424 05       		.byte	0x5
 876 0425 8505     		.2byte	0x585
 877 0427 17       		.uleb128 0x17
 878 0428 E9020000 		.4byte	.LASF38
 879 042c E9020000 		.4byte	.LASF38
 880 0430 09       		.byte	0x9
 881 0431 4701     		.2byte	0x147
 882 0433 17       		.uleb128 0x17
 883 0434 48000000 		.4byte	.LASF39
 884 0438 48000000 		.4byte	.LASF39
 885 043c 09       		.byte	0x9
 886 043d 9404     		.2byte	0x494
 887 043f 00       		.byte	0
 888              		.section	.debug_abbrev,"",%progbits
 889              	.Ldebug_abbrev0:
ARM GAS  C:\Users\Tri94\AppData\Local\Temp\cc3Ytyvc.s 			page 19


 890 0000 01       		.uleb128 0x1
 891 0001 11       		.uleb128 0x11
 892 0002 01       		.byte	0x1
 893 0003 25       		.uleb128 0x25
 894 0004 0E       		.uleb128 0xe
 895 0005 13       		.uleb128 0x13
 896 0006 0B       		.uleb128 0xb
 897 0007 03       		.uleb128 0x3
 898 0008 0E       		.uleb128 0xe
 899 0009 1B       		.uleb128 0x1b
 900 000a 0E       		.uleb128 0xe
 901 000b 55       		.uleb128 0x55
 902 000c 17       		.uleb128 0x17
 903 000d 11       		.uleb128 0x11
 904 000e 01       		.uleb128 0x1
 905 000f 10       		.uleb128 0x10
 906 0010 17       		.uleb128 0x17
 907 0011 00       		.byte	0
 908 0012 00       		.byte	0
 909 0013 02       		.uleb128 0x2
 910 0014 24       		.uleb128 0x24
 911 0015 00       		.byte	0
 912 0016 0B       		.uleb128 0xb
 913 0017 0B       		.uleb128 0xb
 914 0018 3E       		.uleb128 0x3e
 915 0019 0B       		.uleb128 0xb
 916 001a 03       		.uleb128 0x3
 917 001b 0E       		.uleb128 0xe
 918 001c 00       		.byte	0
 919 001d 00       		.byte	0
 920 001e 03       		.uleb128 0x3
 921 001f 16       		.uleb128 0x16
 922 0020 00       		.byte	0
 923 0021 03       		.uleb128 0x3
 924 0022 0E       		.uleb128 0xe
 925 0023 3A       		.uleb128 0x3a
 926 0024 0B       		.uleb128 0xb
 927 0025 3B       		.uleb128 0x3b
 928 0026 0B       		.uleb128 0xb
 929 0027 49       		.uleb128 0x49
 930 0028 13       		.uleb128 0x13
 931 0029 00       		.byte	0
 932 002a 00       		.byte	0
 933 002b 04       		.uleb128 0x4
 934 002c 24       		.uleb128 0x24
 935 002d 00       		.byte	0
 936 002e 0B       		.uleb128 0xb
 937 002f 0B       		.uleb128 0xb
 938 0030 3E       		.uleb128 0x3e
 939 0031 0B       		.uleb128 0xb
 940 0032 03       		.uleb128 0x3
 941 0033 08       		.uleb128 0x8
 942 0034 00       		.byte	0
 943 0035 00       		.byte	0
 944 0036 05       		.uleb128 0x5
 945 0037 0F       		.uleb128 0xf
 946 0038 00       		.byte	0
ARM GAS  C:\Users\Tri94\AppData\Local\Temp\cc3Ytyvc.s 			page 20


 947 0039 0B       		.uleb128 0xb
 948 003a 0B       		.uleb128 0xb
 949 003b 00       		.byte	0
 950 003c 00       		.byte	0
 951 003d 06       		.uleb128 0x6
 952 003e 2E       		.uleb128 0x2e
 953 003f 01       		.byte	0x1
 954 0040 3F       		.uleb128 0x3f
 955 0041 19       		.uleb128 0x19
 956 0042 03       		.uleb128 0x3
 957 0043 0E       		.uleb128 0xe
 958 0044 3A       		.uleb128 0x3a
 959 0045 0B       		.uleb128 0xb
 960 0046 3B       		.uleb128 0x3b
 961 0047 0B       		.uleb128 0xb
 962 0048 27       		.uleb128 0x27
 963 0049 19       		.uleb128 0x19
 964 004a 11       		.uleb128 0x11
 965 004b 01       		.uleb128 0x1
 966 004c 12       		.uleb128 0x12
 967 004d 06       		.uleb128 0x6
 968 004e 40       		.uleb128 0x40
 969 004f 18       		.uleb128 0x18
 970 0050 9742     		.uleb128 0x2117
 971 0052 19       		.uleb128 0x19
 972 0053 01       		.uleb128 0x1
 973 0054 13       		.uleb128 0x13
 974 0055 00       		.byte	0
 975 0056 00       		.byte	0
 976 0057 07       		.uleb128 0x7
 977 0058 05       		.uleb128 0x5
 978 0059 00       		.byte	0
 979 005a 03       		.uleb128 0x3
 980 005b 0E       		.uleb128 0xe
 981 005c 3A       		.uleb128 0x3a
 982 005d 0B       		.uleb128 0xb
 983 005e 3B       		.uleb128 0x3b
 984 005f 0B       		.uleb128 0xb
 985 0060 49       		.uleb128 0x49
 986 0061 13       		.uleb128 0x13
 987 0062 02       		.uleb128 0x2
 988 0063 17       		.uleb128 0x17
 989 0064 00       		.byte	0
 990 0065 00       		.byte	0
 991 0066 08       		.uleb128 0x8
 992 0067 34       		.uleb128 0x34
 993 0068 00       		.byte	0
 994 0069 03       		.uleb128 0x3
 995 006a 08       		.uleb128 0x8
 996 006b 3A       		.uleb128 0x3a
 997 006c 0B       		.uleb128 0xb
 998 006d 3B       		.uleb128 0x3b
 999 006e 0B       		.uleb128 0xb
 1000 006f 49       		.uleb128 0x49
 1001 0070 13       		.uleb128 0x13
 1002 0071 02       		.uleb128 0x2
 1003 0072 17       		.uleb128 0x17
ARM GAS  C:\Users\Tri94\AppData\Local\Temp\cc3Ytyvc.s 			page 21


 1004 0073 00       		.byte	0
 1005 0074 00       		.byte	0
 1006 0075 09       		.uleb128 0x9
 1007 0076 898201   		.uleb128 0x4109
 1008 0079 01       		.byte	0x1
 1009 007a 11       		.uleb128 0x11
 1010 007b 01       		.uleb128 0x1
 1011 007c 31       		.uleb128 0x31
 1012 007d 13       		.uleb128 0x13
 1013 007e 01       		.uleb128 0x1
 1014 007f 13       		.uleb128 0x13
 1015 0080 00       		.byte	0
 1016 0081 00       		.byte	0
 1017 0082 0A       		.uleb128 0xa
 1018 0083 8A8201   		.uleb128 0x410a
 1019 0086 00       		.byte	0
 1020 0087 02       		.uleb128 0x2
 1021 0088 18       		.uleb128 0x18
 1022 0089 9142     		.uleb128 0x2111
 1023 008b 18       		.uleb128 0x18
 1024 008c 00       		.byte	0
 1025 008d 00       		.byte	0
 1026 008e 0B       		.uleb128 0xb
 1027 008f 898201   		.uleb128 0x4109
 1028 0092 01       		.byte	0x1
 1029 0093 11       		.uleb128 0x11
 1030 0094 01       		.uleb128 0x1
 1031 0095 31       		.uleb128 0x31
 1032 0096 13       		.uleb128 0x13
 1033 0097 00       		.byte	0
 1034 0098 00       		.byte	0
 1035 0099 0C       		.uleb128 0xc
 1036 009a 2E       		.uleb128 0x2e
 1037 009b 01       		.byte	0x1
 1038 009c 3F       		.uleb128 0x3f
 1039 009d 19       		.uleb128 0x19
 1040 009e 03       		.uleb128 0x3
 1041 009f 0E       		.uleb128 0xe
 1042 00a0 3A       		.uleb128 0x3a
 1043 00a1 0B       		.uleb128 0xb
 1044 00a2 3B       		.uleb128 0x3b
 1045 00a3 0B       		.uleb128 0xb
 1046 00a4 27       		.uleb128 0x27
 1047 00a5 19       		.uleb128 0x19
 1048 00a6 8701     		.uleb128 0x87
 1049 00a8 19       		.uleb128 0x19
 1050 00a9 11       		.uleb128 0x11
 1051 00aa 01       		.uleb128 0x1
 1052 00ab 12       		.uleb128 0x12
 1053 00ac 06       		.uleb128 0x6
 1054 00ad 40       		.uleb128 0x40
 1055 00ae 18       		.uleb128 0x18
 1056 00af 9742     		.uleb128 0x2117
 1057 00b1 19       		.uleb128 0x19
 1058 00b2 01       		.uleb128 0x1
 1059 00b3 13       		.uleb128 0x13
 1060 00b4 00       		.byte	0
ARM GAS  C:\Users\Tri94\AppData\Local\Temp\cc3Ytyvc.s 			page 22


 1061 00b5 00       		.byte	0
 1062 00b6 0D       		.uleb128 0xd
 1063 00b7 34       		.uleb128 0x34
 1064 00b8 00       		.byte	0
 1065 00b9 03       		.uleb128 0x3
 1066 00ba 08       		.uleb128 0x8
 1067 00bb 3A       		.uleb128 0x3a
 1068 00bc 0B       		.uleb128 0xb
 1069 00bd 3B       		.uleb128 0x3b
 1070 00be 0B       		.uleb128 0xb
 1071 00bf 49       		.uleb128 0x49
 1072 00c0 13       		.uleb128 0x13
 1073 00c1 02       		.uleb128 0x2
 1074 00c2 18       		.uleb128 0x18
 1075 00c3 00       		.byte	0
 1076 00c4 00       		.byte	0
 1077 00c5 0E       		.uleb128 0xe
 1078 00c6 01       		.uleb128 0x1
 1079 00c7 01       		.byte	0x1
 1080 00c8 49       		.uleb128 0x49
 1081 00c9 13       		.uleb128 0x13
 1082 00ca 01       		.uleb128 0x1
 1083 00cb 13       		.uleb128 0x13
 1084 00cc 00       		.byte	0
 1085 00cd 00       		.byte	0
 1086 00ce 0F       		.uleb128 0xf
 1087 00cf 21       		.uleb128 0x21
 1088 00d0 00       		.byte	0
 1089 00d1 49       		.uleb128 0x49
 1090 00d2 13       		.uleb128 0x13
 1091 00d3 2F       		.uleb128 0x2f
 1092 00d4 0B       		.uleb128 0xb
 1093 00d5 00       		.byte	0
 1094 00d6 00       		.byte	0
 1095 00d7 10       		.uleb128 0x10
 1096 00d8 2E       		.uleb128 0x2e
 1097 00d9 01       		.byte	0x1
 1098 00da 3F       		.uleb128 0x3f
 1099 00db 19       		.uleb128 0x19
 1100 00dc 03       		.uleb128 0x3
 1101 00dd 0E       		.uleb128 0xe
 1102 00de 3A       		.uleb128 0x3a
 1103 00df 0B       		.uleb128 0xb
 1104 00e0 3B       		.uleb128 0x3b
 1105 00e1 0B       		.uleb128 0xb
 1106 00e2 11       		.uleb128 0x11
 1107 00e3 01       		.uleb128 0x1
 1108 00e4 12       		.uleb128 0x12
 1109 00e5 06       		.uleb128 0x6
 1110 00e6 40       		.uleb128 0x40
 1111 00e7 18       		.uleb128 0x18
 1112 00e8 9742     		.uleb128 0x2117
 1113 00ea 19       		.uleb128 0x19
 1114 00eb 01       		.uleb128 0x1
 1115 00ec 13       		.uleb128 0x13
 1116 00ed 00       		.byte	0
 1117 00ee 00       		.byte	0
ARM GAS  C:\Users\Tri94\AppData\Local\Temp\cc3Ytyvc.s 			page 23


 1118 00ef 11       		.uleb128 0x11
 1119 00f0 898201   		.uleb128 0x4109
 1120 00f3 00       		.byte	0
 1121 00f4 11       		.uleb128 0x11
 1122 00f5 01       		.uleb128 0x1
 1123 00f6 31       		.uleb128 0x31
 1124 00f7 13       		.uleb128 0x13
 1125 00f8 00       		.byte	0
 1126 00f9 00       		.byte	0
 1127 00fa 12       		.uleb128 0x12
 1128 00fb 2E       		.uleb128 0x2e
 1129 00fc 01       		.byte	0x1
 1130 00fd 3F       		.uleb128 0x3f
 1131 00fe 19       		.uleb128 0x19
 1132 00ff 03       		.uleb128 0x3
 1133 0100 0E       		.uleb128 0xe
 1134 0101 3A       		.uleb128 0x3a
 1135 0102 0B       		.uleb128 0xb
 1136 0103 3B       		.uleb128 0x3b
 1137 0104 0B       		.uleb128 0xb
 1138 0105 27       		.uleb128 0x27
 1139 0106 19       		.uleb128 0x19
 1140 0107 49       		.uleb128 0x49
 1141 0108 13       		.uleb128 0x13
 1142 0109 8701     		.uleb128 0x87
 1143 010b 19       		.uleb128 0x19
 1144 010c 11       		.uleb128 0x11
 1145 010d 01       		.uleb128 0x1
 1146 010e 12       		.uleb128 0x12
 1147 010f 06       		.uleb128 0x6
 1148 0110 40       		.uleb128 0x40
 1149 0111 18       		.uleb128 0x18
 1150 0112 9742     		.uleb128 0x2117
 1151 0114 19       		.uleb128 0x19
 1152 0115 01       		.uleb128 0x1
 1153 0116 13       		.uleb128 0x13
 1154 0117 00       		.byte	0
 1155 0118 00       		.byte	0
 1156 0119 13       		.uleb128 0x13
 1157 011a 34       		.uleb128 0x34
 1158 011b 00       		.byte	0
 1159 011c 03       		.uleb128 0x3
 1160 011d 0E       		.uleb128 0xe
 1161 011e 3A       		.uleb128 0x3a
 1162 011f 0B       		.uleb128 0xb
 1163 0120 3B       		.uleb128 0x3b
 1164 0121 05       		.uleb128 0x5
 1165 0122 49       		.uleb128 0x49
 1166 0123 13       		.uleb128 0x13
 1167 0124 3F       		.uleb128 0x3f
 1168 0125 19       		.uleb128 0x19
 1169 0126 3C       		.uleb128 0x3c
 1170 0127 19       		.uleb128 0x19
 1171 0128 00       		.byte	0
 1172 0129 00       		.byte	0
 1173 012a 14       		.uleb128 0x14
 1174 012b 35       		.uleb128 0x35
ARM GAS  C:\Users\Tri94\AppData\Local\Temp\cc3Ytyvc.s 			page 24


 1175 012c 00       		.byte	0
 1176 012d 49       		.uleb128 0x49
 1177 012e 13       		.uleb128 0x13
 1178 012f 00       		.byte	0
 1179 0130 00       		.byte	0
 1180 0131 15       		.uleb128 0x15
 1181 0132 34       		.uleb128 0x34
 1182 0133 00       		.byte	0
 1183 0134 03       		.uleb128 0x3
 1184 0135 0E       		.uleb128 0xe
 1185 0136 3A       		.uleb128 0x3a
 1186 0137 0B       		.uleb128 0xb
 1187 0138 3B       		.uleb128 0x3b
 1188 0139 0B       		.uleb128 0xb
 1189 013a 49       		.uleb128 0x49
 1190 013b 13       		.uleb128 0x13
 1191 013c 3F       		.uleb128 0x3f
 1192 013d 19       		.uleb128 0x19
 1193 013e 02       		.uleb128 0x2
 1194 013f 18       		.uleb128 0x18
 1195 0140 00       		.byte	0
 1196 0141 00       		.byte	0
 1197 0142 16       		.uleb128 0x16
 1198 0143 2E       		.uleb128 0x2e
 1199 0144 00       		.byte	0
 1200 0145 3F       		.uleb128 0x3f
 1201 0146 19       		.uleb128 0x19
 1202 0147 3C       		.uleb128 0x3c
 1203 0148 19       		.uleb128 0x19
 1204 0149 6E       		.uleb128 0x6e
 1205 014a 0E       		.uleb128 0xe
 1206 014b 03       		.uleb128 0x3
 1207 014c 0E       		.uleb128 0xe
 1208 014d 3A       		.uleb128 0x3a
 1209 014e 0B       		.uleb128 0xb
 1210 014f 3B       		.uleb128 0x3b
 1211 0150 0B       		.uleb128 0xb
 1212 0151 00       		.byte	0
 1213 0152 00       		.byte	0
 1214 0153 17       		.uleb128 0x17
 1215 0154 2E       		.uleb128 0x2e
 1216 0155 00       		.byte	0
 1217 0156 3F       		.uleb128 0x3f
 1218 0157 19       		.uleb128 0x19
 1219 0158 3C       		.uleb128 0x3c
 1220 0159 19       		.uleb128 0x19
 1221 015a 6E       		.uleb128 0x6e
 1222 015b 0E       		.uleb128 0xe
 1223 015c 03       		.uleb128 0x3
 1224 015d 0E       		.uleb128 0xe
 1225 015e 3A       		.uleb128 0x3a
 1226 015f 0B       		.uleb128 0xb
 1227 0160 3B       		.uleb128 0x3b
 1228 0161 05       		.uleb128 0x5
 1229 0162 00       		.byte	0
 1230 0163 00       		.byte	0
 1231 0164 00       		.byte	0
ARM GAS  C:\Users\Tri94\AppData\Local\Temp\cc3Ytyvc.s 			page 25


 1232              		.section	.debug_loc,"",%progbits
 1233              	.Ldebug_loc0:
 1234              	.LLST0:
 1235 0000 00000000 		.4byte	.LVL0
 1236 0004 06000000 		.4byte	.LVL2
 1237 0008 0100     		.2byte	0x1
 1238 000a 50       		.byte	0x50
 1239 000b 06000000 		.4byte	.LVL2
 1240 000f 48000000 		.4byte	.LFE71
 1241 0013 0400     		.2byte	0x4
 1242 0015 F3       		.byte	0xf3
 1243 0016 01       		.uleb128 0x1
 1244 0017 50       		.byte	0x50
 1245 0018 9F       		.byte	0x9f
 1246 0019 00000000 		.4byte	0
 1247 001d 00000000 		.4byte	0
 1248              	.LLST1:
 1249 0021 02000000 		.4byte	.LVL1
 1250 0025 06000000 		.4byte	.LVL2
 1251 0029 0200     		.2byte	0x2
 1252 002b 30       		.byte	0x30
 1253 002c 9F       		.byte	0x9f
 1254 002d 06000000 		.4byte	.LVL2
 1255 0031 42000000 		.4byte	.LVL10
 1256 0035 0100     		.2byte	0x1
 1257 0037 54       		.byte	0x54
 1258 0038 00000000 		.4byte	0
 1259 003c 00000000 		.4byte	0
 1260              	.LLST2:
 1261 0040 00000000 		.4byte	.LVL11
 1262 0044 06000000 		.4byte	.LVL13
 1263 0048 0100     		.2byte	0x1
 1264 004a 50       		.byte	0x50
 1265 004b 06000000 		.4byte	.LVL13
 1266 004f 50000000 		.4byte	.LFE72
 1267 0053 0400     		.2byte	0x4
 1268 0055 F3       		.byte	0xf3
 1269 0056 01       		.uleb128 0x1
 1270 0057 50       		.byte	0x50
 1271 0058 9F       		.byte	0x9f
 1272 0059 00000000 		.4byte	0
 1273 005d 00000000 		.4byte	0
 1274              	.LLST3:
 1275 0061 04000000 		.4byte	.LVL12
 1276 0065 06000000 		.4byte	.LVL13
 1277 0069 0300     		.2byte	0x3
 1278 006b 08       		.byte	0x8
 1279 006c 61       		.byte	0x61
 1280 006d 9F       		.byte	0x9f
 1281 006e 06000000 		.4byte	.LVL13
 1282 0072 38000000 		.4byte	.LVL19
 1283 0076 0100     		.2byte	0x1
 1284 0078 54       		.byte	0x54
 1285 0079 3A000000 		.4byte	.LVL20
 1286 007d 50000000 		.4byte	.LFE72
 1287 0081 0100     		.2byte	0x1
 1288 0083 54       		.byte	0x54
ARM GAS  C:\Users\Tri94\AppData\Local\Temp\cc3Ytyvc.s 			page 26


 1289 0084 00000000 		.4byte	0
 1290 0088 00000000 		.4byte	0
 1291              	.LLST4:
 1292 008c 34000000 		.4byte	.LVL29
 1293 0090 48000000 		.4byte	.LVL30
 1294 0094 0100     		.2byte	0x1
 1295 0096 50       		.byte	0x50
 1296 0097 4C000000 		.4byte	.LVL31
 1297 009b 55000000 		.4byte	.LVL32-1
 1298 009f 0100     		.2byte	0x1
 1299 00a1 50       		.byte	0x50
 1300 00a2 00000000 		.4byte	0
 1301 00a6 00000000 		.4byte	0
 1302              		.section	.debug_aranges,"",%progbits
 1303 0000 34000000 		.4byte	0x34
 1304 0004 0200     		.2byte	0x2
 1305 0006 00000000 		.4byte	.Ldebug_info0
 1306 000a 04       		.byte	0x4
 1307 000b 00       		.byte	0
 1308 000c 0000     		.2byte	0
 1309 000e 0000     		.2byte	0
 1310 0010 00000000 		.4byte	.LFB71
 1311 0014 48000000 		.4byte	.LFE71-.LFB71
 1312 0018 00000000 		.4byte	.LFB72
 1313 001c 50000000 		.4byte	.LFE72-.LFB72
 1314 0020 00000000 		.4byte	.LFB70
 1315 0024 0E000000 		.4byte	.LFE70-.LFB70
 1316 0028 00000000 		.4byte	.LFB69
 1317 002c 70000000 		.4byte	.LFE69-.LFB69
 1318 0030 00000000 		.4byte	0
 1319 0034 00000000 		.4byte	0
 1320              		.section	.debug_ranges,"",%progbits
 1321              	.Ldebug_ranges0:
 1322 0000 00000000 		.4byte	.LFB71
 1323 0004 48000000 		.4byte	.LFE71
 1324 0008 00000000 		.4byte	.LFB72
 1325 000c 50000000 		.4byte	.LFE72
 1326 0010 00000000 		.4byte	.LFB70
 1327 0014 0E000000 		.4byte	.LFE70
 1328 0018 00000000 		.4byte	.LFB69
 1329 001c 70000000 		.4byte	.LFE69
 1330 0020 00000000 		.4byte	0
 1331 0024 00000000 		.4byte	0
 1332              		.section	.debug_line,"",%progbits
 1333              	.Ldebug_line0:
 1334 0000 A7020000 		.section	.debug_str,"MS",%progbits,1
 1334      02003F02 
 1334      00000201 
 1334      FB0E0D00 
 1334      01010101 
 1335              	.LASF24:
 1336 0000 70765061 		.ascii	"pvParaments\000"
 1336      72616D65 
 1336      6E747300 
 1337              	.LASF4:
 1338 000c 5F5F7569 		.ascii	"__uint8_t\000"
 1338      6E74385F 
ARM GAS  C:\Users\Tri94\AppData\Local\Temp\cc3Ytyvc.s 			page 27


 1338      7400
 1339              	.LASF28:
 1340 0016 4C43445F 		.ascii	"LCD_PrintInt16\000"
 1340      5072696E 
 1340      74496E74 
 1340      313600
 1341              	.LASF21:
 1342 0025 5469636B 		.ascii	"TickType_t\000"
 1342      54797065 
 1342      5F7400
 1343              	.LASF5:
 1344 0030 5F5F696E 		.ascii	"__int32_t\000"
 1344      7433325F 
 1344      7400
 1345              	.LASF22:
 1346 003a 51756575 		.ascii	"QueueHandle_t\000"
 1346      6548616E 
 1346      646C655F 
 1346      7400
 1347              	.LASF39:
 1348 0048 76546173 		.ascii	"vTaskStartScheduler\000"
 1348      6B537461 
 1348      72745363 
 1348      68656475 
 1348      6C657200 
 1349              	.LASF42:
 1350 005c 433A5C55 		.ascii	"C:\\Users\\Tri94\\Documents\\PSoC Creator\\EE4450\\"
 1350      73657273 
 1350      5C547269 
 1350      39345C44 
 1350      6F63756D 
 1351 0089 52544F53 		.ascii	"RTOS_Mutex.cydsn\000"
 1351      5F4D7574 
 1351      65782E63 
 1351      7964736E 
 1351      00
 1352              	.LASF43:
 1353 009a 76417070 		.ascii	"vAppTask1\000"
 1353      5461736B 
 1353      3100
 1354              	.LASF44:
 1355 00a4 76417070 		.ascii	"vAppTask2\000"
 1355      5461736B 
 1355      3200
 1356              	.LASF15:
 1357 00ae 666C6F61 		.ascii	"float\000"
 1357      7400
 1358              	.LASF34:
 1359 00b4 4C43445F 		.ascii	"LCD_Start\000"
 1359      53746172 
 1359      7400
 1360              	.LASF33:
 1361 00be 4C43445F 		.ascii	"LCD_PrintString\000"
 1361      5072696E 
 1361      74537472 
 1361      696E6700 
 1362              	.LASF1:
ARM GAS  C:\Users\Tri94\AppData\Local\Temp\cc3Ytyvc.s 			page 28


 1363 00ce 756E7369 		.ascii	"unsigned char\000"
 1363      676E6564 
 1363      20636861 
 1363      7200
 1364              	.LASF40:
 1365 00dc 474E5520 		.ascii	"GNU C11 5.4.1 20160609 (release) [ARM/embedded-5-br"
 1365      43313120 
 1365      352E342E 
 1365      31203230 
 1365      31363036 
 1366 010f 616E6368 		.ascii	"anch revision 237715] -mcpu=cortex-m3 -mthumb -g -O"
 1366      20726576 
 1366      6973696F 
 1366      6E203233 
 1366      37373135 
 1367 0142 67202D66 		.ascii	"g -ffunction-sections -ffat-lto-objects\000"
 1367      66756E63 
 1367      74696F6E 
 1367      2D736563 
 1367      74696F6E 
 1368              	.LASF7:
 1369 016a 5F5F7569 		.ascii	"__uint32_t\000"
 1369      6E743332 
 1369      5F7400
 1370              	.LASF26:
 1371 0175 784D7574 		.ascii	"xMutex_LCD\000"
 1371      65785F4C 
 1371      434400
 1372              	.LASF8:
 1373 0180 6C6F6E67 		.ascii	"long unsigned int\000"
 1373      20756E73 
 1373      69676E65 
 1373      6420696E 
 1373      7400
 1374              	.LASF3:
 1375 0192 73686F72 		.ascii	"short unsigned int\000"
 1375      7420756E 
 1375      7369676E 
 1375      65642069 
 1375      6E7400
 1376              	.LASF25:
 1377 01a5 49544D5F 		.ascii	"ITM_RxBuffer\000"
 1377      52784275 
 1377      66666572 
 1377      00
 1378              	.LASF16:
 1379 01b2 646F7562 		.ascii	"double\000"
 1379      6C6500
 1380              	.LASF35:
 1381 01b9 4C43445F 		.ascii	"LCD_WriteControl\000"
 1381      57726974 
 1381      65436F6E 
 1381      74726F6C 
 1381      00
 1382              	.LASF23:
 1383 01ca 53656D61 		.ascii	"SemaphoreHandle_t\000"
 1383      70686F72 
ARM GAS  C:\Users\Tri94\AppData\Local\Temp\cc3Ytyvc.s 			page 29


 1383      6548616E 
 1383      646C655F 
 1383      7400
 1384              	.LASF2:
 1385 01dc 73686F72 		.ascii	"short int\000"
 1385      7420696E 
 1385      7400
 1386              	.LASF46:
 1387 01e6 6D61696E 		.ascii	"main\000"
 1387      00
 1388              	.LASF11:
 1389 01eb 756E7369 		.ascii	"unsigned int\000"
 1389      676E6564 
 1389      20696E74 
 1389      00
 1390              	.LASF10:
 1391 01f8 6C6F6E67 		.ascii	"long long unsigned int\000"
 1391      206C6F6E 
 1391      6720756E 
 1391      7369676E 
 1391      65642069 
 1392              	.LASF12:
 1393 020f 75696E74 		.ascii	"uint8_t\000"
 1393      385F7400 
 1394              	.LASF27:
 1395 0217 4C43445F 		.ascii	"LCD_Position\000"
 1395      506F7369 
 1395      74696F6E 
 1395      00
 1396              	.LASF36:
 1397 0224 46726565 		.ascii	"FreeRTOS_Init\000"
 1397      52544F53 
 1397      5F496E69 
 1397      7400
 1398              	.LASF13:
 1399 0232 696E7433 		.ascii	"int32_t\000"
 1399      325F7400 
 1400              	.LASF19:
 1401 023a 73697A65 		.ascii	"sizetype\000"
 1401      74797065 
 1401      00
 1402              	.LASF9:
 1403 0243 6C6F6E67 		.ascii	"long long int\000"
 1403      206C6F6E 
 1403      6720696E 
 1403      7400
 1404              	.LASF41:
 1405 0251 6D61696E 		.ascii	"main.c\000"
 1405      2E6300
 1406              	.LASF17:
 1407 0258 63686172 		.ascii	"char\000"
 1407      00
 1408              	.LASF45:
 1409 025d 6D795053 		.ascii	"myPSoCSetup\000"
 1409      6F435365 
 1409      74757000 
 1410              	.LASF29:
ARM GAS  C:\Users\Tri94\AppData\Local\Temp\cc3Ytyvc.s 			page 30


 1411 0269 78517565 		.ascii	"xQueueGenericSend\000"
 1411      75654765 
 1411      6E657269 
 1411      6353656E 
 1411      6400
 1412              	.LASF14:
 1413 027b 75696E74 		.ascii	"uint32_t\000"
 1413      33325F74 
 1413      00
 1414              	.LASF6:
 1415 0284 6C6F6E67 		.ascii	"long int\000"
 1415      20696E74 
 1415      00
 1416              	.LASF30:
 1417 028d 76546173 		.ascii	"vTaskDelay\000"
 1417      6B44656C 
 1417      617900
 1418              	.LASF37:
 1419 0298 78517565 		.ascii	"xQueueCreateMutex\000"
 1419      75654372 
 1419      65617465 
 1419      4D757465 
 1419      7800
 1420              	.LASF18:
 1421 02aa 6C6F6E67 		.ascii	"long double\000"
 1421      20646F75 
 1421      626C6500 
 1422              	.LASF0:
 1423 02b6 7369676E 		.ascii	"signed char\000"
 1423      65642063 
 1423      68617200 
 1424              	.LASF31:
 1425 02c2 78517565 		.ascii	"xQueueSemaphoreTake\000"
 1425      75655365 
 1425      6D617068 
 1425      6F726554 
 1425      616B6500 
 1426              	.LASF32:
 1427 02d6 73707269 		.ascii	"sprintf\000"
 1427      6E746600 
 1428              	.LASF20:
 1429 02de 42617365 		.ascii	"BaseType_t\000"
 1429      54797065 
 1429      5F7400
 1430              	.LASF38:
 1431 02e9 78546173 		.ascii	"xTaskCreate\000"
 1431      6B437265 
 1431      61746500 
 1432              		.ident	"GCC: (GNU Tools for ARM Embedded Processors) 5.4.1 20160609 (release) [ARM/embedded-5-bran
