--------------- Rebuild Started: 12/12/2019 08:40:09 Project: main.c, Configuration: ARM GCC 5.4-2016-q2-update Debug ---------------
arm-none-eabi-gcc.exe -mcpu=cortex-m3 -mthumb -I..\FreeRTOS -I..\FreeRTOS\include -I..\FreeRTOS\portable\GCC\ARM_CM3 -I..\FreeRTOS\portable\MemMang -I. -IGenerated_Source\PSoC5 -Wa,-alh=.\CortexM3\ARM_GCC_541\Debug/main.lst -g -D DEBUG -D CY_CORE_ID=0 -Wall -ffunction-sections -ffat-lto-objects -Og -c main.c -o .\CortexM3\ARM_GCC_541\Debug\main.o
In file included from main.c:26:0:
main.c: In function 'myISR_UART':
main.c:126:63: warning: passing argument 4 of 'xStreamBufferSendFromISR' makes pointer from integer without a cast [-Wint-conversion]
             xMessageBufferSendFromISR(xMessageBuffer, buf, 4, xHigherPriorityTaskWoken);
                                                               ^
..\FreeRTOS\include/message_buffer.h:408:203: note: in definition of macro 'xMessageBufferSendFromISR'
 #define xMessageBufferSendFromISR( xMessageBuffer, pvTxData, xDataLengthBytes, pxHigherPriorityTaskWoken ) xStreamBufferSendFromISR( ( StreamBufferHandle_t ) xMessageBuffer, pvTxData, xDataLengthBytes, pxHigherPriorityTaskWoken )
                                                                                                                                                                                                           ^
In file included from ..\FreeRTOS\include/message_buffer.h:67:0,
                 from main.c:26:
..\FreeRTOS\include/stream_buffer.h:405:8: note: expected 'BaseType_t * const {aka long int * const}' but argument is of type 'BaseType_t {aka long int}'
 size_t xStreamBufferSendFromISR( StreamBufferHandle_t xStreamBuffer,
        ^
main.c: In function 'vUARTTask1':
main.c:148:13: warning: variable 'rxSize' set but not used [-Wunused-but-set-variable]
     size_t  rxSize;
             ^
main.c:145:10: warning: unused variable 'music_off' [-Wunused-variable]
     char music_off[4] = ":M2:";
          ^
main.c:144:10: warning: unused variable 'music_on' [-Wunused-variable]
     char music_on[4]  = ":M1:";
          ^
main.c:143:10: warning: unused variable 'servo_off' [-Wunused-variable]
     char servo_off[4] = ":S2:";
          ^
main.c:142:10: warning: unused variable 'servo_on' [-Wunused-variable]
     char servo_on[4]  = ":S1:";
          ^
main.c:141:10: warning: unused variable 'led_off' [-Wunused-variable]
     char led_off[4]   = ":L2:";
          ^
main.c:140:10: warning: unused variable 'led_on' [-Wunused-variable]
     char led_on[4]    = ":L1:";
          ^
main.c:159:13: warning: 'pch' may be used uninitialized in this function [-Wmaybe-uninitialized]
             UART_USB_PutString(pch);
             ^
--------------- Rebuild Succeeded: 12/12/2019 08:40:10 ---------------
