Loading plugins phase: Elapsed time ==> 0s.140ms
<CYPRESSTAG name="CyDsfit arguments...">
cydsfit arguments: -.fdsnotice -.fdswarpdepfile=warp_dependencies.txt -.fdselabdepfile=elab_dependencies.txt -.fdsbldfile=generated_files.txt -.fdsreffile=referenced_files.txt -p C:\Users\Tri94\Documents\PSoC Creator\EE4450\EE4450-Projects\SPI.cydsn\SPI.cyprj -d CY8C5888LTI-LP097 -s C:\Users\Tri94\Documents\PSoC Creator\EE4450\EE4450-Projects\SPI.cydsn\Generated_Source\PSoC5 -- -yv2 -q10 -ygs -o2 -v3 -.fftcfgtype=LE
</CYPRESSTAG>
<CYPRESSTAG name="Design elaboration results...">
</CYPRESSTAG>
Elaboration phase: Elapsed time ==> 1s.320ms
<CYPRESSTAG name="HDL generation results...">
</CYPRESSTAG>
HDL generation phase: Elapsed time ==> 0s.053ms
<CYPRESSTAG name="Synthesis results...">

     | | | | | | |
   _________________
  -|               |-
  -|               |-
  -|               |-
  -|    CYPRESS    |-
  -|               |-
  -|               |-   Warp Verilog Synthesis Compiler: Version 6.3 IR 41
  -|               |-   Copyright (C) 1991-2001 Cypress Semiconductor
   |_______________|
     | | | | | | |

======================================================================
Compiling:  SPI.v
Program  :   C:\Program Files (x86)\Cypress\PSoC Creator\4.2\PSoC Creator\warp\bin\warp.exe
Options  :    -yv2 -q10 -ygs -o2 -v3 -.fftcfgtype=LE -ya -.fftprj=C:\Users\Tri94\Documents\PSoC Creator\EE4450\EE4450-Projects\SPI.cydsn\SPI.cyprj -dcpsoc3 SPI.v -verilog
======================================================================

======================================================================
Compiling:  SPI.v
Program  :   C:\Program Files (x86)\Cypress\PSoC Creator\4.2\PSoC Creator\warp\bin\warp.exe
Options  :    -yv2 -q10 -ygs -o2 -v3 -.fftcfgtype=LE -ya -.fftprj=C:\Users\Tri94\Documents\PSoC Creator\EE4450\EE4450-Projects\SPI.cydsn\SPI.cyprj -dcpsoc3 SPI.v -verilog
======================================================================

======================================================================
Compiling:  SPI.v
Program  :   vlogfe
Options  :    -yv2 -q10 -ygs -o2 -v3 -.fftcfgtype=LE -ya -.fftprj=C:\Users\Tri94\Documents\PSoC Creator\EE4450\EE4450-Projects\SPI.cydsn\SPI.cyprj -dcpsoc3 -verilog SPI.v
======================================================================

vlogfe V6.3 IR 41:  Verilog parser
Thu Oct 31 14:29:56 2019


======================================================================
Compiling:  SPI.v
Program  :   vpp
Options  :    -yv2 -q10 SPI.v
======================================================================

vpp V6.3 IR 41:  Verilog Pre-Processor
Thu Oct 31 14:29:56 2019

Flattening file 'C:\Program Files (x86)\Cypress\PSoC Creator\4.2\PSoC Creator\psoc\content\CyPrimitives\cyprimitives.cylib\cy_virtualmux_v1_0\cy_virtualmux_v1_0.v'
Flattening file 'C:\Program Files (x86)\Cypress\PSoC Creator\4.2\PSoC Creator\psoc\content\CyComponentLibrary\CyComponentLibrary.cylib\B_SPI_Master_v2_50\B_SPI_Master_v2_50.v'
Flattening file 'C:\Program Files (x86)\Cypress\PSoC Creator\4.2\PSoC Creator\warp\lib\common\cypress.v'
Flattening file 'C:\Program Files (x86)\Cypress\PSoC Creator\4.2\PSoC Creator\warp\lib\common\cy_psoc3_inc.v'
Flattening file 'C:\Program Files (x86)\Cypress\PSoC Creator\4.2\PSoC Creator\psoc\content\CyPrimitives\cyprimitives.cylib\ZeroTerminal\ZeroTerminal.v'
Flattening file 'C:\Program Files (x86)\Cypress\PSoC Creator\4.2\PSoC Creator\psoc\content\CyPrimitives\cyprimitives.cylib\demux_v1_10\demux_v1_10.v'
Flattening file 'C:\Program Files (x86)\Cypress\PSoC Creator\4.2\PSoC Creator\psoc\content\CyPrimitives\cyprimitives.cylib\CyControlReg_v1_80\CyControlReg_v1_80.v'
Flattening file 'C:\Program Files (x86)\Cypress\PSoC Creator\4.2\PSoC Creator\warp\lib\common\cypress.v'
Flattening file 'C:\Program Files (x86)\Cypress\PSoC Creator\4.2\PSoC Creator\psoc\content\CyPrimitives\cyprimitives.cylib\cy_constant_v1_0\cy_constant_v1_0.v'
Flattening file 'C:\Program Files (x86)\Cypress\PSoC Creator\4.2\PSoC Creator\psoc\content\CyPrimitives\cyprimitives.cylib\not_v1_0\not_v1_0.v'

vpp:  No errors.

Library 'work' => directory 'lcpsoc3'
General_symbol_table
General_symbol_table
Linking 'C:\Program Files (x86)\Cypress\PSoC Creator\4.2\PSoC Creator\warp\lib\common\std.vhd'.
Linking 'C:\Program Files (x86)\Cypress\PSoC Creator\4.2\PSoC Creator\warp\lib\common\cypress.vhd'.
Linking 'C:\Program Files (x86)\Cypress\PSoC Creator\4.2\PSoC Creator\warp\lib\common\work\cypress.vif'.
Linking 'C:\Program Files (x86)\Cypress\PSoC Creator\4.2\PSoC Creator\warp\lib\ieee\work\stdlogic.vif'.
Linking 'C:\Program Files (x86)\Cypress\PSoC Creator\4.2\PSoC Creator\warp\lib\common\stdlogic\lpmpkg.vif'.
Linking 'C:\Program Files (x86)\Cypress\PSoC Creator\4.2\PSoC Creator\warp\lib\common\stdlogic\rtlpkg.vif'.
Linking 'C:\Program Files (x86)\Cypress\PSoC Creator\4.2\PSoC Creator\warp\lib\common\stdlogic\mod_cnst.vif'.
Linking 'C:\Program Files (x86)\Cypress\PSoC Creator\4.2\PSoC Creator\warp\lib\common\stdlogic\mod_mthv.vif'.
Linking 'C:\Program Files (x86)\Cypress\PSoC Creator\4.2\PSoC Creator\warp\lib\common\stdlogic\mod_genv.vif'.
Using control file 'SPI.ctl'.
Linking 'C:\Program Files (x86)\Cypress\PSoC Creator\4.2\PSoC Creator\warp\lib\common\stdlogic\cy_psoc3pkg.vif'.
Linking 'C:\Program Files (x86)\Cypress\PSoC Creator\4.2\PSoC Creator\warp\lib\common\stdlogic\cy_psoc3.vif'.

vlogfe:  No errors.


======================================================================
Compiling:  SPI.v
Program  :   tovif
Options  :    -yv2 -q10 -ygs -o2 -v3 -.fftcfgtype=LE -ya -.fftprj=C:\Users\Tri94\Documents\PSoC Creator\EE4450\EE4450-Projects\SPI.cydsn\SPI.cyprj -dcpsoc3 -verilog SPI.v
======================================================================

tovif V6.3 IR 41:  High-level synthesis
Thu Oct 31 14:29:56 2019

Linking 'C:\Program Files (x86)\Cypress\PSoC Creator\4.2\PSoC Creator\warp\lib\common\std.vhd'.
Linking 'C:\Program Files (x86)\Cypress\PSoC Creator\4.2\PSoC Creator\warp\lib\common\cypress.vhd'.
Linking 'C:\Program Files (x86)\Cypress\PSoC Creator\4.2\PSoC Creator\warp\lib\common\work\cypress.vif'.
Linking 'C:\Program Files (x86)\Cypress\PSoC Creator\4.2\PSoC Creator\warp\lib\ieee\work\stdlogic.vif'.
Linking 'C:\Program Files (x86)\Cypress\PSoC Creator\4.2\PSoC Creator\warp\lib\common\stdlogic\lpmpkg.vif'.
Linking 'C:\Program Files (x86)\Cypress\PSoC Creator\4.2\PSoC Creator\warp\lib\common\stdlogic\rtlpkg.vif'.
Linking 'C:\Program Files (x86)\Cypress\PSoC Creator\4.2\PSoC Creator\warp\lib\common\stdlogic\mod_cnst.vif'.
Linking 'C:\Program Files (x86)\Cypress\PSoC Creator\4.2\PSoC Creator\warp\lib\common\stdlogic\mod_mthv.vif'.
Linking 'C:\Program Files (x86)\Cypress\PSoC Creator\4.2\PSoC Creator\warp\lib\common\stdlogic\mod_genv.vif'.
Linking 'C:\Users\Tri94\Documents\PSoC Creator\EE4450\EE4450-Projects\SPI.cydsn\codegentemp\SPI.ctl'.
Linking 'C:\Program Files (x86)\Cypress\PSoC Creator\4.2\PSoC Creator\psoc\content\CyPrimitives\cyprimitives.cylib\cy_virtualmux_v1_0\cy_virtualmux_v1_0.v'.
Linking 'C:\Users\Tri94\Documents\PSoC Creator\EE4450\EE4450-Projects\SPI.cydsn\codegentemp\SPI.v'.
Linking 'C:\Program Files (x86)\Cypress\PSoC Creator\4.2\PSoC Creator\psoc\content\CyComponentLibrary\CyComponentLibrary.cylib\B_SPI_Master_v2_50\B_SPI_Master_v2_50.v'.
Linking 'C:\Program Files (x86)\Cypress\PSoC Creator\4.2\PSoC Creator\warp\lib\common\cypress.v'.
Linking 'C:\Program Files (x86)\Cypress\PSoC Creator\4.2\PSoC Creator\warp\lib\common\cy_psoc3_inc.v'.
Linking 'C:\Program Files (x86)\Cypress\PSoC Creator\4.2\PSoC Creator\psoc\content\CyPrimitives\cyprimitives.cylib\ZeroTerminal\ZeroTerminal.v'.
Linking 'C:\Program Files (x86)\Cypress\PSoC Creator\4.2\PSoC Creator\psoc\content\CyPrimitives\cyprimitives.cylib\demux_v1_10\demux_v1_10.v'.
Linking 'C:\Program Files (x86)\Cypress\PSoC Creator\4.2\PSoC Creator\psoc\content\CyPrimitives\cyprimitives.cylib\CyControlReg_v1_80\CyControlReg_v1_80.v'.
Linking 'C:\Program Files (x86)\Cypress\PSoC Creator\4.2\PSoC Creator\psoc\content\CyPrimitives\cyprimitives.cylib\cy_constant_v1_0\cy_constant_v1_0.v'.
Linking 'C:\Program Files (x86)\Cypress\PSoC Creator\4.2\PSoC Creator\psoc\content\CyPrimitives\cyprimitives.cylib\not_v1_0\not_v1_0.v'.
Linking 'C:\Program Files (x86)\Cypress\PSoC Creator\4.2\PSoC Creator\warp\lib\common\stdlogic\cy_psoc3pkg.vif'.
Linking 'C:\Program Files (x86)\Cypress\PSoC Creator\4.2\PSoC Creator\warp\lib\common\stdlogic\cy_psoc3.vif'.

tovif:  No errors.


======================================================================
Compiling:  SPI.v
Program  :   topld
Options  :    -yv2 -q10 -ygs -o2 -v3 -.fftcfgtype=LE -ya -.fftprj=C:\Users\Tri94\Documents\PSoC Creator\EE4450\EE4450-Projects\SPI.cydsn\SPI.cyprj -dcpsoc3 -verilog SPI.v
======================================================================

topld V6.3 IR 41:  Synthesis and optimization
Thu Oct 31 14:29:56 2019

Linking 'C:\Program Files (x86)\Cypress\PSoC Creator\4.2\PSoC Creator\warp\lib\common\std.vhd'.
Linking 'C:\Program Files (x86)\Cypress\PSoC Creator\4.2\PSoC Creator\warp\lib\common\cypress.vhd'.
Linking 'C:\Program Files (x86)\Cypress\PSoC Creator\4.2\PSoC Creator\warp\lib\common\work\cypress.vif'.
Linking 'C:\Program Files (x86)\Cypress\PSoC Creator\4.2\PSoC Creator\warp\lib\ieee\work\stdlogic.vif'.
Linking 'C:\Program Files (x86)\Cypress\PSoC Creator\4.2\PSoC Creator\warp\lib\common\stdlogic\lpmpkg.vif'.
Linking 'C:\Program Files (x86)\Cypress\PSoC Creator\4.2\PSoC Creator\warp\lib\common\stdlogic\rtlpkg.vif'.
Linking 'C:\Program Files (x86)\Cypress\PSoC Creator\4.2\PSoC Creator\warp\lib\common\stdlogic\mod_cnst.vif'.
Linking 'C:\Program Files (x86)\Cypress\PSoC Creator\4.2\PSoC Creator\warp\lib\common\stdlogic\mod_mthv.vif'.
Linking 'C:\Program Files (x86)\Cypress\PSoC Creator\4.2\PSoC Creator\warp\lib\common\stdlogic\mod_genv.vif'.
Linking 'C:\Users\Tri94\Documents\PSoC Creator\EE4450\EE4450-Projects\SPI.cydsn\codegentemp\SPI.ctl'.
Linking 'C:\Program Files (x86)\Cypress\PSoC Creator\4.2\PSoC Creator\psoc\content\CyPrimitives\cyprimitives.cylib\cy_virtualmux_v1_0\cy_virtualmux_v1_0.v'.
Linking 'C:\Users\Tri94\Documents\PSoC Creator\EE4450\EE4450-Projects\SPI.cydsn\codegentemp\SPI.v'.
Linking 'C:\Program Files (x86)\Cypress\PSoC Creator\4.2\PSoC Creator\psoc\content\CyComponentLibrary\CyComponentLibrary.cylib\B_SPI_Master_v2_50\B_SPI_Master_v2_50.v'.
Linking 'C:\Program Files (x86)\Cypress\PSoC Creator\4.2\PSoC Creator\warp\lib\common\cypress.v'.
Linking 'C:\Program Files (x86)\Cypress\PSoC Creator\4.2\PSoC Creator\warp\lib\common\cy_psoc3_inc.v'.
Linking 'C:\Program Files (x86)\Cypress\PSoC Creator\4.2\PSoC Creator\psoc\content\CyPrimitives\cyprimitives.cylib\ZeroTerminal\ZeroTerminal.v'.
Linking 'C:\Program Files (x86)\Cypress\PSoC Creator\4.2\PSoC Creator\psoc\content\CyPrimitives\cyprimitives.cylib\demux_v1_10\demux_v1_10.v'.
Linking 'C:\Program Files (x86)\Cypress\PSoC Creator\4.2\PSoC Creator\psoc\content\CyPrimitives\cyprimitives.cylib\CyControlReg_v1_80\CyControlReg_v1_80.v'.
Linking 'C:\Program Files (x86)\Cypress\PSoC Creator\4.2\PSoC Creator\psoc\content\CyPrimitives\cyprimitives.cylib\cy_constant_v1_0\cy_constant_v1_0.v'.
Linking 'C:\Program Files (x86)\Cypress\PSoC Creator\4.2\PSoC Creator\psoc\content\CyPrimitives\cyprimitives.cylib\not_v1_0\not_v1_0.v'.
Linking 'C:\Program Files (x86)\Cypress\PSoC Creator\4.2\PSoC Creator\warp\lib\common\stdlogic\cy_psoc3pkg.vif'.
Linking 'C:\Program Files (x86)\Cypress\PSoC Creator\4.2\PSoC Creator\warp\lib\common\stdlogic\cy_psoc3.vif'.
Linking 'C:\Program Files (x86)\Cypress\PSoC Creator\4.2\PSoC Creator\warp\lib\lcpsoc3\stdlogic\cpsoc3.vif'.

----------------------------------------------------------
Detecting unused logic.
----------------------------------------------------------
    User names
	\SPI:BSPIM:mosi_after_ld\
	\SPI:BSPIM:so_send\
	\SPI:BSPIM:mosi_fin\
	\SPI:BSPIM:mosi_cpha_0\
	\SPI:BSPIM:mosi_cpha_1\
	\SPI:BSPIM:pre_mosi\
	\SPI:BSPIM:dpcounter_zero\
	\SPI:BSPIM:control_7\
	\SPI:BSPIM:control_6\
	\SPI:BSPIM:control_5\
	\SPI:BSPIM:control_4\
	\SPI:BSPIM:control_3\
	\SPI:BSPIM:control_2\
	\SPI:BSPIM:control_1\
	\SPI:BSPIM:control_0\
	\SPI:Net_294\
	\SPI_SS_Reg:control_bus_7\
	\SPI_SS_Reg:control_bus_6\
	\SPI_SS_Reg:control_bus_5\
	\SPI_SS_Reg:control_bus_4\
	\SPI_SS_Reg:control_bus_3\
	\SPI_SS_Reg:control_bus_2\
	Net_6


Deleted 23 User equations/components.
Deleted 0 Synthesized equations/components.

------------------------------------------------------
Alias Detection
------------------------------------------------------
Aliasing \SPI:BSPIM:tx_status_3\ to \SPI:BSPIM:load_rx_data\
Aliasing \SPI:BSPIM:tx_status_6\ to \SPI:BSPIM:pol_supprt\
Aliasing \SPI:BSPIM:tx_status_5\ to \SPI:BSPIM:pol_supprt\
Aliasing \SPI:BSPIM:rx_status_3\ to \SPI:BSPIM:pol_supprt\
Aliasing \SPI:BSPIM:rx_status_2\ to \SPI:BSPIM:pol_supprt\
Aliasing \SPI:BSPIM:rx_status_1\ to \SPI:BSPIM:pol_supprt\
Aliasing \SPI:BSPIM:rx_status_0\ to \SPI:BSPIM:pol_supprt\
Aliasing zero to \SPI:BSPIM:pol_supprt\
Aliasing \SPI:Net_289\ to \SPI:BSPIM:pol_supprt\
Aliasing tmpOE__MOSI_net_0 to one
Aliasing tmpOE__SCLK_net_0 to one
Aliasing tmpOE__MISO_net_0 to one
Aliasing \SPI_SS_Reg:clk\ to \SPI:BSPIM:pol_supprt\
Aliasing \SPI_SS_Reg:rst\ to \SPI:BSPIM:pol_supprt\
Aliasing tmpOE__SS0_net_0 to one
Aliasing tmpOE__SS1_net_0 to one
Aliasing tmpOE__SS2_net_0 to one
Aliasing tmpOE__SS3_net_0 to one
Aliasing \SPI:BSPIM:so_send_reg\\D\ to \SPI:BSPIM:pol_supprt\
Aliasing \SPI:BSPIM:mosi_pre_reg\\D\ to \SPI:BSPIM:pol_supprt\
Aliasing \SPI:BSPIM:dpcounter_one_reg\\D\ to \SPI:BSPIM:load_rx_data\
Removing Rhs of wire \SPI:Net_276\[0] = \SPI:Net_288\[1]
Removing Rhs of wire \SPI:BSPIM:load_rx_data\[6] = \SPI:BSPIM:dpcounter_one\[7]
Removing Lhs of wire \SPI:BSPIM:miso_to_dp\[9] = \SPI:Net_244\[10]
Removing Lhs of wire \SPI:Net_244\[10] = Net_4[104]
Removing Rhs of wire Net_1[14] = \SPI:BSPIM:mosi_reg\[15]
Removing Rhs of wire \SPI:BSPIM:tx_status_1\[37] = \SPI:BSPIM:dpMOSI_fifo_empty\[38]
Removing Rhs of wire \SPI:BSPIM:tx_status_2\[39] = \SPI:BSPIM:dpMOSI_fifo_not_full\[40]
Removing Lhs of wire \SPI:BSPIM:tx_status_3\[41] = \SPI:BSPIM:load_rx_data\[6]
Removing Rhs of wire \SPI:BSPIM:rx_status_4\[43] = \SPI:BSPIM:dpMISO_fifo_full\[44]
Removing Rhs of wire \SPI:BSPIM:rx_status_5\[45] = \SPI:BSPIM:dpMISO_fifo_not_empty\[46]
Removing Lhs of wire \SPI:BSPIM:tx_status_6\[48] = \SPI:BSPIM:pol_supprt\[8]
Removing Lhs of wire \SPI:BSPIM:tx_status_5\[49] = \SPI:BSPIM:pol_supprt\[8]
Removing Lhs of wire \SPI:BSPIM:rx_status_3\[50] = \SPI:BSPIM:pol_supprt\[8]
Removing Lhs of wire \SPI:BSPIM:rx_status_2\[51] = \SPI:BSPIM:pol_supprt\[8]
Removing Lhs of wire \SPI:BSPIM:rx_status_1\[52] = \SPI:BSPIM:pol_supprt\[8]
Removing Lhs of wire \SPI:BSPIM:rx_status_0\[53] = \SPI:BSPIM:pol_supprt\[8]
Removing Rhs of wire \SPI:Net_273\[63] = \SPI:BSPIM:pol_supprt\[8]
Removing Rhs of wire zero[68] = \SPI:Net_273\[63]
Removing Lhs of wire \SPI:Net_289\[105] = zero[68]
Removing Rhs of wire Net_15_1[107] = \SPI_SS_Reg:control_out_1\[148]
Removing Rhs of wire Net_15_1[107] = \SPI_SS_Reg:control_1\[157]
Removing Rhs of wire Net_15_0[108] = \SPI_SS_Reg:control_out_0\[149]
Removing Rhs of wire Net_15_0[108] = \SPI_SS_Reg:control_0\[158]
Removing Rhs of wire Net_10[113] = \demux_1:tmp__demux_1_0_reg\[106]
Removing Rhs of wire Net_11[114] = \demux_1:tmp__demux_1_1_reg\[110]
Removing Rhs of wire Net_12[115] = \demux_1:tmp__demux_1_2_reg\[111]
Removing Rhs of wire Net_13[116] = \demux_1:tmp__demux_1_3_reg\[112]
Removing Lhs of wire tmpOE__MOSI_net_0[118] = one[4]
Removing Lhs of wire tmpOE__SCLK_net_0[124] = one[4]
Removing Lhs of wire tmpOE__MISO_net_0[130] = one[4]
Removing Lhs of wire \SPI_SS_Reg:clk\[134] = zero[68]
Removing Lhs of wire \SPI_SS_Reg:rst\[135] = zero[68]
Removing Lhs of wire tmpOE__SS0_net_0[160] = one[4]
Removing Lhs of wire tmpOE__SS1_net_0[167] = one[4]
Removing Lhs of wire tmpOE__SS2_net_0[174] = one[4]
Removing Lhs of wire tmpOE__SS3_net_0[181] = one[4]
Removing Lhs of wire \SPI:BSPIM:so_send_reg\\D\[188] = zero[68]
Removing Lhs of wire \SPI:BSPIM:mosi_pre_reg\\D\[194] = zero[68]
Removing Lhs of wire \SPI:BSPIM:dpcounter_one_reg\\D\[196] = \SPI:BSPIM:load_rx_data\[6]
Removing Lhs of wire \SPI:BSPIM:mosi_from_dp_reg\\D\[197] = \SPI:BSPIM:mosi_from_dp\[21]

------------------------------------------------------
Aliased 0 equations, 40 wires.
------------------------------------------------------

----------------------------------------------------------
Circuit simplification
----------------------------------------------------------

Substituting virtuals - pass 1:

Note:  Expanding virtual equation for '\SPI:BSPIM:load_rx_data\' (cost = 1):
\SPI:BSPIM:load_rx_data\ <= ((not \SPI:BSPIM:count_4\ and not \SPI:BSPIM:count_3\ and not \SPI:BSPIM:count_2\ and not \SPI:BSPIM:count_1\ and \SPI:BSPIM:count_0\));

Note:  Expanding virtual equation for 'zero' (cost = 0):
zero <=  ('0') ;

Note:  Expanding virtual equation for 'Net_43' (cost = 0):
Net_43 <= (not Net_3);

Note:  Expanding virtual equation for 'Net_10' (cost = 3):
Net_10 <= ((not Net_3 and not Net_15_1 and not Net_15_0));

Note:  Expanding virtual equation for 'Net_11' (cost = 3):
Net_11 <= ((not Net_3 and not Net_15_1 and Net_15_0));

Note:  Expanding virtual equation for 'Net_12' (cost = 3):
Net_12 <= ((not Net_3 and not Net_15_0 and Net_15_1));

Note:  Expanding virtual equation for 'Net_13' (cost = 3):
Net_13 <= ((not Net_3 and Net_15_1 and Net_15_0));


Substituting virtuals - pass 2:


----------------------------------------------------------
Circuit simplification results:

	Expanded 7 signals.
	Turned 0 signals into soft nodes.
	Maximum default expansion cost was set at 3.
----------------------------------------------------------

------------------------------------------------------
Alias Detection
------------------------------------------------------

------------------------------------------------------
Aliased 0 equations, 0 wires.
------------------------------------------------------

Last attempt to remove unused logic - pass 1:


Last attempt to remove unused logic - pass 2:


topld:  No errors.

CYPRESS_DIR    : C:\Program Files (x86)\Cypress\PSoC Creator\4.2\PSoC Creator\warp
Warp Program   : C:\Program Files (x86)\Cypress\PSoC Creator\4.2\PSoC Creator\warp\bin\warp.exe
Warp Arguments : -yv2 -q10 -ygs -o2 -v3 -.fftcfgtype=LE -ya "-.fftprj=C:\Users\Tri94\Documents\PSoC Creator\EE4450\EE4450-Projects\SPI.cydsn\SPI.cyprj" -dcpsoc3 SPI.v -verilog
</CYPRESSTAG>
Warp synthesis phase: Elapsed time ==> 0s.574ms
<CYPRESSTAG name="Fitter results...">
<CYPRESSTAG name="Fitter startup details...">
cyp3fit: V4.2.0.641, Family: PSoC3, Started at: Thursday, 31 October 2019 14:29:57
Options: -yv2 -q10 -ygs -o2 -v3 -.fftcfgtype=LE -ya -.fftprj=C:\Users\Tri94\Documents\PSoC Creator\EE4450\EE4450-Projects\SPI.cydsn\SPI.cyprj -d CY8C5888LTI-LP097 SPI.v -verilog
</CYPRESSTAG>
<CYPRESSTAG name="Design parsing">
Design parsing phase: Elapsed time ==> 0s.012ms
</CYPRESSTAG>
<CYPRESSTAG name="Tech Mapping">
<CYPRESSTAG name="Initial Mapping" icon="FILE_RPT_TECHM">
    Converted constant MacroCell: \SPI:BSPIM:so_send_reg\ from registered to combinatorial
    Converted constant MacroCell: \SPI:BSPIM:mosi_pre_reg\ from registered to combinatorial
<CYPRESSTAG name="Global Clock Selection" icon="FILE_RPT_TECHM">
    Digital Clock 0: Automatic-assigning  clock 'SPI_IntClock'. Fanout=1, Signal=\SPI:Net_276\
</CYPRESSTAG>

Removing unused cells resulting from optimization
Done removing unused cells.
<CYPRESSTAG name="UDB Clock/Enable Remapping Results">
    UDB Clk/Enable \SPI:BSPIM:ClkEn\: with output requested to be synchronous
        ClockIn: SPI_IntClock was determined to be a global clock that is synchronous to BUS_CLK
        EnableIn: Constant 1 was determined to be synchronous to ClockIn
        ClockOut: SPI_IntClock, EnableOut: Constant 1
</CYPRESSTAG>

Removing unused cells resulting from optimization
Done removing unused cells.
<CYPRESSTAG name="Duplicate Macrocell detection">
</CYPRESSTAG>
</CYPRESSTAG>
<CYPRESSTAG name="Duplicate Macrocell detection">
</CYPRESSTAG>
<CYPRESSTAG name="Design Equations" icon="FILE_RPT_EQUATION">

------------------------------------------------------------
Design Equations
------------------------------------------------------------
    <CYPRESSTAG name="Pin listing">

    ------------------------------------------------------------
    Pin listing
    ------------------------------------------------------------

    Pin : Name = MOSI(0)
        Attributes:
            In Group/Port: True
            In Sync Option: AUTO
            Out Sync Option: NOSYNC
            Interrupt generated: False
            Interrupt mode: NONE
            Drive mode: CMOS_OUT
            VTrip: EITHER
            Slew: FAST
            Input Sync needed: False
            Output Sync needed: False
            SC shield enabled: False
            POR State: ANY
            LCD Mode: COMMON
            Register Mode: RegComb
            CaSense Mode: NEITHER
            Treat as pin: True
            Is OE Registered: False
            Uses Analog: False
            Can contain Digital: True
            Is SIO: False
            SIO Output Buf: NONREGULATED
            SIO Input Buf: SINGLE_ENDED
            SIO HiFreq: LOW
            SIO Hyst: DISABLED
            SIO Vtrip: MULTIPLIER_0_5
            SIO Multiplier Index: 0
            SIO RefSel: VCC_IO
            Required Capabilities: DIGITAL, ROUTABLE
            Initial Value: 0
            IO Voltage: 0
        PORT MAP (
            pa_out => MOSI(0)__PA ,
            pin_input => Net_1 ,
            pad => MOSI(0)_PAD );
        Properties:
        {
        }

    Pin : Name = SCLK(0)
        Attributes:
            In Group/Port: True
            In Sync Option: AUTO
            Out Sync Option: NOSYNC
            Interrupt generated: False
            Interrupt mode: NONE
            Drive mode: CMOS_OUT
            VTrip: EITHER
            Slew: FAST
            Input Sync needed: False
            Output Sync needed: False
            SC shield enabled: False
            POR State: ANY
            LCD Mode: COMMON
            Register Mode: RegComb
            CaSense Mode: NEITHER
            Treat as pin: True
            Is OE Registered: False
            Uses Analog: False
            Can contain Digital: True
            Is SIO: False
            SIO Output Buf: NONREGULATED
            SIO Input Buf: SINGLE_ENDED
            SIO HiFreq: LOW
            SIO Hyst: DISABLED
            SIO Vtrip: MULTIPLIER_0_5
            SIO Multiplier Index: 0
            SIO RefSel: VCC_IO
            Required Capabilities: DIGITAL, ROUTABLE
            Initial Value: 0
            IO Voltage: 0
        PORT MAP (
            pa_out => SCLK(0)__PA ,
            pin_input => Net_2 ,
            pad => SCLK(0)_PAD );
        Properties:
        {
        }

    Pin : Name = MISO(0)
        Attributes:
            In Group/Port: True
            In Sync Option: NOSYNC
            Out Sync Option: AUTO
            Interrupt generated: False
            Interrupt mode: NONE
            Drive mode: HI_Z_DIGITAL
            VTrip: CMOS
            Slew: FAST
            Input Sync needed: False
            Output Sync needed: False
            SC shield enabled: False
            POR State: ANY
            LCD Mode: COMMON
            Register Mode: RegComb
            CaSense Mode: NEITHER
            Treat as pin: True
            Is OE Registered: False
            Uses Analog: False
            Can contain Digital: True
            Is SIO: False
            SIO Output Buf: NONREGULATED
            SIO Input Buf: SINGLE_ENDED
            SIO HiFreq: LOW
            SIO Hyst: DISABLED
            SIO Vtrip: MULTIPLIER_0_5
            SIO Multiplier Index: 0
            SIO RefSel: VCC_IO
            Required Capabilities: DIGITAL, ROUTABLE
            Initial Value: 0
            IO Voltage: 0
        PORT MAP (
            pa_out => MISO(0)__PA ,
            fb => Net_4 ,
            pad => MISO(0)_PAD );
        Properties:
        {
        }

    Pin : Name = SS0(0)
        Attributes:
            In Group/Port: True
            In Sync Option: AUTO
            Out Sync Option: NOSYNC
            Interrupt generated: False
            Interrupt mode: NONE
            Drive mode: CMOS_OUT
            VTrip: EITHER
            Slew: FAST
            Input Sync needed: False
            Output Sync needed: False
            SC shield enabled: False
            POR State: ANY
            LCD Mode: COMMON
            Register Mode: RegComb
            CaSense Mode: NEITHER
            Treat as pin: True
            Is OE Registered: False
            Uses Analog: False
            Can contain Digital: True
            Is SIO: False
            SIO Output Buf: NONREGULATED
            SIO Input Buf: SINGLE_ENDED
            SIO HiFreq: LOW
            SIO Hyst: DISABLED
            SIO Vtrip: MULTIPLIER_0_5
            SIO Multiplier Index: 0
            SIO RefSel: VCC_IO
            Required Capabilities: DIGITAL, ROUTABLE
            Initial Value: 0
            IO Voltage: 0
        PORT MAP (
            pa_out => SS0(0)__PA ,
            pin_input => Net_32 ,
            pad => SS0(0)_PAD );
        Properties:
        {
        }

    Pin : Name = SS1(0)
        Attributes:
            In Group/Port: True
            In Sync Option: AUTO
            Out Sync Option: NOSYNC
            Interrupt generated: False
            Interrupt mode: NONE
            Drive mode: CMOS_OUT
            VTrip: EITHER
            Slew: FAST
            Input Sync needed: False
            Output Sync needed: False
            SC shield enabled: False
            POR State: ANY
            LCD Mode: COMMON
            Register Mode: RegComb
            CaSense Mode: NEITHER
            Treat as pin: True
            Is OE Registered: False
            Uses Analog: False
            Can contain Digital: True
            Is SIO: False
            SIO Output Buf: NONREGULATED
            SIO Input Buf: SINGLE_ENDED
            SIO HiFreq: LOW
            SIO Hyst: DISABLED
            SIO Vtrip: MULTIPLIER_0_5
            SIO Multiplier Index: 0
            SIO RefSel: VCC_IO
            Required Capabilities: DIGITAL, ROUTABLE
            Initial Value: 0
            IO Voltage: 0
        PORT MAP (
            pa_out => SS1(0)__PA ,
            pin_input => Net_34 ,
            pad => SS1(0)_PAD );
        Properties:
        {
        }

    Pin : Name = SS2(0)
        Attributes:
            In Group/Port: True
            In Sync Option: AUTO
            Out Sync Option: NOSYNC
            Interrupt generated: False
            Interrupt mode: NONE
            Drive mode: CMOS_OUT
            VTrip: EITHER
            Slew: FAST
            Input Sync needed: False
            Output Sync needed: False
            SC shield enabled: False
            POR State: ANY
            LCD Mode: COMMON
            Register Mode: RegComb
            CaSense Mode: NEITHER
            Treat as pin: True
            Is OE Registered: False
            Uses Analog: False
            Can contain Digital: True
            Is SIO: False
            SIO Output Buf: NONREGULATED
            SIO Input Buf: SINGLE_ENDED
            SIO HiFreq: LOW
            SIO Hyst: DISABLED
            SIO Vtrip: MULTIPLIER_0_5
            SIO Multiplier Index: 0
            SIO RefSel: VCC_IO
            Required Capabilities: DIGITAL, ROUTABLE
            Initial Value: 0
            IO Voltage: 0
        PORT MAP (
            pa_out => SS2(0)__PA ,
            pin_input => Net_36 ,
            pad => SS2(0)_PAD );
        Properties:
        {
        }

    Pin : Name = SS3(0)
        Attributes:
            In Group/Port: True
            In Sync Option: AUTO
            Out Sync Option: NOSYNC
            Interrupt generated: False
            Interrupt mode: NONE
            Drive mode: CMOS_OUT
            VTrip: EITHER
            Slew: FAST
            Input Sync needed: False
            Output Sync needed: False
            SC shield enabled: False
            POR State: ANY
            LCD Mode: COMMON
            Register Mode: RegComb
            CaSense Mode: NEITHER
            Treat as pin: True
            Is OE Registered: False
            Uses Analog: False
            Can contain Digital: True
            Is SIO: False
            SIO Output Buf: NONREGULATED
            SIO Input Buf: SINGLE_ENDED
            SIO HiFreq: LOW
            SIO Hyst: DISABLED
            SIO Vtrip: MULTIPLIER_0_5
            SIO Multiplier Index: 0
            SIO RefSel: VCC_IO
            Required Capabilities: DIGITAL, ROUTABLE
            Initial Value: 0
            IO Voltage: 0
        PORT MAP (
            pa_out => SS3(0)__PA ,
            pin_input => Net_38 ,
            pad => SS3(0)_PAD );
        Properties:
        {
        }
    </CYPRESSTAG>
    <CYPRESSTAG name="Macrocell listing" icon="FILE_RPT_EQUATION">

    ------------------------------------------------------------
    Macrocell listing
    ------------------------------------------------------------

    MacroCell: Name=\SPI:BSPIM:load_rx_data\, Mode=(Combinatorial)
        Total # of inputs        : 5
        Total # of product terms : 1
            Clock Enable: True
        Main Equation            : 1 pterm
        (
              !\SPI:BSPIM:count_4\ * !\SPI:BSPIM:count_3\ * 
              !\SPI:BSPIM:count_2\ * !\SPI:BSPIM:count_1\ * 
              \SPI:BSPIM:count_0\
        );
        Output = \SPI:BSPIM:load_rx_data\ (fanout=2)

    MacroCell: Name=\SPI:BSPIM:tx_status_0\, Mode=(Combinatorial)
        Total # of inputs        : 3
        Total # of product terms : 1
            Clock Enable: True
        Main Equation            : 1 pterm
        (
              \SPI:BSPIM:state_2\ * !\SPI:BSPIM:state_1\ * 
              \SPI:BSPIM:state_0\
        );
        Output = \SPI:BSPIM:tx_status_0\ (fanout=1)

    MacroCell: Name=\SPI:BSPIM:tx_status_4\, Mode=(Combinatorial)
        Total # of inputs        : 3
        Total # of product terms : 1
            Clock Enable: True
        Main Equation            : 1 pterm
        (
              !\SPI:BSPIM:state_2\ * !\SPI:BSPIM:state_1\ * 
              !\SPI:BSPIM:state_0\
        );
        Output = \SPI:BSPIM:tx_status_4\ (fanout=1)

    MacroCell: Name=\SPI:BSPIM:rx_status_6\, Mode=(Combinatorial)
        Total # of inputs        : 6
        Total # of product terms : 1
            Clock Enable: True
        Main Equation            : 1 pterm
        (
              !\SPI:BSPIM:count_4\ * !\SPI:BSPIM:count_3\ * 
              !\SPI:BSPIM:count_2\ * !\SPI:BSPIM:count_1\ * 
              \SPI:BSPIM:count_0\ * \SPI:BSPIM:rx_status_4\
        );
        Output = \SPI:BSPIM:rx_status_6\ (fanout=1)

    MacroCell: Name=Net_32, Mode=(Combinatorial)
        Total # of inputs        : 3
        Total # of product terms : 1
            Clock Enable: True
        Main Equation            : 1 pterm
        !(
              !Net_3 * !Net_15_1 * !Net_15_0
        );
        Output = Net_32 (fanout=1)

    MacroCell: Name=Net_34, Mode=(Combinatorial)
        Total # of inputs        : 3
        Total # of product terms : 1
            Clock Enable: True
        Main Equation            : 1 pterm
        !(
              !Net_3 * !Net_15_1 * Net_15_0
        );
        Output = Net_34 (fanout=1)

    MacroCell: Name=Net_36, Mode=(Combinatorial)
        Total # of inputs        : 3
        Total # of product terms : 1
            Clock Enable: True
        Main Equation            : 1 pterm
        !(
              !Net_3 * Net_15_1 * !Net_15_0
        );
        Output = Net_36 (fanout=1)

    MacroCell: Name=Net_38, Mode=(Combinatorial)
        Total # of inputs        : 3
        Total # of product terms : 1
            Clock Enable: True
        Main Equation            : 1 pterm
        !(
              !Net_3 * Net_15_1 * Net_15_0
        );
        Output = Net_38 (fanout=1)

    MacroCell: Name=Net_1, Mode=(D-Register)
        Total # of inputs        : 11
        Total # of product terms : 7
        List of special equations: 
            Clock  = (\SPI:Net_276\) => Global
            Clock Enable: True
        Main Equation            : 7 pterms
        !(
              !Net_1 * !\SPI:BSPIM:state_2\ * \SPI:BSPIM:state_0\
            + !\SPI:BSPIM:state_2\ * !\SPI:BSPIM:state_1\ * 
              !\SPI:BSPIM:state_0\
            + !\SPI:BSPIM:state_2\ * !\SPI:BSPIM:state_0\ * 
              !\SPI:BSPIM:count_4\ * !\SPI:BSPIM:count_3\ * 
              !\SPI:BSPIM:count_2\ * \SPI:BSPIM:count_1\ * 
              !\SPI:BSPIM:count_0\ * !\SPI:BSPIM:ld_ident\
            + \SPI:BSPIM:state_2\ * !\SPI:BSPIM:state_1\ * 
              \SPI:BSPIM:state_0\
            + \SPI:BSPIM:state_2\ * \SPI:BSPIM:state_1\ * 
              !\SPI:BSPIM:state_0\
            + \SPI:BSPIM:state_2\ * !\SPI:BSPIM:mosi_from_dp\
            + !\SPI:BSPIM:state_0\ * !\SPI:BSPIM:mosi_from_dp\
        );
        Output = Net_1 (fanout=2)

    MacroCell: Name=\SPI:BSPIM:state_2\, Mode=(D-Register)
        Total # of inputs        : 10
        Total # of product terms : 3
        List of special equations: 
            Clock  = (\SPI:Net_276\) => Global
            Clock Enable: True
        Main Equation            : 3 pterms
        (
              !\SPI:BSPIM:state_2\ * !\SPI:BSPIM:state_1\ * 
              \SPI:BSPIM:state_0\
            + !\SPI:BSPIM:state_2\ * \SPI:BSPIM:state_1\ * 
              !\SPI:BSPIM:state_0\ * !\SPI:BSPIM:count_4\ * 
              !\SPI:BSPIM:count_3\ * !\SPI:BSPIM:count_2\ * 
              \SPI:BSPIM:count_1\ * !\SPI:BSPIM:count_0\ * 
              !\SPI:BSPIM:ld_ident\
            + !\SPI:BSPIM:state_2\ * \SPI:BSPIM:state_0\ * 
              !\SPI:BSPIM:count_4\ * !\SPI:BSPIM:count_3\ * 
              \SPI:BSPIM:count_2\ * !\SPI:BSPIM:count_1\ * 
              \SPI:BSPIM:count_0\ * !\SPI:BSPIM:tx_status_1\
        );
        Output = \SPI:BSPIM:state_2\ (fanout=12)

    MacroCell: Name=\SPI:BSPIM:state_1\, Mode=(T-Register)
        Total # of inputs        : 10
        Total # of product terms : 4
        List of special equations: 
            Clock  = (\SPI:Net_276\) => Global
            Clock Enable: True
        Main Equation            : 4 pterms
        (
              !\SPI:BSPIM:state_2\ * !\SPI:BSPIM:state_1\ * 
              \SPI:BSPIM:state_0\
            + !\SPI:BSPIM:state_2\ * \SPI:BSPIM:state_0\ * 
              !\SPI:BSPIM:count_4\ * !\SPI:BSPIM:count_3\ * 
              \SPI:BSPIM:count_2\ * !\SPI:BSPIM:count_1\ * 
              \SPI:BSPIM:count_0\ * !\SPI:BSPIM:tx_status_1\
            + \SPI:BSPIM:state_2\ * !\SPI:BSPIM:state_0\
            + \SPI:BSPIM:state_1\ * !\SPI:BSPIM:state_0\ * 
              !\SPI:BSPIM:count_4\ * !\SPI:BSPIM:count_3\ * 
              !\SPI:BSPIM:count_2\ * \SPI:BSPIM:count_1\ * 
              !\SPI:BSPIM:count_0\ * !\SPI:BSPIM:ld_ident\
        );
        Output = \SPI:BSPIM:state_1\ (fanout=12)

    MacroCell: Name=\SPI:BSPIM:state_0\, Mode=(T-Register)
        Total # of inputs        : 4
        Total # of product terms : 3
        List of special equations: 
            Clock  = (\SPI:Net_276\) => Global
            Clock Enable: True
        Main Equation            : 3 pterms
        (
              !\SPI:BSPIM:state_2\ * \SPI:BSPIM:state_1\
            + \SPI:BSPIM:state_2\ * !\SPI:BSPIM:state_1\
            + !\SPI:BSPIM:state_1\ * !\SPI:BSPIM:state_0\ * 
              !\SPI:BSPIM:tx_status_1\
        );
        Output = \SPI:BSPIM:state_0\ (fanout=12)

    MacroCell: Name=Net_3, Mode=(D-Register)
        Total # of inputs        : 4
        Total # of product terms : 4
        List of special equations: 
            Clock  = (\SPI:Net_276\) => Global
            Clock Enable: True
        Main Equation            : 4 pterms
        !(
              !\SPI:BSPIM:state_2\ * !\SPI:BSPIM:state_1\ * 
              \SPI:BSPIM:state_0\
            + !\SPI:BSPIM:state_2\ * \SPI:BSPIM:state_1\ * !Net_3
            + \SPI:BSPIM:state_2\ * !\SPI:BSPIM:state_1\ * 
              !\SPI:BSPIM:state_0\ * !Net_3
            + \SPI:BSPIM:state_1\ * \SPI:BSPIM:state_0\ * !Net_3
        );
        Output = Net_3 (fanout=5)

    MacroCell: Name=\SPI:BSPIM:load_cond\, Mode=(T-Register)
        Total # of inputs        : 9
        Total # of product terms : 4
        List of special equations: 
            Clock  = (\SPI:Net_276\) => Global
            Clock Enable: True
        Main Equation            : 4 pterms
        (
              !\SPI:BSPIM:state_2\ * !\SPI:BSPIM:count_4\ * 
              !\SPI:BSPIM:count_3\ * !\SPI:BSPIM:count_2\ * 
              !\SPI:BSPIM:count_1\ * !\SPI:BSPIM:count_0\ * 
              \SPI:BSPIM:load_cond\
            + \SPI:BSPIM:state_2\ * !\SPI:BSPIM:state_1\ * 
              !\SPI:BSPIM:state_0\ * !\SPI:BSPIM:load_cond\
            + \SPI:BSPIM:state_1\ * !\SPI:BSPIM:count_4\ * 
              !\SPI:BSPIM:count_3\ * !\SPI:BSPIM:count_2\ * 
              !\SPI:BSPIM:count_1\ * !\SPI:BSPIM:count_0\ * 
              \SPI:BSPIM:load_cond\
            + \SPI:BSPIM:state_0\ * !\SPI:BSPIM:count_4\ * 
              !\SPI:BSPIM:count_3\ * !\SPI:BSPIM:count_2\ * 
              !\SPI:BSPIM:count_1\ * !\SPI:BSPIM:count_0\ * 
              \SPI:BSPIM:load_cond\
        );
        Output = \SPI:BSPIM:load_cond\ (fanout=1)

    MacroCell: Name=\SPI:BSPIM:ld_ident\, Mode=(T-Register)
        Total # of inputs        : 9
        Total # of product terms : 3
        List of special equations: 
            Clock  = (\SPI:Net_276\) => Global
            Clock Enable: True
        Main Equation            : 3 pterms
        (
              \SPI:BSPIM:state_2\ * !\SPI:BSPIM:state_1\ * 
              !\SPI:BSPIM:state_0\ * !\SPI:BSPIM:ld_ident\
            + \SPI:BSPIM:state_2\ * \SPI:BSPIM:state_1\ * 
              !\SPI:BSPIM:state_0\ * \SPI:BSPIM:ld_ident\
            + \SPI:BSPIM:state_1\ * !\SPI:BSPIM:state_0\ * 
              !\SPI:BSPIM:count_4\ * !\SPI:BSPIM:count_3\ * 
              !\SPI:BSPIM:count_2\ * \SPI:BSPIM:count_1\ * 
              !\SPI:BSPIM:count_0\ * \SPI:BSPIM:ld_ident\
        );
        Output = \SPI:BSPIM:ld_ident\ (fanout=4)

    MacroCell: Name=\SPI:BSPIM:cnt_enable\, Mode=(T-Register)
        Total # of inputs        : 4
        Total # of product terms : 4
        List of special equations: 
            Clock  = (\SPI:Net_276\) => Global
            Clock Enable: True
        Main Equation            : 4 pterms
        (
              !\SPI:BSPIM:state_2\ * !\SPI:BSPIM:state_1\ * 
              !\SPI:BSPIM:state_0\ * \SPI:BSPIM:cnt_enable\
            + !\SPI:BSPIM:state_2\ * \SPI:BSPIM:state_1\ * 
              \SPI:BSPIM:state_0\ * !\SPI:BSPIM:cnt_enable\
            + \SPI:BSPIM:state_2\ * !\SPI:BSPIM:state_1\ * 
              \SPI:BSPIM:state_0\ * \SPI:BSPIM:cnt_enable\
            + \SPI:BSPIM:state_2\ * \SPI:BSPIM:state_1\ * 
              !\SPI:BSPIM:state_0\ * \SPI:BSPIM:cnt_enable\
        );
        Output = \SPI:BSPIM:cnt_enable\ (fanout=2)

    MacroCell: Name=Net_2, Mode=(D-Register)
        Total # of inputs        : 4
        Total # of product terms : 2
        List of special equations: 
            Clock  = (\SPI:Net_276\) => Global
            Clock Enable: True
        Main Equation            : 2 pterms
        (
              !\SPI:BSPIM:state_2\ * \SPI:BSPIM:state_1\ * 
              \SPI:BSPIM:state_0\
            + \SPI:BSPIM:state_1\ * \SPI:BSPIM:state_0\ * Net_2
        );
        Output = Net_2 (fanout=2)
    </CYPRESSTAG>
    <CYPRESSTAG name="Datapath listing">

    ------------------------------------------------------------
    Datapath listing
    ------------------------------------------------------------

    datapathcell: Name =\SPI:BSPIM:sR8:Dp:u0\
        PORT MAP (
            clock => \SPI:Net_276\ ,
            cs_addr_2 => \SPI:BSPIM:state_2\ ,
            cs_addr_1 => \SPI:BSPIM:state_1\ ,
            cs_addr_0 => \SPI:BSPIM:state_0\ ,
            route_si => Net_4 ,
            f1_load => \SPI:BSPIM:load_rx_data\ ,
            so_comb => \SPI:BSPIM:mosi_from_dp\ ,
            f0_bus_stat_comb => \SPI:BSPIM:tx_status_2\ ,
            f0_blk_stat_comb => \SPI:BSPIM:tx_status_1\ ,
            f1_bus_stat_comb => \SPI:BSPIM:rx_status_5\ ,
            f1_blk_stat_comb => \SPI:BSPIM:rx_status_4\ );
        Properties:
        {
            a0_init = "00000000"
            a1_init = "00000000"
            ce0_sync = 1
            ce1_sync = 1
            cl0_sync = 1
            cl1_sync = 1
            cmsb_sync = 1
            co_msb_sync = 1
            cy_dpconfig = "0000000000000000000000001100000000000001010000000001000100010000000000011100000000010001000000000000000101000000000000010100000011111111000000001111111111111111000000000010001000001000111100000000000000000100"
            d0_init = "00000000"
            d1_init = "00000000"
            f0_blk_sync = 1
            f0_bus_sync = 1
            f1_blk_sync = 1
            f1_bus_sync = 1
            ff0_sync = 1
            ff1_sync = 1
            ov_msb_sync = 1
            so_sync = 1
            z0_sync = 1
            z1_sync = 1
        }
        Clock Polarity: Active High
        Clock Enable: True
    </CYPRESSTAG>
    <CYPRESSTAG name="Status register listing">
    </CYPRESSTAG>
    <CYPRESSTAG name="StatusI register listing">

    ------------------------------------------------------------
    StatusI register listing
    ------------------------------------------------------------

    statusicell: Name =\SPI:BSPIM:TxStsReg\
        PORT MAP (
            clock => \SPI:Net_276\ ,
            status_4 => \SPI:BSPIM:tx_status_4\ ,
            status_3 => \SPI:BSPIM:load_rx_data\ ,
            status_2 => \SPI:BSPIM:tx_status_2\ ,
            status_1 => \SPI:BSPIM:tx_status_1\ ,
            status_0 => \SPI:BSPIM:tx_status_0\ );
        Properties:
        {
            cy_force_order = 1
            cy_int_mask = "0000000"
            cy_md_select = "0001001"
        }
        Clock Polarity: Active High
        Clock Enable: True

    statusicell: Name =\SPI:BSPIM:RxStsReg\
        PORT MAP (
            clock => \SPI:Net_276\ ,
            status_6 => \SPI:BSPIM:rx_status_6\ ,
            status_5 => \SPI:BSPIM:rx_status_5\ ,
            status_4 => \SPI:BSPIM:rx_status_4\ );
        Properties:
        {
            cy_force_order = 1
            cy_int_mask = "0000000"
            cy_md_select = "1000000"
        }
        Clock Polarity: Active High
        Clock Enable: True
    </CYPRESSTAG>
    <CYPRESSTAG name="Sync listing">
    </CYPRESSTAG>
    <CYPRESSTAG name="Control register listing">

    ------------------------------------------------------------
    Control register listing
    ------------------------------------------------------------

    controlcell: Name =\SPI_SS_Reg:Sync:ctrl_reg\
        PORT MAP (
            control_7 => \SPI_SS_Reg:control_7\ ,
            control_6 => \SPI_SS_Reg:control_6\ ,
            control_5 => \SPI_SS_Reg:control_5\ ,
            control_4 => \SPI_SS_Reg:control_4\ ,
            control_3 => \SPI_SS_Reg:control_3\ ,
            control_2 => \SPI_SS_Reg:control_2\ ,
            control_1 => Net_15_1 ,
            control_0 => Net_15_0 );
        Properties:
        {
            cy_ctrl_mode_0 = "00000000"
            cy_ctrl_mode_1 = "00000000"
            cy_ext_reset = 0
            cy_force_order = 1
            cy_init_value = "00000000"
        }
        Clock Enable: True
    </CYPRESSTAG>
    <CYPRESSTAG name="Count7 listing">

    ------------------------------------------------------------
    Count7 listing
    ------------------------------------------------------------

    count7cell: Name =\SPI:BSPIM:BitCounter\
        PORT MAP (
            clock => \SPI:Net_276\ ,
            enable => \SPI:BSPIM:cnt_enable\ ,
            count_6 => \SPI:BSPIM:count_6\ ,
            count_5 => \SPI:BSPIM:count_5\ ,
            count_4 => \SPI:BSPIM:count_4\ ,
            count_3 => \SPI:BSPIM:count_3\ ,
            count_2 => \SPI:BSPIM:count_2\ ,
            count_1 => \SPI:BSPIM:count_1\ ,
            count_0 => \SPI:BSPIM:count_0\ ,
            tc => \SPI:BSPIM:cnt_tc\ );
        Properties:
        {
            cy_alt_mode = 0
            cy_init_value = "0000000"
            cy_period = "0001111"
            cy_route_en = 1
            cy_route_ld = 0
        }
        Clock Polarity: Active High
        Clock Enable: True
    </CYPRESSTAG>
    <CYPRESSTAG name="DRQ listing">
    </CYPRESSTAG>
    <CYPRESSTAG name="Interrupt listing">
    </CYPRESSTAG>
</CYPRESSTAG>
<CYPRESSTAG name="Technology mapping summary" expanded>

------------------------------------------------------------
Technology mapping summary
------------------------------------------------------------

Resource Type                 : Used : Free :  Max :  % Used
============================================================
Digital Clocks                :    1 :    7 :    8 : 12.50 %
Analog Clocks                 :    0 :    4 :    4 :  0.00 %
CapSense Buffers              :    0 :    2 :    2 :  0.00 %
Digital Filter Block          :    0 :    1 :    1 :  0.00 %
Interrupts                    :    0 :   32 :   32 :  0.00 %
IO                            :   10 :   38 :   48 : 20.83 %
Segment LCD                   :    0 :    1 :    1 :  0.00 %
CAN 2.0b                      :    0 :    1 :    1 :  0.00 %
I2C                           :    0 :    1 :    1 :  0.00 %
USB                           :    0 :    1 :    1 :  0.00 %
DMA Channels                  :    0 :   24 :   24 :  0.00 %
Timer                         :    0 :    4 :    4 :  0.00 %
UDB                           :      :      :      :        
  Macrocells                  :   17 :  175 :  192 :  8.85 %
  Unique P-terms              :   37 :  347 :  384 :  9.64 %
  Total P-terms               :   42 :      :      :        
  Datapath Cells              :    1 :   23 :   24 :  4.17 %
  Status Cells                :    3 :   21 :   24 : 12.50 %
    StatusI Registers         :    2 :      :      :        
    Routed Count7 Load/Enable :    1 :      :      :        
  Control Cells               :    2 :   22 :   24 :  8.33 %
    Control Registers         :    1 :      :      :        
    Count7 Cells              :    1 :      :      :        
Opamp                         :    0 :    4 :    4 :  0.00 %
Comparator                    :    0 :    4 :    4 :  0.00 %
Delta-Sigma ADC               :    0 :    1 :    1 :  0.00 %
LPF                           :    0 :    2 :    2 :  0.00 %
SAR ADC                       :    0 :    2 :    2 :  0.00 %
Analog (SC/CT) Blocks         :    0 :    4 :    4 :  0.00 %
DAC                           :      :      :      :        
  VIDAC                       :    0 :    4 :    4 :  0.00 %
</CYPRESSTAG>
Technology Mapping: Elapsed time ==> 0s.105ms
Tech Mapping phase: Elapsed time ==> 0s.195ms
</CYPRESSTAG>
<CYPRESSTAG name="Analog Placement">
Initial Analog Placement Results:
IO_0@[IOP=(2)][IoId=(0)] : MISO(0) (fixed)
IO_1@[IOP=(2)][IoId=(1)] : MOSI(0) (fixed)
IO_2@[IOP=(2)][IoId=(2)] : SCLK(0) (fixed)
IO_3@[IOP=(2)][IoId=(3)] : SS0(0) (fixed)
IO_4@[IOP=(2)][IoId=(4)] : SS1(0) (fixed)
IO_5@[IOP=(2)][IoId=(5)] : SS2(0) (fixed)
IO_6@[IOP=(2)][IoId=(6)] : SS3(0) (fixed)
Analog Placement phase: Elapsed time ==> 0s.044ms
</CYPRESSTAG>
<CYPRESSTAG name="Analog Routing">
Analog Routing phase: Elapsed time ==> 0s.000ms
</CYPRESSTAG>
<CYPRESSTAG name="Analog Code Generation">
============ Analog Final Answer Routes ============
Dump of CyAnalogRoutingResultsDB
Map of net to items {
}
Map of item to net {
}
Mux Info {
}
Dump of CyP35AnalogRoutingResultsDB
IsVddaHalfUsedForComp = False
IsVddaHalfUsedForSar0 = False
IsVddaHalfUsedForSar1 = False
Analog Code Generation phase: Elapsed time ==> 0s.245ms
</CYPRESSTAG>
<CYPRESSTAG name="Digital Placement">
<CYPRESSTAG name="Detailed placement messages">
I2076: Total run-time: 0.6 sec.

</CYPRESSTAG>
<CYPRESSTAG name="PLD Packing">
<CYPRESSTAG name="PLD Packing Summary" expanded>

------------------------------------------------------------
PLD Packing Summary
------------------------------------------------------------
            Resource Type : Used : Free :  Max :  % Used
    ====================================================
                     PLDs :    7 :   41 :   48 :  14.58%

<CYPRESSTAG name="PLD Statistics">

        PLD Resource Type :     Average/LAB
    =======================================
                   Inputs :            7.86
                   Pterms :            5.43
               Macrocells :            2.43
</CYPRESSTAG>
<CYPRESSTAG name="Packed PLD Contents">
Packed PLD Contents not displayed at this verbose level.</CYPRESSTAG>
</CYPRESSTAG>
PLD Packing: Elapsed time ==> 0s.000ms
</CYPRESSTAG>
<CYPRESSTAG name="Partitioning">
<CYPRESSTAG name="Initial Partitioning Summary">
Initial Partitioning Summary not displayed at this verbose level.</CYPRESSTAG>
<CYPRESSTAG name="Final Partitioning Summary">
Final Partitioning Summary not displayed at this verbose level.</CYPRESSTAG>
Partitioning: Elapsed time ==> 0s.013ms
</CYPRESSTAG>
<CYPRESSTAG name="Final Placement Summary">

------------------------------------------------------------
Final Placement Summary
------------------------------------------------------------

       Resource Type :      Count : Avg Inputs : Avg Outputs
    ========================================================
                 UDB :          4 :       8.75 :       4.25
<CYPRESSTAG name="Final Placement Details">
<CYPRESSTAG name="Component Details">

------------------------------------------------------------
Component Placement Details
------------------------------------------------------------
UDB [UDB=(0,0)] is empty.
UDB [UDB=(0,1)] is empty.
UDB [UDB=(0,2)] is empty.
UDB [UDB=(0,3)] is empty.
UDB [UDB=(0,4)] contents:
LAB@[UDB=(0,4)][LB=1] #macrocells=1, #inputs=4, #pterms=3
{
    [McSlotId=0]: (empty)
    [McSlotId=1]:     MacroCell: Name=\SPI:BSPIM:state_0\, Mode=(T-Register) @ [UDB=(0,4)][LB=1][MC=1]
        Total # of inputs        : 4
        Total # of product terms : 3
        List of special equations: 
            Clock  = (\SPI:Net_276\) => Global
            Clock Enable: True
        Main Equation            : 3 pterms
        (
              !\SPI:BSPIM:state_2\ * \SPI:BSPIM:state_1\
            + \SPI:BSPIM:state_2\ * !\SPI:BSPIM:state_1\
            + !\SPI:BSPIM:state_1\ * !\SPI:BSPIM:state_0\ * 
              !\SPI:BSPIM:tx_status_1\
        );
        Output = \SPI:BSPIM:state_0\ (fanout=12)
        Properties               : 
        {
        }

    [McSlotId=2]: (empty)
    [McSlotId=3]: (empty)
}

UDB [UDB=(0,5)] contents:
LAB@[UDB=(0,5)][LB=0] #macrocells=2, #inputs=7, #pterms=5
{
    [McSlotId=0]:     MacroCell: Name=Net_38, Mode=(Combinatorial) @ [UDB=(0,5)][LB=0][MC=0]
        Total # of inputs        : 3
        Total # of product terms : 1
            Clock Enable: True
        Main Equation            : 1 pterm
        !(
              !Net_3 * Net_15_1 * Net_15_0
        );
        Output = Net_38 (fanout=1)
        Properties               : 
        {
        }

    [McSlotId=1]: (empty)
    [McSlotId=2]:     MacroCell: Name=\SPI:BSPIM:cnt_enable\, Mode=(T-Register) @ [UDB=(0,5)][LB=0][MC=2]
        Total # of inputs        : 4
        Total # of product terms : 4
        List of special equations: 
            Clock  = (\SPI:Net_276\) => Global
            Clock Enable: True
        Main Equation            : 4 pterms
        (
              !\SPI:BSPIM:state_2\ * !\SPI:BSPIM:state_1\ * 
              !\SPI:BSPIM:state_0\ * \SPI:BSPIM:cnt_enable\
            + !\SPI:BSPIM:state_2\ * \SPI:BSPIM:state_1\ * 
              \SPI:BSPIM:state_0\ * !\SPI:BSPIM:cnt_enable\
            + \SPI:BSPIM:state_2\ * !\SPI:BSPIM:state_1\ * 
              \SPI:BSPIM:state_0\ * \SPI:BSPIM:cnt_enable\
            + \SPI:BSPIM:state_2\ * \SPI:BSPIM:state_1\ * 
              !\SPI:BSPIM:state_0\ * \SPI:BSPIM:cnt_enable\
        );
        Output = \SPI:BSPIM:cnt_enable\ (fanout=3)
        Properties               : 
        {
        }

    [McSlotId=3]: (empty)
}

LAB@[UDB=(0,5)][LB=1] #macrocells=4, #inputs=7, #pterms=5
{
    [McSlotId=0]:     MacroCell: Name=Net_36, Mode=(Combinatorial) @ [UDB=(0,5)][LB=1][MC=0]
        Total # of inputs        : 3
        Total # of product terms : 1
            Clock Enable: True
        Main Equation            : 1 pterm
        !(
              !Net_3 * Net_15_1 * !Net_15_0
        );
        Output = Net_36 (fanout=1)
        Properties               : 
        {
        }

    [McSlotId=1]:     MacroCell: Name=Net_2, Mode=(D-Register) @ [UDB=(0,5)][LB=1][MC=1]
        Total # of inputs        : 4
        Total # of product terms : 2
        List of special equations: 
            Clock  = (\SPI:Net_276\) => Global
            Clock Enable: True
        Main Equation            : 2 pterms
        (
              !\SPI:BSPIM:state_2\ * \SPI:BSPIM:state_1\ * 
              \SPI:BSPIM:state_0\
            + \SPI:BSPIM:state_1\ * \SPI:BSPIM:state_0\ * Net_2
        );
        Output = Net_2 (fanout=2)
        Properties               : 
        {
        }

    [McSlotId=2]:     MacroCell: Name=Net_32, Mode=(Combinatorial) @ [UDB=(0,5)][LB=1][MC=2]
        Total # of inputs        : 3
        Total # of product terms : 1
            Clock Enable: True
        Main Equation            : 1 pterm
        !(
              !Net_3 * !Net_15_1 * !Net_15_0
        );
        Output = Net_32 (fanout=1)
        Properties               : 
        {
        }

    [McSlotId=3]:     MacroCell: Name=Net_34, Mode=(Combinatorial) @ [UDB=(0,5)][LB=1][MC=3]
        Total # of inputs        : 3
        Total # of product terms : 1
            Clock Enable: True
        Main Equation            : 1 pterm
        !(
              !Net_3 * !Net_15_1 * Net_15_0
        );
        Output = Net_34 (fanout=1)
        Properties               : 
        {
        }
}

statusicell: Name =\SPI:BSPIM:RxStsReg\
    PORT MAP (
        clock => \SPI:Net_276\ ,
        status_6 => \SPI:BSPIM:rx_status_6\ ,
        status_5 => \SPI:BSPIM:rx_status_5\ ,
        status_4 => \SPI:BSPIM:rx_status_4\ );
    Properties:
    {
        cy_force_order = 1
        cy_int_mask = "0000000"
        cy_md_select = "1000000"
    }
    Clock Polarity: Active High
    Clock Enable: True

controlcell: Name =\SPI_SS_Reg:Sync:ctrl_reg\
    PORT MAP (
        control_7 => \SPI_SS_Reg:control_7\ ,
        control_6 => \SPI_SS_Reg:control_6\ ,
        control_5 => \SPI_SS_Reg:control_5\ ,
        control_4 => \SPI_SS_Reg:control_4\ ,
        control_3 => \SPI_SS_Reg:control_3\ ,
        control_2 => \SPI_SS_Reg:control_2\ ,
        control_1 => Net_15_1 ,
        control_0 => Net_15_0 );
    Properties:
    {
        cy_ctrl_mode_0 = "00000000"
        cy_ctrl_mode_1 = "00000000"
        cy_ext_reset = 0
        cy_force_order = 1
        cy_init_value = "00000000"
    }
    Clock Enable: True

UDB [UDB=(1,0)] is empty.
UDB [UDB=(1,1)] is empty.
UDB [UDB=(1,2)] is empty.
UDB [UDB=(1,3)] is empty.
UDB [UDB=(1,4)] contents:
LAB@[UDB=(1,4)][LB=0] #macrocells=4, #inputs=11, #pterms=8
{
    [McSlotId=0]:     MacroCell: Name=Net_1, Mode=(D-Register) @ [UDB=(1,4)][LB=0][MC=0]
        Total # of inputs        : 11
        Total # of product terms : 7
        List of special equations: 
            Clock  = (\SPI:Net_276\) => Global
            Clock Enable: True
        Main Equation            : 7 pterms
        !(
              !Net_1 * !\SPI:BSPIM:state_2\ * \SPI:BSPIM:state_0\
            + !\SPI:BSPIM:state_2\ * !\SPI:BSPIM:state_1\ * 
              !\SPI:BSPIM:state_0\
            + !\SPI:BSPIM:state_2\ * !\SPI:BSPIM:state_0\ * 
              !\SPI:BSPIM:count_4\ * !\SPI:BSPIM:count_3\ * 
              !\SPI:BSPIM:count_2\ * \SPI:BSPIM:count_1\ * 
              !\SPI:BSPIM:count_0\ * !\SPI:BSPIM:ld_ident\
            + \SPI:BSPIM:state_2\ * !\SPI:BSPIM:state_1\ * 
              \SPI:BSPIM:state_0\
            + \SPI:BSPIM:state_2\ * \SPI:BSPIM:state_1\ * 
              !\SPI:BSPIM:state_0\
            + \SPI:BSPIM:state_2\ * !\SPI:BSPIM:mosi_from_dp\
            + !\SPI:BSPIM:state_0\ * !\SPI:BSPIM:mosi_from_dp\
        );
        Output = Net_1 (fanout=2)
        Properties               : 
        {
        }

    [McSlotId=1]:     MacroCell: Name=\SPI:BSPIM:load_rx_data\, Mode=(Combinatorial) @ [UDB=(1,4)][LB=0][MC=1]
        Total # of inputs        : 5
        Total # of product terms : 1
            Clock Enable: True
        Main Equation            : 1 pterm
        (
              !\SPI:BSPIM:count_4\ * !\SPI:BSPIM:count_3\ * 
              !\SPI:BSPIM:count_2\ * !\SPI:BSPIM:count_1\ * 
              \SPI:BSPIM:count_0\
        );
        Output = \SPI:BSPIM:load_rx_data\ (fanout=2)
        Properties               : 
        {
        }

    [McSlotId=2]:     MacroCell: Name=\SPI:BSPIM:tx_status_0\, Mode=(Combinatorial) @ [UDB=(1,4)][LB=0][MC=2]
        Total # of inputs        : 3
        Total # of product terms : 1
            Clock Enable: True
        Main Equation            : 1 pterm
        (
              \SPI:BSPIM:state_2\ * !\SPI:BSPIM:state_1\ * 
              \SPI:BSPIM:state_0\
        );
        Output = \SPI:BSPIM:tx_status_0\ (fanout=1)
        Properties               : 
        {
        }

    [McSlotId=3]:     MacroCell: Name=\SPI:BSPIM:tx_status_4\, Mode=(Combinatorial) @ [UDB=(1,4)][LB=0][MC=3]
        Total # of inputs        : 3
        Total # of product terms : 1
            Clock Enable: True
        Main Equation            : 1 pterm
        (
              !\SPI:BSPIM:state_2\ * !\SPI:BSPIM:state_1\ * 
              !\SPI:BSPIM:state_0\
        );
        Output = \SPI:BSPIM:tx_status_4\ (fanout=1)
        Properties               : 
        {
        }
}

LAB@[UDB=(1,4)][LB=1] #macrocells=3, #inputs=10, #pterms=8
{
    [McSlotId=0]:     MacroCell: Name=\SPI:BSPIM:state_1\, Mode=(T-Register) @ [UDB=(1,4)][LB=1][MC=0]
        Total # of inputs        : 10
        Total # of product terms : 4
        List of special equations: 
            Clock  = (\SPI:Net_276\) => Global
            Clock Enable: True
        Main Equation            : 4 pterms
        (
              !\SPI:BSPIM:state_2\ * !\SPI:BSPIM:state_1\ * 
              \SPI:BSPIM:state_0\
            + !\SPI:BSPIM:state_2\ * \SPI:BSPIM:state_0\ * 
              !\SPI:BSPIM:count_4\ * !\SPI:BSPIM:count_3\ * 
              \SPI:BSPIM:count_2\ * !\SPI:BSPIM:count_1\ * 
              \SPI:BSPIM:count_0\ * !\SPI:BSPIM:tx_status_1\
            + \SPI:BSPIM:state_2\ * !\SPI:BSPIM:state_0\
            + \SPI:BSPIM:state_1\ * !\SPI:BSPIM:state_0\ * 
              !\SPI:BSPIM:count_4\ * !\SPI:BSPIM:count_3\ * 
              !\SPI:BSPIM:count_2\ * \SPI:BSPIM:count_1\ * 
              !\SPI:BSPIM:count_0\ * !\SPI:BSPIM:ld_ident\
        );
        Output = \SPI:BSPIM:state_1\ (fanout=12)
        Properties               : 
        {
        }

    [McSlotId=1]:     MacroCell: Name=\SPI:BSPIM:state_2\, Mode=(D-Register) @ [UDB=(1,4)][LB=1][MC=1]
        Total # of inputs        : 10
        Total # of product terms : 3
        List of special equations: 
            Clock  = (\SPI:Net_276\) => Global
            Clock Enable: True
        Main Equation            : 3 pterms
        (
              !\SPI:BSPIM:state_2\ * !\SPI:BSPIM:state_1\ * 
              \SPI:BSPIM:state_0\
            + !\SPI:BSPIM:state_2\ * \SPI:BSPIM:state_1\ * 
              !\SPI:BSPIM:state_0\ * !\SPI:BSPIM:count_4\ * 
              !\SPI:BSPIM:count_3\ * !\SPI:BSPIM:count_2\ * 
              \SPI:BSPIM:count_1\ * !\SPI:BSPIM:count_0\ * 
              !\SPI:BSPIM:ld_ident\
            + !\SPI:BSPIM:state_2\ * \SPI:BSPIM:state_0\ * 
              !\SPI:BSPIM:count_4\ * !\SPI:BSPIM:count_3\ * 
              \SPI:BSPIM:count_2\ * !\SPI:BSPIM:count_1\ * 
              \SPI:BSPIM:count_0\ * !\SPI:BSPIM:tx_status_1\
        );
        Output = \SPI:BSPIM:state_2\ (fanout=12)
        Properties               : 
        {
        }

    [McSlotId=2]:     MacroCell: Name=\SPI:BSPIM:ld_ident\, Mode=(T-Register) @ [UDB=(1,4)][LB=1][MC=2]
        Total # of inputs        : 9
        Total # of product terms : 3
        List of special equations: 
            Clock  = (\SPI:Net_276\) => Global
            Clock Enable: True
        Main Equation            : 3 pterms
        (
              \SPI:BSPIM:state_2\ * !\SPI:BSPIM:state_1\ * 
              !\SPI:BSPIM:state_0\ * !\SPI:BSPIM:ld_ident\
            + \SPI:BSPIM:state_2\ * \SPI:BSPIM:state_1\ * 
              !\SPI:BSPIM:state_0\ * \SPI:BSPIM:ld_ident\
            + \SPI:BSPIM:state_1\ * !\SPI:BSPIM:state_0\ * 
              !\SPI:BSPIM:count_4\ * !\SPI:BSPIM:count_3\ * 
              !\SPI:BSPIM:count_2\ * \SPI:BSPIM:count_1\ * 
              !\SPI:BSPIM:count_0\ * \SPI:BSPIM:ld_ident\
        );
        Output = \SPI:BSPIM:ld_ident\ (fanout=4)
        Properties               : 
        {
        }

    [McSlotId=3]: (empty)
}

datapathcell: Name =\SPI:BSPIM:sR8:Dp:u0\
    PORT MAP (
        clock => \SPI:Net_276\ ,
        cs_addr_2 => \SPI:BSPIM:state_2\ ,
        cs_addr_1 => \SPI:BSPIM:state_1\ ,
        cs_addr_0 => \SPI:BSPIM:state_0\ ,
        route_si => Net_4 ,
        f1_load => \SPI:BSPIM:load_rx_data\ ,
        so_comb => \SPI:BSPIM:mosi_from_dp\ ,
        f0_bus_stat_comb => \SPI:BSPIM:tx_status_2\ ,
        f0_blk_stat_comb => \SPI:BSPIM:tx_status_1\ ,
        f1_bus_stat_comb => \SPI:BSPIM:rx_status_5\ ,
        f1_blk_stat_comb => \SPI:BSPIM:rx_status_4\ );
    Properties:
    {
        a0_init = "00000000"
        a1_init = "00000000"
        ce0_sync = 1
        ce1_sync = 1
        cl0_sync = 1
        cl1_sync = 1
        cmsb_sync = 1
        co_msb_sync = 1
        cy_dpconfig = "0000000000000000000000001100000000000001010000000001000100010000000000011100000000010001000000000000000101000000000000010100000011111111000000001111111111111111000000000010001000001000111100000000000000000100"
        d0_init = "00000000"
        d1_init = "00000000"
        f0_blk_sync = 1
        f0_bus_sync = 1
        f1_blk_sync = 1
        f1_bus_sync = 1
        ff0_sync = 1
        ff1_sync = 1
        ov_msb_sync = 1
        so_sync = 1
        z0_sync = 1
        z1_sync = 1
    }
    Clock Polarity: Active High
    Clock Enable: True

count7cell: Name =\SPI:BSPIM:BitCounter\
    PORT MAP (
        clock => \SPI:Net_276\ ,
        enable => \SPI:BSPIM:cnt_enable\ ,
        count_6 => \SPI:BSPIM:count_6\ ,
        count_5 => \SPI:BSPIM:count_5\ ,
        count_4 => \SPI:BSPIM:count_4\ ,
        count_3 => \SPI:BSPIM:count_3\ ,
        count_2 => \SPI:BSPIM:count_2\ ,
        count_1 => \SPI:BSPIM:count_1\ ,
        count_0 => \SPI:BSPIM:count_0\ ,
        tc => \SPI:BSPIM:cnt_tc\ );
    Properties:
    {
        cy_alt_mode = 0
        cy_init_value = "0000000"
        cy_period = "0001111"
        cy_route_en = 1
        cy_route_ld = 0
    }
    Clock Polarity: Active High
    Clock Enable: True

UDB [UDB=(1,5)] contents:
LAB@[UDB=(1,5)][LB=0] #macrocells=1, #inputs=6, #pterms=1
{
    [McSlotId=0]:     MacroCell: Name=\SPI:BSPIM:rx_status_6\, Mode=(Combinatorial) @ [UDB=(1,5)][LB=0][MC=0]
        Total # of inputs        : 6
        Total # of product terms : 1
            Clock Enable: True
        Main Equation            : 1 pterm
        (
              !\SPI:BSPIM:count_4\ * !\SPI:BSPIM:count_3\ * 
              !\SPI:BSPIM:count_2\ * !\SPI:BSPIM:count_1\ * 
              \SPI:BSPIM:count_0\ * \SPI:BSPIM:rx_status_4\
        );
        Output = \SPI:BSPIM:rx_status_6\ (fanout=1)
        Properties               : 
        {
        }

    [McSlotId=1]: (empty)
    [McSlotId=2]: (empty)
    [McSlotId=3]: (empty)
}

LAB@[UDB=(1,5)][LB=1] #macrocells=2, #inputs=10, #pterms=8
{
    [McSlotId=0]:     MacroCell: Name=Net_3, Mode=(D-Register) @ [UDB=(1,5)][LB=1][MC=0]
        Total # of inputs        : 4
        Total # of product terms : 4
        List of special equations: 
            Clock  = (\SPI:Net_276\) => Global
            Clock Enable: True
        Main Equation            : 4 pterms
        !(
              !\SPI:BSPIM:state_2\ * !\SPI:BSPIM:state_1\ * 
              \SPI:BSPIM:state_0\
            + !\SPI:BSPIM:state_2\ * \SPI:BSPIM:state_1\ * !Net_3
            + \SPI:BSPIM:state_2\ * !\SPI:BSPIM:state_1\ * 
              !\SPI:BSPIM:state_0\ * !Net_3
            + \SPI:BSPIM:state_1\ * \SPI:BSPIM:state_0\ * !Net_3
        );
        Output = Net_3 (fanout=5)
        Properties               : 
        {
        }

    [McSlotId=1]:     MacroCell: Name=\SPI:BSPIM:load_cond\, Mode=(T-Register) @ [UDB=(1,5)][LB=1][MC=1]
        Total # of inputs        : 9
        Total # of product terms : 4
        List of special equations: 
            Clock  = (\SPI:Net_276\) => Global
            Clock Enable: True
        Main Equation            : 4 pterms
        (
              !\SPI:BSPIM:state_2\ * !\SPI:BSPIM:count_4\ * 
              !\SPI:BSPIM:count_3\ * !\SPI:BSPIM:count_2\ * 
              !\SPI:BSPIM:count_1\ * !\SPI:BSPIM:count_0\ * 
              \SPI:BSPIM:load_cond\
            + \SPI:BSPIM:state_2\ * !\SPI:BSPIM:state_1\ * 
              !\SPI:BSPIM:state_0\ * !\SPI:BSPIM:load_cond\
            + \SPI:BSPIM:state_1\ * !\SPI:BSPIM:count_4\ * 
              !\SPI:BSPIM:count_3\ * !\SPI:BSPIM:count_2\ * 
              !\SPI:BSPIM:count_1\ * !\SPI:BSPIM:count_0\ * 
              \SPI:BSPIM:load_cond\
            + \SPI:BSPIM:state_0\ * !\SPI:BSPIM:count_4\ * 
              !\SPI:BSPIM:count_3\ * !\SPI:BSPIM:count_2\ * 
              !\SPI:BSPIM:count_1\ * !\SPI:BSPIM:count_0\ * 
              \SPI:BSPIM:load_cond\
        );
        Output = \SPI:BSPIM:load_cond\ (fanout=1)
        Properties               : 
        {
        }

    [McSlotId=2]: (empty)
    [McSlotId=3]: (empty)
}

statusicell: Name =\SPI:BSPIM:TxStsReg\
    PORT MAP (
        clock => \SPI:Net_276\ ,
        status_4 => \SPI:BSPIM:tx_status_4\ ,
        status_3 => \SPI:BSPIM:load_rx_data\ ,
        status_2 => \SPI:BSPIM:tx_status_2\ ,
        status_1 => \SPI:BSPIM:tx_status_1\ ,
        status_0 => \SPI:BSPIM:tx_status_0\ );
    Properties:
    {
        cy_force_order = 1
        cy_int_mask = "0000000"
        cy_md_select = "0001001"
    }
    Clock Polarity: Active High
    Clock Enable: True

UDB [UDB=(2,0)] is empty.
UDB [UDB=(2,1)] is empty.
UDB [UDB=(2,2)] is empty.
UDB [UDB=(2,3)] is empty.
UDB [UDB=(2,4)] is empty.
UDB [UDB=(2,5)] is empty.
UDB [UDB=(3,0)] is empty.
UDB [UDB=(3,1)] is empty.
UDB [UDB=(3,2)] is empty.
UDB [UDB=(3,3)] is empty.
UDB [UDB=(3,4)] is empty.
UDB [UDB=(3,5)] is empty.
Intr container @ [IntrContainer=(0)]: empty
Drq container @ [DrqContainer=(0)]: empty
Port 0 contains the following IO cells:
Port 1 contains the following IO cells:
Port 2 contains the following IO cells:
[IoId=0]: 
Pin : Name = MISO(0)
    Attributes:
        In Group/Port: True
        In Sync Option: NOSYNC
        Out Sync Option: AUTO
        Interrupt generated: False
        Interrupt mode: NONE
        Drive mode: HI_Z_DIGITAL
        VTrip: CMOS
        Slew: FAST
        Input Sync needed: False
        Output Sync needed: False
        SC shield enabled: False
        POR State: ANY
        LCD Mode: COMMON
        Register Mode: RegComb
        CaSense Mode: NEITHER
        Treat as pin: True
        Is OE Registered: False
        Uses Analog: False
        Can contain Digital: True
        Is SIO: False
        SIO Output Buf: NONREGULATED
        SIO Input Buf: SINGLE_ENDED
        SIO HiFreq: LOW
        SIO Hyst: DISABLED
        SIO Vtrip: MULTIPLIER_0_5
        SIO Multiplier Index: 0
        SIO RefSel: VCC_IO
        Required Capabilities: DIGITAL, ROUTABLE
        Initial Value: 0
        IO Voltage: 0
    PORT MAP (
        pa_out => MISO(0)__PA ,
        fb => Net_4 ,
        pad => MISO(0)_PAD );
    Properties:
    {
    }

[IoId=1]: 
Pin : Name = MOSI(0)
    Attributes:
        In Group/Port: True
        In Sync Option: AUTO
        Out Sync Option: NOSYNC
        Interrupt generated: False
        Interrupt mode: NONE
        Drive mode: CMOS_OUT
        VTrip: EITHER
        Slew: FAST
        Input Sync needed: False
        Output Sync needed: False
        SC shield enabled: False
        POR State: ANY
        LCD Mode: COMMON
        Register Mode: RegComb
        CaSense Mode: NEITHER
        Treat as pin: True
        Is OE Registered: False
        Uses Analog: False
        Can contain Digital: True
        Is SIO: False
        SIO Output Buf: NONREGULATED
        SIO Input Buf: SINGLE_ENDED
        SIO HiFreq: LOW
        SIO Hyst: DISABLED
        SIO Vtrip: MULTIPLIER_0_5
        SIO Multiplier Index: 0
        SIO RefSel: VCC_IO
        Required Capabilities: DIGITAL, ROUTABLE
        Initial Value: 0
        IO Voltage: 0
    PORT MAP (
        pa_out => MOSI(0)__PA ,
        pin_input => Net_1 ,
        pad => MOSI(0)_PAD );
    Properties:
    {
    }

[IoId=2]: 
Pin : Name = SCLK(0)
    Attributes:
        In Group/Port: True
        In Sync Option: AUTO
        Out Sync Option: NOSYNC
        Interrupt generated: False
        Interrupt mode: NONE
        Drive mode: CMOS_OUT
        VTrip: EITHER
        Slew: FAST
        Input Sync needed: False
        Output Sync needed: False
        SC shield enabled: False
        POR State: ANY
        LCD Mode: COMMON
        Register Mode: RegComb
        CaSense Mode: NEITHER
        Treat as pin: True
        Is OE Registered: False
        Uses Analog: False
        Can contain Digital: True
        Is SIO: False
        SIO Output Buf: NONREGULATED
        SIO Input Buf: SINGLE_ENDED
        SIO HiFreq: LOW
        SIO Hyst: DISABLED
        SIO Vtrip: MULTIPLIER_0_5
        SIO Multiplier Index: 0
        SIO RefSel: VCC_IO
        Required Capabilities: DIGITAL, ROUTABLE
        Initial Value: 0
        IO Voltage: 0
    PORT MAP (
        pa_out => SCLK(0)__PA ,
        pin_input => Net_2 ,
        pad => SCLK(0)_PAD );
    Properties:
    {
    }

[IoId=3]: 
Pin : Name = SS0(0)
    Attributes:
        In Group/Port: True
        In Sync Option: AUTO
        Out Sync Option: NOSYNC
        Interrupt generated: False
        Interrupt mode: NONE
        Drive mode: CMOS_OUT
        VTrip: EITHER
        Slew: FAST
        Input Sync needed: False
        Output Sync needed: False
        SC shield enabled: False
        POR State: ANY
        LCD Mode: COMMON
        Register Mode: RegComb
        CaSense Mode: NEITHER
        Treat as pin: True
        Is OE Registered: False
        Uses Analog: False
        Can contain Digital: True
        Is SIO: False
        SIO Output Buf: NONREGULATED
        SIO Input Buf: SINGLE_ENDED
        SIO HiFreq: LOW
        SIO Hyst: DISABLED
        SIO Vtrip: MULTIPLIER_0_5
        SIO Multiplier Index: 0
        SIO RefSel: VCC_IO
        Required Capabilities: DIGITAL, ROUTABLE
        Initial Value: 0
        IO Voltage: 0
    PORT MAP (
        pa_out => SS0(0)__PA ,
        pin_input => Net_32 ,
        pad => SS0(0)_PAD );
    Properties:
    {
    }

[IoId=4]: 
Pin : Name = SS1(0)
    Attributes:
        In Group/Port: True
        In Sync Option: AUTO
        Out Sync Option: NOSYNC
        Interrupt generated: False
        Interrupt mode: NONE
        Drive mode: CMOS_OUT
        VTrip: EITHER
        Slew: FAST
        Input Sync needed: False
        Output Sync needed: False
        SC shield enabled: False
        POR State: ANY
        LCD Mode: COMMON
        Register Mode: RegComb
        CaSense Mode: NEITHER
        Treat as pin: True
        Is OE Registered: False
        Uses Analog: False
        Can contain Digital: True
        Is SIO: False
        SIO Output Buf: NONREGULATED
        SIO Input Buf: SINGLE_ENDED
        SIO HiFreq: LOW
        SIO Hyst: DISABLED
        SIO Vtrip: MULTIPLIER_0_5
        SIO Multiplier Index: 0
        SIO RefSel: VCC_IO
        Required Capabilities: DIGITAL, ROUTABLE
        Initial Value: 0
        IO Voltage: 0
    PORT MAP (
        pa_out => SS1(0)__PA ,
        pin_input => Net_34 ,
        pad => SS1(0)_PAD );
    Properties:
    {
    }

[IoId=5]: 
Pin : Name = SS2(0)
    Attributes:
        In Group/Port: True
        In Sync Option: AUTO
        Out Sync Option: NOSYNC
        Interrupt generated: False
        Interrupt mode: NONE
        Drive mode: CMOS_OUT
        VTrip: EITHER
        Slew: FAST
        Input Sync needed: False
        Output Sync needed: False
        SC shield enabled: False
        POR State: ANY
        LCD Mode: COMMON
        Register Mode: RegComb
        CaSense Mode: NEITHER
        Treat as pin: True
        Is OE Registered: False
        Uses Analog: False
        Can contain Digital: True
        Is SIO: False
        SIO Output Buf: NONREGULATED
        SIO Input Buf: SINGLE_ENDED
        SIO HiFreq: LOW
        SIO Hyst: DISABLED
        SIO Vtrip: MULTIPLIER_0_5
        SIO Multiplier Index: 0
        SIO RefSel: VCC_IO
        Required Capabilities: DIGITAL, ROUTABLE
        Initial Value: 0
        IO Voltage: 0
    PORT MAP (
        pa_out => SS2(0)__PA ,
        pin_input => Net_36 ,
        pad => SS2(0)_PAD );
    Properties:
    {
    }

[IoId=6]: 
Pin : Name = SS3(0)
    Attributes:
        In Group/Port: True
        In Sync Option: AUTO
        Out Sync Option: NOSYNC
        Interrupt generated: False
        Interrupt mode: NONE
        Drive mode: CMOS_OUT
        VTrip: EITHER
        Slew: FAST
        Input Sync needed: False
        Output Sync needed: False
        SC shield enabled: False
        POR State: ANY
        LCD Mode: COMMON
        Register Mode: RegComb
        CaSense Mode: NEITHER
        Treat as pin: True
        Is OE Registered: False
        Uses Analog: False
        Can contain Digital: True
        Is SIO: False
        SIO Output Buf: NONREGULATED
        SIO Input Buf: SINGLE_ENDED
        SIO HiFreq: LOW
        SIO Hyst: DISABLED
        SIO Vtrip: MULTIPLIER_0_5
        SIO Multiplier Index: 0
        SIO RefSel: VCC_IO
        Required Capabilities: DIGITAL, ROUTABLE
        Initial Value: 0
        IO Voltage: 0
    PORT MAP (
        pa_out => SS3(0)__PA ,
        pin_input => Net_38 ,
        pad => SS3(0)_PAD );
    Properties:
    {
    }

Port 3 contains the following IO cells:
Port 12 contains the following IO cells:
Port 15 contains the following IO cells:
ARM group 0: empty
CAN group 0: empty
Cache group 0: empty
CapSense group 0: empty
Clock group 0: 
    Clock Block @ F(Clock,0): 
    clockblockcell: Name =ClockBlock
        PORT MAP (
            imo => ClockBlock_IMO ,
            pllout => ClockBlock_PLL_OUT ,
            ilo => ClockBlock_ILO ,
            clk_100k => ClockBlock_100k ,
            clk_1k => ClockBlock_1k ,
            clk_32k => ClockBlock_32k ,
            xtal => ClockBlock_XTAL ,
            clk_32k_xtal => ClockBlock_XTAL_32KHZ ,
            clk_sync => ClockBlock_MASTER_CLK ,
            clk_bus_glb => ClockBlock_BUS_CLK ,
            clk_bus => ClockBlock_BUS_CLK_local ,
            dclk_glb_0 => \SPI:Net_276\ ,
            dclk_0 => \SPI:Net_276_local\ );
        Properties:
        {
        }
Comparator group 0: empty
DFB group 0: empty
DSM group 0: empty
Decimator group 0: empty
EMIF group 0: empty
I2C group 0: empty
LCD group 0: empty
LVD group 0: empty
PICU group 0: empty
PM group 0: empty
SC group 0: empty
SPC group 0: empty
Timer group 0: empty
USB group 0: empty
VIDAC group 0: empty
OpAmp group 0: empty
CsAbuf group 0: empty
Vref group 0: empty
LPF group 0: empty
SAR group 0: empty
ANAIF group 0: empty
PHUB group 0: empty
</CYPRESSTAG>
<CYPRESSTAG name="Port Configuration Details">

------------------------------------------------------------
Port Configuration report
------------------------------------------------------------
     |     |       | Interrupt |                  |         | 
Port | Pin | Fixed |      Type |       Drive Mode |    Name | Connections
-----+-----+-------+-----------+------------------+---------+------------
   2 |   0 |     * |      NONE |     HI_Z_DIGITAL | MISO(0) | FB(Net_4)
     |   1 |     * |      NONE |         CMOS_OUT | MOSI(0) | In(Net_1)
     |   2 |     * |      NONE |         CMOS_OUT | SCLK(0) | In(Net_2)
     |   3 |     * |      NONE |         CMOS_OUT |  SS0(0) | In(Net_32)
     |   4 |     * |      NONE |         CMOS_OUT |  SS1(0) | In(Net_34)
     |   5 |     * |      NONE |         CMOS_OUT |  SS2(0) | In(Net_36)
     |   6 |     * |      NONE |         CMOS_OUT |  SS3(0) | In(Net_38)
-------------------------------------------------------------------------
</CYPRESSTAG>
</CYPRESSTAG>
</CYPRESSTAG>
Digital component placer commit/Report: Elapsed time ==> 0s.039ms
Digital Placement phase: Elapsed time ==> 0s.868ms
</CYPRESSTAG>
<CYPRESSTAG name="Digital Routing">
"C:\Program Files (x86)\Cypress\PSoC Creator\4.2\PSoC Creator\bin/sjrouter.exe" --xml-path "C:\Users\Tri94\Documents\PSoC Creator\4.2\Devices\psoc5/psoc5lp/route_arch-rrg.cydata" --vh2-path "SPI_r.vh2" --pcf-path "SPI.pco" --des-name "SPI" --dsf-path "SPI.dsf" --sdc-path "SPI.sdc" --lib-path "SPI_r.lib"
Routing successful.
Digital Routing phase: Elapsed time ==> 1s.388ms
</CYPRESSTAG>
<CYPRESSTAG name="Bitstream Generation">
Bitstream Generation phase: Elapsed time ==> 0s.249ms
</CYPRESSTAG>
<CYPRESSTAG name="Bitstream Verification">
Bitstream Verification phase: Elapsed time ==> 0s.039ms
</CYPRESSTAG>
<CYPRESSTAG name="Static timing analysis">
Timing report is in SPI_timing.html.
Static timing analysis phase: Elapsed time ==> 0s.330ms
</CYPRESSTAG>
<CYPRESSTAG name="Data reporting">
Data reporting phase: Elapsed time ==> 0s.000ms
</CYPRESSTAG>
<CYPRESSTAG name="Database update...">
Design database save phase: Elapsed time ==> 0s.181ms
</CYPRESSTAG>
cydsfit: Elapsed time ==> 3s.597ms
</CYPRESSTAG>
Fitter phase: Elapsed time ==> 3s.599ms
API generation phase: Elapsed time ==> 1s.123ms
Dependency generation phase: Elapsed time ==> 0s.019ms
Cleanup phase: Elapsed time ==> 0s.000ms
