ARM GAS  C:\Users\Tri94\AppData\Local\Temp\ccTa9mfx.s 			page 1


   1              		.syntax unified
   2              		.cpu cortex-m3
   3              		.fpu softvfp
   4              		.eabi_attribute 20, 1
   5              		.eabi_attribute 21, 1
   6              		.eabi_attribute 23, 3
   7              		.eabi_attribute 24, 1
   8              		.eabi_attribute 25, 1
   9              		.eabi_attribute 26, 1
  10              		.eabi_attribute 30, 1
  11              		.eabi_attribute 34, 1
  12              		.eabi_attribute 18, 4
  13              		.thumb
  14              		.syntax unified
  15              		.file	"cymetadata.c"
  16              		.text
  17              	.Ltext0:
  18              		.cfi_sections	.debug_frame
  19              		.global	cy_metadata
  20              		.global	cy_meta_flashprotect
  21              		.global	cy_meta_wonvl
  22              		.global	cy_meta_custnvl
  23              		.global	cy_meta_configecc
  24              		.section	.cyconfigecc,"a",%progbits
  25              		.align	2
  26              		.type	cy_meta_configecc, %object
  27              		.size	cy_meta_configecc, 2128
  28              	cy_meta_configecc:
  29 0000 06       		.byte	6
  30 0001 52       		.byte	82
  31 0002 00       		.byte	0
  32 0003 40       		.byte	64
  33 0004 02       		.byte	2
  34 0005 64       		.byte	100
  35 0006 00       		.byte	0
  36 0007 40       		.byte	64
  37 0008 04       		.byte	4
  38 0009 65       		.byte	101
  39 000a 00       		.byte	0
  40 000b 40       		.byte	64
  41 000c 4F       		.byte	79
  42 000d 04       		.byte	4
  43 000e 01       		.byte	1
  44 000f 40       		.byte	64
  45 0010 32       		.byte	50
  46 0011 05       		.byte	5
  47 0012 01       		.byte	1
  48 0013 40       		.byte	64
  49 0014 50       		.byte	80
  50 0015 06       		.byte	6
  51 0016 01       		.byte	1
  52 0017 40       		.byte	64
  53 0018 4E       		.byte	78
  54 0019 07       		.byte	7
  55 001a 01       		.byte	1
  56 001b 40       		.byte	64
  57 001c 07       		.byte	7
ARM GAS  C:\Users\Tri94\AppData\Local\Temp\ccTa9mfx.s 			page 2


  58 001d 09       		.byte	9
  59 001e 01       		.byte	1
  60 001f 40       		.byte	64
  61 0020 01       		.byte	1
  62 0021 0B       		.byte	11
  63 0022 01       		.byte	1
  64 0023 40       		.byte	64
  65 0024 54       		.byte	84
  66 0025 14       		.byte	20
  67 0026 01       		.byte	1
  68 0027 40       		.byte	64
  69 0028 55       		.byte	85
  70 0029 15       		.byte	21
  71 002a 01       		.byte	1
  72 002b 40       		.byte	64
  73 002c 45       		.byte	69
  74 002d 16       		.byte	22
  75 002e 01       		.byte	1
  76 002f 40       		.byte	64
  77 0030 4E       		.byte	78
  78 0031 17       		.byte	23
  79 0032 01       		.byte	1
  80 0033 40       		.byte	64
  81 0034 10       		.byte	16
  82 0035 18       		.byte	24
  83 0036 01       		.byte	1
  84 0037 40       		.byte	64
  85 0038 48       		.byte	72
  86 0039 19       		.byte	25
  87 003a 01       		.byte	1
  88 003b 40       		.byte	64
  89 003c 54       		.byte	84
  90 003d 1A       		.byte	26
  91 003e 01       		.byte	1
  92 003f 40       		.byte	64
  93 0040 5E       		.byte	94
  94 0041 1B       		.byte	27
  95 0042 01       		.byte	1
  96 0043 40       		.byte	64
  97 0044 03       		.byte	3
  98 0045 40       		.byte	64
  99 0046 01       		.byte	1
 100 0047 40       		.byte	64
 101 0048 02       		.byte	2
 102 0049 41       		.byte	65
 103 004a 01       		.byte	1
 104 004b 40       		.byte	64
 105 004c 04       		.byte	4
 106 004d 42       		.byte	66
 107 004e 01       		.byte	1
 108 004f 40       		.byte	64
 109 0050 01       		.byte	1
 110 0051 43       		.byte	67
 111 0052 01       		.byte	1
 112 0053 40       		.byte	64
 113 0054 03       		.byte	3
 114 0055 48       		.byte	72
ARM GAS  C:\Users\Tri94\AppData\Local\Temp\ccTa9mfx.s 			page 3


 115 0056 01       		.byte	1
 116 0057 40       		.byte	64
 117 0058 05       		.byte	5
 118 0059 49       		.byte	73
 119 005a 01       		.byte	1
 120 005b 40       		.byte	64
 121 005c 06       		.byte	6
 122 005d 4C       		.byte	76
 123 005e 01       		.byte	1
 124 005f 40       		.byte	64
 125 0060 06       		.byte	6
 126 0061 4D       		.byte	77
 127 0062 01       		.byte	1
 128 0063 40       		.byte	64
 129 0064 05       		.byte	5
 130 0065 50       		.byte	80
 131 0066 01       		.byte	1
 132 0067 40       		.byte	64
 133 0068 01       		.byte	1
 134 0069 51       		.byte	81
 135 006a 01       		.byte	1
 136 006b 40       		.byte	64
 137 006c 08       		.byte	8
 138 006d 40       		.byte	64
 139 006e 09       		.byte	9
 140 006f 40       		.byte	64
 141 0070 0C       		.byte	12
 142 0071 80       		.byte	-128
 143 0072 60       		.byte	96
 144 0073 80       		.byte	-128
 145 0074 61       		.byte	97
 146 0075 80       		.byte	-128
 147 0076 7C       		.byte	124
 148 0077 04       		.byte	4
 149 0078 85       		.byte	-123
 150 0079 0F       		.byte	15
 151 007a 87       		.byte	-121
 152 007b 72       		.byte	114
 153 007c 86       		.byte	-122
 154 007d 38       		.byte	56
 155 007e 88       		.byte	-120
 156 007f 72       		.byte	114
 157 0080 8A       		.byte	-118
 158 0081 38       		.byte	56
 159 0082 8B       		.byte	-117
 160 0083 0F       		.byte	15
 161 0084 01       		.byte	1
 162 0085 20       		.byte	32
 163 0086 04       		.byte	4
 164 0087 0C       		.byte	12
 165 0088 05       		.byte	5
 166 0089 0C       		.byte	12
 167 008a 06       		.byte	6
 168 008b 11       		.byte	17
 169 008c 07       		.byte	7
 170 008d 03       		.byte	3
 171 008e 0A       		.byte	10
ARM GAS  C:\Users\Tri94\AppData\Local\Temp\ccTa9mfx.s 			page 4


 172 008f 03       		.byte	3
 173 0090 0C       		.byte	12
 174 0091 20       		.byte	32
 175 0092 0D       		.byte	13
 176 0093 30       		.byte	48
 177 0094 10       		.byte	16
 178 0095 20       		.byte	32
 179 0096 13       		.byte	19
 180 0097 0C       		.byte	12
 181 0098 14       		.byte	20
 182 0099 10       		.byte	16
 183 009a 16       		.byte	22
 184 009b 0C       		.byte	12
 185 009c 17       		.byte	23
 186 009d 10       		.byte	16
 187 009e 18       		.byte	24
 188 009f 20       		.byte	32
 189 00a0 1B       		.byte	27
 190 00a1 03       		.byte	3
 191 00a2 1C       		.byte	28
 192 00a3 20       		.byte	32
 193 00a4 1D       		.byte	29
 194 00a5 30       		.byte	48
 195 00a6 20       		.byte	32
 196 00a7 14       		.byte	20
 197 00a8 21       		.byte	33
 198 00a9 01       		.byte	1
 199 00aa 23       		.byte	35
 200 00ab 06       		.byte	6
 201 00ac 24       		.byte	36
 202 00ad 1C       		.byte	28
 203 00ae 26       		.byte	38
 204 00af 02       		.byte	2
 205 00b0 27       		.byte	39
 206 00b1 08       		.byte	8
 207 00b2 28       		.byte	40
 208 00b3 10       		.byte	16
 209 00b4 29       		.byte	41
 210 00b5 01       		.byte	1
 211 00b6 2B       		.byte	43
 212 00b7 0E       		.byte	14
 213 00b8 2C       		.byte	44
 214 00b9 09       		.byte	9
 215 00ba 2E       		.byte	46
 216 00bb 10       		.byte	16
 217 00bc 30       		.byte	48
 218 00bd 20       		.byte	32
 219 00be 31       		.byte	49
 220 00bf 0F       		.byte	15
 221 00c0 32       		.byte	50
 222 00c1 1F       		.byte	31
 223 00c2 35       		.byte	53
 224 00c3 30       		.byte	48
 225 00c4 39       		.byte	57
 226 00c5 20       		.byte	32
 227 00c6 3B       		.byte	59
 228 00c7 02       		.byte	2
ARM GAS  C:\Users\Tri94\AppData\Local\Temp\ccTa9mfx.s 			page 5


 229 00c8 3E       		.byte	62
 230 00c9 01       		.byte	1
 231 00ca 3F       		.byte	63
 232 00cb 10       		.byte	16
 233 00cc 40       		.byte	64
 234 00cd 02       		.byte	2
 235 00ce 45       		.byte	69
 236 00cf 04       		.byte	4
 237 00d0 49       		.byte	73
 238 00d1 FF       		.byte	-1
 239 00d2 4A       		.byte	74
 240 00d3 07       		.byte	7
 241 00d4 4B       		.byte	75
 242 00d5 FF       		.byte	-1
 243 00d6 4C       		.byte	76
 244 00d7 40       		.byte	64
 245 00d8 4D       		.byte	77
 246 00d9 20       		.byte	32
 247 00da 4E       		.byte	78
 248 00db F0       		.byte	-16
 249 00dc 4F       		.byte	79
 250 00dd 05       		.byte	5
 251 00de 50       		.byte	80
 252 00df 08       		.byte	8
 253 00e0 58       		.byte	88
 254 00e1 04       		.byte	4
 255 00e2 59       		.byte	89
 256 00e3 04       		.byte	4
 257 00e4 5A       		.byte	90
 258 00e5 04       		.byte	4
 259 00e6 5D       		.byte	93
 260 00e7 01       		.byte	1
 261 00e8 5F       		.byte	95
 262 00e9 01       		.byte	1
 263 00ea 60       		.byte	96
 264 00eb 40       		.byte	64
 265 00ec 61       		.byte	97
 266 00ed A8       		.byte	-88
 267 00ee 62       		.byte	98
 268 00ef 40       		.byte	64
 269 00f0 63       		.byte	99
 270 00f1 20       		.byte	32
 271 00f2 81       		.byte	-127
 272 00f3 01       		.byte	1
 273 00f4 87       		.byte	-121
 274 00f5 02       		.byte	2
 275 00f6 89       		.byte	-119
 276 00f7 02       		.byte	2
 277 00f8 8A       		.byte	-118
 278 00f9 01       		.byte	1
 279 00fa 8D       		.byte	-115
 280 00fb 02       		.byte	2
 281 00fc 93       		.byte	-109
 282 00fd 04       		.byte	4
 283 00fe 97       		.byte	-105
 284 00ff 04       		.byte	4
 285 0100 99       		.byte	-103
ARM GAS  C:\Users\Tri94\AppData\Local\Temp\ccTa9mfx.s 			page 6


 286 0101 04       		.byte	4
 287 0102 9D       		.byte	-99
 288 0103 04       		.byte	4
 289 0104 A3       		.byte	-93
 290 0105 02       		.byte	2
 291 0106 AF       		.byte	-81
 292 0107 04       		.byte	4
 293 0108 B0       		.byte	-80
 294 0109 01       		.byte	1
 295 010a B3       		.byte	-77
 296 010b 02       		.byte	2
 297 010c B5       		.byte	-75
 298 010d 01       		.byte	1
 299 010e B7       		.byte	-73
 300 010f 04       		.byte	4
 301 0110 B9       		.byte	-71
 302 0111 08       		.byte	8
 303 0112 BF       		.byte	-65
 304 0113 50       		.byte	80
 305 0114 D4       		.byte	-44
 306 0115 01       		.byte	1
 307 0116 D6       		.byte	-42
 308 0117 04       		.byte	4
 309 0118 D8       		.byte	-40
 310 0119 04       		.byte	4
 311 011a D9       		.byte	-39
 312 011b 04       		.byte	4
 313 011c DB       		.byte	-37
 314 011d 04       		.byte	4
 315 011e DD       		.byte	-35
 316 011f 10       		.byte	16
 317 0120 DF       		.byte	-33
 318 0121 01       		.byte	1
 319 0122 00       		.byte	0
 320 0123 50       		.byte	80
 321 0124 02       		.byte	2
 322 0125 30       		.byte	48
 323 0126 05       		.byte	5
 324 0127 20       		.byte	32
 325 0128 0A       		.byte	10
 326 0129 26       		.byte	38
 327 012a 0B       		.byte	11
 328 012b 80       		.byte	-128
 329 012c 10       		.byte	16
 330 012d 02       		.byte	2
 331 012e 11       		.byte	17
 332 012f 02       		.byte	2
 333 0130 12       		.byte	18
 334 0131 05       		.byte	5
 335 0132 13       		.byte	19
 336 0133 04       		.byte	4
 337 0134 18       		.byte	24
 338 0135 10       		.byte	16
 339 0136 19       		.byte	25
 340 0137 01       		.byte	1
 341 0138 1D       		.byte	29
 342 0139 02       		.byte	2
ARM GAS  C:\Users\Tri94\AppData\Local\Temp\ccTa9mfx.s 			page 7


 343 013a 21       		.byte	33
 344 013b 20       		.byte	32
 345 013c 22       		.byte	34
 346 013d 02       		.byte	2
 347 013e 25       		.byte	37
 348 013f 08       		.byte	8
 349 0140 26       		.byte	38
 350 0141 40       		.byte	64
 351 0142 27       		.byte	39
 352 0143 08       		.byte	8
 353 0144 2A       		.byte	42
 354 0145 14       		.byte	20
 355 0146 2B       		.byte	43
 356 0147 80       		.byte	-128
 357 0148 2F       		.byte	47
 358 0149 42       		.byte	66
 359 014a 30       		.byte	48
 360 014b 1A       		.byte	26
 361 014c 33       		.byte	51
 362 014d 44       		.byte	68
 363 014e 37       		.byte	55
 364 014f 65       		.byte	101
 365 0150 38       		.byte	56
 366 0151 80       		.byte	-128
 367 0152 39       		.byte	57
 368 0153 02       		.byte	2
 369 0154 3B       		.byte	59
 370 0155 04       		.byte	4
 371 0156 3C       		.byte	60
 372 0157 40       		.byte	64
 373 0158 3D       		.byte	61
 374 0159 01       		.byte	1
 375 015a 3E       		.byte	62
 376 015b 24       		.byte	36
 377 015c 3F       		.byte	63
 378 015d 02       		.byte	2
 379 015e 41       		.byte	65
 380 015f 21       		.byte	33
 381 0160 43       		.byte	67
 382 0161 01       		.byte	1
 383 0162 49       		.byte	73
 384 0163 04       		.byte	4
 385 0164 50       		.byte	80
 386 0165 08       		.byte	8
 387 0166 5D       		.byte	93
 388 0167 01       		.byte	1
 389 0168 5E       		.byte	94
 390 0169 80       		.byte	-128
 391 016a 5F       		.byte	95
 392 016b 18       		.byte	24
 393 016c 67       		.byte	103
 394 016d 40       		.byte	64
 395 016e 80       		.byte	-128
 396 016f 10       		.byte	16
 397 0170 87       		.byte	-121
 398 0171 40       		.byte	64
 399 0172 C0       		.byte	-64
ARM GAS  C:\Users\Tri94\AppData\Local\Temp\ccTa9mfx.s 			page 8


 400 0173 47       		.byte	71
 401 0174 C2       		.byte	-62
 402 0175 0F       		.byte	15
 403 0176 C4       		.byte	-60
 404 0177 0F       		.byte	15
 405 0178 CA       		.byte	-54
 406 0179 97       		.byte	-105
 407 017a CC       		.byte	-52
 408 017b FF       		.byte	-1
 409 017c CE       		.byte	-50
 410 017d FB       		.byte	-5
 411 017e D0       		.byte	-48
 412 017f 04       		.byte	4
 413 0180 D6       		.byte	-42
 414 0181 F0       		.byte	-16
 415 0182 D8       		.byte	-40
 416 0183 80       		.byte	-128
 417 0184 E4       		.byte	-28
 418 0185 01       		.byte	1
 419 0186 01       		.byte	1
 420 0187 20       		.byte	32
 421 0188 02       		.byte	2
 422 0189 03       		.byte	3
 423 018a 04       		.byte	4
 424 018b 1F       		.byte	31
 425 018c 05       		.byte	5
 426 018d 3C       		.byte	60
 427 018e 07       		.byte	7
 428 018f 03       		.byte	3
 429 0190 08       		.byte	8
 430 0191 04       		.byte	4
 431 0192 09       		.byte	9
 432 0193 30       		.byte	48
 433 0194 0C       		.byte	12
 434 0195 07       		.byte	7
 435 0196 0D       		.byte	13
 436 0197 0F       		.byte	15
 437 0198 0E       		.byte	14
 438 0199 18       		.byte	24
 439 019a 0F       		.byte	15
 440 019b 30       		.byte	48
 441 019c 11       		.byte	17
 442 019d 3F       		.byte	63
 443 019e 12       		.byte	18
 444 019f 04       		.byte	4
 445 01a0 14       		.byte	20
 446 01a1 18       		.byte	24
 447 01a2 15       		.byte	21
 448 01a3 10       		.byte	16
 449 01a4 18       		.byte	24
 450 01a5 1C       		.byte	28
 451 01a6 19       		.byte	25
 452 01a7 0A       		.byte	10
 453 01a8 1A       		.byte	26
 454 01a9 01       		.byte	1
 455 01aa 1C       		.byte	28
 456 01ab 10       		.byte	16
ARM GAS  C:\Users\Tri94\AppData\Local\Temp\ccTa9mfx.s 			page 9


 457 01ac 1F       		.byte	31
 458 01ad 0F       		.byte	15
 459 01ae 20       		.byte	32
 460 01af 1C       		.byte	28
 461 01b0 21       		.byte	33
 462 01b1 30       		.byte	48
 463 01b2 22       		.byte	34
 464 01b3 02       		.byte	2
 465 01b4 23       		.byte	35
 466 01b5 0F       		.byte	15
 467 01b6 24       		.byte	36
 468 01b7 08       		.byte	8
 469 01b8 25       		.byte	37
 470 01b9 0F       		.byte	15
 471 01ba 29       		.byte	41
 472 01bb 05       		.byte	5
 473 01bc 31       		.byte	49
 474 01bd 3C       		.byte	60
 475 01be 36       		.byte	54
 476 01bf 1F       		.byte	31
 477 01c0 37       		.byte	55
 478 01c1 03       		.byte	3
 479 01c2 3A       		.byte	58
 480 01c3 80       		.byte	-128
 481 01c4 3B       		.byte	59
 482 01c5 02       		.byte	2
 483 01c6 58       		.byte	88
 484 01c7 04       		.byte	4
 485 01c8 59       		.byte	89
 486 01c9 04       		.byte	4
 487 01ca 5F       		.byte	95
 488 01cb 01       		.byte	1
 489 01cc 8C       		.byte	-116
 490 01cd 09       		.byte	9
 491 01ce 8E       		.byte	-114
 492 01cf 06       		.byte	6
 493 01d0 90       		.byte	-112
 494 01d1 0E       		.byte	14
 495 01d2 92       		.byte	-110
 496 01d3 01       		.byte	1
 497 01d4 94       		.byte	-108
 498 01d5 06       		.byte	6
 499 01d6 98       		.byte	-104
 500 01d7 06       		.byte	6
 501 01d8 9A       		.byte	-102
 502 01d9 09       		.byte	9
 503 01da 9E       		.byte	-98
 504 01db 09       		.byte	9
 505 01dc A0       		.byte	-96
 506 01dd 04       		.byte	4
 507 01de A4       		.byte	-92
 508 01df 02       		.byte	2
 509 01e0 AC       		.byte	-84
 510 01e1 0F       		.byte	15
 511 01e2 B2       		.byte	-78
 512 01e3 0E       		.byte	14
 513 01e4 B4       		.byte	-76
ARM GAS  C:\Users\Tri94\AppData\Local\Temp\ccTa9mfx.s 			page 10


 514 01e5 07       		.byte	7
 515 01e6 BA       		.byte	-70
 516 01e7 20       		.byte	32
 517 01e8 BB       		.byte	-69
 518 01e9 02       		.byte	2
 519 01ea C0       		.byte	-64
 520 01eb 54       		.byte	84
 521 01ec C1       		.byte	-63
 522 01ed 03       		.byte	3
 523 01ee C2       		.byte	-62
 524 01ef 06       		.byte	6
 525 01f0 C4       		.byte	-60
 526 01f1 01       		.byte	1
 527 01f2 C5       		.byte	-59
 528 01f3 E0       		.byte	-32
 529 01f4 C6       		.byte	-58
 530 01f5 C0       		.byte	-64
 531 01f6 C8       		.byte	-56
 532 01f7 0A       		.byte	10
 533 01f8 C9       		.byte	-55
 534 01f9 FF       		.byte	-1
 535 01fa CA       		.byte	-54
 536 01fb FF       		.byte	-1
 537 01fc CB       		.byte	-53
 538 01fd FF       		.byte	-1
 539 01fe CC       		.byte	-52
 540 01ff 62       		.byte	98
 541 0200 CD       		.byte	-51
 542 0201 A0       		.byte	-96
 543 0202 CE       		.byte	-50
 544 0203 F0       		.byte	-16
 545 0204 CF       		.byte	-49
 546 0205 41       		.byte	65
 547 0206 D0       		.byte	-48
 548 0207 0C       		.byte	12
 549 0208 D6       		.byte	-42
 550 0209 02       		.byte	2
 551 020a D7       		.byte	-41
 552 020b 13       		.byte	19
 553 020c D8       		.byte	-40
 554 020d 04       		.byte	4
 555 020e D9       		.byte	-39
 556 020f 04       		.byte	4
 557 0210 DA       		.byte	-38
 558 0211 04       		.byte	4
 559 0212 DB       		.byte	-37
 560 0213 04       		.byte	4
 561 0214 DF       		.byte	-33
 562 0215 01       		.byte	1
 563 0216 E6       		.byte	-26
 564 0217 40       		.byte	64
 565 0218 E7       		.byte	-25
 566 0219 02       		.byte	2
 567 021a E9       		.byte	-23
 568 021b 10       		.byte	16
 569 021c EA       		.byte	-22
 570 021d 30       		.byte	48
ARM GAS  C:\Users\Tri94\AppData\Local\Temp\ccTa9mfx.s 			page 11


 571 021e EB       		.byte	-21
 572 021f 10       		.byte	16
 573 0220 ED       		.byte	-19
 574 0221 10       		.byte	16
 575 0222 EE       		.byte	-18
 576 0223 10       		.byte	16
 577 0224 EF       		.byte	-17
 578 0225 12       		.byte	18
 579 0226 00       		.byte	0
 580 0227 40       		.byte	64
 581 0228 04       		.byte	4
 582 0229 40       		.byte	64
 583 022a 05       		.byte	5
 584 022b 20       		.byte	32
 585 022c 06       		.byte	6
 586 022d A0       		.byte	-96
 587 022e 08       		.byte	8
 588 022f 80       		.byte	-128
 589 0230 0A       		.byte	10
 590 0231 14       		.byte	20
 591 0232 0B       		.byte	11
 592 0233 80       		.byte	-128
 593 0234 0C       		.byte	12
 594 0235 80       		.byte	-128
 595 0236 0D       		.byte	13
 596 0237 02       		.byte	2
 597 0238 0E       		.byte	14
 598 0239 14       		.byte	20
 599 023a 10       		.byte	16
 600 023b 80       		.byte	-128
 601 023c 12       		.byte	18
 602 023d 02       		.byte	2
 603 023e 13       		.byte	19
 604 023f 08       		.byte	8
 605 0240 14       		.byte	20
 606 0241 40       		.byte	64
 607 0242 17       		.byte	23
 608 0243 08       		.byte	8
 609 0244 19       		.byte	25
 610 0245 08       		.byte	8
 611 0246 1A       		.byte	26
 612 0247 04       		.byte	4
 613 0248 1F       		.byte	31
 614 0249 40       		.byte	64
 615 024a 22       		.byte	34
 616 024b 03       		.byte	3
 617 024c 24       		.byte	36
 618 024d 40       		.byte	64
 619 024e 26       		.byte	38
 620 024f 01       		.byte	1
 621 0250 27       		.byte	39
 622 0251 02       		.byte	2
 623 0252 2C       		.byte	44
 624 0253 40       		.byte	64
 625 0254 2D       		.byte	45
 626 0255 20       		.byte	32
 627 0256 2F       		.byte	47
ARM GAS  C:\Users\Tri94\AppData\Local\Temp\ccTa9mfx.s 			page 12


 628 0257 50       		.byte	80
 629 0258 34       		.byte	52
 630 0259 80       		.byte	-128
 631 025a 35       		.byte	53
 632 025b 10       		.byte	16
 633 025c 36       		.byte	54
 634 025d 02       		.byte	2
 635 025e 37       		.byte	55
 636 025f 08       		.byte	8
 637 0260 3C       		.byte	60
 638 0261 40       		.byte	64
 639 0262 3E       		.byte	62
 640 0263 16       		.byte	22
 641 0264 40       		.byte	64
 642 0265 81       		.byte	-127
 643 0266 42       		.byte	66
 644 0267 E0       		.byte	-32
 645 0268 43       		.byte	67
 646 0269 08       		.byte	8
 647 026a 49       		.byte	73
 648 026b 02       		.byte	2
 649 026c 4A       		.byte	74
 650 026d 05       		.byte	5
 651 026e 50       		.byte	80
 652 026f 10       		.byte	16
 653 0270 59       		.byte	89
 654 0271 01       		.byte	1
 655 0272 5D       		.byte	93
 656 0273 08       		.byte	8
 657 0274 5E       		.byte	94
 658 0275 08       		.byte	8
 659 0276 68       		.byte	104
 660 0277 0A       		.byte	10
 661 0278 6B       		.byte	107
 662 0279 10       		.byte	16
 663 027a 70       		.byte	112
 664 027b 80       		.byte	-128
 665 027c 72       		.byte	114
 666 027d 12       		.byte	18
 667 027e 73       		.byte	115
 668 027f 08       		.byte	8
 669 0280 81       		.byte	-127
 670 0281 01       		.byte	1
 671 0282 94       		.byte	-108
 672 0283 C0       		.byte	-64
 673 0284 95       		.byte	-107
 674 0285 02       		.byte	2
 675 0286 96       		.byte	-106
 676 0287 06       		.byte	6
 677 0288 97       		.byte	-105
 678 0289 80       		.byte	-128
 679 028a 99       		.byte	-103
 680 028b 05       		.byte	5
 681 028c 9A       		.byte	-102
 682 028d 01       		.byte	1
 683 028e 9B       		.byte	-101
 684 028f 04       		.byte	4
ARM GAS  C:\Users\Tri94\AppData\Local\Temp\ccTa9mfx.s 			page 13


 685 0290 9C       		.byte	-100
 686 0291 10       		.byte	16
 687 0292 9D       		.byte	-99
 688 0293 20       		.byte	32
 689 0294 9E       		.byte	-98
 690 0295 24       		.byte	36
 691 0296 9F       		.byte	-97
 692 0297 40       		.byte	64
 693 0298 A1       		.byte	-95
 694 0299 0A       		.byte	10
 695 029a A5       		.byte	-91
 696 029b 01       		.byte	1
 697 029c A6       		.byte	-90
 698 029d 20       		.byte	32
 699 029e A7       		.byte	-89
 700 029f 83       		.byte	-125
 701 02a0 A8       		.byte	-88
 702 02a1 40       		.byte	64
 703 02a2 AA       		.byte	-86
 704 02a3 10       		.byte	16
 705 02a4 AB       		.byte	-85
 706 02a5 A0       		.byte	-96
 707 02a6 AC       		.byte	-84
 708 02a7 02       		.byte	2
 709 02a8 B2       		.byte	-78
 710 02a9 02       		.byte	2
 711 02aa B3       		.byte	-77
 712 02ab 16       		.byte	22
 713 02ac C0       		.byte	-64
 714 02ad F1       		.byte	-15
 715 02ae C2       		.byte	-62
 716 02af FF       		.byte	-1
 717 02b0 C4       		.byte	-60
 718 02b1 3D       		.byte	61
 719 02b2 CA       		.byte	-54
 720 02b3 E0       		.byte	-32
 721 02b4 CC       		.byte	-52
 722 02b5 F0       		.byte	-16
 723 02b6 CE       		.byte	-50
 724 02b7 F0       		.byte	-16
 725 02b8 D0       		.byte	-48
 726 02b9 0B       		.byte	11
 727 02ba D2       		.byte	-46
 728 02bb 0C       		.byte	12
 729 02bc D6       		.byte	-42
 730 02bd 01       		.byte	1
 731 02be E6       		.byte	-26
 732 02bf 01       		.byte	1
 733 02c0 EA       		.byte	-22
 734 02c1 08       		.byte	8
 735 02c2 82       		.byte	-126
 736 02c3 20       		.byte	32
 737 02c4 97       		.byte	-105
 738 02c5 10       		.byte	16
 739 02c6 9A       		.byte	-102
 740 02c7 08       		.byte	8
 741 02c8 A0       		.byte	-96
ARM GAS  C:\Users\Tri94\AppData\Local\Temp\ccTa9mfx.s 			page 14


 742 02c9 08       		.byte	8
 743 02ca AF       		.byte	-81
 744 02cb 10       		.byte	16
 745 02cc B0       		.byte	-80
 746 02cd 08       		.byte	8
 747 02ce EC       		.byte	-20
 748 02cf 20       		.byte	32
 749 02d0 82       		.byte	-126
 750 02d1 08       		.byte	8
 751 02d2 01       		.byte	1
 752 02d3 18       		.byte	24
 753 02d4 02       		.byte	2
 754 02d5 05       		.byte	5
 755 02d6 05       		.byte	5
 756 02d7 06       		.byte	6
 757 02d8 09       		.byte	9
 758 02d9 04       		.byte	4
 759 02da 0A       		.byte	10
 760 02db 03       		.byte	3
 761 02dc 0E       		.byte	14
 762 02dd 06       		.byte	6
 763 02de 0F       		.byte	15
 764 02df 19       		.byte	25
 765 02e0 11       		.byte	17
 766 02e1 02       		.byte	2
 767 02e2 12       		.byte	18
 768 02e3 02       		.byte	2
 769 02e4 15       		.byte	21
 770 02e5 19       		.byte	25
 771 02e6 17       		.byte	23
 772 02e7 06       		.byte	6
 773 02e8 19       		.byte	25
 774 02e9 07       		.byte	7
 775 02ea 1B       		.byte	27
 776 02eb 18       		.byte	24
 777 02ec 1D       		.byte	29
 778 02ed 08       		.byte	8
 779 02ee 21       		.byte	33
 780 02ef 20       		.byte	32
 781 02f0 25       		.byte	37
 782 02f1 10       		.byte	16
 783 02f2 26       		.byte	38
 784 02f3 01       		.byte	1
 785 02f4 29       		.byte	41
 786 02f5 1E       		.byte	30
 787 02f6 2B       		.byte	43
 788 02f7 01       		.byte	1
 789 02f8 2C       		.byte	44
 790 02f9 06       		.byte	6
 791 02fa 2D       		.byte	45
 792 02fb 1F       		.byte	31
 793 02fc 2E       		.byte	46
 794 02fd 01       		.byte	1
 795 02fe 33       		.byte	51
 796 02ff 1E       		.byte	30
 797 0300 34       		.byte	52
 798 0301 07       		.byte	7
ARM GAS  C:\Users\Tri94\AppData\Local\Temp\ccTa9mfx.s 			page 15


 799 0302 35       		.byte	53
 800 0303 20       		.byte	32
 801 0304 37       		.byte	55
 802 0305 07       		.byte	7
 803 0306 3A       		.byte	58
 804 0307 20       		.byte	32
 805 0308 3B       		.byte	59
 806 0309 08       		.byte	8
 807 030a 3F       		.byte	63
 808 030b 10       		.byte	16
 809 030c 58       		.byte	88
 810 030d 04       		.byte	4
 811 030e 59       		.byte	89
 812 030f 04       		.byte	4
 813 0310 5C       		.byte	92
 814 0311 10       		.byte	16
 815 0312 5F       		.byte	95
 816 0313 01       		.byte	1
 817 0314 80       		.byte	-128
 818 0315 03       		.byte	3
 819 0316 81       		.byte	-127
 820 0317 03       		.byte	3
 821 0318 82       		.byte	-126
 822 0319 04       		.byte	4
 823 031a 83       		.byte	-125
 824 031b 04       		.byte	4
 825 031c 87       		.byte	-121
 826 031d 08       		.byte	8
 827 031e 88       		.byte	-120
 828 031f 03       		.byte	3
 829 0320 8A       		.byte	-118
 830 0321 04       		.byte	4
 831 0322 8D       		.byte	-115
 832 0323 0A       		.byte	10
 833 0324 8E       		.byte	-114
 834 0325 08       		.byte	8
 835 0326 8F       		.byte	-113
 836 0327 04       		.byte	4
 837 0328 93       		.byte	-109
 838 0329 10       		.byte	16
 839 032a 94       		.byte	-108
 840 032b 03       		.byte	3
 841 032c 96       		.byte	-106
 842 032d 0C       		.byte	12
 843 032e 97       		.byte	-105
 844 032f 05       		.byte	5
 845 0330 99       		.byte	-103
 846 0331 10       		.byte	16
 847 0332 9C       		.byte	-100
 848 0333 0A       		.byte	10
 849 0334 9D       		.byte	-99
 850 0335 03       		.byte	3
 851 0336 9E       		.byte	-98
 852 0337 04       		.byte	4
 853 0338 9F       		.byte	-97
 854 0339 0C       		.byte	12
 855 033a A1       		.byte	-95
ARM GAS  C:\Users\Tri94\AppData\Local\Temp\ccTa9mfx.s 			page 16


 856 033b 10       		.byte	16
 857 033c A6       		.byte	-90
 858 033d 05       		.byte	5
 859 033e A7       		.byte	-89
 860 033f 10       		.byte	16
 861 0340 AB       		.byte	-85
 862 0341 10       		.byte	16
 863 0342 AD       		.byte	-83
 864 0343 03       		.byte	3
 865 0344 AF       		.byte	-81
 866 0345 04       		.byte	4
 867 0346 B1       		.byte	-79
 868 0347 0F       		.byte	15
 869 0348 B2       		.byte	-78
 870 0349 0F       		.byte	15
 871 034a B5       		.byte	-75
 872 034b 10       		.byte	16
 873 034c BA       		.byte	-70
 874 034d 08       		.byte	8
 875 034e BB       		.byte	-69
 876 034f 02       		.byte	2
 877 0350 BF       		.byte	-65
 878 0351 10       		.byte	16
 879 0352 C0       		.byte	-64
 880 0353 13       		.byte	19
 881 0354 C1       		.byte	-63
 882 0355 04       		.byte	4
 883 0356 C5       		.byte	-59
 884 0357 EB       		.byte	-21
 885 0358 C7       		.byte	-57
 886 0359 C0       		.byte	-64
 887 035a C8       		.byte	-56
 888 035b 23       		.byte	35
 889 035c C9       		.byte	-55
 890 035d FF       		.byte	-1
 891 035e CA       		.byte	-54
 892 035f FF       		.byte	-1
 893 0360 CB       		.byte	-53
 894 0361 FF       		.byte	-1
 895 0362 CE       		.byte	-50
 896 0363 F0       		.byte	-16
 897 0364 CF       		.byte	-49
 898 0365 44       		.byte	68
 899 0366 D0       		.byte	-48
 900 0367 0C       		.byte	12
 901 0368 D8       		.byte	-40
 902 0369 04       		.byte	4
 903 036a D9       		.byte	-39
 904 036b 04       		.byte	4
 905 036c DA       		.byte	-38
 906 036d 04       		.byte	4
 907 036e DC       		.byte	-36
 908 036f 10       		.byte	16
 909 0370 DD       		.byte	-35
 910 0371 01       		.byte	1
 911 0372 DF       		.byte	-33
 912 0373 01       		.byte	1
ARM GAS  C:\Users\Tri94\AppData\Local\Temp\ccTa9mfx.s 			page 17


 913 0374 E6       		.byte	-26
 914 0375 C0       		.byte	-64
 915 0376 EA       		.byte	-22
 916 0377 40       		.byte	64
 917 0378 EB       		.byte	-21
 918 0379 02       		.byte	2
 919 037a 01       		.byte	1
 920 037b 20       		.byte	32
 921 037c 02       		.byte	2
 922 037d 01       		.byte	1
 923 037e 03       		.byte	3
 924 037f 80       		.byte	-128
 925 0380 05       		.byte	5
 926 0381 20       		.byte	32
 927 0382 06       		.byte	6
 928 0383 01       		.byte	1
 929 0384 07       		.byte	7
 930 0385 40       		.byte	64
 931 0386 09       		.byte	9
 932 0387 02       		.byte	2
 933 0388 0D       		.byte	13
 934 0389 40       		.byte	64
 935 038a 0E       		.byte	14
 936 038b 20       		.byte	32
 937 038c 10       		.byte	16
 938 038d 20       		.byte	32
 939 038e 12       		.byte	18
 940 038f 02       		.byte	2
 941 0390 14       		.byte	20
 942 0391 10       		.byte	16
 943 0392 19       		.byte	25
 944 0393 20       		.byte	32
 945 0394 1E       		.byte	30
 946 0395 20       		.byte	32
 947 0396 21       		.byte	33
 948 0397 10       		.byte	16
 949 0398 22       		.byte	34
 950 0399 44       		.byte	68
 951 039a 24       		.byte	36
 952 039b 80       		.byte	-128
 953 039c 25       		.byte	37
 954 039d 20       		.byte	32
 955 039e 26       		.byte	38
 956 039f 01       		.byte	1
 957 03a0 27       		.byte	39
 958 03a1 80       		.byte	-128
 959 03a2 28       		.byte	40
 960 03a3 08       		.byte	8
 961 03a4 29       		.byte	41
 962 03a5 08       		.byte	8
 963 03a6 2A       		.byte	42
 964 03a7 82       		.byte	-126
 965 03a8 2C       		.byte	44
 966 03a9 30       		.byte	48
 967 03aa 2F       		.byte	47
 968 03ab 8A       		.byte	-118
 969 03ac 30       		.byte	48
ARM GAS  C:\Users\Tri94\AppData\Local\Temp\ccTa9mfx.s 			page 18


 970 03ad 80       		.byte	-128
 971 03ae 31       		.byte	49
 972 03af 01       		.byte	1
 973 03b0 32       		.byte	50
 974 03b1 14       		.byte	20
 975 03b2 35       		.byte	53
 976 03b3 20       		.byte	32
 977 03b4 36       		.byte	54
 978 03b5 22       		.byte	34
 979 03b6 37       		.byte	55
 980 03b7 84       		.byte	-124
 981 03b8 39       		.byte	57
 982 03b9 15       		.byte	21
 983 03ba 3B       		.byte	59
 984 03bb 80       		.byte	-128
 985 03bc 3C       		.byte	60
 986 03bd 04       		.byte	4
 987 03be 3D       		.byte	61
 988 03bf 02       		.byte	2
 989 03c0 3F       		.byte	63
 990 03c1 40       		.byte	64
 991 03c2 45       		.byte	69
 992 03c3 01       		.byte	1
 993 03c4 47       		.byte	71
 994 03c5 84       		.byte	-124
 995 03c6 4F       		.byte	79
 996 03c7 06       		.byte	6
 997 03c8 57       		.byte	87
 998 03c9 02       		.byte	2
 999 03ca 81       		.byte	-127
 1000 03cb 20       		.byte	32
 1001 03cc 82       		.byte	-126
 1002 03cd 02       		.byte	2
 1003 03ce 85       		.byte	-123
 1004 03cf 10       		.byte	16
 1005 03d0 86       		.byte	-122
 1006 03d1 10       		.byte	16
 1007 03d2 87       		.byte	-121
 1008 03d3 C0       		.byte	-64
 1009 03d4 88       		.byte	-120
 1010 03d5 28       		.byte	40
 1011 03d6 89       		.byte	-119
 1012 03d7 20       		.byte	32
 1013 03d8 8D       		.byte	-115
 1014 03d9 40       		.byte	64
 1015 03da 8E       		.byte	-114
 1016 03db 02       		.byte	2
 1017 03dc 8F       		.byte	-113
 1018 03dd 48       		.byte	72
 1019 03de 90       		.byte	-112
 1020 03df 04       		.byte	4
 1021 03e0 91       		.byte	-111
 1022 03e1 15       		.byte	21
 1023 03e2 92       		.byte	-110
 1024 03e3 20       		.byte	32
 1025 03e4 93       		.byte	-109
 1026 03e5 40       		.byte	64
ARM GAS  C:\Users\Tri94\AppData\Local\Temp\ccTa9mfx.s 			page 19


 1027 03e6 94       		.byte	-108
 1028 03e7 80       		.byte	-128
 1029 03e8 96       		.byte	-106
 1030 03e9 88       		.byte	-120
 1031 03ea 97       		.byte	-105
 1032 03eb 04       		.byte	4
 1033 03ec 99       		.byte	-103
 1034 03ed 09       		.byte	9
 1035 03ee 9A       		.byte	-102
 1036 03ef 81       		.byte	-127
 1037 03f0 9B       		.byte	-101
 1038 03f1 04       		.byte	4
 1039 03f2 9C       		.byte	-100
 1040 03f3 18       		.byte	24
 1041 03f4 A0       		.byte	-96
 1042 03f5 80       		.byte	-128
 1043 03f6 A1       		.byte	-95
 1044 03f7 03       		.byte	3
 1045 03f8 A6       		.byte	-90
 1046 03f9 21       		.byte	33
 1047 03fa A7       		.byte	-89
 1048 03fb 83       		.byte	-125
 1049 03fc A9       		.byte	-87
 1050 03fd 2A       		.byte	42
 1051 03fe AA       		.byte	-86
 1052 03ff 04       		.byte	4
 1053 0400 AB       		.byte	-85
 1054 0401 40       		.byte	64
 1055 0402 B0       		.byte	-80
 1056 0403 20       		.byte	32
 1057 0404 B1       		.byte	-79
 1058 0405 20       		.byte	32
 1059 0406 B4       		.byte	-76
 1060 0407 80       		.byte	-128
 1061 0408 B7       		.byte	-73
 1062 0409 08       		.byte	8
 1063 040a C0       		.byte	-64
 1064 040b DB       		.byte	-37
 1065 040c C2       		.byte	-62
 1066 040d A8       		.byte	-88
 1067 040e C4       		.byte	-60
 1068 040f 25       		.byte	37
 1069 0410 CA       		.byte	-54
 1070 0411 FF       		.byte	-1
 1071 0412 CC       		.byte	-52
 1072 0413 FF       		.byte	-1
 1073 0414 CE       		.byte	-50
 1074 0415 DF       		.byte	-33
 1075 0416 D0       		.byte	-48
 1076 0417 D0       		.byte	-48
 1077 0418 E0       		.byte	-32
 1078 0419 02       		.byte	2
 1079 041a E2       		.byte	-30
 1080 041b 09       		.byte	9
 1081 041c E4       		.byte	-28
 1082 041d 09       		.byte	9
 1083 041e E6       		.byte	-26
ARM GAS  C:\Users\Tri94\AppData\Local\Temp\ccTa9mfx.s 			page 20


 1084 041f 04       		.byte	4
 1085 0420 EA       		.byte	-22
 1086 0421 05       		.byte	5
 1087 0422 EE       		.byte	-18
 1088 0423 04       		.byte	4
 1089 0424 02       		.byte	2
 1090 0425 80       		.byte	-128
 1091 0426 04       		.byte	4
 1092 0427 09       		.byte	9
 1093 0428 06       		.byte	6
 1094 0429 10       		.byte	16
 1095 042a 07       		.byte	7
 1096 042b 06       		.byte	6
 1097 042c 08       		.byte	8
 1098 042d 10       		.byte	16
 1099 042e 0B       		.byte	11
 1100 042f 01       		.byte	1
 1101 0430 0C       		.byte	12
 1102 0431 2C       		.byte	44
 1103 0432 0D       		.byte	13
 1104 0433 06       		.byte	6
 1105 0434 0E       		.byte	14
 1106 0435 11       		.byte	17
 1107 0436 0F       		.byte	15
 1108 0437 01       		.byte	1
 1109 0438 12       		.byte	18
 1110 0439 03       		.byte	3
 1111 043a 13       		.byte	19
 1112 043b 05       		.byte	5
 1113 043c 16       		.byte	22
 1114 043d 80       		.byte	-128
 1115 043e 17       		.byte	23
 1116 043f 02       		.byte	2
 1117 0440 18       		.byte	24
 1118 0441 14       		.byte	20
 1119 0442 1C       		.byte	28
 1120 0443 30       		.byte	48
 1121 0444 1E       		.byte	30
 1122 0445 0C       		.byte	12
 1123 0446 1F       		.byte	31
 1124 0447 03       		.byte	3
 1125 0448 20       		.byte	32
 1126 0449 1C       		.byte	28
 1127 044a 22       		.byte	34
 1128 044b 22       		.byte	34
 1129 044c 24       		.byte	36
 1130 044d 40       		.byte	64
 1131 044e 30       		.byte	48
 1132 044f 1F       		.byte	31
 1133 0450 31       		.byte	49
 1134 0451 07       		.byte	7
 1135 0452 32       		.byte	50
 1136 0453 80       		.byte	-128
 1137 0454 34       		.byte	52
 1138 0455 60       		.byte	96
 1139 0456 38       		.byte	56
 1140 0457 20       		.byte	32
ARM GAS  C:\Users\Tri94\AppData\Local\Temp\ccTa9mfx.s 			page 21


 1141 0458 3B       		.byte	59
 1142 0459 02       		.byte	2
 1143 045a 3E       		.byte	62
 1144 045b 04       		.byte	4
 1145 045c 54       		.byte	84
 1146 045d 18       		.byte	24
 1147 045e 58       		.byte	88
 1148 045f 04       		.byte	4
 1149 0460 59       		.byte	89
 1150 0461 04       		.byte	4
 1151 0462 5B       		.byte	91
 1152 0463 04       		.byte	4
 1153 0464 5C       		.byte	92
 1154 0465 11       		.byte	17
 1155 0466 5F       		.byte	95
 1156 0467 01       		.byte	1
 1157 0468 81       		.byte	-127
 1158 0469 0C       		.byte	12
 1159 046a 83       		.byte	-125
 1160 046b 03       		.byte	3
 1161 046c 84       		.byte	-124
 1162 046d E7       		.byte	-25
 1163 046e 87       		.byte	-121
 1164 046f 0C       		.byte	12
 1165 0470 88       		.byte	-120
 1166 0471 22       		.byte	34
 1167 0472 8A       		.byte	-118
 1168 0473 51       		.byte	81
 1169 0474 8B       		.byte	-117
 1170 0475 03       		.byte	3
 1171 0476 8D       		.byte	-115
 1172 0477 01       		.byte	1
 1173 0478 8F       		.byte	-113
 1174 0479 06       		.byte	6
 1175 047a 94       		.byte	-108
 1176 047b 01       		.byte	1
 1177 047c 95       		.byte	-107
 1178 047d 10       		.byte	16
 1179 047e 96       		.byte	-106
 1180 047f 0E       		.byte	14
 1181 0480 98       		.byte	-104
 1182 0481 44       		.byte	68
 1183 0482 99       		.byte	-103
 1184 0483 10       		.byte	16
 1185 0484 9A       		.byte	-102
 1186 0485 31       		.byte	49
 1187 0486 9D       		.byte	-99
 1188 0487 01       		.byte	1
 1189 0488 9F       		.byte	-97
 1190 0489 0E       		.byte	14
 1191 048a A7       		.byte	-89
 1192 048b 08       		.byte	8
 1193 048c A8       		.byte	-88
 1194 048d E7       		.byte	-25
 1195 048e A9       		.byte	-87
 1196 048f 10       		.byte	16
 1197 0490 AC       		.byte	-84
ARM GAS  C:\Users\Tri94\AppData\Local\Temp\ccTa9mfx.s 			page 22


 1198 0491 80       		.byte	-128
 1199 0492 AD       		.byte	-83
 1200 0493 10       		.byte	16
 1201 0494 B0       		.byte	-80
 1202 0495 80       		.byte	-128
 1203 0496 B1       		.byte	-79
 1204 0497 0F       		.byte	15
 1205 0498 B2       		.byte	-78
 1206 0499 07       		.byte	7
 1207 049a B4       		.byte	-76
 1208 049b 60       		.byte	96
 1209 049c B5       		.byte	-75
 1210 049d 10       		.byte	16
 1211 049e B6       		.byte	-74
 1212 049f 18       		.byte	24
 1213 04a0 BB       		.byte	-69
 1214 04a1 02       		.byte	2
 1215 04a2 BE       		.byte	-66
 1216 04a3 40       		.byte	64
 1217 04a4 BF       		.byte	-65
 1218 04a5 10       		.byte	16
 1219 04a6 D8       		.byte	-40
 1220 04a7 04       		.byte	4
 1221 04a8 D9       		.byte	-39
 1222 04a9 04       		.byte	4
 1223 04aa DC       		.byte	-36
 1224 04ab 10       		.byte	16
 1225 04ac DF       		.byte	-33
 1226 04ad 01       		.byte	1
 1227 04ae 01       		.byte	1
 1228 04af 20       		.byte	32
 1229 04b0 03       		.byte	3
 1230 04b1 10       		.byte	16
 1231 04b2 04       		.byte	4
 1232 04b3 44       		.byte	68
 1233 04b4 05       		.byte	5
 1234 04b5 02       		.byte	2
 1235 04b6 07       		.byte	7
 1236 04b7 08       		.byte	8
 1237 04b8 0A       		.byte	10
 1238 04b9 14       		.byte	20
 1239 04ba 0B       		.byte	11
 1240 04bb 20       		.byte	32
 1241 04bc 0D       		.byte	13
 1242 04bd 08       		.byte	8
 1243 04be 0E       		.byte	14
 1244 04bf 82       		.byte	-126
 1245 04c0 0F       		.byte	15
 1246 04c1 04       		.byte	4
 1247 04c2 10       		.byte	16
 1248 04c3 0A       		.byte	10
 1249 04c4 15       		.byte	21
 1250 04c5 02       		.byte	2
 1251 04c6 16       		.byte	22
 1252 04c7 20       		.byte	32
 1253 04c8 17       		.byte	23
 1254 04c9 04       		.byte	4
ARM GAS  C:\Users\Tri94\AppData\Local\Temp\ccTa9mfx.s 			page 23


 1255 04ca 18       		.byte	24
 1256 04cb 01       		.byte	1
 1257 04cc 19       		.byte	25
 1258 04cd 10       		.byte	16
 1259 04ce 1A       		.byte	26
 1260 04cf 54       		.byte	84
 1261 04d0 1C       		.byte	28
 1262 04d1 84       		.byte	-124
 1263 04d2 1E       		.byte	30
 1264 04d3 80       		.byte	-128
 1265 04d4 1F       		.byte	31
 1266 04d5 04       		.byte	4
 1267 04d6 21       		.byte	33
 1268 04d7 21       		.byte	33
 1269 04d8 23       		.byte	35
 1270 04d9 40       		.byte	64
 1271 04da 24       		.byte	36
 1272 04db 40       		.byte	64
 1273 04dc 25       		.byte	37
 1274 04dd 01       		.byte	1
 1275 04de 27       		.byte	39
 1276 04df 40       		.byte	64
 1277 04e0 28       		.byte	40
 1278 04e1 08       		.byte	8
 1279 04e2 29       		.byte	41
 1280 04e3 04       		.byte	4
 1281 04e4 2A       		.byte	42
 1282 04e5 80       		.byte	-128
 1283 04e6 30       		.byte	48
 1284 04e7 20       		.byte	32
 1285 04e8 32       		.byte	50
 1286 04e9 14       		.byte	20
 1287 04ea 33       		.byte	51
 1288 04eb 48       		.byte	72
 1289 04ec 35       		.byte	53
 1290 04ed 04       		.byte	4
 1291 04ee 36       		.byte	54
 1292 04ef 01       		.byte	1
 1293 04f0 37       		.byte	55
 1294 04f1 48       		.byte	72
 1295 04f2 38       		.byte	56
 1296 04f3 84       		.byte	-124
 1297 04f4 39       		.byte	57
 1298 04f5 02       		.byte	2
 1299 04f6 3A       		.byte	58
 1300 04f7 20       		.byte	32
 1301 04f8 3C       		.byte	60
 1302 04f9 04       		.byte	4
 1303 04fa 3E       		.byte	62
 1304 04fb 20       		.byte	32
 1305 04fc 3F       		.byte	63
 1306 04fd 40       		.byte	64
 1307 04fe 5F       		.byte	95
 1308 04ff 02       		.byte	2
 1309 0500 67       		.byte	103
 1310 0501 0A       		.byte	10
 1311 0502 79       		.byte	121
ARM GAS  C:\Users\Tri94\AppData\Local\Temp\ccTa9mfx.s 			page 24


 1312 0503 01       		.byte	1
 1313 0504 7B       		.byte	123
 1314 0505 40       		.byte	64
 1315 0506 81       		.byte	-127
 1316 0507 01       		.byte	1
 1317 0508 83       		.byte	-125
 1318 0509 01       		.byte	1
 1319 050a 85       		.byte	-123
 1320 050b 14       		.byte	20
 1321 050c 88       		.byte	-120
 1322 050d 40       		.byte	64
 1323 050e 8E       		.byte	-114
 1324 050f C0       		.byte	-64
 1325 0510 94       		.byte	-108
 1326 0511 81       		.byte	-127
 1327 0512 95       		.byte	-107
 1328 0513 02       		.byte	2
 1329 0514 96       		.byte	-106
 1330 0515 40       		.byte	64
 1331 0516 97       		.byte	-105
 1332 0517 20       		.byte	32
 1333 0518 99       		.byte	-103
 1334 0519 06       		.byte	6
 1335 051a 9A       		.byte	-102
 1336 051b 01       		.byte	1
 1337 051c 9B       		.byte	-101
 1338 051d 16       		.byte	22
 1339 051e 9C       		.byte	-100
 1340 051f 10       		.byte	16
 1341 0520 9D       		.byte	-99
 1342 0521 30       		.byte	48
 1343 0522 9E       		.byte	-98
 1344 0523 04       		.byte	4
 1345 0524 9F       		.byte	-97
 1346 0525 40       		.byte	64
 1347 0526 A0       		.byte	-96
 1348 0527 0A       		.byte	10
 1349 0528 A1       		.byte	-95
 1350 0529 08       		.byte	8
 1351 052a A6       		.byte	-90
 1352 052b 20       		.byte	32
 1353 052c A7       		.byte	-89
 1354 052d 83       		.byte	-125
 1355 052e AE       		.byte	-82
 1356 052f 01       		.byte	1
 1357 0530 AF       		.byte	-81
 1358 0531 08       		.byte	8
 1359 0532 B4       		.byte	-76
 1360 0533 10       		.byte	16
 1361 0534 B5       		.byte	-75
 1362 0535 08       		.byte	8
 1363 0536 C0       		.byte	-64
 1364 0537 F6       		.byte	-10
 1365 0538 C2       		.byte	-62
 1366 0539 F6       		.byte	-10
 1367 053a C4       		.byte	-60
 1368 053b 33       		.byte	51
ARM GAS  C:\Users\Tri94\AppData\Local\Temp\ccTa9mfx.s 			page 25


 1369 053c CA       		.byte	-54
 1370 053d 0E       		.byte	14
 1371 053e CC       		.byte	-52
 1372 053f DE       		.byte	-34
 1373 0540 CE       		.byte	-50
 1374 0541 7F       		.byte	127
 1375 0542 D6       		.byte	-42
 1376 0543 80       		.byte	-128
 1377 0544 D8       		.byte	-40
 1378 0545 30       		.byte	48
 1379 0546 E2       		.byte	-30
 1380 0547 04       		.byte	4
 1381 0548 E6       		.byte	-26
 1382 0549 0E       		.byte	14
 1383 054a 89       		.byte	-119
 1384 054b 02       		.byte	2
 1385 054c 8F       		.byte	-113
 1386 054d 02       		.byte	2
 1387 054e 91       		.byte	-111
 1388 054f 04       		.byte	4
 1389 0550 95       		.byte	-107
 1390 0551 02       		.byte	2
 1391 0552 96       		.byte	-106
 1392 0553 01       		.byte	1
 1393 0554 A5       		.byte	-91
 1394 0555 01       		.byte	1
 1395 0556 AA       		.byte	-86
 1396 0557 01       		.byte	1
 1397 0558 B2       		.byte	-78
 1398 0559 01       		.byte	1
 1399 055a B3       		.byte	-77
 1400 055b 06       		.byte	6
 1401 055c B5       		.byte	-75
 1402 055d 01       		.byte	1
 1403 055e B9       		.byte	-71
 1404 055f 08       		.byte	8
 1405 0560 BE       		.byte	-66
 1406 0561 04       		.byte	4
 1407 0562 BF       		.byte	-65
 1408 0563 10       		.byte	16
 1409 0564 D8       		.byte	-40
 1410 0565 04       		.byte	4
 1411 0566 D9       		.byte	-39
 1412 0567 04       		.byte	4
 1413 0568 DF       		.byte	-33
 1414 0569 01       		.byte	1
 1415 056a 05       		.byte	5
 1416 056b 14       		.byte	20
 1417 056c 06       		.byte	6
 1418 056d 40       		.byte	64
 1419 056e 07       		.byte	7
 1420 056f 02       		.byte	2
 1421 0570 08       		.byte	8
 1422 0571 08       		.byte	8
 1423 0572 0C       		.byte	12
 1424 0573 40       		.byte	64
 1425 0574 0D       		.byte	13
ARM GAS  C:\Users\Tri94\AppData\Local\Temp\ccTa9mfx.s 			page 26


 1426 0575 20       		.byte	32
 1427 0576 0E       		.byte	14
 1428 0577 22       		.byte	34
 1429 0578 0F       		.byte	15
 1430 0579 80       		.byte	-128
 1431 057a 12       		.byte	18
 1432 057b 08       		.byte	8
 1433 057c 14       		.byte	20
 1434 057d 80       		.byte	-128
 1435 057e 16       		.byte	22
 1436 057f 02       		.byte	2
 1437 0580 17       		.byte	23
 1438 0581 18       		.byte	24
 1439 0582 1A       		.byte	26
 1440 0583 20       		.byte	32
 1441 0584 1C       		.byte	28
 1442 0585 01       		.byte	1
 1443 0586 1D       		.byte	29
 1444 0587 1C       		.byte	28
 1445 0588 1E       		.byte	30
 1446 0589 04       		.byte	4
 1447 058a 23       		.byte	35
 1448 058b 14       		.byte	20
 1449 058c 24       		.byte	36
 1450 058d 04       		.byte	4
 1451 058e 26       		.byte	38
 1452 058f 84       		.byte	-124
 1453 0590 27       		.byte	39
 1454 0591 80       		.byte	-128
 1455 0592 2A       		.byte	42
 1456 0593 08       		.byte	8
 1457 0594 2C       		.byte	44
 1458 0595 20       		.byte	32
 1459 0596 2D       		.byte	45
 1460 0597 80       		.byte	-128
 1461 0598 31       		.byte	49
 1462 0599 01       		.byte	1
 1463 059a 32       		.byte	50
 1464 059b 04       		.byte	4
 1465 059c 36       		.byte	54
 1466 059d 06       		.byte	6
 1467 059e 38       		.byte	56
 1468 059f 90       		.byte	-112
 1469 05a0 3C       		.byte	60
 1470 05a1 04       		.byte	4
 1471 05a2 3D       		.byte	61
 1472 05a3 18       		.byte	24
 1473 05a4 44       		.byte	68
 1474 05a5 40       		.byte	64
 1475 05a6 45       		.byte	69
 1476 05a7 28       		.byte	40
 1477 05a8 47       		.byte	71
 1478 05a9 84       		.byte	-124
 1479 05aa 4F       		.byte	79
 1480 05ab 20       		.byte	32
 1481 05ac 55       		.byte	85
 1482 05ad 10       		.byte	16
ARM GAS  C:\Users\Tri94\AppData\Local\Temp\ccTa9mfx.s 			page 27


 1483 05ae 56       		.byte	86
 1484 05af 40       		.byte	64
 1485 05b0 5E       		.byte	94
 1486 05b1 01       		.byte	1
 1487 05b2 6C       		.byte	108
 1488 05b3 20       		.byte	32
 1489 05b4 6D       		.byte	109
 1490 05b5 50       		.byte	80
 1491 05b6 74       		.byte	116
 1492 05b7 04       		.byte	4
 1493 05b8 76       		.byte	118
 1494 05b9 12       		.byte	18
 1495 05ba 77       		.byte	119
 1496 05bb 08       		.byte	8
 1497 05bc 80       		.byte	-128
 1498 05bd 48       		.byte	72
 1499 05be 82       		.byte	-126
 1500 05bf 10       		.byte	16
 1501 05c0 83       		.byte	-125
 1502 05c1 08       		.byte	8
 1503 05c2 84       		.byte	-124
 1504 05c3 04       		.byte	4
 1505 05c4 86       		.byte	-122
 1506 05c5 02       		.byte	2
 1507 05c6 87       		.byte	-121
 1508 05c7 02       		.byte	2
 1509 05c8 8A       		.byte	-118
 1510 05c9 82       		.byte	-126
 1511 05ca 8D       		.byte	-115
 1512 05cb 08       		.byte	8
 1513 05cc 8E       		.byte	-114
 1514 05cd 01       		.byte	1
 1515 05ce 97       		.byte	-105
 1516 05cf 10       		.byte	16
 1517 05d0 98       		.byte	-104
 1518 05d1 08       		.byte	8
 1519 05d2 9A       		.byte	-102
 1520 05d3 08       		.byte	8
 1521 05d4 A0       		.byte	-96
 1522 05d5 08       		.byte	8
 1523 05d6 A2       		.byte	-94
 1524 05d7 08       		.byte	8
 1525 05d8 A6       		.byte	-90
 1526 05d9 20       		.byte	32
 1527 05da B4       		.byte	-76
 1528 05db 08       		.byte	8
 1529 05dc B6       		.byte	-74
 1530 05dd 08       		.byte	8
 1531 05de C0       		.byte	-64
 1532 05df F0       		.byte	-16
 1533 05e0 C2       		.byte	-62
 1534 05e1 F4       		.byte	-12
 1535 05e2 C4       		.byte	-60
 1536 05e3 F2       		.byte	-14
 1537 05e4 CA       		.byte	-54
 1538 05e5 52       		.byte	82
 1539 05e6 CC       		.byte	-52
ARM GAS  C:\Users\Tri94\AppData\Local\Temp\ccTa9mfx.s 			page 28


 1540 05e7 C3       		.byte	-61
 1541 05e8 CE       		.byte	-50
 1542 05e9 6C       		.byte	108
 1543 05ea D0       		.byte	-48
 1544 05eb F0       		.byte	-16
 1545 05ec D2       		.byte	-46
 1546 05ed 20       		.byte	32
 1547 05ee D6       		.byte	-42
 1548 05ef 80       		.byte	-128
 1549 05f0 E0       		.byte	-32
 1550 05f1 10       		.byte	16
 1551 05f2 E4       		.byte	-28
 1552 05f3 20       		.byte	32
 1553 05f4 E6       		.byte	-26
 1554 05f5 10       		.byte	16
 1555 05f6 E8       		.byte	-24
 1556 05f7 40       		.byte	64
 1557 05f8 EC       		.byte	-20
 1558 05f9 40       		.byte	64
 1559 05fa 09       		.byte	9
 1560 05fb 03       		.byte	3
 1561 05fc 13       		.byte	19
 1562 05fd 01       		.byte	1
 1563 05fe 15       		.byte	21
 1564 05ff 02       		.byte	2
 1565 0600 29       		.byte	41
 1566 0601 03       		.byte	3
 1567 0602 31       		.byte	49
 1568 0603 03       		.byte	3
 1569 0604 39       		.byte	57
 1570 0605 02       		.byte	2
 1571 0606 3F       		.byte	63
 1572 0607 01       		.byte	1
 1573 0608 40       		.byte	64
 1574 0609 04       		.byte	4
 1575 060a 46       		.byte	70
 1576 060b 04       		.byte	4
 1577 060c 49       		.byte	73
 1578 060d FF       		.byte	-1
 1579 060e 4A       		.byte	74
 1580 060f 07       		.byte	7
 1581 0610 4B       		.byte	75
 1582 0611 FF       		.byte	-1
 1583 0612 4C       		.byte	76
 1584 0613 40       		.byte	64
 1585 0614 4D       		.byte	77
 1586 0615 20       		.byte	32
 1587 0616 4E       		.byte	78
 1588 0617 F0       		.byte	-16
 1589 0618 4F       		.byte	79
 1590 0619 05       		.byte	5
 1591 061a 50       		.byte	80
 1592 061b 08       		.byte	8
 1593 061c 54       		.byte	84
 1594 061d 18       		.byte	24
 1595 061e 56       		.byte	86
 1596 061f 04       		.byte	4
ARM GAS  C:\Users\Tri94\AppData\Local\Temp\ccTa9mfx.s 			page 29


 1597 0620 59       		.byte	89
 1598 0621 04       		.byte	4
 1599 0622 5A       		.byte	90
 1600 0623 04       		.byte	4
 1601 0624 5B       		.byte	91
 1602 0625 04       		.byte	4
 1603 0626 5D       		.byte	93
 1604 0627 10       		.byte	16
 1605 0628 5F       		.byte	95
 1606 0629 01       		.byte	1
 1607 062a 60       		.byte	96
 1608 062b 40       		.byte	64
 1609 062c 61       		.byte	97
 1610 062d A8       		.byte	-88
 1611 062e 62       		.byte	98
 1612 062f 40       		.byte	64
 1613 0630 63       		.byte	99
 1614 0631 20       		.byte	32
 1615 0632 81       		.byte	-127
 1616 0633 0B       		.byte	11
 1617 0634 82       		.byte	-126
 1618 0635 02       		.byte	2
 1619 0636 84       		.byte	-124
 1620 0637 0C       		.byte	12
 1621 0638 85       		.byte	-123
 1622 0639 03       		.byte	3
 1623 063a 88       		.byte	-120
 1624 063b 04       		.byte	4
 1625 063c 8B       		.byte	-117
 1626 063d 10       		.byte	16
 1627 063e 8C       		.byte	-116
 1628 063f 08       		.byte	8
 1629 0640 8D       		.byte	-115
 1630 0641 01       		.byte	1
 1631 0642 8F       		.byte	-113
 1632 0643 04       		.byte	4
 1633 0644 90       		.byte	-112
 1634 0645 0C       		.byte	12
 1635 0646 92       		.byte	-110
 1636 0647 02       		.byte	2
 1637 0648 94       		.byte	-108
 1638 0649 0C       		.byte	12
 1639 064a 95       		.byte	-107
 1640 064b 02       		.byte	2
 1641 064c 96       		.byte	-106
 1642 064d 02       		.byte	2
 1643 064e 98       		.byte	-104
 1644 064f 01       		.byte	1
 1645 0650 9B       		.byte	-101
 1646 0651 0B       		.byte	11
 1647 0652 9C       		.byte	-100
 1648 0653 02       		.byte	2
 1649 0654 9E       		.byte	-98
 1650 0655 0C       		.byte	12
 1651 0656 9F       		.byte	-97
 1652 0657 10       		.byte	16
 1653 0658 A4       		.byte	-92
ARM GAS  C:\Users\Tri94\AppData\Local\Temp\ccTa9mfx.s 			page 30


 1654 0659 0E       		.byte	14
 1655 065a A7       		.byte	-89
 1656 065b 0B       		.byte	11
 1657 065c A8       		.byte	-88
 1658 065d 01       		.byte	1
 1659 065e A9       		.byte	-87
 1660 065f 0B       		.byte	11
 1661 0660 AC       		.byte	-84
 1662 0661 01       		.byte	1
 1663 0662 AF       		.byte	-81
 1664 0663 03       		.byte	3
 1665 0664 B1       		.byte	-79
 1666 0665 08       		.byte	8
 1667 0666 B2       		.byte	-78
 1668 0667 0E       		.byte	14
 1669 0668 B3       		.byte	-77
 1670 0669 04       		.byte	4
 1671 066a B4       		.byte	-76
 1672 066b 01       		.byte	1
 1673 066c B5       		.byte	-75
 1674 066d 10       		.byte	16
 1675 066e B7       		.byte	-73
 1676 066f 03       		.byte	3
 1677 0670 B9       		.byte	-71
 1678 0671 02       		.byte	2
 1679 0672 BA       		.byte	-70
 1680 0673 08       		.byte	8
 1681 0674 BF       		.byte	-65
 1682 0675 10       		.byte	16
 1683 0676 C0       		.byte	-64
 1684 0677 62       		.byte	98
 1685 0678 C1       		.byte	-63
 1686 0679 01       		.byte	1
 1687 067a C5       		.byte	-59
 1688 067b 0B       		.byte	11
 1689 067c C6       		.byte	-58
 1690 067d E0       		.byte	-32
 1691 067e C7       		.byte	-57
 1692 067f 0C       		.byte	12
 1693 0680 C8       		.byte	-56
 1694 0681 19       		.byte	25
 1695 0682 C9       		.byte	-55
 1696 0683 FF       		.byte	-1
 1697 0684 CA       		.byte	-54
 1698 0685 FF       		.byte	-1
 1699 0686 CB       		.byte	-53
 1700 0687 FF       		.byte	-1
 1701 0688 CE       		.byte	-50
 1702 0689 F0       		.byte	-16
 1703 068a CF       		.byte	-49
 1704 068b 44       		.byte	68
 1705 068c D0       		.byte	-48
 1706 068d 0C       		.byte	12
 1707 068e D4       		.byte	-44
 1708 068f 01       		.byte	1
 1709 0690 D8       		.byte	-40
 1710 0691 04       		.byte	4
ARM GAS  C:\Users\Tri94\AppData\Local\Temp\ccTa9mfx.s 			page 31


 1711 0692 D9       		.byte	-39
 1712 0693 04       		.byte	4
 1713 0694 DA       		.byte	-38
 1714 0695 04       		.byte	4
 1715 0696 DB       		.byte	-37
 1716 0697 04       		.byte	4
 1717 0698 DC       		.byte	-36
 1718 0699 11       		.byte	17
 1719 069a DF       		.byte	-33
 1720 069b 01       		.byte	1
 1721 069c E6       		.byte	-26
 1722 069d C0       		.byte	-64
 1723 069e EA       		.byte	-22
 1724 069f 40       		.byte	64
 1725 06a0 EB       		.byte	-21
 1726 06a1 02       		.byte	2
 1727 06a2 06       		.byte	6
 1728 06a3 52       		.byte	82
 1729 06a4 07       		.byte	7
 1730 06a5 08       		.byte	8
 1731 06a6 0C       		.byte	12
 1732 06a7 20       		.byte	32
 1733 06a8 0D       		.byte	13
 1734 06a9 02       		.byte	2
 1735 06aa 0E       		.byte	14
 1736 06ab 21       		.byte	33
 1737 06ac 15       		.byte	21
 1738 06ad 50       		.byte	80
 1739 06ae 16       		.byte	22
 1740 06af 20       		.byte	32
 1741 06b0 17       		.byte	23
 1742 06b1 04       		.byte	4
 1743 06b2 1D       		.byte	29
 1744 06b3 20       		.byte	32
 1745 06b4 1E       		.byte	30
 1746 06b5 20       		.byte	32
 1747 06b6 20       		.byte	32
 1748 06b7 40       		.byte	64
 1749 06b8 24       		.byte	36
 1750 06b9 04       		.byte	4
 1751 06ba 27       		.byte	39
 1752 06bb 52       		.byte	82
 1753 06bc 28       		.byte	40
 1754 06bd 08       		.byte	8
 1755 06be 2E       		.byte	46
 1756 06bf 24       		.byte	36
 1757 06c0 2F       		.byte	47
 1758 06c1 02       		.byte	2
 1759 06c2 30       		.byte	48
 1760 06c3 08       		.byte	8
 1761 06c4 31       		.byte	49
 1762 06c5 01       		.byte	1
 1763 06c6 36       		.byte	54
 1764 06c7 14       		.byte	20
 1765 06c8 37       		.byte	55
 1766 06c9 40       		.byte	64
 1767 06ca 38       		.byte	56
ARM GAS  C:\Users\Tri94\AppData\Local\Temp\ccTa9mfx.s 			page 32


 1768 06cb 10       		.byte	16
 1769 06cc 3D       		.byte	61
 1770 06cd 2A       		.byte	42
 1771 06ce 3E       		.byte	62
 1772 06cf 01       		.byte	1
 1773 06d0 3F       		.byte	63
 1774 06d1 80       		.byte	-128
 1775 06d2 40       		.byte	64
 1776 06d3 40       		.byte	64
 1777 06d4 45       		.byte	69
 1778 06d5 80       		.byte	-128
 1779 06d6 47       		.byte	71
 1780 06d7 20       		.byte	32
 1781 06d8 48       		.byte	72
 1782 06d9 40       		.byte	64
 1783 06da 49       		.byte	73
 1784 06db 01       		.byte	1
 1785 06dc 4E       		.byte	78
 1786 06dd 24       		.byte	36
 1787 06de 51       		.byte	81
 1788 06df 40       		.byte	64
 1789 06e0 56       		.byte	86
 1790 06e1 08       		.byte	8
 1791 06e2 57       		.byte	87
 1792 06e3 20       		.byte	32
 1793 06e4 5B       		.byte	91
 1794 06e5 02       		.byte	2
 1795 06e6 5D       		.byte	93
 1796 06e7 A2       		.byte	-94
 1797 06e8 5F       		.byte	95
 1798 06e9 04       		.byte	4
 1799 06ea 60       		.byte	96
 1800 06eb 05       		.byte	5
 1801 06ec 62       		.byte	98
 1802 06ed 02       		.byte	2
 1803 06ee 80       		.byte	-128
 1804 06ef 10       		.byte	16
 1805 06f0 81       		.byte	-127
 1806 06f1 82       		.byte	-126
 1807 06f2 82       		.byte	-126
 1808 06f3 02       		.byte	2
 1809 06f4 83       		.byte	-125
 1810 06f5 20       		.byte	32
 1811 06f6 84       		.byte	-124
 1812 06f7 08       		.byte	8
 1813 06f8 85       		.byte	-123
 1814 06f9 20       		.byte	32
 1815 06fa 86       		.byte	-122
 1816 06fb 44       		.byte	68
 1817 06fc 87       		.byte	-121
 1818 06fd 06       		.byte	6
 1819 06fe 88       		.byte	-120
 1820 06ff 40       		.byte	64
 1821 0700 89       		.byte	-119
 1822 0701 80       		.byte	-128
 1823 0702 8A       		.byte	-118
 1824 0703 10       		.byte	16
ARM GAS  C:\Users\Tri94\AppData\Local\Temp\ccTa9mfx.s 			page 33


 1825 0704 8B       		.byte	-117
 1826 0705 20       		.byte	32
 1827 0706 8C       		.byte	-116
 1828 0707 08       		.byte	8
 1829 0708 8D       		.byte	-115
 1830 0709 20       		.byte	32
 1831 070a 8E       		.byte	-114
 1832 070b 08       		.byte	8
 1833 070c 90       		.byte	-112
 1834 070d 01       		.byte	1
 1835 070e 91       		.byte	-111
 1836 070f 50       		.byte	80
 1837 0710 92       		.byte	-110
 1838 0711 04       		.byte	4
 1839 0712 94       		.byte	-108
 1840 0713 10       		.byte	16
 1841 0714 95       		.byte	-107
 1842 0715 80       		.byte	-128
 1843 0716 96       		.byte	-106
 1844 0717 08       		.byte	8
 1845 0718 9A       		.byte	-102
 1846 0719 12       		.byte	18
 1847 071a 9B       		.byte	-101
 1848 071b 0C       		.byte	12
 1849 071c 9D       		.byte	-99
 1850 071d 01       		.byte	1
 1851 071e 9F       		.byte	-97
 1852 071f 10       		.byte	16
 1853 0720 A0       		.byte	-96
 1854 0721 28       		.byte	40
 1855 0722 A1       		.byte	-95
 1856 0723 17       		.byte	23
 1857 0724 A2       		.byte	-94
 1858 0725 04       		.byte	4
 1859 0726 A3       		.byte	-93
 1860 0727 40       		.byte	64
 1861 0728 A5       		.byte	-91
 1862 0729 20       		.byte	32
 1863 072a A6       		.byte	-90
 1864 072b 30       		.byte	48
 1865 072c A8       		.byte	-88
 1866 072d 04       		.byte	4
 1867 072e A9       		.byte	-87
 1868 072f 40       		.byte	64
 1869 0730 AA       		.byte	-86
 1870 0731 04       		.byte	4
 1871 0732 AF       		.byte	-81
 1872 0733 04       		.byte	4
 1873 0734 B1       		.byte	-79
 1874 0735 02       		.byte	2
 1875 0736 B2       		.byte	-78
 1876 0737 05       		.byte	5
 1877 0738 B4       		.byte	-76
 1878 0739 80       		.byte	-128
 1879 073a B5       		.byte	-75
 1880 073b 81       		.byte	-127
 1881 073c B7       		.byte	-73
ARM GAS  C:\Users\Tri94\AppData\Local\Temp\ccTa9mfx.s 			page 34


 1882 073d 50       		.byte	80
 1883 073e C0       		.byte	-64
 1884 073f F0       		.byte	-16
 1885 0740 C2       		.byte	-62
 1886 0741 F0       		.byte	-16
 1887 0742 C4       		.byte	-60
 1888 0743 E0       		.byte	-32
 1889 0744 CA       		.byte	-54
 1890 0745 74       		.byte	116
 1891 0746 CC       		.byte	-52
 1892 0747 73       		.byte	115
 1893 0748 CE       		.byte	-50
 1894 0749 F4       		.byte	-12
 1895 074a D0       		.byte	-48
 1896 074b 31       		.byte	49
 1897 074c D2       		.byte	-46
 1898 074d 20       		.byte	32
 1899 074e D6       		.byte	-42
 1900 074f F1       		.byte	-15
 1901 0750 D8       		.byte	-40
 1902 0751 0D       		.byte	13
 1903 0752 E2       		.byte	-30
 1904 0753 90       		.byte	-112
 1905 0754 E4       		.byte	-28
 1906 0755 80       		.byte	-128
 1907 0756 E6       		.byte	-26
 1908 0757 30       		.byte	48
 1909 0758 E8       		.byte	-24
 1910 0759 12       		.byte	18
 1911 075a EC       		.byte	-20
 1912 075b 80       		.byte	-128
 1913 075c EE       		.byte	-18
 1914 075d 60       		.byte	96
 1915 075e 30       		.byte	48
 1916 075f 20       		.byte	32
 1917 0760 36       		.byte	54
 1918 0761 40       		.byte	64
 1919 0762 CC       		.byte	-52
 1920 0763 30       		.byte	48
 1921 0764 A4       		.byte	-92
 1922 0765 20       		.byte	32
 1923 0766 A6       		.byte	-90
 1924 0767 40       		.byte	64
 1925 0768 86       		.byte	-122
 1926 0769 40       		.byte	64
 1927 076a A4       		.byte	-92
 1928 076b 20       		.byte	32
 1929 076c A6       		.byte	-90
 1930 076d 40       		.byte	64
 1931 076e E6       		.byte	-26
 1932 076f 40       		.byte	64
 1933 0770 A4       		.byte	-92
 1934 0771 20       		.byte	32
 1935 0772 03       		.byte	3
 1936 0773 08       		.byte	8
 1937 0774 A4       		.byte	-92
 1938 0775 20       		.byte	32
ARM GAS  C:\Users\Tri94\AppData\Local\Temp\ccTa9mfx.s 			page 35


 1939 0776 C0       		.byte	-64
 1940 0777 40       		.byte	64
 1941 0778 80       		.byte	-128
 1942 0779 20       		.byte	32
 1943 077a A4       		.byte	-92
 1944 077b 20       		.byte	32
 1945 077c AB       		.byte	-85
 1946 077d 08       		.byte	8
 1947 077e E2       		.byte	-30
 1948 077f 80       		.byte	-128
 1949 0780 EC       		.byte	-20
 1950 0781 80       		.byte	-128
 1951 0782 0C       		.byte	12
 1952 0783 80       		.byte	-128
 1953 0784 67       		.byte	103
 1954 0785 08       		.byte	8
 1955 0786 8B       		.byte	-117
 1956 0787 04       		.byte	4
 1957 0788 C2       		.byte	-62
 1958 0789 01       		.byte	1
 1959 078a D8       		.byte	-40
 1960 078b 01       		.byte	1
 1961 078c E0       		.byte	-32
 1962 078d 01       		.byte	1
 1963 078e 77       		.byte	119
 1964 078f 20       		.byte	32
 1965 0790 9B       		.byte	-101
 1966 0791 20       		.byte	32
 1967 0792 AF       		.byte	-81
 1968 0793 20       		.byte	32
 1969 0794 B4       		.byte	-76
 1970 0795 80       		.byte	-128
 1971 0796 DE       		.byte	-34
 1972 0797 04       		.byte	4
 1973 0798 EE       		.byte	-18
 1974 0799 02       		.byte	2
 1975 079a 00       		.byte	0
 1976 079b 03       		.byte	3
 1977 079c 0A       		.byte	10
 1978 079d 03       		.byte	3
 1979 079e 10       		.byte	16
 1980 079f 03       		.byte	3
 1981 07a0 1A       		.byte	26
 1982 07a1 03       		.byte	3
 1983 07a2 1C       		.byte	28
 1984 07a3 03       		.byte	3
 1985 07a4 00       		.byte	0
 1986 07a5 0F       		.byte	15
 1987 07a6 00       		.byte	0
 1988 07a7 00       		.byte	0
 1989 07a8 00       		.byte	0
 1990 07a9 00       		.byte	0
 1991 07aa 01       		.byte	1
 1992 07ab 00       		.byte	0
 1993 07ac 3E       		.byte	62
 1994 07ad 02       		.byte	2
 1995 07ae 00       		.byte	0
ARM GAS  C:\Users\Tri94\AppData\Local\Temp\ccTa9mfx.s 			page 36


 1996 07af 15       		.byte	21
 1997 07b0 38       		.byte	56
 1998 07b1 67       		.byte	103
 1999 07b2 04       		.byte	4
 2000 07b3 00       		.byte	0
 2001 07b4 30       		.byte	48
 2002 07b5 00       		.byte	0
 2003 07b6 00       		.byte	0
 2004 07b7 00       		.byte	0
 2005 07b8 08       		.byte	8
 2006 07b9 80       		.byte	-128
 2007 07ba 00       		.byte	0
 2008 07bb 00       		.byte	0
 2009 07bc 38       		.byte	56
 2010 07bd 44       		.byte	68
 2011 07be 02       		.byte	2
 2012 07bf 2A       		.byte	42
 2013 07c0 00       		.byte	0
 2014 07c1 00       		.byte	0
 2015 07c2 06       		.byte	6
 2016 07c3 00       		.byte	0
 2017 07c4 00       		.byte	0
 2018 07c5 00       		.byte	0
 2019 07c6 01       		.byte	1
 2020 07c7 00       		.byte	0
 2021 07c8 0E       		.byte	14
 2022 07c9 00       		.byte	0
 2023 07ca 30       		.byte	48
 2024 07cb 00       		.byte	0
 2025 07cc 10       		.byte	16
 2026 07cd 67       		.byte	103
 2027 07ce 00       		.byte	0
 2028 07cf 00       		.byte	0
 2029 07d0 00       		.byte	0
 2030 07d1 00       		.byte	0
 2031 07d2 08       		.byte	8
 2032 07d3 00       		.byte	0
 2033 07d4 20       		.byte	32
 2034 07d5 21       		.byte	33
 2035 07d6 00       		.byte	0
 2036 07d7 4A       		.byte	74
 2037 07d8 00       		.byte	0
 2038 07d9 18       		.byte	24
 2039 07da 00       		.byte	0
 2040 07db 60       		.byte	96
 2041 07dc 3E       		.byte	62
 2042 07dd 07       		.byte	7
 2043 07de 01       		.byte	1
 2044 07df 80       		.byte	-128
 2045 07e0 00       		.byte	0
 2046 07e1 00       		.byte	0
 2047 07e2 28       		.byte	40
 2048 07e3 00       		.byte	0
 2049 07e4 00       		.byte	0
 2050 07e5 00       		.byte	0
 2051 07e6 40       		.byte	64
 2052 07e7 41       		.byte	65
ARM GAS  C:\Users\Tri94\AppData\Local\Temp\ccTa9mfx.s 			page 37


 2053 07e8 62       		.byte	98
 2054 07e9 03       		.byte	3
 2055 07ea 04       		.byte	4
 2056 07eb 00       		.byte	0
 2057 07ec 01       		.byte	1
 2058 07ed 00       		.byte	0
 2059 07ee EC       		.byte	-20
 2060 07ef 00       		.byte	0
 2061 07f0 0C       		.byte	12
 2062 07f1 FF       		.byte	-1
 2063 07f2 FF       		.byte	-1
 2064 07f3 FF       		.byte	-1
 2065 07f4 62       		.byte	98
 2066 07f5 A0       		.byte	-96
 2067 07f6 F0       		.byte	-16
 2068 07f7 41       		.byte	65
 2069 07f8 0C       		.byte	12
 2070 07f9 00       		.byte	0
 2071 07fa 00       		.byte	0
 2072 07fb 00       		.byte	0
 2073 07fc 00       		.byte	0
 2074 07fd 00       		.byte	0
 2075 07fe 02       		.byte	2
 2076 07ff 13       		.byte	19
 2077 0800 04       		.byte	4
 2078 0801 04       		.byte	4
 2079 0802 04       		.byte	4
 2080 0803 04       		.byte	4
 2081 0804 11       		.byte	17
 2082 0805 11       		.byte	17
 2083 0806 00       		.byte	0
 2084 0807 01       		.byte	1
 2085 0808 00       		.byte	0
 2086 0809 00       		.byte	0
 2087 080a 00       		.byte	0
 2088 080b 00       		.byte	0
 2089 080c 00       		.byte	0
 2090 080d 00       		.byte	0
 2091 080e 40       		.byte	64
 2092 080f 02       		.byte	2
 2093 0810 00       		.byte	0
 2094 0811 10       		.byte	16
 2095 0812 30       		.byte	48
 2096 0813 10       		.byte	16
 2097 0814 00       		.byte	0
 2098 0815 10       		.byte	16
 2099 0816 10       		.byte	16
 2100 0817 12       		.byte	18
 2101 0818 00       		.byte	0
 2102 0819 00       		.byte	0
 2103 081a 00       		.byte	0
 2104 081b 00       		.byte	0
 2105 081c 00       		.byte	0
 2106 081d 00       		.byte	0
 2107 081e 00       		.byte	0
 2108 081f 00       		.byte	0
 2109 0820 00       		.byte	0
ARM GAS  C:\Users\Tri94\AppData\Local\Temp\ccTa9mfx.s 			page 38


 2110 0821 00       		.byte	0
 2111 0822 00       		.byte	0
 2112 0823 00       		.byte	0
 2113 0824 00       		.byte	0
 2114 0825 00       		.byte	0
 2115 0826 00       		.byte	0
 2116 0827 00       		.byte	0
 2117 0828 80       		.byte	-128
 2118 0829 00       		.byte	0
 2119 082a 00       		.byte	0
 2120 082b FF       		.byte	-1
 2121 082c FF       		.byte	-1
 2122 082d 00       		.byte	0
 2123 082e 80       		.byte	-128
 2124 082f 00       		.byte	0
 2125 0830 00       		.byte	0
 2126 0831 00       		.byte	0
 2127 0832 00       		.byte	0
 2128 0833 00       		.byte	0
 2129 0834 04       		.byte	4
 2130 0835 00       		.byte	0
 2131 0836 00       		.byte	0
 2132 0837 00       		.byte	0
 2133 0838 00       		.byte	0
 2134 0839 00       		.byte	0
 2135 083a 00       		.byte	0
 2136 083b 00       		.byte	0
 2137 083c 40       		.byte	64
 2138 083d 00       		.byte	0
 2139 083e 80       		.byte	-128
 2140 083f 4B       		.byte	75
 2141 0840 4B       		.byte	75
 2142 0841 00       		.byte	0
 2143 0842 40       		.byte	64
 2144 0843 00       		.byte	0
 2145 0844 00       		.byte	0
 2146 0845 00       		.byte	0
 2147 0846 00       		.byte	0
 2148 0847 00       		.byte	0
 2149 0848 00       		.byte	0
 2150 0849 02       		.byte	2
 2151 084a 02       		.byte	2
 2152 084b 00       		.byte	0
 2153 084c 00       		.byte	0
 2154 084d 00       		.byte	0
 2155 084e 00       		.byte	0
 2156 084f 00       		.byte	0
 2157              		.section	.cywolatch,"a",%progbits
 2158              		.align	2
 2159              		.type	cy_meta_wonvl, %object
 2160              		.size	cy_meta_wonvl, 4
 2161              	cy_meta_wonvl:
 2162 0000 BC       		.byte	-68
 2163 0001 90       		.byte	-112
 2164 0002 AC       		.byte	-84
 2165 0003 AF       		.byte	-81
 2166              		.section	.cycustnvl,"a",%progbits
ARM GAS  C:\Users\Tri94\AppData\Local\Temp\ccTa9mfx.s 			page 39


 2167              		.align	2
 2168              		.type	cy_meta_custnvl, %object
 2169              		.size	cy_meta_custnvl, 4
 2170              	cy_meta_custnvl:
 2171 0000 00       		.byte	0
 2172 0001 00       		.byte	0
 2173 0002 40       		.byte	64
 2174 0003 05       		.byte	5
 2175              		.section	.cymeta,"a",%progbits
 2176              		.align	2
 2177              		.type	cy_metadata, %object
 2178              		.size	cy_metadata, 12
 2179              	cy_metadata:
 2180 0000 00       		.byte	0
 2181 0001 01       		.byte	1
 2182 0002 2E       		.byte	46
 2183 0003 16       		.byte	22
 2184 0004 10       		.byte	16
 2185 0005 69       		.byte	105
 2186 0006 00       		.byte	0
 2187 0007 01       		.byte	1
 2188 0008 00       		.byte	0
 2189 0009 00       		.byte	0
 2190 000a 00       		.byte	0
 2191 000b 00       		.byte	0
 2192              		.section	.cyflashprotect,"a",%progbits
 2193              		.align	2
 2194              		.type	cy_meta_flashprotect, %object
 2195              		.size	cy_meta_flashprotect, 256
 2196              	cy_meta_flashprotect:
 2197 0000 00000000 		.space	256
 2197      00000000 
 2197      00000000 
 2197      00000000 
 2197      00000000 
 2198              		.text
 2199              	.Letext0:
 2200              		.file 1 "c:\\program files (x86)\\cypress\\psoc creator\\4.2\\psoc creator\\import\\gnu\\arm\\5.4.
 2201              		.file 2 "c:\\program files (x86)\\cypress\\psoc creator\\4.2\\psoc creator\\import\\gnu\\arm\\5.4.
 2202              		.file 3 "Generated_Source\\PSoC5\\cymetadata.c"
 2203              		.section	.debug_info,"",%progbits
 2204              	.Ldebug_info0:
 2205 0000 35010000 		.4byte	0x135
 2206 0004 0400     		.2byte	0x4
 2207 0006 00000000 		.4byte	.Ldebug_abbrev0
 2208 000a 04       		.byte	0x4
 2209 000b 01       		.uleb128 0x1
 2210 000c 24000000 		.4byte	.LASF17
 2211 0010 0C       		.byte	0xc
 2212 0011 D9010000 		.4byte	.LASF18
 2213 0015 D7000000 		.4byte	.LASF19
 2214 0019 00000000 		.4byte	.Ldebug_line0
 2215 001d 02       		.uleb128 0x2
 2216 001e 01       		.byte	0x1
 2217 001f 06       		.byte	0x6
 2218 0020 CD010000 		.4byte	.LASF0
 2219 0024 03       		.uleb128 0x3
ARM GAS  C:\Users\Tri94\AppData\Local\Temp\ccTa9mfx.s 			page 40


 2220 0025 00000000 		.4byte	.LASF9
 2221 0029 01       		.byte	0x1
 2222 002a 1D       		.byte	0x1d
 2223 002b 2F000000 		.4byte	0x2f
 2224 002f 02       		.uleb128 0x2
 2225 0030 01       		.byte	0x1
 2226 0031 08       		.byte	0x8
 2227 0032 16000000 		.4byte	.LASF1
 2228 0036 02       		.uleb128 0x2
 2229 0037 02       		.byte	0x2
 2230 0038 05       		.byte	0x5
 2231 0039 BA010000 		.4byte	.LASF2
 2232 003d 02       		.uleb128 0x2
 2233 003e 02       		.byte	0x2
 2234 003f 07       		.byte	0x7
 2235 0040 C4000000 		.4byte	.LASF3
 2236 0044 02       		.uleb128 0x2
 2237 0045 04       		.byte	0x4
 2238 0046 05       		.byte	0x5
 2239 0047 C4010000 		.4byte	.LASF4
 2240 004b 02       		.uleb128 0x2
 2241 004c 04       		.byte	0x4
 2242 004d 07       		.byte	0x7
 2243 004e B2000000 		.4byte	.LASF5
 2244 0052 02       		.uleb128 0x2
 2245 0053 08       		.byte	0x8
 2246 0054 05       		.byte	0x5
 2247 0055 AC010000 		.4byte	.LASF6
 2248 0059 02       		.uleb128 0x2
 2249 005a 08       		.byte	0x8
 2250 005b 07       		.byte	0x7
 2251 005c 61010000 		.4byte	.LASF7
 2252 0060 04       		.uleb128 0x4
 2253 0061 04       		.byte	0x4
 2254 0062 05       		.byte	0x5
 2255 0063 696E7400 		.ascii	"int\000"
 2256 0067 02       		.uleb128 0x2
 2257 0068 04       		.byte	0x4
 2258 0069 07       		.byte	0x7
 2259 006a 54010000 		.4byte	.LASF8
 2260 006e 03       		.uleb128 0x3
 2261 006f 78010000 		.4byte	.LASF10
 2262 0073 02       		.byte	0x2
 2263 0074 18       		.byte	0x18
 2264 0075 24000000 		.4byte	0x24
 2265 0079 05       		.uleb128 0x5
 2266 007a 91000000 		.4byte	0x91
 2267 007e 8A000000 		.4byte	0x8a
 2268 0082 06       		.uleb128 0x6
 2269 0083 8A000000 		.4byte	0x8a
 2270 0087 4F08     		.2byte	0x84f
 2271 0089 00       		.byte	0
 2272 008a 02       		.uleb128 0x2
 2273 008b 04       		.byte	0x4
 2274 008c 07       		.byte	0x7
 2275 008d A3010000 		.4byte	.LASF11
 2276 0091 07       		.uleb128 0x7
ARM GAS  C:\Users\Tri94\AppData\Local\Temp\ccTa9mfx.s 			page 41


 2277 0092 6E000000 		.4byte	0x6e
 2278 0096 08       		.uleb128 0x8
 2279 0097 42010000 		.4byte	.LASF12
 2280 009b 03       		.byte	0x3
 2281 009c 1F       		.byte	0x1f
 2282 009d A7000000 		.4byte	0xa7
 2283 00a1 05       		.uleb128 0x5
 2284 00a2 03       		.byte	0x3
 2285 00a3 00000000 		.4byte	cy_meta_configecc
 2286 00a7 07       		.uleb128 0x7
 2287 00a8 79000000 		.4byte	0x79
 2288 00ac 05       		.uleb128 0x5
 2289 00ad 91000000 		.4byte	0x91
 2290 00b1 BC000000 		.4byte	0xbc
 2291 00b5 09       		.uleb128 0x9
 2292 00b6 8A000000 		.4byte	0x8a
 2293 00ba 03       		.byte	0x3
 2294 00bb 00       		.byte	0
 2295 00bc 0A       		.uleb128 0xa
 2296 00bd 32010000 		.4byte	.LASF13
 2297 00c1 03       		.byte	0x3
 2298 00c2 3601     		.2byte	0x136
 2299 00c4 CE000000 		.4byte	0xce
 2300 00c8 05       		.uleb128 0x5
 2301 00c9 03       		.byte	0x3
 2302 00ca 00000000 		.4byte	cy_meta_custnvl
 2303 00ce 07       		.uleb128 0x7
 2304 00cf AC000000 		.4byte	0xac
 2305 00d3 0A       		.uleb128 0xa
 2306 00d4 95010000 		.4byte	.LASF14
 2307 00d8 03       		.byte	0x3
 2308 00d9 4401     		.2byte	0x144
 2309 00db E5000000 		.4byte	0xe5
 2310 00df 05       		.uleb128 0x5
 2311 00e0 03       		.byte	0x3
 2312 00e1 00000000 		.4byte	cy_meta_wonvl
 2313 00e5 07       		.uleb128 0x7
 2314 00e6 AC000000 		.4byte	0xac
 2315 00ea 05       		.uleb128 0x5
 2316 00eb 91000000 		.4byte	0x91
 2317 00ef FA000000 		.4byte	0xfa
 2318 00f3 09       		.uleb128 0x9
 2319 00f4 8A000000 		.4byte	0x8a
 2320 00f8 FF       		.byte	0xff
 2321 00f9 00       		.byte	0
 2322 00fa 0A       		.uleb128 0xa
 2323 00fb 80010000 		.4byte	.LASF15
 2324 00ff 03       		.byte	0x3
 2325 0100 5201     		.2byte	0x152
 2326 0102 0C010000 		.4byte	0x10c
 2327 0106 05       		.uleb128 0x5
 2328 0107 03       		.byte	0x3
 2329 0108 00000000 		.4byte	cy_meta_flashprotect
 2330 010c 07       		.uleb128 0x7
 2331 010d EA000000 		.4byte	0xea
 2332 0111 05       		.uleb128 0x5
 2333 0112 91000000 		.4byte	0x91
ARM GAS  C:\Users\Tri94\AppData\Local\Temp\ccTa9mfx.s 			page 42


 2334 0116 21010000 		.4byte	0x121
 2335 011a 09       		.uleb128 0x9
 2336 011b 8A000000 		.4byte	0x8a
 2337 011f 0B       		.byte	0xb
 2338 0120 00       		.byte	0
 2339 0121 0A       		.uleb128 0xa
 2340 0122 0A000000 		.4byte	.LASF16
 2341 0126 03       		.byte	0x3
 2342 0127 7F01     		.2byte	0x17f
 2343 0129 33010000 		.4byte	0x133
 2344 012d 05       		.uleb128 0x5
 2345 012e 03       		.byte	0x3
 2346 012f 00000000 		.4byte	cy_metadata
 2347 0133 07       		.uleb128 0x7
 2348 0134 11010000 		.4byte	0x111
 2349 0138 00       		.byte	0
 2350              		.section	.debug_abbrev,"",%progbits
 2351              	.Ldebug_abbrev0:
 2352 0000 01       		.uleb128 0x1
 2353 0001 11       		.uleb128 0x11
 2354 0002 01       		.byte	0x1
 2355 0003 25       		.uleb128 0x25
 2356 0004 0E       		.uleb128 0xe
 2357 0005 13       		.uleb128 0x13
 2358 0006 0B       		.uleb128 0xb
 2359 0007 03       		.uleb128 0x3
 2360 0008 0E       		.uleb128 0xe
 2361 0009 1B       		.uleb128 0x1b
 2362 000a 0E       		.uleb128 0xe
 2363 000b 10       		.uleb128 0x10
 2364 000c 17       		.uleb128 0x17
 2365 000d 00       		.byte	0
 2366 000e 00       		.byte	0
 2367 000f 02       		.uleb128 0x2
 2368 0010 24       		.uleb128 0x24
 2369 0011 00       		.byte	0
 2370 0012 0B       		.uleb128 0xb
 2371 0013 0B       		.uleb128 0xb
 2372 0014 3E       		.uleb128 0x3e
 2373 0015 0B       		.uleb128 0xb
 2374 0016 03       		.uleb128 0x3
 2375 0017 0E       		.uleb128 0xe
 2376 0018 00       		.byte	0
 2377 0019 00       		.byte	0
 2378 001a 03       		.uleb128 0x3
 2379 001b 16       		.uleb128 0x16
 2380 001c 00       		.byte	0
 2381 001d 03       		.uleb128 0x3
 2382 001e 0E       		.uleb128 0xe
 2383 001f 3A       		.uleb128 0x3a
 2384 0020 0B       		.uleb128 0xb
 2385 0021 3B       		.uleb128 0x3b
 2386 0022 0B       		.uleb128 0xb
 2387 0023 49       		.uleb128 0x49
 2388 0024 13       		.uleb128 0x13
 2389 0025 00       		.byte	0
 2390 0026 00       		.byte	0
ARM GAS  C:\Users\Tri94\AppData\Local\Temp\ccTa9mfx.s 			page 43


 2391 0027 04       		.uleb128 0x4
 2392 0028 24       		.uleb128 0x24
 2393 0029 00       		.byte	0
 2394 002a 0B       		.uleb128 0xb
 2395 002b 0B       		.uleb128 0xb
 2396 002c 3E       		.uleb128 0x3e
 2397 002d 0B       		.uleb128 0xb
 2398 002e 03       		.uleb128 0x3
 2399 002f 08       		.uleb128 0x8
 2400 0030 00       		.byte	0
 2401 0031 00       		.byte	0
 2402 0032 05       		.uleb128 0x5
 2403 0033 01       		.uleb128 0x1
 2404 0034 01       		.byte	0x1
 2405 0035 49       		.uleb128 0x49
 2406 0036 13       		.uleb128 0x13
 2407 0037 01       		.uleb128 0x1
 2408 0038 13       		.uleb128 0x13
 2409 0039 00       		.byte	0
 2410 003a 00       		.byte	0
 2411 003b 06       		.uleb128 0x6
 2412 003c 21       		.uleb128 0x21
 2413 003d 00       		.byte	0
 2414 003e 49       		.uleb128 0x49
 2415 003f 13       		.uleb128 0x13
 2416 0040 2F       		.uleb128 0x2f
 2417 0041 05       		.uleb128 0x5
 2418 0042 00       		.byte	0
 2419 0043 00       		.byte	0
 2420 0044 07       		.uleb128 0x7
 2421 0045 26       		.uleb128 0x26
 2422 0046 00       		.byte	0
 2423 0047 49       		.uleb128 0x49
 2424 0048 13       		.uleb128 0x13
 2425 0049 00       		.byte	0
 2426 004a 00       		.byte	0
 2427 004b 08       		.uleb128 0x8
 2428 004c 34       		.uleb128 0x34
 2429 004d 00       		.byte	0
 2430 004e 03       		.uleb128 0x3
 2431 004f 0E       		.uleb128 0xe
 2432 0050 3A       		.uleb128 0x3a
 2433 0051 0B       		.uleb128 0xb
 2434 0052 3B       		.uleb128 0x3b
 2435 0053 0B       		.uleb128 0xb
 2436 0054 49       		.uleb128 0x49
 2437 0055 13       		.uleb128 0x13
 2438 0056 3F       		.uleb128 0x3f
 2439 0057 19       		.uleb128 0x19
 2440 0058 02       		.uleb128 0x2
 2441 0059 18       		.uleb128 0x18
 2442 005a 00       		.byte	0
 2443 005b 00       		.byte	0
 2444 005c 09       		.uleb128 0x9
 2445 005d 21       		.uleb128 0x21
 2446 005e 00       		.byte	0
 2447 005f 49       		.uleb128 0x49
ARM GAS  C:\Users\Tri94\AppData\Local\Temp\ccTa9mfx.s 			page 44


 2448 0060 13       		.uleb128 0x13
 2449 0061 2F       		.uleb128 0x2f
 2450 0062 0B       		.uleb128 0xb
 2451 0063 00       		.byte	0
 2452 0064 00       		.byte	0
 2453 0065 0A       		.uleb128 0xa
 2454 0066 34       		.uleb128 0x34
 2455 0067 00       		.byte	0
 2456 0068 03       		.uleb128 0x3
 2457 0069 0E       		.uleb128 0xe
 2458 006a 3A       		.uleb128 0x3a
 2459 006b 0B       		.uleb128 0xb
 2460 006c 3B       		.uleb128 0x3b
 2461 006d 05       		.uleb128 0x5
 2462 006e 49       		.uleb128 0x49
 2463 006f 13       		.uleb128 0x13
 2464 0070 3F       		.uleb128 0x3f
 2465 0071 19       		.uleb128 0x19
 2466 0072 02       		.uleb128 0x2
 2467 0073 18       		.uleb128 0x18
 2468 0074 00       		.byte	0
 2469 0075 00       		.byte	0
 2470 0076 00       		.byte	0
 2471              		.section	.debug_aranges,"",%progbits
 2472 0000 14000000 		.4byte	0x14
 2473 0004 0200     		.2byte	0x2
 2474 0006 00000000 		.4byte	.Ldebug_info0
 2475 000a 04       		.byte	0x4
 2476 000b 00       		.byte	0
 2477 000c 0000     		.2byte	0
 2478 000e 0000     		.2byte	0
 2479 0010 00000000 		.4byte	0
 2480 0014 00000000 		.4byte	0
 2481              		.section	.debug_line,"",%progbits
 2482              	.Ldebug_line0:
 2483 0000 3D010000 		.section	.debug_str,"MS",%progbits,1
 2483      02003701 
 2483      00000201 
 2483      FB0E0D00 
 2483      01010101 
 2484              	.LASF9:
 2485 0000 5F5F7569 		.ascii	"__uint8_t\000"
 2485      6E74385F 
 2485      7400
 2486              	.LASF16:
 2487 000a 63795F6D 		.ascii	"cy_metadata\000"
 2487      65746164 
 2487      61746100 
 2488              	.LASF1:
 2489 0016 756E7369 		.ascii	"unsigned char\000"
 2489      676E6564 
 2489      20636861 
 2489      7200
 2490              	.LASF17:
 2491 0024 474E5520 		.ascii	"GNU C11 5.4.1 20160609 (release) [ARM/embedded-5-br"
 2491      43313120 
 2491      352E342E 
ARM GAS  C:\Users\Tri94\AppData\Local\Temp\ccTa9mfx.s 			page 45


 2491      31203230 
 2491      31363036 
 2492 0057 616E6368 		.ascii	"anch revision 237715] -mcpu=cortex-m3 -mthumb -g -O"
 2492      20726576 
 2492      6973696F 
 2492      6E203233 
 2492      37373135 
 2493 008a 67202D66 		.ascii	"g -ffunction-sections -ffat-lto-objects\000"
 2493      66756E63 
 2493      74696F6E 
 2493      2D736563 
 2493      74696F6E 
 2494              	.LASF5:
 2495 00b2 6C6F6E67 		.ascii	"long unsigned int\000"
 2495      20756E73 
 2495      69676E65 
 2495      6420696E 
 2495      7400
 2496              	.LASF3:
 2497 00c4 73686F72 		.ascii	"short unsigned int\000"
 2497      7420756E 
 2497      7369676E 
 2497      65642069 
 2497      6E7400
 2498              	.LASF19:
 2499 00d7 433A5C55 		.ascii	"C:\\Users\\Tri94\\Documents\\PSoC Creator\\EE4450\\"
 2499      73657273 
 2499      5C547269 
 2499      39345C44 
 2499      6F63756D 
 2500 0104 45453434 		.ascii	"EE4450-Projects\\RTOS_UART_Project_Psoc2.cydsn\000"
 2500      35302D50 
 2500      726F6A65 
 2500      6374735C 
 2500      52544F53 
 2501              	.LASF13:
 2502 0132 63795F6D 		.ascii	"cy_meta_custnvl\000"
 2502      6574615F 
 2502      63757374 
 2502      6E766C00 
 2503              	.LASF12:
 2504 0142 63795F6D 		.ascii	"cy_meta_configecc\000"
 2504      6574615F 
 2504      636F6E66 
 2504      69676563 
 2504      6300
 2505              	.LASF8:
 2506 0154 756E7369 		.ascii	"unsigned int\000"
 2506      676E6564 
 2506      20696E74 
 2506      00
 2507              	.LASF7:
 2508 0161 6C6F6E67 		.ascii	"long long unsigned int\000"
 2508      206C6F6E 
 2508      6720756E 
 2508      7369676E 
 2508      65642069 
ARM GAS  C:\Users\Tri94\AppData\Local\Temp\ccTa9mfx.s 			page 46


 2509              	.LASF10:
 2510 0178 75696E74 		.ascii	"uint8_t\000"
 2510      385F7400 
 2511              	.LASF15:
 2512 0180 63795F6D 		.ascii	"cy_meta_flashprotect\000"
 2512      6574615F 
 2512      666C6173 
 2512      6870726F 
 2512      74656374 
 2513              	.LASF14:
 2514 0195 63795F6D 		.ascii	"cy_meta_wonvl\000"
 2514      6574615F 
 2514      776F6E76 
 2514      6C00
 2515              	.LASF11:
 2516 01a3 73697A65 		.ascii	"sizetype\000"
 2516      74797065 
 2516      00
 2517              	.LASF6:
 2518 01ac 6C6F6E67 		.ascii	"long long int\000"
 2518      206C6F6E 
 2518      6720696E 
 2518      7400
 2519              	.LASF2:
 2520 01ba 73686F72 		.ascii	"short int\000"
 2520      7420696E 
 2520      7400
 2521              	.LASF4:
 2522 01c4 6C6F6E67 		.ascii	"long int\000"
 2522      20696E74 
 2522      00
 2523              	.LASF0:
 2524 01cd 7369676E 		.ascii	"signed char\000"
 2524      65642063 
 2524      68617200 
 2525              	.LASF18:
 2526 01d9 47656E65 		.ascii	"Generated_Source\\PSoC5\\cymetadata.c\000"
 2526      72617465 
 2526      645F536F 
 2526      75726365 
 2526      5C50536F 
 2527              		.ident	"GCC: (GNU Tools for ARM Embedded Processors) 5.4.1 20160609 (release) [ARM/embedded-5-bran
