ARM GAS  C:\Users\Tri94\AppData\Local\Temp\cc6g7jfe.s 			page 1


   1              		.syntax unified
   2              		.cpu cortex-m3
   3              		.fpu softvfp
   4              		.eabi_attribute 20, 1
   5              		.eabi_attribute 21, 1
   6              		.eabi_attribute 23, 3
   7              		.eabi_attribute 24, 1
   8              		.eabi_attribute 25, 1
   9              		.eabi_attribute 26, 1
  10              		.eabi_attribute 30, 1
  11              		.eabi_attribute 34, 1
  12              		.eabi_attribute 18, 4
  13              		.thumb
  14              		.syntax unified
  15              		.file	"main.c"
  16              		.text
  17              	.Ltext0:
  18              		.cfi_sections	.debug_frame
  19              		.section	.text.myISR_UART,"ax",%progbits
  20              		.align	2
  21              		.global	myISR_UART
  22              		.thumb
  23              		.thumb_func
  24              		.type	myISR_UART, %function
  25              	myISR_UART:
  26              	.LFB71:
  27              		.file 1 "main.c"
   1:main.c        **** /* ========================================
   2:main.c        ****  *
   3:main.c        ****  * Copyright YOUR COMPANY, THE YEAR
   4:main.c        ****  * All Rights Reserved
   5:main.c        ****  * UNPUBLISHED, LICENSED SOFTWARE.
   6:main.c        ****  *
   7:main.c        ****  * CONFIDENTIAL AND PROPRIETARY INFORMATION
   8:main.c        ****  * WHICH IS THE PROPERTY OF your company.
   9:main.c        ****  *
  10:main.c        ****  * ========================================
  11:main.c        **** */
  12:main.c        **** #include "project.h"
  13:main.c        **** #include <stdio.h>
  14:main.c        **** #include <stdlib.h>
  15:main.c        **** #include <stdint.h>
  16:main.c        **** #include <stdbool.h>
  17:main.c        **** 
  18:main.c        **** // ROTS Header Files
  19:main.c        **** #include "FreeRTOS_PSoC.h"
  20:main.c        **** #include "FreeRTOS.h"
  21:main.c        **** #include "task.h"
  22:main.c        **** #include "queue.h"
  23:main.c        **** #include "semphr.h"
  24:main.c        **** #include "timers.h"
  25:main.c        **** #include "event_groups.h"
  26:main.c        **** #include "message_buffer.h"
  27:main.c        **** 
  28:main.c        **** // Your task function
  29:main.c        **** void vUARTTask1(void *pvParaments);
  30:main.c        **** void vWriteLCDTask2(void *pvParaments);
ARM GAS  C:\Users\Tri94\AppData\Local\Temp\cc6g7jfe.s 			page 2


  31:main.c        **** 
  32:main.c        **** void myPSoC2Setup();
  33:main.c        **** void senduart(char *buff, int size);
  34:main.c        **** 
  35:main.c        **** MessageBufferHandle_t xMessageBuffer = NULL;
  36:main.c        **** #define               MESSAGE_BUFFER_SIZE 100
  37:main.c        **** 
  38:main.c        **** CY_ISR_PROTO(myISR_UART);
  39:main.c        **** 
  40:main.c        **** int main(void)
  41:main.c        **** {
  42:main.c        ****     BaseType_t err;
  43:main.c        ****     
  44:main.c        ****     CyGlobalIntEnable; /* Enable global interrupts. */
  45:main.c        **** 
  46:main.c        ****     /* Place your initialization/startup code here (e.g. MyInst_Start()) */
  47:main.c        ****     FreeRTOS_Init();
  48:main.c        ****     myPSoC2Setup();
  49:main.c        ****     
  50:main.c        ****     // Create Mutex
  51:main.c        ****    xMessageBuffer = xMessageBufferCreate(MESSAGE_BUFFER_SIZE);
  52:main.c        **** 
  53:main.c        ****     if (xMessageBuffer == NULL){
  54:main.c        ****         LCD_PrintString("Message Buffer Error!");
  55:main.c        ****         while(1);   // Stop system here
  56:main.c        ****     }
  57:main.c        ****     
  58:main.c        ****     // Create Task
  59:main.c        ****     err = xTaskCreate(vUARTTask1,               // Taskfunction_t pvTaskCode,
  60:main.c        ****                         "Read UART DATA",           // const char * const pcName,
  61:main.c        ****                         configMINIMAL_STACK_SIZE,   // unsigned short usStackDepth,
  62:main.c        ****                         NULL,                       // void *pvParameters,
  63:main.c        ****                         configMAX_PRIORITIES-1,     // UBaseType_t uxPriority,
  64:main.c        ****                         NULL);                      // TaskHandle_t *pxCreatedTask );
  65:main.c        ****     
  66:main.c        ****     if (err != pdPASS){
  67:main.c        ****         // Cannot create task!
  68:main.c        ****         while(1);
  69:main.c        ****     } /*
  70:main.c        ****     err = xTaskCreate(vWriteLCDTask2,               // Taskfunction_t pvTaskCode,
  71:main.c        ****                         "Write LCD",                // const char * const pcName,
  72:main.c        ****                         configMINIMAL_STACK_SIZE,   // unsigned short usStackDepth,
  73:main.c        ****                         NULL,                       // void *pvParameters,
  74:main.c        ****                         configMAX_PRIORITIES-1,     // UBaseType_t uxPriority,
  75:main.c        ****                         NULL);                      // TaskHandle_t *pxCreatedTask );
  76:main.c        ****     
  77:main.c        ****     if (err != pdPASS){
  78:main.c        ****         // Cannot create task!
  79:main.c        ****         while(1);
  80:main.c        ****     }*/
  81:main.c        ****     
  82:main.c        ****     // Start the scheduler, so the tasks start executing
  83:main.c        ****     vTaskStartScheduler();
  84:main.c        ****     
  85:main.c        ****     for(;;)
  86:main.c        ****     {
  87:main.c        ****         /* Place your application code here. */
ARM GAS  C:\Users\Tri94\AppData\Local\Temp\cc6g7jfe.s 			page 3


  88:main.c        ****     }
  89:main.c        **** }
  90:main.c        **** char msg[] = "Hello";
  91:main.c        **** 
  92:main.c        **** void myPSoC2Setup(){
  93:main.c        ****     // Place your component's start code here
  94:main.c        ****     UART_ClearRxBuffer();
  95:main.c        ****     UART_ClearTxBuffer();
  96:main.c        ****     ISR_UART_StartEx(myISR_UART);
  97:main.c        ****     UART_Start();
  98:main.c        ****     UART_USB_Start();
  99:main.c        ****     LCD_Init();
 100:main.c        ****     LCD_Start();
 101:main.c        ****     LCD_ClearDisplay();
 102:main.c        ****     LCD_PrintString(msg);
 103:main.c        ****     UART_USB_PutString("Hello");
 104:main.c        **** }
 105:main.c        **** 
 106:main.c        **** typedef enum STATES_CMD{
 107:main.c        ****     S_IDLE,
 108:main.c        ****     S_GOT_DATE
 109:main.c        **** }STATES_CMD;
 110:main.c        **** 
 111:main.c        **** 
 112:main.c        **** CY_ISR(myISR_UART){
  28              		.loc 1 112 0
  29              		.cfi_startproc
  30              		@ args = 0, pretend = 0, frame = 0
  31              		@ frame_needed = 0, uses_anonymous_args = 0
  32 0000 10B5     		push	{r4, lr}
  33              		.cfi_def_cfa_offset 8
  34              		.cfi_offset 4, -8
  35              		.cfi_offset 14, -4
  36              	.LVL0:
 113:main.c        ****     static char         buf[20];
 114:main.c        ****     static int          idx = 0;
 115:main.c        ****     char                ch;
 116:main.c        ****     BaseType_t          xHigherPriorityTaskWoken = pdFALSE; /* Initialised to pdFALSE */
 117:main.c        ****     /*
 118:main.c        ****     while (UART_GetRxBufferSize() > 0){
 119:main.c        ****         ch = UART_GetByte();
 120:main.c        ****         buf[idx] = ch;
 121:main.c        ****         idx++;
 122:main.c        ****         CyDelay(10);
 123:main.c        ****         UART_USB_PutChar(ch);
 124:main.c        ****         if (idx == 4){
 125:main.c        ****             buf[idx] = '\0';
 126:main.c        ****             xMessageBufferSendFromISR(xMessageBuffer, buf, 4, xHigherPriorityTaskWoken);
 127:main.c        ****             idx = 0;
 128:main.c        ****             UART_USB_PutString(buf);
 129:main.c        ****             LCD_Position(0,0);
 130:main.c        ****             LCD_PrintString(buf);
 131:main.c        ****         }
 132:main.c        ****     }*/
 133:main.c        ****     ch = UART_GetByte();
  37              		.loc 1 133 0
  38 0002 FFF7FEFF 		bl	UART_GetByte
ARM GAS  C:\Users\Tri94\AppData\Local\Temp\cc6g7jfe.s 			page 4


  39              	.LVL1:
  40 0006 C4B2     		uxtb	r4, r0
  41              	.LVL2:
 134:main.c        ****     UART_USB_PutChar(ch);
  42              		.loc 1 134 0
  43 0008 2046     		mov	r0, r4
  44 000a FFF7FEFF 		bl	UART_USB_PutChar
  45              	.LVL3:
 135:main.c        ****     xMessageBufferSendFromISR(xMessageBuffer, ch, 1, xHigherPriorityTaskWoken);
  46              		.loc 1 135 0
  47 000e 0023     		movs	r3, #0
  48 0010 0122     		movs	r2, #1
  49 0012 2146     		mov	r1, r4
  50 0014 0248     		ldr	r0, .L3
  51 0016 0068     		ldr	r0, [r0]
  52 0018 FFF7FEFF 		bl	xStreamBufferSendFromISR
  53              	.LVL4:
  54 001c 10BD     		pop	{r4, pc}
  55              	.LVL5:
  56              	.L4:
  57 001e 00BF     		.align	2
  58              	.L3:
  59 0020 00000000 		.word	.LANCHOR0
  60              		.cfi_endproc
  61              	.LFE71:
  62              		.size	myISR_UART, .-myISR_UART
  63              		.section	.text.vUARTTask1,"ax",%progbits
  64              		.align	2
  65              		.global	vUARTTask1
  66              		.thumb
  67              		.thumb_func
  68              		.type	vUARTTask1, %function
  69              	vUARTTask1:
  70              	.LFB72:
 136:main.c        ****     //LCD_PutChar(ch);
 137:main.c        **** }
 138:main.c        **** 
 139:main.c        **** 
 140:main.c        **** 
 141:main.c        **** // Task to read sensor data and write to global variable
 142:main.c        **** void vUARTTask1(void *pvParaments){
  71              		.loc 1 142 0
  72              		.cfi_startproc
  73              		@ args = 0, pretend = 0, frame = 24
  74              		@ frame_needed = 0, uses_anonymous_args = 0
  75              	.LVL6:
  76 0000 10B5     		push	{r4, lr}
  77              		.cfi_def_cfa_offset 8
  78              		.cfi_offset 4, -8
  79              		.cfi_offset 14, -4
  80 0002 86B0     		sub	sp, sp, #24
  81              		.cfi_def_cfa_offset 32
  82              	.LVL7:
  83              	.L8:
 143:main.c        ****     
 144:main.c        ****     char led_on[4]    = ":L1:";
 145:main.c        ****     char led_off[4]   = ":L2:";
ARM GAS  C:\Users\Tri94\AppData\Local\Temp\cc6g7jfe.s 			page 5


 146:main.c        ****     char servo_on[4]  = ":S1:";
 147:main.c        ****     char servo_off[4] = ":S2:";
 148:main.c        ****     char music_on[4]  = ":M1:";
 149:main.c        ****     char music_off[4] = ":M2:";
 150:main.c        ****     
 151:main.c        ****     char    buf[20];
 152:main.c        ****     char    str[20];
 153:main.c        ****     size_t  rxSize;
 154:main.c        ****     char    *delim1 = ";";
 155:main.c        ****     char    *delim2 = ":";
 156:main.c        ****     char    *pch;
 157:main.c        ****     uint8_t     distance;
 158:main.c        ****   
 159:main.c        ****     
 160:main.c        ****     while(1){
 161:main.c        ****         
 162:main.c        ****         if (xMessageBufferIsEmpty( xMessageBuffer ) == pdFALSE){
  84              		.loc 1 162 0
  85 0004 0F4B     		ldr	r3, .L10
  86 0006 1868     		ldr	r0, [r3]
  87 0008 FFF7FEFF 		bl	xStreamBufferIsEmpty
  88              	.LVL8:
  89 000c B0B9     		cbnz	r0, .L6
 163:main.c        ****             
 164:main.c        ****             /*
 165:main.c        ****             rxSize = xMessageBufferReceive(xMessageBuffer,buf,4,100);
 166:main.c        ****             UART_USB_PutString(pch);
 167:main.c        ****             pch = strtok(buf, delim1);
 168:main.c        ****             UART_USB_PutString(pch);
 169:main.c        ****             CyDelay(100);
 170:main.c        ****             pch = strtok(buf, delim2);
 171:main.c        ****             distance = atoi(pch);
 172:main.c        ****             UART_USB_PutString(pch);
 173:main.c        ****             sprintf(buf,"Distance: %d  ",distance);
 174:main.c        ****             LCD_Position(1,0);
 175:main.c        ****             LCD_PrintString(buf);
 176:main.c        ****             */
 177:main.c        ****             
 178:main.c        ****             rxSize = xMessageBufferReceive(xMessageBuffer,distance,1,100);
  90              		.loc 1 178 0
  91 000e 6423     		movs	r3, #100
  92 0010 0122     		movs	r2, #1
  93 0012 0024     		movs	r4, #0
  94 0014 2146     		mov	r1, r4
  95 0016 0B48     		ldr	r0, .L10
  96 0018 0068     		ldr	r0, [r0]
  97 001a FFF7FEFF 		bl	xStreamBufferReceive
  98              	.LVL9:
 179:main.c        ****             sprintf(str,"Dis: %d  ",distance);
  99              		.loc 1 179 0
 100 001e 2246     		mov	r2, r4
 101 0020 0949     		ldr	r1, .L10+4
 102 0022 01A8     		add	r0, sp, #4
 103 0024 FFF7FEFF 		bl	sprintf
 104              	.LVL10:
 180:main.c        ****             LCD_Position(1,0);
 105              		.loc 1 180 0
ARM GAS  C:\Users\Tri94\AppData\Local\Temp\cc6g7jfe.s 			page 6


 106 0028 2146     		mov	r1, r4
 107 002a 0120     		movs	r0, #1
 108 002c FFF7FEFF 		bl	LCD_Position
 109              	.LVL11:
 181:main.c        ****             LCD_PrintString(str);
 110              		.loc 1 181 0
 111 0030 01A8     		add	r0, sp, #4
 112 0032 FFF7FEFF 		bl	LCD_PrintString
 113              	.LVL12:
 182:main.c        ****             if (distance < 50){
 183:main.c        ****                 // Open gate etc
 184:main.c        ****                 LED_Write(0);
 114              		.loc 1 184 0
 115 0036 2046     		mov	r0, r4
 116 0038 FFF7FEFF 		bl	LED_Write
 117              	.LVL13:
 118              	.L6:
 185:main.c        ****             } else{
 186:main.c        ****                 // Close gate etc
 187:main.c        ****                 LED_Write(1);
 188:main.c        ****             }       
 189:main.c        ****         }
 190:main.c        ****         vTaskDelay(pdMS_TO_TICKS(100)); // Delay for 50 ms
 119              		.loc 1 190 0
 120 003c 6420     		movs	r0, #100
 121 003e FFF7FEFF 		bl	vTaskDelay
 122              	.LVL14:
 191:main.c        ****     }
 123              		.loc 1 191 0
 124 0042 DFE7     		b	.L8
 125              	.L11:
 126              		.align	2
 127              	.L10:
 128 0044 00000000 		.word	.LANCHOR0
 129 0048 00000000 		.word	.LC0
 130              		.cfi_endproc
 131              	.LFE72:
 132              		.size	vUARTTask1, .-vUARTTask1
 133              		.section	.text.myPSoC2Setup,"ax",%progbits
 134              		.align	2
 135              		.global	myPSoC2Setup
 136              		.thumb
 137              		.thumb_func
 138              		.type	myPSoC2Setup, %function
 139              	myPSoC2Setup:
 140              	.LFB70:
  92:main.c        ****     // Place your component's start code here
 141              		.loc 1 92 0
 142              		.cfi_startproc
 143              		@ args = 0, pretend = 0, frame = 0
 144              		@ frame_needed = 0, uses_anonymous_args = 0
 145 0000 08B5     		push	{r3, lr}
 146              		.cfi_def_cfa_offset 8
 147              		.cfi_offset 3, -8
 148              		.cfi_offset 14, -4
  94:main.c        ****     UART_ClearTxBuffer();
 149              		.loc 1 94 0
ARM GAS  C:\Users\Tri94\AppData\Local\Temp\cc6g7jfe.s 			page 7


 150 0002 FFF7FEFF 		bl	UART_ClearRxBuffer
 151              	.LVL15:
  95:main.c        ****     ISR_UART_StartEx(myISR_UART);
 152              		.loc 1 95 0
 153 0006 FFF7FEFF 		bl	UART_ClearTxBuffer
 154              	.LVL16:
  96:main.c        ****     UART_Start();
 155              		.loc 1 96 0
 156 000a 0A48     		ldr	r0, .L14
 157 000c FFF7FEFF 		bl	ISR_UART_StartEx
 158              	.LVL17:
  97:main.c        ****     UART_USB_Start();
 159              		.loc 1 97 0
 160 0010 FFF7FEFF 		bl	UART_Start
 161              	.LVL18:
  98:main.c        ****     LCD_Init();
 162              		.loc 1 98 0
 163 0014 FFF7FEFF 		bl	UART_USB_Start
 164              	.LVL19:
  99:main.c        ****     LCD_Start();
 165              		.loc 1 99 0
 166 0018 FFF7FEFF 		bl	LCD_Init
 167              	.LVL20:
 100:main.c        ****     LCD_ClearDisplay();
 168              		.loc 1 100 0
 169 001c FFF7FEFF 		bl	LCD_Start
 170              	.LVL21:
 101:main.c        ****     LCD_PrintString(msg);
 171              		.loc 1 101 0
 172 0020 0120     		movs	r0, #1
 173 0022 FFF7FEFF 		bl	LCD_WriteControl
 174              	.LVL22:
 102:main.c        ****     UART_USB_PutString("Hello");
 175              		.loc 1 102 0
 176 0026 0448     		ldr	r0, .L14+4
 177 0028 FFF7FEFF 		bl	LCD_PrintString
 178              	.LVL23:
 103:main.c        **** }
 179              		.loc 1 103 0
 180 002c 0348     		ldr	r0, .L14+8
 181 002e FFF7FEFF 		bl	UART_USB_PutString
 182              	.LVL24:
 183 0032 08BD     		pop	{r3, pc}
 184              	.L15:
 185              		.align	2
 186              	.L14:
 187 0034 00000000 		.word	myISR_UART
 188 0038 00000000 		.word	.LANCHOR1
 189 003c 0C000000 		.word	.LC1
 190              		.cfi_endproc
 191              	.LFE70:
 192              		.size	myPSoC2Setup, .-myPSoC2Setup
 193              		.section	.text.main,"ax",%progbits
 194              		.align	2
 195              		.global	main
 196              		.thumb
 197              		.thumb_func
ARM GAS  C:\Users\Tri94\AppData\Local\Temp\cc6g7jfe.s 			page 8


 198              		.type	main, %function
 199              	main:
 200              	.LFB69:
  41:main.c        ****     BaseType_t err;
 201              		.loc 1 41 0
 202              		.cfi_startproc
 203              		@ args = 0, pretend = 0, frame = 0
 204              		@ frame_needed = 0, uses_anonymous_args = 0
 205 0000 00B5     		push	{lr}
 206              		.cfi_def_cfa_offset 4
 207              		.cfi_offset 14, -4
 208 0002 83B0     		sub	sp, sp, #12
 209              		.cfi_def_cfa_offset 16
  44:main.c        **** 
 210              		.loc 1 44 0
 211              		.syntax unified
 212              	@ 44 "main.c" 1
 213 0004 62B6     		CPSIE   i
 214              	@ 0 "" 2
  47:main.c        ****     myPSoC2Setup();
 215              		.loc 1 47 0
 216              		.thumb
 217              		.syntax unified
 218 0006 FFF7FEFF 		bl	FreeRTOS_Init
 219              	.LVL25:
  48:main.c        ****     
 220              		.loc 1 48 0
 221 000a FFF7FEFF 		bl	myPSoC2Setup
 222              	.LVL26:
  51:main.c        **** 
 223              		.loc 1 51 0
 224 000e 0122     		movs	r2, #1
 225 0010 0021     		movs	r1, #0
 226 0012 6420     		movs	r0, #100
 227 0014 FFF7FEFF 		bl	xStreamBufferGenericCreate
 228              	.LVL27:
 229 0018 0A4B     		ldr	r3, .L23
 230 001a 1860     		str	r0, [r3]
  53:main.c        ****         LCD_PrintString("Message Buffer Error!");
 231              		.loc 1 53 0
 232 001c 18B9     		cbnz	r0, .L17
  54:main.c        ****         while(1);   // Stop system here
 233              		.loc 1 54 0
 234 001e 0A48     		ldr	r0, .L23+4
 235 0020 FFF7FEFF 		bl	LCD_PrintString
 236              	.LVL28:
 237              	.L18:
 238 0024 FEE7     		b	.L18
 239              	.L17:
  59:main.c        ****                         "Read UART DATA",           // const char * const pcName,
 240              		.loc 1 59 0
 241 0026 0023     		movs	r3, #0
 242 0028 0193     		str	r3, [sp, #4]
 243 002a 0422     		movs	r2, #4
 244 002c 0092     		str	r2, [sp]
 245 002e C822     		movs	r2, #200
 246 0030 0649     		ldr	r1, .L23+8
ARM GAS  C:\Users\Tri94\AppData\Local\Temp\cc6g7jfe.s 			page 9


 247 0032 0748     		ldr	r0, .L23+12
 248 0034 FFF7FEFF 		bl	xTaskCreate
 249              	.LVL29:
  66:main.c        ****         // Cannot create task!
 250              		.loc 1 66 0
 251 0038 0128     		cmp	r0, #1
 252 003a 00D0     		beq	.L19
 253              	.L20:
 254 003c FEE7     		b	.L20
 255              	.L19:
  83:main.c        ****     
 256              		.loc 1 83 0
 257 003e FFF7FEFF 		bl	vTaskStartScheduler
 258              	.LVL30:
 259              	.L21:
 260 0042 FEE7     		b	.L21
 261              	.L24:
 262              		.align	2
 263              	.L23:
 264 0044 00000000 		.word	.LANCHOR0
 265 0048 14000000 		.word	.LC2
 266 004c 2C000000 		.word	.LC3
 267 0050 00000000 		.word	vUARTTask1
 268              		.cfi_endproc
 269              	.LFE69:
 270              		.size	main, .-main
 271              		.global	msg
 272              		.global	xMessageBuffer
 273              		.data
 274              		.align	2
 275              		.set	.LANCHOR1,. + 0
 276              		.type	msg, %object
 277              		.size	msg, 6
 278              	msg:
 279 0000 48656C6C 		.ascii	"Hello\000"
 279      6F00
 280              		.section	.rodata.str1.4,"aMS",%progbits,1
 281              		.align	2
 282              	.LC0:
 283 0000 4469733A 		.ascii	"Dis: %d  \000"
 283      20256420 
 283      2000
 284 000a 0000     		.space	2
 285              	.LC1:
 286 000c 48656C6C 		.ascii	"Hello\000"
 286      6F00
 287 0012 0000     		.space	2
 288              	.LC2:
 289 0014 4D657373 		.ascii	"Message Buffer Error!\000"
 289      61676520 
 289      42756666 
 289      65722045 
 289      72726F72 
 290 002a 0000     		.space	2
 291              	.LC3:
 292 002c 52656164 		.ascii	"Read UART DATA\000"
 292      20554152 
ARM GAS  C:\Users\Tri94\AppData\Local\Temp\cc6g7jfe.s 			page 10


 292      54204441 
 292      544100
 293              		.bss
 294              		.align	2
 295              		.set	.LANCHOR0,. + 0
 296              		.type	xMessageBuffer, %object
 297              		.size	xMessageBuffer, 4
 298              	xMessageBuffer:
 299 0000 00000000 		.space	4
 300              		.text
 301              	.Letext0:
 302              		.file 2 "c:\\program files (x86)\\cypress\\psoc creator\\4.2\\psoc creator\\import\\gnu\\arm\\5.4.
 303              		.file 3 "c:\\program files (x86)\\cypress\\psoc creator\\4.2\\psoc creator\\import\\gnu\\arm\\5.4.
 304              		.file 4 "c:\\program files (x86)\\cypress\\psoc creator\\4.2\\psoc creator\\import\\gnu\\arm\\5.4.
 305              		.file 5 "..\\FreeRTOS\\portable\\GCC\\ARM_CM3/portmacro.h"
 306              		.file 6 "..\\FreeRTOS\\include/stream_buffer.h"
 307              		.file 7 "..\\FreeRTOS\\include/message_buffer.h"
 308              		.file 8 "Generated_Source\\PSoC5/core_cm3.h"
 309              		.file 9 "Generated_Source\\PSoC5/UART.h"
 310              		.file 10 "Generated_Source\\PSoC5/UART_USB.h"
 311              		.file 11 "c:\\program files (x86)\\cypress\\psoc creator\\4.2\\psoc creator\\import\\gnu\\arm\\5.4
 312              		.file 12 "Generated_Source\\PSoC5/LCD.h"
 313              		.file 13 "Generated_Source\\PSoC5/LED.h"
 314              		.file 14 "..\\FreeRTOS\\include/task.h"
 315              		.file 15 "Generated_Source\\PSoC5/ISR_UART.h"
 316              		.file 16 "..\\FreeRTOS/FreeRTOS_PSoC.h"
 317              		.section	.debug_info,"",%progbits
 318              	.Ldebug_info0:
 319 0000 96050000 		.4byte	0x596
 320 0004 0400     		.2byte	0x4
 321 0006 00000000 		.4byte	.Ldebug_abbrev0
 322 000a 04       		.byte	0x4
 323 000b 01       		.uleb128 0x1
 324 000c 8F030000 		.4byte	.LASF61
 325 0010 0C       		.byte	0xc
 326 0011 AF020000 		.4byte	.LASF62
 327 0015 09030000 		.4byte	.LASF63
 328 0019 00000000 		.4byte	.Ldebug_ranges0+0
 329 001d 00000000 		.4byte	0
 330 0021 00000000 		.4byte	.Ldebug_line0
 331 0025 02       		.uleb128 0x2
 332 0026 01       		.byte	0x1
 333 0027 06       		.byte	0x6
 334 0028 A1010000 		.4byte	.LASF0
 335 002c 03       		.uleb128 0x3
 336 002d 42010000 		.4byte	.LASF4
 337 0031 02       		.byte	0x2
 338 0032 1D       		.byte	0x1d
 339 0033 37000000 		.4byte	0x37
 340 0037 02       		.uleb128 0x2
 341 0038 01       		.byte	0x1
 342 0039 08       		.byte	0x8
 343 003a 75010000 		.4byte	.LASF1
 344 003e 02       		.uleb128 0x2
 345 003f 02       		.byte	0x2
 346 0040 05       		.byte	0x5
 347 0041 62000000 		.4byte	.LASF2
ARM GAS  C:\Users\Tri94\AppData\Local\Temp\cc6g7jfe.s 			page 11


 348 0045 02       		.uleb128 0x2
 349 0046 02       		.byte	0x2
 350 0047 07       		.byte	0x7
 351 0048 30020000 		.4byte	.LASF3
 352 004c 03       		.uleb128 0x3
 353 004d E0020000 		.4byte	.LASF5
 354 0051 02       		.byte	0x2
 355 0052 3F       		.byte	0x3f
 356 0053 57000000 		.4byte	0x57
 357 0057 02       		.uleb128 0x2
 358 0058 04       		.byte	0x4
 359 0059 05       		.byte	0x5
 360 005a 24010000 		.4byte	.LASF6
 361 005e 03       		.uleb128 0x3
 362 005f 9A000000 		.4byte	.LASF7
 363 0063 02       		.byte	0x2
 364 0064 41       		.byte	0x41
 365 0065 69000000 		.4byte	0x69
 366 0069 02       		.uleb128 0x2
 367 006a 04       		.byte	0x4
 368 006b 07       		.byte	0x7
 369 006c B6020000 		.4byte	.LASF8
 370 0070 02       		.uleb128 0x2
 371 0071 08       		.byte	0x8
 372 0072 05       		.byte	0x5
 373 0073 EF000000 		.4byte	.LASF9
 374 0077 02       		.uleb128 0x2
 375 0078 08       		.byte	0x8
 376 0079 07       		.byte	0x7
 377 007a AD010000 		.4byte	.LASF10
 378 007e 04       		.uleb128 0x4
 379 007f 04       		.byte	0x4
 380 0080 05       		.byte	0x5
 381 0081 696E7400 		.ascii	"int\000"
 382 0085 02       		.uleb128 0x2
 383 0086 04       		.byte	0x4
 384 0087 07       		.byte	0x7
 385 0088 FF010000 		.4byte	.LASF11
 386 008c 03       		.uleb128 0x3
 387 008d C4000000 		.4byte	.LASF12
 388 0091 03       		.byte	0x3
 389 0092 18       		.byte	0x18
 390 0093 2C000000 		.4byte	0x2c
 391 0097 03       		.uleb128 0x3
 392 0098 7C020000 		.4byte	.LASF13
 393 009c 03       		.byte	0x3
 394 009d 2C       		.byte	0x2c
 395 009e 4C000000 		.4byte	0x4c
 396 00a2 03       		.uleb128 0x3
 397 00a3 DD010000 		.4byte	.LASF14
 398 00a7 03       		.byte	0x3
 399 00a8 30       		.byte	0x30
 400 00a9 5E000000 		.4byte	0x5e
 401 00ad 02       		.uleb128 0x2
 402 00ae 04       		.byte	0x4
 403 00af 04       		.byte	0x4
 404 00b0 E9000000 		.4byte	.LASF15
ARM GAS  C:\Users\Tri94\AppData\Local\Temp\cc6g7jfe.s 			page 12


 405 00b4 02       		.uleb128 0x2
 406 00b5 08       		.byte	0x8
 407 00b6 04       		.byte	0x4
 408 00b7 C8020000 		.4byte	.LASF16
 409 00bb 02       		.uleb128 0x2
 410 00bc 01       		.byte	0x1
 411 00bd 08       		.byte	0x8
 412 00be 43020000 		.4byte	.LASF17
 413 00c2 03       		.uleb128 0x3
 414 00c3 6C000000 		.4byte	.LASF18
 415 00c7 04       		.byte	0x4
 416 00c8 D8       		.byte	0xd8
 417 00c9 85000000 		.4byte	0x85
 418 00cd 02       		.uleb128 0x2
 419 00ce 08       		.byte	0x8
 420 00cf 04       		.byte	0x4
 421 00d0 69010000 		.4byte	.LASF19
 422 00d4 02       		.uleb128 0x2
 423 00d5 04       		.byte	0x4
 424 00d6 07       		.byte	0x7
 425 00d7 73000000 		.4byte	.LASF20
 426 00db 05       		.uleb128 0x5
 427 00dc 04       		.byte	0x4
 428 00dd 06       		.uleb128 0x6
 429 00de 04       		.byte	0x4
 430 00df BB000000 		.4byte	0xbb
 431 00e3 03       		.uleb128 0x3
 432 00e4 1C020000 		.4byte	.LASF21
 433 00e8 05       		.byte	0x5
 434 00e9 43       		.byte	0x43
 435 00ea 57000000 		.4byte	0x57
 436 00ee 03       		.uleb128 0x3
 437 00ef 5E010000 		.4byte	.LASF22
 438 00f3 05       		.byte	0x5
 439 00f4 4A       		.byte	0x4a
 440 00f5 A2000000 		.4byte	0xa2
 441 00f9 03       		.uleb128 0x3
 442 00fa EA020000 		.4byte	.LASF23
 443 00fe 06       		.byte	0x6
 444 00ff 3D       		.byte	0x3d
 445 0100 DB000000 		.4byte	0xdb
 446 0104 03       		.uleb128 0x3
 447 0105 8D020000 		.4byte	.LASF24
 448 0109 07       		.byte	0x7
 449 010a 4F       		.byte	0x4f
 450 010b DB000000 		.4byte	0xdb
 451 010f 07       		.uleb128 0x7
 452 0110 4C010000 		.4byte	.LASF64
 453 0114 01       		.byte	0x1
 454 0115 70       		.byte	0x70
 455 0116 00000000 		.4byte	.LFB71
 456 011a 24000000 		.4byte	.LFE71-.LFB71
 457 011e 01       		.uleb128 0x1
 458 011f 9C       		.byte	0x9c
 459 0120 8D010000 		.4byte	0x18d
 460 0124 08       		.uleb128 0x8
 461 0125 62756600 		.ascii	"buf\000"
ARM GAS  C:\Users\Tri94\AppData\Local\Temp\cc6g7jfe.s 			page 13


 462 0129 01       		.byte	0x1
 463 012a 71       		.byte	0x71
 464 012b 8D010000 		.4byte	0x18d
 465 012f 09       		.uleb128 0x9
 466 0130 69647800 		.ascii	"idx\000"
 467 0134 01       		.byte	0x1
 468 0135 72       		.byte	0x72
 469 0136 7E000000 		.4byte	0x7e
 470 013a 00       		.byte	0
 471 013b 0A       		.uleb128 0xa
 472 013c 636800   		.ascii	"ch\000"
 473 013f 01       		.byte	0x1
 474 0140 73       		.byte	0x73
 475 0141 BB000000 		.4byte	0xbb
 476 0145 00000000 		.4byte	.LLST0
 477 0149 0B       		.uleb128 0xb
 478 014a C4010000 		.4byte	.LASF25
 479 014e 01       		.byte	0x1
 480 014f 74       		.byte	0x74
 481 0150 E3000000 		.4byte	0xe3
 482 0154 00       		.byte	0
 483 0155 0C       		.uleb128 0xc
 484 0156 06000000 		.4byte	.LVL1
 485 015a 95040000 		.4byte	0x495
 486 015e 0D       		.uleb128 0xd
 487 015f 0E000000 		.4byte	.LVL3
 488 0163 A0040000 		.4byte	0x4a0
 489 0167 72010000 		.4byte	0x172
 490 016b 0E       		.uleb128 0xe
 491 016c 01       		.uleb128 0x1
 492 016d 50       		.byte	0x50
 493 016e 02       		.uleb128 0x2
 494 016f 74       		.byte	0x74
 495 0170 00       		.sleb128 0
 496 0171 00       		.byte	0
 497 0172 0F       		.uleb128 0xf
 498 0173 1C000000 		.4byte	.LVL4
 499 0177 AB040000 		.4byte	0x4ab
 500 017b 0E       		.uleb128 0xe
 501 017c 01       		.uleb128 0x1
 502 017d 51       		.byte	0x51
 503 017e 02       		.uleb128 0x2
 504 017f 74       		.byte	0x74
 505 0180 00       		.sleb128 0
 506 0181 0E       		.uleb128 0xe
 507 0182 01       		.uleb128 0x1
 508 0183 52       		.byte	0x52
 509 0184 01       		.uleb128 0x1
 510 0185 31       		.byte	0x31
 511 0186 0E       		.uleb128 0xe
 512 0187 01       		.uleb128 0x1
 513 0188 53       		.byte	0x53
 514 0189 01       		.uleb128 0x1
 515 018a 30       		.byte	0x30
 516 018b 00       		.byte	0
 517 018c 00       		.byte	0
 518 018d 10       		.uleb128 0x10
ARM GAS  C:\Users\Tri94\AppData\Local\Temp\cc6g7jfe.s 			page 14


 519 018e BB000000 		.4byte	0xbb
 520 0192 9D010000 		.4byte	0x19d
 521 0196 11       		.uleb128 0x11
 522 0197 D4000000 		.4byte	0xd4
 523 019b 13       		.byte	0x13
 524 019c 00       		.byte	0
 525 019d 12       		.uleb128 0x12
 526 019e 29040000 		.4byte	.LASF65
 527 01a2 01       		.byte	0x1
 528 01a3 8E       		.byte	0x8e
 529 01a4 00000000 		.4byte	.LFB72
 530 01a8 4C000000 		.4byte	.LFE72-.LFB72
 531 01ac 01       		.uleb128 0x1
 532 01ad 9C       		.byte	0x9c
 533 01ae F2020000 		.4byte	0x2f2
 534 01b2 13       		.uleb128 0x13
 535 01b3 A3020000 		.4byte	.LASF66
 536 01b7 01       		.byte	0x1
 537 01b8 8E       		.byte	0x8e
 538 01b9 DB000000 		.4byte	0xdb
 539 01bd 13000000 		.4byte	.LLST1
 540 01c1 14       		.uleb128 0x14
 541 01c2 83010000 		.4byte	.LASF26
 542 01c6 01       		.byte	0x1
 543 01c7 90       		.byte	0x90
 544 01c8 F2020000 		.4byte	0x2f2
 545 01cc 14       		.uleb128 0x14
 546 01cd 7A030000 		.4byte	.LASF27
 547 01d1 01       		.byte	0x1
 548 01d2 91       		.byte	0x91
 549 01d3 F2020000 		.4byte	0x2f2
 550 01d7 14       		.uleb128 0x14
 551 01d8 27020000 		.4byte	.LASF28
 552 01dc 01       		.byte	0x1
 553 01dd 92       		.byte	0x92
 554 01de F2020000 		.4byte	0x2f2
 555 01e2 14       		.uleb128 0x14
 556 01e3 FF020000 		.4byte	.LASF29
 557 01e7 01       		.byte	0x1
 558 01e8 93       		.byte	0x93
 559 01e9 F2020000 		.4byte	0x2f2
 560 01ed 14       		.uleb128 0x14
 561 01ee 71030000 		.4byte	.LASF30
 562 01f2 01       		.byte	0x1
 563 01f3 94       		.byte	0x94
 564 01f4 F2020000 		.4byte	0x2f2
 565 01f8 14       		.uleb128 0x14
 566 01f9 28000000 		.4byte	.LASF31
 567 01fd 01       		.byte	0x1
 568 01fe 95       		.byte	0x95
 569 01ff F2020000 		.4byte	0x2f2
 570 0203 08       		.uleb128 0x8
 571 0204 62756600 		.ascii	"buf\000"
 572 0208 01       		.byte	0x1
 573 0209 97       		.byte	0x97
 574 020a 8D010000 		.4byte	0x18d
 575 020e 15       		.uleb128 0x15
ARM GAS  C:\Users\Tri94\AppData\Local\Temp\cc6g7jfe.s 			page 15


 576 020f 73747200 		.ascii	"str\000"
 577 0213 01       		.byte	0x1
 578 0214 98       		.byte	0x98
 579 0215 8D010000 		.4byte	0x18d
 580 0219 02       		.uleb128 0x2
 581 021a 91       		.byte	0x91
 582 021b 64       		.sleb128 -28
 583 021c 14       		.uleb128 0x14
 584 021d 57010000 		.4byte	.LASF32
 585 0221 01       		.byte	0x1
 586 0222 99       		.byte	0x99
 587 0223 C2000000 		.4byte	0xc2
 588 0227 14       		.uleb128 0x14
 589 0228 B6000000 		.4byte	.LASF33
 590 022c 01       		.byte	0x1
 591 022d 9A       		.byte	0x9a
 592 022e DD000000 		.4byte	0xdd
 593 0232 14       		.uleb128 0x14
 594 0233 BD000000 		.4byte	.LASF34
 595 0237 01       		.byte	0x1
 596 0238 9B       		.byte	0x9b
 597 0239 DD000000 		.4byte	0xdd
 598 023d 08       		.uleb128 0x8
 599 023e 70636800 		.ascii	"pch\000"
 600 0242 01       		.byte	0x1
 601 0243 9C       		.byte	0x9c
 602 0244 DD000000 		.4byte	0xdd
 603 0248 16       		.uleb128 0x16
 604 0249 48020000 		.4byte	.LASF35
 605 024d 01       		.byte	0x1
 606 024e 9D       		.byte	0x9d
 607 024f 8C000000 		.4byte	0x8c
 608 0253 01       		.uleb128 0x1
 609 0254 54       		.byte	0x54
 610 0255 0C       		.uleb128 0xc
 611 0256 0C000000 		.4byte	.LVL8
 612 025a B7040000 		.4byte	0x4b7
 613 025e 0D       		.uleb128 0xd
 614 025f 1E000000 		.4byte	.LVL9
 615 0263 C3040000 		.4byte	0x4c3
 616 0267 7D020000 		.4byte	0x27d
 617 026b 0E       		.uleb128 0xe
 618 026c 01       		.uleb128 0x1
 619 026d 51       		.byte	0x51
 620 026e 02       		.uleb128 0x2
 621 026f 74       		.byte	0x74
 622 0270 00       		.sleb128 0
 623 0271 0E       		.uleb128 0xe
 624 0272 01       		.uleb128 0x1
 625 0273 52       		.byte	0x52
 626 0274 01       		.uleb128 0x1
 627 0275 31       		.byte	0x31
 628 0276 0E       		.uleb128 0xe
 629 0277 01       		.uleb128 0x1
 630 0278 53       		.byte	0x53
 631 0279 02       		.uleb128 0x2
 632 027a 08       		.byte	0x8
ARM GAS  C:\Users\Tri94\AppData\Local\Temp\cc6g7jfe.s 			page 16


 633 027b 64       		.byte	0x64
 634 027c 00       		.byte	0
 635 027d 0D       		.uleb128 0xd
 636 027e 28000000 		.4byte	.LVL10
 637 0282 CF040000 		.4byte	0x4cf
 638 0286 A0020000 		.4byte	0x2a0
 639 028a 0E       		.uleb128 0xe
 640 028b 01       		.uleb128 0x1
 641 028c 50       		.byte	0x50
 642 028d 02       		.uleb128 0x2
 643 028e 91       		.byte	0x91
 644 028f 64       		.sleb128 -28
 645 0290 0E       		.uleb128 0xe
 646 0291 01       		.uleb128 0x1
 647 0292 51       		.byte	0x51
 648 0293 05       		.uleb128 0x5
 649 0294 03       		.byte	0x3
 650 0295 00000000 		.4byte	.LC0
 651 0299 0E       		.uleb128 0xe
 652 029a 01       		.uleb128 0x1
 653 029b 52       		.byte	0x52
 654 029c 02       		.uleb128 0x2
 655 029d 74       		.byte	0x74
 656 029e 00       		.sleb128 0
 657 029f 00       		.byte	0
 658 02a0 0D       		.uleb128 0xd
 659 02a1 30000000 		.4byte	.LVL11
 660 02a5 DA040000 		.4byte	0x4da
 661 02a9 B9020000 		.4byte	0x2b9
 662 02ad 0E       		.uleb128 0xe
 663 02ae 01       		.uleb128 0x1
 664 02af 50       		.byte	0x50
 665 02b0 01       		.uleb128 0x1
 666 02b1 31       		.byte	0x31
 667 02b2 0E       		.uleb128 0xe
 668 02b3 01       		.uleb128 0x1
 669 02b4 51       		.byte	0x51
 670 02b5 02       		.uleb128 0x2
 671 02b6 74       		.byte	0x74
 672 02b7 00       		.sleb128 0
 673 02b8 00       		.byte	0
 674 02b9 0D       		.uleb128 0xd
 675 02ba 36000000 		.4byte	.LVL12
 676 02be E5040000 		.4byte	0x4e5
 677 02c2 CD020000 		.4byte	0x2cd
 678 02c6 0E       		.uleb128 0xe
 679 02c7 01       		.uleb128 0x1
 680 02c8 50       		.byte	0x50
 681 02c9 02       		.uleb128 0x2
 682 02ca 91       		.byte	0x91
 683 02cb 64       		.sleb128 -28
 684 02cc 00       		.byte	0
 685 02cd 0D       		.uleb128 0xd
 686 02ce 3C000000 		.4byte	.LVL13
 687 02d2 F0040000 		.4byte	0x4f0
 688 02d6 E1020000 		.4byte	0x2e1
 689 02da 0E       		.uleb128 0xe
ARM GAS  C:\Users\Tri94\AppData\Local\Temp\cc6g7jfe.s 			page 17


 690 02db 01       		.uleb128 0x1
 691 02dc 50       		.byte	0x50
 692 02dd 02       		.uleb128 0x2
 693 02de 74       		.byte	0x74
 694 02df 00       		.sleb128 0
 695 02e0 00       		.byte	0
 696 02e1 0F       		.uleb128 0xf
 697 02e2 42000000 		.4byte	.LVL14
 698 02e6 FB040000 		.4byte	0x4fb
 699 02ea 0E       		.uleb128 0xe
 700 02eb 01       		.uleb128 0x1
 701 02ec 50       		.byte	0x50
 702 02ed 02       		.uleb128 0x2
 703 02ee 08       		.byte	0x8
 704 02ef 64       		.byte	0x64
 705 02f0 00       		.byte	0
 706 02f1 00       		.byte	0
 707 02f2 10       		.uleb128 0x10
 708 02f3 BB000000 		.4byte	0xbb
 709 02f7 02030000 		.4byte	0x302
 710 02fb 11       		.uleb128 0x11
 711 02fc D4000000 		.4byte	0xd4
 712 0300 03       		.byte	0x3
 713 0301 00       		.byte	0
 714 0302 17       		.uleb128 0x17
 715 0303 51020000 		.4byte	.LASF67
 716 0307 01       		.byte	0x1
 717 0308 5C       		.byte	0x5c
 718 0309 00000000 		.4byte	.LFB70
 719 030d 40000000 		.4byte	.LFE70-.LFB70
 720 0311 01       		.uleb128 0x1
 721 0312 9C       		.byte	0x9c
 722 0313 A2030000 		.4byte	0x3a2
 723 0317 0C       		.uleb128 0xc
 724 0318 06000000 		.4byte	.LVL15
 725 031c 07050000 		.4byte	0x507
 726 0320 0C       		.uleb128 0xc
 727 0321 0A000000 		.4byte	.LVL16
 728 0325 12050000 		.4byte	0x512
 729 0329 0D       		.uleb128 0xd
 730 032a 10000000 		.4byte	.LVL17
 731 032e 1D050000 		.4byte	0x51d
 732 0332 40030000 		.4byte	0x340
 733 0336 0E       		.uleb128 0xe
 734 0337 01       		.uleb128 0x1
 735 0338 50       		.byte	0x50
 736 0339 05       		.uleb128 0x5
 737 033a 03       		.byte	0x3
 738 033b 00000000 		.4byte	myISR_UART
 739 033f 00       		.byte	0
 740 0340 0C       		.uleb128 0xc
 741 0341 14000000 		.4byte	.LVL18
 742 0345 28050000 		.4byte	0x528
 743 0349 0C       		.uleb128 0xc
 744 034a 18000000 		.4byte	.LVL19
 745 034e 33050000 		.4byte	0x533
 746 0352 0C       		.uleb128 0xc
ARM GAS  C:\Users\Tri94\AppData\Local\Temp\cc6g7jfe.s 			page 18


 747 0353 1C000000 		.4byte	.LVL20
 748 0357 3E050000 		.4byte	0x53e
 749 035b 0C       		.uleb128 0xc
 750 035c 20000000 		.4byte	.LVL21
 751 0360 49050000 		.4byte	0x549
 752 0364 0D       		.uleb128 0xd
 753 0365 26000000 		.4byte	.LVL22
 754 0369 54050000 		.4byte	0x554
 755 036d 77030000 		.4byte	0x377
 756 0371 0E       		.uleb128 0xe
 757 0372 01       		.uleb128 0x1
 758 0373 50       		.byte	0x50
 759 0374 01       		.uleb128 0x1
 760 0375 31       		.byte	0x31
 761 0376 00       		.byte	0
 762 0377 0D       		.uleb128 0xd
 763 0378 2C000000 		.4byte	.LVL23
 764 037c E5040000 		.4byte	0x4e5
 765 0380 8E030000 		.4byte	0x38e
 766 0384 0E       		.uleb128 0xe
 767 0385 01       		.uleb128 0x1
 768 0386 50       		.byte	0x50
 769 0387 05       		.uleb128 0x5
 770 0388 03       		.byte	0x3
 771 0389 00000000 		.4byte	.LANCHOR1
 772 038d 00       		.byte	0
 773 038e 0F       		.uleb128 0xf
 774 038f 32000000 		.4byte	.LVL24
 775 0393 5F050000 		.4byte	0x55f
 776 0397 0E       		.uleb128 0xe
 777 0398 01       		.uleb128 0x1
 778 0399 50       		.byte	0x50
 779 039a 05       		.uleb128 0x5
 780 039b 03       		.byte	0x3
 781 039c 0C000000 		.4byte	.LC1
 782 03a0 00       		.byte	0
 783 03a1 00       		.byte	0
 784 03a2 18       		.uleb128 0x18
 785 03a3 95000000 		.4byte	.LASF68
 786 03a7 01       		.byte	0x1
 787 03a8 28       		.byte	0x28
 788 03a9 7E000000 		.4byte	0x7e
 789 03ad 00000000 		.4byte	.LFB69
 790 03b1 54000000 		.4byte	.LFE69-.LFB69
 791 03b5 01       		.uleb128 0x1
 792 03b6 9C       		.byte	0x9c
 793 03b7 52040000 		.4byte	0x452
 794 03bb 0A       		.uleb128 0xa
 795 03bc 65727200 		.ascii	"err\000"
 796 03c0 01       		.byte	0x1
 797 03c1 2A       		.byte	0x2a
 798 03c2 E3000000 		.4byte	0xe3
 799 03c6 34000000 		.4byte	.LLST2
 800 03ca 0C       		.uleb128 0xc
 801 03cb 0A000000 		.4byte	.LVL25
 802 03cf 6A050000 		.4byte	0x56a
 803 03d3 0C       		.uleb128 0xc
ARM GAS  C:\Users\Tri94\AppData\Local\Temp\cc6g7jfe.s 			page 19


 804 03d4 0E000000 		.4byte	.LVL26
 805 03d8 02030000 		.4byte	0x302
 806 03dc 0D       		.uleb128 0xd
 807 03dd 18000000 		.4byte	.LVL27
 808 03e1 75050000 		.4byte	0x575
 809 03e5 FA030000 		.4byte	0x3fa
 810 03e9 0E       		.uleb128 0xe
 811 03ea 01       		.uleb128 0x1
 812 03eb 50       		.byte	0x50
 813 03ec 02       		.uleb128 0x2
 814 03ed 08       		.byte	0x8
 815 03ee 64       		.byte	0x64
 816 03ef 0E       		.uleb128 0xe
 817 03f0 01       		.uleb128 0x1
 818 03f1 51       		.byte	0x51
 819 03f2 01       		.uleb128 0x1
 820 03f3 30       		.byte	0x30
 821 03f4 0E       		.uleb128 0xe
 822 03f5 01       		.uleb128 0x1
 823 03f6 52       		.byte	0x52
 824 03f7 01       		.uleb128 0x1
 825 03f8 31       		.byte	0x31
 826 03f9 00       		.byte	0
 827 03fa 0D       		.uleb128 0xd
 828 03fb 24000000 		.4byte	.LVL28
 829 03ff E5040000 		.4byte	0x4e5
 830 0403 11040000 		.4byte	0x411
 831 0407 0E       		.uleb128 0xe
 832 0408 01       		.uleb128 0x1
 833 0409 50       		.byte	0x50
 834 040a 05       		.uleb128 0x5
 835 040b 03       		.byte	0x3
 836 040c 14000000 		.4byte	.LC2
 837 0410 00       		.byte	0
 838 0411 0D       		.uleb128 0xd
 839 0412 38000000 		.4byte	.LVL29
 840 0416 81050000 		.4byte	0x581
 841 041a 48040000 		.4byte	0x448
 842 041e 0E       		.uleb128 0xe
 843 041f 01       		.uleb128 0x1
 844 0420 50       		.byte	0x50
 845 0421 05       		.uleb128 0x5
 846 0422 03       		.byte	0x3
 847 0423 00000000 		.4byte	vUARTTask1
 848 0427 0E       		.uleb128 0xe
 849 0428 01       		.uleb128 0x1
 850 0429 51       		.byte	0x51
 851 042a 05       		.uleb128 0x5
 852 042b 03       		.byte	0x3
 853 042c 2C000000 		.4byte	.LC3
 854 0430 0E       		.uleb128 0xe
 855 0431 01       		.uleb128 0x1
 856 0432 52       		.byte	0x52
 857 0433 02       		.uleb128 0x2
 858 0434 08       		.byte	0x8
 859 0435 C8       		.byte	0xc8
 860 0436 0E       		.uleb128 0xe
ARM GAS  C:\Users\Tri94\AppData\Local\Temp\cc6g7jfe.s 			page 20


 861 0437 01       		.uleb128 0x1
 862 0438 53       		.byte	0x53
 863 0439 01       		.uleb128 0x1
 864 043a 30       		.byte	0x30
 865 043b 0E       		.uleb128 0xe
 866 043c 02       		.uleb128 0x2
 867 043d 7D       		.byte	0x7d
 868 043e 00       		.sleb128 0
 869 043f 01       		.uleb128 0x1
 870 0440 34       		.byte	0x34
 871 0441 0E       		.uleb128 0xe
 872 0442 02       		.uleb128 0x2
 873 0443 7D       		.byte	0x7d
 874 0444 04       		.sleb128 4
 875 0445 01       		.uleb128 0x1
 876 0446 30       		.byte	0x30
 877 0447 00       		.byte	0
 878 0448 0C       		.uleb128 0xc
 879 0449 42000000 		.4byte	.LVL30
 880 044d 8D050000 		.4byte	0x58d
 881 0451 00       		.byte	0
 882 0452 19       		.uleb128 0x19
 883 0453 82030000 		.4byte	.LASF36
 884 0457 08       		.byte	0x8
 885 0458 1207     		.2byte	0x712
 886 045a 5E040000 		.4byte	0x45e
 887 045e 1A       		.uleb128 0x1a
 888 045f 97000000 		.4byte	0x97
 889 0463 1B       		.uleb128 0x1b
 890 0464 92010000 		.4byte	.LASF37
 891 0468 01       		.byte	0x1
 892 0469 23       		.byte	0x23
 893 046a 04010000 		.4byte	0x104
 894 046e 05       		.uleb128 0x5
 895 046f 03       		.byte	0x3
 896 0470 00000000 		.4byte	xMessageBuffer
 897 0474 10       		.uleb128 0x10
 898 0475 BB000000 		.4byte	0xbb
 899 0479 84040000 		.4byte	0x484
 900 047d 11       		.uleb128 0x11
 901 047e D4000000 		.4byte	0xd4
 902 0482 05       		.byte	0x5
 903 0483 00       		.byte	0
 904 0484 1C       		.uleb128 0x1c
 905 0485 6D736700 		.ascii	"msg\000"
 906 0489 01       		.byte	0x1
 907 048a 5A       		.byte	0x5a
 908 048b 74040000 		.4byte	0x474
 909 048f 05       		.uleb128 0x5
 910 0490 03       		.byte	0x3
 911 0491 00000000 		.4byte	msg
 912 0495 1D       		.uleb128 0x1d
 913 0496 00000000 		.4byte	.LASF38
 914 049a 00000000 		.4byte	.LASF38
 915 049e 09       		.byte	0x9
 916 049f 72       		.byte	0x72
 917 04a0 1D       		.uleb128 0x1d
ARM GAS  C:\Users\Tri94\AppData\Local\Temp\cc6g7jfe.s 			page 21


 918 04a1 A5000000 		.4byte	.LASF39
 919 04a5 A5000000 		.4byte	.LASF39
 920 04a9 0A       		.byte	0xa
 921 04aa 8A       		.byte	0x8a
 922 04ab 1E       		.uleb128 0x1e
 923 04ac E6010000 		.4byte	.LASF40
 924 04b0 E6010000 		.4byte	.LASF40
 925 04b4 06       		.byte	0x6
 926 04b5 9501     		.2byte	0x195
 927 04b7 1E       		.uleb128 0x1e
 928 04b8 2D010000 		.4byte	.LASF41
 929 04bc 2D010000 		.4byte	.LASF41
 930 04c0 06       		.byte	0x6
 931 04c1 8502     		.2byte	0x285
 932 04c3 1E       		.uleb128 0x1e
 933 04c4 3C000000 		.4byte	.LASF42
 934 04c8 3C000000 		.4byte	.LASF42
 935 04cc 06       		.byte	0x6
 936 04cd EE01     		.2byte	0x1ee
 937 04cf 1D       		.uleb128 0x1d
 938 04d0 8A010000 		.4byte	.LASF43
 939 04d4 8A010000 		.4byte	.LASF43
 940 04d8 0B       		.byte	0xb
 941 04d9 E7       		.byte	0xe7
 942 04da 1D       		.uleb128 0x1d
 943 04db 64030000 		.4byte	.LASF44
 944 04df 64030000 		.4byte	.LASF44
 945 04e3 0C       		.byte	0xc
 946 04e4 3D       		.byte	0x3d
 947 04e5 1D       		.uleb128 0x1d
 948 04e6 0C020000 		.4byte	.LASF45
 949 04ea 0C020000 		.4byte	.LASF45
 950 04ee 0C       		.byte	0xc
 951 04ef 3C       		.byte	0x3c
 952 04f0 1D       		.uleb128 0x1d
 953 04f1 32000000 		.4byte	.LASF46
 954 04f5 32000000 		.4byte	.LASF46
 955 04f9 0D       		.byte	0xd
 956 04fa 26       		.byte	0x26
 957 04fb 1E       		.uleb128 0x1e
 958 04fc 7C000000 		.4byte	.LASF47
 959 0500 7C000000 		.4byte	.LASF47
 960 0504 0E       		.byte	0xe
 961 0505 F302     		.2byte	0x2f3
 962 0507 1D       		.uleb128 0x1d
 963 0508 5E020000 		.4byte	.LASF48
 964 050c 5E020000 		.4byte	.LASF48
 965 0510 09       		.byte	0x9
 966 0511 75       		.byte	0x75
 967 0512 1D       		.uleb128 0x1d
 968 0513 FD000000 		.4byte	.LASF49
 969 0517 FD000000 		.4byte	.LASF49
 970 051b 09       		.byte	0x9
 971 051c 8F       		.byte	0x8f
 972 051d 1D       		.uleb128 0x1d
 973 051e CF020000 		.4byte	.LASF50
 974 0522 CF020000 		.4byte	.LASF50
ARM GAS  C:\Users\Tri94\AppData\Local\Temp\cc6g7jfe.s 			page 22


 975 0526 0F       		.byte	0xf
 976 0527 18       		.byte	0x18
 977 0528 1D       		.uleb128 0x1d
 978 0529 71020000 		.4byte	.LASF51
 979 052d 71020000 		.4byte	.LASF51
 980 0531 09       		.byte	0x9
 981 0532 54       		.byte	0x54
 982 0533 1D       		.uleb128 0x1d
 983 0534 34040000 		.4byte	.LASF52
 984 0538 34040000 		.4byte	.LASF52
 985 053c 0A       		.byte	0xa
 986 053d 54       		.byte	0x54
 987 053e 1D       		.uleb128 0x1d
 988 053f 84020000 		.4byte	.LASF53
 989 0543 84020000 		.4byte	.LASF53
 990 0547 0C       		.byte	0xc
 991 0548 36       		.byte	0x36
 992 0549 1D       		.uleb128 0x1d
 993 054a CC000000 		.4byte	.LASF54
 994 054e CC000000 		.4byte	.LASF54
 995 0552 0C       		.byte	0xc
 996 0553 38       		.byte	0x38
 997 0554 1D       		.uleb128 0x1d
 998 0555 51000000 		.4byte	.LASF55
 999 0559 51000000 		.4byte	.LASF55
 1000 055d 0C       		.byte	0xc
 1001 055e 3A       		.byte	0x3a
 1002 055f 1D       		.uleb128 0x1d
 1003 0560 D6000000 		.4byte	.LASF56
 1004 0564 D6000000 		.4byte	.LASF56
 1005 0568 0A       		.byte	0xa
 1006 0569 8B       		.byte	0x8b
 1007 056a 1D       		.uleb128 0x1d
 1008 056b 87000000 		.4byte	.LASF57
 1009 056f 87000000 		.4byte	.LASF57
 1010 0573 10       		.byte	0x10
 1011 0574 17       		.byte	0x17
 1012 0575 1E       		.uleb128 0x1e
 1013 0576 0D000000 		.4byte	.LASF58
 1014 057a 0D000000 		.4byte	.LASF58
 1015 057e 06       		.byte	0x6
 1016 057f 3D03     		.2byte	0x33d
 1017 0581 1E       		.uleb128 0x1e
 1018 0582 1D040000 		.4byte	.LASF59
 1019 0586 1D040000 		.4byte	.LASF59
 1020 058a 0E       		.byte	0xe
 1021 058b 4701     		.2byte	0x147
 1022 058d 1E       		.uleb128 0x1e
 1023 058e 10010000 		.4byte	.LASF60
 1024 0592 10010000 		.4byte	.LASF60
 1025 0596 0E       		.byte	0xe
 1026 0597 9404     		.2byte	0x494
 1027 0599 00       		.byte	0
 1028              		.section	.debug_abbrev,"",%progbits
 1029              	.Ldebug_abbrev0:
 1030 0000 01       		.uleb128 0x1
 1031 0001 11       		.uleb128 0x11
ARM GAS  C:\Users\Tri94\AppData\Local\Temp\cc6g7jfe.s 			page 23


 1032 0002 01       		.byte	0x1
 1033 0003 25       		.uleb128 0x25
 1034 0004 0E       		.uleb128 0xe
 1035 0005 13       		.uleb128 0x13
 1036 0006 0B       		.uleb128 0xb
 1037 0007 03       		.uleb128 0x3
 1038 0008 0E       		.uleb128 0xe
 1039 0009 1B       		.uleb128 0x1b
 1040 000a 0E       		.uleb128 0xe
 1041 000b 55       		.uleb128 0x55
 1042 000c 17       		.uleb128 0x17
 1043 000d 11       		.uleb128 0x11
 1044 000e 01       		.uleb128 0x1
 1045 000f 10       		.uleb128 0x10
 1046 0010 17       		.uleb128 0x17
 1047 0011 00       		.byte	0
 1048 0012 00       		.byte	0
 1049 0013 02       		.uleb128 0x2
 1050 0014 24       		.uleb128 0x24
 1051 0015 00       		.byte	0
 1052 0016 0B       		.uleb128 0xb
 1053 0017 0B       		.uleb128 0xb
 1054 0018 3E       		.uleb128 0x3e
 1055 0019 0B       		.uleb128 0xb
 1056 001a 03       		.uleb128 0x3
 1057 001b 0E       		.uleb128 0xe
 1058 001c 00       		.byte	0
 1059 001d 00       		.byte	0
 1060 001e 03       		.uleb128 0x3
 1061 001f 16       		.uleb128 0x16
 1062 0020 00       		.byte	0
 1063 0021 03       		.uleb128 0x3
 1064 0022 0E       		.uleb128 0xe
 1065 0023 3A       		.uleb128 0x3a
 1066 0024 0B       		.uleb128 0xb
 1067 0025 3B       		.uleb128 0x3b
 1068 0026 0B       		.uleb128 0xb
 1069 0027 49       		.uleb128 0x49
 1070 0028 13       		.uleb128 0x13
 1071 0029 00       		.byte	0
 1072 002a 00       		.byte	0
 1073 002b 04       		.uleb128 0x4
 1074 002c 24       		.uleb128 0x24
 1075 002d 00       		.byte	0
 1076 002e 0B       		.uleb128 0xb
 1077 002f 0B       		.uleb128 0xb
 1078 0030 3E       		.uleb128 0x3e
 1079 0031 0B       		.uleb128 0xb
 1080 0032 03       		.uleb128 0x3
 1081 0033 08       		.uleb128 0x8
 1082 0034 00       		.byte	0
 1083 0035 00       		.byte	0
 1084 0036 05       		.uleb128 0x5
 1085 0037 0F       		.uleb128 0xf
 1086 0038 00       		.byte	0
 1087 0039 0B       		.uleb128 0xb
 1088 003a 0B       		.uleb128 0xb
ARM GAS  C:\Users\Tri94\AppData\Local\Temp\cc6g7jfe.s 			page 24


 1089 003b 00       		.byte	0
 1090 003c 00       		.byte	0
 1091 003d 06       		.uleb128 0x6
 1092 003e 0F       		.uleb128 0xf
 1093 003f 00       		.byte	0
 1094 0040 0B       		.uleb128 0xb
 1095 0041 0B       		.uleb128 0xb
 1096 0042 49       		.uleb128 0x49
 1097 0043 13       		.uleb128 0x13
 1098 0044 00       		.byte	0
 1099 0045 00       		.byte	0
 1100 0046 07       		.uleb128 0x7
 1101 0047 2E       		.uleb128 0x2e
 1102 0048 01       		.byte	0x1
 1103 0049 3F       		.uleb128 0x3f
 1104 004a 19       		.uleb128 0x19
 1105 004b 03       		.uleb128 0x3
 1106 004c 0E       		.uleb128 0xe
 1107 004d 3A       		.uleb128 0x3a
 1108 004e 0B       		.uleb128 0xb
 1109 004f 3B       		.uleb128 0x3b
 1110 0050 0B       		.uleb128 0xb
 1111 0051 27       		.uleb128 0x27
 1112 0052 19       		.uleb128 0x19
 1113 0053 11       		.uleb128 0x11
 1114 0054 01       		.uleb128 0x1
 1115 0055 12       		.uleb128 0x12
 1116 0056 06       		.uleb128 0x6
 1117 0057 40       		.uleb128 0x40
 1118 0058 18       		.uleb128 0x18
 1119 0059 9742     		.uleb128 0x2117
 1120 005b 19       		.uleb128 0x19
 1121 005c 01       		.uleb128 0x1
 1122 005d 13       		.uleb128 0x13
 1123 005e 00       		.byte	0
 1124 005f 00       		.byte	0
 1125 0060 08       		.uleb128 0x8
 1126 0061 34       		.uleb128 0x34
 1127 0062 00       		.byte	0
 1128 0063 03       		.uleb128 0x3
 1129 0064 08       		.uleb128 0x8
 1130 0065 3A       		.uleb128 0x3a
 1131 0066 0B       		.uleb128 0xb
 1132 0067 3B       		.uleb128 0x3b
 1133 0068 0B       		.uleb128 0xb
 1134 0069 49       		.uleb128 0x49
 1135 006a 13       		.uleb128 0x13
 1136 006b 00       		.byte	0
 1137 006c 00       		.byte	0
 1138 006d 09       		.uleb128 0x9
 1139 006e 34       		.uleb128 0x34
 1140 006f 00       		.byte	0
 1141 0070 03       		.uleb128 0x3
 1142 0071 08       		.uleb128 0x8
 1143 0072 3A       		.uleb128 0x3a
 1144 0073 0B       		.uleb128 0xb
 1145 0074 3B       		.uleb128 0x3b
ARM GAS  C:\Users\Tri94\AppData\Local\Temp\cc6g7jfe.s 			page 25


 1146 0075 0B       		.uleb128 0xb
 1147 0076 49       		.uleb128 0x49
 1148 0077 13       		.uleb128 0x13
 1149 0078 1C       		.uleb128 0x1c
 1150 0079 0B       		.uleb128 0xb
 1151 007a 00       		.byte	0
 1152 007b 00       		.byte	0
 1153 007c 0A       		.uleb128 0xa
 1154 007d 34       		.uleb128 0x34
 1155 007e 00       		.byte	0
 1156 007f 03       		.uleb128 0x3
 1157 0080 08       		.uleb128 0x8
 1158 0081 3A       		.uleb128 0x3a
 1159 0082 0B       		.uleb128 0xb
 1160 0083 3B       		.uleb128 0x3b
 1161 0084 0B       		.uleb128 0xb
 1162 0085 49       		.uleb128 0x49
 1163 0086 13       		.uleb128 0x13
 1164 0087 02       		.uleb128 0x2
 1165 0088 17       		.uleb128 0x17
 1166 0089 00       		.byte	0
 1167 008a 00       		.byte	0
 1168 008b 0B       		.uleb128 0xb
 1169 008c 34       		.uleb128 0x34
 1170 008d 00       		.byte	0
 1171 008e 03       		.uleb128 0x3
 1172 008f 0E       		.uleb128 0xe
 1173 0090 3A       		.uleb128 0x3a
 1174 0091 0B       		.uleb128 0xb
 1175 0092 3B       		.uleb128 0x3b
 1176 0093 0B       		.uleb128 0xb
 1177 0094 49       		.uleb128 0x49
 1178 0095 13       		.uleb128 0x13
 1179 0096 1C       		.uleb128 0x1c
 1180 0097 0B       		.uleb128 0xb
 1181 0098 00       		.byte	0
 1182 0099 00       		.byte	0
 1183 009a 0C       		.uleb128 0xc
 1184 009b 898201   		.uleb128 0x4109
 1185 009e 00       		.byte	0
 1186 009f 11       		.uleb128 0x11
 1187 00a0 01       		.uleb128 0x1
 1188 00a1 31       		.uleb128 0x31
 1189 00a2 13       		.uleb128 0x13
 1190 00a3 00       		.byte	0
 1191 00a4 00       		.byte	0
 1192 00a5 0D       		.uleb128 0xd
 1193 00a6 898201   		.uleb128 0x4109
 1194 00a9 01       		.byte	0x1
 1195 00aa 11       		.uleb128 0x11
 1196 00ab 01       		.uleb128 0x1
 1197 00ac 31       		.uleb128 0x31
 1198 00ad 13       		.uleb128 0x13
 1199 00ae 01       		.uleb128 0x1
 1200 00af 13       		.uleb128 0x13
 1201 00b0 00       		.byte	0
 1202 00b1 00       		.byte	0
ARM GAS  C:\Users\Tri94\AppData\Local\Temp\cc6g7jfe.s 			page 26


 1203 00b2 0E       		.uleb128 0xe
 1204 00b3 8A8201   		.uleb128 0x410a
 1205 00b6 00       		.byte	0
 1206 00b7 02       		.uleb128 0x2
 1207 00b8 18       		.uleb128 0x18
 1208 00b9 9142     		.uleb128 0x2111
 1209 00bb 18       		.uleb128 0x18
 1210 00bc 00       		.byte	0
 1211 00bd 00       		.byte	0
 1212 00be 0F       		.uleb128 0xf
 1213 00bf 898201   		.uleb128 0x4109
 1214 00c2 01       		.byte	0x1
 1215 00c3 11       		.uleb128 0x11
 1216 00c4 01       		.uleb128 0x1
 1217 00c5 31       		.uleb128 0x31
 1218 00c6 13       		.uleb128 0x13
 1219 00c7 00       		.byte	0
 1220 00c8 00       		.byte	0
 1221 00c9 10       		.uleb128 0x10
 1222 00ca 01       		.uleb128 0x1
 1223 00cb 01       		.byte	0x1
 1224 00cc 49       		.uleb128 0x49
 1225 00cd 13       		.uleb128 0x13
 1226 00ce 01       		.uleb128 0x1
 1227 00cf 13       		.uleb128 0x13
 1228 00d0 00       		.byte	0
 1229 00d1 00       		.byte	0
 1230 00d2 11       		.uleb128 0x11
 1231 00d3 21       		.uleb128 0x21
 1232 00d4 00       		.byte	0
 1233 00d5 49       		.uleb128 0x49
 1234 00d6 13       		.uleb128 0x13
 1235 00d7 2F       		.uleb128 0x2f
 1236 00d8 0B       		.uleb128 0xb
 1237 00d9 00       		.byte	0
 1238 00da 00       		.byte	0
 1239 00db 12       		.uleb128 0x12
 1240 00dc 2E       		.uleb128 0x2e
 1241 00dd 01       		.byte	0x1
 1242 00de 3F       		.uleb128 0x3f
 1243 00df 19       		.uleb128 0x19
 1244 00e0 03       		.uleb128 0x3
 1245 00e1 0E       		.uleb128 0xe
 1246 00e2 3A       		.uleb128 0x3a
 1247 00e3 0B       		.uleb128 0xb
 1248 00e4 3B       		.uleb128 0x3b
 1249 00e5 0B       		.uleb128 0xb
 1250 00e6 27       		.uleb128 0x27
 1251 00e7 19       		.uleb128 0x19
 1252 00e8 8701     		.uleb128 0x87
 1253 00ea 19       		.uleb128 0x19
 1254 00eb 11       		.uleb128 0x11
 1255 00ec 01       		.uleb128 0x1
 1256 00ed 12       		.uleb128 0x12
 1257 00ee 06       		.uleb128 0x6
 1258 00ef 40       		.uleb128 0x40
 1259 00f0 18       		.uleb128 0x18
ARM GAS  C:\Users\Tri94\AppData\Local\Temp\cc6g7jfe.s 			page 27


 1260 00f1 9742     		.uleb128 0x2117
 1261 00f3 19       		.uleb128 0x19
 1262 00f4 01       		.uleb128 0x1
 1263 00f5 13       		.uleb128 0x13
 1264 00f6 00       		.byte	0
 1265 00f7 00       		.byte	0
 1266 00f8 13       		.uleb128 0x13
 1267 00f9 05       		.uleb128 0x5
 1268 00fa 00       		.byte	0
 1269 00fb 03       		.uleb128 0x3
 1270 00fc 0E       		.uleb128 0xe
 1271 00fd 3A       		.uleb128 0x3a
 1272 00fe 0B       		.uleb128 0xb
 1273 00ff 3B       		.uleb128 0x3b
 1274 0100 0B       		.uleb128 0xb
 1275 0101 49       		.uleb128 0x49
 1276 0102 13       		.uleb128 0x13
 1277 0103 02       		.uleb128 0x2
 1278 0104 17       		.uleb128 0x17
 1279 0105 00       		.byte	0
 1280 0106 00       		.byte	0
 1281 0107 14       		.uleb128 0x14
 1282 0108 34       		.uleb128 0x34
 1283 0109 00       		.byte	0
 1284 010a 03       		.uleb128 0x3
 1285 010b 0E       		.uleb128 0xe
 1286 010c 3A       		.uleb128 0x3a
 1287 010d 0B       		.uleb128 0xb
 1288 010e 3B       		.uleb128 0x3b
 1289 010f 0B       		.uleb128 0xb
 1290 0110 49       		.uleb128 0x49
 1291 0111 13       		.uleb128 0x13
 1292 0112 00       		.byte	0
 1293 0113 00       		.byte	0
 1294 0114 15       		.uleb128 0x15
 1295 0115 34       		.uleb128 0x34
 1296 0116 00       		.byte	0
 1297 0117 03       		.uleb128 0x3
 1298 0118 08       		.uleb128 0x8
 1299 0119 3A       		.uleb128 0x3a
 1300 011a 0B       		.uleb128 0xb
 1301 011b 3B       		.uleb128 0x3b
 1302 011c 0B       		.uleb128 0xb
 1303 011d 49       		.uleb128 0x49
 1304 011e 13       		.uleb128 0x13
 1305 011f 02       		.uleb128 0x2
 1306 0120 18       		.uleb128 0x18
 1307 0121 00       		.byte	0
 1308 0122 00       		.byte	0
 1309 0123 16       		.uleb128 0x16
 1310 0124 34       		.uleb128 0x34
 1311 0125 00       		.byte	0
 1312 0126 03       		.uleb128 0x3
 1313 0127 0E       		.uleb128 0xe
 1314 0128 3A       		.uleb128 0x3a
 1315 0129 0B       		.uleb128 0xb
 1316 012a 3B       		.uleb128 0x3b
ARM GAS  C:\Users\Tri94\AppData\Local\Temp\cc6g7jfe.s 			page 28


 1317 012b 0B       		.uleb128 0xb
 1318 012c 49       		.uleb128 0x49
 1319 012d 13       		.uleb128 0x13
 1320 012e 02       		.uleb128 0x2
 1321 012f 18       		.uleb128 0x18
 1322 0130 00       		.byte	0
 1323 0131 00       		.byte	0
 1324 0132 17       		.uleb128 0x17
 1325 0133 2E       		.uleb128 0x2e
 1326 0134 01       		.byte	0x1
 1327 0135 3F       		.uleb128 0x3f
 1328 0136 19       		.uleb128 0x19
 1329 0137 03       		.uleb128 0x3
 1330 0138 0E       		.uleb128 0xe
 1331 0139 3A       		.uleb128 0x3a
 1332 013a 0B       		.uleb128 0xb
 1333 013b 3B       		.uleb128 0x3b
 1334 013c 0B       		.uleb128 0xb
 1335 013d 11       		.uleb128 0x11
 1336 013e 01       		.uleb128 0x1
 1337 013f 12       		.uleb128 0x12
 1338 0140 06       		.uleb128 0x6
 1339 0141 40       		.uleb128 0x40
 1340 0142 18       		.uleb128 0x18
 1341 0143 9742     		.uleb128 0x2117
 1342 0145 19       		.uleb128 0x19
 1343 0146 01       		.uleb128 0x1
 1344 0147 13       		.uleb128 0x13
 1345 0148 00       		.byte	0
 1346 0149 00       		.byte	0
 1347 014a 18       		.uleb128 0x18
 1348 014b 2E       		.uleb128 0x2e
 1349 014c 01       		.byte	0x1
 1350 014d 3F       		.uleb128 0x3f
 1351 014e 19       		.uleb128 0x19
 1352 014f 03       		.uleb128 0x3
 1353 0150 0E       		.uleb128 0xe
 1354 0151 3A       		.uleb128 0x3a
 1355 0152 0B       		.uleb128 0xb
 1356 0153 3B       		.uleb128 0x3b
 1357 0154 0B       		.uleb128 0xb
 1358 0155 27       		.uleb128 0x27
 1359 0156 19       		.uleb128 0x19
 1360 0157 49       		.uleb128 0x49
 1361 0158 13       		.uleb128 0x13
 1362 0159 8701     		.uleb128 0x87
 1363 015b 19       		.uleb128 0x19
 1364 015c 11       		.uleb128 0x11
 1365 015d 01       		.uleb128 0x1
 1366 015e 12       		.uleb128 0x12
 1367 015f 06       		.uleb128 0x6
 1368 0160 40       		.uleb128 0x40
 1369 0161 18       		.uleb128 0x18
 1370 0162 9742     		.uleb128 0x2117
 1371 0164 19       		.uleb128 0x19
 1372 0165 01       		.uleb128 0x1
 1373 0166 13       		.uleb128 0x13
ARM GAS  C:\Users\Tri94\AppData\Local\Temp\cc6g7jfe.s 			page 29


 1374 0167 00       		.byte	0
 1375 0168 00       		.byte	0
 1376 0169 19       		.uleb128 0x19
 1377 016a 34       		.uleb128 0x34
 1378 016b 00       		.byte	0
 1379 016c 03       		.uleb128 0x3
 1380 016d 0E       		.uleb128 0xe
 1381 016e 3A       		.uleb128 0x3a
 1382 016f 0B       		.uleb128 0xb
 1383 0170 3B       		.uleb128 0x3b
 1384 0171 05       		.uleb128 0x5
 1385 0172 49       		.uleb128 0x49
 1386 0173 13       		.uleb128 0x13
 1387 0174 3F       		.uleb128 0x3f
 1388 0175 19       		.uleb128 0x19
 1389 0176 3C       		.uleb128 0x3c
 1390 0177 19       		.uleb128 0x19
 1391 0178 00       		.byte	0
 1392 0179 00       		.byte	0
 1393 017a 1A       		.uleb128 0x1a
 1394 017b 35       		.uleb128 0x35
 1395 017c 00       		.byte	0
 1396 017d 49       		.uleb128 0x49
 1397 017e 13       		.uleb128 0x13
 1398 017f 00       		.byte	0
 1399 0180 00       		.byte	0
 1400 0181 1B       		.uleb128 0x1b
 1401 0182 34       		.uleb128 0x34
 1402 0183 00       		.byte	0
 1403 0184 03       		.uleb128 0x3
 1404 0185 0E       		.uleb128 0xe
 1405 0186 3A       		.uleb128 0x3a
 1406 0187 0B       		.uleb128 0xb
 1407 0188 3B       		.uleb128 0x3b
 1408 0189 0B       		.uleb128 0xb
 1409 018a 49       		.uleb128 0x49
 1410 018b 13       		.uleb128 0x13
 1411 018c 3F       		.uleb128 0x3f
 1412 018d 19       		.uleb128 0x19
 1413 018e 02       		.uleb128 0x2
 1414 018f 18       		.uleb128 0x18
 1415 0190 00       		.byte	0
 1416 0191 00       		.byte	0
 1417 0192 1C       		.uleb128 0x1c
 1418 0193 34       		.uleb128 0x34
 1419 0194 00       		.byte	0
 1420 0195 03       		.uleb128 0x3
 1421 0196 08       		.uleb128 0x8
 1422 0197 3A       		.uleb128 0x3a
 1423 0198 0B       		.uleb128 0xb
 1424 0199 3B       		.uleb128 0x3b
 1425 019a 0B       		.uleb128 0xb
 1426 019b 49       		.uleb128 0x49
 1427 019c 13       		.uleb128 0x13
 1428 019d 3F       		.uleb128 0x3f
 1429 019e 19       		.uleb128 0x19
 1430 019f 02       		.uleb128 0x2
ARM GAS  C:\Users\Tri94\AppData\Local\Temp\cc6g7jfe.s 			page 30


 1431 01a0 18       		.uleb128 0x18
 1432 01a1 00       		.byte	0
 1433 01a2 00       		.byte	0
 1434 01a3 1D       		.uleb128 0x1d
 1435 01a4 2E       		.uleb128 0x2e
 1436 01a5 00       		.byte	0
 1437 01a6 3F       		.uleb128 0x3f
 1438 01a7 19       		.uleb128 0x19
 1439 01a8 3C       		.uleb128 0x3c
 1440 01a9 19       		.uleb128 0x19
 1441 01aa 6E       		.uleb128 0x6e
 1442 01ab 0E       		.uleb128 0xe
 1443 01ac 03       		.uleb128 0x3
 1444 01ad 0E       		.uleb128 0xe
 1445 01ae 3A       		.uleb128 0x3a
 1446 01af 0B       		.uleb128 0xb
 1447 01b0 3B       		.uleb128 0x3b
 1448 01b1 0B       		.uleb128 0xb
 1449 01b2 00       		.byte	0
 1450 01b3 00       		.byte	0
 1451 01b4 1E       		.uleb128 0x1e
 1452 01b5 2E       		.uleb128 0x2e
 1453 01b6 00       		.byte	0
 1454 01b7 3F       		.uleb128 0x3f
 1455 01b8 19       		.uleb128 0x19
 1456 01b9 3C       		.uleb128 0x3c
 1457 01ba 19       		.uleb128 0x19
 1458 01bb 6E       		.uleb128 0x6e
 1459 01bc 0E       		.uleb128 0xe
 1460 01bd 03       		.uleb128 0x3
 1461 01be 0E       		.uleb128 0xe
 1462 01bf 3A       		.uleb128 0x3a
 1463 01c0 0B       		.uleb128 0xb
 1464 01c1 3B       		.uleb128 0x3b
 1465 01c2 05       		.uleb128 0x5
 1466 01c3 00       		.byte	0
 1467 01c4 00       		.byte	0
 1468 01c5 00       		.byte	0
 1469              		.section	.debug_loc,"",%progbits
 1470              	.Ldebug_loc0:
 1471              	.LLST0:
 1472 0000 08000000 		.4byte	.LVL2
 1473 0004 1E000000 		.4byte	.LVL5
 1474 0008 0100     		.2byte	0x1
 1475 000a 54       		.byte	0x54
 1476 000b 00000000 		.4byte	0
 1477 000f 00000000 		.4byte	0
 1478              	.LLST1:
 1479 0013 00000000 		.4byte	.LVL6
 1480 0017 04000000 		.4byte	.LVL7
 1481 001b 0100     		.2byte	0x1
 1482 001d 50       		.byte	0x50
 1483 001e 04000000 		.4byte	.LVL7
 1484 0022 4C000000 		.4byte	.LFE72
 1485 0026 0400     		.2byte	0x4
 1486 0028 F3       		.byte	0xf3
 1487 0029 01       		.uleb128 0x1
ARM GAS  C:\Users\Tri94\AppData\Local\Temp\cc6g7jfe.s 			page 31


 1488 002a 50       		.byte	0x50
 1489 002b 9F       		.byte	0x9f
 1490 002c 00000000 		.4byte	0
 1491 0030 00000000 		.4byte	0
 1492              	.LLST2:
 1493 0034 38000000 		.4byte	.LVL29
 1494 0038 41000000 		.4byte	.LVL30-1
 1495 003c 0100     		.2byte	0x1
 1496 003e 50       		.byte	0x50
 1497 003f 00000000 		.4byte	0
 1498 0043 00000000 		.4byte	0
 1499              		.section	.debug_aranges,"",%progbits
 1500 0000 34000000 		.4byte	0x34
 1501 0004 0200     		.2byte	0x2
 1502 0006 00000000 		.4byte	.Ldebug_info0
 1503 000a 04       		.byte	0x4
 1504 000b 00       		.byte	0
 1505 000c 0000     		.2byte	0
 1506 000e 0000     		.2byte	0
 1507 0010 00000000 		.4byte	.LFB71
 1508 0014 24000000 		.4byte	.LFE71-.LFB71
 1509 0018 00000000 		.4byte	.LFB72
 1510 001c 4C000000 		.4byte	.LFE72-.LFB72
 1511 0020 00000000 		.4byte	.LFB70
 1512 0024 40000000 		.4byte	.LFE70-.LFB70
 1513 0028 00000000 		.4byte	.LFB69
 1514 002c 54000000 		.4byte	.LFE69-.LFB69
 1515 0030 00000000 		.4byte	0
 1516 0034 00000000 		.4byte	0
 1517              		.section	.debug_ranges,"",%progbits
 1518              	.Ldebug_ranges0:
 1519 0000 00000000 		.4byte	.LFB71
 1520 0004 24000000 		.4byte	.LFE71
 1521 0008 00000000 		.4byte	.LFB72
 1522 000c 4C000000 		.4byte	.LFE72
 1523 0010 00000000 		.4byte	.LFB70
 1524 0014 40000000 		.4byte	.LFE70
 1525 0018 00000000 		.4byte	.LFB69
 1526 001c 54000000 		.4byte	.LFE69
 1527 0020 00000000 		.4byte	0
 1528 0024 00000000 		.4byte	0
 1529              		.section	.debug_line,"",%progbits
 1530              	.Ldebug_line0:
 1531 0000 6B030000 		.section	.debug_str,"MS",%progbits,1
 1531      02000003 
 1531      00000201 
 1531      FB0E0D00 
 1531      01010101 
 1532              	.LASF38:
 1533 0000 55415254 		.ascii	"UART_GetByte\000"
 1533      5F476574 
 1533      42797465 
 1533      00
 1534              	.LASF58:
 1535 000d 78537472 		.ascii	"xStreamBufferGenericCreate\000"
 1535      65616D42 
 1535      75666665 
ARM GAS  C:\Users\Tri94\AppData\Local\Temp\cc6g7jfe.s 			page 32


 1535      7247656E 
 1535      65726963 
 1536              	.LASF31:
 1537 0028 6D757369 		.ascii	"music_off\000"
 1537      635F6F66 
 1537      6600
 1538              	.LASF46:
 1539 0032 4C45445F 		.ascii	"LED_Write\000"
 1539      57726974 
 1539      6500
 1540              	.LASF42:
 1541 003c 78537472 		.ascii	"xStreamBufferReceive\000"
 1541      65616D42 
 1541      75666665 
 1541      72526563 
 1541      65697665 
 1542              	.LASF55:
 1543 0051 4C43445F 		.ascii	"LCD_WriteControl\000"
 1543      57726974 
 1543      65436F6E 
 1543      74726F6C 
 1543      00
 1544              	.LASF2:
 1545 0062 73686F72 		.ascii	"short int\000"
 1545      7420696E 
 1545      7400
 1546              	.LASF18:
 1547 006c 73697A65 		.ascii	"size_t\000"
 1547      5F7400
 1548              	.LASF20:
 1549 0073 73697A65 		.ascii	"sizetype\000"
 1549      74797065 
 1549      00
 1550              	.LASF47:
 1551 007c 76546173 		.ascii	"vTaskDelay\000"
 1551      6B44656C 
 1551      617900
 1552              	.LASF57:
 1553 0087 46726565 		.ascii	"FreeRTOS_Init\000"
 1553      52544F53 
 1553      5F496E69 
 1553      7400
 1554              	.LASF68:
 1555 0095 6D61696E 		.ascii	"main\000"
 1555      00
 1556              	.LASF7:
 1557 009a 5F5F7569 		.ascii	"__uint32_t\000"
 1557      6E743332 
 1557      5F7400
 1558              	.LASF39:
 1559 00a5 55415254 		.ascii	"UART_USB_PutChar\000"
 1559      5F555342 
 1559      5F507574 
 1559      43686172 
 1559      00
 1560              	.LASF33:
 1561 00b6 64656C69 		.ascii	"delim1\000"
ARM GAS  C:\Users\Tri94\AppData\Local\Temp\cc6g7jfe.s 			page 33


 1561      6D3100
 1562              	.LASF34:
 1563 00bd 64656C69 		.ascii	"delim2\000"
 1563      6D3200
 1564              	.LASF12:
 1565 00c4 75696E74 		.ascii	"uint8_t\000"
 1565      385F7400 
 1566              	.LASF54:
 1567 00cc 4C43445F 		.ascii	"LCD_Start\000"
 1567      53746172 
 1567      7400
 1568              	.LASF56:
 1569 00d6 55415254 		.ascii	"UART_USB_PutString\000"
 1569      5F555342 
 1569      5F507574 
 1569      53747269 
 1569      6E6700
 1570              	.LASF15:
 1571 00e9 666C6F61 		.ascii	"float\000"
 1571      7400
 1572              	.LASF9:
 1573 00ef 6C6F6E67 		.ascii	"long long int\000"
 1573      206C6F6E 
 1573      6720696E 
 1573      7400
 1574              	.LASF49:
 1575 00fd 55415254 		.ascii	"UART_ClearTxBuffer\000"
 1575      5F436C65 
 1575      61725478 
 1575      42756666 
 1575      657200
 1576              	.LASF60:
 1577 0110 76546173 		.ascii	"vTaskStartScheduler\000"
 1577      6B537461 
 1577      72745363 
 1577      68656475 
 1577      6C657200 
 1578              	.LASF6:
 1579 0124 6C6F6E67 		.ascii	"long int\000"
 1579      20696E74 
 1579      00
 1580              	.LASF41:
 1581 012d 78537472 		.ascii	"xStreamBufferIsEmpty\000"
 1581      65616D42 
 1581      75666665 
 1581      72497345 
 1581      6D707479 
 1582              	.LASF4:
 1583 0142 5F5F7569 		.ascii	"__uint8_t\000"
 1583      6E74385F 
 1583      7400
 1584              	.LASF64:
 1585 014c 6D794953 		.ascii	"myISR_UART\000"
 1585      525F5541 
 1585      525400
 1586              	.LASF32:
 1587 0157 72785369 		.ascii	"rxSize\000"
ARM GAS  C:\Users\Tri94\AppData\Local\Temp\cc6g7jfe.s 			page 34


 1587      7A6500
 1588              	.LASF22:
 1589 015e 5469636B 		.ascii	"TickType_t\000"
 1589      54797065 
 1589      5F7400
 1590              	.LASF19:
 1591 0169 6C6F6E67 		.ascii	"long double\000"
 1591      20646F75 
 1591      626C6500 
 1592              	.LASF1:
 1593 0175 756E7369 		.ascii	"unsigned char\000"
 1593      676E6564 
 1593      20636861 
 1593      7200
 1594              	.LASF26:
 1595 0183 6C65645F 		.ascii	"led_on\000"
 1595      6F6E00
 1596              	.LASF43:
 1597 018a 73707269 		.ascii	"sprintf\000"
 1597      6E746600 
 1598              	.LASF37:
 1599 0192 784D6573 		.ascii	"xMessageBuffer\000"
 1599      73616765 
 1599      42756666 
 1599      657200
 1600              	.LASF0:
 1601 01a1 7369676E 		.ascii	"signed char\000"
 1601      65642063 
 1601      68617200 
 1602              	.LASF10:
 1603 01ad 6C6F6E67 		.ascii	"long long unsigned int\000"
 1603      206C6F6E 
 1603      6720756E 
 1603      7369676E 
 1603      65642069 
 1604              	.LASF25:
 1605 01c4 78486967 		.ascii	"xHigherPriorityTaskWoken\000"
 1605      68657250 
 1605      72696F72 
 1605      69747954 
 1605      61736B57 
 1606              	.LASF14:
 1607 01dd 75696E74 		.ascii	"uint32_t\000"
 1607      33325F74 
 1607      00
 1608              	.LASF40:
 1609 01e6 78537472 		.ascii	"xStreamBufferSendFromISR\000"
 1609      65616D42 
 1609      75666665 
 1609      7253656E 
 1609      6446726F 
 1610              	.LASF11:
 1611 01ff 756E7369 		.ascii	"unsigned int\000"
 1611      676E6564 
 1611      20696E74 
 1611      00
 1612              	.LASF45:
ARM GAS  C:\Users\Tri94\AppData\Local\Temp\cc6g7jfe.s 			page 35


 1613 020c 4C43445F 		.ascii	"LCD_PrintString\000"
 1613      5072696E 
 1613      74537472 
 1613      696E6700 
 1614              	.LASF21:
 1615 021c 42617365 		.ascii	"BaseType_t\000"
 1615      54797065 
 1615      5F7400
 1616              	.LASF28:
 1617 0227 73657276 		.ascii	"servo_on\000"
 1617      6F5F6F6E 
 1617      00
 1618              	.LASF3:
 1619 0230 73686F72 		.ascii	"short unsigned int\000"
 1619      7420756E 
 1619      7369676E 
 1619      65642069 
 1619      6E7400
 1620              	.LASF17:
 1621 0243 63686172 		.ascii	"char\000"
 1621      00
 1622              	.LASF35:
 1623 0248 64697374 		.ascii	"distance\000"
 1623      616E6365 
 1623      00
 1624              	.LASF67:
 1625 0251 6D795053 		.ascii	"myPSoC2Setup\000"
 1625      6F433253 
 1625      65747570 
 1625      00
 1626              	.LASF48:
 1627 025e 55415254 		.ascii	"UART_ClearRxBuffer\000"
 1627      5F436C65 
 1627      61725278 
 1627      42756666 
 1627      657200
 1628              	.LASF51:
 1629 0271 55415254 		.ascii	"UART_Start\000"
 1629      5F537461 
 1629      727400
 1630              	.LASF13:
 1631 027c 696E7433 		.ascii	"int32_t\000"
 1631      325F7400 
 1632              	.LASF53:
 1633 0284 4C43445F 		.ascii	"LCD_Init\000"
 1633      496E6974 
 1633      00
 1634              	.LASF24:
 1635 028d 4D657373 		.ascii	"MessageBufferHandle_t\000"
 1635      61676542 
 1635      75666665 
 1635      7248616E 
 1635      646C655F 
 1636              	.LASF66:
 1637 02a3 70765061 		.ascii	"pvParaments\000"
 1637      72616D65 
 1637      6E747300 
ARM GAS  C:\Users\Tri94\AppData\Local\Temp\cc6g7jfe.s 			page 36


 1638              	.LASF62:
 1639 02af 6D61696E 		.ascii	"main.c\000"
 1639      2E6300
 1640              	.LASF8:
 1641 02b6 6C6F6E67 		.ascii	"long unsigned int\000"
 1641      20756E73 
 1641      69676E65 
 1641      6420696E 
 1641      7400
 1642              	.LASF16:
 1643 02c8 646F7562 		.ascii	"double\000"
 1643      6C6500
 1644              	.LASF50:
 1645 02cf 4953525F 		.ascii	"ISR_UART_StartEx\000"
 1645      55415254 
 1645      5F537461 
 1645      72744578 
 1645      00
 1646              	.LASF5:
 1647 02e0 5F5F696E 		.ascii	"__int32_t\000"
 1647      7433325F 
 1647      7400
 1648              	.LASF23:
 1649 02ea 53747265 		.ascii	"StreamBufferHandle_t\000"
 1649      616D4275 
 1649      66666572 
 1649      48616E64 
 1649      6C655F74 
 1650              	.LASF29:
 1651 02ff 73657276 		.ascii	"servo_off\000"
 1651      6F5F6F66 
 1651      6600
 1652              	.LASF63:
 1653 0309 433A5C55 		.ascii	"C:\\Users\\Tri94\\Documents\\PSoC Creator\\EE4450\\"
 1653      73657273 
 1653      5C547269 
 1653      39345C44 
 1653      6F63756D 
 1654 0336 45453434 		.ascii	"EE4450-Projects\\RTOS_UART_Project_Psoc2.cydsn\000"
 1654      35302D50 
 1654      726F6A65 
 1654      6374735C 
 1654      52544F53 
 1655              	.LASF44:
 1656 0364 4C43445F 		.ascii	"LCD_Position\000"
 1656      506F7369 
 1656      74696F6E 
 1656      00
 1657              	.LASF30:
 1658 0371 6D757369 		.ascii	"music_on\000"
 1658      635F6F6E 
 1658      00
 1659              	.LASF27:
 1660 037a 6C65645F 		.ascii	"led_off\000"
 1660      6F666600 
 1661              	.LASF36:
 1662 0382 49544D5F 		.ascii	"ITM_RxBuffer\000"
ARM GAS  C:\Users\Tri94\AppData\Local\Temp\cc6g7jfe.s 			page 37


 1662      52784275 
 1662      66666572 
 1662      00
 1663              	.LASF61:
 1664 038f 474E5520 		.ascii	"GNU C11 5.4.1 20160609 (release) [ARM/embedded-5-br"
 1664      43313120 
 1664      352E342E 
 1664      31203230 
 1664      31363036 
 1665 03c2 616E6368 		.ascii	"anch revision 237715] -mcpu=cortex-m3 -mthumb -g -O"
 1665      20726576 
 1665      6973696F 
 1665      6E203233 
 1665      37373135 
 1666 03f5 67202D66 		.ascii	"g -ffunction-sections -ffat-lto-objects\000"
 1666      66756E63 
 1666      74696F6E 
 1666      2D736563 
 1666      74696F6E 
 1667              	.LASF59:
 1668 041d 78546173 		.ascii	"xTaskCreate\000"
 1668      6B437265 
 1668      61746500 
 1669              	.LASF65:
 1670 0429 76554152 		.ascii	"vUARTTask1\000"
 1670      54546173 
 1670      6B3100
 1671              	.LASF52:
 1672 0434 55415254 		.ascii	"UART_USB_Start\000"
 1672      5F555342 
 1672      5F537461 
 1672      727400
 1673              		.ident	"GCC: (GNU Tools for ARM Embedded Processors) 5.4.1 20160609 (release) [ARM/embedded-5-bran
