ARM GAS  C:\Users\Tri94\AppData\Local\Temp\ccxeZzUP.s 			page 1


   1              		.syntax unified
   2              		.cpu cortex-m3
   3              		.fpu softvfp
   4              		.eabi_attribute 20, 1
   5              		.eabi_attribute 21, 1
   6              		.eabi_attribute 23, 3
   7              		.eabi_attribute 24, 1
   8              		.eabi_attribute 25, 1
   9              		.eabi_attribute 26, 1
  10              		.eabi_attribute 30, 1
  11              		.eabi_attribute 34, 1
  12              		.eabi_attribute 18, 4
  13              		.thumb
  14              		.syntax unified
  15              		.file	"cymetadata.c"
  16              		.text
  17              	.Ltext0:
  18              		.cfi_sections	.debug_frame
  19              		.global	cy_metadata
  20              		.global	cy_meta_flashprotect
  21              		.global	cy_meta_wonvl
  22              		.global	cy_meta_custnvl
  23              		.global	cy_meta_configecc
  24              		.section	.cyconfigecc,"a",%progbits
  25              		.align	2
  26              		.type	cy_meta_configecc, %object
  27              		.size	cy_meta_configecc, 1340
  28              	cy_meta_configecc:
  29 0000 01       		.byte	1
  30 0001 64       		.byte	100
  31 0002 00       		.byte	0
  32 0003 40       		.byte	64
  33 0004 02       		.byte	2
  34 0005 65       		.byte	101
  35 0006 00       		.byte	0
  36 0007 40       		.byte	64
  37 0008 48       		.byte	72
  38 0009 04       		.byte	4
  39 000a 01       		.byte	1
  40 000b 40       		.byte	64
  41 000c 3A       		.byte	58
  42 000d 05       		.byte	5
  43 000e 01       		.byte	1
  44 000f 40       		.byte	64
  45 0010 53       		.byte	83
  46 0011 06       		.byte	6
  47 0012 01       		.byte	1
  48 0013 40       		.byte	64
  49 0014 47       		.byte	71
  50 0015 07       		.byte	7
  51 0016 01       		.byte	1
  52 0017 40       		.byte	64
  53 0018 4C       		.byte	76
  54 0019 14       		.byte	20
  55 001a 01       		.byte	1
  56 001b 40       		.byte	64
  57 001c 47       		.byte	71
ARM GAS  C:\Users\Tri94\AppData\Local\Temp\ccxeZzUP.s 			page 2


  58 001d 15       		.byte	21
  59 001e 01       		.byte	1
  60 001f 40       		.byte	64
  61 0020 5F       		.byte	95
  62 0021 16       		.byte	22
  63 0022 01       		.byte	1
  64 0023 40       		.byte	64
  65 0024 3F       		.byte	63
  66 0025 17       		.byte	23
  67 0026 01       		.byte	1
  68 0027 40       		.byte	64
  69 0028 02       		.byte	2
  70 0029 40       		.byte	64
  71 002a 01       		.byte	1
  72 002b 40       		.byte	64
  73 002c 01       		.byte	1
  74 002d 41       		.byte	65
  75 002e 01       		.byte	1
  76 002f 40       		.byte	64
  77 0030 04       		.byte	4
  78 0031 42       		.byte	66
  79 0032 01       		.byte	1
  80 0033 40       		.byte	64
  81 0034 03       		.byte	3
  82 0035 43       		.byte	67
  83 0036 01       		.byte	1
  84 0037 40       		.byte	64
  85 0038 09       		.byte	9
  86 0039 49       		.byte	73
  87 003a 01       		.byte	1
  88 003b 40       		.byte	64
  89 003c 04       		.byte	4
  90 003d 50       		.byte	80
  91 003e 01       		.byte	1
  92 003f 40       		.byte	64
  93 0040 01       		.byte	1
  94 0041 51       		.byte	81
  95 0042 01       		.byte	1
  96 0043 40       		.byte	64
  97 0044 24       		.byte	36
  98 0045 04       		.byte	4
  99 0046 27       		.byte	39
 100 0047 0F       		.byte	15
 101 0048 37       		.byte	55
 102 0049 08       		.byte	8
 103 004a 04       		.byte	4
 104 004b 01       		.byte	1
 105 004c 08       		.byte	8
 106 004d 01       		.byte	1
 107 004e 1C       		.byte	28
 108 004f 01       		.byte	1
 109 0050 30       		.byte	48
 110 0051 01       		.byte	1
 111 0052 34       		.byte	52
 112 0053 01       		.byte	1
 113 0054 38       		.byte	56
 114 0055 22       		.byte	34
ARM GAS  C:\Users\Tri94\AppData\Local\Temp\ccxeZzUP.s 			page 3


 115 0056 40       		.byte	64
 116 0057 42       		.byte	66
 117 0058 44       		.byte	68
 118 0059 05       		.byte	5
 119 005a 45       		.byte	69
 120 005b D0       		.byte	-48
 121 005c 47       		.byte	71
 122 005d 0B       		.byte	11
 123 005e 48       		.byte	72
 124 005f 12       		.byte	18
 125 0060 49       		.byte	73
 126 0061 FF       		.byte	-1
 127 0062 4A       		.byte	74
 128 0063 7F       		.byte	127
 129 0064 4B       		.byte	75
 130 0065 FF       		.byte	-1
 131 0066 4C       		.byte	76
 132 0067 42       		.byte	66
 133 0068 4D       		.byte	77
 134 0069 A0       		.byte	-96
 135 006a 4E       		.byte	78
 136 006b 70       		.byte	112
 137 006c 50       		.byte	80
 138 006d 0C       		.byte	12
 139 006e 58       		.byte	88
 140 006f 04       		.byte	4
 141 0070 5A       		.byte	90
 142 0071 04       		.byte	4
 143 0072 5F       		.byte	95
 144 0073 01       		.byte	1
 145 0074 61       		.byte	97
 146 0075 09       		.byte	9
 147 0076 62       		.byte	98
 148 0077 40       		.byte	64
 149 0078 63       		.byte	99
 150 0079 09       		.byte	9
 151 007a 64       		.byte	100
 152 007b 30       		.byte	48
 153 007c 65       		.byte	101
 154 007d 09       		.byte	9
 155 007e 80       		.byte	-128
 156 007f 1F       		.byte	31
 157 0080 83       		.byte	-125
 158 0081 10       		.byte	16
 159 0082 84       		.byte	-124
 160 0083 01       		.byte	1
 161 0084 85       		.byte	-123
 162 0085 02       		.byte	2
 163 0086 87       		.byte	-121
 164 0087 04       		.byte	4
 165 0088 88       		.byte	-120
 166 0089 48       		.byte	72
 167 008a 89       		.byte	-119
 168 008b 20       		.byte	32
 169 008c 8A       		.byte	-118
 170 008d 02       		.byte	2
 171 008e 8C       		.byte	-116
ARM GAS  C:\Users\Tri94\AppData\Local\Temp\ccxeZzUP.s 			page 4


 172 008f 90       		.byte	-112
 173 0090 8E       		.byte	-114
 174 0091 0B       		.byte	11
 175 0092 8F       		.byte	-113
 176 0093 02       		.byte	2
 177 0094 90       		.byte	-112
 178 0095 03       		.byte	3
 179 0096 91       		.byte	-111
 180 0097 03       		.byte	3
 181 0098 92       		.byte	-110
 182 0099 20       		.byte	32
 183 009a 94       		.byte	-108
 184 009b 01       		.byte	1
 185 009c 97       		.byte	-105
 186 009d 0E       		.byte	14
 187 009e 98       		.byte	-104
 188 009f 40       		.byte	64
 189 00a0 9A       		.byte	-102
 190 00a1 14       		.byte	20
 191 00a2 9B       		.byte	-101
 192 00a3 01       		.byte	1
 193 00a4 9C       		.byte	-100
 194 00a5 03       		.byte	3
 195 00a6 A0       		.byte	-96
 196 00a7 40       		.byte	64
 197 00a8 A1       		.byte	-95
 198 00a9 03       		.byte	3
 199 00aa A2       		.byte	-94
 200 00ab 0B       		.byte	11
 201 00ac A3       		.byte	-93
 202 00ad 08       		.byte	8
 203 00ae A4       		.byte	-92
 204 00af 4F       		.byte	79
 205 00b0 A7       		.byte	-89
 206 00b1 04       		.byte	4
 207 00b2 A9       		.byte	-87
 208 00b3 02       		.byte	2
 209 00b4 AA       		.byte	-86
 210 00b5 01       		.byte	1
 211 00b6 AB       		.byte	-85
 212 00b7 04       		.byte	4
 213 00b8 AC       		.byte	-84
 214 00b9 42       		.byte	66
 215 00ba AE       		.byte	-82
 216 00bb 09       		.byte	9
 217 00bc B0       		.byte	-80
 218 00bd E0       		.byte	-32
 219 00be B3       		.byte	-77
 220 00bf 1C       		.byte	28
 221 00c0 B4       		.byte	-76
 222 00c1 1F       		.byte	31
 223 00c2 B5       		.byte	-75
 224 00c3 03       		.byte	3
 225 00c4 B7       		.byte	-73
 226 00c5 20       		.byte	32
 227 00c6 B8       		.byte	-72
 228 00c7 02       		.byte	2
ARM GAS  C:\Users\Tri94\AppData\Local\Temp\ccxeZzUP.s 			page 5


 229 00c8 BB       		.byte	-69
 230 00c9 08       		.byte	8
 231 00ca BE       		.byte	-66
 232 00cb 01       		.byte	1
 233 00cc D2       		.byte	-46
 234 00cd F6       		.byte	-10
 235 00ce D4       		.byte	-44
 236 00cf 20       		.byte	32
 237 00d0 D6       		.byte	-42
 238 00d1 04       		.byte	4
 239 00d2 D8       		.byte	-40
 240 00d3 04       		.byte	4
 241 00d4 D9       		.byte	-39
 242 00d5 04       		.byte	4
 243 00d6 DB       		.byte	-37
 244 00d7 04       		.byte	4
 245 00d8 DF       		.byte	-33
 246 00d9 01       		.byte	1
 247 00da 00       		.byte	0
 248 00db 28       		.byte	40
 249 00dc 04       		.byte	4
 250 00dd A2       		.byte	-94
 251 00de 06       		.byte	6
 252 00df 20       		.byte	32
 253 00e0 09       		.byte	9
 254 00e1 80       		.byte	-128
 255 00e2 0A       		.byte	10
 256 00e3 01       		.byte	1
 257 00e4 0D       		.byte	13
 258 00e5 28       		.byte	40
 259 00e6 0E       		.byte	14
 260 00e7 80       		.byte	-128
 261 00e8 0F       		.byte	15
 262 00e9 02       		.byte	2
 263 00ea 15       		.byte	21
 264 00eb 02       		.byte	2
 265 00ec 16       		.byte	22
 266 00ed 10       		.byte	16
 267 00ee 17       		.byte	23
 268 00ef 50       		.byte	80
 269 00f0 18       		.byte	24
 270 00f1 88       		.byte	-120
 271 00f2 1B       		.byte	27
 272 00f3 20       		.byte	32
 273 00f4 1C       		.byte	28
 274 00f5 04       		.byte	4
 275 00f6 1D       		.byte	29
 276 00f7 21       		.byte	33
 277 00f8 1E       		.byte	30
 278 00f9 40       		.byte	64
 279 00fa 24       		.byte	36
 280 00fb 22       		.byte	34
 281 00fc 25       		.byte	37
 282 00fd 80       		.byte	-128
 283 00fe 26       		.byte	38
 284 00ff 18       		.byte	24
 285 0100 27       		.byte	39
ARM GAS  C:\Users\Tri94\AppData\Local\Temp\ccxeZzUP.s 			page 6


 286 0101 20       		.byte	32
 287 0102 2E       		.byte	46
 288 0103 01       		.byte	1
 289 0104 2F       		.byte	47
 290 0105 28       		.byte	40
 291 0106 31       		.byte	49
 292 0107 08       		.byte	8
 293 0108 33       		.byte	51
 294 0109 04       		.byte	4
 295 010a 34       		.byte	52
 296 010b 20       		.byte	32
 297 010c 35       		.byte	53
 298 010d 01       		.byte	1
 299 010e 36       		.byte	54
 300 010f 18       		.byte	24
 301 0110 3C       		.byte	60
 302 0111 04       		.byte	4
 303 0112 3D       		.byte	61
 304 0113 02       		.byte	2
 305 0114 3E       		.byte	62
 306 0115 10       		.byte	16
 307 0116 3F       		.byte	63
 308 0117 40       		.byte	64
 309 0118 42       		.byte	66
 310 0119 44       		.byte	68
 311 011a 48       		.byte	72
 312 011b 40       		.byte	64
 313 011c 4A       		.byte	74
 314 011d 41       		.byte	65
 315 011e 52       		.byte	82
 316 011f 04       		.byte	4
 317 0120 5D       		.byte	93
 318 0121 64       		.byte	100
 319 0122 5F       		.byte	95
 320 0123 01       		.byte	1
 321 0124 64       		.byte	100
 322 0125 80       		.byte	-128
 323 0126 67       		.byte	103
 324 0127 06       		.byte	6
 325 0128 6E       		.byte	110
 326 0129 18       		.byte	24
 327 012a 6F       		.byte	111
 328 012b 10       		.byte	16
 329 012c 74       		.byte	116
 330 012d 08       		.byte	8
 331 012e 76       		.byte	118
 332 012f A2       		.byte	-94
 333 0130 77       		.byte	119
 334 0131 04       		.byte	4
 335 0132 81       		.byte	-127
 336 0133 20       		.byte	32
 337 0134 83       		.byte	-125
 338 0135 02       		.byte	2
 339 0136 8C       		.byte	-116
 340 0137 80       		.byte	-128
 341 0138 C0       		.byte	-64
 342 0139 F6       		.byte	-10
ARM GAS  C:\Users\Tri94\AppData\Local\Temp\ccxeZzUP.s 			page 7


 343 013a C2       		.byte	-62
 344 013b F1       		.byte	-15
 345 013c C4       		.byte	-60
 346 013d F0       		.byte	-16
 347 013e CA       		.byte	-54
 348 013f E0       		.byte	-32
 349 0140 CC       		.byte	-52
 350 0141 E0       		.byte	-32
 351 0142 CE       		.byte	-50
 352 0143 F0       		.byte	-16
 353 0144 D0       		.byte	-48
 354 0145 05       		.byte	5
 355 0146 D2       		.byte	-46
 356 0147 08       		.byte	8
 357 0148 D6       		.byte	-42
 358 0149 F0       		.byte	-16
 359 014a D8       		.byte	-40
 360 014b B0       		.byte	-80
 361 014c E2       		.byte	-30
 362 014d 10       		.byte	16
 363 014e 00       		.byte	0
 364 014f 7F       		.byte	127
 365 0150 03       		.byte	3
 366 0151 08       		.byte	8
 367 0152 04       		.byte	4
 368 0153 40       		.byte	64
 369 0154 05       		.byte	5
 370 0155 E2       		.byte	-30
 371 0156 06       		.byte	6
 372 0157 07       		.byte	7
 373 0158 08       		.byte	8
 374 0159 85       		.byte	-123
 375 015a 09       		.byte	9
 376 015b 3D       		.byte	61
 377 015c 0A       		.byte	10
 378 015d 78       		.byte	120
 379 015e 0B       		.byte	11
 380 015f C2       		.byte	-62
 381 0160 0C       		.byte	12
 382 0161 BA       		.byte	-70
 383 0162 0D       		.byte	13
 384 0163 0D       		.byte	13
 385 0164 0E       		.byte	14
 386 0165 04       		.byte	4
 387 0166 10       		.byte	16
 388 0167 03       		.byte	3
 389 0168 11       		.byte	17
 390 0169 92       		.byte	-110
 391 016a 13       		.byte	19
 392 016b 60       		.byte	96
 393 016c 14       		.byte	20
 394 016d 01       		.byte	1
 395 016e 15       		.byte	21
 396 016f 01       		.byte	1
 397 0170 18       		.byte	24
 398 0171 01       		.byte	1
 399 0172 19       		.byte	25
ARM GAS  C:\Users\Tri94\AppData\Local\Temp\ccxeZzUP.s 			page 8


 400 0173 40       		.byte	64
 401 0174 1B       		.byte	27
 402 0175 1D       		.byte	29
 403 0176 1C       		.byte	28
 404 0177 03       		.byte	3
 405 0178 1D       		.byte	29
 406 0179 04       		.byte	4
 407 017a 1F       		.byte	31
 408 017b E0       		.byte	-32
 409 017c 20       		.byte	32
 410 017d 90       		.byte	-112
 411 017e 22       		.byte	34
 412 017f 07       		.byte	7
 413 0180 23       		.byte	35
 414 0181 02       		.byte	2
 415 0182 24       		.byte	36
 416 0183 01       		.byte	1
 417 0184 27       		.byte	39
 418 0185 FF       		.byte	-1
 419 0186 28       		.byte	40
 420 0187 88       		.byte	-120
 421 0188 29       		.byte	41
 422 0189 01       		.byte	1
 423 018a 2A       		.byte	42
 424 018b 07       		.byte	7
 425 018c 2C       		.byte	44
 426 018d A2       		.byte	-94
 427 018e 2D       		.byte	45
 428 018f 5D       		.byte	93
 429 0190 2E       		.byte	46
 430 0191 05       		.byte	5
 431 0192 2F       		.byte	47
 432 0193 A2       		.byte	-94
 433 0194 30       		.byte	48
 434 0195 80       		.byte	-128
 435 0196 31       		.byte	49
 436 0197 FF       		.byte	-1
 437 0198 36       		.byte	54
 438 0199 7F       		.byte	127
 439 019a 38       		.byte	56
 440 019b 02       		.byte	2
 441 019c 3E       		.byte	62
 442 019d 41       		.byte	65
 443 019e 3F       		.byte	63
 444 019f 01       		.byte	1
 445 01a0 58       		.byte	88
 446 01a1 04       		.byte	4
 447 01a2 59       		.byte	89
 448 01a3 04       		.byte	4
 449 01a4 5F       		.byte	95
 450 01a5 01       		.byte	1
 451 01a6 80       		.byte	-128
 452 01a7 01       		.byte	1
 453 01a8 81       		.byte	-127
 454 01a9 FF       		.byte	-1
 455 01aa 84       		.byte	-124
 456 01ab 01       		.byte	1
ARM GAS  C:\Users\Tri94\AppData\Local\Temp\ccxeZzUP.s 			page 9


 457 01ac 85       		.byte	-123
 458 01ad 80       		.byte	-128
 459 01ae 86       		.byte	-122
 460 01af 1E       		.byte	30
 461 01b0 87       		.byte	-121
 462 01b1 56       		.byte	86
 463 01b2 88       		.byte	-120
 464 01b3 04       		.byte	4
 465 01b4 89       		.byte	-119
 466 01b5 40       		.byte	64
 467 01b6 8B       		.byte	-117
 468 01b7 13       		.byte	19
 469 01b8 8C       		.byte	-116
 470 01b9 22       		.byte	34
 471 01ba 8E       		.byte	-114
 472 01bb 18       		.byte	24
 473 01bc 91       		.byte	-111
 474 01bd 46       		.byte	70
 475 01be 92       		.byte	-110
 476 01bf 40       		.byte	64
 477 01c0 93       		.byte	-109
 478 01c1 A9       		.byte	-87
 479 01c2 94       		.byte	-108
 480 01c3 3F       		.byte	63
 481 01c4 98       		.byte	-104
 482 01c5 18       		.byte	24
 483 01c6 99       		.byte	-103
 484 01c7 33       		.byte	51
 485 01c8 9A       		.byte	-102
 486 01c9 06       		.byte	6
 487 01ca 9B       		.byte	-101
 488 01cb 0C       		.byte	12
 489 01cc 9C       		.byte	-100
 490 01cd 06       		.byte	6
 491 01ce 9D       		.byte	-99
 492 01cf 2A       		.byte	42
 493 01d0 9F       		.byte	-97
 494 01d1 54       		.byte	84
 495 01d2 A0       		.byte	-96
 496 01d3 22       		.byte	34
 497 01d4 A3       		.byte	-93
 498 01d5 01       		.byte	1
 499 01d6 A4       		.byte	-92
 500 01d7 1C       		.byte	28
 501 01d8 A6       		.byte	-90
 502 01d9 22       		.byte	34
 503 01da A8       		.byte	-88
 504 01db 2A       		.byte	42
 505 01dc A9       		.byte	-87
 506 01dd 0E       		.byte	14
 507 01de AA       		.byte	-86
 508 01df 10       		.byte	16
 509 01e0 AB       		.byte	-85
 510 01e1 30       		.byte	48
 511 01e2 AC       		.byte	-84
 512 01e3 32       		.byte	50
 513 01e4 AE       		.byte	-82
ARM GAS  C:\Users\Tri94\AppData\Local\Temp\ccxeZzUP.s 			page 10


 514 01e5 08       		.byte	8
 515 01e6 B1       		.byte	-79
 516 01e7 FF       		.byte	-1
 517 01e8 B2       		.byte	-78
 518 01e9 60       		.byte	96
 519 01ea B6       		.byte	-74
 520 01eb 1F       		.byte	31
 521 01ec B8       		.byte	-72
 522 01ed 80       		.byte	-128
 523 01ee D8       		.byte	-40
 524 01ef 04       		.byte	4
 525 01f0 D9       		.byte	-39
 526 01f1 04       		.byte	4
 527 01f2 DF       		.byte	-33
 528 01f3 01       		.byte	1
 529 01f4 00       		.byte	0
 530 01f5 04       		.byte	4
 531 01f6 01       		.byte	1
 532 01f7 40       		.byte	64
 533 01f8 02       		.byte	2
 534 01f9 04       		.byte	4
 535 01fa 03       		.byte	3
 536 01fb 80       		.byte	-128
 537 01fc 04       		.byte	4
 538 01fd 1A       		.byte	26
 539 01fe 05       		.byte	5
 540 01ff 80       		.byte	-128
 541 0200 09       		.byte	9
 542 0201 20       		.byte	32
 543 0202 0A       		.byte	10
 544 0203 20       		.byte	32
 545 0204 0B       		.byte	11
 546 0205 81       		.byte	-127
 547 0206 0C       		.byte	12
 548 0207 08       		.byte	8
 549 0208 0E       		.byte	14
 550 0209 88       		.byte	-120
 551 020a 0F       		.byte	15
 552 020b 02       		.byte	2
 553 020c 10       		.byte	16
 554 020d 40       		.byte	64
 555 020e 12       		.byte	18
 556 020f 10       		.byte	16
 557 0210 13       		.byte	19
 558 0211 60       		.byte	96
 559 0212 15       		.byte	21
 560 0213 42       		.byte	66
 561 0214 17       		.byte	23
 562 0215 64       		.byte	100
 563 0216 18       		.byte	24
 564 0217 10       		.byte	16
 565 0218 19       		.byte	25
 566 0219 04       		.byte	4
 567 021a 1B       		.byte	27
 568 021b 88       		.byte	-120
 569 021c 1F       		.byte	31
 570 021d 41       		.byte	65
ARM GAS  C:\Users\Tri94\AppData\Local\Temp\ccxeZzUP.s 			page 11


 571 021e 21       		.byte	33
 572 021f 01       		.byte	1
 573 0220 22       		.byte	34
 574 0221 03       		.byte	3
 575 0222 23       		.byte	35
 576 0223 40       		.byte	64
 577 0224 25       		.byte	37
 578 0225 01       		.byte	1
 579 0226 2A       		.byte	42
 580 0227 10       		.byte	16
 581 0228 2B       		.byte	43
 582 0229 48       		.byte	72
 583 022a 2C       		.byte	44
 584 022b 48       		.byte	72
 585 022c 2D       		.byte	45
 586 022d 80       		.byte	-128
 587 022e 2E       		.byte	46
 588 022f 02       		.byte	2
 589 0230 2F       		.byte	47
 590 0231 22       		.byte	34
 591 0232 31       		.byte	49
 592 0233 20       		.byte	32
 593 0234 32       		.byte	50
 594 0235 01       		.byte	1
 595 0236 33       		.byte	51
 596 0237 40       		.byte	64
 597 0238 36       		.byte	54
 598 0239 02       		.byte	2
 599 023a 37       		.byte	55
 600 023b 64       		.byte	100
 601 023c 38       		.byte	56
 602 023d 2A       		.byte	42
 603 023e 3C       		.byte	60
 604 023f 92       		.byte	-110
 605 0240 3F       		.byte	63
 606 0241 8A       		.byte	-118
 607 0242 80       		.byte	-128
 608 0243 01       		.byte	1
 609 0244 82       		.byte	-126
 610 0245 10       		.byte	16
 611 0246 83       		.byte	-125
 612 0247 04       		.byte	4
 613 0248 87       		.byte	-121
 614 0249 80       		.byte	-128
 615 024a 90       		.byte	-112
 616 024b 2A       		.byte	42
 617 024c 92       		.byte	-110
 618 024d 40       		.byte	64
 619 024e 95       		.byte	-107
 620 024f 06       		.byte	6
 621 0250 96       		.byte	-106
 622 0251 04       		.byte	4
 623 0252 97       		.byte	-105
 624 0253 46       		.byte	70
 625 0254 99       		.byte	-103
 626 0255 01       		.byte	1
 627 0256 9A       		.byte	-102
ARM GAS  C:\Users\Tri94\AppData\Local\Temp\ccxeZzUP.s 			page 12


 628 0257 86       		.byte	-122
 629 0258 9B       		.byte	-101
 630 0259 24       		.byte	36
 631 025a 9D       		.byte	-99
 632 025b 20       		.byte	32
 633 025c 9E       		.byte	-98
 634 025d 10       		.byte	16
 635 025e 9F       		.byte	-97
 636 025f 40       		.byte	64
 637 0260 A0       		.byte	-96
 638 0261 48       		.byte	72
 639 0262 A1       		.byte	-95
 640 0263 20       		.byte	32
 641 0264 A2       		.byte	-94
 642 0265 44       		.byte	68
 643 0266 A3       		.byte	-93
 644 0267 22       		.byte	34
 645 0268 A4       		.byte	-92
 646 0269 14       		.byte	20
 647 026a A5       		.byte	-91
 648 026b 11       		.byte	17
 649 026c A6       		.byte	-90
 650 026d 01       		.byte	1
 651 026e A7       		.byte	-89
 652 026f 09       		.byte	9
 653 0270 A8       		.byte	-88
 654 0271 20       		.byte	32
 655 0272 A9       		.byte	-87
 656 0273 50       		.byte	80
 657 0274 AB       		.byte	-85
 658 0275 01       		.byte	1
 659 0276 C0       		.byte	-64
 660 0277 FF       		.byte	-1
 661 0278 C2       		.byte	-62
 662 0279 FF       		.byte	-1
 663 027a C4       		.byte	-60
 664 027b FF       		.byte	-1
 665 027c CA       		.byte	-54
 666 027d F5       		.byte	-11
 667 027e CC       		.byte	-52
 668 027f FD       		.byte	-3
 669 0280 CE       		.byte	-50
 670 0281 F7       		.byte	-9
 671 0282 00       		.byte	0
 672 0283 7F       		.byte	127
 673 0284 05       		.byte	5
 674 0285 1E       		.byte	30
 675 0286 06       		.byte	6
 676 0287 20       		.byte	32
 677 0288 0B       		.byte	11
 678 0289 08       		.byte	8
 679 028a 0E       		.byte	14
 680 028b 08       		.byte	8
 681 028c 13       		.byte	19
 682 028d 10       		.byte	16
 683 028e 16       		.byte	22
 684 028f 14       		.byte	20
ARM GAS  C:\Users\Tri94\AppData\Local\Temp\ccxeZzUP.s 			page 13


 685 0290 17       		.byte	23
 686 0291 3E       		.byte	62
 687 0292 18       		.byte	24
 688 0293 10       		.byte	16
 689 0294 1A       		.byte	26
 690 0295 02       		.byte	2
 691 0296 1B       		.byte	27
 692 0297 04       		.byte	4
 693 0298 1F       		.byte	31
 694 0299 10       		.byte	16
 695 029a 20       		.byte	32
 696 029b 0F       		.byte	15
 697 029c 23       		.byte	35
 698 029d 1E       		.byte	30
 699 029e 24       		.byte	36
 700 029f 44       		.byte	68
 701 02a0 26       		.byte	38
 702 02a1 08       		.byte	8
 703 02a2 27       		.byte	39
 704 02a3 02       		.byte	2
 705 02a4 28       		.byte	40
 706 02a5 10       		.byte	16
 707 02a6 29       		.byte	41
 708 02a7 1E       		.byte	30
 709 02a8 2A       		.byte	42
 710 02a9 01       		.byte	1
 711 02aa 2B       		.byte	43
 712 02ab 01       		.byte	1
 713 02ac 2E       		.byte	46
 714 02ad 18       		.byte	24
 715 02ae 30       		.byte	48
 716 02af 3F       		.byte	63
 717 02b0 33       		.byte	51
 718 02b1 01       		.byte	1
 719 02b2 34       		.byte	52
 720 02b3 40       		.byte	64
 721 02b4 35       		.byte	53
 722 02b5 1E       		.byte	30
 723 02b6 37       		.byte	55
 724 02b7 20       		.byte	32
 725 02b8 38       		.byte	56
 726 02b9 22       		.byte	34
 727 02ba 3F       		.byte	63
 728 02bb 10       		.byte	16
 729 02bc 58       		.byte	88
 730 02bd 04       		.byte	4
 731 02be 59       		.byte	89
 732 02bf 04       		.byte	4
 733 02c0 5F       		.byte	95
 734 02c1 01       		.byte	1
 735 02c2 80       		.byte	-128
 736 02c3 10       		.byte	16
 737 02c4 82       		.byte	-126
 738 02c5 40       		.byte	64
 739 02c6 85       		.byte	-123
 740 02c7 08       		.byte	8
 741 02c8 86       		.byte	-122
ARM GAS  C:\Users\Tri94\AppData\Local\Temp\ccxeZzUP.s 			page 14


 742 02c9 30       		.byte	48
 743 02ca 87       		.byte	-121
 744 02cb 05       		.byte	5
 745 02cc 88       		.byte	-120
 746 02cd 20       		.byte	32
 747 02ce 89       		.byte	-119
 748 02cf 40       		.byte	64
 749 02d0 8A       		.byte	-118
 750 02d1 14       		.byte	20
 751 02d2 8D       		.byte	-115
 752 02d3 01       		.byte	1
 753 02d4 8E       		.byte	-114
 754 02d5 30       		.byte	48
 755 02d6 8F       		.byte	-113
 756 02d7 22       		.byte	34
 757 02d8 90       		.byte	-112
 758 02d9 10       		.byte	16
 759 02da 91       		.byte	-111
 760 02db 21       		.byte	33
 761 02dc 92       		.byte	-110
 762 02dd 60       		.byte	96
 763 02de 93       		.byte	-109
 764 02df 02       		.byte	2
 765 02e0 95       		.byte	-107
 766 02e1 26       		.byte	38
 767 02e2 96       		.byte	-106
 768 02e3 30       		.byte	48
 769 02e4 99       		.byte	-103
 770 02e5 21       		.byte	33
 771 02e6 9A       		.byte	-102
 772 02e7 30       		.byte	48
 773 02e8 9B       		.byte	-101
 774 02e9 04       		.byte	4
 775 02ea 9D       		.byte	-99
 776 02eb 25       		.byte	37
 777 02ec 9F       		.byte	-97
 778 02ed 0A       		.byte	10
 779 02ee A0       		.byte	-96
 780 02ef 01       		.byte	1
 781 02f0 A1       		.byte	-95
 782 02f1 0F       		.byte	15
 783 02f2 A2       		.byte	-94
 784 02f3 02       		.byte	2
 785 02f4 A4       		.byte	-92
 786 02f5 01       		.byte	1
 787 02f6 A5       		.byte	-91
 788 02f7 20       		.byte	32
 789 02f8 A6       		.byte	-90
 790 02f9 0A       		.byte	10
 791 02fa A7       		.byte	-89
 792 02fb 02       		.byte	2
 793 02fc A8       		.byte	-88
 794 02fd 30       		.byte	48
 795 02fe AC       		.byte	-84
 796 02ff 30       		.byte	48
 797 0300 AF       		.byte	-81
 798 0301 10       		.byte	16
ARM GAS  C:\Users\Tri94\AppData\Local\Temp\ccxeZzUP.s 			page 15


 799 0302 B0       		.byte	-80
 800 0303 70       		.byte	112
 801 0304 B2       		.byte	-78
 802 0305 03       		.byte	3
 803 0306 B3       		.byte	-77
 804 0307 60       		.byte	96
 805 0308 B4       		.byte	-76
 806 0309 08       		.byte	8
 807 030a B6       		.byte	-74
 808 030b 04       		.byte	4
 809 030c B7       		.byte	-73
 810 030d 1F       		.byte	31
 811 030e B9       		.byte	-71
 812 030f 08       		.byte	8
 813 0310 BA       		.byte	-70
 814 0311 02       		.byte	2
 815 0312 BF       		.byte	-65
 816 0313 04       		.byte	4
 817 0314 D8       		.byte	-40
 818 0315 04       		.byte	4
 819 0316 D9       		.byte	-39
 820 0317 04       		.byte	4
 821 0318 DF       		.byte	-33
 822 0319 01       		.byte	1
 823 031a 00       		.byte	0
 824 031b 08       		.byte	8
 825 031c 01       		.byte	1
 826 031d 02       		.byte	2
 827 031e 03       		.byte	3
 828 031f 01       		.byte	1
 829 0320 04       		.byte	4
 830 0321 0A       		.byte	10
 831 0322 05       		.byte	5
 832 0323 02       		.byte	2
 833 0324 06       		.byte	6
 834 0325 04       		.byte	4
 835 0326 07       		.byte	7
 836 0327 01       		.byte	1
 837 0328 09       		.byte	9
 838 0329 20       		.byte	32
 839 032a 0B       		.byte	11
 840 032b 20       		.byte	32
 841 032c 0C       		.byte	12
 842 032d 04       		.byte	4
 843 032e 0D       		.byte	13
 844 032f 21       		.byte	33
 845 0330 0E       		.byte	14
 846 0331 40       		.byte	64
 847 0332 10       		.byte	16
 848 0333 04       		.byte	4
 849 0334 11       		.byte	17
 850 0335 04       		.byte	4
 851 0336 12       		.byte	18
 852 0337 42       		.byte	66
 853 0338 14       		.byte	20
 854 0339 81       		.byte	-127
 855 033a 15       		.byte	21
ARM GAS  C:\Users\Tri94\AppData\Local\Temp\ccxeZzUP.s 			page 16


 856 033b 20       		.byte	32
 857 033c 17       		.byte	23
 858 033d 08       		.byte	8
 859 033e 18       		.byte	24
 860 033f 04       		.byte	4
 861 0340 19       		.byte	25
 862 0341 01       		.byte	1
 863 0342 1C       		.byte	28
 864 0343 20       		.byte	32
 865 0344 1D       		.byte	29
 866 0345 10       		.byte	16
 867 0346 1E       		.byte	30
 868 0347 42       		.byte	66
 869 0348 1F       		.byte	31
 870 0349 40       		.byte	64
 871 034a 20       		.byte	32
 872 034b 08       		.byte	8
 873 034c 21       		.byte	33
 874 034d 08       		.byte	8
 875 034e 22       		.byte	34
 876 034f 40       		.byte	64
 877 0350 26       		.byte	38
 878 0351 80       		.byte	-128
 879 0352 27       		.byte	39
 880 0353 11       		.byte	17
 881 0354 28       		.byte	40
 882 0355 80       		.byte	-128
 883 0356 29       		.byte	41
 884 0357 15       		.byte	21
 885 0358 2D       		.byte	45
 886 0359 02       		.byte	2
 887 035a 2F       		.byte	47
 888 035b 12       		.byte	18
 889 035c 30       		.byte	48
 890 035d 01       		.byte	1
 891 035e 31       		.byte	49
 892 035f 28       		.byte	40
 893 0360 32       		.byte	50
 894 0361 A3       		.byte	-93
 895 0362 33       		.byte	51
 896 0363 40       		.byte	64
 897 0364 34       		.byte	52
 898 0365 04       		.byte	4
 899 0366 35       		.byte	53
 900 0367 04       		.byte	4
 901 0368 36       		.byte	54
 902 0369 A2       		.byte	-94
 903 036a 38       		.byte	56
 904 036b 28       		.byte	40
 905 036c 39       		.byte	57
 906 036d 24       		.byte	36
 907 036e 3B       		.byte	59
 908 036f 20       		.byte	32
 909 0370 3C       		.byte	60
 910 0371 A0       		.byte	-96
 911 0372 3D       		.byte	61
 912 0373 04       		.byte	4
ARM GAS  C:\Users\Tri94\AppData\Local\Temp\ccxeZzUP.s 			page 17


 913 0374 82       		.byte	-126
 914 0375 04       		.byte	4
 915 0376 85       		.byte	-123
 916 0377 21       		.byte	33
 917 0378 87       		.byte	-121
 918 0379 08       		.byte	8
 919 037a 8D       		.byte	-115
 920 037b 01       		.byte	1
 921 037c 90       		.byte	-112
 922 037d 2A       		.byte	42
 923 037e 92       		.byte	-110
 924 037f 02       		.byte	2
 925 0380 94       		.byte	-108
 926 0381 04       		.byte	4
 927 0382 96       		.byte	-106
 928 0383 80       		.byte	-128
 929 0384 97       		.byte	-105
 930 0385 80       		.byte	-128
 931 0386 99       		.byte	-103
 932 0387 04       		.byte	4
 933 0388 9A       		.byte	-102
 934 0389 40       		.byte	64
 935 038a 9D       		.byte	-99
 936 038b 30       		.byte	48
 937 038c 9F       		.byte	-97
 938 038d 50       		.byte	80
 939 038e A0       		.byte	-96
 940 038f 40       		.byte	64
 941 0390 A1       		.byte	-95
 942 0391 20       		.byte	32
 943 0392 A3       		.byte	-93
 944 0393 02       		.byte	2
 945 0394 A4       		.byte	-92
 946 0395 04       		.byte	4
 947 0396 A5       		.byte	-91
 948 0397 08       		.byte	8
 949 0398 A6       		.byte	-90
 950 0399 01       		.byte	1
 951 039a C0       		.byte	-64
 952 039b FD       		.byte	-3
 953 039c C2       		.byte	-62
 954 039d 76       		.byte	118
 955 039e C4       		.byte	-60
 956 039f FF       		.byte	-1
 957 03a0 CA       		.byte	-54
 958 03a1 D7       		.byte	-41
 959 03a2 CC       		.byte	-52
 960 03a3 FF       		.byte	-1
 961 03a4 CE       		.byte	-50
 962 03a5 76       		.byte	118
 963 03a6 E6       		.byte	-26
 964 03a7 40       		.byte	64
 965 03a8 00       		.byte	0
 966 03a9 FF       		.byte	-1
 967 03aa 01       		.byte	1
 968 03ab 11       		.byte	17
 969 03ac 03       		.byte	3
ARM GAS  C:\Users\Tri94\AppData\Local\Temp\ccxeZzUP.s 			page 18


 970 03ad 88       		.byte	-120
 971 03ae 05       		.byte	5
 972 03af 01       		.byte	1
 973 03b0 06       		.byte	6
 974 03b1 B5       		.byte	-75
 975 03b2 07       		.byte	7
 976 03b3 0E       		.byte	14
 977 03b4 08       		.byte	8
 978 03b5 4D       		.byte	77
 979 03b6 09       		.byte	9
 980 03b7 10       		.byte	16
 981 03b8 0A       		.byte	10
 982 03b9 92       		.byte	-110
 983 03ba 0B       		.byte	11
 984 03bb E0       		.byte	-32
 985 03bc 0E       		.byte	14
 986 03bd 04       		.byte	4
 987 03be 10       		.byte	16
 988 03bf CC       		.byte	-52
 989 03c0 11       		.byte	17
 990 03c1 46       		.byte	70
 991 03c2 12       		.byte	18
 992 03c3 13       		.byte	19
 993 03c4 13       		.byte	19
 994 03c5 11       		.byte	17
 995 03c6 15       		.byte	21
 996 03c7 57       		.byte	87
 997 03c8 16       		.byte	22
 998 03c9 02       		.byte	2
 999 03ca 18       		.byte	24
 1000 03cb A9       		.byte	-87
 1001 03cc 19       		.byte	25
 1002 03cd 53       		.byte	83
 1003 03ce 1A       		.byte	26
 1004 03cf 54       		.byte	84
 1005 03d0 1B       		.byte	27
 1006 03d1 04       		.byte	4
 1007 03d2 1C       		.byte	28
 1008 03d3 02       		.byte	2
 1009 03d4 1D       		.byte	29
 1010 03d5 42       		.byte	66
 1011 03d6 1F       		.byte	31
 1012 03d7 15       		.byte	21
 1013 03d8 22       		.byte	34
 1014 03d9 01       		.byte	1
 1015 03da 24       		.byte	36
 1016 03db 04       		.byte	4
 1017 03dc 25       		.byte	37
 1018 03dd 57       		.byte	87
 1019 03de 28       		.byte	40
 1020 03df 1A       		.byte	26
 1021 03e0 2A       		.byte	42
 1022 03e1 60       		.byte	96
 1023 03e2 2C       		.byte	44
 1024 03e3 A5       		.byte	-91
 1025 03e4 2D       		.byte	45
 1026 03e5 10       		.byte	16
ARM GAS  C:\Users\Tri94\AppData\Local\Temp\ccxeZzUP.s 			page 19


 1027 03e6 2E       		.byte	46
 1028 03e7 4A       		.byte	74
 1029 03e8 2F       		.byte	47
 1030 03e9 20       		.byte	32
 1031 03ea 30       		.byte	48
 1032 03eb FF       		.byte	-1
 1033 03ec 33       		.byte	51
 1034 03ed 0F       		.byte	15
 1035 03ee 35       		.byte	53
 1036 03ef F0       		.byte	-16
 1037 03f0 3B       		.byte	59
 1038 03f1 28       		.byte	40
 1039 03f2 3E       		.byte	62
 1040 03f3 01       		.byte	1
 1041 03f4 58       		.byte	88
 1042 03f5 04       		.byte	4
 1043 03f6 59       		.byte	89
 1044 03f7 04       		.byte	4
 1045 03f8 5F       		.byte	95
 1046 03f9 01       		.byte	1
 1047 03fa 81       		.byte	-127
 1048 03fb 03       		.byte	3
 1049 03fc 83       		.byte	-125
 1050 03fd 08       		.byte	8
 1051 03fe 84       		.byte	-124
 1052 03ff 01       		.byte	1
 1053 0400 85       		.byte	-123
 1054 0401 02       		.byte	2
 1055 0402 87       		.byte	-121
 1056 0403 0C       		.byte	12
 1057 0404 88       		.byte	-120
 1058 0405 02       		.byte	2
 1059 0406 8A       		.byte	-118
 1060 0407 04       		.byte	4
 1061 0408 8D       		.byte	-115
 1062 0409 24       		.byte	36
 1063 040a 8F       		.byte	-113
 1064 040b 02       		.byte	2
 1065 040c 92       		.byte	-110
 1066 040d 08       		.byte	8
 1067 040e 97       		.byte	-105
 1068 040f 26       		.byte	38
 1069 0410 98       		.byte	-104
 1070 0411 02       		.byte	2
 1071 0412 9A       		.byte	-102
 1072 0413 04       		.byte	4
 1073 0414 9F       		.byte	-97
 1074 0415 26       		.byte	38
 1075 0416 A1       		.byte	-95
 1076 0417 01       		.byte	1
 1077 0418 A4       		.byte	-92
 1078 0419 01       		.byte	1
 1079 041a A5       		.byte	-91
 1080 041b 02       		.byte	2
 1081 041c A7       		.byte	-89
 1082 041d 34       		.byte	52
 1083 041e AB       		.byte	-85
ARM GAS  C:\Users\Tri94\AppData\Local\Temp\ccxeZzUP.s 			page 20


 1084 041f 26       		.byte	38
 1085 0420 AF       		.byte	-81
 1086 0421 01       		.byte	1
 1087 0422 B1       		.byte	-79
 1088 0423 10       		.byte	16
 1089 0424 B2       		.byte	-78
 1090 0425 08       		.byte	8
 1091 0426 B3       		.byte	-77
 1092 0427 0E       		.byte	14
 1093 0428 B4       		.byte	-76
 1094 0429 07       		.byte	7
 1095 042a B5       		.byte	-75
 1096 042b 20       		.byte	32
 1097 042c B6       		.byte	-74
 1098 042d 01       		.byte	1
 1099 042e B7       		.byte	-73
 1100 042f 01       		.byte	1
 1101 0430 B8       		.byte	-72
 1102 0431 A0       		.byte	-96
 1103 0432 BB       		.byte	-69
 1104 0433 08       		.byte	8
 1105 0434 BE       		.byte	-66
 1106 0435 50       		.byte	80
 1107 0436 BF       		.byte	-65
 1108 0437 10       		.byte	16
 1109 0438 C0       		.byte	-64
 1110 0439 52       		.byte	82
 1111 043a C5       		.byte	-59
 1112 043b 02       		.byte	2
 1113 043c C6       		.byte	-58
 1114 043d 05       		.byte	5
 1115 043e C8       		.byte	-56
 1116 043f 05       		.byte	5
 1117 0440 C9       		.byte	-55
 1118 0441 FF       		.byte	-1
 1119 0442 CA       		.byte	-54
 1120 0443 FF       		.byte	-1
 1121 0444 CB       		.byte	-53
 1122 0445 FF       		.byte	-1
 1123 0446 CC       		.byte	-52
 1124 0447 42       		.byte	66
 1125 0448 CD       		.byte	-51
 1126 0449 A0       		.byte	-96
 1127 044a CE       		.byte	-50
 1128 044b 70       		.byte	112
 1129 044c D0       		.byte	-48
 1130 044d 08       		.byte	8
 1131 044e D1       		.byte	-47
 1132 044f 10       		.byte	16
 1133 0450 D8       		.byte	-40
 1134 0451 04       		.byte	4
 1135 0452 D9       		.byte	-39
 1136 0453 04       		.byte	4
 1137 0454 DA       		.byte	-38
 1138 0455 04       		.byte	4
 1139 0456 DF       		.byte	-33
 1140 0457 01       		.byte	1
ARM GAS  C:\Users\Tri94\AppData\Local\Temp\ccxeZzUP.s 			page 21


 1141 0458 E1       		.byte	-31
 1142 0459 48       		.byte	72
 1143 045a E2       		.byte	-30
 1144 045b 40       		.byte	64
 1145 045c E3       		.byte	-29
 1146 045d 48       		.byte	72
 1147 045e E4       		.byte	-28
 1148 045f 80       		.byte	-128
 1149 0460 E5       		.byte	-27
 1150 0461 48       		.byte	72
 1151 0462 E6       		.byte	-26
 1152 0463 80       		.byte	-128
 1153 0464 E7       		.byte	-25
 1154 0465 48       		.byte	72
 1155 0466 00       		.byte	0
 1156 0467 08       		.byte	8
 1157 0468 02       		.byte	2
 1158 0469 04       		.byte	4
 1159 046a 03       		.byte	3
 1160 046b 08       		.byte	8
 1161 046c 04       		.byte	4
 1162 046d 2A       		.byte	42
 1163 046e 06       		.byte	6
 1164 046f 02       		.byte	2
 1165 0470 09       		.byte	9
 1166 0471 20       		.byte	32
 1167 0472 0B       		.byte	11
 1168 0473 80       		.byte	-128
 1169 0474 0C       		.byte	12
 1170 0475 18       		.byte	24
 1171 0476 0D       		.byte	13
 1172 0477 21       		.byte	33
 1173 0478 0F       		.byte	15
 1174 0479 03       		.byte	3
 1175 047a 10       		.byte	16
 1176 047b 20       		.byte	32
 1177 047c 16       		.byte	22
 1178 047d 84       		.byte	-124
 1179 047e 17       		.byte	23
 1180 047f 44       		.byte	68
 1181 0480 19       		.byte	25
 1182 0481 48       		.byte	72
 1183 0482 1A       		.byte	26
 1184 0483 04       		.byte	4
 1185 0484 1F       		.byte	31
 1186 0485 02       		.byte	2
 1187 0486 20       		.byte	32
 1188 0487 42       		.byte	66
 1189 0488 21       		.byte	33
 1190 0489 04       		.byte	4
 1191 048a 23       		.byte	35
 1192 048b 05       		.byte	5
 1193 048c 25       		.byte	37
 1194 048d 14       		.byte	20
 1195 048e 29       		.byte	41
 1196 048f 19       		.byte	25
 1197 0490 2B       		.byte	43
ARM GAS  C:\Users\Tri94\AppData\Local\Temp\ccxeZzUP.s 			page 22


 1198 0491 01       		.byte	1
 1199 0492 2C       		.byte	44
 1200 0493 10       		.byte	16
 1201 0494 2E       		.byte	46
 1202 0495 40       		.byte	64
 1203 0496 31       		.byte	49
 1204 0497 08       		.byte	8
 1205 0498 32       		.byte	50
 1206 0499 40       		.byte	64
 1207 049a 35       		.byte	53
 1208 049b 04       		.byte	4
 1209 049c 36       		.byte	54
 1210 049d 02       		.byte	2
 1211 049e 37       		.byte	55
 1212 049f 60       		.byte	96
 1213 04a0 38       		.byte	56
 1214 04a1 42       		.byte	66
 1215 04a2 39       		.byte	57
 1216 04a3 09       		.byte	9
 1217 04a4 3D       		.byte	61
 1218 04a5 2D       		.byte	45
 1219 04a6 43       		.byte	67
 1220 04a7 10       		.byte	16
 1221 04a8 48       		.byte	72
 1222 04a9 30       		.byte	48
 1223 04aa 49       		.byte	73
 1224 04ab 40       		.byte	64
 1225 04ac 52       		.byte	82
 1226 04ad 40       		.byte	64
 1227 04ae 90       		.byte	-112
 1228 04af 2A       		.byte	42
 1229 04b0 91       		.byte	-111
 1230 04b1 02       		.byte	2
 1231 04b2 92       		.byte	-110
 1232 04b3 42       		.byte	66
 1233 04b4 94       		.byte	-108
 1234 04b5 04       		.byte	4
 1235 04b6 95       		.byte	-107
 1236 04b7 04       		.byte	4
 1237 04b8 96       		.byte	-106
 1238 04b9 04       		.byte	4
 1239 04ba 97       		.byte	-105
 1240 04bb 05       		.byte	5
 1241 04bc 99       		.byte	-103
 1242 04bd 05       		.byte	5
 1243 04be 9A       		.byte	-102
 1244 04bf 82       		.byte	-126
 1245 04c0 9B       		.byte	-101
 1246 04c1 24       		.byte	36
 1247 04c2 9D       		.byte	-99
 1248 04c3 20       		.byte	32
 1249 04c4 9F       		.byte	-97
 1250 04c5 40       		.byte	64
 1251 04c6 A0       		.byte	-96
 1252 04c7 48       		.byte	72
 1253 04c8 A1       		.byte	-95
 1254 04c9 20       		.byte	32
ARM GAS  C:\Users\Tri94\AppData\Local\Temp\ccxeZzUP.s 			page 23


 1255 04ca A2       		.byte	-94
 1256 04cb 02       		.byte	2
 1257 04cc A3       		.byte	-93
 1258 04cd 08       		.byte	8
 1259 04ce A4       		.byte	-92
 1260 04cf 15       		.byte	21
 1261 04d0 A5       		.byte	-91
 1262 04d1 10       		.byte	16
 1263 04d2 A6       		.byte	-90
 1264 04d3 01       		.byte	1
 1265 04d4 C0       		.byte	-64
 1266 04d5 F6       		.byte	-10
 1267 04d6 C2       		.byte	-62
 1268 04d7 FA       		.byte	-6
 1269 04d8 C4       		.byte	-60
 1270 04d9 F4       		.byte	-12
 1271 04da CA       		.byte	-54
 1272 04db 5F       		.byte	95
 1273 04dc CC       		.byte	-52
 1274 04dd FA       		.byte	-6
 1275 04de CE       		.byte	-50
 1276 04df EB       		.byte	-21
 1277 04e0 D0       		.byte	-48
 1278 04e1 04       		.byte	4
 1279 04e2 D2       		.byte	-46
 1280 04e3 08       		.byte	8
 1281 04e4 33       		.byte	51
 1282 04e5 40       		.byte	64
 1283 04e6 CC       		.byte	-52
 1284 04e7 10       		.byte	16
 1285 04e8 9F       		.byte	-97
 1286 04e9 40       		.byte	64
 1287 04ea 52       		.byte	82
 1288 04eb 80       		.byte	-128
 1289 04ec 8F       		.byte	-113
 1290 04ed 40       		.byte	64
 1291 04ee 9F       		.byte	-97
 1292 04ef 40       		.byte	64
 1293 04f0 D4       		.byte	-44
 1294 04f1 20       		.byte	32
 1295 04f2 86       		.byte	-122
 1296 04f3 80       		.byte	-128
 1297 04f4 A6       		.byte	-90
 1298 04f5 80       		.byte	-128
 1299 04f6 E6       		.byte	-26
 1300 04f7 10       		.byte	16
 1301 04f8 12       		.byte	18
 1302 04f9 40       		.byte	64
 1303 04fa 17       		.byte	23
 1304 04fb 04       		.byte	4
 1305 04fc 74       		.byte	116
 1306 04fd 02       		.byte	2
 1307 04fe 83       		.byte	-125
 1308 04ff 04       		.byte	4
 1309 0500 86       		.byte	-122
 1310 0501 40       		.byte	64
 1311 0502 8C       		.byte	-116
ARM GAS  C:\Users\Tri94\AppData\Local\Temp\ccxeZzUP.s 			page 24


 1312 0503 02       		.byte	2
 1313 0504 C4       		.byte	-60
 1314 0505 30       		.byte	48
 1315 0506 DE       		.byte	-34
 1316 0507 20       		.byte	32
 1317 0508 E0       		.byte	-32
 1318 0509 90       		.byte	-112
 1319 050a 00       		.byte	0
 1320 050b 01       		.byte	1
 1321 050c 0A       		.byte	10
 1322 050d 01       		.byte	1
 1323 050e 10       		.byte	16
 1324 050f 01       		.byte	1
 1325 0510 1A       		.byte	26
 1326 0511 01       		.byte	1
 1327 0512 00       		.byte	0
 1328 0513 03       		.byte	3
 1329 0514 01       		.byte	1
 1330 0515 02       		.byte	2
 1331 0516 00       		.byte	0
 1332 0517 00       		.byte	0
 1333 0518 03       		.byte	3
 1334 0519 00       		.byte	0
 1335 051a 00       		.byte	0
 1336 051b 00       		.byte	0
 1337 051c 03       		.byte	3
 1338 051d 00       		.byte	0
 1339 051e 00       		.byte	0
 1340 051f 00       		.byte	0
 1341 0520 03       		.byte	3
 1342 0521 00       		.byte	0
 1343 0522 03       		.byte	3
 1344 0523 00       		.byte	0
 1345 0524 00       		.byte	0
 1346 0525 00       		.byte	0
 1347 0526 00       		.byte	0
 1348 0527 00       		.byte	0
 1349 0528 80       		.byte	-128
 1350 0529 00       		.byte	0
 1351 052a 00       		.byte	0
 1352 052b 8B       		.byte	-117
 1353 052c 0B       		.byte	11
 1354 052d 00       		.byte	0
 1355 052e 00       		.byte	0
 1356 052f 00       		.byte	0
 1357 0530 00       		.byte	0
 1358 0531 00       		.byte	0
 1359 0532 00       		.byte	0
 1360 0533 00       		.byte	0
 1361 0534 00       		.byte	0
 1362 0535 7F       		.byte	127
 1363 0536 7F       		.byte	127
 1364 0537 00       		.byte	0
 1365 0538 00       		.byte	0
 1366 0539 00       		.byte	0
 1367 053a 00       		.byte	0
 1368 053b 00       		.byte	0
ARM GAS  C:\Users\Tri94\AppData\Local\Temp\ccxeZzUP.s 			page 25


 1369              		.section	.cywolatch,"a",%progbits
 1370              		.align	2
 1371              		.type	cy_meta_wonvl, %object
 1372              		.size	cy_meta_wonvl, 4
 1373              	cy_meta_wonvl:
 1374 0000 BC       		.byte	-68
 1375 0001 90       		.byte	-112
 1376 0002 AC       		.byte	-84
 1377 0003 AF       		.byte	-81
 1378              		.section	.cycustnvl,"a",%progbits
 1379              		.align	2
 1380              		.type	cy_meta_custnvl, %object
 1381              		.size	cy_meta_custnvl, 4
 1382              	cy_meta_custnvl:
 1383 0000 00       		.byte	0
 1384 0001 00       		.byte	0
 1385 0002 40       		.byte	64
 1386 0003 05       		.byte	5
 1387              		.section	.cymeta,"a",%progbits
 1388              		.align	2
 1389              		.type	cy_metadata, %object
 1390              		.size	cy_metadata, 12
 1391              	cy_metadata:
 1392 0000 00       		.byte	0
 1393 0001 01       		.byte	1
 1394 0002 2E       		.byte	46
 1395 0003 16       		.byte	22
 1396 0004 10       		.byte	16
 1397 0005 69       		.byte	105
 1398 0006 00       		.byte	0
 1399 0007 01       		.byte	1
 1400 0008 00       		.byte	0
 1401 0009 00       		.byte	0
 1402 000a 00       		.byte	0
 1403 000b 00       		.byte	0
 1404              		.section	.cyflashprotect,"a",%progbits
 1405              		.align	2
 1406              		.type	cy_meta_flashprotect, %object
 1407              		.size	cy_meta_flashprotect, 256
 1408              	cy_meta_flashprotect:
 1409 0000 00000000 		.space	256
 1409      00000000 
 1409      00000000 
 1409      00000000 
 1409      00000000 
 1410              		.text
 1411              	.Letext0:
 1412              		.file 1 "c:\\program files (x86)\\cypress\\psoc creator\\4.2\\psoc creator\\import\\gnu\\arm\\5.4.
 1413              		.file 2 "c:\\program files (x86)\\cypress\\psoc creator\\4.2\\psoc creator\\import\\gnu\\arm\\5.4.
 1414              		.file 3 "Generated_Source\\PSoC5\\cymetadata.c"
 1415              		.section	.debug_info,"",%progbits
 1416              	.Ldebug_info0:
 1417 0000 32010000 		.4byte	0x132
 1418 0004 0400     		.2byte	0x4
 1419 0006 00000000 		.4byte	.Ldebug_abbrev0
 1420 000a 04       		.byte	0x4
 1421 000b 01       		.uleb128 0x1
ARM GAS  C:\Users\Tri94\AppData\Local\Temp\ccxeZzUP.s 			page 26


 1422 000c 24000000 		.4byte	.LASF17
 1423 0010 0C       		.byte	0xc
 1424 0011 B9010000 		.4byte	.LASF18
 1425 0015 06010000 		.4byte	.LASF19
 1426 0019 00000000 		.4byte	.Ldebug_line0
 1427 001d 02       		.uleb128 0x2
 1428 001e 01       		.byte	0x1
 1429 001f 06       		.byte	0x6
 1430 0020 AD010000 		.4byte	.LASF0
 1431 0024 03       		.uleb128 0x3
 1432 0025 00000000 		.4byte	.LASF9
 1433 0029 01       		.byte	0x1
 1434 002a 1D       		.byte	0x1d
 1435 002b 2F000000 		.4byte	0x2f
 1436 002f 02       		.uleb128 0x2
 1437 0030 01       		.byte	0x1
 1438 0031 08       		.byte	0x8
 1439 0032 16000000 		.4byte	.LASF1
 1440 0036 02       		.uleb128 0x2
 1441 0037 02       		.byte	0x2
 1442 0038 05       		.byte	0x5
 1443 0039 9A010000 		.4byte	.LASF2
 1444 003d 02       		.uleb128 0x2
 1445 003e 02       		.byte	0x2
 1446 003f 07       		.byte	0x7
 1447 0040 C4000000 		.4byte	.LASF3
 1448 0044 02       		.uleb128 0x2
 1449 0045 04       		.byte	0x4
 1450 0046 05       		.byte	0x5
 1451 0047 A4010000 		.4byte	.LASF4
 1452 004b 02       		.uleb128 0x2
 1453 004c 04       		.byte	0x4
 1454 004d 07       		.byte	0x7
 1455 004e B2000000 		.4byte	.LASF5
 1456 0052 02       		.uleb128 0x2
 1457 0053 08       		.byte	0x8
 1458 0054 05       		.byte	0x5
 1459 0055 8C010000 		.4byte	.LASF6
 1460 0059 02       		.uleb128 0x2
 1461 005a 08       		.byte	0x8
 1462 005b 07       		.byte	0x7
 1463 005c 41010000 		.4byte	.LASF7
 1464 0060 04       		.uleb128 0x4
 1465 0061 04       		.byte	0x4
 1466 0062 05       		.byte	0x5
 1467 0063 696E7400 		.ascii	"int\000"
 1468 0067 02       		.uleb128 0x2
 1469 0068 04       		.byte	0x4
 1470 0069 07       		.byte	0x7
 1471 006a F9000000 		.4byte	.LASF8
 1472 006e 03       		.uleb128 0x3
 1473 006f 58010000 		.4byte	.LASF10
 1474 0073 02       		.byte	0x2
 1475 0074 18       		.byte	0x18
 1476 0075 24000000 		.4byte	0x24
 1477 0079 05       		.uleb128 0x5
 1478 007a 91000000 		.4byte	0x91
ARM GAS  C:\Users\Tri94\AppData\Local\Temp\ccxeZzUP.s 			page 27


 1479 007e 8A000000 		.4byte	0x8a
 1480 0082 06       		.uleb128 0x6
 1481 0083 8A000000 		.4byte	0x8a
 1482 0087 3B05     		.2byte	0x53b
 1483 0089 00       		.byte	0
 1484 008a 02       		.uleb128 0x2
 1485 008b 04       		.byte	0x4
 1486 008c 07       		.byte	0x7
 1487 008d 83010000 		.4byte	.LASF11
 1488 0091 07       		.uleb128 0x7
 1489 0092 6E000000 		.4byte	0x6e
 1490 0096 08       		.uleb128 0x8
 1491 0097 E7000000 		.4byte	.LASF12
 1492 009b 03       		.byte	0x3
 1493 009c 1F       		.byte	0x1f
 1494 009d A7000000 		.4byte	0xa7
 1495 00a1 05       		.uleb128 0x5
 1496 00a2 03       		.byte	0x3
 1497 00a3 00000000 		.4byte	cy_meta_configecc
 1498 00a7 07       		.uleb128 0x7
 1499 00a8 79000000 		.4byte	0x79
 1500 00ac 05       		.uleb128 0x5
 1501 00ad 91000000 		.4byte	0x91
 1502 00b1 BC000000 		.4byte	0xbc
 1503 00b5 09       		.uleb128 0x9
 1504 00b6 8A000000 		.4byte	0x8a
 1505 00ba 03       		.byte	0x3
 1506 00bb 00       		.byte	0
 1507 00bc 08       		.uleb128 0x8
 1508 00bd D7000000 		.4byte	.LASF13
 1509 00c1 03       		.byte	0x3
 1510 00c2 D4       		.byte	0xd4
 1511 00c3 CD000000 		.4byte	0xcd
 1512 00c7 05       		.uleb128 0x5
 1513 00c8 03       		.byte	0x3
 1514 00c9 00000000 		.4byte	cy_meta_custnvl
 1515 00cd 07       		.uleb128 0x7
 1516 00ce AC000000 		.4byte	0xac
 1517 00d2 08       		.uleb128 0x8
 1518 00d3 75010000 		.4byte	.LASF14
 1519 00d7 03       		.byte	0x3
 1520 00d8 E2       		.byte	0xe2
 1521 00d9 E3000000 		.4byte	0xe3
 1522 00dd 05       		.uleb128 0x5
 1523 00de 03       		.byte	0x3
 1524 00df 00000000 		.4byte	cy_meta_wonvl
 1525 00e3 07       		.uleb128 0x7
 1526 00e4 AC000000 		.4byte	0xac
 1527 00e8 05       		.uleb128 0x5
 1528 00e9 91000000 		.4byte	0x91
 1529 00ed F8000000 		.4byte	0xf8
 1530 00f1 09       		.uleb128 0x9
 1531 00f2 8A000000 		.4byte	0x8a
 1532 00f6 FF       		.byte	0xff
 1533 00f7 00       		.byte	0
 1534 00f8 08       		.uleb128 0x8
 1535 00f9 60010000 		.4byte	.LASF15
ARM GAS  C:\Users\Tri94\AppData\Local\Temp\ccxeZzUP.s 			page 28


 1536 00fd 03       		.byte	0x3
 1537 00fe F0       		.byte	0xf0
 1538 00ff 09010000 		.4byte	0x109
 1539 0103 05       		.uleb128 0x5
 1540 0104 03       		.byte	0x3
 1541 0105 00000000 		.4byte	cy_meta_flashprotect
 1542 0109 07       		.uleb128 0x7
 1543 010a E8000000 		.4byte	0xe8
 1544 010e 05       		.uleb128 0x5
 1545 010f 91000000 		.4byte	0x91
 1546 0113 1E010000 		.4byte	0x11e
 1547 0117 09       		.uleb128 0x9
 1548 0118 8A000000 		.4byte	0x8a
 1549 011c 0B       		.byte	0xb
 1550 011d 00       		.byte	0
 1551 011e 0A       		.uleb128 0xa
 1552 011f 0A000000 		.4byte	.LASF16
 1553 0123 03       		.byte	0x3
 1554 0124 1D01     		.2byte	0x11d
 1555 0126 30010000 		.4byte	0x130
 1556 012a 05       		.uleb128 0x5
 1557 012b 03       		.byte	0x3
 1558 012c 00000000 		.4byte	cy_metadata
 1559 0130 07       		.uleb128 0x7
 1560 0131 0E010000 		.4byte	0x10e
 1561 0135 00       		.byte	0
 1562              		.section	.debug_abbrev,"",%progbits
 1563              	.Ldebug_abbrev0:
 1564 0000 01       		.uleb128 0x1
 1565 0001 11       		.uleb128 0x11
 1566 0002 01       		.byte	0x1
 1567 0003 25       		.uleb128 0x25
 1568 0004 0E       		.uleb128 0xe
 1569 0005 13       		.uleb128 0x13
 1570 0006 0B       		.uleb128 0xb
 1571 0007 03       		.uleb128 0x3
 1572 0008 0E       		.uleb128 0xe
 1573 0009 1B       		.uleb128 0x1b
 1574 000a 0E       		.uleb128 0xe
 1575 000b 10       		.uleb128 0x10
 1576 000c 17       		.uleb128 0x17
 1577 000d 00       		.byte	0
 1578 000e 00       		.byte	0
 1579 000f 02       		.uleb128 0x2
 1580 0010 24       		.uleb128 0x24
 1581 0011 00       		.byte	0
 1582 0012 0B       		.uleb128 0xb
 1583 0013 0B       		.uleb128 0xb
 1584 0014 3E       		.uleb128 0x3e
 1585 0015 0B       		.uleb128 0xb
 1586 0016 03       		.uleb128 0x3
 1587 0017 0E       		.uleb128 0xe
 1588 0018 00       		.byte	0
 1589 0019 00       		.byte	0
 1590 001a 03       		.uleb128 0x3
 1591 001b 16       		.uleb128 0x16
 1592 001c 00       		.byte	0
ARM GAS  C:\Users\Tri94\AppData\Local\Temp\ccxeZzUP.s 			page 29


 1593 001d 03       		.uleb128 0x3
 1594 001e 0E       		.uleb128 0xe
 1595 001f 3A       		.uleb128 0x3a
 1596 0020 0B       		.uleb128 0xb
 1597 0021 3B       		.uleb128 0x3b
 1598 0022 0B       		.uleb128 0xb
 1599 0023 49       		.uleb128 0x49
 1600 0024 13       		.uleb128 0x13
 1601 0025 00       		.byte	0
 1602 0026 00       		.byte	0
 1603 0027 04       		.uleb128 0x4
 1604 0028 24       		.uleb128 0x24
 1605 0029 00       		.byte	0
 1606 002a 0B       		.uleb128 0xb
 1607 002b 0B       		.uleb128 0xb
 1608 002c 3E       		.uleb128 0x3e
 1609 002d 0B       		.uleb128 0xb
 1610 002e 03       		.uleb128 0x3
 1611 002f 08       		.uleb128 0x8
 1612 0030 00       		.byte	0
 1613 0031 00       		.byte	0
 1614 0032 05       		.uleb128 0x5
 1615 0033 01       		.uleb128 0x1
 1616 0034 01       		.byte	0x1
 1617 0035 49       		.uleb128 0x49
 1618 0036 13       		.uleb128 0x13
 1619 0037 01       		.uleb128 0x1
 1620 0038 13       		.uleb128 0x13
 1621 0039 00       		.byte	0
 1622 003a 00       		.byte	0
 1623 003b 06       		.uleb128 0x6
 1624 003c 21       		.uleb128 0x21
 1625 003d 00       		.byte	0
 1626 003e 49       		.uleb128 0x49
 1627 003f 13       		.uleb128 0x13
 1628 0040 2F       		.uleb128 0x2f
 1629 0041 05       		.uleb128 0x5
 1630 0042 00       		.byte	0
 1631 0043 00       		.byte	0
 1632 0044 07       		.uleb128 0x7
 1633 0045 26       		.uleb128 0x26
 1634 0046 00       		.byte	0
 1635 0047 49       		.uleb128 0x49
 1636 0048 13       		.uleb128 0x13
 1637 0049 00       		.byte	0
 1638 004a 00       		.byte	0
 1639 004b 08       		.uleb128 0x8
 1640 004c 34       		.uleb128 0x34
 1641 004d 00       		.byte	0
 1642 004e 03       		.uleb128 0x3
 1643 004f 0E       		.uleb128 0xe
 1644 0050 3A       		.uleb128 0x3a
 1645 0051 0B       		.uleb128 0xb
 1646 0052 3B       		.uleb128 0x3b
 1647 0053 0B       		.uleb128 0xb
 1648 0054 49       		.uleb128 0x49
 1649 0055 13       		.uleb128 0x13
ARM GAS  C:\Users\Tri94\AppData\Local\Temp\ccxeZzUP.s 			page 30


 1650 0056 3F       		.uleb128 0x3f
 1651 0057 19       		.uleb128 0x19
 1652 0058 02       		.uleb128 0x2
 1653 0059 18       		.uleb128 0x18
 1654 005a 00       		.byte	0
 1655 005b 00       		.byte	0
 1656 005c 09       		.uleb128 0x9
 1657 005d 21       		.uleb128 0x21
 1658 005e 00       		.byte	0
 1659 005f 49       		.uleb128 0x49
 1660 0060 13       		.uleb128 0x13
 1661 0061 2F       		.uleb128 0x2f
 1662 0062 0B       		.uleb128 0xb
 1663 0063 00       		.byte	0
 1664 0064 00       		.byte	0
 1665 0065 0A       		.uleb128 0xa
 1666 0066 34       		.uleb128 0x34
 1667 0067 00       		.byte	0
 1668 0068 03       		.uleb128 0x3
 1669 0069 0E       		.uleb128 0xe
 1670 006a 3A       		.uleb128 0x3a
 1671 006b 0B       		.uleb128 0xb
 1672 006c 3B       		.uleb128 0x3b
 1673 006d 05       		.uleb128 0x5
 1674 006e 49       		.uleb128 0x49
 1675 006f 13       		.uleb128 0x13
 1676 0070 3F       		.uleb128 0x3f
 1677 0071 19       		.uleb128 0x19
 1678 0072 02       		.uleb128 0x2
 1679 0073 18       		.uleb128 0x18
 1680 0074 00       		.byte	0
 1681 0075 00       		.byte	0
 1682 0076 00       		.byte	0
 1683              		.section	.debug_aranges,"",%progbits
 1684 0000 14000000 		.4byte	0x14
 1685 0004 0200     		.2byte	0x2
 1686 0006 00000000 		.4byte	.Ldebug_info0
 1687 000a 04       		.byte	0x4
 1688 000b 00       		.byte	0
 1689 000c 0000     		.2byte	0
 1690 000e 0000     		.2byte	0
 1691 0010 00000000 		.4byte	0
 1692 0014 00000000 		.4byte	0
 1693              		.section	.debug_line,"",%progbits
 1694              	.Ldebug_line0:
 1695 0000 3D010000 		.section	.debug_str,"MS",%progbits,1
 1695      02003701 
 1695      00000201 
 1695      FB0E0D00 
 1695      01010101 
 1696              	.LASF9:
 1697 0000 5F5F7569 		.ascii	"__uint8_t\000"
 1697      6E74385F 
 1697      7400
 1698              	.LASF16:
 1699 000a 63795F6D 		.ascii	"cy_metadata\000"
 1699      65746164 
ARM GAS  C:\Users\Tri94\AppData\Local\Temp\ccxeZzUP.s 			page 31


 1699      61746100 
 1700              	.LASF1:
 1701 0016 756E7369 		.ascii	"unsigned char\000"
 1701      676E6564 
 1701      20636861 
 1701      7200
 1702              	.LASF17:
 1703 0024 474E5520 		.ascii	"GNU C11 5.4.1 20160609 (release) [ARM/embedded-5-br"
 1703      43313120 
 1703      352E342E 
 1703      31203230 
 1703      31363036 
 1704 0057 616E6368 		.ascii	"anch revision 237715] -mcpu=cortex-m3 -mthumb -g -O"
 1704      20726576 
 1704      6973696F 
 1704      6E203233 
 1704      37373135 
 1705 008a 67202D66 		.ascii	"g -ffunction-sections -ffat-lto-objects\000"
 1705      66756E63 
 1705      74696F6E 
 1705      2D736563 
 1705      74696F6E 
 1706              	.LASF5:
 1707 00b2 6C6F6E67 		.ascii	"long unsigned int\000"
 1707      20756E73 
 1707      69676E65 
 1707      6420696E 
 1707      7400
 1708              	.LASF3:
 1709 00c4 73686F72 		.ascii	"short unsigned int\000"
 1709      7420756E 
 1709      7369676E 
 1709      65642069 
 1709      6E7400
 1710              	.LASF13:
 1711 00d7 63795F6D 		.ascii	"cy_meta_custnvl\000"
 1711      6574615F 
 1711      63757374 
 1711      6E766C00 
 1712              	.LASF12:
 1713 00e7 63795F6D 		.ascii	"cy_meta_configecc\000"
 1713      6574615F 
 1713      636F6E66 
 1713      69676563 
 1713      6300
 1714              	.LASF8:
 1715 00f9 756E7369 		.ascii	"unsigned int\000"
 1715      676E6564 
 1715      20696E74 
 1715      00
 1716              	.LASF19:
 1717 0106 433A5C55 		.ascii	"C:\\Users\\Tri94\\Documents\\PSoC Creator\\EE4450\\"
 1717      73657273 
 1717      5C547269 
 1717      39345C44 
 1717      6F63756D 
 1718 0133 4932435F 		.ascii	"I2C_RTC.cydsn\000"
ARM GAS  C:\Users\Tri94\AppData\Local\Temp\ccxeZzUP.s 			page 32


 1718      5254432E 
 1718      63796473 
 1718      6E00
 1719              	.LASF7:
 1720 0141 6C6F6E67 		.ascii	"long long unsigned int\000"
 1720      206C6F6E 
 1720      6720756E 
 1720      7369676E 
 1720      65642069 
 1721              	.LASF10:
 1722 0158 75696E74 		.ascii	"uint8_t\000"
 1722      385F7400 
 1723              	.LASF15:
 1724 0160 63795F6D 		.ascii	"cy_meta_flashprotect\000"
 1724      6574615F 
 1724      666C6173 
 1724      6870726F 
 1724      74656374 
 1725              	.LASF14:
 1726 0175 63795F6D 		.ascii	"cy_meta_wonvl\000"
 1726      6574615F 
 1726      776F6E76 
 1726      6C00
 1727              	.LASF11:
 1728 0183 73697A65 		.ascii	"sizetype\000"
 1728      74797065 
 1728      00
 1729              	.LASF6:
 1730 018c 6C6F6E67 		.ascii	"long long int\000"
 1730      206C6F6E 
 1730      6720696E 
 1730      7400
 1731              	.LASF2:
 1732 019a 73686F72 		.ascii	"short int\000"
 1732      7420696E 
 1732      7400
 1733              	.LASF4:
 1734 01a4 6C6F6E67 		.ascii	"long int\000"
 1734      20696E74 
 1734      00
 1735              	.LASF0:
 1736 01ad 7369676E 		.ascii	"signed char\000"
 1736      65642063 
 1736      68617200 
 1737              	.LASF18:
 1738 01b9 47656E65 		.ascii	"Generated_Source\\PSoC5\\cymetadata.c\000"
 1738      72617465 
 1738      645F536F 
 1738      75726365 
 1738      5C50536F 
 1739              		.ident	"GCC: (GNU Tools for ARM Embedded Processors) 5.4.1 20160609 (release) [ARM/embedded-5-bran
