ARM GAS  C:\Users\Tri94\AppData\Local\Temp\ccK187LY.s 			page 1


   1              		.syntax unified
   2              		.cpu cortex-m3
   3              		.fpu softvfp
   4              		.eabi_attribute 20, 1
   5              		.eabi_attribute 21, 1
   6              		.eabi_attribute 23, 3
   7              		.eabi_attribute 24, 1
   8              		.eabi_attribute 25, 1
   9              		.eabi_attribute 26, 1
  10              		.eabi_attribute 30, 1
  11              		.eabi_attribute 34, 1
  12              		.eabi_attribute 18, 4
  13              		.thumb
  14              		.syntax unified
  15              		.file	"cymetadata.c"
  16              		.text
  17              	.Ltext0:
  18              		.cfi_sections	.debug_frame
  19              		.global	cy_metadata
  20              		.global	cy_meta_flashprotect
  21              		.global	cy_meta_wonvl
  22              		.global	cy_meta_custnvl
  23              		.global	cy_meta_configecc
  24              		.section	.cyconfigecc,"a",%progbits
  25              		.align	2
  26              		.type	cy_meta_configecc, %object
  27              		.size	cy_meta_configecc, 1468
  28              	cy_meta_configecc:
  29 0000 03       		.byte	3
  30 0001 52       		.byte	82
  31 0002 00       		.byte	0
  32 0003 40       		.byte	64
  33 0004 03       		.byte	3
  34 0005 64       		.byte	100
  35 0006 00       		.byte	0
  36 0007 40       		.byte	64
  37 0008 03       		.byte	3
  38 0009 65       		.byte	101
  39 000a 00       		.byte	0
  40 000b 40       		.byte	64
  41 000c 68       		.byte	104
  42 000d 04       		.byte	4
  43 000e 01       		.byte	1
  44 000f 40       		.byte	64
  45 0010 42       		.byte	66
  46 0011 05       		.byte	5
  47 0012 01       		.byte	1
  48 0013 40       		.byte	64
  49 0014 62       		.byte	98
  50 0015 06       		.byte	6
  51 0016 01       		.byte	1
  52 0017 40       		.byte	64
  53 0018 46       		.byte	70
  54 0019 07       		.byte	7
  55 001a 01       		.byte	1
  56 001b 40       		.byte	64
  57 001c 11       		.byte	17
ARM GAS  C:\Users\Tri94\AppData\Local\Temp\ccK187LY.s 			page 2


  58 001d 14       		.byte	20
  59 001e 01       		.byte	1
  60 001f 40       		.byte	64
  61 0020 48       		.byte	72
  62 0021 15       		.byte	21
  63 0022 01       		.byte	1
  64 0023 40       		.byte	64
  65 0024 5A       		.byte	90
  66 0025 16       		.byte	22
  67 0026 01       		.byte	1
  68 0027 40       		.byte	64
  69 0028 46       		.byte	70
  70 0029 17       		.byte	23
  71 002a 01       		.byte	1
  72 002b 40       		.byte	64
  73 002c 02       		.byte	2
  74 002d 1B       		.byte	27
  75 002e 01       		.byte	1
  76 002f 40       		.byte	64
  77 0030 04       		.byte	4
  78 0031 41       		.byte	65
  79 0032 01       		.byte	1
  80 0033 40       		.byte	64
  81 0034 03       		.byte	3
  82 0035 42       		.byte	66
  83 0036 01       		.byte	1
  84 0037 40       		.byte	64
  85 0038 02       		.byte	2
  86 0039 43       		.byte	67
  87 003a 01       		.byte	1
  88 003b 40       		.byte	64
  89 003c 08       		.byte	8
  90 003d 4D       		.byte	77
  91 003e 01       		.byte	1
  92 003f 40       		.byte	64
  93 0040 04       		.byte	4
  94 0041 50       		.byte	80
  95 0042 01       		.byte	1
  96 0043 40       		.byte	64
  97 0044 04       		.byte	4
  98 0045 02       		.byte	2
  99 0046 61       		.byte	97
 100 0047 80       		.byte	-128
 101 0048 64       		.byte	100
 102 0049 40       		.byte	64
 103 004a 84       		.byte	-124
 104 004b 38       		.byte	56
 105 004c 85       		.byte	-123
 106 004d 0F       		.byte	15
 107 004e 86       		.byte	-122
 108 004f 0F       		.byte	15
 109 0050 84       		.byte	-124
 110 0051 72       		.byte	114
 111 0052 85       		.byte	-123
 112 0053 38       		.byte	56
 113 0054 87       		.byte	-121
 114 0055 72       		.byte	114
ARM GAS  C:\Users\Tri94\AppData\Local\Temp\ccK187LY.s 			page 3


 115 0056 02       		.byte	2
 116 0057 80       		.byte	-128
 117 0058 07       		.byte	7
 118 0059 13       		.byte	19
 119 005a 0A       		.byte	10
 120 005b 88       		.byte	-120
 121 005c 0C       		.byte	12
 122 005d 13       		.byte	19
 123 005e 0D       		.byte	13
 124 005f 31       		.byte	49
 125 0060 0E       		.byte	14
 126 0061 4C       		.byte	76
 127 0062 0F       		.byte	15
 128 0063 06       		.byte	6
 129 0064 15       		.byte	21
 130 0065 2C       		.byte	44
 131 0066 17       		.byte	23
 132 0067 03       		.byte	3
 133 0068 18       		.byte	24
 134 0069 13       		.byte	19
 135 006a 19       		.byte	25
 136 006b 31       		.byte	49
 137 006c 1A       		.byte	26
 138 006d C4       		.byte	-60
 139 006e 1B       		.byte	27
 140 006f 0E       		.byte	14
 141 0070 1F       		.byte	31
 142 0071 08       		.byte	8
 143 0072 20       		.byte	32
 144 0073 03       		.byte	3
 145 0074 22       		.byte	34
 146 0075 04       		.byte	4
 147 0076 24       		.byte	36
 148 0077 20       		.byte	32
 149 0078 26       		.byte	38
 150 0079 45       		.byte	69
 151 007a 28       		.byte	40
 152 007b 8A       		.byte	-118
 153 007c 2A       		.byte	42
 154 007d 54       		.byte	84
 155 007e 2B       		.byte	43
 156 007f 0C       		.byte	12
 157 0080 30       		.byte	48
 158 0081 0F       		.byte	15
 159 0082 31       		.byte	49
 160 0083 30       		.byte	48
 161 0084 32       		.byte	50
 162 0085 30       		.byte	48
 163 0086 33       		.byte	51
 164 0087 0F       		.byte	15
 165 0088 34       		.byte	52
 166 0089 C8       		.byte	-56
 167 008a 38       		.byte	56
 168 008b 08       		.byte	8
 169 008c 39       		.byte	57
 170 008d 02       		.byte	2
 171 008e 3A       		.byte	58
ARM GAS  C:\Users\Tri94\AppData\Local\Temp\ccK187LY.s 			page 4


 172 008f 22       		.byte	34
 173 0090 3B       		.byte	59
 174 0091 08       		.byte	8
 175 0092 3F       		.byte	63
 176 0093 01       		.byte	1
 177 0094 40       		.byte	64
 178 0095 04       		.byte	4
 179 0096 45       		.byte	69
 180 0097 40       		.byte	64
 181 0098 49       		.byte	73
 182 0099 FF       		.byte	-1
 183 009a 4A       		.byte	74
 184 009b 07       		.byte	7
 185 009c 4B       		.byte	75
 186 009d FF       		.byte	-1
 187 009e 4C       		.byte	76
 188 009f 40       		.byte	64
 189 00a0 4D       		.byte	77
 190 00a1 20       		.byte	32
 191 00a2 4E       		.byte	78
 192 00a3 F0       		.byte	-16
 193 00a4 4F       		.byte	79
 194 00a5 05       		.byte	5
 195 00a6 50       		.byte	80
 196 00a7 08       		.byte	8
 197 00a8 54       		.byte	84
 198 00a9 18       		.byte	24
 199 00aa 58       		.byte	88
 200 00ab 04       		.byte	4
 201 00ac 59       		.byte	89
 202 00ad 04       		.byte	4
 203 00ae 5A       		.byte	90
 204 00af 04       		.byte	4
 205 00b0 5B       		.byte	91
 206 00b1 04       		.byte	4
 207 00b2 5C       		.byte	92
 208 00b3 11       		.byte	17
 209 00b4 5D       		.byte	93
 210 00b5 01       		.byte	1
 211 00b6 5F       		.byte	95
 212 00b7 01       		.byte	1
 213 00b8 60       		.byte	96
 214 00b9 40       		.byte	64
 215 00ba 61       		.byte	97
 216 00bb A8       		.byte	-88
 217 00bc 62       		.byte	98
 218 00bd 40       		.byte	64
 219 00be 63       		.byte	99
 220 00bf 20       		.byte	32
 221 00c0 84       		.byte	-124
 222 00c1 01       		.byte	1
 223 00c2 88       		.byte	-120
 224 00c3 08       		.byte	8
 225 00c4 89       		.byte	-119
 226 00c5 14       		.byte	20
 227 00c6 8C       		.byte	-116
 228 00c7 08       		.byte	8
ARM GAS  C:\Users\Tri94\AppData\Local\Temp\ccK187LY.s 			page 5


 229 00c8 8D       		.byte	-115
 230 00c9 10       		.byte	16
 231 00ca 8F       		.byte	-113
 232 00cb 0C       		.byte	12
 233 00cc 90       		.byte	-112
 234 00cd 02       		.byte	2
 235 00ce 95       		.byte	-107
 236 00cf 1C       		.byte	28
 237 00d0 96       		.byte	-106
 238 00d1 08       		.byte	8
 239 00d2 97       		.byte	-105
 240 00d3 02       		.byte	2
 241 00d4 98       		.byte	-104
 242 00d5 02       		.byte	2
 243 00d6 99       		.byte	-103
 244 00d7 0C       		.byte	12
 245 00d8 9B       		.byte	-101
 246 00d9 11       		.byte	17
 247 00da 9C       		.byte	-100
 248 00db 04       		.byte	4
 249 00dc 9F       		.byte	-97
 250 00dd 03       		.byte	3
 251 00de A1       		.byte	-95
 252 00df 10       		.byte	16
 253 00e0 A2       		.byte	-94
 254 00e1 02       		.byte	2
 255 00e2 A6       		.byte	-90
 256 00e3 08       		.byte	8
 257 00e4 A9       		.byte	-87
 258 00e5 09       		.byte	9
 259 00e6 AA       		.byte	-86
 260 00e7 10       		.byte	16
 261 00e8 AB       		.byte	-85
 262 00e9 10       		.byte	16
 263 00ea AE       		.byte	-82
 264 00eb 08       		.byte	8
 265 00ec B0       		.byte	-80
 266 00ed 06       		.byte	6
 267 00ee B1       		.byte	-79
 268 00ef 1F       		.byte	31
 269 00f0 B2       		.byte	-78
 270 00f1 10       		.byte	16
 271 00f2 B4       		.byte	-76
 272 00f3 08       		.byte	8
 273 00f4 B6       		.byte	-74
 274 00f5 01       		.byte	1
 275 00f6 B8       		.byte	-72
 276 00f7 02       		.byte	2
 277 00f8 BE       		.byte	-66
 278 00f9 50       		.byte	80
 279 00fa C0       		.byte	-64
 280 00fb 56       		.byte	86
 281 00fc C1       		.byte	-63
 282 00fd 02       		.byte	2
 283 00fe C6       		.byte	-58
 284 00ff BE       		.byte	-66
 285 0100 C7       		.byte	-57
ARM GAS  C:\Users\Tri94\AppData\Local\Temp\ccK187LY.s 			page 6


 286 0101 C0       		.byte	-64
 287 0102 C8       		.byte	-56
 288 0103 2C       		.byte	44
 289 0104 C9       		.byte	-55
 290 0105 FF       		.byte	-1
 291 0106 CA       		.byte	-54
 292 0107 FF       		.byte	-1
 293 0108 CB       		.byte	-53
 294 0109 FF       		.byte	-1
 295 010a CE       		.byte	-50
 296 010b F0       		.byte	-16
 297 010c CF       		.byte	-49
 298 010d 44       		.byte	68
 299 010e D0       		.byte	-48
 300 010f 0C       		.byte	12
 301 0110 D4       		.byte	-44
 302 0111 01       		.byte	1
 303 0112 D8       		.byte	-40
 304 0113 04       		.byte	4
 305 0114 D9       		.byte	-39
 306 0115 04       		.byte	4
 307 0116 DA       		.byte	-38
 308 0117 04       		.byte	4
 309 0118 DB       		.byte	-37
 310 0119 04       		.byte	4
 311 011a DC       		.byte	-36
 312 011b 10       		.byte	16
 313 011c DD       		.byte	-35
 314 011d 11       		.byte	17
 315 011e DF       		.byte	-33
 316 011f 01       		.byte	1
 317 0120 E6       		.byte	-26
 318 0121 C0       		.byte	-64
 319 0122 EA       		.byte	-22
 320 0123 40       		.byte	64
 321 0124 EB       		.byte	-21
 322 0125 02       		.byte	2
 323 0126 01       		.byte	1
 324 0127 42       		.byte	66
 325 0128 03       		.byte	3
 326 0129 08       		.byte	8
 327 012a 04       		.byte	4
 328 012b 80       		.byte	-128
 329 012c 05       		.byte	5
 330 012d 10       		.byte	16
 331 012e 07       		.byte	7
 332 012f 10       		.byte	16
 333 0130 09       		.byte	9
 334 0131 20       		.byte	32
 335 0132 0D       		.byte	13
 336 0133 08       		.byte	8
 337 0134 0E       		.byte	14
 338 0135 04       		.byte	4
 339 0136 0F       		.byte	15
 340 0137 41       		.byte	65
 341 0138 11       		.byte	17
 342 0139 06       		.byte	6
ARM GAS  C:\Users\Tri94\AppData\Local\Temp\ccK187LY.s 			page 7


 343 013a 12       		.byte	18
 344 013b 08       		.byte	8
 345 013c 14       		.byte	20
 346 013d 08       		.byte	8
 347 013e 15       		.byte	21
 348 013f 04       		.byte	4
 349 0140 16       		.byte	22
 350 0141 82       		.byte	-126
 351 0142 18       		.byte	24
 352 0143 80       		.byte	-128
 353 0144 19       		.byte	25
 354 0145 10       		.byte	16
 355 0146 1B       		.byte	27
 356 0147 08       		.byte	8
 357 0148 1C       		.byte	28
 358 0149 08       		.byte	8
 359 014a 1D       		.byte	29
 360 014b 01       		.byte	1
 361 014c 1F       		.byte	31
 362 014d 44       		.byte	68
 363 014e 21       		.byte	33
 364 014f 09       		.byte	9
 365 0150 22       		.byte	34
 366 0151 08       		.byte	8
 367 0152 27       		.byte	39
 368 0153 40       		.byte	64
 369 0154 2B       		.byte	43
 370 0155 08       		.byte	8
 371 0156 2C       		.byte	44
 372 0157 80       		.byte	-128
 373 0158 2F       		.byte	47
 374 0159 08       		.byte	8
 375 015a 30       		.byte	48
 376 015b 80       		.byte	-128
 377 015c 31       		.byte	49
 378 015d 38       		.byte	56
 379 015e 35       		.byte	53
 380 015f 10       		.byte	16
 381 0160 36       		.byte	54
 382 0161 08       		.byte	8
 383 0162 37       		.byte	55
 384 0163 40       		.byte	64
 385 0164 38       		.byte	56
 386 0165 88       		.byte	-120
 387 0166 39       		.byte	57
 388 0167 44       		.byte	68
 389 0168 3D       		.byte	61
 390 0169 40       		.byte	64
 391 016a 3E       		.byte	62
 392 016b 20       		.byte	32
 393 016c 41       		.byte	65
 394 016d 01       		.byte	1
 395 016e 45       		.byte	69
 396 016f 20       		.byte	32
 397 0170 46       		.byte	70
 398 0171 40       		.byte	64
 399 0172 47       		.byte	71
ARM GAS  C:\Users\Tri94\AppData\Local\Temp\ccK187LY.s 			page 8


 400 0173 02       		.byte	2
 401 0174 48       		.byte	72
 402 0175 80       		.byte	-128
 403 0176 49       		.byte	73
 404 0177 02       		.byte	2
 405 0178 4C       		.byte	76
 406 0179 04       		.byte	4
 407 017a 4D       		.byte	77
 408 017b 40       		.byte	64
 409 017c 50       		.byte	80
 410 017d 04       		.byte	4
 411 017e 55       		.byte	85
 412 017f 01       		.byte	1
 413 0180 56       		.byte	86
 414 0181 62       		.byte	98
 415 0182 5A       		.byte	90
 416 0183 02       		.byte	2
 417 0184 5C       		.byte	92
 418 0185 A0       		.byte	-96
 419 0186 5D       		.byte	93
 420 0187 08       		.byte	8
 421 0188 5F       		.byte	95
 422 0189 02       		.byte	2
 423 018a 60       		.byte	96
 424 018b 04       		.byte	4
 425 018c 63       		.byte	99
 426 018d 02       		.byte	2
 427 018e 93       		.byte	-109
 428 018f 02       		.byte	2
 429 0190 98       		.byte	-104
 430 0191 08       		.byte	8
 431 0192 A8       		.byte	-88
 432 0193 08       		.byte	8
 433 0194 AB       		.byte	-85
 434 0195 01       		.byte	1
 435 0196 C0       		.byte	-64
 436 0197 EB       		.byte	-21
 437 0198 C2       		.byte	-62
 438 0199 F2       		.byte	-14
 439 019a C4       		.byte	-60
 440 019b FE       		.byte	-2
 441 019c CA       		.byte	-54
 442 019d A4       		.byte	-92
 443 019e CC       		.byte	-52
 444 019f 7E       		.byte	126
 445 01a0 CE       		.byte	-50
 446 01a1 3A       		.byte	58
 447 01a2 D0       		.byte	-48
 448 01a3 21       		.byte	33
 449 01a4 D2       		.byte	-46
 450 01a5 30       		.byte	48
 451 01a6 D6       		.byte	-42
 452 01a7 F1       		.byte	-15
 453 01a8 D8       		.byte	-40
 454 01a9 0C       		.byte	12
 455 01aa 02       		.byte	2
 456 01ab 1C       		.byte	28
ARM GAS  C:\Users\Tri94\AppData\Local\Temp\ccK187LY.s 			page 9


 457 01ac 03       		.byte	3
 458 01ad A0       		.byte	-96
 459 01ae 05       		.byte	5
 460 01af EC       		.byte	-20
 461 01b0 07       		.byte	7
 462 01b1 11       		.byte	17
 463 01b2 08       		.byte	8
 464 01b3 61       		.byte	97
 465 01b4 09       		.byte	9
 466 01b5 10       		.byte	16
 467 01b6 0A       		.byte	10
 468 01b7 96       		.byte	-106
 469 01b8 0F       		.byte	15
 470 01b9 80       		.byte	-128
 471 01ba 11       		.byte	17
 472 01bb 09       		.byte	9
 473 01bc 13       		.byte	19
 474 01bd 10       		.byte	16
 475 01be 16       		.byte	22
 476 01bf 08       		.byte	8
 477 01c0 1B       		.byte	27
 478 01c1 03       		.byte	3
 479 01c2 1E       		.byte	30
 480 01c3 A3       		.byte	-93
 481 01c4 20       		.byte	32
 482 01c5 5C       		.byte	92
 483 01c6 22       		.byte	34
 484 01c7 83       		.byte	-125
 485 01c8 25       		.byte	37
 486 01c9 14       		.byte	20
 487 01ca 28       		.byte	40
 488 01cb 61       		.byte	97
 489 01cc 29       		.byte	41
 490 01cd F0       		.byte	-16
 491 01ce 2A       		.byte	42
 492 01cf 8E       		.byte	-114
 493 01d0 2B       		.byte	43
 494 01d1 0C       		.byte	12
 495 01d2 2C       		.byte	44
 496 01d3 60       		.byte	96
 497 01d4 2D       		.byte	45
 498 01d5 5C       		.byte	92
 499 01d6 2E       		.byte	46
 500 01d7 80       		.byte	-128
 501 01d8 2F       		.byte	47
 502 01d9 82       		.byte	-126
 503 01da 30       		.byte	48
 504 01db 0F       		.byte	15
 505 01dc 32       		.byte	50
 506 01dd F0       		.byte	-16
 507 01de 33       		.byte	51
 508 01df 1F       		.byte	31
 509 01e0 34       		.byte	52
 510 01e1 1A       		.byte	26
 511 01e2 35       		.byte	53
 512 01e3 60       		.byte	96
 513 01e4 37       		.byte	55
ARM GAS  C:\Users\Tri94\AppData\Local\Temp\ccK187LY.s 			page 10


 514 01e5 80       		.byte	-128
 515 01e6 39       		.byte	57
 516 01e7 20       		.byte	32
 517 01e8 3A       		.byte	58
 518 01e9 2A       		.byte	42
 519 01ea 3F       		.byte	63
 520 01eb 50       		.byte	80
 521 01ec 40       		.byte	64
 522 01ed 03       		.byte	3
 523 01ee 46       		.byte	70
 524 01ef 40       		.byte	64
 525 01f0 49       		.byte	73
 526 01f1 FF       		.byte	-1
 527 01f2 4A       		.byte	74
 528 01f3 07       		.byte	7
 529 01f4 4B       		.byte	75
 530 01f5 FF       		.byte	-1
 531 01f6 4C       		.byte	76
 532 01f7 40       		.byte	64
 533 01f8 4D       		.byte	77
 534 01f9 20       		.byte	32
 535 01fa 4E       		.byte	78
 536 01fb F0       		.byte	-16
 537 01fc 4F       		.byte	79
 538 01fd 05       		.byte	5
 539 01fe 50       		.byte	80
 540 01ff 08       		.byte	8
 541 0200 54       		.byte	84
 542 0201 01       		.byte	1
 543 0202 58       		.byte	88
 544 0203 04       		.byte	4
 545 0204 59       		.byte	89
 546 0205 04       		.byte	4
 547 0206 5A       		.byte	90
 548 0207 04       		.byte	4
 549 0208 5B       		.byte	91
 550 0209 04       		.byte	4
 551 020a 5F       		.byte	95
 552 020b 01       		.byte	1
 553 020c 60       		.byte	96
 554 020d 40       		.byte	64
 555 020e 61       		.byte	97
 556 020f A8       		.byte	-88
 557 0210 62       		.byte	98
 558 0211 40       		.byte	64
 559 0212 63       		.byte	99
 560 0213 20       		.byte	32
 561 0214 81       		.byte	-127
 562 0215 09       		.byte	9
 563 0216 82       		.byte	-126
 564 0217 20       		.byte	32
 565 0218 84       		.byte	-124
 566 0219 1C       		.byte	28
 567 021a 85       		.byte	-123
 568 021b 64       		.byte	100
 569 021c 86       		.byte	-122
 570 021d C1       		.byte	-63
ARM GAS  C:\Users\Tri94\AppData\Local\Temp\ccK187LY.s 			page 11


 571 021e 87       		.byte	-121
 572 021f 9B       		.byte	-101
 573 0220 89       		.byte	-119
 574 0221 7C       		.byte	124
 575 0222 8A       		.byte	-118
 576 0223 20       		.byte	32
 577 0224 8B       		.byte	-117
 578 0225 83       		.byte	-125
 579 0226 8C       		.byte	-116
 580 0227 DF       		.byte	-33
 581 0228 8D       		.byte	-115
 582 0229 12       		.byte	18
 583 022a 90       		.byte	-112
 584 022b C7       		.byte	-57
 585 022c 92       		.byte	-110
 586 022d 18       		.byte	24
 587 022e 93       		.byte	-109
 588 022f 9B       		.byte	-101
 589 0230 94       		.byte	-108
 590 0231 18       		.byte	24
 591 0232 95       		.byte	-107
 592 0233 60       		.byte	96
 593 0234 99       		.byte	-103
 594 0235 20       		.byte	32
 595 0236 9A       		.byte	-102
 596 0237 04       		.byte	4
 597 0238 9C       		.byte	-100
 598 0239 04       		.byte	4
 599 023a 9D       		.byte	-99
 600 023b 9F       		.byte	-97
 601 023c 9F       		.byte	-97
 602 023d 60       		.byte	96
 603 023e A0       		.byte	-96
 604 023f 10       		.byte	16
 605 0240 A1       		.byte	-95
 606 0241 40       		.byte	64
 607 0242 A4       		.byte	-92
 608 0243 08       		.byte	8
 609 0244 A5       		.byte	-91
 610 0245 1B       		.byte	27
 611 0246 A8       		.byte	-88
 612 0247 5C       		.byte	92
 613 0248 A9       		.byte	-87
 614 0249 FF       		.byte	-1
 615 024a AA       		.byte	-86
 616 024b 82       		.byte	-126
 617 024c AE       		.byte	-82
 618 024d 43       		.byte	67
 619 024e B0       		.byte	-80
 620 024f 20       		.byte	32
 621 0250 B1       		.byte	-79
 622 0251 03       		.byte	3
 623 0252 B2       		.byte	-78
 624 0253 58       		.byte	88
 625 0254 B3       		.byte	-77
 626 0255 04       		.byte	4
 627 0256 B4       		.byte	-76
ARM GAS  C:\Users\Tri94\AppData\Local\Temp\ccK187LY.s 			page 12


 628 0257 1F       		.byte	31
 629 0258 B5       		.byte	-75
 630 0259 E0       		.byte	-32
 631 025a B6       		.byte	-74
 632 025b 80       		.byte	-128
 633 025c B7       		.byte	-73
 634 025d 78       		.byte	120
 635 025e B8       		.byte	-72
 636 025f 80       		.byte	-128
 637 0260 BA       		.byte	-70
 638 0261 20       		.byte	32
 639 0262 BB       		.byte	-69
 640 0263 A0       		.byte	-96
 641 0264 BE       		.byte	-66
 642 0265 01       		.byte	1
 643 0266 BF       		.byte	-65
 644 0267 04       		.byte	4
 645 0268 D8       		.byte	-40
 646 0269 04       		.byte	4
 647 026a D9       		.byte	-39
 648 026b 04       		.byte	4
 649 026c DF       		.byte	-33
 650 026d 01       		.byte	1
 651 026e 00       		.byte	0
 652 026f 58       		.byte	88
 653 0270 02       		.byte	2
 654 0271 80       		.byte	-128
 655 0272 03       		.byte	3
 656 0273 04       		.byte	4
 657 0274 05       		.byte	5
 658 0275 21       		.byte	33
 659 0276 08       		.byte	8
 660 0277 04       		.byte	4
 661 0278 0A       		.byte	10
 662 0279 C0       		.byte	-64
 663 027a 0B       		.byte	11
 664 027b 0A       		.byte	10
 665 027c 0F       		.byte	15
 666 027d 21       		.byte	33
 667 027e 10       		.byte	16
 668 027f E0       		.byte	-32
 669 0280 12       		.byte	18
 670 0281 06       		.byte	6
 671 0282 15       		.byte	21
 672 0283 40       		.byte	64
 673 0284 16       		.byte	22
 674 0285 88       		.byte	-120
 675 0286 18       		.byte	24
 676 0287 18       		.byte	24
 677 0288 1A       		.byte	26
 678 0289 01       		.byte	1
 679 028a 1B       		.byte	27
 680 028b 01       		.byte	1
 681 028c 1E       		.byte	30
 682 028d 04       		.byte	4
 683 028e 1F       		.byte	31
 684 028f 0A       		.byte	10
ARM GAS  C:\Users\Tri94\AppData\Local\Temp\ccK187LY.s 			page 13


 685 0290 20       		.byte	32
 686 0291 08       		.byte	8
 687 0292 21       		.byte	33
 688 0293 10       		.byte	16
 689 0294 22       		.byte	34
 690 0295 45       		.byte	69
 691 0296 27       		.byte	39
 692 0297 19       		.byte	25
 693 0298 28       		.byte	40
 694 0299 50       		.byte	80
 695 029a 29       		.byte	41
 696 029b 10       		.byte	16
 697 029c 2D       		.byte	45
 698 029d 20       		.byte	32
 699 029e 2E       		.byte	46
 700 029f 80       		.byte	-128
 701 02a0 2F       		.byte	47
 702 02a1 2A       		.byte	42
 703 02a2 30       		.byte	48
 704 02a3 24       		.byte	36
 705 02a4 31       		.byte	49
 706 02a5 04       		.byte	4
 707 02a6 32       		.byte	50
 708 02a7 42       		.byte	66
 709 02a8 35       		.byte	53
 710 02a9 01       		.byte	1
 711 02aa 37       		.byte	55
 712 02ab 10       		.byte	16
 713 02ac 38       		.byte	56
 714 02ad 08       		.byte	8
 715 02ae 39       		.byte	57
 716 02af 20       		.byte	32
 717 02b0 3A       		.byte	58
 718 02b1 04       		.byte	4
 719 02b2 3B       		.byte	59
 720 02b3 82       		.byte	-126
 721 02b4 3C       		.byte	60
 722 02b5 80       		.byte	-128
 723 02b6 3D       		.byte	61
 724 02b7 42       		.byte	66
 725 02b8 3E       		.byte	62
 726 02b9 0C       		.byte	12
 727 02ba 3F       		.byte	63
 728 02bb 21       		.byte	33
 729 02bc 44       		.byte	68
 730 02bd 80       		.byte	-128
 731 02be 47       		.byte	71
 732 02bf 09       		.byte	9
 733 02c0 4F       		.byte	79
 734 02c1 01       		.byte	1
 735 02c2 57       		.byte	87
 736 02c3 10       		.byte	16
 737 02c4 5C       		.byte	92
 738 02c5 80       		.byte	-128
 739 02c6 5D       		.byte	93
 740 02c7 01       		.byte	1
 741 02c8 5E       		.byte	94
ARM GAS  C:\Users\Tri94\AppData\Local\Temp\ccK187LY.s 			page 14


 742 02c9 08       		.byte	8
 743 02ca 5F       		.byte	95
 744 02cb 20       		.byte	32
 745 02cc 93       		.byte	-109
 746 02cd 0A       		.byte	10
 747 02ce 94       		.byte	-108
 748 02cf 04       		.byte	4
 749 02d0 96       		.byte	-106
 750 02d1 06       		.byte	6
 751 02d2 97       		.byte	-105
 752 02d3 41       		.byte	65
 753 02d4 99       		.byte	-103
 754 02d5 01       		.byte	1
 755 02d6 9A       		.byte	-102
 756 02d7 40       		.byte	64
 757 02d8 9B       		.byte	-101
 758 02d9 40       		.byte	64
 759 02da 9D       		.byte	-99
 760 02db 08       		.byte	8
 761 02dc 9E       		.byte	-98
 762 02dd 80       		.byte	-128
 763 02de 9F       		.byte	-97
 764 02df 10       		.byte	16
 765 02e0 A7       		.byte	-89
 766 02e1 01       		.byte	1
 767 02e2 A8       		.byte	-88
 768 02e3 20       		.byte	32
 769 02e4 AA       		.byte	-86
 770 02e5 02       		.byte	2
 771 02e6 AC       		.byte	-84
 772 02e7 84       		.byte	-124
 773 02e8 AF       		.byte	-81
 774 02e9 40       		.byte	64
 775 02ea C0       		.byte	-64
 776 02eb 5F       		.byte	95
 777 02ec C2       		.byte	-62
 778 02ed AF       		.byte	-81
 779 02ee C4       		.byte	-60
 780 02ef DF       		.byte	-33
 781 02f0 CA       		.byte	-54
 782 02f1 77       		.byte	119
 783 02f2 CC       		.byte	-52
 784 02f3 AF       		.byte	-81
 785 02f4 CE       		.byte	-50
 786 02f5 FF       		.byte	-1
 787 02f6 D0       		.byte	-48
 788 02f7 40       		.byte	64
 789 02f8 D6       		.byte	-42
 790 02f9 F0       		.byte	-16
 791 02fa 83       		.byte	-125
 792 02fb 01       		.byte	1
 793 02fc 8E       		.byte	-114
 794 02fd 01       		.byte	1
 795 02fe 92       		.byte	-110
 796 02ff 02       		.byte	2
 797 0300 9E       		.byte	-98
 798 0301 01       		.byte	1
ARM GAS  C:\Users\Tri94\AppData\Local\Temp\ccK187LY.s 			page 15


 799 0302 AA       		.byte	-86
 800 0303 02       		.byte	2
 801 0304 B0       		.byte	-80
 802 0305 02       		.byte	2
 803 0306 B2       		.byte	-78
 804 0307 01       		.byte	1
 805 0308 B7       		.byte	-73
 806 0309 01       		.byte	1
 807 030a BA       		.byte	-70
 808 030b 20       		.byte	32
 809 030c BE       		.byte	-66
 810 030d 05       		.byte	5
 811 030e D4       		.byte	-44
 812 030f 18       		.byte	24
 813 0310 D8       		.byte	-40
 814 0311 04       		.byte	4
 815 0312 D9       		.byte	-39
 816 0313 04       		.byte	4
 817 0314 DB       		.byte	-37
 818 0315 04       		.byte	4
 819 0316 DC       		.byte	-36
 820 0317 10       		.byte	16
 821 0318 DD       		.byte	-35
 822 0319 10       		.byte	16
 823 031a DF       		.byte	-33
 824 031b 01       		.byte	1
 825 031c 00       		.byte	0
 826 031d 05       		.byte	5
 827 031e 01       		.byte	1
 828 031f 80       		.byte	-128
 829 0320 06       		.byte	6
 830 0321 01       		.byte	1
 831 0322 08       		.byte	8
 832 0323 81       		.byte	-127
 833 0324 09       		.byte	9
 834 0325 40       		.byte	64
 835 0326 0A       		.byte	10
 836 0327 A4       		.byte	-92
 837 0328 0F       		.byte	15
 838 0329 81       		.byte	-127
 839 032a 10       		.byte	16
 840 032b A8       		.byte	-88
 841 032c 12       		.byte	18
 842 032d 02       		.byte	2
 843 032e 16       		.byte	22
 844 032f 04       		.byte	4
 845 0330 18       		.byte	24
 846 0331 04       		.byte	4
 847 0332 19       		.byte	25
 848 0333 21       		.byte	33
 849 0334 1A       		.byte	26
 850 0335 21       		.byte	33
 851 0336 1B       		.byte	27
 852 0337 40       		.byte	64
 853 0338 1D       		.byte	29
 854 0339 10       		.byte	16
 855 033a 1F       		.byte	31
ARM GAS  C:\Users\Tri94\AppData\Local\Temp\ccK187LY.s 			page 16


 856 033b 05       		.byte	5
 857 033c 21       		.byte	33
 858 033d 01       		.byte	1
 859 033e 22       		.byte	34
 860 033f 06       		.byte	6
 861 0340 23       		.byte	35
 862 0341 01       		.byte	1
 863 0342 27       		.byte	39
 864 0343 01       		.byte	1
 865 0344 28       		.byte	40
 866 0345 81       		.byte	-127
 867 0346 29       		.byte	41
 868 0347 20       		.byte	32
 869 0348 2B       		.byte	43
 870 0349 10       		.byte	16
 871 034a 30       		.byte	48
 872 034b 80       		.byte	-128
 873 034c 31       		.byte	49
 874 034d 08       		.byte	8
 875 034e 32       		.byte	50
 876 034f 10       		.byte	16
 877 0350 33       		.byte	51
 878 0351 01       		.byte	1
 879 0352 38       		.byte	56
 880 0353 28       		.byte	40
 881 0354 39       		.byte	57
 882 0355 02       		.byte	2
 883 0356 3B       		.byte	59
 884 0357 80       		.byte	-128
 885 0358 3C       		.byte	60
 886 0359 01       		.byte	1
 887 035a 40       		.byte	64
 888 035b 94       		.byte	-108
 889 035c 42       		.byte	66
 890 035d 01       		.byte	1
 891 035e 49       		.byte	73
 892 035f 80       		.byte	-128
 893 0360 4B       		.byte	75
 894 0361 80       		.byte	-128
 895 0362 52       		.byte	82
 896 0363 05       		.byte	5
 897 0364 59       		.byte	89
 898 0365 01       		.byte	1
 899 0366 5D       		.byte	93
 900 0367 02       		.byte	2
 901 0368 67       		.byte	103
 902 0369 0A       		.byte	10
 903 036a 69       		.byte	105
 904 036b 40       		.byte	64
 905 036c 6A       		.byte	106
 906 036d 10       		.byte	16
 907 036e 6B       		.byte	107
 908 036f 20       		.byte	32
 909 0370 70       		.byte	112
 910 0371 BC       		.byte	-68
 911 0372 89       		.byte	-119
 912 0373 02       		.byte	2
ARM GAS  C:\Users\Tri94\AppData\Local\Temp\ccK187LY.s 			page 17


 913 0374 8A       		.byte	-118
 914 0375 04       		.byte	4
 915 0376 8B       		.byte	-117
 916 0377 08       		.byte	8
 917 0378 8C       		.byte	-116
 918 0379 01       		.byte	1
 919 037a 8D       		.byte	-115
 920 037b 08       		.byte	8
 921 037c 90       		.byte	-112
 922 037d 10       		.byte	16
 923 037e 92       		.byte	-110
 924 037f 84       		.byte	-124
 925 0380 94       		.byte	-108
 926 0381 01       		.byte	1
 927 0382 95       		.byte	-107
 928 0383 40       		.byte	64
 929 0384 96       		.byte	-106
 930 0385 10       		.byte	16
 931 0386 99       		.byte	-103
 932 0387 80       		.byte	-128
 933 0388 9D       		.byte	-99
 934 0389 10       		.byte	16
 935 038a 9F       		.byte	-97
 936 038b 20       		.byte	32
 937 038c A1       		.byte	-95
 938 038d 40       		.byte	64
 939 038e A3       		.byte	-93
 940 038f 18       		.byte	24
 941 0390 A9       		.byte	-87
 942 0391 08       		.byte	8
 943 0392 AB       		.byte	-85
 944 0393 80       		.byte	-128
 945 0394 AC       		.byte	-84
 946 0395 10       		.byte	16
 947 0396 AF       		.byte	-81
 948 0397 40       		.byte	64
 949 0398 C0       		.byte	-64
 950 0399 8D       		.byte	-115
 951 039a C2       		.byte	-62
 952 039b 9F       		.byte	-97
 953 039c C4       		.byte	-60
 954 039d 4F       		.byte	79
 955 039e CA       		.byte	-54
 956 039f 0F       		.byte	15
 957 03a0 CC       		.byte	-52
 958 03a1 0F       		.byte	15
 959 03a2 CE       		.byte	-50
 960 03a3 8F       		.byte	-113
 961 03a4 D0       		.byte	-48
 962 03a5 0F       		.byte	15
 963 03a6 D2       		.byte	-46
 964 03a7 08       		.byte	8
 965 03a8 D6       		.byte	-42
 966 03a9 81       		.byte	-127
 967 03aa D8       		.byte	-40
 968 03ab 30       		.byte	48
 969 03ac 00       		.byte	0
ARM GAS  C:\Users\Tri94\AppData\Local\Temp\ccK187LY.s 			page 18


 970 03ad 01       		.byte	1
 971 03ae 1C       		.byte	28
 972 03af 04       		.byte	4
 973 03b0 23       		.byte	35
 974 03b1 01       		.byte	1
 975 03b2 2B       		.byte	43
 976 03b3 01       		.byte	1
 977 03b4 2C       		.byte	44
 978 03b5 02       		.byte	2
 979 03b6 32       		.byte	50
 980 03b7 02       		.byte	2
 981 03b8 34       		.byte	52
 982 03b9 04       		.byte	4
 983 03ba 35       		.byte	53
 984 03bb 01       		.byte	1
 985 03bc 36       		.byte	54
 986 03bd 01       		.byte	1
 987 03be 3B       		.byte	59
 988 03bf 80       		.byte	-128
 989 03c0 3E       		.byte	62
 990 03c1 54       		.byte	84
 991 03c2 3F       		.byte	63
 992 03c3 10       		.byte	16
 993 03c4 40       		.byte	64
 994 03c5 64       		.byte	100
 995 03c6 41       		.byte	65
 996 03c7 02       		.byte	2
 997 03c8 45       		.byte	69
 998 03c9 E0       		.byte	-32
 999 03ca 46       		.byte	70
 1000 03cb BC       		.byte	-68
 1001 03cc 48       		.byte	72
 1002 03cd 0E       		.byte	14
 1003 03ce 49       		.byte	73
 1004 03cf FF       		.byte	-1
 1005 03d0 4A       		.byte	74
 1006 03d1 FF       		.byte	-1
 1007 03d2 4B       		.byte	75
 1008 03d3 FF       		.byte	-1
 1009 03d4 4E       		.byte	78
 1010 03d5 F0       		.byte	-16
 1011 03d6 4F       		.byte	79
 1012 03d7 44       		.byte	68
 1013 03d8 50       		.byte	80
 1014 03d9 0C       		.byte	12
 1015 03da 58       		.byte	88
 1016 03db 04       		.byte	4
 1017 03dc 59       		.byte	89
 1018 03dd 04       		.byte	4
 1019 03de 5A       		.byte	90
 1020 03df 04       		.byte	4
 1021 03e0 5C       		.byte	92
 1022 03e1 10       		.byte	16
 1023 03e2 5F       		.byte	95
 1024 03e3 01       		.byte	1
 1025 03e4 66       		.byte	102
 1026 03e5 C0       		.byte	-64
ARM GAS  C:\Users\Tri94\AppData\Local\Temp\ccK187LY.s 			page 19


 1027 03e6 6A       		.byte	106
 1028 03e7 40       		.byte	64
 1029 03e8 6B       		.byte	107
 1030 03e9 02       		.byte	2
 1031 03ea 80       		.byte	-128
 1032 03eb 22       		.byte	34
 1033 03ec 81       		.byte	-127
 1034 03ed 21       		.byte	33
 1035 03ee 82       		.byte	-126
 1036 03ef 51       		.byte	81
 1037 03f0 83       		.byte	-125
 1038 03f1 4A       		.byte	74
 1039 03f2 85       		.byte	-123
 1040 03f3 E7       		.byte	-25
 1041 03f4 89       		.byte	-119
 1042 03f5 E7       		.byte	-25
 1043 03f6 8C       		.byte	-116
 1044 03f7 80       		.byte	-128
 1045 03f8 8D       		.byte	-115
 1046 03f9 80       		.byte	-128
 1047 03fa 90       		.byte	-112
 1048 03fb 01       		.byte	1
 1049 03fc 92       		.byte	-110
 1050 03fd 0E       		.byte	14
 1051 03fe 94       		.byte	-108
 1052 03ff E7       		.byte	-25
 1053 0400 95       		.byte	-107
 1054 0401 44       		.byte	68
 1055 0402 97       		.byte	-105
 1056 0403 2A       		.byte	42
 1057 0404 98       		.byte	-104
 1058 0405 44       		.byte	68
 1059 0406 99       		.byte	-103
 1060 0407 02       		.byte	2
 1061 0408 9A       		.byte	-102
 1062 0409 31       		.byte	49
 1063 040a 9B       		.byte	-101
 1064 040b 15       		.byte	21
 1065 040c A8       		.byte	-88
 1066 040d E7       		.byte	-25
 1067 040e B0       		.byte	-80
 1068 040f 07       		.byte	7
 1069 0410 B1       		.byte	-79
 1070 0411 80       		.byte	-128
 1071 0412 B2       		.byte	-78
 1072 0413 18       		.byte	24
 1073 0414 B3       		.byte	-77
 1074 0415 60       		.byte	96
 1075 0416 B4       		.byte	-76
 1076 0417 60       		.byte	96
 1077 0418 B5       		.byte	-75
 1078 0419 07       		.byte	7
 1079 041a B6       		.byte	-74
 1080 041b 80       		.byte	-128
 1081 041c B7       		.byte	-73
 1082 041d 18       		.byte	24
 1083 041e BE       		.byte	-66
ARM GAS  C:\Users\Tri94\AppData\Local\Temp\ccK187LY.s 			page 20


 1084 041f 04       		.byte	4
 1085 0420 BF       		.byte	-65
 1086 0421 40       		.byte	64
 1087 0422 C0       		.byte	-64
 1088 0423 45       		.byte	69
 1089 0424 C1       		.byte	-63
 1090 0425 06       		.byte	6
 1091 0426 C2       		.byte	-62
 1092 0427 03       		.byte	3
 1093 0428 C4       		.byte	-60
 1094 0429 01       		.byte	1
 1095 042a C5       		.byte	-59
 1096 042b 0E       		.byte	14
 1097 042c C6       		.byte	-58
 1098 042d 0C       		.byte	12
 1099 042e C8       		.byte	-56
 1100 042f 05       		.byte	5
 1101 0430 C9       		.byte	-55
 1102 0431 FF       		.byte	-1
 1103 0432 CA       		.byte	-54
 1104 0433 FF       		.byte	-1
 1105 0434 CB       		.byte	-53
 1106 0435 FF       		.byte	-1
 1107 0436 CC       		.byte	-52
 1108 0437 62       		.byte	98
 1109 0438 CD       		.byte	-51
 1110 0439 A0       		.byte	-96
 1111 043a CE       		.byte	-50
 1112 043b F0       		.byte	-16
 1113 043c CF       		.byte	-49
 1114 043d 41       		.byte	65
 1115 043e D0       		.byte	-48
 1116 043f 0C       		.byte	12
 1117 0440 D6       		.byte	-42
 1118 0441 02       		.byte	2
 1119 0442 D7       		.byte	-41
 1120 0443 12       		.byte	18
 1121 0444 D8       		.byte	-40
 1122 0445 04       		.byte	4
 1123 0446 D9       		.byte	-39
 1124 0447 04       		.byte	4
 1125 0448 DA       		.byte	-38
 1126 0449 04       		.byte	4
 1127 044a DB       		.byte	-37
 1128 044b 04       		.byte	4
 1129 044c DC       		.byte	-36
 1130 044d 01       		.byte	1
 1131 044e DF       		.byte	-33
 1132 044f 01       		.byte	1
 1133 0450 E6       		.byte	-26
 1134 0451 40       		.byte	64
 1135 0452 E7       		.byte	-25
 1136 0453 02       		.byte	2
 1137 0454 E9       		.byte	-23
 1138 0455 10       		.byte	16
 1139 0456 EA       		.byte	-22
 1140 0457 30       		.byte	48
ARM GAS  C:\Users\Tri94\AppData\Local\Temp\ccK187LY.s 			page 21


 1141 0458 EB       		.byte	-21
 1142 0459 10       		.byte	16
 1143 045a ED       		.byte	-19
 1144 045b 10       		.byte	16
 1145 045c EE       		.byte	-18
 1146 045d 10       		.byte	16
 1147 045e EF       		.byte	-17
 1148 045f 12       		.byte	18
 1149 0460 00       		.byte	0
 1150 0461 01       		.byte	1
 1151 0462 01       		.byte	1
 1152 0463 40       		.byte	64
 1153 0464 06       		.byte	6
 1154 0465 40       		.byte	64
 1155 0466 0A       		.byte	10
 1156 0467 94       		.byte	-108
 1157 0468 0F       		.byte	15
 1158 0469 02       		.byte	2
 1159 046a 13       		.byte	19
 1160 046b 20       		.byte	32
 1161 046c 17       		.byte	23
 1162 046d 40       		.byte	64
 1163 046e 18       		.byte	24
 1164 046f 10       		.byte	16
 1165 0470 19       		.byte	25
 1166 0471 80       		.byte	-128
 1167 0472 1A       		.byte	26
 1168 0473 84       		.byte	-124
 1169 0474 1B       		.byte	27
 1170 0475 10       		.byte	16
 1171 0476 1E       		.byte	30
 1172 0477 08       		.byte	8
 1173 0478 1F       		.byte	31
 1174 0479 88       		.byte	-120
 1175 047a 20       		.byte	32
 1176 047b 20       		.byte	32
 1177 047c 21       		.byte	33
 1178 047d A0       		.byte	-96
 1179 047e 22       		.byte	34
 1180 047f 0A       		.byte	10
 1181 0480 24       		.byte	36
 1182 0481 04       		.byte	4
 1183 0482 25       		.byte	37
 1184 0483 40       		.byte	64
 1185 0484 2E       		.byte	46
 1186 0485 01       		.byte	1
 1187 0486 2F       		.byte	47
 1188 0487 04       		.byte	4
 1189 0488 30       		.byte	48
 1190 0489 10       		.byte	16
 1191 048a 31       		.byte	49
 1192 048b 20       		.byte	32
 1193 048c 32       		.byte	50
 1194 048d 08       		.byte	8
 1195 048e 39       		.byte	57
 1196 048f 98       		.byte	-104
 1197 0490 3B       		.byte	59
ARM GAS  C:\Users\Tri94\AppData\Local\Temp\ccK187LY.s 			page 22


 1198 0491 02       		.byte	2
 1199 0492 41       		.byte	65
 1200 0493 80       		.byte	-128
 1201 0494 42       		.byte	66
 1202 0495 40       		.byte	64
 1203 0496 43       		.byte	67
 1204 0497 04       		.byte	4
 1205 0498 45       		.byte	69
 1206 0499 01       		.byte	1
 1207 049a 46       		.byte	70
 1208 049b 08       		.byte	8
 1209 049c 49       		.byte	73
 1210 049d 10       		.byte	16
 1211 049e 4A       		.byte	74
 1212 049f 02       		.byte	2
 1213 04a0 4B       		.byte	75
 1214 04a1 08       		.byte	8
 1215 04a2 4D       		.byte	77
 1216 04a3 21       		.byte	33
 1217 04a4 4F       		.byte	79
 1218 04a5 02       		.byte	2
 1219 04a6 52       		.byte	82
 1220 04a7 80       		.byte	-128
 1221 04a8 54       		.byte	84
 1222 04a9 40       		.byte	64
 1223 04aa 57       		.byte	87
 1224 04ab 20       		.byte	32
 1225 04ac 5A       		.byte	90
 1226 04ad 08       		.byte	8
 1227 04ae 69       		.byte	105
 1228 04af 98       		.byte	-104
 1229 04b0 70       		.byte	112
 1230 04b1 A0       		.byte	-96
 1231 04b2 71       		.byte	113
 1232 04b3 04       		.byte	4
 1233 04b4 92       		.byte	-110
 1234 04b5 49       		.byte	73
 1235 04b6 93       		.byte	-109
 1236 04b7 02       		.byte	2
 1237 04b8 94       		.byte	-108
 1238 04b9 04       		.byte	4
 1239 04ba 95       		.byte	-107
 1240 04bb 01       		.byte	1
 1241 04bc 97       		.byte	-105
 1242 04bd 80       		.byte	-128
 1243 04be 99       		.byte	-103
 1244 04bf 20       		.byte	32
 1245 04c0 9A       		.byte	-102
 1246 04c1 48       		.byte	72
 1247 04c2 9B       		.byte	-101
 1248 04c3 44       		.byte	68
 1249 04c4 9C       		.byte	-100
 1250 04c5 10       		.byte	16
 1251 04c6 9D       		.byte	-99
 1252 04c7 1C       		.byte	28
 1253 04c8 A1       		.byte	-95
 1254 04c9 01       		.byte	1
ARM GAS  C:\Users\Tri94\AppData\Local\Temp\ccK187LY.s 			page 23


 1255 04ca A4       		.byte	-92
 1256 04cb E0       		.byte	-32
 1257 04cc A6       		.byte	-90
 1258 04cd 86       		.byte	-122
 1259 04ce A7       		.byte	-89
 1260 04cf 20       		.byte	32
 1261 04d0 A8       		.byte	-88
 1262 04d1 40       		.byte	64
 1263 04d2 A9       		.byte	-87
 1264 04d3 10       		.byte	16
 1265 04d4 AF       		.byte	-81
 1266 04d5 48       		.byte	72
 1267 04d6 B0       		.byte	-80
 1268 04d7 40       		.byte	64
 1269 04d8 B3       		.byte	-77
 1270 04d9 20       		.byte	32
 1271 04da C0       		.byte	-64
 1272 04db 19       		.byte	25
 1273 04dc C2       		.byte	-62
 1274 04dd 8E       		.byte	-114
 1275 04de C4       		.byte	-60
 1276 04df 82       		.byte	-126
 1277 04e0 CA       		.byte	-54
 1278 04e1 A0       		.byte	-96
 1279 04e2 CC       		.byte	-52
 1280 04e3 06       		.byte	6
 1281 04e4 CE       		.byte	-50
 1282 04e5 0F       		.byte	15
 1283 04e6 D0       		.byte	-48
 1284 04e7 AB       		.byte	-85
 1285 04e8 D2       		.byte	-46
 1286 04e9 2C       		.byte	44
 1287 04ea D6       		.byte	-42
 1288 04eb 02       		.byte	2
 1289 04ec E0       		.byte	-32
 1290 04ed 20       		.byte	32
 1291 04ee E6       		.byte	-26
 1292 04ef 10       		.byte	16
 1293 04f0 05       		.byte	5
 1294 04f1 08       		.byte	8
 1295 04f2 52       		.byte	82
 1296 04f3 08       		.byte	8
 1297 04f4 C0       		.byte	-64
 1298 04f5 20       		.byte	32
 1299 04f6 D4       		.byte	-44
 1300 04f7 20       		.byte	32
 1301 04f8 A6       		.byte	-90
 1302 04f9 08       		.byte	8
 1303 04fa A9       		.byte	-87
 1304 04fb 08       		.byte	8
 1305 04fc EC       		.byte	-20
 1306 04fd 20       		.byte	32
 1307 04fe AE       		.byte	-82
 1308 04ff 08       		.byte	8
 1309 0500 EA       		.byte	-22
 1310 0501 10       		.byte	16
 1311 0502 10       		.byte	16
ARM GAS  C:\Users\Tri94\AppData\Local\Temp\ccK187LY.s 			page 24


 1312 0503 20       		.byte	32
 1313 0504 73       		.byte	115
 1314 0505 40       		.byte	64
 1315 0506 8B       		.byte	-117
 1316 0507 40       		.byte	64
 1317 0508 8C       		.byte	-116
 1318 0509 20       		.byte	32
 1319 050a C4       		.byte	-60
 1320 050b 08       		.byte	8
 1321 050c DC       		.byte	-36
 1322 050d 01       		.byte	1
 1323 050e E0       		.byte	-32
 1324 050f 04       		.byte	4
 1325 0510 E6       		.byte	-26
 1326 0511 08       		.byte	8
 1327 0512 00       		.byte	0
 1328 0513 03       		.byte	3
 1329 0514 0A       		.byte	10
 1330 0515 03       		.byte	3
 1331 0516 10       		.byte	16
 1332 0517 03       		.byte	3
 1333 0518 1A       		.byte	26
 1334 0519 03       		.byte	3
 1335 051a 00       		.byte	0
 1336 051b 00       		.byte	0
 1337 051c 01       		.byte	1
 1338 051d 1C       		.byte	28
 1339 051e 00       		.byte	0
 1340 051f E2       		.byte	-30
 1341 0520 73       		.byte	115
 1342 0521 18       		.byte	24
 1343 0522 0C       		.byte	12
 1344 0523 00       		.byte	0
 1345 0524 00       		.byte	0
 1346 0525 08       		.byte	8
 1347 0526 00       		.byte	0
 1348 0527 00       		.byte	0
 1349 0528 00       		.byte	0
 1350 0529 00       		.byte	0
 1351 052a 63       		.byte	99
 1352 052b 63       		.byte	99
 1353 052c 03       		.byte	3
 1354 052d 00       		.byte	0
 1355 052e 00       		.byte	0
 1356 052f 04       		.byte	4
 1357 0530 1F       		.byte	31
 1358 0531 24       		.byte	36
 1359 0532 60       		.byte	96
 1360 0533 00       		.byte	0
 1361 0534 02       		.byte	2
 1362 0535 1C       		.byte	28
 1363 0536 00       		.byte	0
 1364 0537 E1       		.byte	-31
 1365 0538 7F       		.byte	127
 1366 0539 10       		.byte	16
 1367 053a 00       		.byte	0
 1368 053b 00       		.byte	0
ARM GAS  C:\Users\Tri94\AppData\Local\Temp\ccK187LY.s 			page 25


 1369 053c 08       		.byte	8
 1370 053d FF       		.byte	-1
 1371 053e 00       		.byte	0
 1372 053f 00       		.byte	0
 1373 0540 04       		.byte	4
 1374 0541 40       		.byte	64
 1375 0542 00       		.byte	0
 1376 0543 00       		.byte	0
 1377 0544 0C       		.byte	12
 1378 0545 E7       		.byte	-25
 1379 0546 00       		.byte	0
 1380 0547 18       		.byte	24
 1381 0548 5C       		.byte	92
 1382 0549 60       		.byte	96
 1383 054a 23       		.byte	35
 1384 054b 00       		.byte	0
 1385 054c 10       		.byte	16
 1386 054d 1F       		.byte	31
 1387 054e 2C       		.byte	44
 1388 054f 60       		.byte	96
 1389 0550 0F       		.byte	15
 1390 0551 00       		.byte	0
 1391 0552 4C       		.byte	76
 1392 0553 80       		.byte	-128
 1393 0554 00       		.byte	0
 1394 0555 80       		.byte	-128
 1395 0556 28       		.byte	40
 1396 0557 02       		.byte	2
 1397 0558 00       		.byte	0
 1398 0559 00       		.byte	0
 1399 055a 01       		.byte	1
 1400 055b 00       		.byte	0
 1401 055c 25       		.byte	37
 1402 055d 04       		.byte	4
 1403 055e 01       		.byte	1
 1404 055f 00       		.byte	0
 1405 0560 03       		.byte	3
 1406 0561 00       		.byte	0
 1407 0562 00       		.byte	0
 1408 0563 EC       		.byte	-20
 1409 0564 30       		.byte	48
 1410 0565 FF       		.byte	-1
 1411 0566 FF       		.byte	-1
 1412 0567 FF       		.byte	-1
 1413 0568 62       		.byte	98
 1414 0569 A0       		.byte	-96
 1415 056a F0       		.byte	-16
 1416 056b 41       		.byte	65
 1417 056c 0C       		.byte	12
 1418 056d 00       		.byte	0
 1419 056e 00       		.byte	0
 1420 056f 00       		.byte	0
 1421 0570 00       		.byte	0
 1422 0571 00       		.byte	0
 1423 0572 02       		.byte	2
 1424 0573 13       		.byte	19
 1425 0574 04       		.byte	4
ARM GAS  C:\Users\Tri94\AppData\Local\Temp\ccK187LY.s 			page 26


 1426 0575 04       		.byte	4
 1427 0576 04       		.byte	4
 1428 0577 04       		.byte	4
 1429 0578 11       		.byte	17
 1430 0579 11       		.byte	17
 1431 057a 00       		.byte	0
 1432 057b 01       		.byte	1
 1433 057c 00       		.byte	0
 1434 057d 00       		.byte	0
 1435 057e 00       		.byte	0
 1436 057f 00       		.byte	0
 1437 0580 00       		.byte	0
 1438 0581 00       		.byte	0
 1439 0582 40       		.byte	64
 1440 0583 02       		.byte	2
 1441 0584 00       		.byte	0
 1442 0585 10       		.byte	16
 1443 0586 30       		.byte	48
 1444 0587 10       		.byte	16
 1445 0588 00       		.byte	0
 1446 0589 10       		.byte	16
 1447 058a 10       		.byte	16
 1448 058b 12       		.byte	18
 1449 058c 00       		.byte	0
 1450 058d 00       		.byte	0
 1451 058e 00       		.byte	0
 1452 058f 00       		.byte	0
 1453 0590 00       		.byte	0
 1454 0591 00       		.byte	0
 1455 0592 00       		.byte	0
 1456 0593 00       		.byte	0
 1457 0594 00       		.byte	0
 1458 0595 00       		.byte	0
 1459 0596 00       		.byte	0
 1460 0597 00       		.byte	0
 1461 0598 00       		.byte	0
 1462 0599 00       		.byte	0
 1463 059a 00       		.byte	0
 1464 059b 00       		.byte	0
 1465 059c 01       		.byte	1
 1466 059d 00       		.byte	0
 1467 059e 02       		.byte	2
 1468 059f 01       		.byte	1
 1469 05a0 01       		.byte	1
 1470 05a1 00       		.byte	0
 1471 05a2 01       		.byte	1
 1472 05a3 00       		.byte	0
 1473 05a4 00       		.byte	0
 1474 05a5 00       		.byte	0
 1475 05a6 00       		.byte	0
 1476 05a7 00       		.byte	0
 1477 05a8 80       		.byte	-128
 1478 05a9 00       		.byte	0
 1479 05aa 40       		.byte	64
 1480 05ab 80       		.byte	-128
 1481 05ac 80       		.byte	-128
 1482 05ad 00       		.byte	0
ARM GAS  C:\Users\Tri94\AppData\Local\Temp\ccK187LY.s 			page 27


 1483 05ae 80       		.byte	-128
 1484 05af 00       		.byte	0
 1485 05b0 00       		.byte	0
 1486 05b1 00       		.byte	0
 1487 05b2 00       		.byte	0
 1488 05b3 00       		.byte	0
 1489 05b4 00       		.byte	0
 1490 05b5 0B       		.byte	11
 1491 05b6 0B       		.byte	11
 1492 05b7 00       		.byte	0
 1493 05b8 00       		.byte	0
 1494 05b9 00       		.byte	0
 1495 05ba 00       		.byte	0
 1496 05bb 00       		.byte	0
 1497              		.section	.cywolatch,"a",%progbits
 1498              		.align	2
 1499              		.type	cy_meta_wonvl, %object
 1500              		.size	cy_meta_wonvl, 4
 1501              	cy_meta_wonvl:
 1502 0000 BC       		.byte	-68
 1503 0001 90       		.byte	-112
 1504 0002 AC       		.byte	-84
 1505 0003 AF       		.byte	-81
 1506              		.section	.cycustnvl,"a",%progbits
 1507              		.align	2
 1508              		.type	cy_meta_custnvl, %object
 1509              		.size	cy_meta_custnvl, 4
 1510              	cy_meta_custnvl:
 1511 0000 00       		.byte	0
 1512 0001 00       		.byte	0
 1513 0002 40       		.byte	64
 1514 0003 05       		.byte	5
 1515              		.section	.cymeta,"a",%progbits
 1516              		.align	2
 1517              		.type	cy_metadata, %object
 1518              		.size	cy_metadata, 12
 1519              	cy_metadata:
 1520 0000 00       		.byte	0
 1521 0001 01       		.byte	1
 1522 0002 2E       		.byte	46
 1523 0003 16       		.byte	22
 1524 0004 10       		.byte	16
 1525 0005 69       		.byte	105
 1526 0006 00       		.byte	0
 1527 0007 01       		.byte	1
 1528 0008 00       		.byte	0
 1529 0009 00       		.byte	0
 1530 000a 00       		.byte	0
 1531 000b 00       		.byte	0
 1532              		.section	.cyflashprotect,"a",%progbits
 1533              		.align	2
 1534              		.type	cy_meta_flashprotect, %object
 1535              		.size	cy_meta_flashprotect, 256
 1536              	cy_meta_flashprotect:
 1537 0000 00000000 		.space	256
 1537      00000000 
 1537      00000000 
ARM GAS  C:\Users\Tri94\AppData\Local\Temp\ccK187LY.s 			page 28


 1537      00000000 
 1537      00000000 
 1538              		.text
 1539              	.Letext0:
 1540              		.file 1 "c:\\program files (x86)\\cypress\\psoc creator\\4.2\\psoc creator\\import\\gnu\\arm\\5.4.
 1541              		.file 2 "c:\\program files (x86)\\cypress\\psoc creator\\4.2\\psoc creator\\import\\gnu\\arm\\5.4.
 1542              		.file 3 "Generated_Source\\PSoC5\\cymetadata.c"
 1543              		.section	.debug_info,"",%progbits
 1544              	.Ldebug_info0:
 1545 0000 33010000 		.4byte	0x133
 1546 0004 0400     		.2byte	0x4
 1547 0006 00000000 		.4byte	.Ldebug_abbrev0
 1548 000a 04       		.byte	0x4
 1549 000b 01       		.uleb128 0x1
 1550 000c 24000000 		.4byte	.LASF17
 1551 0010 0C       		.byte	0xc
 1552 0011 D9010000 		.4byte	.LASF18
 1553 0015 69010000 		.4byte	.LASF19
 1554 0019 00000000 		.4byte	.Ldebug_line0
 1555 001d 02       		.uleb128 0x2
 1556 001e 01       		.byte	0x1
 1557 001f 06       		.byte	0x6
 1558 0020 CD010000 		.4byte	.LASF0
 1559 0024 03       		.uleb128 0x3
 1560 0025 00000000 		.4byte	.LASF9
 1561 0029 01       		.byte	0x1
 1562 002a 1D       		.byte	0x1d
 1563 002b 2F000000 		.4byte	0x2f
 1564 002f 02       		.uleb128 0x2
 1565 0030 01       		.byte	0x1
 1566 0031 08       		.byte	0x8
 1567 0032 16000000 		.4byte	.LASF1
 1568 0036 02       		.uleb128 0x2
 1569 0037 02       		.byte	0x2
 1570 0038 05       		.byte	0x5
 1571 0039 5F010000 		.4byte	.LASF2
 1572 003d 02       		.uleb128 0x2
 1573 003e 02       		.byte	0x2
 1574 003f 07       		.byte	0x7
 1575 0040 C4000000 		.4byte	.LASF3
 1576 0044 02       		.uleb128 0x2
 1577 0045 04       		.byte	0x4
 1578 0046 05       		.byte	0x5
 1579 0047 C4010000 		.4byte	.LASF4
 1580 004b 02       		.uleb128 0x2
 1581 004c 04       		.byte	0x4
 1582 004d 07       		.byte	0x7
 1583 004e B2000000 		.4byte	.LASF5
 1584 0052 02       		.uleb128 0x2
 1585 0053 08       		.byte	0x8
 1586 0054 05       		.byte	0x5
 1587 0055 51010000 		.4byte	.LASF6
 1588 0059 02       		.uleb128 0x2
 1589 005a 08       		.byte	0x8
 1590 005b 07       		.byte	0x7
 1591 005c 06010000 		.4byte	.LASF7
 1592 0060 04       		.uleb128 0x4
ARM GAS  C:\Users\Tri94\AppData\Local\Temp\ccK187LY.s 			page 29


 1593 0061 04       		.byte	0x4
 1594 0062 05       		.byte	0x5
 1595 0063 696E7400 		.ascii	"int\000"
 1596 0067 02       		.uleb128 0x2
 1597 0068 04       		.byte	0x4
 1598 0069 07       		.byte	0x7
 1599 006a F9000000 		.4byte	.LASF8
 1600 006e 03       		.uleb128 0x3
 1601 006f 1D010000 		.4byte	.LASF10
 1602 0073 02       		.byte	0x2
 1603 0074 18       		.byte	0x18
 1604 0075 24000000 		.4byte	0x24
 1605 0079 05       		.uleb128 0x5
 1606 007a 91000000 		.4byte	0x91
 1607 007e 8A000000 		.4byte	0x8a
 1608 0082 06       		.uleb128 0x6
 1609 0083 8A000000 		.4byte	0x8a
 1610 0087 BB05     		.2byte	0x5bb
 1611 0089 00       		.byte	0
 1612 008a 02       		.uleb128 0x2
 1613 008b 04       		.byte	0x4
 1614 008c 07       		.byte	0x7
 1615 008d 48010000 		.4byte	.LASF11
 1616 0091 07       		.uleb128 0x7
 1617 0092 6E000000 		.4byte	0x6e
 1618 0096 08       		.uleb128 0x8
 1619 0097 E7000000 		.4byte	.LASF12
 1620 009b 03       		.byte	0x3
 1621 009c 1F       		.byte	0x1f
 1622 009d A7000000 		.4byte	0xa7
 1623 00a1 05       		.uleb128 0x5
 1624 00a2 03       		.byte	0x3
 1625 00a3 00000000 		.4byte	cy_meta_configecc
 1626 00a7 07       		.uleb128 0x7
 1627 00a8 79000000 		.4byte	0x79
 1628 00ac 05       		.uleb128 0x5
 1629 00ad 91000000 		.4byte	0x91
 1630 00b1 BC000000 		.4byte	0xbc
 1631 00b5 09       		.uleb128 0x9
 1632 00b6 8A000000 		.4byte	0x8a
 1633 00ba 03       		.byte	0x3
 1634 00bb 00       		.byte	0
 1635 00bc 08       		.uleb128 0x8
 1636 00bd D7000000 		.4byte	.LASF13
 1637 00c1 03       		.byte	0x3
 1638 00c2 E4       		.byte	0xe4
 1639 00c3 CD000000 		.4byte	0xcd
 1640 00c7 05       		.uleb128 0x5
 1641 00c8 03       		.byte	0x3
 1642 00c9 00000000 		.4byte	cy_meta_custnvl
 1643 00cd 07       		.uleb128 0x7
 1644 00ce AC000000 		.4byte	0xac
 1645 00d2 08       		.uleb128 0x8
 1646 00d3 3A010000 		.4byte	.LASF14
 1647 00d7 03       		.byte	0x3
 1648 00d8 F2       		.byte	0xf2
 1649 00d9 E3000000 		.4byte	0xe3
ARM GAS  C:\Users\Tri94\AppData\Local\Temp\ccK187LY.s 			page 30


 1650 00dd 05       		.uleb128 0x5
 1651 00de 03       		.byte	0x3
 1652 00df 00000000 		.4byte	cy_meta_wonvl
 1653 00e3 07       		.uleb128 0x7
 1654 00e4 AC000000 		.4byte	0xac
 1655 00e8 05       		.uleb128 0x5
 1656 00e9 91000000 		.4byte	0x91
 1657 00ed F8000000 		.4byte	0xf8
 1658 00f1 09       		.uleb128 0x9
 1659 00f2 8A000000 		.4byte	0x8a
 1660 00f6 FF       		.byte	0xff
 1661 00f7 00       		.byte	0
 1662 00f8 0A       		.uleb128 0xa
 1663 00f9 25010000 		.4byte	.LASF15
 1664 00fd 03       		.byte	0x3
 1665 00fe 0001     		.2byte	0x100
 1666 0100 0A010000 		.4byte	0x10a
 1667 0104 05       		.uleb128 0x5
 1668 0105 03       		.byte	0x3
 1669 0106 00000000 		.4byte	cy_meta_flashprotect
 1670 010a 07       		.uleb128 0x7
 1671 010b E8000000 		.4byte	0xe8
 1672 010f 05       		.uleb128 0x5
 1673 0110 91000000 		.4byte	0x91
 1674 0114 1F010000 		.4byte	0x11f
 1675 0118 09       		.uleb128 0x9
 1676 0119 8A000000 		.4byte	0x8a
 1677 011d 0B       		.byte	0xb
 1678 011e 00       		.byte	0
 1679 011f 0A       		.uleb128 0xa
 1680 0120 0A000000 		.4byte	.LASF16
 1681 0124 03       		.byte	0x3
 1682 0125 2D01     		.2byte	0x12d
 1683 0127 31010000 		.4byte	0x131
 1684 012b 05       		.uleb128 0x5
 1685 012c 03       		.byte	0x3
 1686 012d 00000000 		.4byte	cy_metadata
 1687 0131 07       		.uleb128 0x7
 1688 0132 0F010000 		.4byte	0x10f
 1689 0136 00       		.byte	0
 1690              		.section	.debug_abbrev,"",%progbits
 1691              	.Ldebug_abbrev0:
 1692 0000 01       		.uleb128 0x1
 1693 0001 11       		.uleb128 0x11
 1694 0002 01       		.byte	0x1
 1695 0003 25       		.uleb128 0x25
 1696 0004 0E       		.uleb128 0xe
 1697 0005 13       		.uleb128 0x13
 1698 0006 0B       		.uleb128 0xb
 1699 0007 03       		.uleb128 0x3
 1700 0008 0E       		.uleb128 0xe
 1701 0009 1B       		.uleb128 0x1b
 1702 000a 0E       		.uleb128 0xe
 1703 000b 10       		.uleb128 0x10
 1704 000c 17       		.uleb128 0x17
 1705 000d 00       		.byte	0
 1706 000e 00       		.byte	0
ARM GAS  C:\Users\Tri94\AppData\Local\Temp\ccK187LY.s 			page 31


 1707 000f 02       		.uleb128 0x2
 1708 0010 24       		.uleb128 0x24
 1709 0011 00       		.byte	0
 1710 0012 0B       		.uleb128 0xb
 1711 0013 0B       		.uleb128 0xb
 1712 0014 3E       		.uleb128 0x3e
 1713 0015 0B       		.uleb128 0xb
 1714 0016 03       		.uleb128 0x3
 1715 0017 0E       		.uleb128 0xe
 1716 0018 00       		.byte	0
 1717 0019 00       		.byte	0
 1718 001a 03       		.uleb128 0x3
 1719 001b 16       		.uleb128 0x16
 1720 001c 00       		.byte	0
 1721 001d 03       		.uleb128 0x3
 1722 001e 0E       		.uleb128 0xe
 1723 001f 3A       		.uleb128 0x3a
 1724 0020 0B       		.uleb128 0xb
 1725 0021 3B       		.uleb128 0x3b
 1726 0022 0B       		.uleb128 0xb
 1727 0023 49       		.uleb128 0x49
 1728 0024 13       		.uleb128 0x13
 1729 0025 00       		.byte	0
 1730 0026 00       		.byte	0
 1731 0027 04       		.uleb128 0x4
 1732 0028 24       		.uleb128 0x24
 1733 0029 00       		.byte	0
 1734 002a 0B       		.uleb128 0xb
 1735 002b 0B       		.uleb128 0xb
 1736 002c 3E       		.uleb128 0x3e
 1737 002d 0B       		.uleb128 0xb
 1738 002e 03       		.uleb128 0x3
 1739 002f 08       		.uleb128 0x8
 1740 0030 00       		.byte	0
 1741 0031 00       		.byte	0
 1742 0032 05       		.uleb128 0x5
 1743 0033 01       		.uleb128 0x1
 1744 0034 01       		.byte	0x1
 1745 0035 49       		.uleb128 0x49
 1746 0036 13       		.uleb128 0x13
 1747 0037 01       		.uleb128 0x1
 1748 0038 13       		.uleb128 0x13
 1749 0039 00       		.byte	0
 1750 003a 00       		.byte	0
 1751 003b 06       		.uleb128 0x6
 1752 003c 21       		.uleb128 0x21
 1753 003d 00       		.byte	0
 1754 003e 49       		.uleb128 0x49
 1755 003f 13       		.uleb128 0x13
 1756 0040 2F       		.uleb128 0x2f
 1757 0041 05       		.uleb128 0x5
 1758 0042 00       		.byte	0
 1759 0043 00       		.byte	0
 1760 0044 07       		.uleb128 0x7
 1761 0045 26       		.uleb128 0x26
 1762 0046 00       		.byte	0
 1763 0047 49       		.uleb128 0x49
ARM GAS  C:\Users\Tri94\AppData\Local\Temp\ccK187LY.s 			page 32


 1764 0048 13       		.uleb128 0x13
 1765 0049 00       		.byte	0
 1766 004a 00       		.byte	0
 1767 004b 08       		.uleb128 0x8
 1768 004c 34       		.uleb128 0x34
 1769 004d 00       		.byte	0
 1770 004e 03       		.uleb128 0x3
 1771 004f 0E       		.uleb128 0xe
 1772 0050 3A       		.uleb128 0x3a
 1773 0051 0B       		.uleb128 0xb
 1774 0052 3B       		.uleb128 0x3b
 1775 0053 0B       		.uleb128 0xb
 1776 0054 49       		.uleb128 0x49
 1777 0055 13       		.uleb128 0x13
 1778 0056 3F       		.uleb128 0x3f
 1779 0057 19       		.uleb128 0x19
 1780 0058 02       		.uleb128 0x2
 1781 0059 18       		.uleb128 0x18
 1782 005a 00       		.byte	0
 1783 005b 00       		.byte	0
 1784 005c 09       		.uleb128 0x9
 1785 005d 21       		.uleb128 0x21
 1786 005e 00       		.byte	0
 1787 005f 49       		.uleb128 0x49
 1788 0060 13       		.uleb128 0x13
 1789 0061 2F       		.uleb128 0x2f
 1790 0062 0B       		.uleb128 0xb
 1791 0063 00       		.byte	0
 1792 0064 00       		.byte	0
 1793 0065 0A       		.uleb128 0xa
 1794 0066 34       		.uleb128 0x34
 1795 0067 00       		.byte	0
 1796 0068 03       		.uleb128 0x3
 1797 0069 0E       		.uleb128 0xe
 1798 006a 3A       		.uleb128 0x3a
 1799 006b 0B       		.uleb128 0xb
 1800 006c 3B       		.uleb128 0x3b
 1801 006d 05       		.uleb128 0x5
 1802 006e 49       		.uleb128 0x49
 1803 006f 13       		.uleb128 0x13
 1804 0070 3F       		.uleb128 0x3f
 1805 0071 19       		.uleb128 0x19
 1806 0072 02       		.uleb128 0x2
 1807 0073 18       		.uleb128 0x18
 1808 0074 00       		.byte	0
 1809 0075 00       		.byte	0
 1810 0076 00       		.byte	0
 1811              		.section	.debug_aranges,"",%progbits
 1812 0000 14000000 		.4byte	0x14
 1813 0004 0200     		.2byte	0x2
 1814 0006 00000000 		.4byte	.Ldebug_info0
 1815 000a 04       		.byte	0x4
 1816 000b 00       		.byte	0
 1817 000c 0000     		.2byte	0
 1818 000e 0000     		.2byte	0
 1819 0010 00000000 		.4byte	0
 1820 0014 00000000 		.4byte	0
ARM GAS  C:\Users\Tri94\AppData\Local\Temp\ccK187LY.s 			page 33


 1821              		.section	.debug_line,"",%progbits
 1822              	.Ldebug_line0:
 1823 0000 3D010000 		.section	.debug_str,"MS",%progbits,1
 1823      02003701 
 1823      00000201 
 1823      FB0E0D00 
 1823      01010101 
 1824              	.LASF9:
 1825 0000 5F5F7569 		.ascii	"__uint8_t\000"
 1825      6E74385F 
 1825      7400
 1826              	.LASF16:
 1827 000a 63795F6D 		.ascii	"cy_metadata\000"
 1827      65746164 
 1827      61746100 
 1828              	.LASF1:
 1829 0016 756E7369 		.ascii	"unsigned char\000"
 1829      676E6564 
 1829      20636861 
 1829      7200
 1830              	.LASF17:
 1831 0024 474E5520 		.ascii	"GNU C11 5.4.1 20160609 (release) [ARM/embedded-5-br"
 1831      43313120 
 1831      352E342E 
 1831      31203230 
 1831      31363036 
 1832 0057 616E6368 		.ascii	"anch revision 237715] -mcpu=cortex-m3 -mthumb -g -O"
 1832      20726576 
 1832      6973696F 
 1832      6E203233 
 1832      37373135 
 1833 008a 67202D66 		.ascii	"g -ffunction-sections -ffat-lto-objects\000"
 1833      66756E63 
 1833      74696F6E 
 1833      2D736563 
 1833      74696F6E 
 1834              	.LASF5:
 1835 00b2 6C6F6E67 		.ascii	"long unsigned int\000"
 1835      20756E73 
 1835      69676E65 
 1835      6420696E 
 1835      7400
 1836              	.LASF3:
 1837 00c4 73686F72 		.ascii	"short unsigned int\000"
 1837      7420756E 
 1837      7369676E 
 1837      65642069 
 1837      6E7400
 1838              	.LASF13:
 1839 00d7 63795F6D 		.ascii	"cy_meta_custnvl\000"
 1839      6574615F 
 1839      63757374 
 1839      6E766C00 
 1840              	.LASF12:
 1841 00e7 63795F6D 		.ascii	"cy_meta_configecc\000"
 1841      6574615F 
 1841      636F6E66 
ARM GAS  C:\Users\Tri94\AppData\Local\Temp\ccK187LY.s 			page 34


 1841      69676563 
 1841      6300
 1842              	.LASF8:
 1843 00f9 756E7369 		.ascii	"unsigned int\000"
 1843      676E6564 
 1843      20696E74 
 1843      00
 1844              	.LASF7:
 1845 0106 6C6F6E67 		.ascii	"long long unsigned int\000"
 1845      206C6F6E 
 1845      6720756E 
 1845      7369676E 
 1845      65642069 
 1846              	.LASF10:
 1847 011d 75696E74 		.ascii	"uint8_t\000"
 1847      385F7400 
 1848              	.LASF15:
 1849 0125 63795F6D 		.ascii	"cy_meta_flashprotect\000"
 1849      6574615F 
 1849      666C6173 
 1849      6870726F 
 1849      74656374 
 1850              	.LASF14:
 1851 013a 63795F6D 		.ascii	"cy_meta_wonvl\000"
 1851      6574615F 
 1851      776F6E76 
 1851      6C00
 1852              	.LASF11:
 1853 0148 73697A65 		.ascii	"sizetype\000"
 1853      74797065 
 1853      00
 1854              	.LASF6:
 1855 0151 6C6F6E67 		.ascii	"long long int\000"
 1855      206C6F6E 
 1855      6720696E 
 1855      7400
 1856              	.LASF2:
 1857 015f 73686F72 		.ascii	"short int\000"
 1857      7420696E 
 1857      7400
 1858              	.LASF19:
 1859 0169 433A5C55 		.ascii	"C:\\Users\\Tri94\\Documents\\PSoC Creator\\EE4450\\"
 1859      73657273 
 1859      5C547269 
 1859      39345C44 
 1859      6F63756D 
 1860 0196 45453434 		.ascii	"EE4450-Projects\\Project_Copy_01_Copy_01.cydsn\000"
 1860      35302D50 
 1860      726F6A65 
 1860      6374735C 
 1860      50726F6A 
 1861              	.LASF4:
 1862 01c4 6C6F6E67 		.ascii	"long int\000"
 1862      20696E74 
 1862      00
 1863              	.LASF0:
 1864 01cd 7369676E 		.ascii	"signed char\000"
ARM GAS  C:\Users\Tri94\AppData\Local\Temp\ccK187LY.s 			page 35


 1864      65642063 
 1864      68617200 
 1865              	.LASF18:
 1866 01d9 47656E65 		.ascii	"Generated_Source\\PSoC5\\cymetadata.c\000"
 1866      72617465 
 1866      645F536F 
 1866      75726365 
 1866      5C50536F 
 1867              		.ident	"GCC: (GNU Tools for ARM Embedded Processors) 5.4.1 20160609 (release) [ARM/embedded-5-bran
