ARM GAS  C:\Users\Tri94\AppData\Local\Temp\ccugqdSj.s 			page 1


   1              		.syntax unified
   2              		.cpu cortex-m3
   3              		.fpu softvfp
   4              		.eabi_attribute 20, 1
   5              		.eabi_attribute 21, 1
   6              		.eabi_attribute 23, 3
   7              		.eabi_attribute 24, 1
   8              		.eabi_attribute 25, 1
   9              		.eabi_attribute 26, 1
  10              		.eabi_attribute 30, 1
  11              		.eabi_attribute 34, 1
  12              		.eabi_attribute 18, 4
  13              		.thumb
  14              		.syntax unified
  15              		.file	"cymetadata.c"
  16              		.text
  17              	.Ltext0:
  18              		.cfi_sections	.debug_frame
  19              		.global	cy_metadata
  20              		.global	cy_meta_flashprotect
  21              		.global	cy_meta_wonvl
  22              		.global	cy_meta_custnvl
  23              		.global	cy_meta_configecc
  24              		.section	.cyconfigecc,"a",%progbits
  25              		.align	2
  26              		.type	cy_meta_configecc, %object
  27              		.size	cy_meta_configecc, 1064
  28              	cy_meta_configecc:
  29 0000 02       		.byte	2
  30 0001 52       		.byte	82
  31 0002 00       		.byte	0
  32 0003 40       		.byte	64
  33 0004 01       		.byte	1
  34 0005 64       		.byte	100
  35 0006 00       		.byte	0
  36 0007 40       		.byte	64
  37 0008 02       		.byte	2
  38 0009 65       		.byte	101
  39 000a 00       		.byte	0
  40 000b 40       		.byte	64
  41 000c 41       		.byte	65
  42 000d 08       		.byte	8
  43 000e 01       		.byte	1
  44 000f 40       		.byte	64
  45 0010 33       		.byte	51
  46 0011 09       		.byte	9
  47 0012 01       		.byte	1
  48 0013 40       		.byte	64
  49 0014 01       		.byte	1
  50 0015 15       		.byte	21
  51 0016 01       		.byte	1
  52 0017 40       		.byte	64
  53 0018 01       		.byte	1
  54 0019 17       		.byte	23
  55 001a 01       		.byte	1
  56 001b 40       		.byte	64
  57 001c 56       		.byte	86
ARM GAS  C:\Users\Tri94\AppData\Local\Temp\ccugqdSj.s 			page 2


  58 001d 18       		.byte	24
  59 001e 01       		.byte	1
  60 001f 40       		.byte	64
  61 0020 43       		.byte	67
  62 0021 19       		.byte	25
  63 0022 01       		.byte	1
  64 0023 40       		.byte	64
  65 0024 5D       		.byte	93
  66 0025 1A       		.byte	26
  67 0026 01       		.byte	1
  68 0027 40       		.byte	64
  69 0028 4E       		.byte	78
  70 0029 1B       		.byte	27
  71 002a 01       		.byte	1
  72 002b 40       		.byte	64
  73 002c 04       		.byte	4
  74 002d 40       		.byte	64
  75 002e 01       		.byte	1
  76 002f 40       		.byte	64
  77 0030 02       		.byte	2
  78 0031 41       		.byte	65
  79 0032 01       		.byte	1
  80 0033 40       		.byte	64
  81 0034 02       		.byte	2
  82 0035 42       		.byte	66
  83 0036 01       		.byte	1
  84 0037 40       		.byte	64
  85 0038 02       		.byte	2
  86 0039 43       		.byte	67
  87 003a 01       		.byte	1
  88 003b 40       		.byte	64
  89 003c 03       		.byte	3
  90 003d 48       		.byte	72
  91 003e 01       		.byte	1
  92 003f 40       		.byte	64
  93 0040 03       		.byte	3
  94 0041 49       		.byte	73
  95 0042 01       		.byte	1
  96 0043 40       		.byte	64
  97 0044 04       		.byte	4
  98 0045 4C       		.byte	76
  99 0046 01       		.byte	1
 100 0047 40       		.byte	64
 101 0048 03       		.byte	3
 102 0049 4D       		.byte	77
 103 004a 01       		.byte	1
 104 004b 40       		.byte	64
 105 004c 04       		.byte	4
 106 004d 50       		.byte	80
 107 004e 01       		.byte	1
 108 004f 40       		.byte	64
 109 0050 01       		.byte	1
 110 0051 51       		.byte	81
 111 0052 01       		.byte	1
 112 0053 40       		.byte	64
 113 0054 09       		.byte	9
 114 0055 40       		.byte	64
ARM GAS  C:\Users\Tri94\AppData\Local\Temp\ccugqdSj.s 			page 3


 115 0056 0C       		.byte	12
 116 0057 80       		.byte	-128
 117 0058 89       		.byte	-119
 118 0059 72       		.byte	114
 119 005a 88       		.byte	-120
 120 005b 38       		.byte	56
 121 005c 8A       		.byte	-118
 122 005d 0F       		.byte	15
 123 005e 00       		.byte	0
 124 005f 0C       		.byte	12
 125 0060 01       		.byte	1
 126 0061 04       		.byte	4
 127 0062 02       		.byte	2
 128 0063 02       		.byte	2
 129 0064 04       		.byte	4
 130 0065 0C       		.byte	12
 131 0066 05       		.byte	5
 132 0067 02       		.byte	2
 133 0068 08       		.byte	8
 134 0069 0E       		.byte	14
 135 006a 09       		.byte	9
 136 006b 06       		.byte	6
 137 006c 0C       		.byte	12
 138 006d 08       		.byte	8
 139 006e 10       		.byte	16
 140 006f 02       		.byte	2
 141 0070 11       		.byte	17
 142 0071 09       		.byte	9
 143 0072 12       		.byte	18
 144 0073 0C       		.byte	12
 145 0074 13       		.byte	19
 146 0075 06       		.byte	6
 147 0076 15       		.byte	21
 148 0077 0F       		.byte	15
 149 0078 16       		.byte	22
 150 0079 01       		.byte	1
 151 007a 18       		.byte	24
 152 007b 04       		.byte	4
 153 007c 1E       		.byte	30
 154 007d 02       		.byte	2
 155 007e 1F       		.byte	31
 156 007f 01       		.byte	1
 157 0080 24       		.byte	36
 158 0081 0C       		.byte	12
 159 0082 26       		.byte	38
 160 0083 02       		.byte	2
 161 0084 29       		.byte	41
 162 0085 06       		.byte	6
 163 0086 2A       		.byte	42
 164 0087 01       		.byte	1
 165 0088 2B       		.byte	43
 166 0089 09       		.byte	9
 167 008a 2D       		.byte	45
 168 008b 07       		.byte	7
 169 008c 2F       		.byte	47
 170 008d 08       		.byte	8
 171 008e 32       		.byte	50
ARM GAS  C:\Users\Tri94\AppData\Local\Temp\ccugqdSj.s 			page 4


 172 008f 01       		.byte	1
 173 0090 33       		.byte	51
 174 0091 07       		.byte	7
 175 0092 34       		.byte	52
 176 0093 0E       		.byte	14
 177 0094 35       		.byte	53
 178 0095 08       		.byte	8
 179 0096 39       		.byte	57
 180 0097 20       		.byte	32
 181 0098 3A       		.byte	58
 182 0099 20       		.byte	32
 183 009a 3E       		.byte	62
 184 009b 04       		.byte	4
 185 009c 58       		.byte	88
 186 009d 04       		.byte	4
 187 009e 59       		.byte	89
 188 009f 04       		.byte	4
 189 00a0 5F       		.byte	95
 190 00a1 01       		.byte	1
 191 00a2 81       		.byte	-127
 192 00a3 01       		.byte	1
 193 00a4 82       		.byte	-126
 194 00a5 04       		.byte	4
 195 00a6 84       		.byte	-124
 196 00a7 04       		.byte	4
 197 00a8 85       		.byte	-123
 198 00a9 02       		.byte	2
 199 00aa 88       		.byte	-120
 200 00ab 1C       		.byte	28
 201 00ac 8A       		.byte	-118
 202 00ad 01       		.byte	1
 203 00ae 8C       		.byte	-116
 204 00af 07       		.byte	7
 205 00b0 8D       		.byte	-115
 206 00b1 02       		.byte	2
 207 00b2 8E       		.byte	-114
 208 00b3 18       		.byte	24
 209 00b4 90       		.byte	-112
 210 00b5 1C       		.byte	28
 211 00b6 92       		.byte	-110
 212 00b7 02       		.byte	2
 213 00b8 94       		.byte	-108
 214 00b9 1F       		.byte	31
 215 00ba 95       		.byte	-107
 216 00bb 01       		.byte	1
 217 00bc 98       		.byte	-104
 218 00bd 08       		.byte	8
 219 00be 99       		.byte	-103
 220 00bf 02       		.byte	2
 221 00c0 9E       		.byte	-98
 222 00c1 03       		.byte	3
 223 00c2 A0       		.byte	-96
 224 00c3 10       		.byte	16
 225 00c4 A1       		.byte	-95
 226 00c5 01       		.byte	1
 227 00c6 A8       		.byte	-88
 228 00c7 18       		.byte	24
ARM GAS  C:\Users\Tri94\AppData\Local\Temp\ccugqdSj.s 			page 5


 229 00c8 A9       		.byte	-87
 230 00c9 01       		.byte	1
 231 00ca B0       		.byte	-80
 232 00cb 1F       		.byte	31
 233 00cc B1       		.byte	-79
 234 00cd 01       		.byte	1
 235 00ce B7       		.byte	-73
 236 00cf 02       		.byte	2
 237 00d0 BA       		.byte	-70
 238 00d1 02       		.byte	2
 239 00d2 BF       		.byte	-65
 240 00d3 01       		.byte	1
 241 00d4 D6       		.byte	-42
 242 00d5 02       		.byte	2
 243 00d6 D7       		.byte	-41
 244 00d7 13       		.byte	19
 245 00d8 D8       		.byte	-40
 246 00d9 04       		.byte	4
 247 00da D9       		.byte	-39
 248 00db 04       		.byte	4
 249 00dc DB       		.byte	-37
 250 00dd 04       		.byte	4
 251 00de DF       		.byte	-33
 252 00df 01       		.byte	1
 253 00e0 01       		.byte	1
 254 00e1 2A       		.byte	42
 255 00e2 02       		.byte	2
 256 00e3 01       		.byte	1
 257 00e4 03       		.byte	3
 258 00e5 01       		.byte	1
 259 00e6 04       		.byte	4
 260 00e7 08       		.byte	8
 261 00e8 05       		.byte	5
 262 00e9 01       		.byte	1
 263 00ea 06       		.byte	6
 264 00eb 02       		.byte	2
 265 00ec 07       		.byte	7
 266 00ed 04       		.byte	4
 267 00ee 08       		.byte	8
 268 00ef 04       		.byte	4
 269 00f0 09       		.byte	9
 270 00f1 A0       		.byte	-96
 271 00f2 0A       		.byte	10
 272 00f3 40       		.byte	64
 273 00f4 0D       		.byte	13
 274 00f5 A1       		.byte	-95
 275 00f6 0E       		.byte	14
 276 00f7 20       		.byte	32
 277 00f8 13       		.byte	19
 278 00f9 11       		.byte	17
 279 00fa 16       		.byte	22
 280 00fb 24       		.byte	36
 281 00fc 19       		.byte	25
 282 00fd 01       		.byte	1
 283 00fe 1A       		.byte	26
 284 00ff C0       		.byte	-64
 285 0100 1D       		.byte	29
ARM GAS  C:\Users\Tri94\AppData\Local\Temp\ccugqdSj.s 			page 6


 286 0101 10       		.byte	16
 287 0102 1F       		.byte	31
 288 0103 04       		.byte	4
 289 0104 21       		.byte	33
 290 0105 80       		.byte	-128
 291 0106 22       		.byte	34
 292 0107 81       		.byte	-127
 293 0108 26       		.byte	38
 294 0109 10       		.byte	16
 295 010a 27       		.byte	39
 296 010b 10       		.byte	16
 297 010c 29       		.byte	41
 298 010d 31       		.byte	49
 299 010e 2A       		.byte	42
 300 010f 20       		.byte	32
 301 0110 2E       		.byte	46
 302 0111 60       		.byte	96
 303 0112 31       		.byte	49
 304 0113 04       		.byte	4
 305 0114 32       		.byte	50
 306 0115 10       		.byte	16
 307 0116 33       		.byte	51
 308 0117 04       		.byte	4
 309 0118 35       		.byte	53
 310 0119 04       		.byte	4
 311 011a 36       		.byte	54
 312 011b 80       		.byte	-128
 313 011c 37       		.byte	55
 314 011d 01       		.byte	1
 315 011e 39       		.byte	57
 316 011f 46       		.byte	70
 317 0120 3A       		.byte	58
 318 0121 01       		.byte	1
 319 0122 3E       		.byte	62
 320 0123 12       		.byte	18
 321 0124 3F       		.byte	63
 322 0125 04       		.byte	4
 323 0126 5A       		.byte	90
 324 0127 02       		.byte	2
 325 0128 69       		.byte	105
 326 0129 44       		.byte	68
 327 012a 6A       		.byte	106
 328 012b 20       		.byte	32
 329 012c 70       		.byte	112
 330 012d 14       		.byte	20
 331 012e 71       		.byte	113
 332 012f 20       		.byte	32
 333 0130 72       		.byte	114
 334 0131 12       		.byte	18
 335 0132 73       		.byte	115
 336 0133 15       		.byte	21
 337 0134 89       		.byte	-119
 338 0135 80       		.byte	-128
 339 0136 8A       		.byte	-118
 340 0137 20       		.byte	32
 341 0138 C0       		.byte	-64
 342 0139 FF       		.byte	-1
ARM GAS  C:\Users\Tri94\AppData\Local\Temp\ccugqdSj.s 			page 7


 343 013a C2       		.byte	-62
 344 013b FF       		.byte	-1
 345 013c C4       		.byte	-60
 346 013d 6A       		.byte	106
 347 013e CA       		.byte	-54
 348 013f 35       		.byte	53
 349 0140 CC       		.byte	-52
 350 0141 D6       		.byte	-42
 351 0142 CE       		.byte	-50
 352 0143 EB       		.byte	-21
 353 0144 D6       		.byte	-42
 354 0145 01       		.byte	1
 355 0146 E6       		.byte	-26
 356 0147 02       		.byte	2
 357 0148 EE       		.byte	-18
 358 0149 01       		.byte	1
 359 014a 01       		.byte	1
 360 014b 01       		.byte	1
 361 014c 05       		.byte	5
 362 014d 02       		.byte	2
 363 014e 0F       		.byte	15
 364 014f 04       		.byte	4
 365 0150 1B       		.byte	27
 366 0151 04       		.byte	4
 367 0152 1F       		.byte	31
 368 0153 01       		.byte	1
 369 0154 2D       		.byte	45
 370 0155 01       		.byte	1
 371 0156 33       		.byte	51
 372 0157 03       		.byte	3
 373 0158 35       		.byte	53
 374 0159 04       		.byte	4
 375 015a 39       		.byte	57
 376 015b 08       		.byte	8
 377 015c 3A       		.byte	58
 378 015d 08       		.byte	8
 379 015e 3F       		.byte	63
 380 015f 10       		.byte	16
 381 0160 40       		.byte	64
 382 0161 51       		.byte	81
 383 0162 41       		.byte	65
 384 0163 02       		.byte	2
 385 0164 42       		.byte	66
 386 0165 03       		.byte	3
 387 0166 44       		.byte	68
 388 0167 06       		.byte	6
 389 0168 46       		.byte	70
 390 0169 0C       		.byte	12
 391 016a 47       		.byte	71
 392 016b 0E       		.byte	14
 393 016c 48       		.byte	72
 394 016d 14       		.byte	20
 395 016e 49       		.byte	73
 396 016f FF       		.byte	-1
 397 0170 4A       		.byte	74
 398 0171 FF       		.byte	-1
 399 0172 4B       		.byte	75
ARM GAS  C:\Users\Tri94\AppData\Local\Temp\ccugqdSj.s 			page 8


 400 0173 FF       		.byte	-1
 401 0174 4C       		.byte	76
 402 0175 62       		.byte	98
 403 0176 4D       		.byte	77
 404 0177 A0       		.byte	-96
 405 0178 4E       		.byte	78
 406 0179 F0       		.byte	-16
 407 017a 4F       		.byte	79
 408 017b 41       		.byte	65
 409 017c 50       		.byte	80
 410 017d 0C       		.byte	12
 411 017e 54       		.byte	84
 412 017f 18       		.byte	24
 413 0180 56       		.byte	86
 414 0181 04       		.byte	4
 415 0182 58       		.byte	88
 416 0183 04       		.byte	4
 417 0184 59       		.byte	89
 418 0185 04       		.byte	4
 419 0186 5A       		.byte	90
 420 0187 04       		.byte	4
 421 0188 5B       		.byte	91
 422 0189 04       		.byte	4
 423 018a 5F       		.byte	95
 424 018b 01       		.byte	1
 425 018c 66       		.byte	102
 426 018d 40       		.byte	64
 427 018e 67       		.byte	103
 428 018f 02       		.byte	2
 429 0190 69       		.byte	105
 430 0191 10       		.byte	16
 431 0192 6A       		.byte	106
 432 0193 30       		.byte	48
 433 0194 6B       		.byte	107
 434 0195 10       		.byte	16
 435 0196 6D       		.byte	109
 436 0197 10       		.byte	16
 437 0198 6E       		.byte	110
 438 0199 10       		.byte	16
 439 019a 6F       		.byte	111
 440 019b 12       		.byte	18
 441 019c 80       		.byte	-128
 442 019d 04       		.byte	4
 443 019e 81       		.byte	-127
 444 019f 08       		.byte	8
 445 01a0 82       		.byte	-126
 446 01a1 0A       		.byte	10
 447 01a2 85       		.byte	-123
 448 01a3 0C       		.byte	12
 449 01a4 86       		.byte	-122
 450 01a5 50       		.byte	80
 451 01a6 88       		.byte	-120
 452 01a7 08       		.byte	8
 453 01a8 89       		.byte	-119
 454 01a9 04       		.byte	4
 455 01aa 8A       		.byte	-118
 456 01ab 06       		.byte	6
ARM GAS  C:\Users\Tri94\AppData\Local\Temp\ccugqdSj.s 			page 9


 457 01ac 8C       		.byte	-116
 458 01ad 30       		.byte	48
 459 01ae 8D       		.byte	-115
 460 01af 63       		.byte	99
 461 01b0 8E       		.byte	-114
 462 01b1 40       		.byte	64
 463 01b2 8F       		.byte	-113
 464 01b3 0C       		.byte	12
 465 01b4 90       		.byte	-112
 466 01b5 30       		.byte	48
 467 01b6 91       		.byte	-111
 468 01b7 63       		.byte	99
 469 01b8 92       		.byte	-110
 470 01b9 C0       		.byte	-64
 471 01ba 94       		.byte	-108
 472 01bb 0C       		.byte	12
 473 01bc 95       		.byte	-107
 474 01bd 6F       		.byte	111
 475 01be 99       		.byte	-103
 476 01bf 10       		.byte	16
 477 01c0 9A       		.byte	-102
 478 01c1 01       		.byte	1
 479 01c2 9D       		.byte	-99
 480 01c3 0C       		.byte	12
 481 01c4 9F       		.byte	-97
 482 01c5 63       		.byte	99
 483 01c6 A0       		.byte	-96
 484 01c7 A0       		.byte	-96
 485 01c8 A2       		.byte	-94
 486 01c9 40       		.byte	64
 487 01ca A3       		.byte	-93
 488 01cb 63       		.byte	99
 489 01cc A4       		.byte	-92
 490 01cd 0C       		.byte	12
 491 01ce A5       		.byte	-91
 492 01cf 21       		.byte	33
 493 01d0 A9       		.byte	-87
 494 01d1 42       		.byte	66
 495 01d2 AA       		.byte	-86
 496 01d3 80       		.byte	-128
 497 01d4 AC       		.byte	-84
 498 01d5 30       		.byte	48
 499 01d6 AD       		.byte	-83
 500 01d7 0F       		.byte	15
 501 01d8 AE       		.byte	-82
 502 01d9 40       		.byte	64
 503 01da AF       		.byte	-81
 504 01db 60       		.byte	96
 505 01dc B1       		.byte	-79
 506 01dd 0F       		.byte	15
 507 01de B2       		.byte	-78
 508 01df 0C       		.byte	12
 509 01e0 B3       		.byte	-77
 510 01e1 60       		.byte	96
 511 01e2 B4       		.byte	-76
 512 01e3 03       		.byte	3
 513 01e4 B5       		.byte	-75
ARM GAS  C:\Users\Tri94\AppData\Local\Temp\ccugqdSj.s 			page 10


 514 01e5 10       		.byte	16
 515 01e6 B6       		.byte	-74
 516 01e7 F0       		.byte	-16
 517 01e8 BA       		.byte	-70
 518 01e9 80       		.byte	-128
 519 01ea BB       		.byte	-69
 520 01eb 02       		.byte	2
 521 01ec BE       		.byte	-66
 522 01ed 10       		.byte	16
 523 01ee BF       		.byte	-65
 524 01ef 10       		.byte	16
 525 01f0 D8       		.byte	-40
 526 01f1 04       		.byte	4
 527 01f2 D9       		.byte	-39
 528 01f3 04       		.byte	4
 529 01f4 DF       		.byte	-33
 530 01f5 01       		.byte	1
 531 01f6 00       		.byte	0
 532 01f7 0A       		.byte	10
 533 01f8 03       		.byte	3
 534 01f9 0A       		.byte	10
 535 01fa 09       		.byte	9
 536 01fb 01       		.byte	1
 537 01fc 0A       		.byte	10
 538 01fd 24       		.byte	36
 539 01fe 11       		.byte	17
 540 01ff 44       		.byte	68
 541 0200 12       		.byte	18
 542 0201 40       		.byte	64
 543 0202 13       		.byte	19
 544 0203 20       		.byte	32
 545 0204 1A       		.byte	26
 546 0205 01       		.byte	1
 547 0206 1B       		.byte	27
 548 0207 18       		.byte	24
 549 0208 1D       		.byte	29
 550 0209 04       		.byte	4
 551 020a 20       		.byte	32
 552 020b 04       		.byte	4
 553 020c 21       		.byte	33
 554 020d 01       		.byte	1
 555 020e 22       		.byte	34
 556 020f 09       		.byte	9
 557 0210 23       		.byte	35
 558 0211 40       		.byte	64
 559 0212 25       		.byte	37
 560 0213 10       		.byte	16
 561 0214 27       		.byte	39
 562 0215 20       		.byte	32
 563 0216 29       		.byte	41
 564 0217 88       		.byte	-120
 565 0218 2A       		.byte	42
 566 0219 01       		.byte	1
 567 021a 2B       		.byte	43
 568 021b 08       		.byte	8
 569 021c 2E       		.byte	46
 570 021d 40       		.byte	64
ARM GAS  C:\Users\Tri94\AppData\Local\Temp\ccugqdSj.s 			page 11


 571 021e 30       		.byte	48
 572 021f 04       		.byte	4
 573 0220 31       		.byte	49
 574 0221 24       		.byte	36
 575 0222 32       		.byte	50
 576 0223 40       		.byte	64
 577 0224 33       		.byte	51
 578 0225 01       		.byte	1
 579 0226 34       		.byte	52
 580 0227 20       		.byte	32
 581 0228 37       		.byte	55
 582 0229 50       		.byte	80
 583 022a 38       		.byte	56
 584 022b 28       		.byte	40
 585 022c 3B       		.byte	59
 586 022d 41       		.byte	65
 587 022e 3C       		.byte	60
 588 022f 08       		.byte	8
 589 0230 3D       		.byte	61
 590 0231 02       		.byte	2
 591 0232 3E       		.byte	62
 592 0233 01       		.byte	1
 593 0234 3F       		.byte	63
 594 0235 80       		.byte	-128
 595 0236 44       		.byte	68
 596 0237 24       		.byte	36
 597 0238 45       		.byte	69
 598 0239 80       		.byte	-128
 599 023a 46       		.byte	70
 600 023b 01       		.byte	1
 601 023c 4E       		.byte	78
 602 023d 01       		.byte	1
 603 023e 4F       		.byte	79
 604 023f 20       		.byte	32
 605 0240 56       		.byte	86
 606 0241 04       		.byte	4
 607 0242 57       		.byte	87
 608 0243 40       		.byte	64
 609 0244 5D       		.byte	93
 610 0245 01       		.byte	1
 611 0246 64       		.byte	100
 612 0247 80       		.byte	-128
 613 0248 66       		.byte	102
 614 0249 80       		.byte	-128
 615 024a 67       		.byte	103
 616 024b 08       		.byte	8
 617 024c 89       		.byte	-119
 618 024d 01       		.byte	1
 619 024e 8A       		.byte	-118
 620 024f 08       		.byte	8
 621 0250 90       		.byte	-112
 622 0251 28       		.byte	40
 623 0252 91       		.byte	-111
 624 0253 04       		.byte	4
 625 0254 92       		.byte	-110
 626 0255 A0       		.byte	-96
 627 0256 93       		.byte	-109
ARM GAS  C:\Users\Tri94\AppData\Local\Temp\ccugqdSj.s 			page 12


 628 0257 09       		.byte	9
 629 0258 95       		.byte	-107
 630 0259 02       		.byte	2
 631 025a 99       		.byte	-103
 632 025b 80       		.byte	-128
 633 025c 9B       		.byte	-101
 634 025d 10       		.byte	16
 635 025e 9C       		.byte	-100
 636 025f 84       		.byte	-124
 637 0260 9D       		.byte	-99
 638 0261 0E       		.byte	14
 639 0262 9E       		.byte	-98
 640 0263 04       		.byte	4
 641 0264 A1       		.byte	-95
 642 0265 80       		.byte	-128
 643 0266 A8       		.byte	-88
 644 0267 80       		.byte	-128
 645 0268 C0       		.byte	-64
 646 0269 0F       		.byte	15
 647 026a C2       		.byte	-62
 648 026b 0E       		.byte	14
 649 026c C4       		.byte	-60
 650 026d 0F       		.byte	15
 651 026e CA       		.byte	-54
 652 026f 1F       		.byte	31
 653 0270 CC       		.byte	-52
 654 0271 3F       		.byte	63
 655 0272 CE       		.byte	-50
 656 0273 DF       		.byte	-33
 657 0274 D0       		.byte	-48
 658 0275 70       		.byte	112
 659 0276 D2       		.byte	-46
 660 0277 30       		.byte	48
 661 0278 D6       		.byte	-42
 662 0279 80       		.byte	-128
 663 027a D8       		.byte	-40
 664 027b B0       		.byte	-80
 665 027c 00       		.byte	0
 666 027d 02       		.byte	2
 667 027e 01       		.byte	1
 668 027f 20       		.byte	32
 669 0280 02       		.byte	2
 670 0281 11       		.byte	17
 671 0282 04       		.byte	4
 672 0283 08       		.byte	8
 673 0284 07       		.byte	7
 674 0285 01       		.byte	1
 675 0286 08       		.byte	8
 676 0287 04       		.byte	4
 677 0288 0A       		.byte	10
 678 0289 01       		.byte	1
 679 028a 0D       		.byte	13
 680 028b 38       		.byte	56
 681 028c 0F       		.byte	15
 682 028d 05       		.byte	5
 683 028e 14       		.byte	20
 684 028f 07       		.byte	7
ARM GAS  C:\Users\Tri94\AppData\Local\Temp\ccugqdSj.s 			page 13


 685 0290 18       		.byte	24
 686 0291 01       		.byte	1
 687 0292 1A       		.byte	26
 688 0293 06       		.byte	6
 689 0294 1B       		.byte	27
 690 0295 06       		.byte	6
 691 0296 1D       		.byte	29
 692 0297 28       		.byte	40
 693 0298 21       		.byte	33
 694 0299 21       		.byte	33
 695 029a 23       		.byte	35
 696 029b 18       		.byte	24
 697 029c 24       		.byte	36
 698 029d 07       		.byte	7
 699 029e 27       		.byte	39
 700 029f 01       		.byte	1
 701 02a0 29       		.byte	41
 702 02a1 12       		.byte	18
 703 02a2 2B       		.byte	43
 704 02a3 20       		.byte	32
 705 02a4 2D       		.byte	45
 706 02a5 19       		.byte	25
 707 02a6 2F       		.byte	47
 708 02a7 22       		.byte	34
 709 02a8 30       		.byte	48
 710 02a9 10       		.byte	16
 711 02aa 32       		.byte	50
 712 02ab 08       		.byte	8
 713 02ac 34       		.byte	52
 714 02ad 07       		.byte	7
 715 02ae 35       		.byte	53
 716 02af 3E       		.byte	62
 717 02b0 37       		.byte	55
 718 02b1 01       		.byte	1
 719 02b2 3E       		.byte	62
 720 02b3 04       		.byte	4
 721 02b4 3F       		.byte	63
 722 02b5 40       		.byte	64
 723 02b6 40       		.byte	64
 724 02b7 12       		.byte	18
 725 02b8 41       		.byte	65
 726 02b9 05       		.byte	5
 727 02ba 45       		.byte	69
 728 02bb 0C       		.byte	12
 729 02bc 46       		.byte	70
 730 02bd EB       		.byte	-21
 731 02be 48       		.byte	72
 732 02bf 0D       		.byte	13
 733 02c0 49       		.byte	73
 734 02c1 FF       		.byte	-1
 735 02c2 4A       		.byte	74
 736 02c3 FF       		.byte	-1
 737 02c4 4B       		.byte	75
 738 02c5 FF       		.byte	-1
 739 02c6 4E       		.byte	78
 740 02c7 F0       		.byte	-16
 741 02c8 4F       		.byte	79
ARM GAS  C:\Users\Tri94\AppData\Local\Temp\ccugqdSj.s 			page 14


 742 02c9 44       		.byte	68
 743 02ca 50       		.byte	80
 744 02cb 0C       		.byte	12
 745 02cc 54       		.byte	84
 746 02cd 01       		.byte	1
 747 02ce 56       		.byte	86
 748 02cf 04       		.byte	4
 749 02d0 58       		.byte	88
 750 02d1 04       		.byte	4
 751 02d2 59       		.byte	89
 752 02d3 04       		.byte	4
 753 02d4 5A       		.byte	90
 754 02d5 04       		.byte	4
 755 02d6 5B       		.byte	91
 756 02d7 04       		.byte	4
 757 02d8 5F       		.byte	95
 758 02d9 01       		.byte	1
 759 02da 66       		.byte	102
 760 02db C0       		.byte	-64
 761 02dc 6A       		.byte	106
 762 02dd 40       		.byte	64
 763 02de 6B       		.byte	107
 764 02df 02       		.byte	2
 765 02e0 80       		.byte	-128
 766 02e1 1A       		.byte	26
 767 02e2 81       		.byte	-127
 768 02e3 01       		.byte	1
 769 02e4 82       		.byte	-126
 770 02e5 04       		.byte	4
 771 02e6 83       		.byte	-125
 772 02e7 06       		.byte	6
 773 02e8 86       		.byte	-122
 774 02e9 18       		.byte	24
 775 02ea 87       		.byte	-121
 776 02eb 03       		.byte	3
 777 02ec 8E       		.byte	-114
 778 02ed 08       		.byte	8
 779 02ee 90       		.byte	-112
 780 02ef 03       		.byte	3
 781 02f0 92       		.byte	-110
 782 02f1 0C       		.byte	12
 783 02f2 9B       		.byte	-101
 784 02f3 0C       		.byte	12
 785 02f4 9C       		.byte	-100
 786 02f5 03       		.byte	3
 787 02f6 9D       		.byte	-99
 788 02f7 0C       		.byte	12
 789 02f8 9E       		.byte	-98
 790 02f9 14       		.byte	20
 791 02fa 9F       		.byte	-97
 792 02fb 03       		.byte	3
 793 02fc A3       		.byte	-93
 794 02fd 08       		.byte	8
 795 02fe AA       		.byte	-86
 796 02ff 05       		.byte	5
 797 0300 AD       		.byte	-83
 798 0301 01       		.byte	1
ARM GAS  C:\Users\Tri94\AppData\Local\Temp\ccugqdSj.s 			page 15


 799 0302 AF       		.byte	-81
 800 0303 0E       		.byte	14
 801 0304 B0       		.byte	-80
 802 0305 1C       		.byte	28
 803 0306 B1       		.byte	-79
 804 0307 0F       		.byte	15
 805 0308 B2       		.byte	-78
 806 0309 03       		.byte	3
 807 030a B8       		.byte	-72
 808 030b 08       		.byte	8
 809 030c BA       		.byte	-70
 810 030d 02       		.byte	2
 811 030e BB       		.byte	-69
 812 030f 02       		.byte	2
 813 0310 BE       		.byte	-66
 814 0311 04       		.byte	4
 815 0312 C0       		.byte	-64
 816 0313 03       		.byte	3
 817 0314 C7       		.byte	-57
 818 0315 40       		.byte	64
 819 0316 C9       		.byte	-55
 820 0317 FF       		.byte	-1
 821 0318 CA       		.byte	-54
 822 0319 07       		.byte	7
 823 031a CB       		.byte	-53
 824 031b FF       		.byte	-1
 825 031c CC       		.byte	-52
 826 031d 40       		.byte	64
 827 031e CD       		.byte	-51
 828 031f 20       		.byte	32
 829 0320 CE       		.byte	-50
 830 0321 F0       		.byte	-16
 831 0322 CF       		.byte	-49
 832 0323 05       		.byte	5
 833 0324 D0       		.byte	-48
 834 0325 08       		.byte	8
 835 0326 D8       		.byte	-40
 836 0327 04       		.byte	4
 837 0328 D9       		.byte	-39
 838 0329 04       		.byte	4
 839 032a DA       		.byte	-38
 840 032b 04       		.byte	4
 841 032c DF       		.byte	-33
 842 032d 01       		.byte	1
 843 032e E0       		.byte	-32
 844 032f 40       		.byte	64
 845 0330 E1       		.byte	-31
 846 0331 A8       		.byte	-88
 847 0332 E2       		.byte	-30
 848 0333 40       		.byte	64
 849 0334 E3       		.byte	-29
 850 0335 20       		.byte	32
 851 0336 00       		.byte	0
 852 0337 02       		.byte	2
 853 0338 02       		.byte	2
 854 0339 20       		.byte	32
 855 033a 03       		.byte	3
ARM GAS  C:\Users\Tri94\AppData\Local\Temp\ccugqdSj.s 			page 16


 856 033b 08       		.byte	8
 857 033c 06       		.byte	6
 858 033d 01       		.byte	1
 859 033e 07       		.byte	7
 860 033f 60       		.byte	96
 861 0340 0A       		.byte	10
 862 0341 24       		.byte	36
 863 0342 0C       		.byte	12
 864 0343 40       		.byte	64
 865 0344 0E       		.byte	14
 866 0345 41       		.byte	65
 867 0346 11       		.byte	17
 868 0347 04       		.byte	4
 869 0348 16       		.byte	22
 870 0349 08       		.byte	8
 871 034a 19       		.byte	25
 872 034b 06       		.byte	6
 873 034c 1A       		.byte	26
 874 034d 04       		.byte	4
 875 034e 1D       		.byte	29
 876 034f 08       		.byte	8
 877 0350 1E       		.byte	30
 878 0351 40       		.byte	64
 879 0352 1F       		.byte	31
 880 0353 02       		.byte	2
 881 0354 21       		.byte	33
 882 0355 20       		.byte	32
 883 0356 22       		.byte	34
 884 0357 40       		.byte	64
 885 0358 24       		.byte	36
 886 0359 80       		.byte	-128
 887 035a 27       		.byte	39
 888 035b 40       		.byte	64
 889 035c 28       		.byte	40
 890 035d 50       		.byte	80
 891 035e 29       		.byte	41
 892 035f 98       		.byte	-104
 893 0360 2B       		.byte	43
 894 0361 02       		.byte	2
 895 0362 2E       		.byte	46
 896 0363 02       		.byte	2
 897 0364 2F       		.byte	47
 898 0365 02       		.byte	2
 899 0366 30       		.byte	48
 900 0367 80       		.byte	-128
 901 0368 31       		.byte	49
 902 0369 20       		.byte	32
 903 036a 35       		.byte	53
 904 036b 10       		.byte	16
 905 036c 37       		.byte	55
 906 036d 60       		.byte	96
 907 036e 38       		.byte	56
 908 036f 80       		.byte	-128
 909 0370 3A       		.byte	58
 910 0371 49       		.byte	73
 911 0372 3C       		.byte	60
 912 0373 08       		.byte	8
ARM GAS  C:\Users\Tri94\AppData\Local\Temp\ccugqdSj.s 			page 17


 913 0374 3E       		.byte	62
 914 0375 01       		.byte	1
 915 0376 42       		.byte	66
 916 0377 09       		.byte	9
 917 0378 45       		.byte	69
 918 0379 08       		.byte	8
 919 037a 49       		.byte	73
 920 037b 88       		.byte	-120
 921 037c 50       		.byte	80
 922 037d 80       		.byte	-128
 923 037e 52       		.byte	82
 924 037f 20       		.byte	32
 925 0380 54       		.byte	84
 926 0381 04       		.byte	4
 927 0382 56       		.byte	86
 928 0383 0B       		.byte	11
 929 0384 58       		.byte	88
 930 0385 12       		.byte	18
 931 0386 59       		.byte	89
 932 0387 04       		.byte	4
 933 0388 5A       		.byte	90
 934 0389 80       		.byte	-128
 935 038a 63       		.byte	99
 936 038b 40       		.byte	64
 937 038c 80       		.byte	-128
 938 038d 02       		.byte	2
 939 038e 82       		.byte	-126
 940 038f 20       		.byte	32
 941 0390 87       		.byte	-121
 942 0391 40       		.byte	64
 943 0392 8D       		.byte	-115
 944 0393 48       		.byte	72
 945 0394 91       		.byte	-111
 946 0395 04       		.byte	4
 947 0396 92       		.byte	-110
 948 0397 21       		.byte	33
 949 0398 95       		.byte	-107
 950 0399 40       		.byte	64
 951 039a 96       		.byte	-106
 952 039b 44       		.byte	68
 953 039c 9B       		.byte	-101
 954 039d 20       		.byte	32
 955 039e 9D       		.byte	-99
 956 039f 02       		.byte	2
 957 03a0 9E       		.byte	-98
 958 03a1 40       		.byte	64
 959 03a2 9F       		.byte	-97
 960 03a3 40       		.byte	64
 961 03a4 A0       		.byte	-96
 962 03a5 01       		.byte	1
 963 03a6 A3       		.byte	-93
 964 03a7 08       		.byte	8
 965 03a8 A4       		.byte	-92
 966 03a9 04       		.byte	4
 967 03aa A5       		.byte	-91
 968 03ab 20       		.byte	32
 969 03ac A7       		.byte	-89
ARM GAS  C:\Users\Tri94\AppData\Local\Temp\ccugqdSj.s 			page 18


 970 03ad 02       		.byte	2
 971 03ae A8       		.byte	-88
 972 03af 04       		.byte	4
 973 03b0 B0       		.byte	-80
 974 03b1 01       		.byte	1
 975 03b2 B1       		.byte	-79
 976 03b3 08       		.byte	8
 977 03b4 B2       		.byte	-78
 978 03b5 04       		.byte	4
 979 03b6 B3       		.byte	-77
 980 03b7 01       		.byte	1
 981 03b8 B5       		.byte	-75
 982 03b9 10       		.byte	16
 983 03ba B6       		.byte	-74
 984 03bb 80       		.byte	-128
 985 03bc C0       		.byte	-64
 986 03bd BE       		.byte	-66
 987 03be C2       		.byte	-62
 988 03bf 96       		.byte	-106
 989 03c0 C4       		.byte	-60
 990 03c1 44       		.byte	68
 991 03c2 CA       		.byte	-54
 992 03c3 9F       		.byte	-97
 993 03c4 CC       		.byte	-52
 994 03c5 3C       		.byte	60
 995 03c6 CE       		.byte	-50
 996 03c7 CB       		.byte	-53
 997 03c8 D0       		.byte	-48
 998 03c9 4C       		.byte	76
 999 03ca D2       		.byte	-46
 1000 03cb 08       		.byte	8
 1001 03cc D6       		.byte	-42
 1002 03cd 0F       		.byte	15
 1003 03ce D8       		.byte	-40
 1004 03cf 01       		.byte	1
 1005 03d0 E8       		.byte	-24
 1006 03d1 04       		.byte	4
 1007 03d2 33       		.byte	51
 1008 03d3 18       		.byte	24
 1009 03d4 34       		.byte	52
 1010 03d5 80       		.byte	-128
 1011 03d6 37       		.byte	55
 1012 03d7 10       		.byte	16
 1013 03d8 CC       		.byte	-52
 1014 03d9 70       		.byte	112
 1015 03da 9C       		.byte	-100
 1016 03db 80       		.byte	-128
 1017 03dc A7       		.byte	-89
 1018 03dd 08       		.byte	8
 1019 03de 9C       		.byte	-100
 1020 03df 80       		.byte	-128
 1021 03e0 A7       		.byte	-89
 1022 03e1 08       		.byte	8
 1023 03e2 9C       		.byte	-100
 1024 03e3 80       		.byte	-128
 1025 03e4 A7       		.byte	-89
 1026 03e5 08       		.byte	8
ARM GAS  C:\Users\Tri94\AppData\Local\Temp\ccugqdSj.s 			page 19


 1027 03e6 A7       		.byte	-89
 1028 03e7 08       		.byte	8
 1029 03e8 A8       		.byte	-88
 1030 03e9 80       		.byte	-128
 1031 03ea EE       		.byte	-18
 1032 03eb 80       		.byte	-128
 1033 03ec 87       		.byte	-121
 1034 03ed 08       		.byte	8
 1035 03ee A7       		.byte	-89
 1036 03ef 08       		.byte	8
 1037 03f0 E6       		.byte	-26
 1038 03f1 40       		.byte	64
 1039 03f2 0C       		.byte	12
 1040 03f3 40       		.byte	64
 1041 03f4 62       		.byte	98
 1042 03f5 01       		.byte	1
 1043 03f6 C2       		.byte	-62
 1044 03f7 01       		.byte	1
 1045 03f8 D8       		.byte	-40
 1046 03f9 02       		.byte	2
 1047 03fa AA       		.byte	-86
 1048 03fb 01       		.byte	1
 1049 03fc B0       		.byte	-80
 1050 03fd 40       		.byte	64
 1051 03fe EA       		.byte	-22
 1052 03ff 01       		.byte	1
 1053 0400 00       		.byte	0
 1054 0401 01       		.byte	1
 1055 0402 0C       		.byte	12
 1056 0403 01       		.byte	1
 1057 0404 10       		.byte	16
 1058 0405 01       		.byte	1
 1059 0406 1C       		.byte	28
 1060 0407 01       		.byte	1
 1061 0408 00       		.byte	0
 1062 0409 3F       		.byte	63
 1063 040a 00       		.byte	0
 1064 040b 00       		.byte	0
 1065 040c 00       		.byte	0
 1066 040d 7F       		.byte	127
 1067 040e 7F       		.byte	127
 1068 040f 00       		.byte	0
 1069 0410 00       		.byte	0
 1070 0411 00       		.byte	0
 1071 0412 00       		.byte	0
 1072 0413 00       		.byte	0
 1073 0414 40       		.byte	64
 1074 0415 00       		.byte	0
 1075 0416 80       		.byte	-128
 1076 0417 4B       		.byte	75
 1077 0418 4B       		.byte	75
 1078 0419 00       		.byte	0
 1079 041a 40       		.byte	64
 1080 041b 00       		.byte	0
 1081 041c 00       		.byte	0
 1082 041d 00       		.byte	0
 1083 041e 00       		.byte	0
ARM GAS  C:\Users\Tri94\AppData\Local\Temp\ccugqdSj.s 			page 20


 1084 041f 00       		.byte	0
 1085 0420 00       		.byte	0
 1086 0421 02       		.byte	2
 1087 0422 02       		.byte	2
 1088 0423 00       		.byte	0
 1089 0424 00       		.byte	0
 1090 0425 00       		.byte	0
 1091 0426 00       		.byte	0
 1092 0427 00       		.byte	0
 1093              		.section	.cywolatch,"a",%progbits
 1094              		.align	2
 1095              		.type	cy_meta_wonvl, %object
 1096              		.size	cy_meta_wonvl, 4
 1097              	cy_meta_wonvl:
 1098 0000 BC       		.byte	-68
 1099 0001 90       		.byte	-112
 1100 0002 AC       		.byte	-84
 1101 0003 AF       		.byte	-81
 1102              		.section	.cycustnvl,"a",%progbits
 1103              		.align	2
 1104              		.type	cy_meta_custnvl, %object
 1105              		.size	cy_meta_custnvl, 4
 1106              	cy_meta_custnvl:
 1107 0000 00       		.byte	0
 1108 0001 00       		.byte	0
 1109 0002 40       		.byte	64
 1110 0003 05       		.byte	5
 1111              		.section	.cymeta,"a",%progbits
 1112              		.align	2
 1113              		.type	cy_metadata, %object
 1114              		.size	cy_metadata, 12
 1115              	cy_metadata:
 1116 0000 00       		.byte	0
 1117 0001 01       		.byte	1
 1118 0002 2E       		.byte	46
 1119 0003 16       		.byte	22
 1120 0004 10       		.byte	16
 1121 0005 69       		.byte	105
 1122 0006 00       		.byte	0
 1123 0007 01       		.byte	1
 1124 0008 00       		.byte	0
 1125 0009 00       		.byte	0
 1126 000a 00       		.byte	0
 1127 000b 00       		.byte	0
 1128              		.section	.cyflashprotect,"a",%progbits
 1129              		.align	2
 1130              		.type	cy_meta_flashprotect, %object
 1131              		.size	cy_meta_flashprotect, 256
 1132              	cy_meta_flashprotect:
 1133 0000 00000000 		.space	256
 1133      00000000 
 1133      00000000 
 1133      00000000 
 1133      00000000 
 1134              		.text
 1135              	.Letext0:
 1136              		.file 1 "c:\\program files (x86)\\cypress\\psoc creator\\4.2\\psoc creator\\import\\gnu\\arm\\5.4.
ARM GAS  C:\Users\Tri94\AppData\Local\Temp\ccugqdSj.s 			page 21


 1137              		.file 2 "c:\\program files (x86)\\cypress\\psoc creator\\4.2\\psoc creator\\import\\gnu\\arm\\5.4.
 1138              		.file 3 "Generated_Source\\PSoC5\\cymetadata.c"
 1139              		.section	.debug_info,"",%progbits
 1140              	.Ldebug_info0:
 1141 0000 31010000 		.4byte	0x131
 1142 0004 0400     		.2byte	0x4
 1143 0006 00000000 		.4byte	.Ldebug_abbrev0
 1144 000a 04       		.byte	0x4
 1145 000b 01       		.uleb128 0x1
 1146 000c 24000000 		.4byte	.LASF17
 1147 0010 0C       		.byte	0xc
 1148 0011 D6010000 		.4byte	.LASF18
 1149 0015 69010000 		.4byte	.LASF19
 1150 0019 00000000 		.4byte	.Ldebug_line0
 1151 001d 02       		.uleb128 0x2
 1152 001e 01       		.byte	0x1
 1153 001f 06       		.byte	0x6
 1154 0020 CA010000 		.4byte	.LASF0
 1155 0024 03       		.uleb128 0x3
 1156 0025 00000000 		.4byte	.LASF9
 1157 0029 01       		.byte	0x1
 1158 002a 1D       		.byte	0x1d
 1159 002b 2F000000 		.4byte	0x2f
 1160 002f 02       		.uleb128 0x2
 1161 0030 01       		.byte	0x1
 1162 0031 08       		.byte	0x8
 1163 0032 16000000 		.4byte	.LASF1
 1164 0036 02       		.uleb128 0x2
 1165 0037 02       		.byte	0x2
 1166 0038 05       		.byte	0x5
 1167 0039 5F010000 		.4byte	.LASF2
 1168 003d 02       		.uleb128 0x2
 1169 003e 02       		.byte	0x2
 1170 003f 07       		.byte	0x7
 1171 0040 C4000000 		.4byte	.LASF3
 1172 0044 02       		.uleb128 0x2
 1173 0045 04       		.byte	0x4
 1174 0046 05       		.byte	0x5
 1175 0047 C1010000 		.4byte	.LASF4
 1176 004b 02       		.uleb128 0x2
 1177 004c 04       		.byte	0x4
 1178 004d 07       		.byte	0x7
 1179 004e B2000000 		.4byte	.LASF5
 1180 0052 02       		.uleb128 0x2
 1181 0053 08       		.byte	0x8
 1182 0054 05       		.byte	0x5
 1183 0055 51010000 		.4byte	.LASF6
 1184 0059 02       		.uleb128 0x2
 1185 005a 08       		.byte	0x8
 1186 005b 07       		.byte	0x7
 1187 005c 06010000 		.4byte	.LASF7
 1188 0060 04       		.uleb128 0x4
 1189 0061 04       		.byte	0x4
 1190 0062 05       		.byte	0x5
 1191 0063 696E7400 		.ascii	"int\000"
 1192 0067 02       		.uleb128 0x2
 1193 0068 04       		.byte	0x4
ARM GAS  C:\Users\Tri94\AppData\Local\Temp\ccugqdSj.s 			page 22


 1194 0069 07       		.byte	0x7
 1195 006a F9000000 		.4byte	.LASF8
 1196 006e 03       		.uleb128 0x3
 1197 006f 1D010000 		.4byte	.LASF10
 1198 0073 02       		.byte	0x2
 1199 0074 18       		.byte	0x18
 1200 0075 24000000 		.4byte	0x24
 1201 0079 05       		.uleb128 0x5
 1202 007a 91000000 		.4byte	0x91
 1203 007e 8A000000 		.4byte	0x8a
 1204 0082 06       		.uleb128 0x6
 1205 0083 8A000000 		.4byte	0x8a
 1206 0087 2704     		.2byte	0x427
 1207 0089 00       		.byte	0
 1208 008a 02       		.uleb128 0x2
 1209 008b 04       		.byte	0x4
 1210 008c 07       		.byte	0x7
 1211 008d 48010000 		.4byte	.LASF11
 1212 0091 07       		.uleb128 0x7
 1213 0092 6E000000 		.4byte	0x6e
 1214 0096 08       		.uleb128 0x8
 1215 0097 E7000000 		.4byte	.LASF12
 1216 009b 03       		.byte	0x3
 1217 009c 1F       		.byte	0x1f
 1218 009d A7000000 		.4byte	0xa7
 1219 00a1 05       		.uleb128 0x5
 1220 00a2 03       		.byte	0x3
 1221 00a3 00000000 		.4byte	cy_meta_configecc
 1222 00a7 07       		.uleb128 0x7
 1223 00a8 79000000 		.4byte	0x79
 1224 00ac 05       		.uleb128 0x5
 1225 00ad 91000000 		.4byte	0x91
 1226 00b1 BC000000 		.4byte	0xbc
 1227 00b5 09       		.uleb128 0x9
 1228 00b6 8A000000 		.4byte	0x8a
 1229 00ba 03       		.byte	0x3
 1230 00bb 00       		.byte	0
 1231 00bc 08       		.uleb128 0x8
 1232 00bd D7000000 		.4byte	.LASF13
 1233 00c1 03       		.byte	0x3
 1234 00c2 B1       		.byte	0xb1
 1235 00c3 CD000000 		.4byte	0xcd
 1236 00c7 05       		.uleb128 0x5
 1237 00c8 03       		.byte	0x3
 1238 00c9 00000000 		.4byte	cy_meta_custnvl
 1239 00cd 07       		.uleb128 0x7
 1240 00ce AC000000 		.4byte	0xac
 1241 00d2 08       		.uleb128 0x8
 1242 00d3 3A010000 		.4byte	.LASF14
 1243 00d7 03       		.byte	0x3
 1244 00d8 BF       		.byte	0xbf
 1245 00d9 E3000000 		.4byte	0xe3
 1246 00dd 05       		.uleb128 0x5
 1247 00de 03       		.byte	0x3
 1248 00df 00000000 		.4byte	cy_meta_wonvl
 1249 00e3 07       		.uleb128 0x7
 1250 00e4 AC000000 		.4byte	0xac
ARM GAS  C:\Users\Tri94\AppData\Local\Temp\ccugqdSj.s 			page 23


 1251 00e8 05       		.uleb128 0x5
 1252 00e9 91000000 		.4byte	0x91
 1253 00ed F8000000 		.4byte	0xf8
 1254 00f1 09       		.uleb128 0x9
 1255 00f2 8A000000 		.4byte	0x8a
 1256 00f6 FF       		.byte	0xff
 1257 00f7 00       		.byte	0
 1258 00f8 08       		.uleb128 0x8
 1259 00f9 25010000 		.4byte	.LASF15
 1260 00fd 03       		.byte	0x3
 1261 00fe CD       		.byte	0xcd
 1262 00ff 09010000 		.4byte	0x109
 1263 0103 05       		.uleb128 0x5
 1264 0104 03       		.byte	0x3
 1265 0105 00000000 		.4byte	cy_meta_flashprotect
 1266 0109 07       		.uleb128 0x7
 1267 010a E8000000 		.4byte	0xe8
 1268 010e 05       		.uleb128 0x5
 1269 010f 91000000 		.4byte	0x91
 1270 0113 1E010000 		.4byte	0x11e
 1271 0117 09       		.uleb128 0x9
 1272 0118 8A000000 		.4byte	0x8a
 1273 011c 0B       		.byte	0xb
 1274 011d 00       		.byte	0
 1275 011e 08       		.uleb128 0x8
 1276 011f 0A000000 		.4byte	.LASF16
 1277 0123 03       		.byte	0x3
 1278 0124 FA       		.byte	0xfa
 1279 0125 2F010000 		.4byte	0x12f
 1280 0129 05       		.uleb128 0x5
 1281 012a 03       		.byte	0x3
 1282 012b 00000000 		.4byte	cy_metadata
 1283 012f 07       		.uleb128 0x7
 1284 0130 0E010000 		.4byte	0x10e
 1285 0134 00       		.byte	0
 1286              		.section	.debug_abbrev,"",%progbits
 1287              	.Ldebug_abbrev0:
 1288 0000 01       		.uleb128 0x1
 1289 0001 11       		.uleb128 0x11
 1290 0002 01       		.byte	0x1
 1291 0003 25       		.uleb128 0x25
 1292 0004 0E       		.uleb128 0xe
 1293 0005 13       		.uleb128 0x13
 1294 0006 0B       		.uleb128 0xb
 1295 0007 03       		.uleb128 0x3
 1296 0008 0E       		.uleb128 0xe
 1297 0009 1B       		.uleb128 0x1b
 1298 000a 0E       		.uleb128 0xe
 1299 000b 10       		.uleb128 0x10
 1300 000c 17       		.uleb128 0x17
 1301 000d 00       		.byte	0
 1302 000e 00       		.byte	0
 1303 000f 02       		.uleb128 0x2
 1304 0010 24       		.uleb128 0x24
 1305 0011 00       		.byte	0
 1306 0012 0B       		.uleb128 0xb
 1307 0013 0B       		.uleb128 0xb
ARM GAS  C:\Users\Tri94\AppData\Local\Temp\ccugqdSj.s 			page 24


 1308 0014 3E       		.uleb128 0x3e
 1309 0015 0B       		.uleb128 0xb
 1310 0016 03       		.uleb128 0x3
 1311 0017 0E       		.uleb128 0xe
 1312 0018 00       		.byte	0
 1313 0019 00       		.byte	0
 1314 001a 03       		.uleb128 0x3
 1315 001b 16       		.uleb128 0x16
 1316 001c 00       		.byte	0
 1317 001d 03       		.uleb128 0x3
 1318 001e 0E       		.uleb128 0xe
 1319 001f 3A       		.uleb128 0x3a
 1320 0020 0B       		.uleb128 0xb
 1321 0021 3B       		.uleb128 0x3b
 1322 0022 0B       		.uleb128 0xb
 1323 0023 49       		.uleb128 0x49
 1324 0024 13       		.uleb128 0x13
 1325 0025 00       		.byte	0
 1326 0026 00       		.byte	0
 1327 0027 04       		.uleb128 0x4
 1328 0028 24       		.uleb128 0x24
 1329 0029 00       		.byte	0
 1330 002a 0B       		.uleb128 0xb
 1331 002b 0B       		.uleb128 0xb
 1332 002c 3E       		.uleb128 0x3e
 1333 002d 0B       		.uleb128 0xb
 1334 002e 03       		.uleb128 0x3
 1335 002f 08       		.uleb128 0x8
 1336 0030 00       		.byte	0
 1337 0031 00       		.byte	0
 1338 0032 05       		.uleb128 0x5
 1339 0033 01       		.uleb128 0x1
 1340 0034 01       		.byte	0x1
 1341 0035 49       		.uleb128 0x49
 1342 0036 13       		.uleb128 0x13
 1343 0037 01       		.uleb128 0x1
 1344 0038 13       		.uleb128 0x13
 1345 0039 00       		.byte	0
 1346 003a 00       		.byte	0
 1347 003b 06       		.uleb128 0x6
 1348 003c 21       		.uleb128 0x21
 1349 003d 00       		.byte	0
 1350 003e 49       		.uleb128 0x49
 1351 003f 13       		.uleb128 0x13
 1352 0040 2F       		.uleb128 0x2f
 1353 0041 05       		.uleb128 0x5
 1354 0042 00       		.byte	0
 1355 0043 00       		.byte	0
 1356 0044 07       		.uleb128 0x7
 1357 0045 26       		.uleb128 0x26
 1358 0046 00       		.byte	0
 1359 0047 49       		.uleb128 0x49
 1360 0048 13       		.uleb128 0x13
 1361 0049 00       		.byte	0
 1362 004a 00       		.byte	0
 1363 004b 08       		.uleb128 0x8
 1364 004c 34       		.uleb128 0x34
ARM GAS  C:\Users\Tri94\AppData\Local\Temp\ccugqdSj.s 			page 25


 1365 004d 00       		.byte	0
 1366 004e 03       		.uleb128 0x3
 1367 004f 0E       		.uleb128 0xe
 1368 0050 3A       		.uleb128 0x3a
 1369 0051 0B       		.uleb128 0xb
 1370 0052 3B       		.uleb128 0x3b
 1371 0053 0B       		.uleb128 0xb
 1372 0054 49       		.uleb128 0x49
 1373 0055 13       		.uleb128 0x13
 1374 0056 3F       		.uleb128 0x3f
 1375 0057 19       		.uleb128 0x19
 1376 0058 02       		.uleb128 0x2
 1377 0059 18       		.uleb128 0x18
 1378 005a 00       		.byte	0
 1379 005b 00       		.byte	0
 1380 005c 09       		.uleb128 0x9
 1381 005d 21       		.uleb128 0x21
 1382 005e 00       		.byte	0
 1383 005f 49       		.uleb128 0x49
 1384 0060 13       		.uleb128 0x13
 1385 0061 2F       		.uleb128 0x2f
 1386 0062 0B       		.uleb128 0xb
 1387 0063 00       		.byte	0
 1388 0064 00       		.byte	0
 1389 0065 00       		.byte	0
 1390              		.section	.debug_aranges,"",%progbits
 1391 0000 14000000 		.4byte	0x14
 1392 0004 0200     		.2byte	0x2
 1393 0006 00000000 		.4byte	.Ldebug_info0
 1394 000a 04       		.byte	0x4
 1395 000b 00       		.byte	0
 1396 000c 0000     		.2byte	0
 1397 000e 0000     		.2byte	0
 1398 0010 00000000 		.4byte	0
 1399 0014 00000000 		.4byte	0
 1400              		.section	.debug_line,"",%progbits
 1401              	.Ldebug_line0:
 1402 0000 3D010000 		.section	.debug_str,"MS",%progbits,1
 1402      02003701 
 1402      00000201 
 1402      FB0E0D00 
 1402      01010101 
 1403              	.LASF9:
 1404 0000 5F5F7569 		.ascii	"__uint8_t\000"
 1404      6E74385F 
 1404      7400
 1405              	.LASF16:
 1406 000a 63795F6D 		.ascii	"cy_metadata\000"
 1406      65746164 
 1406      61746100 
 1407              	.LASF1:
 1408 0016 756E7369 		.ascii	"unsigned char\000"
 1408      676E6564 
 1408      20636861 
 1408      7200
 1409              	.LASF17:
 1410 0024 474E5520 		.ascii	"GNU C11 5.4.1 20160609 (release) [ARM/embedded-5-br"
ARM GAS  C:\Users\Tri94\AppData\Local\Temp\ccugqdSj.s 			page 26


 1410      43313120 
 1410      352E342E 
 1410      31203230 
 1410      31363036 
 1411 0057 616E6368 		.ascii	"anch revision 237715] -mcpu=cortex-m3 -mthumb -g -O"
 1411      20726576 
 1411      6973696F 
 1411      6E203233 
 1411      37373135 
 1412 008a 67202D66 		.ascii	"g -ffunction-sections -ffat-lto-objects\000"
 1412      66756E63 
 1412      74696F6E 
 1412      2D736563 
 1412      74696F6E 
 1413              	.LASF5:
 1414 00b2 6C6F6E67 		.ascii	"long unsigned int\000"
 1414      20756E73 
 1414      69676E65 
 1414      6420696E 
 1414      7400
 1415              	.LASF3:
 1416 00c4 73686F72 		.ascii	"short unsigned int\000"
 1416      7420756E 
 1416      7369676E 
 1416      65642069 
 1416      6E7400
 1417              	.LASF13:
 1418 00d7 63795F6D 		.ascii	"cy_meta_custnvl\000"
 1418      6574615F 
 1418      63757374 
 1418      6E766C00 
 1419              	.LASF12:
 1420 00e7 63795F6D 		.ascii	"cy_meta_configecc\000"
 1420      6574615F 
 1420      636F6E66 
 1420      69676563 
 1420      6300
 1421              	.LASF8:
 1422 00f9 756E7369 		.ascii	"unsigned int\000"
 1422      676E6564 
 1422      20696E74 
 1422      00
 1423              	.LASF7:
 1424 0106 6C6F6E67 		.ascii	"long long unsigned int\000"
 1424      206C6F6E 
 1424      6720756E 
 1424      7369676E 
 1424      65642069 
 1425              	.LASF10:
 1426 011d 75696E74 		.ascii	"uint8_t\000"
 1426      385F7400 
 1427              	.LASF15:
 1428 0125 63795F6D 		.ascii	"cy_meta_flashprotect\000"
 1428      6574615F 
 1428      666C6173 
 1428      6870726F 
 1428      74656374 
ARM GAS  C:\Users\Tri94\AppData\Local\Temp\ccugqdSj.s 			page 27


 1429              	.LASF14:
 1430 013a 63795F6D 		.ascii	"cy_meta_wonvl\000"
 1430      6574615F 
 1430      776F6E76 
 1430      6C00
 1431              	.LASF11:
 1432 0148 73697A65 		.ascii	"sizetype\000"
 1432      74797065 
 1432      00
 1433              	.LASF6:
 1434 0151 6C6F6E67 		.ascii	"long long int\000"
 1434      206C6F6E 
 1434      6720696E 
 1434      7400
 1435              	.LASF2:
 1436 015f 73686F72 		.ascii	"short int\000"
 1436      7420696E 
 1436      7400
 1437              	.LASF19:
 1438 0169 433A5C55 		.ascii	"C:\\Users\\Tri94\\Documents\\PSoC Creator\\EE4450\\"
 1438      73657273 
 1438      5C547269 
 1438      39345C44 
 1438      6F63756D 
 1439 0196 45453434 		.ascii	"EE4450-Projects\\RTOS_UART_Project_V2.cydsn\000"
 1439      35302D50 
 1439      726F6A65 
 1439      6374735C 
 1439      52544F53 
 1440              	.LASF4:
 1441 01c1 6C6F6E67 		.ascii	"long int\000"
 1441      20696E74 
 1441      00
 1442              	.LASF0:
 1443 01ca 7369676E 		.ascii	"signed char\000"
 1443      65642063 
 1443      68617200 
 1444              	.LASF18:
 1445 01d6 47656E65 		.ascii	"Generated_Source\\PSoC5\\cymetadata.c\000"
 1445      72617465 
 1445      645F536F 
 1445      75726365 
 1445      5C50536F 
 1446              		.ident	"GCC: (GNU Tools for ARM Embedded Processors) 5.4.1 20160609 (release) [ARM/embedded-5-bran
