ARM GAS  C:\Users\Tri94\AppData\Local\Temp\ccOAPL0N.s 			page 1


   1              		.syntax unified
   2              		.cpu cortex-m3
   3              		.fpu softvfp
   4              		.eabi_attribute 20, 1
   5              		.eabi_attribute 21, 1
   6              		.eabi_attribute 23, 3
   7              		.eabi_attribute 24, 1
   8              		.eabi_attribute 25, 1
   9              		.eabi_attribute 26, 1
  10              		.eabi_attribute 30, 1
  11              		.eabi_attribute 34, 1
  12              		.eabi_attribute 18, 4
  13              		.thumb
  14              		.syntax unified
  15              		.file	"main.c"
  16              		.text
  17              	.Ltext0:
  18              		.cfi_sections	.debug_frame
  19              		.section	.text.myISR_UART,"ax",%progbits
  20              		.align	2
  21              		.global	myISR_UART
  22              		.thumb
  23              		.thumb_func
  24              		.type	myISR_UART, %function
  25              	myISR_UART:
  26              	.LFB71:
  27              		.file 1 "main.c"
   1:main.c        **** /* ========================================
   2:main.c        ****  *
   3:main.c        ****  * Copyright YOUR COMPANY, THE YEAR
   4:main.c        ****  * All Rights Reserved
   5:main.c        ****  * UNPUBLISHED, LICENSED SOFTWARE.
   6:main.c        ****  *
   7:main.c        ****  * CONFIDENTIAL AND PROPRIETARY INFORMATION
   8:main.c        ****  * WHICH IS THE PROPERTY OF your company.
   9:main.c        ****  *
  10:main.c        ****  * ========================================
  11:main.c        **** */
  12:main.c        **** #include "project.h"
  13:main.c        **** #include <stdio.h>
  14:main.c        **** #include <stdlib.h>
  15:main.c        **** #include <stdint.h>
  16:main.c        **** #include <stdbool.h>
  17:main.c        **** 
  18:main.c        **** // ROTS Header Files
  19:main.c        **** #include "FreeRTOS_PSoC.h"
  20:main.c        **** #include "FreeRTOS.h"
  21:main.c        **** #include "task.h"
  22:main.c        **** #include "queue.h"
  23:main.c        **** #include "semphr.h"
  24:main.c        **** #include "timers.h"
  25:main.c        **** #include "event_groups.h"
  26:main.c        **** #include "message_buffer.h"
  27:main.c        **** 
  28:main.c        **** // Your task function
  29:main.c        **** void vUARTTask1(void *pvParaments);
  30:main.c        **** void vAppTask2(void *pvParaments);
ARM GAS  C:\Users\Tri94\AppData\Local\Temp\ccOAPL0N.s 			page 2


  31:main.c        **** 
  32:main.c        **** void myPSoC2Setup();
  33:main.c        **** 
  34:main.c        **** MessageBufferHandle_t xMessageBuffer = NULL;
  35:main.c        **** #define               MESSAGE_BUFFER_SIZE 100
  36:main.c        **** 
  37:main.c        **** CY_ISR_PROTO(myISR_UART);
  38:main.c        **** 
  39:main.c        **** int main(void)
  40:main.c        **** {
  41:main.c        ****     BaseType_t err;
  42:main.c        ****     
  43:main.c        ****     CyGlobalIntEnable; /* Enable global interrupts. */
  44:main.c        **** 
  45:main.c        ****     /* Place your initialization/startup code here (e.g. MyInst_Start()) */
  46:main.c        ****     FreeRTOS_Init();
  47:main.c        ****     myPSoC2Setup();
  48:main.c        ****     
  49:main.c        ****     // Create Mutex
  50:main.c        ****    xMessageBuffer = xMessageBufferCreate(MESSAGE_BUFFER_SIZE);
  51:main.c        **** 
  52:main.c        ****     if (xMessageBuffer == NULL){
  53:main.c        ****         while(1);   // Stop system here
  54:main.c        ****     }
  55:main.c        ****     
  56:main.c        ****     // Create Task
  57:main.c        ****     err = xTaskCreate(vUARTTask1,                    // Taskfunction_t pvTaskCode,
  58:main.c        ****                         "Task 1",                   // const char * const pcName,
  59:main.c        ****                         configMINIMAL_STACK_SIZE,   // unsigned short usStackDepth,
  60:main.c        ****                         NULL,                       // void *pvParameters,
  61:main.c        ****                         configMAX_PRIORITIES-1,     // UBaseType_t uxPriority,
  62:main.c        ****                         NULL);                      // TaskHandle_t *pxCreatedTask );
  63:main.c        ****     
  64:main.c        ****     if (err != pdPASS){
  65:main.c        ****         // Cannot create task!
  66:main.c        ****         while(1);
  67:main.c        ****     }
  68:main.c        **** 
  69:main.c        ****     
  70:main.c        ****     // Start the scheduler, so the tasks start executing
  71:main.c        ****     vTaskStartScheduler();
  72:main.c        ****     
  73:main.c        ****     for(;;)
  74:main.c        ****     {
  75:main.c        ****         /* Place your application code here. */
  76:main.c        ****     }
  77:main.c        **** }
  78:main.c        **** 
  79:main.c        **** void myPSoC2Setup(){
  80:main.c        ****     
  81:main.c        ****     
  82:main.c        ****     // Place your component's start code here
  83:main.c        ****     ISR_UART_StartEx(myISR_UART);
  84:main.c        ****     UART_Start();
  85:main.c        ****     LCD_Init();
  86:main.c        ****     LCD_Start();
  87:main.c        ****     LCD_ClearDisplay();
ARM GAS  C:\Users\Tri94\AppData\Local\Temp\ccOAPL0N.s 			page 3


  88:main.c        ****     LCD_PrintString("Hello");
  89:main.c        ****     
  90:main.c        **** }
  91:main.c        **** 
  92:main.c        **** typedef enum STATES_CMD{
  93:main.c        ****     S_IDLE,
  94:main.c        ****     S_GOT_DATE
  95:main.c        **** }STATES_CMD;
  96:main.c        **** 
  97:main.c        **** CY_ISR(myISR_UART){
  28              		.loc 1 97 0
  29              		.cfi_startproc
  30              		@ args = 0, pretend = 0, frame = 24
  31              		@ frame_needed = 0, uses_anonymous_args = 0
  32 0000 70B5     		push	{r4, r5, r6, lr}
  33              		.cfi_def_cfa_offset 16
  34              		.cfi_offset 4, -16
  35              		.cfi_offset 5, -12
  36              		.cfi_offset 6, -8
  37              		.cfi_offset 14, -4
  38 0002 86B0     		sub	sp, sp, #24
  39              		.cfi_def_cfa_offset 40
  40              	.LVL0:
  98:main.c        ****     static char         buf[20];
  99:main.c        ****     static int          idx = 0;
 100:main.c        ****     static STATES_CMD   state = S_IDLE;
 101:main.c        ****     char                ch;
 102:main.c        ****     char                str[20];
 103:main.c        ****     BaseType_t          xHigherPriorityTaskWoken = pdFALSE; /* Initialised to pdFALSE */
 104:main.c        ****     
 105:main.c        ****     
 106:main.c        ****     while (UART_GetRxBufferSize()  > 0){
  41              		.loc 1 106 0
  42 0004 2CE0     		b	.L2
  43              	.L8:
 107:main.c        ****         ch = UART_GetChar();
  44              		.loc 1 107 0
  45 0006 FFF7FEFF 		bl	UART_GetChar
  46              	.LVL1:
 108:main.c        ****         
 109:main.c        ****         switch (state){
  47              		.loc 1 109 0
  48 000a 194B     		ldr	r3, .L11
  49 000c 1B78     		ldrb	r3, [r3]	@ zero_extendqisi2
  50 000e 13B1     		cbz	r3, .L4
  51 0010 012B     		cmp	r3, #1
  52 0012 06D0     		beq	.L5
  53 0014 24E0     		b	.L2
  54              	.L4:
 110:main.c        ****             case S_IDLE:
 111:main.c        ****                 //UART_WriteTxData('1');
 112:main.c        ****                 if (ch == '+'){
  55              		.loc 1 112 0
  56 0016 2B28     		cmp	r0, #43
  57 0018 22D1     		bne	.L2
 113:main.c        ****                     state = S_GOT_DATE;
  58              		.loc 1 113 0
ARM GAS  C:\Users\Tri94\AppData\Local\Temp\ccOAPL0N.s 			page 4


  59 001a 0122     		movs	r2, #1
  60 001c 144B     		ldr	r3, .L11
  61 001e 1A70     		strb	r2, [r3]
  62 0020 1EE0     		b	.L2
  63              	.L5:
 114:main.c        ****                 }
 115:main.c        ****                 break;
 116:main.c        ****             case S_GOT_DATE:
 117:main.c        ****                 //UART_WriteTxData('2'); 
 118:main.c        ****                 if (ch == '\r'){
  64              		.loc 1 118 0
  65 0022 0D28     		cmp	r0, #13
  66 0024 00D1     		bne	.L6
 119:main.c        ****                     ch = '\0';
  67              		.loc 1 119 0
  68 0026 0020     		movs	r0, #0
  69              	.LVL2:
  70              	.L6:
 120:main.c        ****                     //UART_WriteTxData('3'); 
 121:main.c        ****                 
 122:main.c        ****                 }
 123:main.c        ****                 if (ch == '\n'){
  71              		.loc 1 123 0
  72 0028 0A28     		cmp	r0, #10
  73 002a 13D1     		bne	.L7
 124:main.c        ****                     //UART_WriteTxData('4'); 
 125:main.c        ****                     state = S_IDLE;
  74              		.loc 1 125 0
  75 002c 104C     		ldr	r4, .L11
  76 002e 0025     		movs	r5, #0
  77 0030 2570     		strb	r5, [r4]
 126:main.c        ****                     xMessageBufferSendFromISR(xMessageBuffer, buf, idx, xHigherPriorityTaskWoken);
  78              		.loc 1 126 0
  79 0032 04F10806 		add	r6, r4, #8
  80 0036 2B46     		mov	r3, r5
  81 0038 6268     		ldr	r2, [r4, #4]
  82 003a 3146     		mov	r1, r6
  83 003c E069     		ldr	r0, [r4, #28]
  84              	.LVL3:
  85 003e FFF7FEFF 		bl	xStreamBufferSendFromISR
  86              	.LVL4:
 127:main.c        ****                     idx = 0;
  87              		.loc 1 127 0
  88 0042 6560     		str	r5, [r4, #4]
 128:main.c        ****                     sprintf(str,"%s",buf);
  89              		.loc 1 128 0
  90 0044 3146     		mov	r1, r6
  91 0046 01A8     		add	r0, sp, #4
  92 0048 FFF7FEFF 		bl	strcpy
  93              	.LVL5:
 129:main.c        ****                     UART_PutString(str); 
  94              		.loc 1 129 0
  95 004c 01A8     		add	r0, sp, #4
  96 004e FFF7FEFF 		bl	UART_PutString
  97              	.LVL6:
 130:main.c        ****                     break;
  98              		.loc 1 130 0
ARM GAS  C:\Users\Tri94\AppData\Local\Temp\ccOAPL0N.s 			page 5


  99 0052 05E0     		b	.L2
 100              	.LVL7:
 101              	.L7:
 131:main.c        ****                 }
 132:main.c        ****                 buf[idx++] = ch;
 102              		.loc 1 132 0
 103 0054 064A     		ldr	r2, .L11
 104 0056 5368     		ldr	r3, [r2, #4]
 105 0058 591C     		adds	r1, r3, #1
 106 005a 5160     		str	r1, [r2, #4]
 107 005c 1344     		add	r3, r3, r2
 108 005e 1872     		strb	r0, [r3, #8]
 109              	.LVL8:
 110              	.L2:
 106:main.c        ****         ch = UART_GetChar();
 111              		.loc 1 106 0
 112 0060 FFF7FEFF 		bl	UART_GetRxBufferSize
 113              	.LVL9:
 114 0064 0028     		cmp	r0, #0
 115 0066 CED1     		bne	.L8
 133:main.c        ****                 break;
 134:main.c        ****         }
 135:main.c        ****     }
 136:main.c        ****     UART_ReadRxStatus(); // Clear IRQ signal
 116              		.loc 1 136 0
 117 0068 FFF7FEFF 		bl	UART_ReadRxStatus
 118              	.LVL10:
 137:main.c        ****     
 138:main.c        **** }
 119              		.loc 1 138 0
 120 006c 06B0     		add	sp, sp, #24
 121              		.cfi_def_cfa_offset 16
 122              		@ sp needed
 123 006e 70BD     		pop	{r4, r5, r6, pc}
 124              	.L12:
 125              		.align	2
 126              	.L11:
 127 0070 00000000 		.word	.LANCHOR0
 128              		.cfi_endproc
 129              	.LFE71:
 130              		.size	myISR_UART, .-myISR_UART
 131              		.section	.text.vUARTTask1,"ax",%progbits
 132              		.align	2
 133              		.global	vUARTTask1
 134              		.thumb
 135              		.thumb_func
 136              		.type	vUARTTask1, %function
 137              	vUARTTask1:
 138              	.LFB72:
 139:main.c        **** 
 140:main.c        **** void vUARTTask1(void *pvParaments){
 139              		.loc 1 140 0
 140              		.cfi_startproc
 141              		@ args = 0, pretend = 0, frame = 72
 142              		@ frame_needed = 0, uses_anonymous_args = 0
 143              	.LVL11:
 144 0000 10B5     		push	{r4, lr}
ARM GAS  C:\Users\Tri94\AppData\Local\Temp\ccOAPL0N.s 			page 6


 145              		.cfi_def_cfa_offset 8
 146              		.cfi_offset 4, -8
 147              		.cfi_offset 14, -4
 148 0002 92B0     		sub	sp, sp, #72
 149              		.cfi_def_cfa_offset 80
 150              	.LVL12:
 141:main.c        ****     
 142:main.c        ****     char    buf[20];
 143:main.c        ****     size_t  rxSize;
 144:main.c        ****     char    *delim = ":";
 145:main.c        ****     char    *pch;
 146:main.c        ****     uint32  distance;     
 147:main.c        ****     char    str[20];
 148:main.c        ****     
 149:main.c        ****     char    system_on[] = "SystemON:\r\n";
 151              		.loc 1 149 0
 152 0004 2A4A     		ldr	r2, .L18
 153 0006 05AB     		add	r3, sp, #20
 154 0008 07CA     		ldmia	r2, {r0, r1, r2}
 155              	.LVL13:
 156 000a 83E80700 		stmia	r3, {r0, r1, r2}
 150:main.c        ****     char    system_off[] = "SystemOFF:\r\n";
 157              		.loc 1 150 0
 158 000e 294B     		ldr	r3, .L18+4
 159 0010 01AC     		add	r4, sp, #4
 160 0012 0FCB     		ldmia	r3, {r0, r1, r2, r3}
 161 0014 07C4     		stmia	r4!, {r0, r1, r2}
 162 0016 2370     		strb	r3, [r4]
 163              	.L16:
 151:main.c        ****     
 152:main.c        ****     //UART_PutString("Task Started \r\n"); 
 153:main.c        ****     while(1){
 154:main.c        ****         if (xMessageBufferIsEmpty( xMessageBuffer ) == pdFALSE){
 164              		.loc 1 154 0
 165 0018 274B     		ldr	r3, .L18+8
 166 001a D869     		ldr	r0, [r3, #28]
 167 001c FFF7FEFF 		bl	xStreamBufferIsEmpty
 168              	.LVL14:
 169 0020 0028     		cmp	r0, #0
 170 0022 41D1     		bne	.L14
 155:main.c        ****             rxSize = xMessageBufferReceive(xMessageBuffer,buf,sizeof(buf),100);
 171              		.loc 1 155 0
 172 0024 6423     		movs	r3, #100
 173 0026 1422     		movs	r2, #20
 174 0028 0DA9     		add	r1, sp, #52
 175 002a 2348     		ldr	r0, .L18+8
 176 002c C069     		ldr	r0, [r0, #28]
 177 002e FFF7FEFF 		bl	xStreamBufferReceive
 178              	.LVL15:
 156:main.c        ****             pch = strtok(buf, delim);
 179              		.loc 1 156 0
 180 0032 2249     		ldr	r1, .L18+12
 181 0034 0DA8     		add	r0, sp, #52
 182 0036 FFF7FEFF 		bl	strtok
 183              	.LVL16:
 184 003a 0446     		mov	r4, r0
 185              	.LVL17:
ARM GAS  C:\Users\Tri94\AppData\Local\Temp\ccOAPL0N.s 			page 7


 157:main.c        ****             UART_PutString("Received ");
 186              		.loc 1 157 0
 187 003c 2048     		ldr	r0, .L18+16
 188              	.LVL18:
 189 003e FFF7FEFF 		bl	UART_PutString
 190              	.LVL19:
 158:main.c        ****             UART_PutString(pch);
 191              		.loc 1 158 0
 192 0042 2046     		mov	r0, r4
 193 0044 FFF7FEFF 		bl	UART_PutString
 194              	.LVL20:
 159:main.c        ****             UART_PutString("\n");
 195              		.loc 1 159 0
 196 0048 1E48     		ldr	r0, .L18+20
 197 004a FFF7FEFF 		bl	UART_PutString
 198              	.LVL21:
 160:main.c        ****             
 161:main.c        ****             distance = atoi(pch);
 199              		.loc 1 161 0
 200 004e 2046     		mov	r0, r4
 201 0050 FFF7FEFF 		bl	atoi
 202              	.LVL22:
 203 0054 0446     		mov	r4, r0
 204              	.LVL23:
 162:main.c        ****             sprintf(str,"Distance: %d   ",distance);
 205              		.loc 1 162 0
 206 0056 0246     		mov	r2, r0
 207 0058 1B49     		ldr	r1, .L18+24
 208 005a 08A8     		add	r0, sp, #32
 209              	.LVL24:
 210 005c FFF7FEFF 		bl	sprintf
 211              	.LVL25:
 163:main.c        ****             LCD_Position(1,0);
 212              		.loc 1 163 0
 213 0060 0021     		movs	r1, #0
 214 0062 0120     		movs	r0, #1
 215 0064 FFF7FEFF 		bl	LCD_Position
 216              	.LVL26:
 164:main.c        ****             LCD_PrintString(str);
 217              		.loc 1 164 0
 218 0068 08A8     		add	r0, sp, #32
 219 006a FFF7FEFF 		bl	LCD_PrintString
 220              	.LVL27:
 165:main.c        ****             
 166:main.c        ****             if (distance < 50){
 221              		.loc 1 166 0
 222 006e 312C     		cmp	r4, #49
 223 0070 0DD8     		bhi	.L15
 167:main.c        ****                 LED_Write(1);
 224              		.loc 1 167 0
 225 0072 0120     		movs	r0, #1
 226 0074 FFF7FEFF 		bl	LED_Write
 227              	.LVL28:
 168:main.c        ****                 UART_PutString(system_on);
 228              		.loc 1 168 0
 229 0078 05A8     		add	r0, sp, #20
 230 007a FFF7FEFF 		bl	UART_PutString
ARM GAS  C:\Users\Tri94\AppData\Local\Temp\ccOAPL0N.s 			page 8


 231              	.LVL29:
 169:main.c        ****                 LCD_Position(0,0);
 232              		.loc 1 169 0
 233 007e 0021     		movs	r1, #0
 234 0080 0846     		mov	r0, r1
 235 0082 FFF7FEFF 		bl	LCD_Position
 236              	.LVL30:
 170:main.c        ****                 LCD_PrintString("System ON ");
 237              		.loc 1 170 0
 238 0086 1148     		ldr	r0, .L18+28
 239 0088 FFF7FEFF 		bl	LCD_PrintString
 240              	.LVL31:
 241 008c 0CE0     		b	.L14
 242              	.L15:
 171:main.c        ****             
 172:main.c        ****             }
 173:main.c        ****             else {
 174:main.c        ****                 LED_Write(0);
 243              		.loc 1 174 0
 244 008e 0020     		movs	r0, #0
 245 0090 FFF7FEFF 		bl	LED_Write
 246              	.LVL32:
 175:main.c        ****                 UART_PutString(system_off);
 247              		.loc 1 175 0
 248 0094 01A8     		add	r0, sp, #4
 249 0096 FFF7FEFF 		bl	UART_PutString
 250              	.LVL33:
 176:main.c        ****                 LCD_Position(0,0);
 251              		.loc 1 176 0
 252 009a 0021     		movs	r1, #0
 253 009c 0846     		mov	r0, r1
 254 009e FFF7FEFF 		bl	LCD_Position
 255              	.LVL34:
 177:main.c        ****                 LCD_PrintString("System OFF");
 256              		.loc 1 177 0
 257 00a2 0B48     		ldr	r0, .L18+32
 258 00a4 FFF7FEFF 		bl	LCD_PrintString
 259              	.LVL35:
 260              	.L14:
 178:main.c        ****             }
 179:main.c        ****         }
 180:main.c        ****         vTaskDelay(pdMS_TO_TICKS(100)); // Delay for 50 ms
 261              		.loc 1 180 0
 262 00a8 6420     		movs	r0, #100
 263 00aa FFF7FEFF 		bl	vTaskDelay
 264              	.LVL36:
 181:main.c        ****     }
 265              		.loc 1 181 0
 266 00ae B3E7     		b	.L16
 267              	.L19:
 268              		.align	2
 269              	.L18:
 270 00b0 3C000000 		.word	.LC0
 271 00b4 48000000 		.word	.LC1
 272 00b8 00000000 		.word	.LANCHOR0
 273 00bc 00000000 		.word	.LC2
 274 00c0 04000000 		.word	.LC3
ARM GAS  C:\Users\Tri94\AppData\Local\Temp\ccOAPL0N.s 			page 9


 275 00c4 10000000 		.word	.LC4
 276 00c8 14000000 		.word	.LC5
 277 00cc 24000000 		.word	.LC6
 278 00d0 30000000 		.word	.LC7
 279              		.cfi_endproc
 280              	.LFE72:
 281              		.size	vUARTTask1, .-vUARTTask1
 282              		.section	.text.myPSoC2Setup,"ax",%progbits
 283              		.align	2
 284              		.global	myPSoC2Setup
 285              		.thumb
 286              		.thumb_func
 287              		.type	myPSoC2Setup, %function
 288              	myPSoC2Setup:
 289              	.LFB70:
  79:main.c        ****     
 290              		.loc 1 79 0
 291              		.cfi_startproc
 292              		@ args = 0, pretend = 0, frame = 0
 293              		@ frame_needed = 0, uses_anonymous_args = 0
 294 0000 08B5     		push	{r3, lr}
 295              		.cfi_def_cfa_offset 8
 296              		.cfi_offset 3, -8
 297              		.cfi_offset 14, -4
  83:main.c        ****     UART_Start();
 298              		.loc 1 83 0
 299 0002 0848     		ldr	r0, .L22
 300 0004 FFF7FEFF 		bl	ISR_UART_StartEx
 301              	.LVL37:
  84:main.c        ****     LCD_Init();
 302              		.loc 1 84 0
 303 0008 FFF7FEFF 		bl	UART_Start
 304              	.LVL38:
  85:main.c        ****     LCD_Start();
 305              		.loc 1 85 0
 306 000c FFF7FEFF 		bl	LCD_Init
 307              	.LVL39:
  86:main.c        ****     LCD_ClearDisplay();
 308              		.loc 1 86 0
 309 0010 FFF7FEFF 		bl	LCD_Start
 310              	.LVL40:
  87:main.c        ****     LCD_PrintString("Hello");
 311              		.loc 1 87 0
 312 0014 0120     		movs	r0, #1
 313 0016 FFF7FEFF 		bl	LCD_WriteControl
 314              	.LVL41:
  88:main.c        ****     
 315              		.loc 1 88 0
 316 001a 0348     		ldr	r0, .L22+4
 317 001c FFF7FEFF 		bl	LCD_PrintString
 318              	.LVL42:
 319 0020 08BD     		pop	{r3, pc}
 320              	.L23:
 321 0022 00BF     		.align	2
 322              	.L22:
 323 0024 00000000 		.word	myISR_UART
 324 0028 58000000 		.word	.LC8
ARM GAS  C:\Users\Tri94\AppData\Local\Temp\ccOAPL0N.s 			page 10


 325              		.cfi_endproc
 326              	.LFE70:
 327              		.size	myPSoC2Setup, .-myPSoC2Setup
 328              		.section	.text.main,"ax",%progbits
 329              		.align	2
 330              		.global	main
 331              		.thumb
 332              		.thumb_func
 333              		.type	main, %function
 334              	main:
 335              	.LFB69:
  40:main.c        ****     BaseType_t err;
 336              		.loc 1 40 0
 337              		.cfi_startproc
 338              		@ args = 0, pretend = 0, frame = 0
 339              		@ frame_needed = 0, uses_anonymous_args = 0
 340 0000 00B5     		push	{lr}
 341              		.cfi_def_cfa_offset 4
 342              		.cfi_offset 14, -4
 343 0002 83B0     		sub	sp, sp, #12
 344              		.cfi_def_cfa_offset 16
  43:main.c        **** 
 345              		.loc 1 43 0
 346              		.syntax unified
 347              	@ 43 "main.c" 1
 348 0004 62B6     		CPSIE   i
 349              	@ 0 "" 2
  46:main.c        ****     myPSoC2Setup();
 350              		.loc 1 46 0
 351              		.thumb
 352              		.syntax unified
 353 0006 FFF7FEFF 		bl	FreeRTOS_Init
 354              	.LVL43:
  47:main.c        ****     
 355              		.loc 1 47 0
 356 000a FFF7FEFF 		bl	myPSoC2Setup
 357              	.LVL44:
  50:main.c        **** 
 358              		.loc 1 50 0
 359 000e 0122     		movs	r2, #1
 360 0010 0021     		movs	r1, #0
 361 0012 6420     		movs	r0, #100
 362 0014 FFF7FEFF 		bl	xStreamBufferGenericCreate
 363              	.LVL45:
 364 0018 094B     		ldr	r3, .L31
 365 001a D861     		str	r0, [r3, #28]
  52:main.c        ****         while(1);   // Stop system here
 366              		.loc 1 52 0
 367 001c 00B9     		cbnz	r0, .L25
 368              	.L26:
 369 001e FEE7     		b	.L26
 370              	.L25:
  57:main.c        ****                         "Task 1",                   // const char * const pcName,
 371              		.loc 1 57 0
 372 0020 0023     		movs	r3, #0
 373 0022 0193     		str	r3, [sp, #4]
 374 0024 0422     		movs	r2, #4
ARM GAS  C:\Users\Tri94\AppData\Local\Temp\ccOAPL0N.s 			page 11


 375 0026 0092     		str	r2, [sp]
 376 0028 C822     		movs	r2, #200
 377 002a 0649     		ldr	r1, .L31+4
 378 002c 0648     		ldr	r0, .L31+8
 379 002e FFF7FEFF 		bl	xTaskCreate
 380              	.LVL46:
  64:main.c        ****         // Cannot create task!
 381              		.loc 1 64 0
 382 0032 0128     		cmp	r0, #1
 383 0034 00D0     		beq	.L27
 384              	.L28:
 385 0036 FEE7     		b	.L28
 386              	.L27:
  71:main.c        ****     
 387              		.loc 1 71 0
 388 0038 FFF7FEFF 		bl	vTaskStartScheduler
 389              	.LVL47:
 390              	.L29:
 391 003c FEE7     		b	.L29
 392              	.L32:
 393 003e 00BF     		.align	2
 394              	.L31:
 395 0040 00000000 		.word	.LANCHOR0
 396 0044 60000000 		.word	.LC9
 397 0048 00000000 		.word	vUARTTask1
 398              		.cfi_endproc
 399              	.LFE69:
 400              		.size	main, .-main
 401              		.global	xMessageBuffer
 402              		.section	.rodata.str1.4,"aMS",%progbits,1
 403              		.align	2
 404              	.LC2:
 405 0000 3A00     		.ascii	":\000"
 406 0002 0000     		.space	2
 407              	.LC3:
 408 0004 52656365 		.ascii	"Received \000"
 408      69766564 
 408      2000
 409 000e 0000     		.space	2
 410              	.LC4:
 411 0010 0A00     		.ascii	"\012\000"
 412 0012 0000     		.space	2
 413              	.LC5:
 414 0014 44697374 		.ascii	"Distance: %d   \000"
 414      616E6365 
 414      3A202564 
 414      20202000 
 415              	.LC6:
 416 0024 53797374 		.ascii	"System ON \000"
 416      656D204F 
 416      4E2000
 417 002f 00       		.space	1
 418              	.LC7:
 419 0030 53797374 		.ascii	"System OFF\000"
 419      656D204F 
 419      464600
 420 003b 00       		.space	1
ARM GAS  C:\Users\Tri94\AppData\Local\Temp\ccOAPL0N.s 			page 12


 421              	.LC0:
 422 003c 53797374 		.ascii	"SystemON:\015\012\000"
 422      656D4F4E 
 422      3A0D0A00 
 423              	.LC1:
 424 0048 53797374 		.ascii	"SystemOFF:\015\012\000"
 424      656D4F46 
 424      463A0D0A 
 424      00
 425 0055 000000   		.space	3
 426              	.LC8:
 427 0058 48656C6C 		.ascii	"Hello\000"
 427      6F00
 428 005e 0000     		.space	2
 429              	.LC9:
 430 0060 5461736B 		.ascii	"Task 1\000"
 430      203100
 431              		.bss
 432              		.align	2
 433              		.set	.LANCHOR0,. + 0
 434              		.type	state.7511, %object
 435              		.size	state.7511, 1
 436              	state.7511:
 437 0000 00       		.space	1
 438 0001 000000   		.space	3
 439              		.type	idx.7510, %object
 440              		.size	idx.7510, 4
 441              	idx.7510:
 442 0004 00000000 		.space	4
 443              		.type	buf.7509, %object
 444              		.size	buf.7509, 20
 445              	buf.7509:
 446 0008 00000000 		.space	20
 446      00000000 
 446      00000000 
 446      00000000 
 446      00000000 
 447              		.type	xMessageBuffer, %object
 448              		.size	xMessageBuffer, 4
 449              	xMessageBuffer:
 450 001c 00000000 		.space	4
 451              		.text
 452              	.Letext0:
 453              		.file 2 "c:\\program files (x86)\\cypress\\psoc creator\\4.2\\psoc creator\\import\\gnu\\arm\\5.4.
 454              		.file 3 "c:\\program files (x86)\\cypress\\psoc creator\\4.2\\psoc creator\\import\\gnu\\arm\\5.4.
 455              		.file 4 "Generated_Source\\PSoC5/cytypes.h"
 456              		.file 5 "c:\\program files (x86)\\cypress\\psoc creator\\4.2\\psoc creator\\import\\gnu\\arm\\5.4.
 457              		.file 6 "..\\FreeRTOS\\portable\\GCC\\ARM_CM3/portmacro.h"
 458              		.file 7 "..\\FreeRTOS\\include/stream_buffer.h"
 459              		.file 8 "..\\FreeRTOS\\include/message_buffer.h"
 460              		.file 9 "Generated_Source\\PSoC5/core_cm3.h"
 461              		.file 10 "Generated_Source\\PSoC5/UART.h"
 462              		.file 11 "c:\\program files (x86)\\cypress\\psoc creator\\4.2\\psoc creator\\import\\gnu\\arm\\5.4
 463              		.file 12 "c:\\program files (x86)\\cypress\\psoc creator\\4.2\\psoc creator\\import\\gnu\\arm\\5.4
 464              		.file 13 "c:\\program files (x86)\\cypress\\psoc creator\\4.2\\psoc creator\\import\\gnu\\arm\\5.4
 465              		.file 14 "Generated_Source\\PSoC5/LCD.h"
 466              		.file 15 "Generated_Source\\PSoC5/LED.h"
ARM GAS  C:\Users\Tri94\AppData\Local\Temp\ccOAPL0N.s 			page 13


 467              		.file 16 "..\\FreeRTOS\\include/task.h"
 468              		.file 17 "Generated_Source\\PSoC5/ISR_UART.h"
 469              		.file 18 "..\\FreeRTOS/FreeRTOS_PSoC.h"
 470              		.file 19 "<built-in>"
 471              		.section	.debug_info,"",%progbits
 472              	.Ldebug_info0:
 473 0000 AA060000 		.4byte	0x6aa
 474 0004 0400     		.2byte	0x4
 475 0006 00000000 		.4byte	.Ldebug_abbrev0
 476 000a 04       		.byte	0x4
 477 000b 01       		.uleb128 0x1
 478 000c 81030000 		.4byte	.LASF58
 479 0010 0C       		.byte	0xc
 480 0011 A3020000 		.4byte	.LASF59
 481 0015 DF020000 		.4byte	.LASF60
 482 0019 00000000 		.4byte	.Ldebug_ranges0+0
 483 001d 00000000 		.4byte	0
 484 0021 00000000 		.4byte	.Ldebug_line0
 485 0025 02       		.uleb128 0x2
 486 0026 01       		.byte	0x1
 487 0027 06       		.byte	0x6
 488 0028 7C010000 		.4byte	.LASF0
 489 002c 02       		.uleb128 0x2
 490 002d 01       		.byte	0x1
 491 002e 08       		.byte	0x8
 492 002f 57010000 		.4byte	.LASF1
 493 0033 02       		.uleb128 0x2
 494 0034 02       		.byte	0x2
 495 0035 05       		.byte	0x5
 496 0036 4B000000 		.4byte	.LASF2
 497 003a 02       		.uleb128 0x2
 498 003b 02       		.byte	0x2
 499 003c 07       		.byte	0x7
 500 003d 02020000 		.4byte	.LASF3
 501 0041 03       		.uleb128 0x3
 502 0042 37030000 		.4byte	.LASF5
 503 0046 02       		.byte	0x2
 504 0047 3F       		.byte	0x3f
 505 0048 4C000000 		.4byte	0x4c
 506 004c 02       		.uleb128 0x2
 507 004d 04       		.byte	0x4
 508 004e 05       		.byte	0x5
 509 004f FF000000 		.4byte	.LASF4
 510 0053 03       		.uleb128 0x3
 511 0054 95000000 		.4byte	.LASF6
 512 0058 02       		.byte	0x2
 513 0059 41       		.byte	0x41
 514 005a 5E000000 		.4byte	0x5e
 515 005e 02       		.uleb128 0x2
 516 005f 04       		.byte	0x4
 517 0060 07       		.byte	0x7
 518 0061 AA020000 		.4byte	.LASF7
 519 0065 02       		.uleb128 0x2
 520 0066 08       		.byte	0x8
 521 0067 05       		.byte	0x5
 522 0068 D2000000 		.4byte	.LASF8
 523 006c 02       		.uleb128 0x2
ARM GAS  C:\Users\Tri94\AppData\Local\Temp\ccOAPL0N.s 			page 14


 524 006d 08       		.byte	0x8
 525 006e 07       		.byte	0x7
 526 006f 88010000 		.4byte	.LASF9
 527 0073 04       		.uleb128 0x4
 528 0074 04       		.byte	0x4
 529 0075 05       		.byte	0x5
 530 0076 696E7400 		.ascii	"int\000"
 531 007a 02       		.uleb128 0x2
 532 007b 04       		.byte	0x4
 533 007c 07       		.byte	0x7
 534 007d DA010000 		.4byte	.LASF10
 535 0081 03       		.uleb128 0x3
 536 0082 3B020000 		.4byte	.LASF11
 537 0086 03       		.byte	0x3
 538 0087 2C       		.byte	0x2c
 539 0088 41000000 		.4byte	0x41
 540 008c 03       		.uleb128 0x3
 541 008d B8010000 		.4byte	.LASF12
 542 0091 03       		.byte	0x3
 543 0092 30       		.byte	0x30
 544 0093 53000000 		.4byte	0x53
 545 0097 05       		.uleb128 0x5
 546 0098 9C020000 		.4byte	.LASF13
 547 009c 04       		.byte	0x4
 548 009d E601     		.2byte	0x1e6
 549 009f 5E000000 		.4byte	0x5e
 550 00a3 02       		.uleb128 0x2
 551 00a4 04       		.byte	0x4
 552 00a5 04       		.byte	0x4
 553 00a6 CC000000 		.4byte	.LASF14
 554 00aa 02       		.uleb128 0x2
 555 00ab 08       		.byte	0x8
 556 00ac 04       		.byte	0x4
 557 00ad BC020000 		.4byte	.LASF15
 558 00b1 02       		.uleb128 0x2
 559 00b2 01       		.byte	0x1
 560 00b3 08       		.byte	0x8
 561 00b4 15020000 		.4byte	.LASF16
 562 00b8 03       		.uleb128 0x3
 563 00b9 55000000 		.4byte	.LASF17
 564 00bd 05       		.byte	0x5
 565 00be D8       		.byte	0xd8
 566 00bf 7A000000 		.4byte	0x7a
 567 00c3 02       		.uleb128 0x2
 568 00c4 08       		.byte	0x8
 569 00c5 04       		.byte	0x4
 570 00c6 4B010000 		.4byte	.LASF18
 571 00ca 02       		.uleb128 0x2
 572 00cb 04       		.byte	0x4
 573 00cc 07       		.byte	0x7
 574 00cd 5C000000 		.4byte	.LASF19
 575 00d1 06       		.uleb128 0x6
 576 00d2 04       		.byte	0x4
 577 00d3 07       		.uleb128 0x7
 578 00d4 04       		.byte	0x4
 579 00d5 B1000000 		.4byte	0xb1
 580 00d9 03       		.uleb128 0x3
ARM GAS  C:\Users\Tri94\AppData\Local\Temp\ccOAPL0N.s 			page 15


 581 00da F7010000 		.4byte	.LASF20
 582 00de 06       		.byte	0x6
 583 00df 43       		.byte	0x43
 584 00e0 4C000000 		.4byte	0x4c
 585 00e4 03       		.uleb128 0x3
 586 00e5 E0000000 		.4byte	.LASF21
 587 00e9 06       		.byte	0x6
 588 00ea 4A       		.byte	0x4a
 589 00eb 8C000000 		.4byte	0x8c
 590 00ef 03       		.uleb128 0x3
 591 00f0 52030000 		.4byte	.LASF22
 592 00f4 07       		.byte	0x7
 593 00f5 3D       		.byte	0x3d
 594 00f6 D1000000 		.4byte	0xd1
 595 00fa 03       		.uleb128 0x3
 596 00fb 7A020000 		.4byte	.LASF23
 597 00ff 08       		.byte	0x8
 598 0100 4F       		.byte	0x4f
 599 0101 D1000000 		.4byte	0xd1
 600 0105 08       		.uleb128 0x8
 601 0106 26040000 		.4byte	.LASF26
 602 010a 01       		.byte	0x1
 603 010b 2C000000 		.4byte	0x2c
 604 010f 01       		.byte	0x1
 605 0110 5C       		.byte	0x5c
 606 0111 22010000 		.4byte	0x122
 607 0115 09       		.uleb128 0x9
 608 0116 55020000 		.4byte	.LASF24
 609 011a 00       		.byte	0
 610 011b 09       		.uleb128 0x9
 611 011c C3020000 		.4byte	.LASF25
 612 0120 01       		.byte	0x1
 613 0121 00       		.byte	0
 614 0122 03       		.uleb128 0x3
 615 0123 26040000 		.4byte	.LASF26
 616 0127 01       		.byte	0x1
 617 0128 5F       		.byte	0x5f
 618 0129 05010000 		.4byte	0x105
 619 012d 0A       		.uleb128 0xa
 620 012e 34010000 		.4byte	.LASF61
 621 0132 01       		.byte	0x1
 622 0133 61       		.byte	0x61
 623 0134 00000000 		.4byte	.LFB71
 624 0138 74000000 		.4byte	.LFE71-.LFB71
 625 013c 01       		.uleb128 0x1
 626 013d 9C       		.byte	0x9c
 627 013e 01020000 		.4byte	0x201
 628 0142 0B       		.uleb128 0xb
 629 0143 62756600 		.ascii	"buf\000"
 630 0147 01       		.byte	0x1
 631 0148 62       		.byte	0x62
 632 0149 01020000 		.4byte	0x201
 633 014d 05       		.uleb128 0x5
 634 014e 03       		.byte	0x3
 635 014f 08000000 		.4byte	buf.7509
 636 0153 0B       		.uleb128 0xb
 637 0154 69647800 		.ascii	"idx\000"
ARM GAS  C:\Users\Tri94\AppData\Local\Temp\ccOAPL0N.s 			page 16


 638 0158 01       		.byte	0x1
 639 0159 63       		.byte	0x63
 640 015a 73000000 		.4byte	0x73
 641 015e 05       		.uleb128 0x5
 642 015f 03       		.byte	0x3
 643 0160 04000000 		.4byte	idx.7510
 644 0164 0C       		.uleb128 0xc
 645 0165 24010000 		.4byte	.LASF27
 646 0169 01       		.byte	0x1
 647 016a 64       		.byte	0x64
 648 016b 22010000 		.4byte	0x122
 649 016f 05       		.uleb128 0x5
 650 0170 03       		.byte	0x3
 651 0171 00000000 		.4byte	state.7511
 652 0175 0D       		.uleb128 0xd
 653 0176 636800   		.ascii	"ch\000"
 654 0179 01       		.byte	0x1
 655 017a 65       		.byte	0x65
 656 017b B1000000 		.4byte	0xb1
 657 017f 00000000 		.4byte	.LLST0
 658 0183 0B       		.uleb128 0xb
 659 0184 73747200 		.ascii	"str\000"
 660 0188 01       		.byte	0x1
 661 0189 66       		.byte	0x66
 662 018a 01020000 		.4byte	0x201
 663 018e 02       		.uleb128 0x2
 664 018f 91       		.byte	0x91
 665 0190 5C       		.sleb128 -36
 666 0191 0E       		.uleb128 0xe
 667 0192 9F010000 		.4byte	.LASF28
 668 0196 01       		.byte	0x1
 669 0197 67       		.byte	0x67
 670 0198 D9000000 		.4byte	0xd9
 671 019c 00       		.byte	0
 672 019d 0F       		.uleb128 0xf
 673 019e 0A000000 		.4byte	.LVL1
 674 01a2 9A050000 		.4byte	0x59a
 675 01a6 10       		.uleb128 0x10
 676 01a7 42000000 		.4byte	.LVL4
 677 01ab A5050000 		.4byte	0x5a5
 678 01af C0010000 		.4byte	0x1c0
 679 01b3 11       		.uleb128 0x11
 680 01b4 01       		.uleb128 0x1
 681 01b5 51       		.byte	0x51
 682 01b6 02       		.uleb128 0x2
 683 01b7 76       		.byte	0x76
 684 01b8 00       		.sleb128 0
 685 01b9 11       		.uleb128 0x11
 686 01ba 01       		.uleb128 0x1
 687 01bb 53       		.byte	0x53
 688 01bc 02       		.uleb128 0x2
 689 01bd 75       		.byte	0x75
 690 01be 00       		.sleb128 0
 691 01bf 00       		.byte	0
 692 01c0 10       		.uleb128 0x10
 693 01c1 4C000000 		.4byte	.LVL5
 694 01c5 B1050000 		.4byte	0x5b1
ARM GAS  C:\Users\Tri94\AppData\Local\Temp\ccOAPL0N.s 			page 17


 695 01c9 DA010000 		.4byte	0x1da
 696 01cd 11       		.uleb128 0x11
 697 01ce 01       		.uleb128 0x1
 698 01cf 50       		.byte	0x50
 699 01d0 02       		.uleb128 0x2
 700 01d1 91       		.byte	0x91
 701 01d2 5C       		.sleb128 -36
 702 01d3 11       		.uleb128 0x11
 703 01d4 01       		.uleb128 0x1
 704 01d5 51       		.byte	0x51
 705 01d6 02       		.uleb128 0x2
 706 01d7 76       		.byte	0x76
 707 01d8 00       		.sleb128 0
 708 01d9 00       		.byte	0
 709 01da 10       		.uleb128 0x10
 710 01db 52000000 		.4byte	.LVL6
 711 01df C0050000 		.4byte	0x5c0
 712 01e3 EE010000 		.4byte	0x1ee
 713 01e7 11       		.uleb128 0x11
 714 01e8 01       		.uleb128 0x1
 715 01e9 50       		.byte	0x50
 716 01ea 02       		.uleb128 0x2
 717 01eb 91       		.byte	0x91
 718 01ec 5C       		.sleb128 -36
 719 01ed 00       		.byte	0
 720 01ee 0F       		.uleb128 0xf
 721 01ef 64000000 		.4byte	.LVL9
 722 01f3 CB050000 		.4byte	0x5cb
 723 01f7 0F       		.uleb128 0xf
 724 01f8 6C000000 		.4byte	.LVL10
 725 01fc D6050000 		.4byte	0x5d6
 726 0200 00       		.byte	0
 727 0201 12       		.uleb128 0x12
 728 0202 B1000000 		.4byte	0xb1
 729 0206 11020000 		.4byte	0x211
 730 020a 13       		.uleb128 0x13
 731 020b CA000000 		.4byte	0xca
 732 020f 13       		.byte	0x13
 733 0210 00       		.byte	0
 734 0211 14       		.uleb128 0x14
 735 0212 1B040000 		.4byte	.LASF62
 736 0216 01       		.byte	0x1
 737 0217 8C       		.byte	0x8c
 738 0218 00000000 		.4byte	.LFB72
 739 021c D4000000 		.4byte	.LFE72-.LFB72
 740 0220 01       		.uleb128 0x1
 741 0221 9C       		.byte	0x9c
 742 0222 51040000 		.4byte	0x451
 743 0226 15       		.uleb128 0x15
 744 0227 90020000 		.4byte	.LASF63
 745 022b 01       		.byte	0x1
 746 022c 8C       		.byte	0x8c
 747 022d D1000000 		.4byte	0xd1
 748 0231 1E000000 		.4byte	.LLST1
 749 0235 0B       		.uleb128 0xb
 750 0236 62756600 		.ascii	"buf\000"
 751 023a 01       		.byte	0x1
ARM GAS  C:\Users\Tri94\AppData\Local\Temp\ccOAPL0N.s 			page 18


 752 023b 8E       		.byte	0x8e
 753 023c 01020000 		.4byte	0x201
 754 0240 02       		.uleb128 0x2
 755 0241 91       		.byte	0x91
 756 0242 64       		.sleb128 -28
 757 0243 16       		.uleb128 0x16
 758 0244 3F010000 		.4byte	.LASF64
 759 0248 01       		.byte	0x1
 760 0249 8F       		.byte	0x8f
 761 024a B8000000 		.4byte	0xb8
 762 024e 0C       		.uleb128 0xc
 763 024f C6000000 		.4byte	.LASF29
 764 0253 01       		.byte	0x1
 765 0254 90       		.byte	0x90
 766 0255 D3000000 		.4byte	0xd3
 767 0259 06       		.uleb128 0x6
 768 025a 03       		.byte	0x3
 769 025b 00000000 		.4byte	.LC2
 770 025f 9F       		.byte	0x9f
 771 0260 0D       		.uleb128 0xd
 772 0261 70636800 		.ascii	"pch\000"
 773 0265 01       		.byte	0x1
 774 0266 91       		.byte	0x91
 775 0267 D3000000 		.4byte	0xd3
 776 026b 3F000000 		.4byte	.LLST2
 777 026f 17       		.uleb128 0x17
 778 0270 1A020000 		.4byte	.LASF30
 779 0274 01       		.byte	0x1
 780 0275 92       		.byte	0x92
 781 0276 97000000 		.4byte	0x97
 782 027a 5D000000 		.4byte	.LLST3
 783 027e 0B       		.uleb128 0xb
 784 027f 73747200 		.ascii	"str\000"
 785 0283 01       		.byte	0x1
 786 0284 93       		.byte	0x93
 787 0285 01020000 		.4byte	0x201
 788 0289 02       		.uleb128 0x2
 789 028a 91       		.byte	0x91
 790 028b 50       		.sleb128 -48
 791 028c 0C       		.uleb128 0xc
 792 028d A0000000 		.4byte	.LASF31
 793 0291 01       		.byte	0x1
 794 0292 95       		.byte	0x95
 795 0293 51040000 		.4byte	0x451
 796 0297 02       		.uleb128 0x2
 797 0298 91       		.byte	0x91
 798 0299 44       		.sleb128 -60
 799 029a 0C       		.uleb128 0xc
 800 029b 43020000 		.4byte	.LASF32
 801 029f 01       		.byte	0x1
 802 02a0 96       		.byte	0x96
 803 02a1 61040000 		.4byte	0x461
 804 02a5 03       		.uleb128 0x3
 805 02a6 91       		.byte	0x91
 806 02a7 B47F     		.sleb128 -76
 807 02a9 0F       		.uleb128 0xf
 808 02aa 20000000 		.4byte	.LVL14
ARM GAS  C:\Users\Tri94\AppData\Local\Temp\ccOAPL0N.s 			page 19


 809 02ae E1050000 		.4byte	0x5e1
 810 02b2 10       		.uleb128 0x10
 811 02b3 32000000 		.4byte	.LVL15
 812 02b7 ED050000 		.4byte	0x5ed
 813 02bb D1020000 		.4byte	0x2d1
 814 02bf 11       		.uleb128 0x11
 815 02c0 01       		.uleb128 0x1
 816 02c1 51       		.byte	0x51
 817 02c2 02       		.uleb128 0x2
 818 02c3 91       		.byte	0x91
 819 02c4 64       		.sleb128 -28
 820 02c5 11       		.uleb128 0x11
 821 02c6 01       		.uleb128 0x1
 822 02c7 52       		.byte	0x52
 823 02c8 01       		.uleb128 0x1
 824 02c9 44       		.byte	0x44
 825 02ca 11       		.uleb128 0x11
 826 02cb 01       		.uleb128 0x1
 827 02cc 53       		.byte	0x53
 828 02cd 02       		.uleb128 0x2
 829 02ce 08       		.byte	0x8
 830 02cf 64       		.byte	0x64
 831 02d0 00       		.byte	0
 832 02d1 10       		.uleb128 0x10
 833 02d2 3A000000 		.4byte	.LVL16
 834 02d6 F9050000 		.4byte	0x5f9
 835 02da EE020000 		.4byte	0x2ee
 836 02de 11       		.uleb128 0x11
 837 02df 01       		.uleb128 0x1
 838 02e0 50       		.byte	0x50
 839 02e1 02       		.uleb128 0x2
 840 02e2 91       		.byte	0x91
 841 02e3 64       		.sleb128 -28
 842 02e4 11       		.uleb128 0x11
 843 02e5 01       		.uleb128 0x1
 844 02e6 51       		.byte	0x51
 845 02e7 05       		.uleb128 0x5
 846 02e8 03       		.byte	0x3
 847 02e9 00000000 		.4byte	.LC2
 848 02ed 00       		.byte	0
 849 02ee 10       		.uleb128 0x10
 850 02ef 42000000 		.4byte	.LVL19
 851 02f3 C0050000 		.4byte	0x5c0
 852 02f7 05030000 		.4byte	0x305
 853 02fb 11       		.uleb128 0x11
 854 02fc 01       		.uleb128 0x1
 855 02fd 50       		.byte	0x50
 856 02fe 05       		.uleb128 0x5
 857 02ff 03       		.byte	0x3
 858 0300 04000000 		.4byte	.LC3
 859 0304 00       		.byte	0
 860 0305 10       		.uleb128 0x10
 861 0306 48000000 		.4byte	.LVL20
 862 030a C0050000 		.4byte	0x5c0
 863 030e 19030000 		.4byte	0x319
 864 0312 11       		.uleb128 0x11
 865 0313 01       		.uleb128 0x1
ARM GAS  C:\Users\Tri94\AppData\Local\Temp\ccOAPL0N.s 			page 20


 866 0314 50       		.byte	0x50
 867 0315 02       		.uleb128 0x2
 868 0316 74       		.byte	0x74
 869 0317 00       		.sleb128 0
 870 0318 00       		.byte	0
 871 0319 10       		.uleb128 0x10
 872 031a 4E000000 		.4byte	.LVL21
 873 031e C0050000 		.4byte	0x5c0
 874 0322 30030000 		.4byte	0x330
 875 0326 11       		.uleb128 0x11
 876 0327 01       		.uleb128 0x1
 877 0328 50       		.byte	0x50
 878 0329 05       		.uleb128 0x5
 879 032a 03       		.byte	0x3
 880 032b 10000000 		.4byte	.LC4
 881 032f 00       		.byte	0
 882 0330 10       		.uleb128 0x10
 883 0331 54000000 		.4byte	.LVL22
 884 0335 04060000 		.4byte	0x604
 885 0339 44030000 		.4byte	0x344
 886 033d 11       		.uleb128 0x11
 887 033e 01       		.uleb128 0x1
 888 033f 50       		.byte	0x50
 889 0340 02       		.uleb128 0x2
 890 0341 74       		.byte	0x74
 891 0342 00       		.sleb128 0
 892 0343 00       		.byte	0
 893 0344 10       		.uleb128 0x10
 894 0345 60000000 		.4byte	.LVL25
 895 0349 0F060000 		.4byte	0x60f
 896 034d 67030000 		.4byte	0x367
 897 0351 11       		.uleb128 0x11
 898 0352 01       		.uleb128 0x1
 899 0353 50       		.byte	0x50
 900 0354 02       		.uleb128 0x2
 901 0355 91       		.byte	0x91
 902 0356 50       		.sleb128 -48
 903 0357 11       		.uleb128 0x11
 904 0358 01       		.uleb128 0x1
 905 0359 51       		.byte	0x51
 906 035a 05       		.uleb128 0x5
 907 035b 03       		.byte	0x3
 908 035c 14000000 		.4byte	.LC5
 909 0360 11       		.uleb128 0x11
 910 0361 01       		.uleb128 0x1
 911 0362 52       		.byte	0x52
 912 0363 02       		.uleb128 0x2
 913 0364 74       		.byte	0x74
 914 0365 00       		.sleb128 0
 915 0366 00       		.byte	0
 916 0367 10       		.uleb128 0x10
 917 0368 68000000 		.4byte	.LVL26
 918 036c 1A060000 		.4byte	0x61a
 919 0370 7F030000 		.4byte	0x37f
 920 0374 11       		.uleb128 0x11
 921 0375 01       		.uleb128 0x1
 922 0376 50       		.byte	0x50
ARM GAS  C:\Users\Tri94\AppData\Local\Temp\ccOAPL0N.s 			page 21


 923 0377 01       		.uleb128 0x1
 924 0378 31       		.byte	0x31
 925 0379 11       		.uleb128 0x11
 926 037a 01       		.uleb128 0x1
 927 037b 51       		.byte	0x51
 928 037c 01       		.uleb128 0x1
 929 037d 30       		.byte	0x30
 930 037e 00       		.byte	0
 931 037f 10       		.uleb128 0x10
 932 0380 6E000000 		.4byte	.LVL27
 933 0384 25060000 		.4byte	0x625
 934 0388 93030000 		.4byte	0x393
 935 038c 11       		.uleb128 0x11
 936 038d 01       		.uleb128 0x1
 937 038e 50       		.byte	0x50
 938 038f 02       		.uleb128 0x2
 939 0390 91       		.byte	0x91
 940 0391 50       		.sleb128 -48
 941 0392 00       		.byte	0
 942 0393 10       		.uleb128 0x10
 943 0394 78000000 		.4byte	.LVL28
 944 0398 30060000 		.4byte	0x630
 945 039c A6030000 		.4byte	0x3a6
 946 03a0 11       		.uleb128 0x11
 947 03a1 01       		.uleb128 0x1
 948 03a2 50       		.byte	0x50
 949 03a3 01       		.uleb128 0x1
 950 03a4 31       		.byte	0x31
 951 03a5 00       		.byte	0
 952 03a6 10       		.uleb128 0x10
 953 03a7 7E000000 		.4byte	.LVL29
 954 03ab C0050000 		.4byte	0x5c0
 955 03af BA030000 		.4byte	0x3ba
 956 03b3 11       		.uleb128 0x11
 957 03b4 01       		.uleb128 0x1
 958 03b5 50       		.byte	0x50
 959 03b6 02       		.uleb128 0x2
 960 03b7 91       		.byte	0x91
 961 03b8 44       		.sleb128 -60
 962 03b9 00       		.byte	0
 963 03ba 10       		.uleb128 0x10
 964 03bb 86000000 		.4byte	.LVL30
 965 03bf 1A060000 		.4byte	0x61a
 966 03c3 D2030000 		.4byte	0x3d2
 967 03c7 11       		.uleb128 0x11
 968 03c8 01       		.uleb128 0x1
 969 03c9 50       		.byte	0x50
 970 03ca 01       		.uleb128 0x1
 971 03cb 30       		.byte	0x30
 972 03cc 11       		.uleb128 0x11
 973 03cd 01       		.uleb128 0x1
 974 03ce 51       		.byte	0x51
 975 03cf 01       		.uleb128 0x1
 976 03d0 30       		.byte	0x30
 977 03d1 00       		.byte	0
 978 03d2 10       		.uleb128 0x10
 979 03d3 8C000000 		.4byte	.LVL31
ARM GAS  C:\Users\Tri94\AppData\Local\Temp\ccOAPL0N.s 			page 22


 980 03d7 25060000 		.4byte	0x625
 981 03db E9030000 		.4byte	0x3e9
 982 03df 11       		.uleb128 0x11
 983 03e0 01       		.uleb128 0x1
 984 03e1 50       		.byte	0x50
 985 03e2 05       		.uleb128 0x5
 986 03e3 03       		.byte	0x3
 987 03e4 24000000 		.4byte	.LC6
 988 03e8 00       		.byte	0
 989 03e9 10       		.uleb128 0x10
 990 03ea 94000000 		.4byte	.LVL32
 991 03ee 30060000 		.4byte	0x630
 992 03f2 FC030000 		.4byte	0x3fc
 993 03f6 11       		.uleb128 0x11
 994 03f7 01       		.uleb128 0x1
 995 03f8 50       		.byte	0x50
 996 03f9 01       		.uleb128 0x1
 997 03fa 30       		.byte	0x30
 998 03fb 00       		.byte	0
 999 03fc 10       		.uleb128 0x10
 1000 03fd 9A000000 		.4byte	.LVL33
 1001 0401 C0050000 		.4byte	0x5c0
 1002 0405 11040000 		.4byte	0x411
 1003 0409 11       		.uleb128 0x11
 1004 040a 01       		.uleb128 0x1
 1005 040b 50       		.byte	0x50
 1006 040c 03       		.uleb128 0x3
 1007 040d 91       		.byte	0x91
 1008 040e B47F     		.sleb128 -76
 1009 0410 00       		.byte	0
 1010 0411 10       		.uleb128 0x10
 1011 0412 A2000000 		.4byte	.LVL34
 1012 0416 1A060000 		.4byte	0x61a
 1013 041a 29040000 		.4byte	0x429
 1014 041e 11       		.uleb128 0x11
 1015 041f 01       		.uleb128 0x1
 1016 0420 50       		.byte	0x50
 1017 0421 01       		.uleb128 0x1
 1018 0422 30       		.byte	0x30
 1019 0423 11       		.uleb128 0x11
 1020 0424 01       		.uleb128 0x1
 1021 0425 51       		.byte	0x51
 1022 0426 01       		.uleb128 0x1
 1023 0427 30       		.byte	0x30
 1024 0428 00       		.byte	0
 1025 0429 10       		.uleb128 0x10
 1026 042a A8000000 		.4byte	.LVL35
 1027 042e 25060000 		.4byte	0x625
 1028 0432 40040000 		.4byte	0x440
 1029 0436 11       		.uleb128 0x11
 1030 0437 01       		.uleb128 0x1
 1031 0438 50       		.byte	0x50
 1032 0439 05       		.uleb128 0x5
 1033 043a 03       		.byte	0x3
 1034 043b 30000000 		.4byte	.LC7
 1035 043f 00       		.byte	0
 1036 0440 18       		.uleb128 0x18
ARM GAS  C:\Users\Tri94\AppData\Local\Temp\ccOAPL0N.s 			page 23


 1037 0441 AE000000 		.4byte	.LVL36
 1038 0445 3B060000 		.4byte	0x63b
 1039 0449 11       		.uleb128 0x11
 1040 044a 01       		.uleb128 0x1
 1041 044b 50       		.byte	0x50
 1042 044c 02       		.uleb128 0x2
 1043 044d 08       		.byte	0x8
 1044 044e 64       		.byte	0x64
 1045 044f 00       		.byte	0
 1046 0450 00       		.byte	0
 1047 0451 12       		.uleb128 0x12
 1048 0452 B1000000 		.4byte	0xb1
 1049 0456 61040000 		.4byte	0x461
 1050 045a 13       		.uleb128 0x13
 1051 045b CA000000 		.4byte	0xca
 1052 045f 0B       		.byte	0xb
 1053 0460 00       		.byte	0
 1054 0461 12       		.uleb128 0x12
 1055 0462 B1000000 		.4byte	0xb1
 1056 0466 71040000 		.4byte	0x471
 1057 046a 13       		.uleb128 0x13
 1058 046b CA000000 		.4byte	0xca
 1059 046f 0C       		.byte	0xc
 1060 0470 00       		.byte	0
 1061 0471 19       		.uleb128 0x19
 1062 0472 23020000 		.4byte	.LASF65
 1063 0476 01       		.byte	0x1
 1064 0477 4F       		.byte	0x4f
 1065 0478 00000000 		.4byte	.LFB70
 1066 047c 2C000000 		.4byte	.LFE70-.LFB70
 1067 0480 01       		.uleb128 0x1
 1068 0481 9C       		.byte	0x9c
 1069 0482 DF040000 		.4byte	0x4df
 1070 0486 10       		.uleb128 0x10
 1071 0487 08000000 		.4byte	.LVL37
 1072 048b 47060000 		.4byte	0x647
 1073 048f 9D040000 		.4byte	0x49d
 1074 0493 11       		.uleb128 0x11
 1075 0494 01       		.uleb128 0x1
 1076 0495 50       		.byte	0x50
 1077 0496 05       		.uleb128 0x5
 1078 0497 03       		.byte	0x3
 1079 0498 00000000 		.4byte	myISR_UART
 1080 049c 00       		.byte	0
 1081 049d 0F       		.uleb128 0xf
 1082 049e 0C000000 		.4byte	.LVL38
 1083 04a2 52060000 		.4byte	0x652
 1084 04a6 0F       		.uleb128 0xf
 1085 04a7 10000000 		.4byte	.LVL39
 1086 04ab 5D060000 		.4byte	0x65d
 1087 04af 0F       		.uleb128 0xf
 1088 04b0 14000000 		.4byte	.LVL40
 1089 04b4 68060000 		.4byte	0x668
 1090 04b8 10       		.uleb128 0x10
 1091 04b9 1A000000 		.4byte	.LVL41
 1092 04bd 73060000 		.4byte	0x673
 1093 04c1 CB040000 		.4byte	0x4cb
ARM GAS  C:\Users\Tri94\AppData\Local\Temp\ccOAPL0N.s 			page 24


 1094 04c5 11       		.uleb128 0x11
 1095 04c6 01       		.uleb128 0x1
 1096 04c7 50       		.byte	0x50
 1097 04c8 01       		.uleb128 0x1
 1098 04c9 31       		.byte	0x31
 1099 04ca 00       		.byte	0
 1100 04cb 18       		.uleb128 0x18
 1101 04cc 20000000 		.4byte	.LVL42
 1102 04d0 25060000 		.4byte	0x625
 1103 04d4 11       		.uleb128 0x11
 1104 04d5 01       		.uleb128 0x1
 1105 04d6 50       		.byte	0x50
 1106 04d7 05       		.uleb128 0x5
 1107 04d8 03       		.byte	0x3
 1108 04d9 58000000 		.4byte	.LC8
 1109 04dd 00       		.byte	0
 1110 04de 00       		.byte	0
 1111 04df 1A       		.uleb128 0x1a
 1112 04e0 90000000 		.4byte	.LASF66
 1113 04e4 01       		.byte	0x1
 1114 04e5 27       		.byte	0x27
 1115 04e6 73000000 		.4byte	0x73
 1116 04ea 00000000 		.4byte	.LFB69
 1117 04ee 4C000000 		.4byte	.LFE69-.LFB69
 1118 04f2 01       		.uleb128 0x1
 1119 04f3 9C       		.byte	0x9c
 1120 04f4 78050000 		.4byte	0x578
 1121 04f8 0D       		.uleb128 0xd
 1122 04f9 65727200 		.ascii	"err\000"
 1123 04fd 01       		.byte	0x1
 1124 04fe 29       		.byte	0x29
 1125 04ff D9000000 		.4byte	0xd9
 1126 0503 86000000 		.4byte	.LLST4
 1127 0507 0F       		.uleb128 0xf
 1128 0508 0A000000 		.4byte	.LVL43
 1129 050c 7E060000 		.4byte	0x67e
 1130 0510 0F       		.uleb128 0xf
 1131 0511 0E000000 		.4byte	.LVL44
 1132 0515 71040000 		.4byte	0x471
 1133 0519 10       		.uleb128 0x10
 1134 051a 18000000 		.4byte	.LVL45
 1135 051e 89060000 		.4byte	0x689
 1136 0522 37050000 		.4byte	0x537
 1137 0526 11       		.uleb128 0x11
 1138 0527 01       		.uleb128 0x1
 1139 0528 50       		.byte	0x50
 1140 0529 02       		.uleb128 0x2
 1141 052a 08       		.byte	0x8
 1142 052b 64       		.byte	0x64
 1143 052c 11       		.uleb128 0x11
 1144 052d 01       		.uleb128 0x1
 1145 052e 51       		.byte	0x51
 1146 052f 01       		.uleb128 0x1
 1147 0530 30       		.byte	0x30
 1148 0531 11       		.uleb128 0x11
 1149 0532 01       		.uleb128 0x1
 1150 0533 52       		.byte	0x52
ARM GAS  C:\Users\Tri94\AppData\Local\Temp\ccOAPL0N.s 			page 25


 1151 0534 01       		.uleb128 0x1
 1152 0535 31       		.byte	0x31
 1153 0536 00       		.byte	0
 1154 0537 10       		.uleb128 0x10
 1155 0538 32000000 		.4byte	.LVL46
 1156 053c 95060000 		.4byte	0x695
 1157 0540 6E050000 		.4byte	0x56e
 1158 0544 11       		.uleb128 0x11
 1159 0545 01       		.uleb128 0x1
 1160 0546 50       		.byte	0x50
 1161 0547 05       		.uleb128 0x5
 1162 0548 03       		.byte	0x3
 1163 0549 00000000 		.4byte	vUARTTask1
 1164 054d 11       		.uleb128 0x11
 1165 054e 01       		.uleb128 0x1
 1166 054f 51       		.byte	0x51
 1167 0550 05       		.uleb128 0x5
 1168 0551 03       		.byte	0x3
 1169 0552 60000000 		.4byte	.LC9
 1170 0556 11       		.uleb128 0x11
 1171 0557 01       		.uleb128 0x1
 1172 0558 52       		.byte	0x52
 1173 0559 02       		.uleb128 0x2
 1174 055a 08       		.byte	0x8
 1175 055b C8       		.byte	0xc8
 1176 055c 11       		.uleb128 0x11
 1177 055d 01       		.uleb128 0x1
 1178 055e 53       		.byte	0x53
 1179 055f 01       		.uleb128 0x1
 1180 0560 30       		.byte	0x30
 1181 0561 11       		.uleb128 0x11
 1182 0562 02       		.uleb128 0x2
 1183 0563 7D       		.byte	0x7d
 1184 0564 00       		.sleb128 0
 1185 0565 01       		.uleb128 0x1
 1186 0566 34       		.byte	0x34
 1187 0567 11       		.uleb128 0x11
 1188 0568 02       		.uleb128 0x2
 1189 0569 7D       		.byte	0x7d
 1190 056a 04       		.sleb128 4
 1191 056b 01       		.uleb128 0x1
 1192 056c 30       		.byte	0x30
 1193 056d 00       		.byte	0
 1194 056e 0F       		.uleb128 0xf
 1195 056f 3C000000 		.4byte	.LVL47
 1196 0573 A1060000 		.4byte	0x6a1
 1197 0577 00       		.byte	0
 1198 0578 1B       		.uleb128 0x1b
 1199 0579 74030000 		.4byte	.LASF33
 1200 057d 09       		.byte	0x9
 1201 057e 1207     		.2byte	0x712
 1202 0580 84050000 		.4byte	0x584
 1203 0584 1C       		.uleb128 0x1c
 1204 0585 81000000 		.4byte	0x81
 1205 0589 1D       		.uleb128 0x1d
 1206 058a 6D010000 		.4byte	.LASF34
 1207 058e 01       		.byte	0x1
ARM GAS  C:\Users\Tri94\AppData\Local\Temp\ccOAPL0N.s 			page 26


 1208 058f 22       		.byte	0x22
 1209 0590 FA000000 		.4byte	0xfa
 1210 0594 05       		.uleb128 0x5
 1211 0595 03       		.byte	0x3
 1212 0596 00000000 		.4byte	xMessageBuffer
 1213 059a 1E       		.uleb128 0x1e
 1214 059b AA000000 		.4byte	.LASF35
 1215 059f AA000000 		.4byte	.LASF35
 1216 05a3 0A       		.byte	0xa
 1217 05a4 71       		.byte	0x71
 1218 05a5 1F       		.uleb128 0x1f
 1219 05a6 C1010000 		.4byte	.LASF36
 1220 05aa C1010000 		.4byte	.LASF36
 1221 05ae 07       		.byte	0x7
 1222 05af 9501     		.2byte	0x195
 1223 05b1 20       		.uleb128 0x20
 1224 05b2 4E020000 		.4byte	.LASF67
 1225 05b6 41030000 		.4byte	.LASF68
 1226 05ba 13       		.byte	0x13
 1227 05bb 00       		.byte	0
 1228 05bc 4E020000 		.4byte	.LASF67
 1229 05c0 1E       		.uleb128 0x1e
 1230 05c1 B7000000 		.4byte	.LASF37
 1231 05c5 B7000000 		.4byte	.LASF37
 1232 05c9 0A       		.byte	0xa
 1233 05ca 8B       		.byte	0x8b
 1234 05cb 1E       		.uleb128 0x1e
 1235 05cc 65020000 		.4byte	.LASF38
 1236 05d0 65020000 		.4byte	.LASF38
 1237 05d4 0A       		.byte	0xa
 1238 05d5 73       		.byte	0x73
 1239 05d6 1E       		.uleb128 0x1e
 1240 05d7 7E000000 		.4byte	.LASF39
 1241 05db 7E000000 		.4byte	.LASF39
 1242 05df 0A       		.byte	0xa
 1243 05e0 70       		.byte	0x70
 1244 05e1 1F       		.uleb128 0x1f
 1245 05e2 0F010000 		.4byte	.LASF40
 1246 05e6 0F010000 		.4byte	.LASF40
 1247 05ea 07       		.byte	0x7
 1248 05eb 8502     		.2byte	0x285
 1249 05ed 1F       		.uleb128 0x1f
 1250 05ee 25000000 		.4byte	.LASF41
 1251 05f2 25000000 		.4byte	.LASF41
 1252 05f6 07       		.byte	0x7
 1253 05f7 EE01     		.2byte	0x1ee
 1254 05f9 1E       		.uleb128 0x1e
 1255 05fa 08010000 		.4byte	.LASF42
 1256 05fe 08010000 		.4byte	.LASF42
 1257 0602 0B       		.byte	0xb
 1258 0603 2A       		.byte	0x2a
 1259 0604 1E       		.uleb128 0x1e
 1260 0605 46010000 		.4byte	.LASF43
 1261 0609 46010000 		.4byte	.LASF43
 1262 060d 0C       		.byte	0xc
 1263 060e 4D       		.byte	0x4d
 1264 060f 1E       		.uleb128 0x1e
ARM GAS  C:\Users\Tri94\AppData\Local\Temp\ccOAPL0N.s 			page 27


 1265 0610 65010000 		.4byte	.LASF44
 1266 0614 65010000 		.4byte	.LASF44
 1267 0618 0D       		.byte	0xd
 1268 0619 E7       		.byte	0xe7
 1269 061a 1E       		.uleb128 0x1e
 1270 061b 67030000 		.4byte	.LASF45
 1271 061f 67030000 		.4byte	.LASF45
 1272 0623 0E       		.byte	0xe
 1273 0624 3D       		.byte	0x3d
 1274 0625 1E       		.uleb128 0x1e
 1275 0626 E7010000 		.4byte	.LASF46
 1276 062a E7010000 		.4byte	.LASF46
 1277 062e 0E       		.byte	0xe
 1278 062f 3C       		.byte	0x3c
 1279 0630 1E       		.uleb128 0x1e
 1280 0631 1B000000 		.4byte	.LASF47
 1281 0635 1B000000 		.4byte	.LASF47
 1282 0639 0F       		.byte	0xf
 1283 063a 26       		.byte	0x26
 1284 063b 1F       		.uleb128 0x1f
 1285 063c 65000000 		.4byte	.LASF48
 1286 0640 65000000 		.4byte	.LASF48
 1287 0644 10       		.byte	0x10
 1288 0645 F302     		.2byte	0x2f3
 1289 0647 1E       		.uleb128 0x1e
 1290 0648 CE020000 		.4byte	.LASF49
 1291 064c CE020000 		.4byte	.LASF49
 1292 0650 11       		.byte	0x11
 1293 0651 18       		.byte	0x18
 1294 0652 1E       		.uleb128 0x1e
 1295 0653 30020000 		.4byte	.LASF50
 1296 0657 30020000 		.4byte	.LASF50
 1297 065b 0A       		.byte	0xa
 1298 065c 54       		.byte	0x54
 1299 065d 1E       		.uleb128 0x1e
 1300 065e 5C020000 		.4byte	.LASF51
 1301 0662 5C020000 		.4byte	.LASF51
 1302 0666 0E       		.byte	0xe
 1303 0667 36       		.byte	0x36
 1304 0668 1E       		.uleb128 0x1e
 1305 0669 2A010000 		.4byte	.LASF52
 1306 066d 2A010000 		.4byte	.LASF52
 1307 0671 0E       		.byte	0xe
 1308 0672 38       		.byte	0x38
 1309 0673 1E       		.uleb128 0x1e
 1310 0674 3A000000 		.4byte	.LASF53
 1311 0678 3A000000 		.4byte	.LASF53
 1312 067c 0E       		.byte	0xe
 1313 067d 3A       		.byte	0x3a
 1314 067e 1E       		.uleb128 0x1e
 1315 067f 70000000 		.4byte	.LASF54
 1316 0683 70000000 		.4byte	.LASF54
 1317 0687 12       		.byte	0x12
 1318 0688 17       		.byte	0x17
 1319 0689 1F       		.uleb128 0x1f
 1320 068a 00000000 		.4byte	.LASF55
 1321 068e 00000000 		.4byte	.LASF55
ARM GAS  C:\Users\Tri94\AppData\Local\Temp\ccOAPL0N.s 			page 28


 1322 0692 07       		.byte	0x7
 1323 0693 3D03     		.2byte	0x33d
 1324 0695 1F       		.uleb128 0x1f
 1325 0696 0F040000 		.4byte	.LASF56
 1326 069a 0F040000 		.4byte	.LASF56
 1327 069e 10       		.byte	0x10
 1328 069f 4701     		.2byte	0x147
 1329 06a1 1F       		.uleb128 0x1f
 1330 06a2 EB000000 		.4byte	.LASF57
 1331 06a6 EB000000 		.4byte	.LASF57
 1332 06aa 10       		.byte	0x10
 1333 06ab 9404     		.2byte	0x494
 1334 06ad 00       		.byte	0
 1335              		.section	.debug_abbrev,"",%progbits
 1336              	.Ldebug_abbrev0:
 1337 0000 01       		.uleb128 0x1
 1338 0001 11       		.uleb128 0x11
 1339 0002 01       		.byte	0x1
 1340 0003 25       		.uleb128 0x25
 1341 0004 0E       		.uleb128 0xe
 1342 0005 13       		.uleb128 0x13
 1343 0006 0B       		.uleb128 0xb
 1344 0007 03       		.uleb128 0x3
 1345 0008 0E       		.uleb128 0xe
 1346 0009 1B       		.uleb128 0x1b
 1347 000a 0E       		.uleb128 0xe
 1348 000b 55       		.uleb128 0x55
 1349 000c 17       		.uleb128 0x17
 1350 000d 11       		.uleb128 0x11
 1351 000e 01       		.uleb128 0x1
 1352 000f 10       		.uleb128 0x10
 1353 0010 17       		.uleb128 0x17
 1354 0011 00       		.byte	0
 1355 0012 00       		.byte	0
 1356 0013 02       		.uleb128 0x2
 1357 0014 24       		.uleb128 0x24
 1358 0015 00       		.byte	0
 1359 0016 0B       		.uleb128 0xb
 1360 0017 0B       		.uleb128 0xb
 1361 0018 3E       		.uleb128 0x3e
 1362 0019 0B       		.uleb128 0xb
 1363 001a 03       		.uleb128 0x3
 1364 001b 0E       		.uleb128 0xe
 1365 001c 00       		.byte	0
 1366 001d 00       		.byte	0
 1367 001e 03       		.uleb128 0x3
 1368 001f 16       		.uleb128 0x16
 1369 0020 00       		.byte	0
 1370 0021 03       		.uleb128 0x3
 1371 0022 0E       		.uleb128 0xe
 1372 0023 3A       		.uleb128 0x3a
 1373 0024 0B       		.uleb128 0xb
 1374 0025 3B       		.uleb128 0x3b
 1375 0026 0B       		.uleb128 0xb
 1376 0027 49       		.uleb128 0x49
 1377 0028 13       		.uleb128 0x13
 1378 0029 00       		.byte	0
ARM GAS  C:\Users\Tri94\AppData\Local\Temp\ccOAPL0N.s 			page 29


 1379 002a 00       		.byte	0
 1380 002b 04       		.uleb128 0x4
 1381 002c 24       		.uleb128 0x24
 1382 002d 00       		.byte	0
 1383 002e 0B       		.uleb128 0xb
 1384 002f 0B       		.uleb128 0xb
 1385 0030 3E       		.uleb128 0x3e
 1386 0031 0B       		.uleb128 0xb
 1387 0032 03       		.uleb128 0x3
 1388 0033 08       		.uleb128 0x8
 1389 0034 00       		.byte	0
 1390 0035 00       		.byte	0
 1391 0036 05       		.uleb128 0x5
 1392 0037 16       		.uleb128 0x16
 1393 0038 00       		.byte	0
 1394 0039 03       		.uleb128 0x3
 1395 003a 0E       		.uleb128 0xe
 1396 003b 3A       		.uleb128 0x3a
 1397 003c 0B       		.uleb128 0xb
 1398 003d 3B       		.uleb128 0x3b
 1399 003e 05       		.uleb128 0x5
 1400 003f 49       		.uleb128 0x49
 1401 0040 13       		.uleb128 0x13
 1402 0041 00       		.byte	0
 1403 0042 00       		.byte	0
 1404 0043 06       		.uleb128 0x6
 1405 0044 0F       		.uleb128 0xf
 1406 0045 00       		.byte	0
 1407 0046 0B       		.uleb128 0xb
 1408 0047 0B       		.uleb128 0xb
 1409 0048 00       		.byte	0
 1410 0049 00       		.byte	0
 1411 004a 07       		.uleb128 0x7
 1412 004b 0F       		.uleb128 0xf
 1413 004c 00       		.byte	0
 1414 004d 0B       		.uleb128 0xb
 1415 004e 0B       		.uleb128 0xb
 1416 004f 49       		.uleb128 0x49
 1417 0050 13       		.uleb128 0x13
 1418 0051 00       		.byte	0
 1419 0052 00       		.byte	0
 1420 0053 08       		.uleb128 0x8
 1421 0054 04       		.uleb128 0x4
 1422 0055 01       		.byte	0x1
 1423 0056 03       		.uleb128 0x3
 1424 0057 0E       		.uleb128 0xe
 1425 0058 0B       		.uleb128 0xb
 1426 0059 0B       		.uleb128 0xb
 1427 005a 49       		.uleb128 0x49
 1428 005b 13       		.uleb128 0x13
 1429 005c 3A       		.uleb128 0x3a
 1430 005d 0B       		.uleb128 0xb
 1431 005e 3B       		.uleb128 0x3b
 1432 005f 0B       		.uleb128 0xb
 1433 0060 01       		.uleb128 0x1
 1434 0061 13       		.uleb128 0x13
 1435 0062 00       		.byte	0
ARM GAS  C:\Users\Tri94\AppData\Local\Temp\ccOAPL0N.s 			page 30


 1436 0063 00       		.byte	0
 1437 0064 09       		.uleb128 0x9
 1438 0065 28       		.uleb128 0x28
 1439 0066 00       		.byte	0
 1440 0067 03       		.uleb128 0x3
 1441 0068 0E       		.uleb128 0xe
 1442 0069 1C       		.uleb128 0x1c
 1443 006a 0B       		.uleb128 0xb
 1444 006b 00       		.byte	0
 1445 006c 00       		.byte	0
 1446 006d 0A       		.uleb128 0xa
 1447 006e 2E       		.uleb128 0x2e
 1448 006f 01       		.byte	0x1
 1449 0070 3F       		.uleb128 0x3f
 1450 0071 19       		.uleb128 0x19
 1451 0072 03       		.uleb128 0x3
 1452 0073 0E       		.uleb128 0xe
 1453 0074 3A       		.uleb128 0x3a
 1454 0075 0B       		.uleb128 0xb
 1455 0076 3B       		.uleb128 0x3b
 1456 0077 0B       		.uleb128 0xb
 1457 0078 27       		.uleb128 0x27
 1458 0079 19       		.uleb128 0x19
 1459 007a 11       		.uleb128 0x11
 1460 007b 01       		.uleb128 0x1
 1461 007c 12       		.uleb128 0x12
 1462 007d 06       		.uleb128 0x6
 1463 007e 40       		.uleb128 0x40
 1464 007f 18       		.uleb128 0x18
 1465 0080 9742     		.uleb128 0x2117
 1466 0082 19       		.uleb128 0x19
 1467 0083 01       		.uleb128 0x1
 1468 0084 13       		.uleb128 0x13
 1469 0085 00       		.byte	0
 1470 0086 00       		.byte	0
 1471 0087 0B       		.uleb128 0xb
 1472 0088 34       		.uleb128 0x34
 1473 0089 00       		.byte	0
 1474 008a 03       		.uleb128 0x3
 1475 008b 08       		.uleb128 0x8
 1476 008c 3A       		.uleb128 0x3a
 1477 008d 0B       		.uleb128 0xb
 1478 008e 3B       		.uleb128 0x3b
 1479 008f 0B       		.uleb128 0xb
 1480 0090 49       		.uleb128 0x49
 1481 0091 13       		.uleb128 0x13
 1482 0092 02       		.uleb128 0x2
 1483 0093 18       		.uleb128 0x18
 1484 0094 00       		.byte	0
 1485 0095 00       		.byte	0
 1486 0096 0C       		.uleb128 0xc
 1487 0097 34       		.uleb128 0x34
 1488 0098 00       		.byte	0
 1489 0099 03       		.uleb128 0x3
 1490 009a 0E       		.uleb128 0xe
 1491 009b 3A       		.uleb128 0x3a
 1492 009c 0B       		.uleb128 0xb
ARM GAS  C:\Users\Tri94\AppData\Local\Temp\ccOAPL0N.s 			page 31


 1493 009d 3B       		.uleb128 0x3b
 1494 009e 0B       		.uleb128 0xb
 1495 009f 49       		.uleb128 0x49
 1496 00a0 13       		.uleb128 0x13
 1497 00a1 02       		.uleb128 0x2
 1498 00a2 18       		.uleb128 0x18
 1499 00a3 00       		.byte	0
 1500 00a4 00       		.byte	0
 1501 00a5 0D       		.uleb128 0xd
 1502 00a6 34       		.uleb128 0x34
 1503 00a7 00       		.byte	0
 1504 00a8 03       		.uleb128 0x3
 1505 00a9 08       		.uleb128 0x8
 1506 00aa 3A       		.uleb128 0x3a
 1507 00ab 0B       		.uleb128 0xb
 1508 00ac 3B       		.uleb128 0x3b
 1509 00ad 0B       		.uleb128 0xb
 1510 00ae 49       		.uleb128 0x49
 1511 00af 13       		.uleb128 0x13
 1512 00b0 02       		.uleb128 0x2
 1513 00b1 17       		.uleb128 0x17
 1514 00b2 00       		.byte	0
 1515 00b3 00       		.byte	0
 1516 00b4 0E       		.uleb128 0xe
 1517 00b5 34       		.uleb128 0x34
 1518 00b6 00       		.byte	0
 1519 00b7 03       		.uleb128 0x3
 1520 00b8 0E       		.uleb128 0xe
 1521 00b9 3A       		.uleb128 0x3a
 1522 00ba 0B       		.uleb128 0xb
 1523 00bb 3B       		.uleb128 0x3b
 1524 00bc 0B       		.uleb128 0xb
 1525 00bd 49       		.uleb128 0x49
 1526 00be 13       		.uleb128 0x13
 1527 00bf 1C       		.uleb128 0x1c
 1528 00c0 0B       		.uleb128 0xb
 1529 00c1 00       		.byte	0
 1530 00c2 00       		.byte	0
 1531 00c3 0F       		.uleb128 0xf
 1532 00c4 898201   		.uleb128 0x4109
 1533 00c7 00       		.byte	0
 1534 00c8 11       		.uleb128 0x11
 1535 00c9 01       		.uleb128 0x1
 1536 00ca 31       		.uleb128 0x31
 1537 00cb 13       		.uleb128 0x13
 1538 00cc 00       		.byte	0
 1539 00cd 00       		.byte	0
 1540 00ce 10       		.uleb128 0x10
 1541 00cf 898201   		.uleb128 0x4109
 1542 00d2 01       		.byte	0x1
 1543 00d3 11       		.uleb128 0x11
 1544 00d4 01       		.uleb128 0x1
 1545 00d5 31       		.uleb128 0x31
 1546 00d6 13       		.uleb128 0x13
 1547 00d7 01       		.uleb128 0x1
 1548 00d8 13       		.uleb128 0x13
 1549 00d9 00       		.byte	0
ARM GAS  C:\Users\Tri94\AppData\Local\Temp\ccOAPL0N.s 			page 32


 1550 00da 00       		.byte	0
 1551 00db 11       		.uleb128 0x11
 1552 00dc 8A8201   		.uleb128 0x410a
 1553 00df 00       		.byte	0
 1554 00e0 02       		.uleb128 0x2
 1555 00e1 18       		.uleb128 0x18
 1556 00e2 9142     		.uleb128 0x2111
 1557 00e4 18       		.uleb128 0x18
 1558 00e5 00       		.byte	0
 1559 00e6 00       		.byte	0
 1560 00e7 12       		.uleb128 0x12
 1561 00e8 01       		.uleb128 0x1
 1562 00e9 01       		.byte	0x1
 1563 00ea 49       		.uleb128 0x49
 1564 00eb 13       		.uleb128 0x13
 1565 00ec 01       		.uleb128 0x1
 1566 00ed 13       		.uleb128 0x13
 1567 00ee 00       		.byte	0
 1568 00ef 00       		.byte	0
 1569 00f0 13       		.uleb128 0x13
 1570 00f1 21       		.uleb128 0x21
 1571 00f2 00       		.byte	0
 1572 00f3 49       		.uleb128 0x49
 1573 00f4 13       		.uleb128 0x13
 1574 00f5 2F       		.uleb128 0x2f
 1575 00f6 0B       		.uleb128 0xb
 1576 00f7 00       		.byte	0
 1577 00f8 00       		.byte	0
 1578 00f9 14       		.uleb128 0x14
 1579 00fa 2E       		.uleb128 0x2e
 1580 00fb 01       		.byte	0x1
 1581 00fc 3F       		.uleb128 0x3f
 1582 00fd 19       		.uleb128 0x19
 1583 00fe 03       		.uleb128 0x3
 1584 00ff 0E       		.uleb128 0xe
 1585 0100 3A       		.uleb128 0x3a
 1586 0101 0B       		.uleb128 0xb
 1587 0102 3B       		.uleb128 0x3b
 1588 0103 0B       		.uleb128 0xb
 1589 0104 27       		.uleb128 0x27
 1590 0105 19       		.uleb128 0x19
 1591 0106 8701     		.uleb128 0x87
 1592 0108 19       		.uleb128 0x19
 1593 0109 11       		.uleb128 0x11
 1594 010a 01       		.uleb128 0x1
 1595 010b 12       		.uleb128 0x12
 1596 010c 06       		.uleb128 0x6
 1597 010d 40       		.uleb128 0x40
 1598 010e 18       		.uleb128 0x18
 1599 010f 9742     		.uleb128 0x2117
 1600 0111 19       		.uleb128 0x19
 1601 0112 01       		.uleb128 0x1
 1602 0113 13       		.uleb128 0x13
 1603 0114 00       		.byte	0
 1604 0115 00       		.byte	0
 1605 0116 15       		.uleb128 0x15
 1606 0117 05       		.uleb128 0x5
ARM GAS  C:\Users\Tri94\AppData\Local\Temp\ccOAPL0N.s 			page 33


 1607 0118 00       		.byte	0
 1608 0119 03       		.uleb128 0x3
 1609 011a 0E       		.uleb128 0xe
 1610 011b 3A       		.uleb128 0x3a
 1611 011c 0B       		.uleb128 0xb
 1612 011d 3B       		.uleb128 0x3b
 1613 011e 0B       		.uleb128 0xb
 1614 011f 49       		.uleb128 0x49
 1615 0120 13       		.uleb128 0x13
 1616 0121 02       		.uleb128 0x2
 1617 0122 17       		.uleb128 0x17
 1618 0123 00       		.byte	0
 1619 0124 00       		.byte	0
 1620 0125 16       		.uleb128 0x16
 1621 0126 34       		.uleb128 0x34
 1622 0127 00       		.byte	0
 1623 0128 03       		.uleb128 0x3
 1624 0129 0E       		.uleb128 0xe
 1625 012a 3A       		.uleb128 0x3a
 1626 012b 0B       		.uleb128 0xb
 1627 012c 3B       		.uleb128 0x3b
 1628 012d 0B       		.uleb128 0xb
 1629 012e 49       		.uleb128 0x49
 1630 012f 13       		.uleb128 0x13
 1631 0130 00       		.byte	0
 1632 0131 00       		.byte	0
 1633 0132 17       		.uleb128 0x17
 1634 0133 34       		.uleb128 0x34
 1635 0134 00       		.byte	0
 1636 0135 03       		.uleb128 0x3
 1637 0136 0E       		.uleb128 0xe
 1638 0137 3A       		.uleb128 0x3a
 1639 0138 0B       		.uleb128 0xb
 1640 0139 3B       		.uleb128 0x3b
 1641 013a 0B       		.uleb128 0xb
 1642 013b 49       		.uleb128 0x49
 1643 013c 13       		.uleb128 0x13
 1644 013d 02       		.uleb128 0x2
 1645 013e 17       		.uleb128 0x17
 1646 013f 00       		.byte	0
 1647 0140 00       		.byte	0
 1648 0141 18       		.uleb128 0x18
 1649 0142 898201   		.uleb128 0x4109
 1650 0145 01       		.byte	0x1
 1651 0146 11       		.uleb128 0x11
 1652 0147 01       		.uleb128 0x1
 1653 0148 31       		.uleb128 0x31
 1654 0149 13       		.uleb128 0x13
 1655 014a 00       		.byte	0
 1656 014b 00       		.byte	0
 1657 014c 19       		.uleb128 0x19
 1658 014d 2E       		.uleb128 0x2e
 1659 014e 01       		.byte	0x1
 1660 014f 3F       		.uleb128 0x3f
 1661 0150 19       		.uleb128 0x19
 1662 0151 03       		.uleb128 0x3
 1663 0152 0E       		.uleb128 0xe
ARM GAS  C:\Users\Tri94\AppData\Local\Temp\ccOAPL0N.s 			page 34


 1664 0153 3A       		.uleb128 0x3a
 1665 0154 0B       		.uleb128 0xb
 1666 0155 3B       		.uleb128 0x3b
 1667 0156 0B       		.uleb128 0xb
 1668 0157 11       		.uleb128 0x11
 1669 0158 01       		.uleb128 0x1
 1670 0159 12       		.uleb128 0x12
 1671 015a 06       		.uleb128 0x6
 1672 015b 40       		.uleb128 0x40
 1673 015c 18       		.uleb128 0x18
 1674 015d 9742     		.uleb128 0x2117
 1675 015f 19       		.uleb128 0x19
 1676 0160 01       		.uleb128 0x1
 1677 0161 13       		.uleb128 0x13
 1678 0162 00       		.byte	0
 1679 0163 00       		.byte	0
 1680 0164 1A       		.uleb128 0x1a
 1681 0165 2E       		.uleb128 0x2e
 1682 0166 01       		.byte	0x1
 1683 0167 3F       		.uleb128 0x3f
 1684 0168 19       		.uleb128 0x19
 1685 0169 03       		.uleb128 0x3
 1686 016a 0E       		.uleb128 0xe
 1687 016b 3A       		.uleb128 0x3a
 1688 016c 0B       		.uleb128 0xb
 1689 016d 3B       		.uleb128 0x3b
 1690 016e 0B       		.uleb128 0xb
 1691 016f 27       		.uleb128 0x27
 1692 0170 19       		.uleb128 0x19
 1693 0171 49       		.uleb128 0x49
 1694 0172 13       		.uleb128 0x13
 1695 0173 8701     		.uleb128 0x87
 1696 0175 19       		.uleb128 0x19
 1697 0176 11       		.uleb128 0x11
 1698 0177 01       		.uleb128 0x1
 1699 0178 12       		.uleb128 0x12
 1700 0179 06       		.uleb128 0x6
 1701 017a 40       		.uleb128 0x40
 1702 017b 18       		.uleb128 0x18
 1703 017c 9742     		.uleb128 0x2117
 1704 017e 19       		.uleb128 0x19
 1705 017f 01       		.uleb128 0x1
 1706 0180 13       		.uleb128 0x13
 1707 0181 00       		.byte	0
 1708 0182 00       		.byte	0
 1709 0183 1B       		.uleb128 0x1b
 1710 0184 34       		.uleb128 0x34
 1711 0185 00       		.byte	0
 1712 0186 03       		.uleb128 0x3
 1713 0187 0E       		.uleb128 0xe
 1714 0188 3A       		.uleb128 0x3a
 1715 0189 0B       		.uleb128 0xb
 1716 018a 3B       		.uleb128 0x3b
 1717 018b 05       		.uleb128 0x5
 1718 018c 49       		.uleb128 0x49
 1719 018d 13       		.uleb128 0x13
 1720 018e 3F       		.uleb128 0x3f
ARM GAS  C:\Users\Tri94\AppData\Local\Temp\ccOAPL0N.s 			page 35


 1721 018f 19       		.uleb128 0x19
 1722 0190 3C       		.uleb128 0x3c
 1723 0191 19       		.uleb128 0x19
 1724 0192 00       		.byte	0
 1725 0193 00       		.byte	0
 1726 0194 1C       		.uleb128 0x1c
 1727 0195 35       		.uleb128 0x35
 1728 0196 00       		.byte	0
 1729 0197 49       		.uleb128 0x49
 1730 0198 13       		.uleb128 0x13
 1731 0199 00       		.byte	0
 1732 019a 00       		.byte	0
 1733 019b 1D       		.uleb128 0x1d
 1734 019c 34       		.uleb128 0x34
 1735 019d 00       		.byte	0
 1736 019e 03       		.uleb128 0x3
 1737 019f 0E       		.uleb128 0xe
 1738 01a0 3A       		.uleb128 0x3a
 1739 01a1 0B       		.uleb128 0xb
 1740 01a2 3B       		.uleb128 0x3b
 1741 01a3 0B       		.uleb128 0xb
 1742 01a4 49       		.uleb128 0x49
 1743 01a5 13       		.uleb128 0x13
 1744 01a6 3F       		.uleb128 0x3f
 1745 01a7 19       		.uleb128 0x19
 1746 01a8 02       		.uleb128 0x2
 1747 01a9 18       		.uleb128 0x18
 1748 01aa 00       		.byte	0
 1749 01ab 00       		.byte	0
 1750 01ac 1E       		.uleb128 0x1e
 1751 01ad 2E       		.uleb128 0x2e
 1752 01ae 00       		.byte	0
 1753 01af 3F       		.uleb128 0x3f
 1754 01b0 19       		.uleb128 0x19
 1755 01b1 3C       		.uleb128 0x3c
 1756 01b2 19       		.uleb128 0x19
 1757 01b3 6E       		.uleb128 0x6e
 1758 01b4 0E       		.uleb128 0xe
 1759 01b5 03       		.uleb128 0x3
 1760 01b6 0E       		.uleb128 0xe
 1761 01b7 3A       		.uleb128 0x3a
 1762 01b8 0B       		.uleb128 0xb
 1763 01b9 3B       		.uleb128 0x3b
 1764 01ba 0B       		.uleb128 0xb
 1765 01bb 00       		.byte	0
 1766 01bc 00       		.byte	0
 1767 01bd 1F       		.uleb128 0x1f
 1768 01be 2E       		.uleb128 0x2e
 1769 01bf 00       		.byte	0
 1770 01c0 3F       		.uleb128 0x3f
 1771 01c1 19       		.uleb128 0x19
 1772 01c2 3C       		.uleb128 0x3c
 1773 01c3 19       		.uleb128 0x19
 1774 01c4 6E       		.uleb128 0x6e
 1775 01c5 0E       		.uleb128 0xe
 1776 01c6 03       		.uleb128 0x3
 1777 01c7 0E       		.uleb128 0xe
ARM GAS  C:\Users\Tri94\AppData\Local\Temp\ccOAPL0N.s 			page 36


 1778 01c8 3A       		.uleb128 0x3a
 1779 01c9 0B       		.uleb128 0xb
 1780 01ca 3B       		.uleb128 0x3b
 1781 01cb 05       		.uleb128 0x5
 1782 01cc 00       		.byte	0
 1783 01cd 00       		.byte	0
 1784 01ce 20       		.uleb128 0x20
 1785 01cf 2E       		.uleb128 0x2e
 1786 01d0 00       		.byte	0
 1787 01d1 3F       		.uleb128 0x3f
 1788 01d2 19       		.uleb128 0x19
 1789 01d3 3C       		.uleb128 0x3c
 1790 01d4 19       		.uleb128 0x19
 1791 01d5 6E       		.uleb128 0x6e
 1792 01d6 0E       		.uleb128 0xe
 1793 01d7 03       		.uleb128 0x3
 1794 01d8 0E       		.uleb128 0xe
 1795 01d9 3A       		.uleb128 0x3a
 1796 01da 0B       		.uleb128 0xb
 1797 01db 3B       		.uleb128 0x3b
 1798 01dc 0B       		.uleb128 0xb
 1799 01dd 6E       		.uleb128 0x6e
 1800 01de 0E       		.uleb128 0xe
 1801 01df 00       		.byte	0
 1802 01e0 00       		.byte	0
 1803 01e1 00       		.byte	0
 1804              		.section	.debug_loc,"",%progbits
 1805              	.Ldebug_loc0:
 1806              	.LLST0:
 1807 0000 0A000000 		.4byte	.LVL1
 1808 0004 3E000000 		.4byte	.LVL3
 1809 0008 0100     		.2byte	0x1
 1810 000a 50       		.byte	0x50
 1811 000b 54000000 		.4byte	.LVL7
 1812 000f 60000000 		.4byte	.LVL8
 1813 0013 0100     		.2byte	0x1
 1814 0015 50       		.byte	0x50
 1815 0016 00000000 		.4byte	0
 1816 001a 00000000 		.4byte	0
 1817              	.LLST1:
 1818 001e 00000000 		.4byte	.LVL11
 1819 0022 0A000000 		.4byte	.LVL13
 1820 0026 0100     		.2byte	0x1
 1821 0028 50       		.byte	0x50
 1822 0029 0A000000 		.4byte	.LVL13
 1823 002d D4000000 		.4byte	.LFE72
 1824 0031 0400     		.2byte	0x4
 1825 0033 F3       		.byte	0xf3
 1826 0034 01       		.uleb128 0x1
 1827 0035 50       		.byte	0x50
 1828 0036 9F       		.byte	0x9f
 1829 0037 00000000 		.4byte	0
 1830 003b 00000000 		.4byte	0
 1831              	.LLST2:
 1832 003f 3C000000 		.4byte	.LVL17
 1833 0043 3E000000 		.4byte	.LVL18
 1834 0047 0100     		.2byte	0x1
ARM GAS  C:\Users\Tri94\AppData\Local\Temp\ccOAPL0N.s 			page 37


 1835 0049 50       		.byte	0x50
 1836 004a 3E000000 		.4byte	.LVL18
 1837 004e 56000000 		.4byte	.LVL23
 1838 0052 0100     		.2byte	0x1
 1839 0054 54       		.byte	0x54
 1840 0055 00000000 		.4byte	0
 1841 0059 00000000 		.4byte	0
 1842              	.LLST3:
 1843 005d 56000000 		.4byte	.LVL23
 1844 0061 5C000000 		.4byte	.LVL24
 1845 0065 0100     		.2byte	0x1
 1846 0067 50       		.byte	0x50
 1847 0068 5C000000 		.4byte	.LVL24
 1848 006c 5F000000 		.4byte	.LVL25-1
 1849 0070 0100     		.2byte	0x1
 1850 0072 52       		.byte	0x52
 1851 0073 5F000000 		.4byte	.LVL25-1
 1852 0077 A8000000 		.4byte	.LVL35
 1853 007b 0100     		.2byte	0x1
 1854 007d 54       		.byte	0x54
 1855 007e 00000000 		.4byte	0
 1856 0082 00000000 		.4byte	0
 1857              	.LLST4:
 1858 0086 32000000 		.4byte	.LVL46
 1859 008a 3B000000 		.4byte	.LVL47-1
 1860 008e 0100     		.2byte	0x1
 1861 0090 50       		.byte	0x50
 1862 0091 00000000 		.4byte	0
 1863 0095 00000000 		.4byte	0
 1864              		.section	.debug_aranges,"",%progbits
 1865 0000 34000000 		.4byte	0x34
 1866 0004 0200     		.2byte	0x2
 1867 0006 00000000 		.4byte	.Ldebug_info0
 1868 000a 04       		.byte	0x4
 1869 000b 00       		.byte	0
 1870 000c 0000     		.2byte	0
 1871 000e 0000     		.2byte	0
 1872 0010 00000000 		.4byte	.LFB71
 1873 0014 74000000 		.4byte	.LFE71-.LFB71
 1874 0018 00000000 		.4byte	.LFB72
 1875 001c D4000000 		.4byte	.LFE72-.LFB72
 1876 0020 00000000 		.4byte	.LFB70
 1877 0024 2C000000 		.4byte	.LFE70-.LFB70
 1878 0028 00000000 		.4byte	.LFB69
 1879 002c 4C000000 		.4byte	.LFE69-.LFB69
 1880 0030 00000000 		.4byte	0
 1881 0034 00000000 		.4byte	0
 1882              		.section	.debug_ranges,"",%progbits
 1883              	.Ldebug_ranges0:
 1884 0000 00000000 		.4byte	.LFB71
 1885 0004 74000000 		.4byte	.LFE71
 1886 0008 00000000 		.4byte	.LFB72
 1887 000c D4000000 		.4byte	.LFE72
 1888 0010 00000000 		.4byte	.LFB70
 1889 0014 2C000000 		.4byte	.LFE70
 1890 0018 00000000 		.4byte	.LFB69
 1891 001c 4C000000 		.4byte	.LFE69
ARM GAS  C:\Users\Tri94\AppData\Local\Temp\ccOAPL0N.s 			page 38


 1892 0020 00000000 		.4byte	0
 1893 0024 00000000 		.4byte	0
 1894              		.section	.debug_line,"",%progbits
 1895              	.Ldebug_line0:
 1896 0000 A9030000 		.section	.debug_str,"MS",%progbits,1
 1896      02002503 
 1896      00000201 
 1896      FB0E0D00 
 1896      01010101 
 1897              	.LASF55:
 1898 0000 78537472 		.ascii	"xStreamBufferGenericCreate\000"
 1898      65616D42 
 1898      75666665 
 1898      7247656E 
 1898      65726963 
 1899              	.LASF47:
 1900 001b 4C45445F 		.ascii	"LED_Write\000"
 1900      57726974 
 1900      6500
 1901              	.LASF41:
 1902 0025 78537472 		.ascii	"xStreamBufferReceive\000"
 1902      65616D42 
 1902      75666665 
 1902      72526563 
 1902      65697665 
 1903              	.LASF53:
 1904 003a 4C43445F 		.ascii	"LCD_WriteControl\000"
 1904      57726974 
 1904      65436F6E 
 1904      74726F6C 
 1904      00
 1905              	.LASF2:
 1906 004b 73686F72 		.ascii	"short int\000"
 1906      7420696E 
 1906      7400
 1907              	.LASF17:
 1908 0055 73697A65 		.ascii	"size_t\000"
 1908      5F7400
 1909              	.LASF19:
 1910 005c 73697A65 		.ascii	"sizetype\000"
 1910      74797065 
 1910      00
 1911              	.LASF48:
 1912 0065 76546173 		.ascii	"vTaskDelay\000"
 1912      6B44656C 
 1912      617900
 1913              	.LASF54:
 1914 0070 46726565 		.ascii	"FreeRTOS_Init\000"
 1914      52544F53 
 1914      5F496E69 
 1914      7400
 1915              	.LASF39:
 1916 007e 55415254 		.ascii	"UART_ReadRxStatus\000"
 1916      5F526561 
 1916      64527853 
 1916      74617475 
 1916      7300
ARM GAS  C:\Users\Tri94\AppData\Local\Temp\ccOAPL0N.s 			page 39


 1917              	.LASF66:
 1918 0090 6D61696E 		.ascii	"main\000"
 1918      00
 1919              	.LASF6:
 1920 0095 5F5F7569 		.ascii	"__uint32_t\000"
 1920      6E743332 
 1920      5F7400
 1921              	.LASF31:
 1922 00a0 73797374 		.ascii	"system_on\000"
 1922      656D5F6F 
 1922      6E00
 1923              	.LASF35:
 1924 00aa 55415254 		.ascii	"UART_GetChar\000"
 1924      5F476574 
 1924      43686172 
 1924      00
 1925              	.LASF37:
 1926 00b7 55415254 		.ascii	"UART_PutString\000"
 1926      5F507574 
 1926      53747269 
 1926      6E6700
 1927              	.LASF29:
 1928 00c6 64656C69 		.ascii	"delim\000"
 1928      6D00
 1929              	.LASF14:
 1930 00cc 666C6F61 		.ascii	"float\000"
 1930      7400
 1931              	.LASF8:
 1932 00d2 6C6F6E67 		.ascii	"long long int\000"
 1932      206C6F6E 
 1932      6720696E 
 1932      7400
 1933              	.LASF21:
 1934 00e0 5469636B 		.ascii	"TickType_t\000"
 1934      54797065 
 1934      5F7400
 1935              	.LASF57:
 1936 00eb 76546173 		.ascii	"vTaskStartScheduler\000"
 1936      6B537461 
 1936      72745363 
 1936      68656475 
 1936      6C657200 
 1937              	.LASF4:
 1938 00ff 6C6F6E67 		.ascii	"long int\000"
 1938      20696E74 
 1938      00
 1939              	.LASF42:
 1940 0108 73747274 		.ascii	"strtok\000"
 1940      6F6B00
 1941              	.LASF40:
 1942 010f 78537472 		.ascii	"xStreamBufferIsEmpty\000"
 1942      65616D42 
 1942      75666665 
 1942      72497345 
 1942      6D707479 
 1943              	.LASF27:
 1944 0124 73746174 		.ascii	"state\000"
ARM GAS  C:\Users\Tri94\AppData\Local\Temp\ccOAPL0N.s 			page 40


 1944      6500
 1945              	.LASF52:
 1946 012a 4C43445F 		.ascii	"LCD_Start\000"
 1946      53746172 
 1946      7400
 1947              	.LASF61:
 1948 0134 6D794953 		.ascii	"myISR_UART\000"
 1948      525F5541 
 1948      525400
 1949              	.LASF64:
 1950 013f 72785369 		.ascii	"rxSize\000"
 1950      7A6500
 1951              	.LASF43:
 1952 0146 61746F69 		.ascii	"atoi\000"
 1952      00
 1953              	.LASF18:
 1954 014b 6C6F6E67 		.ascii	"long double\000"
 1954      20646F75 
 1954      626C6500 
 1955              	.LASF1:
 1956 0157 756E7369 		.ascii	"unsigned char\000"
 1956      676E6564 
 1956      20636861 
 1956      7200
 1957              	.LASF44:
 1958 0165 73707269 		.ascii	"sprintf\000"
 1958      6E746600 
 1959              	.LASF34:
 1960 016d 784D6573 		.ascii	"xMessageBuffer\000"
 1960      73616765 
 1960      42756666 
 1960      657200
 1961              	.LASF0:
 1962 017c 7369676E 		.ascii	"signed char\000"
 1962      65642063 
 1962      68617200 
 1963              	.LASF9:
 1964 0188 6C6F6E67 		.ascii	"long long unsigned int\000"
 1964      206C6F6E 
 1964      6720756E 
 1964      7369676E 
 1964      65642069 
 1965              	.LASF28:
 1966 019f 78486967 		.ascii	"xHigherPriorityTaskWoken\000"
 1966      68657250 
 1966      72696F72 
 1966      69747954 
 1966      61736B57 
 1967              	.LASF12:
 1968 01b8 75696E74 		.ascii	"uint32_t\000"
 1968      33325F74 
 1968      00
 1969              	.LASF36:
 1970 01c1 78537472 		.ascii	"xStreamBufferSendFromISR\000"
 1970      65616D42 
 1970      75666665 
 1970      7253656E 
ARM GAS  C:\Users\Tri94\AppData\Local\Temp\ccOAPL0N.s 			page 41


 1970      6446726F 
 1971              	.LASF10:
 1972 01da 756E7369 		.ascii	"unsigned int\000"
 1972      676E6564 
 1972      20696E74 
 1972      00
 1973              	.LASF46:
 1974 01e7 4C43445F 		.ascii	"LCD_PrintString\000"
 1974      5072696E 
 1974      74537472 
 1974      696E6700 
 1975              	.LASF20:
 1976 01f7 42617365 		.ascii	"BaseType_t\000"
 1976      54797065 
 1976      5F7400
 1977              	.LASF3:
 1978 0202 73686F72 		.ascii	"short unsigned int\000"
 1978      7420756E 
 1978      7369676E 
 1978      65642069 
 1978      6E7400
 1979              	.LASF16:
 1980 0215 63686172 		.ascii	"char\000"
 1980      00
 1981              	.LASF30:
 1982 021a 64697374 		.ascii	"distance\000"
 1982      616E6365 
 1982      00
 1983              	.LASF65:
 1984 0223 6D795053 		.ascii	"myPSoC2Setup\000"
 1984      6F433253 
 1984      65747570 
 1984      00
 1985              	.LASF50:
 1986 0230 55415254 		.ascii	"UART_Start\000"
 1986      5F537461 
 1986      727400
 1987              	.LASF11:
 1988 023b 696E7433 		.ascii	"int32_t\000"
 1988      325F7400 
 1989              	.LASF32:
 1990 0243 73797374 		.ascii	"system_off\000"
 1990      656D5F6F 
 1990      666600
 1991              	.LASF67:
 1992 024e 73747263 		.ascii	"strcpy\000"
 1992      707900
 1993              	.LASF24:
 1994 0255 535F4944 		.ascii	"S_IDLE\000"
 1994      4C4500
 1995              	.LASF51:
 1996 025c 4C43445F 		.ascii	"LCD_Init\000"
 1996      496E6974 
 1996      00
 1997              	.LASF38:
 1998 0265 55415254 		.ascii	"UART_GetRxBufferSize\000"
 1998      5F476574 
ARM GAS  C:\Users\Tri94\AppData\Local\Temp\ccOAPL0N.s 			page 42


 1998      52784275 
 1998      66666572 
 1998      53697A65 
 1999              	.LASF23:
 2000 027a 4D657373 		.ascii	"MessageBufferHandle_t\000"
 2000      61676542 
 2000      75666665 
 2000      7248616E 
 2000      646C655F 
 2001              	.LASF63:
 2002 0290 70765061 		.ascii	"pvParaments\000"
 2002      72616D65 
 2002      6E747300 
 2003              	.LASF13:
 2004 029c 75696E74 		.ascii	"uint32\000"
 2004      333200
 2005              	.LASF59:
 2006 02a3 6D61696E 		.ascii	"main.c\000"
 2006      2E6300
 2007              	.LASF7:
 2008 02aa 6C6F6E67 		.ascii	"long unsigned int\000"
 2008      20756E73 
 2008      69676E65 
 2008      6420696E 
 2008      7400
 2009              	.LASF15:
 2010 02bc 646F7562 		.ascii	"double\000"
 2010      6C6500
 2011              	.LASF25:
 2012 02c3 535F474F 		.ascii	"S_GOT_DATE\000"
 2012      545F4441 
 2012      544500
 2013              	.LASF49:
 2014 02ce 4953525F 		.ascii	"ISR_UART_StartEx\000"
 2014      55415254 
 2014      5F537461 
 2014      72744578 
 2014      00
 2015              	.LASF60:
 2016 02df 433A5C55 		.ascii	"C:\\Users\\Tri94\\Documents\\PSoC Creator\\EE4450\\"
 2016      73657273 
 2016      5C547269 
 2016      39345C44 
 2016      6F63756D 
 2017 030c 45453434 		.ascii	"EE4450-Projects\\RTOS_UART_Project_V2.cydsn\000"
 2017      35302D50 
 2017      726F6A65 
 2017      6374735C 
 2017      52544F53 
 2018              	.LASF5:
 2019 0337 5F5F696E 		.ascii	"__int32_t\000"
 2019      7433325F 
 2019      7400
 2020              	.LASF68:
 2021 0341 5F5F6275 		.ascii	"__builtin_strcpy\000"
 2021      696C7469 
 2021      6E5F7374 
ARM GAS  C:\Users\Tri94\AppData\Local\Temp\ccOAPL0N.s 			page 43


 2021      72637079 
 2021      00
 2022              	.LASF22:
 2023 0352 53747265 		.ascii	"StreamBufferHandle_t\000"
 2023      616D4275 
 2023      66666572 
 2023      48616E64 
 2023      6C655F74 
 2024              	.LASF45:
 2025 0367 4C43445F 		.ascii	"LCD_Position\000"
 2025      506F7369 
 2025      74696F6E 
 2025      00
 2026              	.LASF33:
 2027 0374 49544D5F 		.ascii	"ITM_RxBuffer\000"
 2027      52784275 
 2027      66666572 
 2027      00
 2028              	.LASF58:
 2029 0381 474E5520 		.ascii	"GNU C11 5.4.1 20160609 (release) [ARM/embedded-5-br"
 2029      43313120 
 2029      352E342E 
 2029      31203230 
 2029      31363036 
 2030 03b4 616E6368 		.ascii	"anch revision 237715] -mcpu=cortex-m3 -mthumb -g -O"
 2030      20726576 
 2030      6973696F 
 2030      6E203233 
 2030      37373135 
 2031 03e7 67202D66 		.ascii	"g -ffunction-sections -ffat-lto-objects\000"
 2031      66756E63 
 2031      74696F6E 
 2031      2D736563 
 2031      74696F6E 
 2032              	.LASF56:
 2033 040f 78546173 		.ascii	"xTaskCreate\000"
 2033      6B437265 
 2033      61746500 
 2034              	.LASF62:
 2035 041b 76554152 		.ascii	"vUARTTask1\000"
 2035      54546173 
 2035      6B3100
 2036              	.LASF26:
 2037 0426 53544154 		.ascii	"STATES_CMD\000"
 2037      45535F43 
 2037      4D4400
 2038              		.ident	"GCC: (GNU Tools for ARM Embedded Processors) 5.4.1 20160609 (release) [ARM/embedded-5-bran
